[0.040s] Invoking command in '/home/iju/S08P31C208/ROS/robot_ws/src/build/gazebo_ros': AMENT_PREFIX_PATH=/home/iju/S08P31C208/ROS/robot_ws/src/install/gazebo_msgs:/home/iju/S08P31C208/ROS/robot_ws/src/install/gazebo_dev:${AMENT_PREFIX_PATH} CMAKE_PREFIX_PATH=/home/iju/S08P31C208/ROS/robot_ws/src/install/gazebo_msgs:/home/iju/S08P31C208/ROS/robot_ws/src/install/gazebo_dev:/home/iju/S08P31C208/ROS/robot_ws/install/vision_opencv:/home/iju/S08P31C208/ROS/robot_ws/install/turtlebot3_simulations:/home/iju/S08P31C208/ROS/robot_ws/install/turtlebot3_gazebo:/home/iju/S08P31C208/ROS/robot_ws/install/turtlebot3:/home/iju/S08P31C208/ROS/robot_ws/install/turtlebot3_bringup:/home/iju/S08P31C208/ROS/robot_ws/install/turtlebot3_node:/home/iju/S08P31C208/ROS/robot_ws/install/turtlebot3_navigation2:/home/iju/S08P31C208/ROS/robot_ws/install/turtlebot3_fake_node:/home/iju/S08P31C208/ROS/robot_ws/install/turtlebot3_msgs:/home/iju/S08P31C208/ROS/robot_ws/install/turtlebot3_description:/home/iju/S08P31C208/ROS/robot_ws/install/turtlebot3_cartographer:/home/iju/S08P31C208/ROS/robot_ws/install/image_geometry:/home/iju/S08P31C208/ROS/robot_ws/install/gazebo_ros_pkgs:/home/iju/S08P31C208/ROS/robot_ws/install/turtlebot3_teleop:/home/iju/S08P31C208/ROS/robot_ws/install/turtlebot3_example:/home/iju/S08P31C208/ROS/robot_ws/install/opencv_tests:/opt/ros/dashing:/home/iju/S08P31C208/ROS/robot_ws/install/aws_robomaker_hospital_world:/home/iju/S08P31C208/ROS/robot_ws/install/gazebo_plugins:/home/iju/S08P31C208/ROS/robot_ws/install/gazebo_ros:/home/iju/S08P31C208/ROS/robot_ws/install/gazebo_msgs:/home/iju/S08P31C208/ROS/robot_ws/install/gazebo_dev:/home/iju/S08P31C208/ROS/robot_ws/install/dynamixel_sdk_examples:/home/iju/S08P31C208/ROS/robot_ws/install/dynamixel_sdk_custom_interfaces:/home/iju/S08P31C208/ROS/robot_ws/install/dynamixel_sdk:/home/iju/S08P31C208/ROS/robot_ws/install/cv_bridge LD_LIBRARY_PATH=/home/iju/S08P31C208/ROS/robot_ws/src/install/gazebo_msgs/lib:${LD_LIBRARY_PATH} PS1=\u@\h \[\033[32m\]\w\[\033[33m\]$(parse_git_branch)\[\033[00m\] $ PYTHONPATH=/home/iju/S08P31C208/ROS/robot_ws/src/install/gazebo_msgs/lib/python3.6/site-packages:${PYTHONPATH} /usr/bin/cmake --build /home/iju/S08P31C208/ROS/robot_ws/src/build/gazebo_ros -- -j6 -l6
[0.091s] -- Found ament_cmake: 0.7.6 (/opt/ros/dashing/share/ament_cmake/cmake)
[0.120s] -- Using PYTHON_EXECUTABLE: /usr/bin/python3
[0.341s] -- Override CMake install command with custom implementation using symlinks instead of copying resources
[0.347s] -- Found builtin_interfaces: 0.7.4 (/opt/ros/dashing/share/builtin_interfaces/cmake)
[0.357s] -- Found rosidl_adapter: 0.7.10 (/opt/ros/dashing/share/rosidl_adapter/cmake)
[0.379s] -- Found rclcpp: 0.7.16 (/opt/ros/dashing/share/rclcpp/cmake)
[0.388s] -- Found rmw_implementation_cmake: 0.7.2 (/opt/ros/dashing/share/rmw_implementation_cmake/cmake)
[0.390s] -- Using RMW implementation 'rmw_fastrtps_cpp' as default
[0.414s] -- Found gazebo_dev: 3.3.5 (/home/iju/S08P31C208/ROS/robot_ws/src/install/gazebo_dev/share/gazebo_dev/cmake)
[0.456s] -- Boost version: 1.65.1
[0.457s] -- Found the following Boost libraries:
[0.457s] --   thread
[0.457s] --   system
[0.457s] --   filesystem
[0.457s] --   program_options
[0.457s] --   regex
[0.457s] --   iostreams
[0.457s] --   date_time
[0.457s] --   chrono
[0.458s] --   atomic
[0.465s] -- Found Protobuf: /usr/lib/x86_64-linux-gnu/libprotobuf.so;-pthread (found version "3.0.0") 
[0.483s] -- Boost version: 1.65.1
[0.484s] -- Looking for OGRE...
[0.490s] -- Found Ogre Ghadamon (1.9.0)
[0.490s] -- Found OGRE: optimized;/usr/lib/x86_64-linux-gnu/libOgreMain.so;debug;/usr/lib/x86_64-linux-gnu/libOgreMain.so
[0.531s] -- Looking for OGRE_Paging...
[0.531s] -- Found OGRE_Paging: optimized;/usr/lib/x86_64-linux-gnu/libOgrePaging.so;debug;/usr/lib/x86_64-linux-gnu/libOgrePaging.so
[0.531s] -- Looking for OGRE_Terrain...
[0.531s] -- Found OGRE_Terrain: optimized;/usr/lib/x86_64-linux-gnu/libOgreTerrain.so;debug;/usr/lib/x86_64-linux-gnu/libOgreTerrain.so
[0.532s] -- Looking for OGRE_Property...
[0.532s] -- Found OGRE_Property: optimized;/usr/lib/x86_64-linux-gnu/libOgreProperty.so;debug;/usr/lib/x86_64-linux-gnu/libOgreProperty.so
[0.532s] -- Looking for OGRE_RTShaderSystem...
[0.532s] -- Found OGRE_RTShaderSystem: optimized;/usr/lib/x86_64-linux-gnu/libOgreRTShaderSystem.so;debug;/usr/lib/x86_64-linux-gnu/libOgreRTShaderSystem.so
[0.532s] -- Looking for OGRE_Volume...
[0.532s] -- Found OGRE_Volume: optimized;/usr/lib/x86_64-linux-gnu/libOgreVolume.so;debug;/usr/lib/x86_64-linux-gnu/libOgreVolume.so
[0.532s] -- Looking for OGRE_Overlay...
[0.532s] -- Found OGRE_Overlay: optimized;/usr/lib/x86_64-linux-gnu/libOgreOverlay.so;debug;/usr/lib/x86_64-linux-gnu/libOgreOverlay.so
[0.695s] -- Found Protobuf: /usr/lib/x86_64-linux-gnu/libprotobuf.so;-pthread;-pthread (found suitable version "3.0.0", minimum required is "2.3.0") 
[0.704s] -- Config-file not installed for ZeroMQ -- checking for pkg-config
[0.709s] -- Checking for module 'libzmq >= 4'
[0.725s] --   Found libzmq , version 4.2.5
[0.769s] -- Checking for module 'uuid'
[0.785s] --   Found uuid, version 2.31.1
[0.832s] -- Checking for module 'tinyxml2'
[0.847s] --   Found tinyxml2, version 6.0.0
[0.889s] -- Looking for dlfcn.h - found
[0.889s] -- Looking for libdl - found
[0.891s] -- FreeImage.pc not found, we will search for FreeImage_INCLUDE_DIRS and FreeImage_LIBRARIES
[0.980s] -- Checking for module 'gts'
[0.995s] --   Found gts, version 0.7.6
[1.041s] -- Checking for module 'libswscale'
[1.057s] --   Found libswscale, version 4.8.100
[1.101s] -- Checking for module 'libavdevice >= 56.4.100'
[1.116s] --   Found libavdevice , version 57.10.100
[1.168s] -- Checking for module 'libavformat'
[1.183s] --   Found libavformat, version 57.83.100
[1.231s] -- Checking for module 'libavcodec'
[1.245s] --   Found libavcodec, version 57.107.100
[1.291s] -- Checking for module 'libavutil'
[1.306s] --   Found libavutil, version 55.78.100
[1.352s] -- Checking for module 'jsoncpp'
[1.367s] --   Found jsoncpp, version 1.7.4
[1.412s] -- Checking for module 'libzip'
[1.426s] --   Found libzip, version 1.1.2
[1.466s] -- Gazebo version: 9.19
[1.466s] -- Found gazebo_msgs: 3.3.5 (/home/iju/S08P31C208/ROS/robot_ws/src/install/gazebo_msgs/share/gazebo_msgs/cmake)
[1.502s] -- Found std_srvs: 0.7.1 (/opt/ros/dashing/share/std_srvs/cmake)
[1.506s] -- Found tinyxml_vendor:  (/opt/ros/dashing/share/tinyxml_vendor/cmake)
[1.729s] -- Found ament_cmake_gtest: 0.7.6 (/opt/ros/dashing/share/ament_cmake_gtest/cmake)
[1.730s] -- Found sensor_msgs: 0.7.1 (/opt/ros/dashing/share/sensor_msgs/cmake)
[1.869s] -- Found gtest sources under '/opt/ros/dashing/src/gtest_vendor': C++ tests using 'Google Test' will be built
[2.625s] -- Found ament_lint_auto: 0.7.12 (/opt/ros/dashing/share/ament_lint_auto/cmake)
[2.764s] -- Added test 'copyright' to check for copyright in CMake / C / C++ / Python code
[2.767s] -- Added test 'cppcheck' to perform static code analysis on C / C++ code
[2.769s] -- Configured cppcheck include dirs: /home/iju/S08P31C208/ROS/robot_ws/src/gazebo_ros_pkgs/gazebo_ros/include
[2.771s] -- Added test 'cpplint' to check C / C++ code against the Google style
[2.772s] -- Added test 'flake8' to check Python code syntax and style conventions
[2.773s] -- Added test 'lint_cmake' to check CMake code style
[2.773s] -- Added test 'pep257' to check Python code against some of the style conventions in PEP 257
[2.775s] -- Added test 'uncrustify' to check C / C++ code style
[2.776s] -- Added test 'xmllint' to check XML markup files
[2.785s] -- Configuring done
[3.386s] -- Generating done
[3.391s] -- Build files have been written to: /home/iju/S08P31C208/ROS/robot_ws/src/build/gazebo_ros
[3.428s] [35m[1mScanning dependencies of target gazebo_ros_node[0m
[3.431s] [35m[1mScanning dependencies of target gazebo_ros_utils[0m
[3.442s] [  4%] Built target gtest_main
[3.473s] [  6%] [32mBuilding CXX object CMakeFiles/gazebo_ros_node.dir/src/executor.cpp.o[0m
[3.478s] [  8%] [32mBuilding CXX object CMakeFiles/gazebo_ros_node.dir/src/node.cpp.o[0m
[3.486s] [ 13%] Built target gtest
[3.492s] [ 15%] [32mBuilding CXX object CMakeFiles/gazebo_ros_utils.dir/src/utils.cpp.o[0m
[8.061s] [ 17%] [32m[1mLinking CXX shared library libgazebo_ros_node.so[0m
[8.222s] [ 20%] [32m[1mLinking CXX shared library libgazebo_ros_utils.so[0m
[8.363s] [ 20%] Built target gazebo_ros_node
[8.394s] [35m[1mScanning dependencies of target gazebo_ros_state[0m
[8.395s] [35m[1mScanning dependencies of target gazebo_ros_properties[0m
[8.444s] [ 20%] Built target gazebo_ros_utils
[8.465s] [35m[1mScanning dependencies of target ros_world_plugin[0m
[8.477s] [ 22%] [32mBuilding CXX object CMakeFiles/gazebo_ros_properties.dir/src/gazebo_ros_properties.cpp.o[0m
[8.489s] [ 24%] [32mBuilding CXX object CMakeFiles/gazebo_ros_state.dir/src/gazebo_ros_state.cpp.o[0m
[8.505s] [ 26%] [32mBuilding CXX object test/CMakeFiles/ros_world_plugin.dir/plugins/ros_world_plugin.cpp.o[0m
[9.517s] [35m[1mScanning dependencies of target args_init[0m
[9.521s] [35m[1mScanning dependencies of target sdf_node[0m
[9.580s] [ 28%] [32mBuilding CXX object test/CMakeFiles/args_init.dir/plugins/args_init.cpp.o[0m
[9.583s] [ 31%] [32mBuilding CXX object test/CMakeFiles/sdf_node.dir/plugins/sdf_node.cpp.o[0m
[10.631s] [35m[1mScanning dependencies of target multiple_nodes[0m
[10.765s] [ 33%] [32mBuilding CXX object test/CMakeFiles/multiple_nodes.dir/plugins/multiple_nodes.cpp.o[0m
[14.197s] [ 35%] [32m[1mLinking CXX shared library libros_world_plugin.so[0m
[14.653s] [ 35%] Built target ros_world_plugin
[14.724s] [35m[1mScanning dependencies of target test_gazebo_ros_properties[0m
[15.004s] [ 37%] [32mBuilding CXX object test/CMakeFiles/test_gazebo_ros_properties.dir/test_gazebo_ros_properties.cpp.o[0m
[15.598s] [ 40%] [32m[1mLinking CXX shared library libargs_init.so[0m
[16.151s] [ 40%] Built target args_init
[16.226s] [35m[1mScanning dependencies of target create_node_without_init[0m
[16.360s] [ 42%] [32mBuilding CXX object test/CMakeFiles/create_node_without_init.dir/plugins/create_node_without_init.cpp.o[0m
[17.155s] [ 44%] [32m[1mLinking CXX shared library libsdf_node.so[0m
[17.674s] [ 44%] Built target sdf_node
[17.750s] [35m[1mScanning dependencies of target test_sim_time[0m
[17.845s] [ 46%] [32mBuilding CXX object test/CMakeFiles/test_sim_time.dir/test_sim_time.cpp.o[0m
[17.860s] [ 48%] [32m[1mLinking CXX shared library libmultiple_nodes.so[0m
[18.357s] [ 48%] Built target multiple_nodes
[18.452s] [35m[1mScanning dependencies of target test_gazebo_ros_factory[0m
[18.625s] [ 51%] [32mBuilding CXX object test/CMakeFiles/test_gazebo_ros_factory.dir/test_gazebo_ros_factory.cpp.o[0m
[20.800s] [ 53%] [32m[1mLinking CXX shared library libgazebo_ros_state.so[0m
[21.940s] [ 53%] Built target gazebo_ros_state
[22.164s] [ 55%] [32m[1mLinking CXX executable test_sim_time[0m
[22.177s] [ 57%] [32m[1mLinking CXX shared library libgazebo_ros_properties.so[0m
[22.802s] [ 57%] Built target test_sim_time
[23.089s] [ 60%] [32m[1mLinking CXX shared library libcreate_node_without_init.so[0m
[23.269s] [ 60%] Built target gazebo_ros_properties
[23.417s] [ 60%] Built target create_node_without_init
[26.450s] [35m[1mScanning dependencies of target gazebo_ros_factory[0m
[26.540s] [ 62%] [32mBuilding CXX object CMakeFiles/gazebo_ros_factory.dir/src/gazebo_ros_factory.cpp.o[0m
[27.542s] [35m[1mScanning dependencies of target test_node[0m
[27.592s] [ 64%] [32mBuilding CXX object test/CMakeFiles/test_node.dir/test_node.cpp.o[0m
[28.621s] [35m[1mScanning dependencies of target test_gazebo_ros_init[0m
[28.772s] [35m[1mScanning dependencies of target test_gazebo_ros_state[0m
[28.786s] [ 66%] [32mBuilding CXX object test/CMakeFiles/test_gazebo_ros_init.dir/test_gazebo_ros_init.cpp.o[0m
[28.998s] [ 68%] [32mBuilding CXX object test/CMakeFiles/test_gazebo_ros_state.dir/test_gazebo_ros_state.cpp.o[0m
[33.453s] [ 71%] [32m[1mLinking CXX executable test_node[0m
[34.654s] [ 71%] Built target test_node
[34.734s] [35m[1mScanning dependencies of target gazebo_ros_init[0m
[34.922s] [ 73%] [32mBuilding CXX object CMakeFiles/gazebo_ros_init.dir/src/gazebo_ros_init.cpp.o[0m
[39.219s] [ 75%] [32m[1mLinking CXX shared library libgazebo_ros_factory.so[0m
[40.627s] [ 75%] Built target gazebo_ros_factory
[41.377s] [ 77%] [32m[1mLinking CXX executable test_gazebo_ros_factory[0m
[41.900s] [ 80%] [32m[1mLinking CXX executable test_gazebo_ros_properties[0m
[43.558s] [ 80%] Built target test_gazebo_ros_factory
[44.009s] [ 80%] Built target test_gazebo_ros_properties
[45.340s] [ 82%] [32m[1mLinking CXX shared library libgazebo_ros_init.so[0m
[45.864s] [ 82%] Built target gazebo_ros_init
[45.893s] [35m[1mScanning dependencies of target test_plugins[0m
[45.939s] [ 84%] [32mBuilding CXX object test/CMakeFiles/test_plugins.dir/test_plugins.cpp.o[0m
[49.302s] [ 86%] [32m[1mLinking CXX executable test_plugins[0m
[49.771s] [ 86%] Built target test_plugins
[49.794s] [35m[1mScanning dependencies of target test_utils[0m
[49.867s] [ 88%] [32mBuilding CXX object test/CMakeFiles/test_utils.dir/test_utils.cpp.o[0m
[49.960s] [ 91%] [32m[1mLinking CXX executable test_gazebo_ros_init[0m
[51.465s] [ 91%] Built target test_gazebo_ros_init
[51.486s] [35m[1mScanning dependencies of target test_conversions[0m
[51.522s] [ 93%] [32mBuilding CXX object test/CMakeFiles/test_conversions.dir/test_conversions.cpp.o[0m
[51.617s] [ 95%] [32m[1mLinking CXX executable test_gazebo_ros_state[0m
[52.902s] [ 97%] [32m[1mLinking CXX executable test_conversions[0m
[53.320s] [ 97%] Built target test_gazebo_ros_state
[53.863s] [ 97%] Built target test_conversions
[55.669s] [100%] [32m[1mLinking CXX executable test_utils[0m
[56.478s] [100%] Built target test_utils
[56.493s] Invoked command in '/home/iju/S08P31C208/ROS/robot_ws/src/build/gazebo_ros' returned '0': AMENT_PREFIX_PATH=/home/iju/S08P31C208/ROS/robot_ws/src/install/gazebo_msgs:/home/iju/S08P31C208/ROS/robot_ws/src/install/gazebo_dev:${AMENT_PREFIX_PATH} CMAKE_PREFIX_PATH=/home/iju/S08P31C208/ROS/robot_ws/src/install/gazebo_msgs:/home/iju/S08P31C208/ROS/robot_ws/src/install/gazebo_dev:/home/iju/S08P31C208/ROS/robot_ws/install/vision_opencv:/home/iju/S08P31C208/ROS/robot_ws/install/turtlebot3_simulations:/home/iju/S08P31C208/ROS/robot_ws/install/turtlebot3_gazebo:/home/iju/S08P31C208/ROS/robot_ws/install/turtlebot3:/home/iju/S08P31C208/ROS/robot_ws/install/turtlebot3_bringup:/home/iju/S08P31C208/ROS/robot_ws/install/turtlebot3_node:/home/iju/S08P31C208/ROS/robot_ws/install/turtlebot3_navigation2:/home/iju/S08P31C208/ROS/robot_ws/install/turtlebot3_fake_node:/home/iju/S08P31C208/ROS/robot_ws/install/turtlebot3_msgs:/home/iju/S08P31C208/ROS/robot_ws/install/turtlebot3_description:/home/iju/S08P31C208/ROS/robot_ws/install/turtlebot3_cartographer:/home/iju/S08P31C208/ROS/robot_ws/install/image_geometry:/home/iju/S08P31C208/ROS/robot_ws/install/gazebo_ros_pkgs:/home/iju/S08P31C208/ROS/robot_ws/install/turtlebot3_teleop:/home/iju/S08P31C208/ROS/robot_ws/install/turtlebot3_example:/home/iju/S08P31C208/ROS/robot_ws/install/opencv_tests:/opt/ros/dashing:/home/iju/S08P31C208/ROS/robot_ws/install/aws_robomaker_hospital_world:/home/iju/S08P31C208/ROS/robot_ws/install/gazebo_plugins:/home/iju/S08P31C208/ROS/robot_ws/install/gazebo_ros:/home/iju/S08P31C208/ROS/robot_ws/install/gazebo_msgs:/home/iju/S08P31C208/ROS/robot_ws/install/gazebo_dev:/home/iju/S08P31C208/ROS/robot_ws/install/dynamixel_sdk_examples:/home/iju/S08P31C208/ROS/robot_ws/install/dynamixel_sdk_custom_interfaces:/home/iju/S08P31C208/ROS/robot_ws/install/dynamixel_sdk:/home/iju/S08P31C208/ROS/robot_ws/install/cv_bridge LD_LIBRARY_PATH=/home/iju/S08P31C208/ROS/robot_ws/src/install/gazebo_msgs/lib:${LD_LIBRARY_PATH} PS1=\u@\h \[\033[32m\]\w\[\033[33m\]$(parse_git_branch)\[\033[00m\] $ PYTHONPATH=/home/iju/S08P31C208/ROS/robot_ws/src/install/gazebo_msgs/lib/python3.6/site-packages:${PYTHONPATH} /usr/bin/cmake --build /home/iju/S08P31C208/ROS/robot_ws/src/build/gazebo_ros -- -j6 -l6
[56.564s] Invoking command in '/home/iju/S08P31C208/ROS/robot_ws/src/build/gazebo_ros': AMENT_PREFIX_PATH=/home/iju/S08P31C208/ROS/robot_ws/src/install/gazebo_msgs:/home/iju/S08P31C208/ROS/robot_ws/src/install/gazebo_dev:${AMENT_PREFIX_PATH} CMAKE_PREFIX_PATH=/home/iju/S08P31C208/ROS/robot_ws/src/install/gazebo_msgs:/home/iju/S08P31C208/ROS/robot_ws/src/install/gazebo_dev:/home/iju/S08P31C208/ROS/robot_ws/install/vision_opencv:/home/iju/S08P31C208/ROS/robot_ws/install/turtlebot3_simulations:/home/iju/S08P31C208/ROS/robot_ws/install/turtlebot3_gazebo:/home/iju/S08P31C208/ROS/robot_ws/install/turtlebot3:/home/iju/S08P31C208/ROS/robot_ws/install/turtlebot3_bringup:/home/iju/S08P31C208/ROS/robot_ws/install/turtlebot3_node:/home/iju/S08P31C208/ROS/robot_ws/install/turtlebot3_navigation2:/home/iju/S08P31C208/ROS/robot_ws/install/turtlebot3_fake_node:/home/iju/S08P31C208/ROS/robot_ws/install/turtlebot3_msgs:/home/iju/S08P31C208/ROS/robot_ws/install/turtlebot3_description:/home/iju/S08P31C208/ROS/robot_ws/install/turtlebot3_cartographer:/home/iju/S08P31C208/ROS/robot_ws/install/image_geometry:/home/iju/S08P31C208/ROS/robot_ws/install/gazebo_ros_pkgs:/home/iju/S08P31C208/ROS/robot_ws/install/turtlebot3_teleop:/home/iju/S08P31C208/ROS/robot_ws/install/turtlebot3_example:/home/iju/S08P31C208/ROS/robot_ws/install/opencv_tests:/opt/ros/dashing:/home/iju/S08P31C208/ROS/robot_ws/install/aws_robomaker_hospital_world:/home/iju/S08P31C208/ROS/robot_ws/install/gazebo_plugins:/home/iju/S08P31C208/ROS/robot_ws/install/gazebo_ros:/home/iju/S08P31C208/ROS/robot_ws/install/gazebo_msgs:/home/iju/S08P31C208/ROS/robot_ws/install/gazebo_dev:/home/iju/S08P31C208/ROS/robot_ws/install/dynamixel_sdk_examples:/home/iju/S08P31C208/ROS/robot_ws/install/dynamixel_sdk_custom_interfaces:/home/iju/S08P31C208/ROS/robot_ws/install/dynamixel_sdk:/home/iju/S08P31C208/ROS/robot_ws/install/cv_bridge LD_LIBRARY_PATH=/home/iju/S08P31C208/ROS/robot_ws/src/install/gazebo_msgs/lib:${LD_LIBRARY_PATH} PS1=\u@\h \[\033[32m\]\w\[\033[33m\]$(parse_git_branch)\[\033[00m\] $ PYTHONPATH=/home/iju/S08P31C208/ROS/robot_ws/src/install/gazebo_msgs/lib/python3.6/site-packages:${PYTHONPATH} /usr/bin/cmake --build /home/iju/S08P31C208/ROS/robot_ws/src/build/gazebo_ros --target install -- -j6 -l6
[56.634s] [  4%] Built target gtest_main
[56.647s] [ 13%] Built target gazebo_ros_utils
[56.647s] [ 15%] Built target gazebo_ros_node
[56.663s] [ 20%] Built target gtest
[56.701s] [ 24%] Built target gazebo_ros_state
[56.710s] [ 28%] Built target gazebo_ros_factory
[56.716s] [ 33%] Built target multiple_nodes
[56.741s] [ 37%] Built target args_init
[56.754s] [ 42%] Built target ros_world_plugin
[56.771s] [ 46%] Built target sdf_node
[56.801s] [ 51%] Built target test_gazebo_ros_properties
[56.807s] [ 60%] Built target test_sim_time
[56.808s] [ 60%] Built target create_node_without_init
[56.854s] [ 64%] Built target test_gazebo_ros_factory
[56.862s] [ 68%] Built target test_gazebo_ros_state
[56.864s] [ 73%] Built target test_gazebo_ros_init
[56.895s] [ 77%] Built target test_node
[56.905s] [ 82%] Built target test_conversions
[56.910s] [ 86%] Built target test_utils
[56.942s] [ 91%] Built target test_plugins
[56.959s] [ 95%] Built target gazebo_ros_properties
[56.959s] [100%] Built target gazebo_ros_init
[56.984s] [36mInstall the project...[0m
[56.995s] -- Install configuration: ""
[56.995s] -- Execute custom install script
[57.005s] -- Up-to-date symlink: /home/iju/S08P31C208/ROS/robot_ws/src/install/gazebo_ros/share/gazebo_ros/environment/pythonpath.sh
[57.007s] -- Up-to-date symlink: /home/iju/S08P31C208/ROS/robot_ws/src/install/gazebo_ros/lib/python3.6/site-packages/scripts//__init__.py
[57.008s] -- Up-to-date symlink: /home/iju/S08P31C208/ROS/robot_ws/src/install/gazebo_ros/lib/python3.6/site-packages/scripts//gazebo_ros_paths.py
[57.008s] -- Up-to-date symlink: /home/iju/S08P31C208/ROS/robot_ws/src/install/gazebo_ros/lib/python3.6/site-packages/scripts//spawn_entity.py
[57.009s] -- Up-to-date symlink: /home/iju/S08P31C208/ROS/robot_ws/src/install/gazebo_ros/share/gazebo_ros/environment/library_path.sh
[57.010s] -- Up-to-date symlink: /home/iju/S08P31C208/ROS/robot_ws/src/install/gazebo_ros/share/ament_index/resource_index/package_run_dependencies/gazebo_ros
[57.011s] -- Up-to-date symlink: /home/iju/S08P31C208/ROS/robot_ws/src/install/gazebo_ros/share/ament_index/resource_index/parent_prefix_path/gazebo_ros
[57.012s] -- Up-to-date symlink: /home/iju/S08P31C208/ROS/robot_ws/src/install/gazebo_ros/share/gazebo_ros/environment/ament_prefix_path.sh
[57.013s] -- Up-to-date symlink: /home/iju/S08P31C208/ROS/robot_ws/src/install/gazebo_ros/share/gazebo_ros/environment/path.sh
[57.013s] -- Up-to-date symlink: /home/iju/S08P31C208/ROS/robot_ws/src/install/gazebo_ros/share/gazebo_ros/local_setup.bash
[57.014s] -- Up-to-date symlink: /home/iju/S08P31C208/ROS/robot_ws/src/install/gazebo_ros/share/gazebo_ros/local_setup.sh
[57.015s] -- Up-to-date symlink: /home/iju/S08P31C208/ROS/robot_ws/src/install/gazebo_ros/share/gazebo_ros/local_setup.zsh
[57.016s] -- Up-to-date symlink: /home/iju/S08P31C208/ROS/robot_ws/src/install/gazebo_ros/share/ament_index/resource_index/packages/gazebo_ros
[57.017s] -- Up-to-date symlink: /home/iju/S08P31C208/ROS/robot_ws/src/install/gazebo_ros/share/gazebo_ros/cmake/ament_cmake_export_libraries-extras.cmake
[57.017s] -- Up-to-date symlink: /home/iju/S08P31C208/ROS/robot_ws/src/install/gazebo_ros/share/gazebo_ros/cmake/ament_cmake_export_include_directories-extras.cmake
[57.018s] -- Up-to-date symlink: /home/iju/S08P31C208/ROS/robot_ws/src/install/gazebo_ros/share/gazebo_ros/cmake/ament_cmake_export_dependencies-extras.cmake
[57.018s] -- Up-to-date symlink: /home/iju/S08P31C208/ROS/robot_ws/src/install/gazebo_ros/share/gazebo_ros/cmake/gazebo_rosConfig.cmake
[57.019s] -- Up-to-date symlink: /home/iju/S08P31C208/ROS/robot_ws/src/install/gazebo_ros/share/gazebo_ros/cmake/gazebo_rosConfig-version.cmake
[57.020s] -- Up-to-date symlink: /home/iju/S08P31C208/ROS/robot_ws/src/install/gazebo_ros/share/gazebo_ros/package.xml
[57.021s] -- Up-to-date symlink: /home/iju/S08P31C208/ROS/robot_ws/src/install/gazebo_ros/include/gazebo_ros/conversions/builtin_interfaces.hpp
[57.022s] -- Up-to-date symlink: /home/iju/S08P31C208/ROS/robot_ws/src/install/gazebo_ros/include/gazebo_ros/conversions/gazebo_msgs.hpp
[57.022s] -- Up-to-date symlink: /home/iju/S08P31C208/ROS/robot_ws/src/install/gazebo_ros/include/gazebo_ros/conversions/generic.hpp
[57.023s] -- Up-to-date symlink: /home/iju/S08P31C208/ROS/robot_ws/src/install/gazebo_ros/include/gazebo_ros/conversions/geometry_msgs.hpp
[57.023s] -- Up-to-date symlink: /home/iju/S08P31C208/ROS/robot_ws/src/install/gazebo_ros/include/gazebo_ros/conversions/sensor_msgs.hpp
[57.024s] -- Up-to-date symlink: /home/iju/S08P31C208/ROS/robot_ws/src/install/gazebo_ros/include/gazebo_ros/executor.hpp
[57.024s] -- Up-to-date symlink: /home/iju/S08P31C208/ROS/robot_ws/src/install/gazebo_ros/include/gazebo_ros/gazebo_ros_factory.hpp
[57.024s] -- Up-to-date symlink: /home/iju/S08P31C208/ROS/robot_ws/src/install/gazebo_ros/include/gazebo_ros/gazebo_ros_init.hpp
[57.025s] -- Up-to-date symlink: /home/iju/S08P31C208/ROS/robot_ws/src/install/gazebo_ros/include/gazebo_ros/gazebo_ros_properties.hpp
[57.025s] -- Up-to-date symlink: /home/iju/S08P31C208/ROS/robot_ws/src/install/gazebo_ros/include/gazebo_ros/gazebo_ros_state.hpp
[57.026s] -- Up-to-date symlink: /home/iju/S08P31C208/ROS/robot_ws/src/install/gazebo_ros/include/gazebo_ros/node.hpp
[57.026s] -- Up-to-date symlink: /home/iju/S08P31C208/ROS/robot_ws/src/install/gazebo_ros/include/gazebo_ros/testing_utils.hpp
[57.027s] -- Up-to-date symlink: /home/iju/S08P31C208/ROS/robot_ws/src/install/gazebo_ros/include/gazebo_ros/utils.hpp
[57.027s] -- Up-to-date symlink: /home/iju/S08P31C208/ROS/robot_ws/src/install/gazebo_ros/lib/gazebo_ros//gazebo_ros_paths.py
[57.028s] -- Up-to-date symlink: /home/iju/S08P31C208/ROS/robot_ws/src/install/gazebo_ros/lib/libgazebo_ros_factory.so
[57.028s] -- Up-to-date symlink: /home/iju/S08P31C208/ROS/robot_ws/src/install/gazebo_ros/lib/libgazebo_ros_init.so
[57.029s] -- Up-to-date symlink: /home/iju/S08P31C208/ROS/robot_ws/src/install/gazebo_ros/lib/libgazebo_ros_node.so
[57.029s] -- Up-to-date symlink: /home/iju/S08P31C208/ROS/robot_ws/src/install/gazebo_ros/lib/libgazebo_ros_properties.so
[57.030s] -- Up-to-date symlink: /home/iju/S08P31C208/ROS/robot_ws/src/install/gazebo_ros/lib/libgazebo_ros_state.so
[57.030s] -- Up-to-date symlink: /home/iju/S08P31C208/ROS/robot_ws/src/install/gazebo_ros/lib/libgazebo_ros_utils.so
[57.031s] -- Up-to-date symlink: /home/iju/S08P31C208/ROS/robot_ws/src/install/gazebo_ros/lib/gazebo_ros//spawn_entity.py
[57.032s] -- Up-to-date symlink: /home/iju/S08P31C208/ROS/robot_ws/src/install/gazebo_ros/share/gazebo_ros//launch/empty_world.launch.py
[57.032s] -- Up-to-date symlink: /home/iju/S08P31C208/ROS/robot_ws/src/install/gazebo_ros/share/gazebo_ros//launch/gazebo.launch.py
[57.033s] -- Up-to-date symlink: /home/iju/S08P31C208/ROS/robot_ws/src/install/gazebo_ros/share/gazebo_ros//launch/gzclient.launch.py
[57.033s] -- Up-to-date symlink: /home/iju/S08P31C208/ROS/robot_ws/src/install/gazebo_ros/share/gazebo_ros//launch/gzserver.launch.py
[57.033s] -- Up-to-date symlink: /home/iju/S08P31C208/ROS/robot_ws/src/install/gazebo_ros/share/gazebo_ros//launch/spawn_entity_demo.launch.py
[57.075s] Listing '/home/iju/S08P31C208/ROS/robot_ws/src/install/gazebo_ros/lib/python3.6/site-packages/scripts/'...
[57.075s] Compiling '/home/iju/S08P31C208/ROS/robot_ws/src/install/gazebo_ros/lib/python3.6/site-packages/scripts/__init__.py'...
[57.075s] Compiling '/home/iju/S08P31C208/ROS/robot_ws/src/install/gazebo_ros/lib/python3.6/site-packages/scripts/gazebo_ros_paths.py'...
[57.076s] Compiling '/home/iju/S08P31C208/ROS/robot_ws/src/install/gazebo_ros/lib/python3.6/site-packages/scripts/spawn_entity.py'...
[57.092s] Invoked command in '/home/iju/S08P31C208/ROS/robot_ws/src/build/gazebo_ros' returned '0': AMENT_PREFIX_PATH=/home/iju/S08P31C208/ROS/robot_ws/src/install/gazebo_msgs:/home/iju/S08P31C208/ROS/robot_ws/src/install/gazebo_dev:${AMENT_PREFIX_PATH} CMAKE_PREFIX_PATH=/home/iju/S08P31C208/ROS/robot_ws/src/install/gazebo_msgs:/home/iju/S08P31C208/ROS/robot_ws/src/install/gazebo_dev:/home/iju/S08P31C208/ROS/robot_ws/install/vision_opencv:/home/iju/S08P31C208/ROS/robot_ws/install/turtlebot3_simulations:/home/iju/S08P31C208/ROS/robot_ws/install/turtlebot3_gazebo:/home/iju/S08P31C208/ROS/robot_ws/install/turtlebot3:/home/iju/S08P31C208/ROS/robot_ws/install/turtlebot3_bringup:/home/iju/S08P31C208/ROS/robot_ws/install/turtlebot3_node:/home/iju/S08P31C208/ROS/robot_ws/install/turtlebot3_navigation2:/home/iju/S08P31C208/ROS/robot_ws/install/turtlebot3_fake_node:/home/iju/S08P31C208/ROS/robot_ws/install/turtlebot3_msgs:/home/iju/S08P31C208/ROS/robot_ws/install/turtlebot3_description:/home/iju/S08P31C208/ROS/robot_ws/install/turtlebot3_cartographer:/home/iju/S08P31C208/ROS/robot_ws/install/image_geometry:/home/iju/S08P31C208/ROS/robot_ws/install/gazebo_ros_pkgs:/home/iju/S08P31C208/ROS/robot_ws/install/turtlebot3_teleop:/home/iju/S08P31C208/ROS/robot_ws/install/turtlebot3_example:/home/iju/S08P31C208/ROS/robot_ws/install/opencv_tests:/opt/ros/dashing:/home/iju/S08P31C208/ROS/robot_ws/install/aws_robomaker_hospital_world:/home/iju/S08P31C208/ROS/robot_ws/install/gazebo_plugins:/home/iju/S08P31C208/ROS/robot_ws/install/gazebo_ros:/home/iju/S08P31C208/ROS/robot_ws/install/gazebo_msgs:/home/iju/S08P31C208/ROS/robot_ws/install/gazebo_dev:/home/iju/S08P31C208/ROS/robot_ws/install/dynamixel_sdk_examples:/home/iju/S08P31C208/ROS/robot_ws/install/dynamixel_sdk_custom_interfaces:/home/iju/S08P31C208/ROS/robot_ws/install/dynamixel_sdk:/home/iju/S08P31C208/ROS/robot_ws/install/cv_bridge LD_LIBRARY_PATH=/home/iju/S08P31C208/ROS/robot_ws/src/install/gazebo_msgs/lib:${LD_LIBRARY_PATH} PS1=\u@\h \[\033[32m\]\w\[\033[33m\]$(parse_git_branch)\[\033[00m\] $ PYTHONPATH=/home/iju/S08P31C208/ROS/robot_ws/src/install/gazebo_msgs/lib/python3.6/site-packages:${PYTHONPATH} /usr/bin/cmake --build /home/iju/S08P31C208/ROS/robot_ws/src/build/gazebo_ros --target install -- -j6 -l6
