-- Found ament_cmake: 0.7.6 (/opt/ros/dashing/share/ament_cmake/cmake)
-- Using PYTHON_EXECUTABLE: /usr/bin/python3
-- Override CMake install command with custom implementation using symlinks instead of copying resources
-- Found nav2_common: 0.2.6 (/home/iju/S08P31C208/ROS/robot_ws/install/nav2_common/share/nav2_common/cmake)
-- Found rclcpp: 0.7.16 (/opt/ros/dashing/share/rclcpp/cmake)
-- Found rosidl_adapter: 0.7.10 (/opt/ros/dashing/share/rosidl_adapter/cmake)
-- Found rmw_implementation_cmake: 0.7.2 (/opt/ros/dashing/share/rmw_implementation_cmake/cmake)
-- Using RMW implementation 'rmw_fastrtps_cpp' as default
-- Found rclcpp_action: 0.7.16 (/opt/ros/dashing/share/rclcpp_action/cmake)
-- Found rclcpp_lifecycle: 0.7.16 (/opt/ros/dashing/share/rclcpp_lifecycle/cmake)
-- Found std_msgs: 0.7.1 (/opt/ros/dashing/share/std_msgs/cmake)
-- Found visualization_msgs: 0.7.1 (/opt/ros/dashing/share/visualization_msgs/cmake)
-- Found nav2_util: 0.2.6 (/home/iju/S08P31C208/ROS/robot_ws/install/nav2_util/share/nav2_util/cmake)
-- Found eigen3_cmake_module: 0.1.1 (/opt/ros/dashing/share/eigen3_cmake_module/cmake)
-- Found ament_lint_auto: 0.7.12 (/opt/ros/dashing/share/ament_lint_auto/cmake)
-- Added test 'copyright' to check for copyright in CMake / C / C++ / Python code
-- Added test 'cppcheck' to perform static code analysis on C / C++ code
-- Configured cppcheck include dirs: /home/iju/S08P31C208/ROS/robot_ws/src/navigation2/nav2_navfn_planner/include
-- Added test 'cpplint' to check C / C++ code against the Google style
-- Added test 'lint_cmake' to check CMake code style
-- Added test 'uncrustify' to check C / C++ code style
-- Added test 'xmllint' to check XML markup files
-- Configuring done
-- Generating done
-- Build files have been written to: /home/iju/S08P31C208/ROS/robot_ws/build/nav2_navfn_planner
[ 20%] [32m[1mLinking CXX shared library libnavfn_planner_core.so[0m
[ 60%] Built target navfn_planner_core
[ 80%] [32m[1mLinking CXX executable navfn_planner[0m
[100%] Built target navfn_planner
[ 60%] Built target navfn_planner_core
[100%] Built target navfn_planner
[36mInstall the project...[0m
-- Install configuration: "Release"
-- Execute custom install script
-- Symlinking: /home/iju/S08P31C208/ROS/robot_ws/install/nav2_navfn_planner/lib/nav2_navfn_planner/navfn_planner
-- Symlinking: /home/iju/S08P31C208/ROS/robot_ws/install/nav2_navfn_planner/lib/libnavfn_planner_core.so
-- Symlinking: /home/iju/S08P31C208/ROS/robot_ws/install/nav2_navfn_planner/include//nav2_navfn_planner/navfn.hpp
-- Symlinking: /home/iju/S08P31C208/ROS/robot_ws/install/nav2_navfn_planner/include//nav2_navfn_planner/navfn_planner.hpp
-- Symlinking: /home/iju/S08P31C208/ROS/robot_ws/install/nav2_navfn_planner/share/nav2_navfn_planner/environment/library_path.sh
-- Symlinking: /home/iju/S08P31C208/ROS/robot_ws/install/nav2_navfn_planner/share/ament_index/resource_index/package_run_dependencies/nav2_navfn_planner
-- Symlinking: /home/iju/S08P31C208/ROS/robot_ws/install/nav2_navfn_planner/share/ament_index/resource_index/parent_prefix_path/nav2_navfn_planner
-- Symlinking: /home/iju/S08P31C208/ROS/robot_ws/install/nav2_navfn_planner/share/nav2_navfn_planner/environment/ament_prefix_path.sh
-- Symlinking: /home/iju/S08P31C208/ROS/robot_ws/install/nav2_navfn_planner/share/nav2_navfn_planner/environment/path.sh
-- Symlinking: /home/iju/S08P31C208/ROS/robot_ws/install/nav2_navfn_planner/share/nav2_navfn_planner/local_setup.bash
-- Symlinking: /home/iju/S08P31C208/ROS/robot_ws/install/nav2_navfn_planner/share/nav2_navfn_planner/local_setup.sh
-- Symlinking: /home/iju/S08P31C208/ROS/robot_ws/install/nav2_navfn_planner/share/nav2_navfn_planner/local_setup.zsh
-- Symlinking: /home/iju/S08P31C208/ROS/robot_ws/install/nav2_navfn_planner/share/ament_index/resource_index/packages/nav2_navfn_planner
-- Symlinking: /home/iju/S08P31C208/ROS/robot_ws/install/nav2_navfn_planner/share/nav2_navfn_planner/cmake/ament_cmake_export_include_directories-extras.cmake
-- Symlinking: /home/iju/S08P31C208/ROS/robot_ws/install/nav2_navfn_planner/share/nav2_navfn_planner/cmake/ament_cmake_export_libraries-extras.cmake
-- Symlinking: /home/iju/S08P31C208/ROS/robot_ws/install/nav2_navfn_planner/share/nav2_navfn_planner/cmake/nav2_navfn_plannerConfig.cmake
-- Symlinking: /home/iju/S08P31C208/ROS/robot_ws/install/nav2_navfn_planner/share/nav2_navfn_planner/cmake/nav2_navfn_plannerConfig-version.cmake
-- Symlinking: /home/iju/S08P31C208/ROS/robot_ws/install/nav2_navfn_planner/share/nav2_navfn_planner/package.xml
