[0.185s] Invoking command in '/home/iju/S08P31C208/ROS/robot_ws/build/nav_2d_msgs': CMAKE_PREFIX_PATH=${CMAKE_PREFIX_PATH}:/home/iju/S08P31C208/ROS/robot_ws/install/turtlebot3_teleop:/home/iju/S08P31C208/ROS/robot_ws/install/turtlebot3_example:/opt/ros/dashing PS1=\u@\h \[\033[32m\]\w\[\033[33m\]$(parse_git_branch)\[\033[00m\] $ /usr/bin/cmake --build /home/iju/S08P31C208/ROS/robot_ws/build/nav_2d_msgs -- -j6 -l6
[0.415s] [  1%] Built target nav_2d_msgs__cpp
[0.474s] [ 12%] Built target nav_2d_msgs__rosidl_generator_c
[0.565s] [ 23%] Built target nav_2d_msgs__rosidl_typesupport_introspection_cpp
[0.596s] [ 35%] Built target nav_2d_msgs__rosidl_typesupport_fastrtps_cpp
[0.626s] [ 46%] Built target nav_2d_msgs__rosidl_typesupport_introspection_c
[0.632s] [ 57%] Built target nav_2d_msgs__rosidl_typesupport_cpp
[0.668s] [ 69%] Built target nav_2d_msgs__rosidl_typesupport_c
[0.792s] [ 80%] Built target nav_2d_msgs__rosidl_typesupport_fastrtps_c
[0.925s] [ 80%] Built target nav_2d_msgs
[1.022s] [ 81%] Built target nav_2d_msgs__py
[1.143s] [ 91%] Built target nav_2d_msgs__python
[1.241s] [ 94%] Built target nav_2d_msgs__rosidl_typesupport_fastrtps_c__pyext
[1.241s] [ 97%] Built target nav_2d_msgs__rosidl_typesupport_introspection_c__pyext
[1.276s] [100%] Built target nav_2d_msgs__rosidl_typesupport_c__pyext
[1.485s] Invoked command in '/home/iju/S08P31C208/ROS/robot_ws/build/nav_2d_msgs' returned '0': CMAKE_PREFIX_PATH=${CMAKE_PREFIX_PATH}:/home/iju/S08P31C208/ROS/robot_ws/install/turtlebot3_teleop:/home/iju/S08P31C208/ROS/robot_ws/install/turtlebot3_example:/opt/ros/dashing PS1=\u@\h \[\033[32m\]\w\[\033[33m\]$(parse_git_branch)\[\033[00m\] $ /usr/bin/cmake --build /home/iju/S08P31C208/ROS/robot_ws/build/nav_2d_msgs -- -j6 -l6
[2.510s] Invoking command in '/home/iju/S08P31C208/ROS/robot_ws/build/nav_2d_msgs': CMAKE_PREFIX_PATH=${CMAKE_PREFIX_PATH}:/home/iju/S08P31C208/ROS/robot_ws/install/turtlebot3_teleop:/home/iju/S08P31C208/ROS/robot_ws/install/turtlebot3_example:/opt/ros/dashing PS1=\u@\h \[\033[32m\]\w\[\033[33m\]$(parse_git_branch)\[\033[00m\] $ /usr/bin/cmake --build /home/iju/S08P31C208/ROS/robot_ws/build/nav_2d_msgs --target install -- -j6 -l6
[2.781s] [  1%] Built target nav_2d_msgs__cpp
[2.827s] [ 12%] Built target nav_2d_msgs__rosidl_generator_c
[2.917s] [ 23%] Built target nav_2d_msgs__rosidl_typesupport_fastrtps_cpp
[2.929s] [ 35%] Built target nav_2d_msgs__rosidl_typesupport_cpp
[2.965s] [ 46%] Built target nav_2d_msgs__rosidl_typesupport_introspection_cpp
[3.025s] [ 57%] Built target nav_2d_msgs__rosidl_typesupport_introspection_c
[3.039s] [ 69%] Built target nav_2d_msgs__rosidl_typesupport_c
[3.085s] [ 80%] Built target nav_2d_msgs__rosidl_typesupport_fastrtps_c
[3.149s] [ 80%] Built target nav_2d_msgs
[3.225s] [ 81%] Built target nav_2d_msgs__py
[3.305s] [ 91%] Built target nav_2d_msgs__python
[3.384s] [ 94%] Built target nav_2d_msgs__rosidl_typesupport_introspection_c__pyext
[3.403s] [ 97%] Built target nav_2d_msgs__rosidl_typesupport_c__pyext
[3.464s] [100%] Built target nav_2d_msgs__rosidl_typesupport_fastrtps_c__pyext
[3.521s] [36mInstall the project...[0m
[3.555s] -- Install configuration: ""
[3.555s] -- Up-to-date: /home/iju/S08P31C208/ROS/robot_ws/install/nav_2d_msgs/share/ament_index/resource_index/rosidl_interfaces/nav_2d_msgs
[3.555s] -- Up-to-date: /home/iju/S08P31C208/ROS/robot_ws/install/nav_2d_msgs/include/nav_2d_msgs
[3.555s] -- Up-to-date: /home/iju/S08P31C208/ROS/robot_ws/install/nav_2d_msgs/include/nav_2d_msgs/msg
[3.555s] -- Up-to-date: /home/iju/S08P31C208/ROS/robot_ws/install/nav_2d_msgs/include/nav_2d_msgs/msg/pose2_d_stamped__struct.hpp
[3.559s] -- Up-to-date: /home/iju/S08P31C208/ROS/robot_ws/install/nav_2d_msgs/include/nav_2d_msgs/msg/twist2_d32.hpp
[3.559s] -- Up-to-date: /home/iju/S08P31C208/ROS/robot_ws/install/nav_2d_msgs/include/nav_2d_msgs/msg/pose2_d32.hpp
[3.559s] -- Up-to-date: /home/iju/S08P31C208/ROS/robot_ws/install/nav_2d_msgs/include/nav_2d_msgs/msg/path2_d__struct.hpp
[3.559s] -- Up-to-date: /home/iju/S08P31C208/ROS/robot_ws/install/nav_2d_msgs/include/nav_2d_msgs/msg/path2_d.hpp
[3.560s] -- Up-to-date: /home/iju/S08P31C208/ROS/robot_ws/install/nav_2d_msgs/include/nav_2d_msgs/msg/path2_d__traits.hpp
[3.561s] -- Up-to-date: /home/iju/S08P31C208/ROS/robot_ws/install/nav_2d_msgs/include/nav_2d_msgs/msg/pose2_d32__struct.hpp
[3.562s] -- Up-to-date: /home/iju/S08P31C208/ROS/robot_ws/install/nav_2d_msgs/include/nav_2d_msgs/msg/pose2_d_stamped__traits.hpp
[3.562s] -- Up-to-date: /home/iju/S08P31C208/ROS/robot_ws/install/nav_2d_msgs/include/nav_2d_msgs/msg/twist2_d_stamped__struct.hpp
[3.563s] -- Up-to-date: /home/iju/S08P31C208/ROS/robot_ws/install/nav_2d_msgs/include/nav_2d_msgs/msg/twist2_d32__traits.hpp
[3.566s] -- Up-to-date: /home/iju/S08P31C208/ROS/robot_ws/install/nav_2d_msgs/include/nav_2d_msgs/msg/twist2_d_stamped__traits.hpp
[3.570s] -- Up-to-date: /home/iju/S08P31C208/ROS/robot_ws/install/nav_2d_msgs/include/nav_2d_msgs/msg/twist2_d_stamped.hpp
[3.570s] -- Up-to-date: /home/iju/S08P31C208/ROS/robot_ws/install/nav_2d_msgs/include/nav_2d_msgs/msg/twist2_d.hpp
[3.570s] -- Up-to-date: /home/iju/S08P31C208/ROS/robot_ws/install/nav_2d_msgs/include/nav_2d_msgs/msg/twist2_d__traits.hpp
[3.570s] -- Up-to-date: /home/iju/S08P31C208/ROS/robot_ws/install/nav_2d_msgs/include/nav_2d_msgs/msg/pose2_d_stamped.hpp
[3.570s] -- Up-to-date: /home/iju/S08P31C208/ROS/robot_ws/install/nav_2d_msgs/include/nav_2d_msgs/msg/pose2_d32__traits.hpp
[3.570s] -- Up-to-date: /home/iju/S08P31C208/ROS/robot_ws/install/nav_2d_msgs/include/nav_2d_msgs/msg/twist2_d__struct.hpp
[3.570s] -- Up-to-date: /home/iju/S08P31C208/ROS/robot_ws/install/nav_2d_msgs/include/nav_2d_msgs/msg/twist2_d32__struct.hpp
[3.570s] -- Up-to-date: /home/iju/S08P31C208/ROS/robot_ws/install/nav_2d_msgs/include/nav_2d_msgs
[3.570s] -- Up-to-date: /home/iju/S08P31C208/ROS/robot_ws/install/nav_2d_msgs/include/nav_2d_msgs/msg
[3.570s] -- Up-to-date: /home/iju/S08P31C208/ROS/robot_ws/install/nav_2d_msgs/include/nav_2d_msgs/msg/twist2_d_stamped__functions.c
[3.571s] -- Up-to-date: /home/iju/S08P31C208/ROS/robot_ws/install/nav_2d_msgs/include/nav_2d_msgs/msg/pose2_d_stamped__struct.h
[3.571s] -- Up-to-date: /home/iju/S08P31C208/ROS/robot_ws/install/nav_2d_msgs/include/nav_2d_msgs/msg/path2_d__functions.h
[3.571s] -- Up-to-date: /home/iju/S08P31C208/ROS/robot_ws/install/nav_2d_msgs/include/nav_2d_msgs/msg/pose2_d32.h
[3.571s] -- Up-to-date: /home/iju/S08P31C208/ROS/robot_ws/install/nav_2d_msgs/include/nav_2d_msgs/msg/twist2_d32__struct.h
[3.571s] -- Up-to-date: /home/iju/S08P31C208/ROS/robot_ws/install/nav_2d_msgs/include/nav_2d_msgs/msg/pose2_d_stamped__functions.c
[3.571s] -- Up-to-date: /home/iju/S08P31C208/ROS/robot_ws/install/nav_2d_msgs/include/nav_2d_msgs/msg/pose2_d_stamped.h
[3.571s] -- Up-to-date: /home/iju/S08P31C208/ROS/robot_ws/install/nav_2d_msgs/include/nav_2d_msgs/msg/twist2_d32__functions.h
[3.571s] -- Up-to-date: /home/iju/S08P31C208/ROS/robot_ws/install/nav_2d_msgs/include/nav_2d_msgs/msg/twist2_d32.h
[3.571s] -- Up-to-date: /home/iju/S08P31C208/ROS/robot_ws/install/nav_2d_msgs/include/nav_2d_msgs/msg/twist2_d__functions.c
[3.571s] -- Up-to-date: /home/iju/S08P31C208/ROS/robot_ws/install/nav_2d_msgs/include/nav_2d_msgs/msg/path2_d__functions.c
[3.572s] -- Up-to-date: /home/iju/S08P31C208/ROS/robot_ws/install/nav_2d_msgs/include/nav_2d_msgs/msg/twist2_d32__functions.c
[3.572s] -- Up-to-date: /home/iju/S08P31C208/ROS/robot_ws/install/nav_2d_msgs/include/nav_2d_msgs/msg/path2_d__type_support.h
[3.572s] -- Up-to-date: /home/iju/S08P31C208/ROS/robot_ws/install/nav_2d_msgs/include/nav_2d_msgs/msg/twist2_d__functions.h
[3.572s] -- Up-to-date: /home/iju/S08P31C208/ROS/robot_ws/install/nav_2d_msgs/include/nav_2d_msgs/msg/twist2_d_stamped__functions.h
[3.572s] -- Up-to-date: /home/iju/S08P31C208/ROS/robot_ws/install/nav_2d_msgs/include/nav_2d_msgs/msg/pose2_d32__functions.h
[3.572s] -- Up-to-date: /home/iju/S08P31C208/ROS/robot_ws/install/nav_2d_msgs/include/nav_2d_msgs/msg/twist2_d__struct.h
[3.572s] -- Up-to-date: /home/iju/S08P31C208/ROS/robot_ws/install/nav_2d_msgs/include/nav_2d_msgs/msg/twist2_d_stamped__struct.h
[3.572s] -- Up-to-date: /home/iju/S08P31C208/ROS/robot_ws/install/nav_2d_msgs/include/nav_2d_msgs/msg/twist2_d32__type_support.h
[3.572s] -- Up-to-date: /home/iju/S08P31C208/ROS/robot_ws/install/nav_2d_msgs/include/nav_2d_msgs/msg/pose2_d_stamped__functions.h
[3.572s] -- Up-to-date: /home/iju/S08P31C208/ROS/robot_ws/install/nav_2d_msgs/include/nav_2d_msgs/msg/twist2_d_stamped__type_support.h
[3.572s] -- Up-to-date: /home/iju/S08P31C208/ROS/robot_ws/install/nav_2d_msgs/include/nav_2d_msgs/msg/path2_d__struct.h
[3.572s] -- Up-to-date: /home/iju/S08P31C208/ROS/robot_ws/install/nav_2d_msgs/include/nav_2d_msgs/msg/pose2_d32__functions.c
[3.573s] -- Up-to-date: /home/iju/S08P31C208/ROS/robot_ws/install/nav_2d_msgs/include/nav_2d_msgs/msg/twist2_d.h
[3.573s] -- Up-to-date: /home/iju/S08P31C208/ROS/robot_ws/install/nav_2d_msgs/include/nav_2d_msgs/msg/rosidl_generator_c__visibility_control.h
[3.573s] -- Up-to-date: /home/iju/S08P31C208/ROS/robot_ws/install/nav_2d_msgs/include/nav_2d_msgs/msg/pose2_d32__type_support.h
[3.573s] -- Up-to-date: /home/iju/S08P31C208/ROS/robot_ws/install/nav_2d_msgs/include/nav_2d_msgs/msg/pose2_d_stamped__type_support.h
[3.573s] -- Up-to-date: /home/iju/S08P31C208/ROS/robot_ws/install/nav_2d_msgs/include/nav_2d_msgs/msg/twist2_d__type_support.h
[3.573s] -- Up-to-date: /home/iju/S08P31C208/ROS/robot_ws/install/nav_2d_msgs/include/nav_2d_msgs/msg/twist2_d_stamped.h
[3.573s] -- Up-to-date: /home/iju/S08P31C208/ROS/robot_ws/install/nav_2d_msgs/include/nav_2d_msgs/msg/pose2_d32__struct.h
[3.573s] -- Up-to-date: /home/iju/S08P31C208/ROS/robot_ws/install/nav_2d_msgs/include/nav_2d_msgs/msg/path2_d.h
[3.573s] -- Up-to-date: /home/iju/S08P31C208/ROS/robot_ws/install/nav_2d_msgs/share/nav_2d_msgs/environment/library_path.sh
[3.575s] -- Up-to-date: /home/iju/S08P31C208/ROS/robot_ws/install/nav_2d_msgs/lib/libnav_2d_msgs__rosidl_generator_c.so
[3.575s] -- Up-to-date: /home/iju/S08P31C208/ROS/robot_ws/install/nav_2d_msgs/lib/libnav_2d_msgs__rosidl_typesupport_c.so
[3.575s] -- Up-to-date: /home/iju/S08P31C208/ROS/robot_ws/install/nav_2d_msgs/lib/libnav_2d_msgs__rosidl_typesupport_cpp.so
[3.575s] -- Up-to-date: /home/iju/S08P31C208/ROS/robot_ws/install/nav_2d_msgs/include/nav_2d_msgs
[3.575s] -- Up-to-date: /home/iju/S08P31C208/ROS/robot_ws/install/nav_2d_msgs/include/nav_2d_msgs/msg
[3.575s] -- Up-to-date: /home/iju/S08P31C208/ROS/robot_ws/install/nav_2d_msgs/include/nav_2d_msgs/msg/twist2_d32__type_support.c
[3.576s] -- Up-to-date: /home/iju/S08P31C208/ROS/robot_ws/install/nav_2d_msgs/include/nav_2d_msgs/msg/path2_d__type_support.c
[3.576s] -- Up-to-date: /home/iju/S08P31C208/ROS/robot_ws/install/nav_2d_msgs/include/nav_2d_msgs/msg/twist2_d__rosidl_typesupport_introspection_c.h
[3.576s] -- Up-to-date: /home/iju/S08P31C208/ROS/robot_ws/install/nav_2d_msgs/include/nav_2d_msgs/msg/rosidl_typesupport_introspection_c__visibility_control.h
[3.576s] -- Up-to-date: /home/iju/S08P31C208/ROS/robot_ws/install/nav_2d_msgs/include/nav_2d_msgs/msg/twist2_d32__rosidl_typesupport_introspection_c.h
[3.576s] -- Up-to-date: /home/iju/S08P31C208/ROS/robot_ws/install/nav_2d_msgs/include/nav_2d_msgs/msg/pose2_d32__rosidl_typesupport_introspection_c.h
[3.576s] -- Up-to-date: /home/iju/S08P31C208/ROS/robot_ws/install/nav_2d_msgs/include/nav_2d_msgs/msg/pose2_d_stamped__type_support.c
[3.576s] -- Up-to-date: /home/iju/S08P31C208/ROS/robot_ws/install/nav_2d_msgs/include/nav_2d_msgs/msg/pose2_d32__type_support.c
[3.576s] -- Up-to-date: /home/iju/S08P31C208/ROS/robot_ws/install/nav_2d_msgs/include/nav_2d_msgs/msg/path2_d__rosidl_typesupport_introspection_c.h
[3.576s] -- Up-to-date: /home/iju/S08P31C208/ROS/robot_ws/install/nav_2d_msgs/include/nav_2d_msgs/msg/twist2_d_stamped__rosidl_typesupport_introspection_c.h
[3.576s] -- Up-to-date: /home/iju/S08P31C208/ROS/robot_ws/install/nav_2d_msgs/include/nav_2d_msgs/msg/twist2_d__type_support.c
[3.576s] -- Up-to-date: /home/iju/S08P31C208/ROS/robot_ws/install/nav_2d_msgs/include/nav_2d_msgs/msg/twist2_d_stamped__type_support.c
[3.577s] -- Up-to-date: /home/iju/S08P31C208/ROS/robot_ws/install/nav_2d_msgs/include/nav_2d_msgs/msg/pose2_d_stamped__rosidl_typesupport_introspection_c.h
[3.577s] -- Up-to-date: /home/iju/S08P31C208/ROS/robot_ws/install/nav_2d_msgs/lib/libnav_2d_msgs__rosidl_typesupport_introspection_c.so
[3.577s] -- Up-to-date: /home/iju/S08P31C208/ROS/robot_ws/install/nav_2d_msgs/include/nav_2d_msgs
[3.577s] -- Up-to-date: /home/iju/S08P31C208/ROS/robot_ws/install/nav_2d_msgs/include/nav_2d_msgs/msg
[3.577s] -- Up-to-date: /home/iju/S08P31C208/ROS/robot_ws/install/nav_2d_msgs/include/nav_2d_msgs/msg/twist2_d32__rosidl_typesupport_introspection_cpp.hpp
[3.577s] -- Up-to-date: /home/iju/S08P31C208/ROS/robot_ws/install/nav_2d_msgs/include/nav_2d_msgs/msg/pose2_d32__rosidl_typesupport_introspection_cpp.hpp
[3.577s] -- Up-to-date: /home/iju/S08P31C208/ROS/robot_ws/install/nav_2d_msgs/include/nav_2d_msgs/msg/twist2_d_stamped__rosidl_typesupport_introspection_cpp.hpp
[3.577s] -- Up-to-date: /home/iju/S08P31C208/ROS/robot_ws/install/nav_2d_msgs/include/nav_2d_msgs/msg/twist2_d32__type_support.cpp
[3.577s] -- Up-to-date: /home/iju/S08P31C208/ROS/robot_ws/install/nav_2d_msgs/include/nav_2d_msgs/msg/path2_d__rosidl_typesupport_introspection_cpp.hpp
[3.577s] -- Up-to-date: /home/iju/S08P31C208/ROS/robot_ws/install/nav_2d_msgs/include/nav_2d_msgs/msg/twist2_d__rosidl_typesupport_introspection_cpp.hpp
[3.577s] -- Up-to-date: /home/iju/S08P31C208/ROS/robot_ws/install/nav_2d_msgs/include/nav_2d_msgs/msg/pose2_d_stamped__type_support.cpp
[3.577s] -- Up-to-date: /home/iju/S08P31C208/ROS/robot_ws/install/nav_2d_msgs/include/nav_2d_msgs/msg/pose2_d32__type_support.cpp
[3.577s] -- Up-to-date: /home/iju/S08P31C208/ROS/robot_ws/install/nav_2d_msgs/include/nav_2d_msgs/msg/path2_d__type_support.cpp
[3.578s] -- Up-to-date: /home/iju/S08P31C208/ROS/robot_ws/install/nav_2d_msgs/include/nav_2d_msgs/msg/pose2_d_stamped__rosidl_typesupport_introspection_cpp.hpp
[3.578s] -- Up-to-date: /home/iju/S08P31C208/ROS/robot_ws/install/nav_2d_msgs/include/nav_2d_msgs/msg/twist2_d_stamped__type_support.cpp
[3.578s] -- Up-to-date: /home/iju/S08P31C208/ROS/robot_ws/install/nav_2d_msgs/include/nav_2d_msgs/msg/twist2_d__type_support.cpp
[3.578s] -- Up-to-date: /home/iju/S08P31C208/ROS/robot_ws/install/nav_2d_msgs/lib/libnav_2d_msgs__rosidl_typesupport_introspection_cpp.so
[3.578s] -- Up-to-date: /home/iju/S08P31C208/ROS/robot_ws/install/nav_2d_msgs/include/nav_2d_msgs
[3.578s] -- Up-to-date: /home/iju/S08P31C208/ROS/robot_ws/install/nav_2d_msgs/include/nav_2d_msgs/msg
[3.578s] -- Up-to-date: /home/iju/S08P31C208/ROS/robot_ws/install/nav_2d_msgs/include/nav_2d_msgs/msg/path2_d__rosidl_typesupport_fastrtps_c.h
[3.578s] -- Up-to-date: /home/iju/S08P31C208/ROS/robot_ws/install/nav_2d_msgs/include/nav_2d_msgs/msg/pose2_d32__rosidl_typesupport_fastrtps_c.h
[3.578s] -- Up-to-date: /home/iju/S08P31C208/ROS/robot_ws/install/nav_2d_msgs/include/nav_2d_msgs/msg/pose2_d_stamped__rosidl_typesupport_fastrtps_c.h
[3.578s] -- Up-to-date: /home/iju/S08P31C208/ROS/robot_ws/install/nav_2d_msgs/include/nav_2d_msgs/msg/twist2_d__rosidl_typesupport_fastrtps_c.h
[3.578s] -- Up-to-date: /home/iju/S08P31C208/ROS/robot_ws/install/nav_2d_msgs/include/nav_2d_msgs/msg/twist2_d_stamped__rosidl_typesupport_fastrtps_c.h
[3.578s] -- Up-to-date: /home/iju/S08P31C208/ROS/robot_ws/install/nav_2d_msgs/include/nav_2d_msgs/msg/twist2_d32__rosidl_typesupport_fastrtps_c.h
[3.579s] -- Up-to-date: /home/iju/S08P31C208/ROS/robot_ws/install/nav_2d_msgs/include/nav_2d_msgs/msg/rosidl_typesupport_fastrtps_c__visibility_control.h
[3.579s] -- Up-to-date: /home/iju/S08P31C208/ROS/robot_ws/install/nav_2d_msgs/lib/libnav_2d_msgs__rosidl_typesupport_fastrtps_c.so
[3.579s] -- Up-to-date: /home/iju/S08P31C208/ROS/robot_ws/install/nav_2d_msgs/include/nav_2d_msgs
[3.579s] -- Up-to-date: /home/iju/S08P31C208/ROS/robot_ws/install/nav_2d_msgs/include/nav_2d_msgs/msg
[3.579s] -- Up-to-date: /home/iju/S08P31C208/ROS/robot_ws/install/nav_2d_msgs/include/nav_2d_msgs/msg/twist2_d__rosidl_typesupport_fastrtps_cpp.hpp
[3.579s] -- Up-to-date: /home/iju/S08P31C208/ROS/robot_ws/install/nav_2d_msgs/include/nav_2d_msgs/msg/twist2_d32__rosidl_typesupport_fastrtps_cpp.hpp
[3.579s] -- Up-to-date: /home/iju/S08P31C208/ROS/robot_ws/install/nav_2d_msgs/include/nav_2d_msgs/msg/path2_d__rosidl_typesupport_fastrtps_cpp.hpp
[3.587s] -- Up-to-date: /home/iju/S08P31C208/ROS/robot_ws/install/nav_2d_msgs/include/nav_2d_msgs/msg/twist2_d_stamped__rosidl_typesupport_fastrtps_cpp.hpp
[3.587s] -- Up-to-date: /home/iju/S08P31C208/ROS/robot_ws/install/nav_2d_msgs/include/nav_2d_msgs/msg/pose2_d_stamped__rosidl_typesupport_fastrtps_cpp.hpp
[3.587s] -- Up-to-date: /home/iju/S08P31C208/ROS/robot_ws/install/nav_2d_msgs/include/nav_2d_msgs/msg/dds_fastrtps
[3.588s] -- Up-to-date: /home/iju/S08P31C208/ROS/robot_ws/install/nav_2d_msgs/include/nav_2d_msgs/msg/rosidl_typesupport_fastrtps_cpp__visibility_control.h
[3.588s] -- Up-to-date: /home/iju/S08P31C208/ROS/robot_ws/install/nav_2d_msgs/include/nav_2d_msgs/msg/pose2_d32__rosidl_typesupport_fastrtps_cpp.hpp
[3.588s] -- Up-to-date: /home/iju/S08P31C208/ROS/robot_ws/install/nav_2d_msgs/lib/libnav_2d_msgs__rosidl_typesupport_fastrtps_cpp.so
[3.588s] -- Up-to-date: /home/iju/S08P31C208/ROS/robot_ws/install/nav_2d_msgs/share/nav_2d_msgs/environment/pythonpath.sh
[3.588s] -- Up-to-date: /home/iju/S08P31C208/ROS/robot_ws/install/nav_2d_msgs/lib/python3.6/site-packages/nav_2d_msgs/__init__.py
[3.678s] -- Up-to-date: /home/iju/S08P31C208/ROS/robot_ws/install/nav_2d_msgs/lib/python3.6/site-packages/nav_2d_msgs/msg
[3.678s] -- Up-to-date: /home/iju/S08P31C208/ROS/robot_ws/install/nav_2d_msgs/lib/python3.6/site-packages/nav_2d_msgs/msg/_twist2_d_stamped.py
[3.678s] -- Up-to-date: /home/iju/S08P31C208/ROS/robot_ws/install/nav_2d_msgs/lib/python3.6/site-packages/nav_2d_msgs/msg/_path2_d.py
[3.678s] -- Up-to-date: /home/iju/S08P31C208/ROS/robot_ws/install/nav_2d_msgs/lib/python3.6/site-packages/nav_2d_msgs/msg/_twist2_d_stamped_s.c
[3.678s] -- Up-to-date: /home/iju/S08P31C208/ROS/robot_ws/install/nav_2d_msgs/lib/python3.6/site-packages/nav_2d_msgs/msg/_path2_d_s.c
[3.678s] -- Up-to-date: /home/iju/S08P31C208/ROS/robot_ws/install/nav_2d_msgs/lib/python3.6/site-packages/nav_2d_msgs/msg/_twist2_d32_s.c
[3.678s] -- Up-to-date: /home/iju/S08P31C208/ROS/robot_ws/install/nav_2d_msgs/lib/python3.6/site-packages/nav_2d_msgs/msg/_pose2_d_stamped.py
[3.679s] -- Up-to-date: /home/iju/S08P31C208/ROS/robot_ws/install/nav_2d_msgs/lib/python3.6/site-packages/nav_2d_msgs/msg/_pose2_d32.py
[3.679s] -- Up-to-date: /home/iju/S08P31C208/ROS/robot_ws/install/nav_2d_msgs/lib/python3.6/site-packages/nav_2d_msgs/msg/_twist2_d.py
[3.679s] -- Up-to-date: /home/iju/S08P31C208/ROS/robot_ws/install/nav_2d_msgs/lib/python3.6/site-packages/nav_2d_msgs/msg/__init__.py
[3.679s] -- Up-to-date: /home/iju/S08P31C208/ROS/robot_ws/install/nav_2d_msgs/lib/python3.6/site-packages/nav_2d_msgs/msg/_twist2_d32.py
[3.679s] -- Up-to-date: /home/iju/S08P31C208/ROS/robot_ws/install/nav_2d_msgs/lib/python3.6/site-packages/nav_2d_msgs/msg/_twist2_d_s.c
[3.679s] -- Up-to-date: /home/iju/S08P31C208/ROS/robot_ws/install/nav_2d_msgs/lib/python3.6/site-packages/nav_2d_msgs/msg/_pose2_d_stamped_s.c
[3.679s] -- Up-to-date: /home/iju/S08P31C208/ROS/robot_ws/install/nav_2d_msgs/lib/python3.6/site-packages/nav_2d_msgs/msg/_pose2_d32_s.c
[3.679s] -- Up-to-date: /home/iju/S08P31C208/ROS/robot_ws/install/nav_2d_msgs/lib/python3.6/site-packages/nav_2d_msgs/nav_2d_msgs_s__rosidl_typesupport_c.cpython-36m-x86_64-linux-gnu.so
[3.679s] -- Up-to-date: /home/iju/S08P31C208/ROS/robot_ws/install/nav_2d_msgs/lib/python3.6/site-packages/nav_2d_msgs/nav_2d_msgs_s__rosidl_typesupport_introspection_c.cpython-36m-x86_64-linux-gnu.so
[3.679s] -- Up-to-date: /home/iju/S08P31C208/ROS/robot_ws/install/nav_2d_msgs/lib/python3.6/site-packages/nav_2d_msgs/nav_2d_msgs_s__rosidl_typesupport_fastrtps_c.cpython-36m-x86_64-linux-gnu.so
[3.679s] -- Up-to-date: /home/iju/S08P31C208/ROS/robot_ws/install/nav_2d_msgs/lib/libnav_2d_msgs__python.so
[3.679s] -- Up-to-date: /home/iju/S08P31C208/ROS/robot_ws/install/nav_2d_msgs/share/nav_2d_msgs/msg/Path2D.idl
[3.680s] -- Up-to-date: /home/iju/S08P31C208/ROS/robot_ws/install/nav_2d_msgs/share/nav_2d_msgs/msg/Pose2D32.idl
[3.680s] -- Up-to-date: /home/iju/S08P31C208/ROS/robot_ws/install/nav_2d_msgs/share/nav_2d_msgs/msg/Pose2DStamped.idl
[3.680s] -- Up-to-date: /home/iju/S08P31C208/ROS/robot_ws/install/nav_2d_msgs/share/nav_2d_msgs/msg/Twist2D.idl
[3.680s] -- Up-to-date: /home/iju/S08P31C208/ROS/robot_ws/install/nav_2d_msgs/share/nav_2d_msgs/msg/Twist2D32.idl
[3.680s] -- Up-to-date: /home/iju/S08P31C208/ROS/robot_ws/install/nav_2d_msgs/share/nav_2d_msgs/msg/Twist2DStamped.idl
[3.680s] -- Up-to-date: /home/iju/S08P31C208/ROS/robot_ws/install/nav_2d_msgs/share/nav_2d_msgs/msg/Path2D.msg
[3.680s] -- Up-to-date: /home/iju/S08P31C208/ROS/robot_ws/install/nav_2d_msgs/share/nav_2d_msgs/msg/Pose2D32.msg
[3.680s] -- Up-to-date: /home/iju/S08P31C208/ROS/robot_ws/install/nav_2d_msgs/share/nav_2d_msgs/msg/Pose2DStamped.msg
[3.680s] -- Up-to-date: /home/iju/S08P31C208/ROS/robot_ws/install/nav_2d_msgs/share/nav_2d_msgs/msg/Twist2D.msg
[3.680s] -- Up-to-date: /home/iju/S08P31C208/ROS/robot_ws/install/nav_2d_msgs/share/nav_2d_msgs/msg/Twist2D32.msg
[3.680s] -- Up-to-date: /home/iju/S08P31C208/ROS/robot_ws/install/nav_2d_msgs/share/nav_2d_msgs/msg/Twist2DStamped.msg
[3.680s] -- Up-to-date: /home/iju/S08P31C208/ROS/robot_ws/install/nav_2d_msgs/share/ament_index/resource_index/package_run_dependencies/nav_2d_msgs
[3.680s] -- Up-to-date: /home/iju/S08P31C208/ROS/robot_ws/install/nav_2d_msgs/share/ament_index/resource_index/parent_prefix_path/nav_2d_msgs
[3.680s] -- Up-to-date: /home/iju/S08P31C208/ROS/robot_ws/install/nav_2d_msgs/share/nav_2d_msgs/environment/ament_prefix_path.sh
[3.681s] -- Up-to-date: /home/iju/S08P31C208/ROS/robot_ws/install/nav_2d_msgs/share/nav_2d_msgs/environment/path.sh
[3.681s] -- Up-to-date: /home/iju/S08P31C208/ROS/robot_ws/install/nav_2d_msgs/share/nav_2d_msgs/local_setup.bash
[3.681s] -- Up-to-date: /home/iju/S08P31C208/ROS/robot_ws/install/nav_2d_msgs/share/nav_2d_msgs/local_setup.sh
[3.681s] -- Up-to-date: /home/iju/S08P31C208/ROS/robot_ws/install/nav_2d_msgs/share/nav_2d_msgs/local_setup.zsh
[3.681s] -- Up-to-date: /home/iju/S08P31C208/ROS/robot_ws/install/nav_2d_msgs/share/ament_index/resource_index/packages/nav_2d_msgs
[3.681s] -- Up-to-date: /home/iju/S08P31C208/ROS/robot_ws/install/nav_2d_msgs/share/nav_2d_msgs/cmake/rosidl_cmake-extras.cmake
[3.681s] -- Up-to-date: /home/iju/S08P31C208/ROS/robot_ws/install/nav_2d_msgs/share/nav_2d_msgs/cmake/ament_cmake_export_dependencies-extras.cmake
[3.681s] -- Up-to-date: /home/iju/S08P31C208/ROS/robot_ws/install/nav_2d_msgs/share/nav_2d_msgs/cmake/ament_cmake_export_include_directories-extras.cmake
[3.681s] -- Up-to-date: /home/iju/S08P31C208/ROS/robot_ws/install/nav_2d_msgs/share/nav_2d_msgs/cmake/ament_cmake_export_libraries-extras.cmake
[3.681s] -- Up-to-date: /home/iju/S08P31C208/ROS/robot_ws/install/nav_2d_msgs/share/nav_2d_msgs/cmake/nav_2d_msgsConfig.cmake
[3.681s] -- Up-to-date: /home/iju/S08P31C208/ROS/robot_ws/install/nav_2d_msgs/share/nav_2d_msgs/cmake/nav_2d_msgsConfig-version.cmake
[3.681s] -- Up-to-date: /home/iju/S08P31C208/ROS/robot_ws/install/nav_2d_msgs/share/nav_2d_msgs/package.xml
[3.750s] Invoked command in '/home/iju/S08P31C208/ROS/robot_ws/build/nav_2d_msgs' returned '0': CMAKE_PREFIX_PATH=${CMAKE_PREFIX_PATH}:/home/iju/S08P31C208/ROS/robot_ws/install/turtlebot3_teleop:/home/iju/S08P31C208/ROS/robot_ws/install/turtlebot3_example:/opt/ros/dashing PS1=\u@\h \[\033[32m\]\w\[\033[33m\]$(parse_git_branch)\[\033[00m\] $ /usr/bin/cmake --build /home/iju/S08P31C208/ROS/robot_ws/build/nav_2d_msgs --target install -- -j6 -l6
