[0.964s] Invoking command in '/home/ssafy/robot_ws/build/time_rclpy_example': PYTHONPATH=/home/ssafy/robot_ws/build/time_rclpy_example/prefix_override:/home/ssafy/robot_ws/install/time_rclpy_example/lib/python3.8/site-packages:${PYTHONPATH} /usr/bin/python3 setup.py develop --editable --build-directory /home/ssafy/robot_ws/build/time_rclpy_example/build --no-deps install_data
[1.342s] running develop
[1.535s] running egg_info
[1.535s] creating time_rclpy_example.egg-info
[1.536s] writing time_rclpy_example.egg-info/PKG-INFO
[1.536s] writing dependency_links to time_rclpy_example.egg-info/dependency_links.txt
[1.536s] writing entry points to time_rclpy_example.egg-info/entry_points.txt
[1.536s] writing requirements to time_rclpy_example.egg-info/requires.txt
[1.537s] writing top-level names to time_rclpy_example.egg-info/top_level.txt
[1.537s] writing manifest file 'time_rclpy_example.egg-info/SOURCES.txt'
[1.571s] reading manifest file 'time_rclpy_example.egg-info/SOURCES.txt'
[1.571s] writing manifest file 'time_rclpy_example.egg-info/SOURCES.txt'
[1.613s] running build_ext
[1.613s] Creating /home/ssafy/robot_ws/install/time_rclpy_example/lib/python3.8/site-packages/site.py
[1.616s] Creating /home/ssafy/robot_ws/install/time_rclpy_example/lib/python3.8/site-packages/time-rclpy-example.egg-link (link to .)
[1.617s] Installing time_example script to /home/ssafy/robot_ws/install/time_rclpy_example/lib/time_rclpy_example
[1.617s] 
[1.617s] Installed /home/ssafy/robot_ws/build/time_rclpy_example
[1.617s] running install_data
[1.617s] creating /home/ssafy/robot_ws/install/time_rclpy_example/share/ament_index
[1.617s] creating /home/ssafy/robot_ws/install/time_rclpy_example/share/ament_index/resource_index
[1.617s] creating /home/ssafy/robot_ws/install/time_rclpy_example/share/ament_index/resource_index/packages
[1.617s] copying resource/time_rclpy_example -> /home/ssafy/robot_ws/install/time_rclpy_example/share/ament_index/resource_index/packages
[1.618s] copying package.xml -> /home/ssafy/robot_ws/install/time_rclpy_example/share/time_rclpy_example
[1.661s] Invoked command in '/home/ssafy/robot_ws/build/time_rclpy_example' returned '0': PYTHONPATH=/home/ssafy/robot_ws/build/time_rclpy_example/prefix_override:/home/ssafy/robot_ws/install/time_rclpy_example/lib/python3.8/site-packages:${PYTHONPATH} /usr/bin/python3 setup.py develop --editable --build-directory /home/ssafy/robot_ws/build/time_rclpy_example/build --no-deps install_data
