-- Found ament_cmake: 0.7.6 (/opt/ros/dashing/share/ament_cmake/cmake)
-- Using PYTHON_EXECUTABLE: /usr/bin/python3
-- Override CMake install command with custom implementation using symlinks instead of copying resources
-- Configuring done
-- Generating done
-- Build files have been written to: /home/iju/S08P31C208/ROS/robot_ws/build/nav2_dwb_controller
[36mInstall the project...[0m
-- Install configuration: ""
-- Execute custom install script
-- Symlinking: /home/iju/S08P31C208/ROS/robot_ws/install/nav2_dwb_controller/share/ament_index/resource_index/package_run_dependencies/nav2_dwb_controller
-- Symlinking: /home/iju/S08P31C208/ROS/robot_ws/install/nav2_dwb_controller/share/ament_index/resource_index/parent_prefix_path/nav2_dwb_controller
-- Symlinking: /home/iju/S08P31C208/ROS/robot_ws/install/nav2_dwb_controller/share/nav2_dwb_controller/environment/ament_prefix_path.sh
-- Symlinking: /home/iju/S08P31C208/ROS/robot_ws/install/nav2_dwb_controller/share/nav2_dwb_controller/environment/path.sh
-- Symlinking: /home/iju/S08P31C208/ROS/robot_ws/install/nav2_dwb_controller/share/nav2_dwb_controller/local_setup.bash
-- Symlinking: /home/iju/S08P31C208/ROS/robot_ws/install/nav2_dwb_controller/share/nav2_dwb_controller/local_setup.sh
-- Symlinking: /home/iju/S08P31C208/ROS/robot_ws/install/nav2_dwb_controller/share/nav2_dwb_controller/local_setup.zsh
-- Symlinking: /home/iju/S08P31C208/ROS/robot_ws/install/nav2_dwb_controller/share/ament_index/resource_index/packages/nav2_dwb_controller
-- Symlinking: /home/iju/S08P31C208/ROS/robot_ws/install/nav2_dwb_controller/share/nav2_dwb_controller/cmake/nav2_dwb_controllerConfig.cmake
-- Symlinking: /home/iju/S08P31C208/ROS/robot_ws/install/nav2_dwb_controller/share/nav2_dwb_controller/cmake/nav2_dwb_controllerConfig-version.cmake
-- Symlinking: /home/iju/S08P31C208/ROS/robot_ws/install/nav2_dwb_controller/share/nav2_dwb_controller/package.xml
