[0.127s] Invoking command in '/home/iju/S08P31C208/ROS/robot_ws/build/gazebo_plugins': CMAKE_PREFIX_PATH=/home/iju/S08P31C208/ROS/robot_ws/install/gazebo_ros:/home/iju/S08P31C208/ROS/robot_ws/install/gazebo_msgs:/home/iju/S08P31C208/ROS/robot_ws/install/gazebo_dev:/home/iju/S08P31C208/ROS/robot_ws/install/turtlebot3_simulations:/home/iju/S08P31C208/ROS/robot_ws/install/turtlebot3_gazebo:/home/iju/S08P31C208/ROS/robot_ws/install/turtlebot3:/home/iju/S08P31C208/ROS/robot_ws/install/turtlebot3_bringup:/home/iju/S08P31C208/ROS/robot_ws/install/turtlebot3_node:/home/iju/S08P31C208/ROS/robot_ws/install/turtlebot3_navigation2:/home/iju/S08P31C208/ROS/robot_ws/install/turtlebot3_fake_node:/home/iju/S08P31C208/ROS/robot_ws/install/turtlebot3_msgs:/home/iju/S08P31C208/ROS/robot_ws/install/turtlebot3_description:/home/iju/S08P31C208/ROS/robot_ws/install/turtlebot3_cartographer:/home/iju/S08P31C208/ROS/robot_ws/install/turtle_cpp:/home/iju/S08P31C208/ROS/robot_ws/install/nav2_system_tests:/home/iju/S08P31C208/ROS/robot_ws/install/nav2_bringup:/home/iju/S08P31C208/ROS/robot_ws/install/navigation2:/home/iju/S08P31C208/ROS/robot_ws/install/nav2_dwb_controller:/home/iju/S08P31C208/ROS/robot_ws/install/dwb_plugins:/home/iju/S08P31C208/ROS/robot_ws/install/dwb_critics:/home/iju/S08P31C208/ROS/robot_ws/install/dwb_controller:/home/iju/S08P31C208/ROS/robot_ws/install/dwb_core:/home/iju/S08P31C208/ROS/robot_ws/install/nav_2d_utils:/home/iju/S08P31C208/ROS/robot_ws/install/dwb_msgs:/home/iju/S08P31C208/ROS/robot_ws/install/nav_2d_msgs:/home/iju/S08P31C208/ROS/robot_ws/install/nav2_world_model:/home/iju/S08P31C208/ROS/robot_ws/install/nav2_recoveries:/home/iju/S08P31C208/ROS/robot_ws/install/costmap_queue:/home/iju/S08P31C208/ROS/robot_ws/install/nav2_costmap_2d:/home/iju/S08P31C208/ROS/robot_ws/install/nav2_voxel_grid:/home/iju/S08P31C208/ROS/robot_ws/install/nav2_rviz_plugins:/home/iju/S08P31C208/ROS/robot_ws/install/nav2_navfn_planner:/home/iju/S08P31C208/ROS/robot_ws/install/nav2_map_server:/home/iju/S08P31C208/ROS/robot_ws/install/nav2_lifecycle_manager:/home/iju/S08P31C208/ROS/robot_ws/install/nav2_bt_navigator:/home/iju/S08P31C208/ROS/robot_ws/install/nav2_behavior_tree:/home/iju/S08P31C208/ROS/robot_ws/install/nav2_amcl:/home/iju/S08P31C208/ROS/robot_ws/install/nav2_util:/home/iju/S08P31C208/ROS/robot_ws/install/nav2_msgs:/home/iju/S08P31C208/ROS/robot_ws/install/nav2_dynamic_params:/home/iju/S08P31C208/ROS/robot_ws/install/nav2_common:/home/iju/S08P31C208/ROS/robot_ws/install/gazebo_ros_pkgs:/home/iju/S08P31C208/ROS/robot_ws/install/gazebo_plugins:/home/iju/S08P31C208/ROS/robot_ws/install/dynamixel_sdk_examples:/home/iju/S08P31C208/ROS/robot_ws/install/dynamixel_sdk_custom_interfaces:/home/iju/S08P31C208/ROS/robot_ws/install/dynamixel_sdk:/home/iju/S08P31C208/ROS/robot_ws/install/turtlebot3_teleop:/home/iju/S08P31C208/ROS/robot_ws/install/turtlebot3_example:/opt/ros/dashing LD_LIBRARY_PATH=/home/iju/S08P31C208/ROS/robot_ws/install/gazebo_ros/lib:/home/iju/S08P31C208/ROS/robot_ws/install/gazebo_msgs/lib:/home/iju/S08P31C208/ROS/robot_ws/install/turtlebot3_msgs/lib:/home/iju/S08P31C208/ROS/robot_ws/install/dwb_plugins/lib:/home/iju/S08P31C208/ROS/robot_ws/install/dwb_critics/lib:/home/iju/S08P31C208/ROS/robot_ws/install/dwb_controller/lib:/home/iju/S08P31C208/ROS/robot_ws/install/dwb_core/lib:/home/iju/S08P31C208/ROS/robot_ws/install/nav_2d_utils/lib:/home/iju/S08P31C208/ROS/robot_ws/install/dwb_msgs/lib:/home/iju/S08P31C208/ROS/robot_ws/install/nav_2d_msgs/lib:/home/iju/S08P31C208/ROS/robot_ws/install/nav2_world_model/lib:/home/iju/S08P31C208/ROS/robot_ws/install/nav2_recoveries/lib:/home/iju/S08P31C208/ROS/robot_ws/install/costmap_queue/lib:/home/iju/S08P31C208/ROS/robot_ws/install/nav2_costmap_2d/lib:/home/iju/S08P31C208/ROS/robot_ws/install/nav2_voxel_grid/lib:/home/iju/S08P31C208/ROS/robot_ws/install/nav2_rviz_plugins/lib:/home/iju/S08P31C208/ROS/robot_ws/install/nav2_navfn_planner/lib:/home/iju/S08P31C208/ROS/robot_ws/install/nav2_map_server/lib:/home/iju/S08P31C208/ROS/robot_ws/install/nav2_lifecycle_manager/lib:/home/iju/S08P31C208/ROS/robot_ws/install/nav2_bt_navigator/lib:/home/iju/S08P31C208/ROS/robot_ws/install/nav2_behavior_tree/lib:/home/iju/S08P31C208/ROS/robot_ws/install/nav2_amcl/lib:/home/iju/S08P31C208/ROS/robot_ws/install/nav2_util/lib:/home/iju/S08P31C208/ROS/robot_ws/install/nav2_msgs/lib:/home/iju/S08P31C208/ROS/robot_ws/install/nav2_dynamic_params/lib:/home/iju/S08P31C208/ROS/robot_ws/install/gazebo_plugins/lib:/home/iju/S08P31C208/ROS/robot_ws/install/dynamixel_sdk_custom_interfaces/lib:/home/iju/S08P31C208/ROS/robot_ws/install/dynamixel_sdk/lib:/usr/lib/x86_64-linux-gnu/gazebo-9/plugins:/opt/ros/dashing/opt/yaml_cpp_vendor/lib:/opt/ros/dashing/opt/rviz_ogre_vendor/lib:/opt/ros/dashing/lib PS1=\u@\h \[\033[32m\]\w\[\033[33m\]$(parse_git_branch)\[\033[00m\] $ PYTHONPATH=/home/iju/S08P31C208/ROS/robot_ws/install/gazebo_ros/lib/python3.6/site-packages:/home/iju/S08P31C208/ROS/robot_ws/install/gazebo_msgs/lib/python3.6/site-packages:/home/iju/S08P31C208/ROS/robot_ws/install/turtlebot3_teleop/lib/python3.6/site-packages:/home/iju/S08P31C208/ROS/robot_ws/install/turtlebot3_example/lib/python3.6/site-packages:/home/iju/S08P31C208/ROS/robot_ws/install/turtlebot3_msgs/lib/python3.6/site-packages:/home/iju/S08P31C208/ROS/robot_ws/install/dwb_msgs/lib/python3.6/site-packages:/home/iju/S08P31C208/ROS/robot_ws/install/nav_2d_msgs/lib/python3.6/site-packages:/home/iju/S08P31C208/ROS/robot_ws/install/nav2_msgs/lib/python3.6/site-packages:/home/iju/S08P31C208/ROS/robot_ws/install/nav2_common/lib/python3.6/site-packages:/home/iju/S08P31C208/ROS/robot_ws/install/dynamixel_sdk_custom_interfaces/lib/python3.6/site-packages:/opt/ros/dashing/lib/python3.6/site-packages /usr/bin/cmake --build /home/iju/S08P31C208/ROS/robot_ws/build/gazebo_plugins -- -j6 -l6
[0.293s] [  2%] Built target gazebo_ros_bumper
[0.305s] [  4%] Built target gazebo_ros_planar_move
[0.313s] [  6%] Built target gazebo_ros_ackermann_drive
[0.321s] [  9%] Built target gazebo_ros_projector
[0.337s] [ 11%] Built target gazebo_ros_vacuum_gripper
[0.337s] [ 13%] Built target gazebo_ros_joint_pose_trajectory
[0.392s] [ 15%] Built target gazebo_ros_force
[0.399s] [ 18%] Built target gazebo_ros_hand_of_god
[0.423s] [ 20%] Built target gazebo_ros_template
[0.427s] [ 22%] Built target gazebo_ros_logical_camera
[0.449s] [ 25%] Built target gazebo_ros_diff_drive
[0.451s] [ 27%] Built target gazebo_ros_joint_state_publisher
[0.456s] [ 29%] Built target multi_camera_plugin
[0.492s] [ 31%] Built target gazebo_ros_ray_sensor
[0.504s] [ 34%] Built target gazebo_ros_depth_camera
[0.518s] [ 36%] Built target gazebo_ros_elevator
[0.538s] [ 38%] Built target gazebo_ros_gps_sensor
[0.540s] [ 40%] Built target gazebo_ros_video
[0.573s] [ 43%] Built target gazebo_ros_imu_sensor
[0.578s] [ 45%] Built target gazebo_ros_multi_camera
[0.599s] [ 47%] Built target gazebo_ros_harness
[0.626s] [ 50%] Built target gtest_main
[0.627s] [ 52%] Built target gazebo_ros_p3d
[0.632s] [ 54%] Built target gtest
[0.635s] [ 56%] Built target gazebo_ros_ft_sensor
[0.641s] [ 59%] Built target gazebo_ros_tricycle_drive
[0.675s] [ 61%] Built target gazebo_ros_camera
[0.718s] [ 63%] Built target test_gazebo_ros_elevator
[0.733s] [ 65%] Built target test_gazebo_ros_vacuum_gripper
[0.735s] [ 68%] Built target test_gazebo_ros_ft_sensor
[0.751s] [ 70%] Built target test_gazebo_ros_diff_drive
[0.754s] [ 72%] Built target test_gazebo_ros_force
[0.757s] [ 75%] Built target test_gazebo_ros_ackermann_drive
[0.835s] [ 77%] Built target test_gazebo_ros_joint_pose_trajectory
[0.853s] [ 79%] Built target test_gazebo_ros_hand_of_god
[0.870s] [ 81%] Built target test_gazebo_ros_harness
[0.880s] [ 84%] Built target test_gazebo_ros_gps_sensor
[0.881s] [ 86%] Built target test_gazebo_ros_imu_sensor
[0.889s] [ 88%] Built target test_gazebo_ros_planar_move
[0.969s] [ 90%] Built target test_gazebo_ros_bumper
[0.983s] [ 93%] Built target test_gazebo_ros_ray_sensor
[0.994s] [ 95%] Built target test_gazebo_ros_p3d
[0.995s] [ 97%] Built target test_gazebo_ros_tricycle_drive
[1.004s] [100%] Built target test_gazebo_ros_joint_state_publisher
[1.071s] Invoked command in '/home/iju/S08P31C208/ROS/robot_ws/build/gazebo_plugins' returned '0': CMAKE_PREFIX_PATH=/home/iju/S08P31C208/ROS/robot_ws/install/gazebo_ros:/home/iju/S08P31C208/ROS/robot_ws/install/gazebo_msgs:/home/iju/S08P31C208/ROS/robot_ws/install/gazebo_dev:/home/iju/S08P31C208/ROS/robot_ws/install/turtlebot3_simulations:/home/iju/S08P31C208/ROS/robot_ws/install/turtlebot3_gazebo:/home/iju/S08P31C208/ROS/robot_ws/install/turtlebot3:/home/iju/S08P31C208/ROS/robot_ws/install/turtlebot3_bringup:/home/iju/S08P31C208/ROS/robot_ws/install/turtlebot3_node:/home/iju/S08P31C208/ROS/robot_ws/install/turtlebot3_navigation2:/home/iju/S08P31C208/ROS/robot_ws/install/turtlebot3_fake_node:/home/iju/S08P31C208/ROS/robot_ws/install/turtlebot3_msgs:/home/iju/S08P31C208/ROS/robot_ws/install/turtlebot3_description:/home/iju/S08P31C208/ROS/robot_ws/install/turtlebot3_cartographer:/home/iju/S08P31C208/ROS/robot_ws/install/turtle_cpp:/home/iju/S08P31C208/ROS/robot_ws/install/nav2_system_tests:/home/iju/S08P31C208/ROS/robot_ws/install/nav2_bringup:/home/iju/S08P31C208/ROS/robot_ws/install/navigation2:/home/iju/S08P31C208/ROS/robot_ws/install/nav2_dwb_controller:/home/iju/S08P31C208/ROS/robot_ws/install/dwb_plugins:/home/iju/S08P31C208/ROS/robot_ws/install/dwb_critics:/home/iju/S08P31C208/ROS/robot_ws/install/dwb_controller:/home/iju/S08P31C208/ROS/robot_ws/install/dwb_core:/home/iju/S08P31C208/ROS/robot_ws/install/nav_2d_utils:/home/iju/S08P31C208/ROS/robot_ws/install/dwb_msgs:/home/iju/S08P31C208/ROS/robot_ws/install/nav_2d_msgs:/home/iju/S08P31C208/ROS/robot_ws/install/nav2_world_model:/home/iju/S08P31C208/ROS/robot_ws/install/nav2_recoveries:/home/iju/S08P31C208/ROS/robot_ws/install/costmap_queue:/home/iju/S08P31C208/ROS/robot_ws/install/nav2_costmap_2d:/home/iju/S08P31C208/ROS/robot_ws/install/nav2_voxel_grid:/home/iju/S08P31C208/ROS/robot_ws/install/nav2_rviz_plugins:/home/iju/S08P31C208/ROS/robot_ws/install/nav2_navfn_planner:/home/iju/S08P31C208/ROS/robot_ws/install/nav2_map_server:/home/iju/S08P31C208/ROS/robot_ws/install/nav2_lifecycle_manager:/home/iju/S08P31C208/ROS/robot_ws/install/nav2_bt_navigator:/home/iju/S08P31C208/ROS/robot_ws/install/nav2_behavior_tree:/home/iju/S08P31C208/ROS/robot_ws/install/nav2_amcl:/home/iju/S08P31C208/ROS/robot_ws/install/nav2_util:/home/iju/S08P31C208/ROS/robot_ws/install/nav2_msgs:/home/iju/S08P31C208/ROS/robot_ws/install/nav2_dynamic_params:/home/iju/S08P31C208/ROS/robot_ws/install/nav2_common:/home/iju/S08P31C208/ROS/robot_ws/install/gazebo_ros_pkgs:/home/iju/S08P31C208/ROS/robot_ws/install/gazebo_plugins:/home/iju/S08P31C208/ROS/robot_ws/install/dynamixel_sdk_examples:/home/iju/S08P31C208/ROS/robot_ws/install/dynamixel_sdk_custom_interfaces:/home/iju/S08P31C208/ROS/robot_ws/install/dynamixel_sdk:/home/iju/S08P31C208/ROS/robot_ws/install/turtlebot3_teleop:/home/iju/S08P31C208/ROS/robot_ws/install/turtlebot3_example:/opt/ros/dashing LD_LIBRARY_PATH=/home/iju/S08P31C208/ROS/robot_ws/install/gazebo_ros/lib:/home/iju/S08P31C208/ROS/robot_ws/install/gazebo_msgs/lib:/home/iju/S08P31C208/ROS/robot_ws/install/turtlebot3_msgs/lib:/home/iju/S08P31C208/ROS/robot_ws/install/dwb_plugins/lib:/home/iju/S08P31C208/ROS/robot_ws/install/dwb_critics/lib:/home/iju/S08P31C208/ROS/robot_ws/install/dwb_controller/lib:/home/iju/S08P31C208/ROS/robot_ws/install/dwb_core/lib:/home/iju/S08P31C208/ROS/robot_ws/install/nav_2d_utils/lib:/home/iju/S08P31C208/ROS/robot_ws/install/dwb_msgs/lib:/home/iju/S08P31C208/ROS/robot_ws/install/nav_2d_msgs/lib:/home/iju/S08P31C208/ROS/robot_ws/install/nav2_world_model/lib:/home/iju/S08P31C208/ROS/robot_ws/install/nav2_recoveries/lib:/home/iju/S08P31C208/ROS/robot_ws/install/costmap_queue/lib:/home/iju/S08P31C208/ROS/robot_ws/install/nav2_costmap_2d/lib:/home/iju/S08P31C208/ROS/robot_ws/install/nav2_voxel_grid/lib:/home/iju/S08P31C208/ROS/robot_ws/install/nav2_rviz_plugins/lib:/home/iju/S08P31C208/ROS/robot_ws/install/nav2_navfn_planner/lib:/home/iju/S08P31C208/ROS/robot_ws/install/nav2_map_server/lib:/home/iju/S08P31C208/ROS/robot_ws/install/nav2_lifecycle_manager/lib:/home/iju/S08P31C208/ROS/robot_ws/install/nav2_bt_navigator/lib:/home/iju/S08P31C208/ROS/robot_ws/install/nav2_behavior_tree/lib:/home/iju/S08P31C208/ROS/robot_ws/install/nav2_amcl/lib:/home/iju/S08P31C208/ROS/robot_ws/install/nav2_util/lib:/home/iju/S08P31C208/ROS/robot_ws/install/nav2_msgs/lib:/home/iju/S08P31C208/ROS/robot_ws/install/nav2_dynamic_params/lib:/home/iju/S08P31C208/ROS/robot_ws/install/gazebo_plugins/lib:/home/iju/S08P31C208/ROS/robot_ws/install/dynamixel_sdk_custom_interfaces/lib:/home/iju/S08P31C208/ROS/robot_ws/install/dynamixel_sdk/lib:/usr/lib/x86_64-linux-gnu/gazebo-9/plugins:/opt/ros/dashing/opt/yaml_cpp_vendor/lib:/opt/ros/dashing/opt/rviz_ogre_vendor/lib:/opt/ros/dashing/lib PS1=\u@\h \[\033[32m\]\w\[\033[33m\]$(parse_git_branch)\[\033[00m\] $ PYTHONPATH=/home/iju/S08P31C208/ROS/robot_ws/install/gazebo_ros/lib/python3.6/site-packages:/home/iju/S08P31C208/ROS/robot_ws/install/gazebo_msgs/lib/python3.6/site-packages:/home/iju/S08P31C208/ROS/robot_ws/install/turtlebot3_teleop/lib/python3.6/site-packages:/home/iju/S08P31C208/ROS/robot_ws/install/turtlebot3_example/lib/python3.6/site-packages:/home/iju/S08P31C208/ROS/robot_ws/install/turtlebot3_msgs/lib/python3.6/site-packages:/home/iju/S08P31C208/ROS/robot_ws/install/dwb_msgs/lib/python3.6/site-packages:/home/iju/S08P31C208/ROS/robot_ws/install/nav_2d_msgs/lib/python3.6/site-packages:/home/iju/S08P31C208/ROS/robot_ws/install/nav2_msgs/lib/python3.6/site-packages:/home/iju/S08P31C208/ROS/robot_ws/install/nav2_common/lib/python3.6/site-packages:/home/iju/S08P31C208/ROS/robot_ws/install/dynamixel_sdk_custom_interfaces/lib/python3.6/site-packages:/opt/ros/dashing/lib/python3.6/site-packages /usr/bin/cmake --build /home/iju/S08P31C208/ROS/robot_ws/build/gazebo_plugins -- -j6 -l6
[1.704s] Invoking command in '/home/iju/S08P31C208/ROS/robot_ws/build/gazebo_plugins': CMAKE_PREFIX_PATH=/home/iju/S08P31C208/ROS/robot_ws/install/gazebo_ros:/home/iju/S08P31C208/ROS/robot_ws/install/gazebo_msgs:/home/iju/S08P31C208/ROS/robot_ws/install/gazebo_dev:/home/iju/S08P31C208/ROS/robot_ws/install/turtlebot3_simulations:/home/iju/S08P31C208/ROS/robot_ws/install/turtlebot3_gazebo:/home/iju/S08P31C208/ROS/robot_ws/install/turtlebot3:/home/iju/S08P31C208/ROS/robot_ws/install/turtlebot3_bringup:/home/iju/S08P31C208/ROS/robot_ws/install/turtlebot3_node:/home/iju/S08P31C208/ROS/robot_ws/install/turtlebot3_navigation2:/home/iju/S08P31C208/ROS/robot_ws/install/turtlebot3_fake_node:/home/iju/S08P31C208/ROS/robot_ws/install/turtlebot3_msgs:/home/iju/S08P31C208/ROS/robot_ws/install/turtlebot3_description:/home/iju/S08P31C208/ROS/robot_ws/install/turtlebot3_cartographer:/home/iju/S08P31C208/ROS/robot_ws/install/turtle_cpp:/home/iju/S08P31C208/ROS/robot_ws/install/nav2_system_tests:/home/iju/S08P31C208/ROS/robot_ws/install/nav2_bringup:/home/iju/S08P31C208/ROS/robot_ws/install/navigation2:/home/iju/S08P31C208/ROS/robot_ws/install/nav2_dwb_controller:/home/iju/S08P31C208/ROS/robot_ws/install/dwb_plugins:/home/iju/S08P31C208/ROS/robot_ws/install/dwb_critics:/home/iju/S08P31C208/ROS/robot_ws/install/dwb_controller:/home/iju/S08P31C208/ROS/robot_ws/install/dwb_core:/home/iju/S08P31C208/ROS/robot_ws/install/nav_2d_utils:/home/iju/S08P31C208/ROS/robot_ws/install/dwb_msgs:/home/iju/S08P31C208/ROS/robot_ws/install/nav_2d_msgs:/home/iju/S08P31C208/ROS/robot_ws/install/nav2_world_model:/home/iju/S08P31C208/ROS/robot_ws/install/nav2_recoveries:/home/iju/S08P31C208/ROS/robot_ws/install/costmap_queue:/home/iju/S08P31C208/ROS/robot_ws/install/nav2_costmap_2d:/home/iju/S08P31C208/ROS/robot_ws/install/nav2_voxel_grid:/home/iju/S08P31C208/ROS/robot_ws/install/nav2_rviz_plugins:/home/iju/S08P31C208/ROS/robot_ws/install/nav2_navfn_planner:/home/iju/S08P31C208/ROS/robot_ws/install/nav2_map_server:/home/iju/S08P31C208/ROS/robot_ws/install/nav2_lifecycle_manager:/home/iju/S08P31C208/ROS/robot_ws/install/nav2_bt_navigator:/home/iju/S08P31C208/ROS/robot_ws/install/nav2_behavior_tree:/home/iju/S08P31C208/ROS/robot_ws/install/nav2_amcl:/home/iju/S08P31C208/ROS/robot_ws/install/nav2_util:/home/iju/S08P31C208/ROS/robot_ws/install/nav2_msgs:/home/iju/S08P31C208/ROS/robot_ws/install/nav2_dynamic_params:/home/iju/S08P31C208/ROS/robot_ws/install/nav2_common:/home/iju/S08P31C208/ROS/robot_ws/install/gazebo_ros_pkgs:/home/iju/S08P31C208/ROS/robot_ws/install/gazebo_plugins:/home/iju/S08P31C208/ROS/robot_ws/install/dynamixel_sdk_examples:/home/iju/S08P31C208/ROS/robot_ws/install/dynamixel_sdk_custom_interfaces:/home/iju/S08P31C208/ROS/robot_ws/install/dynamixel_sdk:/home/iju/S08P31C208/ROS/robot_ws/install/turtlebot3_teleop:/home/iju/S08P31C208/ROS/robot_ws/install/turtlebot3_example:/opt/ros/dashing LD_LIBRARY_PATH=/home/iju/S08P31C208/ROS/robot_ws/install/gazebo_ros/lib:/home/iju/S08P31C208/ROS/robot_ws/install/gazebo_msgs/lib:/home/iju/S08P31C208/ROS/robot_ws/install/turtlebot3_msgs/lib:/home/iju/S08P31C208/ROS/robot_ws/install/dwb_plugins/lib:/home/iju/S08P31C208/ROS/robot_ws/install/dwb_critics/lib:/home/iju/S08P31C208/ROS/robot_ws/install/dwb_controller/lib:/home/iju/S08P31C208/ROS/robot_ws/install/dwb_core/lib:/home/iju/S08P31C208/ROS/robot_ws/install/nav_2d_utils/lib:/home/iju/S08P31C208/ROS/robot_ws/install/dwb_msgs/lib:/home/iju/S08P31C208/ROS/robot_ws/install/nav_2d_msgs/lib:/home/iju/S08P31C208/ROS/robot_ws/install/nav2_world_model/lib:/home/iju/S08P31C208/ROS/robot_ws/install/nav2_recoveries/lib:/home/iju/S08P31C208/ROS/robot_ws/install/costmap_queue/lib:/home/iju/S08P31C208/ROS/robot_ws/install/nav2_costmap_2d/lib:/home/iju/S08P31C208/ROS/robot_ws/install/nav2_voxel_grid/lib:/home/iju/S08P31C208/ROS/robot_ws/install/nav2_rviz_plugins/lib:/home/iju/S08P31C208/ROS/robot_ws/install/nav2_navfn_planner/lib:/home/iju/S08P31C208/ROS/robot_ws/install/nav2_map_server/lib:/home/iju/S08P31C208/ROS/robot_ws/install/nav2_lifecycle_manager/lib:/home/iju/S08P31C208/ROS/robot_ws/install/nav2_bt_navigator/lib:/home/iju/S08P31C208/ROS/robot_ws/install/nav2_behavior_tree/lib:/home/iju/S08P31C208/ROS/robot_ws/install/nav2_amcl/lib:/home/iju/S08P31C208/ROS/robot_ws/install/nav2_util/lib:/home/iju/S08P31C208/ROS/robot_ws/install/nav2_msgs/lib:/home/iju/S08P31C208/ROS/robot_ws/install/nav2_dynamic_params/lib:/home/iju/S08P31C208/ROS/robot_ws/install/gazebo_plugins/lib:/home/iju/S08P31C208/ROS/robot_ws/install/dynamixel_sdk_custom_interfaces/lib:/home/iju/S08P31C208/ROS/robot_ws/install/dynamixel_sdk/lib:/usr/lib/x86_64-linux-gnu/gazebo-9/plugins:/opt/ros/dashing/opt/yaml_cpp_vendor/lib:/opt/ros/dashing/opt/rviz_ogre_vendor/lib:/opt/ros/dashing/lib PS1=\u@\h \[\033[32m\]\w\[\033[33m\]$(parse_git_branch)\[\033[00m\] $ PYTHONPATH=/home/iju/S08P31C208/ROS/robot_ws/install/gazebo_ros/lib/python3.6/site-packages:/home/iju/S08P31C208/ROS/robot_ws/install/gazebo_msgs/lib/python3.6/site-packages:/home/iju/S08P31C208/ROS/robot_ws/install/turtlebot3_teleop/lib/python3.6/site-packages:/home/iju/S08P31C208/ROS/robot_ws/install/turtlebot3_example/lib/python3.6/site-packages:/home/iju/S08P31C208/ROS/robot_ws/install/turtlebot3_msgs/lib/python3.6/site-packages:/home/iju/S08P31C208/ROS/robot_ws/install/dwb_msgs/lib/python3.6/site-packages:/home/iju/S08P31C208/ROS/robot_ws/install/nav_2d_msgs/lib/python3.6/site-packages:/home/iju/S08P31C208/ROS/robot_ws/install/nav2_msgs/lib/python3.6/site-packages:/home/iju/S08P31C208/ROS/robot_ws/install/nav2_common/lib/python3.6/site-packages:/home/iju/S08P31C208/ROS/robot_ws/install/dynamixel_sdk_custom_interfaces/lib/python3.6/site-packages:/opt/ros/dashing/lib/python3.6/site-packages /usr/bin/cmake --build /home/iju/S08P31C208/ROS/robot_ws/build/gazebo_plugins --target install -- -j6 -l6
[1.880s] [  2%] Built target gazebo_ros_projector
[1.909s] [  4%] Built target gazebo_ros_ackermann_drive
[1.912s] [  6%] Built target gazebo_ros_joint_pose_trajectory
[1.933s] [  9%] Built target gazebo_ros_bumper
[1.943s] [ 11%] Built target gazebo_ros_vacuum_gripper
[1.963s] [ 13%] Built target gazebo_ros_planar_move
[2.001s] [ 15%] Built target gazebo_ros_force
[2.013s] [ 18%] Built target gazebo_ros_hand_of_god
[2.030s] [ 20%] Built target gazebo_ros_diff_drive
[2.033s] [ 22%] Built target gazebo_ros_template
[2.088s] [ 25%] Built target gazebo_ros_logical_camera
[2.098s] [ 27%] Built target gazebo_ros_joint_state_publisher
[2.100s] [ 29%] Built target multi_camera_plugin
[2.118s] [ 31%] Built target gazebo_ros_ray_sensor
[2.149s] [ 34%] Built target gazebo_ros_elevator
[2.171s] [ 36%] Built target gazebo_ros_depth_camera
[2.190s] [ 38%] Built target gazebo_ros_imu_sensor
[2.244s] [ 40%] Built target gazebo_ros_gps_sensor
[2.296s] [ 43%] Built target gazebo_ros_multi_camera
[2.305s] [ 45%] Built target gazebo_ros_harness
[2.306s] [ 47%] Built target gazebo_ros_video
[2.356s] [ 50%] Built target gazebo_ros_p3d
[2.370s] [ 52%] Built target gazebo_ros_tricycle_drive
[2.386s] [ 54%] Built target gazebo_ros_ft_sensor
[2.416s] [ 56%] Built target gtest_main
[2.420s] [ 59%] Built target gtest
[2.464s] [ 61%] Built target gazebo_ros_camera
[2.531s] [ 63%] Built target test_gazebo_ros_diff_drive
[2.532s] [ 65%] Built target test_gazebo_ros_force
[2.532s] [ 68%] Built target test_gazebo_ros_elevator
[2.544s] [ 70%] Built target test_gazebo_ros_ft_sensor
[2.577s] [ 72%] Built target test_gazebo_ros_vacuum_gripper
[2.611s] [ 75%] Built target test_gazebo_ros_ackermann_drive
[2.653s] [ 77%] Built target test_gazebo_ros_hand_of_god
[2.666s] [ 79%] Built target test_gazebo_ros_imu_sensor
[2.676s] [ 81%] Built target test_gazebo_ros_harness
[2.710s] [ 84%] Built target test_gazebo_ros_gps_sensor
[2.723s] [ 86%] Built target test_gazebo_ros_joint_pose_trajectory
[2.780s] [ 88%] Built target test_gazebo_ros_bumper
[2.792s] [ 90%] Built target test_gazebo_ros_p3d
[2.799s] [ 93%] Built target test_gazebo_ros_joint_state_publisher
[2.799s] [ 95%] Built target test_gazebo_ros_planar_move
[2.813s] [ 97%] Built target test_gazebo_ros_ray_sensor
[2.859s] [100%] Built target test_gazebo_ros_tricycle_drive
[2.917s] [36mInstall the project...[0m
[2.939s] -- Install configuration: ""
[2.940s] -- Execute custom install script
[2.941s] -- Up-to-date symlink: /home/iju/S08P31C208/ROS/robot_ws/install/gazebo_plugins/share/gazebo_plugins/environment/library_path.sh
[2.941s] -- Up-to-date symlink: /home/iju/S08P31C208/ROS/robot_ws/install/gazebo_plugins/share/gazebo_plugins/environment/gazebo_plugins.sh
[2.942s] -- Up-to-date symlink: /home/iju/S08P31C208/ROS/robot_ws/install/gazebo_plugins/share/ament_index/resource_index/package_run_dependencies/gazebo_plugins
[2.943s] -- Up-to-date symlink: /home/iju/S08P31C208/ROS/robot_ws/install/gazebo_plugins/share/ament_index/resource_index/parent_prefix_path/gazebo_plugins
[2.943s] -- Up-to-date symlink: /home/iju/S08P31C208/ROS/robot_ws/install/gazebo_plugins/share/gazebo_plugins/environment/ament_prefix_path.sh
[2.944s] -- Up-to-date symlink: /home/iju/S08P31C208/ROS/robot_ws/install/gazebo_plugins/share/gazebo_plugins/environment/path.sh
[2.945s] -- Up-to-date symlink: /home/iju/S08P31C208/ROS/robot_ws/install/gazebo_plugins/share/gazebo_plugins/local_setup.bash
[2.946s] -- Up-to-date symlink: /home/iju/S08P31C208/ROS/robot_ws/install/gazebo_plugins/share/gazebo_plugins/local_setup.sh
[2.946s] -- Up-to-date symlink: /home/iju/S08P31C208/ROS/robot_ws/install/gazebo_plugins/share/gazebo_plugins/local_setup.zsh
[2.947s] -- Up-to-date symlink: /home/iju/S08P31C208/ROS/robot_ws/install/gazebo_plugins/share/ament_index/resource_index/packages/gazebo_plugins
[2.947s] -- Up-to-date symlink: /home/iju/S08P31C208/ROS/robot_ws/install/gazebo_plugins/share/gazebo_plugins/cmake/ament_cmake_export_libraries-extras.cmake
[2.948s] -- Up-to-date symlink: /home/iju/S08P31C208/ROS/robot_ws/install/gazebo_plugins/share/gazebo_plugins/cmake/ament_cmake_export_include_directories-extras.cmake
[2.949s] -- Up-to-date symlink: /home/iju/S08P31C208/ROS/robot_ws/install/gazebo_plugins/share/gazebo_plugins/cmake/ament_cmake_export_dependencies-extras.cmake
[2.949s] -- Up-to-date symlink: /home/iju/S08P31C208/ROS/robot_ws/install/gazebo_plugins/share/gazebo_plugins/cmake/gazebo_pluginsConfig.cmake
[2.949s] -- Up-to-date symlink: /home/iju/S08P31C208/ROS/robot_ws/install/gazebo_plugins/share/gazebo_plugins/cmake/gazebo_pluginsConfig-version.cmake
[2.950s] -- Up-to-date symlink: /home/iju/S08P31C208/ROS/robot_ws/install/gazebo_plugins/share/gazebo_plugins/package.xml
[2.951s] -- Up-to-date symlink: /home/iju/S08P31C208/ROS/robot_ws/install/gazebo_plugins/include/gazebo_plugins/gazebo_ros_ackermann_drive.hpp
[2.952s] -- Up-to-date symlink: /home/iju/S08P31C208/ROS/robot_ws/install/gazebo_plugins/include/gazebo_plugins/gazebo_ros_bumper.hpp
[2.952s] -- Up-to-date symlink: /home/iju/S08P31C208/ROS/robot_ws/install/gazebo_plugins/include/gazebo_plugins/gazebo_ros_camera.hpp
[2.952s] -- Up-to-date symlink: /home/iju/S08P31C208/ROS/robot_ws/install/gazebo_plugins/include/gazebo_plugins/gazebo_ros_diff_drive.hpp
[2.952s] -- Up-to-date symlink: /home/iju/S08P31C208/ROS/robot_ws/install/gazebo_plugins/include/gazebo_plugins/gazebo_ros_elevator.hpp
[2.953s] -- Up-to-date symlink: /home/iju/S08P31C208/ROS/robot_ws/install/gazebo_plugins/include/gazebo_plugins/gazebo_ros_force.hpp
[2.953s] -- Up-to-date symlink: /home/iju/S08P31C208/ROS/robot_ws/install/gazebo_plugins/include/gazebo_plugins/gazebo_ros_ft_sensor.hpp
[2.953s] -- Up-to-date symlink: /home/iju/S08P31C208/ROS/robot_ws/install/gazebo_plugins/include/gazebo_plugins/gazebo_ros_gps_sensor.hpp
[2.960s] -- Up-to-date symlink: /home/iju/S08P31C208/ROS/robot_ws/install/gazebo_plugins/include/gazebo_plugins/gazebo_ros_hand_of_god.hpp
[2.960s] -- Up-to-date symlink: /home/iju/S08P31C208/ROS/robot_ws/install/gazebo_plugins/include/gazebo_plugins/gazebo_ros_harness.hpp
[2.961s] -- Up-to-date symlink: /home/iju/S08P31C208/ROS/robot_ws/install/gazebo_plugins/include/gazebo_plugins/gazebo_ros_imu_sensor.hpp
[2.961s] -- Up-to-date symlink: /home/iju/S08P31C208/ROS/robot_ws/install/gazebo_plugins/include/gazebo_plugins/gazebo_ros_joint_pose_trajectory.hpp
[2.961s] -- Up-to-date symlink: /home/iju/S08P31C208/ROS/robot_ws/install/gazebo_plugins/include/gazebo_plugins/gazebo_ros_joint_state_publisher.hpp
[2.961s] -- Up-to-date symlink: /home/iju/S08P31C208/ROS/robot_ws/install/gazebo_plugins/include/gazebo_plugins/gazebo_ros_logical_camera.hpp
[2.962s] -- Up-to-date symlink: /home/iju/S08P31C208/ROS/robot_ws/install/gazebo_plugins/include/gazebo_plugins/gazebo_ros_p3d.hpp
[2.962s] -- Up-to-date symlink: /home/iju/S08P31C208/ROS/robot_ws/install/gazebo_plugins/include/gazebo_plugins/gazebo_ros_planar_move.hpp
[2.962s] -- Up-to-date symlink: /home/iju/S08P31C208/ROS/robot_ws/install/gazebo_plugins/include/gazebo_plugins/gazebo_ros_projector.hpp
[2.962s] -- Up-to-date symlink: /home/iju/S08P31C208/ROS/robot_ws/install/gazebo_plugins/include/gazebo_plugins/gazebo_ros_ray_sensor.hpp
[2.962s] -- Up-to-date symlink: /home/iju/S08P31C208/ROS/robot_ws/install/gazebo_plugins/include/gazebo_plugins/gazebo_ros_template.hpp
[2.963s] -- Up-to-date symlink: /home/iju/S08P31C208/ROS/robot_ws/install/gazebo_plugins/include/gazebo_plugins/gazebo_ros_tricycle_drive.hpp
[2.963s] -- Up-to-date symlink: /home/iju/S08P31C208/ROS/robot_ws/install/gazebo_plugins/include/gazebo_plugins/gazebo_ros_vacuum_gripper.hpp
[2.963s] -- Up-to-date symlink: /home/iju/S08P31C208/ROS/robot_ws/install/gazebo_plugins/include/gazebo_plugins/gazebo_ros_video.hpp
[2.963s] -- Up-to-date symlink: /home/iju/S08P31C208/ROS/robot_ws/install/gazebo_plugins/include/gazebo_plugins/multi_camera_plugin.hpp
[2.964s] -- Up-to-date symlink: /home/iju/S08P31C208/ROS/robot_ws/install/gazebo_plugins/lib/libgazebo_ros_ackermann_drive.so
[2.965s] -- Up-to-date symlink: /home/iju/S08P31C208/ROS/robot_ws/install/gazebo_plugins/lib/libgazebo_ros_bumper.so
[2.965s] -- Up-to-date symlink: /home/iju/S08P31C208/ROS/robot_ws/install/gazebo_plugins/lib/libgazebo_ros_camera.so
[2.965s] -- Up-to-date symlink: /home/iju/S08P31C208/ROS/robot_ws/install/gazebo_plugins/lib/libgazebo_ros_depth_camera.so
[2.966s] -- Up-to-date symlink: /home/iju/S08P31C208/ROS/robot_ws/install/gazebo_plugins/lib/libgazebo_ros_diff_drive.so
[2.966s] -- Up-to-date symlink: /home/iju/S08P31C208/ROS/robot_ws/install/gazebo_plugins/lib/libgazebo_ros_elevator.so
[2.968s] -- Up-to-date symlink: /home/iju/S08P31C208/ROS/robot_ws/install/gazebo_plugins/lib/libgazebo_ros_force.so
[2.968s] -- Up-to-date symlink: /home/iju/S08P31C208/ROS/robot_ws/install/gazebo_plugins/lib/libgazebo_ros_ft_sensor.so
[2.969s] -- Up-to-date symlink: /home/iju/S08P31C208/ROS/robot_ws/install/gazebo_plugins/lib/libgazebo_ros_hand_of_god.so
[2.969s] -- Up-to-date symlink: /home/iju/S08P31C208/ROS/robot_ws/install/gazebo_plugins/lib/libgazebo_ros_harness.so
[2.970s] -- Up-to-date symlink: /home/iju/S08P31C208/ROS/robot_ws/install/gazebo_plugins/lib/libgazebo_ros_imu_sensor.so
[2.970s] -- Up-to-date symlink: /home/iju/S08P31C208/ROS/robot_ws/install/gazebo_plugins/lib/libgazebo_ros_gps_sensor.so
[2.970s] -- Up-to-date symlink: /home/iju/S08P31C208/ROS/robot_ws/install/gazebo_plugins/lib/libgazebo_ros_joint_pose_trajectory.so
[2.971s] -- Up-to-date symlink: /home/iju/S08P31C208/ROS/robot_ws/install/gazebo_plugins/lib/libgazebo_ros_joint_state_publisher.so
[2.971s] -- Up-to-date symlink: /home/iju/S08P31C208/ROS/robot_ws/install/gazebo_plugins/lib/libgazebo_ros_logical_camera.so
[2.971s] -- Up-to-date symlink: /home/iju/S08P31C208/ROS/robot_ws/install/gazebo_plugins/lib/libgazebo_ros_multi_camera.so
[2.972s] -- Up-to-date symlink: /home/iju/S08P31C208/ROS/robot_ws/install/gazebo_plugins/lib/libgazebo_ros_planar_move.so
[2.972s] -- Up-to-date symlink: /home/iju/S08P31C208/ROS/robot_ws/install/gazebo_plugins/lib/libgazebo_ros_projector.so
[2.973s] -- Up-to-date symlink: /home/iju/S08P31C208/ROS/robot_ws/install/gazebo_plugins/lib/libgazebo_ros_ray_sensor.so
[2.973s] -- Up-to-date symlink: /home/iju/S08P31C208/ROS/robot_ws/install/gazebo_plugins/lib/libgazebo_ros_p3d.so
[2.974s] -- Up-to-date symlink: /home/iju/S08P31C208/ROS/robot_ws/install/gazebo_plugins/lib/libgazebo_ros_template.so
[2.974s] -- Up-to-date symlink: /home/iju/S08P31C208/ROS/robot_ws/install/gazebo_plugins/lib/libgazebo_ros_tricycle_drive.so
[2.975s] -- Up-to-date symlink: /home/iju/S08P31C208/ROS/robot_ws/install/gazebo_plugins/lib/libgazebo_ros_vacuum_gripper.so
[2.975s] -- Up-to-date symlink: /home/iju/S08P31C208/ROS/robot_ws/install/gazebo_plugins/lib/libgazebo_ros_video.so
[2.976s] -- Up-to-date symlink: /home/iju/S08P31C208/ROS/robot_ws/install/gazebo_plugins/lib/libmulti_camera_plugin.so
[2.977s] -- Up-to-date symlink: /home/iju/S08P31C208/ROS/robot_ws/install/gazebo_plugins/share/gazebo_plugins//worlds/gazebo_ros_ackermann_drive_demo.world
[2.978s] -- Up-to-date symlink: /home/iju/S08P31C208/ROS/robot_ws/install/gazebo_plugins/share/gazebo_plugins//worlds/gazebo_ros_bumper_demo.world
[2.978s] -- Up-to-date symlink: /home/iju/S08P31C208/ROS/robot_ws/install/gazebo_plugins/share/gazebo_plugins//worlds/gazebo_ros_camera_demo.world
[2.979s] -- Up-to-date symlink: /home/iju/S08P31C208/ROS/robot_ws/install/gazebo_plugins/share/gazebo_plugins//worlds/gazebo_ros_camera_distortion_barrel_demo.world
[2.979s] -- Up-to-date symlink: /home/iju/S08P31C208/ROS/robot_ws/install/gazebo_plugins/share/gazebo_plugins//worlds/gazebo_ros_camera_distortion_pincushion_demo.world
[2.979s] -- Up-to-date symlink: /home/iju/S08P31C208/ROS/robot_ws/install/gazebo_plugins/share/gazebo_plugins//worlds/gazebo_ros_camera_triggered_demo.world
[2.980s] -- Up-to-date symlink: /home/iju/S08P31C208/ROS/robot_ws/install/gazebo_plugins/share/gazebo_plugins//worlds/gazebo_ros_depth_camera_demo.world
[2.980s] -- Up-to-date symlink: /home/iju/S08P31C208/ROS/robot_ws/install/gazebo_plugins/share/gazebo_plugins//worlds/gazebo_ros_diff_drive_demo.world
[2.980s] -- Up-to-date symlink: /home/iju/S08P31C208/ROS/robot_ws/install/gazebo_plugins/share/gazebo_plugins//worlds/gazebo_ros_elevator_demo.world
[2.981s] -- Up-to-date symlink: /home/iju/S08P31C208/ROS/robot_ws/install/gazebo_plugins/share/gazebo_plugins//worlds/gazebo_ros_force_demo.world
[2.981s] -- Up-to-date symlink: /home/iju/S08P31C208/ROS/robot_ws/install/gazebo_plugins/share/gazebo_plugins//worlds/gazebo_ros_ft_sensor_demo.world
[2.982s] -- Up-to-date symlink: /home/iju/S08P31C208/ROS/robot_ws/install/gazebo_plugins/share/gazebo_plugins//worlds/gazebo_ros_gps_sensor_demo.world
[2.982s] -- Up-to-date symlink: /home/iju/S08P31C208/ROS/robot_ws/install/gazebo_plugins/share/gazebo_plugins//worlds/gazebo_ros_hand_of_god_demo.world
[2.982s] -- Up-to-date symlink: /home/iju/S08P31C208/ROS/robot_ws/install/gazebo_plugins/share/gazebo_plugins//worlds/gazebo_ros_harness_demo.world
[2.983s] -- Up-to-date symlink: /home/iju/S08P31C208/ROS/robot_ws/install/gazebo_plugins/share/gazebo_plugins//worlds/gazebo_ros_joint_pose_trajectory_demo.world
[2.983s] -- Up-to-date symlink: /home/iju/S08P31C208/ROS/robot_ws/install/gazebo_plugins/share/gazebo_plugins//worlds/gazebo_ros_joint_state_publisher_demo.world
[2.984s] -- Up-to-date symlink: /home/iju/S08P31C208/ROS/robot_ws/install/gazebo_plugins/share/gazebo_plugins//worlds/gazebo_ros_logical_camera_demo.world
[2.984s] -- Up-to-date symlink: /home/iju/S08P31C208/ROS/robot_ws/install/gazebo_plugins/share/gazebo_plugins//worlds/gazebo_ros_multi_camera_demo.world
[2.984s] -- Up-to-date symlink: /home/iju/S08P31C208/ROS/robot_ws/install/gazebo_plugins/share/gazebo_plugins//worlds/gazebo_ros_p3d_demo.world
[2.985s] -- Up-to-date symlink: /home/iju/S08P31C208/ROS/robot_ws/install/gazebo_plugins/share/gazebo_plugins//worlds/gazebo_ros_planar_move_demo.world
[2.985s] -- Up-to-date symlink: /home/iju/S08P31C208/ROS/robot_ws/install/gazebo_plugins/share/gazebo_plugins//worlds/gazebo_ros_projector_demo.world
[2.985s] -- Up-to-date symlink: /home/iju/S08P31C208/ROS/robot_ws/install/gazebo_plugins/share/gazebo_plugins//worlds/gazebo_ros_ray_sensor_demo.world
[2.985s] -- Up-to-date symlink: /home/iju/S08P31C208/ROS/robot_ws/install/gazebo_plugins/share/gazebo_plugins//worlds/gazebo_ros_skid_steer_drive_demo.world
[2.986s] -- Up-to-date symlink: /home/iju/S08P31C208/ROS/robot_ws/install/gazebo_plugins/share/gazebo_plugins//worlds/gazebo_ros_template_demo.world
[2.986s] -- Up-to-date symlink: /home/iju/S08P31C208/ROS/robot_ws/install/gazebo_plugins/share/gazebo_plugins//worlds/gazebo_ros_tricycle_drive_demo.world
[2.986s] -- Up-to-date symlink: /home/iju/S08P31C208/ROS/robot_ws/install/gazebo_plugins/share/gazebo_plugins//worlds/gazebo_ros_vacuum_gripper_demo.world
[2.987s] -- Up-to-date symlink: /home/iju/S08P31C208/ROS/robot_ws/install/gazebo_plugins/share/gazebo_plugins//worlds/gazebo_ros_video_demo.world
[3.006s] Invoked command in '/home/iju/S08P31C208/ROS/robot_ws/build/gazebo_plugins' returned '0': CMAKE_PREFIX_PATH=/home/iju/S08P31C208/ROS/robot_ws/install/gazebo_ros:/home/iju/S08P31C208/ROS/robot_ws/install/gazebo_msgs:/home/iju/S08P31C208/ROS/robot_ws/install/gazebo_dev:/home/iju/S08P31C208/ROS/robot_ws/install/turtlebot3_simulations:/home/iju/S08P31C208/ROS/robot_ws/install/turtlebot3_gazebo:/home/iju/S08P31C208/ROS/robot_ws/install/turtlebot3:/home/iju/S08P31C208/ROS/robot_ws/install/turtlebot3_bringup:/home/iju/S08P31C208/ROS/robot_ws/install/turtlebot3_node:/home/iju/S08P31C208/ROS/robot_ws/install/turtlebot3_navigation2:/home/iju/S08P31C208/ROS/robot_ws/install/turtlebot3_fake_node:/home/iju/S08P31C208/ROS/robot_ws/install/turtlebot3_msgs:/home/iju/S08P31C208/ROS/robot_ws/install/turtlebot3_description:/home/iju/S08P31C208/ROS/robot_ws/install/turtlebot3_cartographer:/home/iju/S08P31C208/ROS/robot_ws/install/turtle_cpp:/home/iju/S08P31C208/ROS/robot_ws/install/nav2_system_tests:/home/iju/S08P31C208/ROS/robot_ws/install/nav2_bringup:/home/iju/S08P31C208/ROS/robot_ws/install/navigation2:/home/iju/S08P31C208/ROS/robot_ws/install/nav2_dwb_controller:/home/iju/S08P31C208/ROS/robot_ws/install/dwb_plugins:/home/iju/S08P31C208/ROS/robot_ws/install/dwb_critics:/home/iju/S08P31C208/ROS/robot_ws/install/dwb_controller:/home/iju/S08P31C208/ROS/robot_ws/install/dwb_core:/home/iju/S08P31C208/ROS/robot_ws/install/nav_2d_utils:/home/iju/S08P31C208/ROS/robot_ws/install/dwb_msgs:/home/iju/S08P31C208/ROS/robot_ws/install/nav_2d_msgs:/home/iju/S08P31C208/ROS/robot_ws/install/nav2_world_model:/home/iju/S08P31C208/ROS/robot_ws/install/nav2_recoveries:/home/iju/S08P31C208/ROS/robot_ws/install/costmap_queue:/home/iju/S08P31C208/ROS/robot_ws/install/nav2_costmap_2d:/home/iju/S08P31C208/ROS/robot_ws/install/nav2_voxel_grid:/home/iju/S08P31C208/ROS/robot_ws/install/nav2_rviz_plugins:/home/iju/S08P31C208/ROS/robot_ws/install/nav2_navfn_planner:/home/iju/S08P31C208/ROS/robot_ws/install/nav2_map_server:/home/iju/S08P31C208/ROS/robot_ws/install/nav2_lifecycle_manager:/home/iju/S08P31C208/ROS/robot_ws/install/nav2_bt_navigator:/home/iju/S08P31C208/ROS/robot_ws/install/nav2_behavior_tree:/home/iju/S08P31C208/ROS/robot_ws/install/nav2_amcl:/home/iju/S08P31C208/ROS/robot_ws/install/nav2_util:/home/iju/S08P31C208/ROS/robot_ws/install/nav2_msgs:/home/iju/S08P31C208/ROS/robot_ws/install/nav2_dynamic_params:/home/iju/S08P31C208/ROS/robot_ws/install/nav2_common:/home/iju/S08P31C208/ROS/robot_ws/install/gazebo_ros_pkgs:/home/iju/S08P31C208/ROS/robot_ws/install/gazebo_plugins:/home/iju/S08P31C208/ROS/robot_ws/install/dynamixel_sdk_examples:/home/iju/S08P31C208/ROS/robot_ws/install/dynamixel_sdk_custom_interfaces:/home/iju/S08P31C208/ROS/robot_ws/install/dynamixel_sdk:/home/iju/S08P31C208/ROS/robot_ws/install/turtlebot3_teleop:/home/iju/S08P31C208/ROS/robot_ws/install/turtlebot3_example:/opt/ros/dashing LD_LIBRARY_PATH=/home/iju/S08P31C208/ROS/robot_ws/install/gazebo_ros/lib:/home/iju/S08P31C208/ROS/robot_ws/install/gazebo_msgs/lib:/home/iju/S08P31C208/ROS/robot_ws/install/turtlebot3_msgs/lib:/home/iju/S08P31C208/ROS/robot_ws/install/dwb_plugins/lib:/home/iju/S08P31C208/ROS/robot_ws/install/dwb_critics/lib:/home/iju/S08P31C208/ROS/robot_ws/install/dwb_controller/lib:/home/iju/S08P31C208/ROS/robot_ws/install/dwb_core/lib:/home/iju/S08P31C208/ROS/robot_ws/install/nav_2d_utils/lib:/home/iju/S08P31C208/ROS/robot_ws/install/dwb_msgs/lib:/home/iju/S08P31C208/ROS/robot_ws/install/nav_2d_msgs/lib:/home/iju/S08P31C208/ROS/robot_ws/install/nav2_world_model/lib:/home/iju/S08P31C208/ROS/robot_ws/install/nav2_recoveries/lib:/home/iju/S08P31C208/ROS/robot_ws/install/costmap_queue/lib:/home/iju/S08P31C208/ROS/robot_ws/install/nav2_costmap_2d/lib:/home/iju/S08P31C208/ROS/robot_ws/install/nav2_voxel_grid/lib:/home/iju/S08P31C208/ROS/robot_ws/install/nav2_rviz_plugins/lib:/home/iju/S08P31C208/ROS/robot_ws/install/nav2_navfn_planner/lib:/home/iju/S08P31C208/ROS/robot_ws/install/nav2_map_server/lib:/home/iju/S08P31C208/ROS/robot_ws/install/nav2_lifecycle_manager/lib:/home/iju/S08P31C208/ROS/robot_ws/install/nav2_bt_navigator/lib:/home/iju/S08P31C208/ROS/robot_ws/install/nav2_behavior_tree/lib:/home/iju/S08P31C208/ROS/robot_ws/install/nav2_amcl/lib:/home/iju/S08P31C208/ROS/robot_ws/install/nav2_util/lib:/home/iju/S08P31C208/ROS/robot_ws/install/nav2_msgs/lib:/home/iju/S08P31C208/ROS/robot_ws/install/nav2_dynamic_params/lib:/home/iju/S08P31C208/ROS/robot_ws/install/gazebo_plugins/lib:/home/iju/S08P31C208/ROS/robot_ws/install/dynamixel_sdk_custom_interfaces/lib:/home/iju/S08P31C208/ROS/robot_ws/install/dynamixel_sdk/lib:/usr/lib/x86_64-linux-gnu/gazebo-9/plugins:/opt/ros/dashing/opt/yaml_cpp_vendor/lib:/opt/ros/dashing/opt/rviz_ogre_vendor/lib:/opt/ros/dashing/lib PS1=\u@\h \[\033[32m\]\w\[\033[33m\]$(parse_git_branch)\[\033[00m\] $ PYTHONPATH=/home/iju/S08P31C208/ROS/robot_ws/install/gazebo_ros/lib/python3.6/site-packages:/home/iju/S08P31C208/ROS/robot_ws/install/gazebo_msgs/lib/python3.6/site-packages:/home/iju/S08P31C208/ROS/robot_ws/install/turtlebot3_teleop/lib/python3.6/site-packages:/home/iju/S08P31C208/ROS/robot_ws/install/turtlebot3_example/lib/python3.6/site-packages:/home/iju/S08P31C208/ROS/robot_ws/install/turtlebot3_msgs/lib/python3.6/site-packages:/home/iju/S08P31C208/ROS/robot_ws/install/dwb_msgs/lib/python3.6/site-packages:/home/iju/S08P31C208/ROS/robot_ws/install/nav_2d_msgs/lib/python3.6/site-packages:/home/iju/S08P31C208/ROS/robot_ws/install/nav2_msgs/lib/python3.6/site-packages:/home/iju/S08P31C208/ROS/robot_ws/install/nav2_common/lib/python3.6/site-packages:/home/iju/S08P31C208/ROS/robot_ws/install/dynamixel_sdk_custom_interfaces/lib/python3.6/site-packages:/opt/ros/dashing/lib/python3.6/site-packages /usr/bin/cmake --build /home/iju/S08P31C208/ROS/robot_ws/build/gazebo_plugins --target install -- -j6 -l6
