[0.151s] Invoking command in '/home/iju/S08P31C208/ROS/robot_ws/build/turtlebot3_msgs': CMAKE_PREFIX_PATH=/home/iju/S08P31C208/ROS/robot_ws/install/vision_opencv:/home/iju/S08P31C208/ROS/robot_ws/install/turtlebot3_simulations:/home/iju/S08P31C208/ROS/robot_ws/install/turtlebot3_gazebo:/home/iju/S08P31C208/ROS/robot_ws/install/turtlebot3:/home/iju/S08P31C208/ROS/robot_ws/install/turtlebot3_bringup:/home/iju/S08P31C208/ROS/robot_ws/install/turtlebot3_node:/home/iju/S08P31C208/ROS/robot_ws/install/turtlebot3_navigation2:/home/iju/S08P31C208/ROS/robot_ws/install/turtlebot3_fake_node:/home/iju/S08P31C208/ROS/robot_ws/install/turtlebot3_msgs:/home/iju/S08P31C208/ROS/robot_ws/install/turtlebot3_description:/home/iju/S08P31C208/ROS/robot_ws/install/turtlebot3_cartographer:/home/iju/S08P31C208/ROS/robot_ws/install/image_geometry:/home/iju/S08P31C208/ROS/robot_ws/install/gazebo_ros_pkgs:/home/iju/S08P31C208/ROS/robot_ws/install/turtlebot3_teleop:/home/iju/S08P31C208/ROS/robot_ws/install/turtlebot3_example:/home/iju/S08P31C208/ROS/robot_ws/install/opencv_tests:/opt/ros/dashing:/home/iju/S08P31C208/ROS/robot_ws/install/aws_robomaker_hospital_world:/home/iju/S08P31C208/ROS/robot_ws/install/gazebo_plugins:/home/iju/S08P31C208/ROS/robot_ws/install/gazebo_ros:/home/iju/S08P31C208/ROS/robot_ws/install/gazebo_msgs:/home/iju/S08P31C208/ROS/robot_ws/install/gazebo_dev:/home/iju/S08P31C208/ROS/robot_ws/install/dynamixel_sdk_examples:/home/iju/S08P31C208/ROS/robot_ws/install/dynamixel_sdk_custom_interfaces:/home/iju/S08P31C208/ROS/robot_ws/install/dynamixel_sdk:/home/iju/S08P31C208/ROS/robot_ws/install/cv_bridge PS1=\u@\h \[\033[32m\]\w\[\033[33m\]$(parse_git_branch)\[\033[00m\] $ /usr/bin/cmake /home/iju/S08P31C208/ROS/robot_ws/src/turtlebot3_msgs -DCMAKE_INSTALL_PREFIX=/home/iju/S08P31C208/ROS/robot_ws/install/turtlebot3_msgs
[0.207s] -- Found action_msgs: 0.7.4 (/opt/ros/dashing/share/action_msgs/cmake)
[0.253s] -- Found PythonInterp: /usr/bin/python3 (found suitable version "3.6.9", minimum required is "3") 
[0.253s] -- Using PYTHON_EXECUTABLE: /usr/bin/python3
[0.497s] -- Override CMake install command with custom implementation using symlinks instead of copying resources
[0.517s] -- Found rosidl_adapter: 0.7.10 (/opt/ros/dashing/share/rosidl_adapter/cmake)
[0.570s] -- Found ament_cmake: 0.7.6 (/opt/ros/dashing/share/ament_cmake/cmake)
[0.586s] -- Found rosidl_default_generators: 0.7.0 (/opt/ros/dashing/share/rosidl_default_generators/cmake)
[0.722s] -- Found std_msgs: 0.7.1 (/opt/ros/dashing/share/std_msgs/cmake)
[0.762s] -- Found PythonInterp: /usr/bin/python3 (found version "3.6.9") 
[1.083s] -- Found ament_cmake_cppcheck: 0.7.12 (/opt/ros/dashing/share/ament_cmake_cppcheck/cmake)
[1.083s] -- Found ament_cmake_cpplint: 0.7.12 (/opt/ros/dashing/share/ament_cmake_cpplint/cmake)
[1.089s] -- Found ament_cmake_uncrustify: 0.7.12 (/opt/ros/dashing/share/ament_cmake_uncrustify/cmake)
[1.153s] -- Using all available rosidl_typesupport_c: rosidl_typesupport_fastrtps_c;rosidl_typesupport_introspection_c
[1.192s] -- Using all available rosidl_typesupport_cpp: rosidl_typesupport_fastrtps_cpp;rosidl_typesupport_introspection_cpp
[1.466s] -- Found rmw_implementation_cmake: 0.7.2 (/opt/ros/dashing/share/rmw_implementation_cmake/cmake)
[1.497s] -- Found PythonInterp: /usr/bin/python3 (found suitable version "3.6.9", minimum required is "3.5") 
[1.498s] -- Found python_cmake_module: 0.7.11 (/opt/ros/dashing/share/python_cmake_module/cmake)
[1.529s] -- Using PYTHON_EXECUTABLE: /usr/bin/python3
[1.529s] -- Using PYTHON_INCLUDE_DIRS: /usr/include/python3.6m
[1.529s] -- Using PYTHON_LIBRARIES: /usr/lib/x86_64-linux-gnu/libpython3.6m.so
[1.739s] -- Found ament_cmake_flake8: 0.7.12 (/opt/ros/dashing/share/ament_cmake_flake8/cmake)
[1.740s] -- Found ament_cmake_pep257: 0.7.12 (/opt/ros/dashing/share/ament_cmake_pep257/cmake)
[1.761s] -- Configuring done
[2.045s] -- Generating done
[2.045s] -- Build files have been written to: /home/iju/S08P31C208/ROS/robot_ws/build/turtlebot3_msgs
[2.110s] Invoked command in '/home/iju/S08P31C208/ROS/robot_ws/build/turtlebot3_msgs' returned '0': CMAKE_PREFIX_PATH=/home/iju/S08P31C208/ROS/robot_ws/install/vision_opencv:/home/iju/S08P31C208/ROS/robot_ws/install/turtlebot3_simulations:/home/iju/S08P31C208/ROS/robot_ws/install/turtlebot3_gazebo:/home/iju/S08P31C208/ROS/robot_ws/install/turtlebot3:/home/iju/S08P31C208/ROS/robot_ws/install/turtlebot3_bringup:/home/iju/S08P31C208/ROS/robot_ws/install/turtlebot3_node:/home/iju/S08P31C208/ROS/robot_ws/install/turtlebot3_navigation2:/home/iju/S08P31C208/ROS/robot_ws/install/turtlebot3_fake_node:/home/iju/S08P31C208/ROS/robot_ws/install/turtlebot3_msgs:/home/iju/S08P31C208/ROS/robot_ws/install/turtlebot3_description:/home/iju/S08P31C208/ROS/robot_ws/install/turtlebot3_cartographer:/home/iju/S08P31C208/ROS/robot_ws/install/image_geometry:/home/iju/S08P31C208/ROS/robot_ws/install/gazebo_ros_pkgs:/home/iju/S08P31C208/ROS/robot_ws/install/turtlebot3_teleop:/home/iju/S08P31C208/ROS/robot_ws/install/turtlebot3_example:/home/iju/S08P31C208/ROS/robot_ws/install/opencv_tests:/opt/ros/dashing:/home/iju/S08P31C208/ROS/robot_ws/install/aws_robomaker_hospital_world:/home/iju/S08P31C208/ROS/robot_ws/install/gazebo_plugins:/home/iju/S08P31C208/ROS/robot_ws/install/gazebo_ros:/home/iju/S08P31C208/ROS/robot_ws/install/gazebo_msgs:/home/iju/S08P31C208/ROS/robot_ws/install/gazebo_dev:/home/iju/S08P31C208/ROS/robot_ws/install/dynamixel_sdk_examples:/home/iju/S08P31C208/ROS/robot_ws/install/dynamixel_sdk_custom_interfaces:/home/iju/S08P31C208/ROS/robot_ws/install/dynamixel_sdk:/home/iju/S08P31C208/ROS/robot_ws/install/cv_bridge PS1=\u@\h \[\033[32m\]\w\[\033[33m\]$(parse_git_branch)\[\033[00m\] $ /usr/bin/cmake /home/iju/S08P31C208/ROS/robot_ws/src/turtlebot3_msgs -DCMAKE_INSTALL_PREFIX=/home/iju/S08P31C208/ROS/robot_ws/install/turtlebot3_msgs
[2.112s] Invoking command in '/home/iju/S08P31C208/ROS/robot_ws/build/turtlebot3_msgs': CMAKE_PREFIX_PATH=/home/iju/S08P31C208/ROS/robot_ws/install/vision_opencv:/home/iju/S08P31C208/ROS/robot_ws/install/turtlebot3_simulations:/home/iju/S08P31C208/ROS/robot_ws/install/turtlebot3_gazebo:/home/iju/S08P31C208/ROS/robot_ws/install/turtlebot3:/home/iju/S08P31C208/ROS/robot_ws/install/turtlebot3_bringup:/home/iju/S08P31C208/ROS/robot_ws/install/turtlebot3_node:/home/iju/S08P31C208/ROS/robot_ws/install/turtlebot3_navigation2:/home/iju/S08P31C208/ROS/robot_ws/install/turtlebot3_fake_node:/home/iju/S08P31C208/ROS/robot_ws/install/turtlebot3_msgs:/home/iju/S08P31C208/ROS/robot_ws/install/turtlebot3_description:/home/iju/S08P31C208/ROS/robot_ws/install/turtlebot3_cartographer:/home/iju/S08P31C208/ROS/robot_ws/install/image_geometry:/home/iju/S08P31C208/ROS/robot_ws/install/gazebo_ros_pkgs:/home/iju/S08P31C208/ROS/robot_ws/install/turtlebot3_teleop:/home/iju/S08P31C208/ROS/robot_ws/install/turtlebot3_example:/home/iju/S08P31C208/ROS/robot_ws/install/opencv_tests:/opt/ros/dashing:/home/iju/S08P31C208/ROS/robot_ws/install/aws_robomaker_hospital_world:/home/iju/S08P31C208/ROS/robot_ws/install/gazebo_plugins:/home/iju/S08P31C208/ROS/robot_ws/install/gazebo_ros:/home/iju/S08P31C208/ROS/robot_ws/install/gazebo_msgs:/home/iju/S08P31C208/ROS/robot_ws/install/gazebo_dev:/home/iju/S08P31C208/ROS/robot_ws/install/dynamixel_sdk_examples:/home/iju/S08P31C208/ROS/robot_ws/install/dynamixel_sdk_custom_interfaces:/home/iju/S08P31C208/ROS/robot_ws/install/dynamixel_sdk:/home/iju/S08P31C208/ROS/robot_ws/install/cv_bridge PS1=\u@\h \[\033[32m\]\w\[\033[33m\]$(parse_git_branch)\[\033[00m\] $ /usr/bin/cmake --build /home/iju/S08P31C208/ROS/robot_ws/build/turtlebot3_msgs -- -j6 -l6
[2.207s] [  1%] Built target turtlebot3_msgs__cpp
[2.254s] [ 12%] Built target turtlebot3_msgs__rosidl_generator_c
[2.322s] [ 23%] Built target turtlebot3_msgs__rosidl_typesupport_fastrtps_cpp
[2.347s] [ 35%] Built target turtlebot3_msgs__rosidl_typesupport_cpp
[2.376s] [ 46%] Built target turtlebot3_msgs__rosidl_typesupport_introspection_cpp
[2.384s] [ 57%] Built target turtlebot3_msgs__rosidl_typesupport_introspection_c
[2.399s] [ 69%] Built target turtlebot3_msgs__rosidl_typesupport_c
[2.419s] [ 80%] Built target turtlebot3_msgs__rosidl_typesupport_fastrtps_c
[2.450s] [ 80%] Built target turtlebot3_msgs
[2.478s] [ 81%] Built target turtlebot3_msgs__py
[2.522s] [ 91%] Built target turtlebot3_msgs__python
[2.561s] [ 94%] Built target turtlebot3_msgs__rosidl_typesupport_c__pyext
[2.596s] [ 97%] Built target turtlebot3_msgs__rosidl_typesupport_introspection_c__pyext
[2.596s] [100%] Built target turtlebot3_msgs__rosidl_typesupport_fastrtps_c__pyext
[2.615s] Invoked command in '/home/iju/S08P31C208/ROS/robot_ws/build/turtlebot3_msgs' returned '0': CMAKE_PREFIX_PATH=/home/iju/S08P31C208/ROS/robot_ws/install/vision_opencv:/home/iju/S08P31C208/ROS/robot_ws/install/turtlebot3_simulations:/home/iju/S08P31C208/ROS/robot_ws/install/turtlebot3_gazebo:/home/iju/S08P31C208/ROS/robot_ws/install/turtlebot3:/home/iju/S08P31C208/ROS/robot_ws/install/turtlebot3_bringup:/home/iju/S08P31C208/ROS/robot_ws/install/turtlebot3_node:/home/iju/S08P31C208/ROS/robot_ws/install/turtlebot3_navigation2:/home/iju/S08P31C208/ROS/robot_ws/install/turtlebot3_fake_node:/home/iju/S08P31C208/ROS/robot_ws/install/turtlebot3_msgs:/home/iju/S08P31C208/ROS/robot_ws/install/turtlebot3_description:/home/iju/S08P31C208/ROS/robot_ws/install/turtlebot3_cartographer:/home/iju/S08P31C208/ROS/robot_ws/install/image_geometry:/home/iju/S08P31C208/ROS/robot_ws/install/gazebo_ros_pkgs:/home/iju/S08P31C208/ROS/robot_ws/install/turtlebot3_teleop:/home/iju/S08P31C208/ROS/robot_ws/install/turtlebot3_example:/home/iju/S08P31C208/ROS/robot_ws/install/opencv_tests:/opt/ros/dashing:/home/iju/S08P31C208/ROS/robot_ws/install/aws_robomaker_hospital_world:/home/iju/S08P31C208/ROS/robot_ws/install/gazebo_plugins:/home/iju/S08P31C208/ROS/robot_ws/install/gazebo_ros:/home/iju/S08P31C208/ROS/robot_ws/install/gazebo_msgs:/home/iju/S08P31C208/ROS/robot_ws/install/gazebo_dev:/home/iju/S08P31C208/ROS/robot_ws/install/dynamixel_sdk_examples:/home/iju/S08P31C208/ROS/robot_ws/install/dynamixel_sdk_custom_interfaces:/home/iju/S08P31C208/ROS/robot_ws/install/dynamixel_sdk:/home/iju/S08P31C208/ROS/robot_ws/install/cv_bridge PS1=\u@\h \[\033[32m\]\w\[\033[33m\]$(parse_git_branch)\[\033[00m\] $ /usr/bin/cmake --build /home/iju/S08P31C208/ROS/robot_ws/build/turtlebot3_msgs -- -j6 -l6
[3.152s] Invoking command in '/home/iju/S08P31C208/ROS/robot_ws/build/turtlebot3_msgs': CMAKE_PREFIX_PATH=/home/iju/S08P31C208/ROS/robot_ws/install/vision_opencv:/home/iju/S08P31C208/ROS/robot_ws/install/turtlebot3_simulations:/home/iju/S08P31C208/ROS/robot_ws/install/turtlebot3_gazebo:/home/iju/S08P31C208/ROS/robot_ws/install/turtlebot3:/home/iju/S08P31C208/ROS/robot_ws/install/turtlebot3_bringup:/home/iju/S08P31C208/ROS/robot_ws/install/turtlebot3_node:/home/iju/S08P31C208/ROS/robot_ws/install/turtlebot3_navigation2:/home/iju/S08P31C208/ROS/robot_ws/install/turtlebot3_fake_node:/home/iju/S08P31C208/ROS/robot_ws/install/turtlebot3_msgs:/home/iju/S08P31C208/ROS/robot_ws/install/turtlebot3_description:/home/iju/S08P31C208/ROS/robot_ws/install/turtlebot3_cartographer:/home/iju/S08P31C208/ROS/robot_ws/install/image_geometry:/home/iju/S08P31C208/ROS/robot_ws/install/gazebo_ros_pkgs:/home/iju/S08P31C208/ROS/robot_ws/install/turtlebot3_teleop:/home/iju/S08P31C208/ROS/robot_ws/install/turtlebot3_example:/home/iju/S08P31C208/ROS/robot_ws/install/opencv_tests:/opt/ros/dashing:/home/iju/S08P31C208/ROS/robot_ws/install/aws_robomaker_hospital_world:/home/iju/S08P31C208/ROS/robot_ws/install/gazebo_plugins:/home/iju/S08P31C208/ROS/robot_ws/install/gazebo_ros:/home/iju/S08P31C208/ROS/robot_ws/install/gazebo_msgs:/home/iju/S08P31C208/ROS/robot_ws/install/gazebo_dev:/home/iju/S08P31C208/ROS/robot_ws/install/dynamixel_sdk_examples:/home/iju/S08P31C208/ROS/robot_ws/install/dynamixel_sdk_custom_interfaces:/home/iju/S08P31C208/ROS/robot_ws/install/dynamixel_sdk:/home/iju/S08P31C208/ROS/robot_ws/install/cv_bridge PS1=\u@\h \[\033[32m\]\w\[\033[33m\]$(parse_git_branch)\[\033[00m\] $ /usr/bin/cmake --build /home/iju/S08P31C208/ROS/robot_ws/build/turtlebot3_msgs --target install -- -j6 -l6
[3.209s] [  1%] Built target turtlebot3_msgs__cpp
[3.219s] [ 12%] Built target turtlebot3_msgs__rosidl_generator_c
[3.264s] [ 23%] Built target turtlebot3_msgs__rosidl_typesupport_cpp
[3.274s] [ 35%] Built target turtlebot3_msgs__rosidl_typesupport_fastrtps_cpp
[3.279s] [ 46%] Built target turtlebot3_msgs__rosidl_typesupport_c
[3.281s] [ 57%] Built target turtlebot3_msgs__rosidl_typesupport_introspection_cpp
[3.298s] [ 69%] Built target turtlebot3_msgs__rosidl_typesupport_introspection_c
[3.322s] [ 80%] Built target turtlebot3_msgs__rosidl_typesupport_fastrtps_c
[3.361s] [ 80%] Built target turtlebot3_msgs
[3.395s] [ 81%] Built target turtlebot3_msgs__py
[3.440s] [ 91%] Built target turtlebot3_msgs__python
[3.485s] [ 94%] Built target turtlebot3_msgs__rosidl_typesupport_c__pyext
[3.491s] [ 97%] Built target turtlebot3_msgs__rosidl_typesupport_fastrtps_c__pyext
[3.497s] [100%] Built target turtlebot3_msgs__rosidl_typesupport_introspection_c__pyext
[3.518s] [36mInstall the project...[0m
[3.527s] -- Install configuration: ""
[3.527s] -- Execute custom install script
[3.528s] -- Up-to-date symlink: /home/iju/S08P31C208/ROS/robot_ws/install/turtlebot3_msgs/share/ament_index/resource_index/rosidl_interfaces/turtlebot3_msgs
[3.531s] -- Up-to-date symlink: /home/iju/S08P31C208/ROS/robot_ws/install/turtlebot3_msgs/include/turtlebot3_msgs/action/patrol.hpp
[3.531s] -- Up-to-date symlink: /home/iju/S08P31C208/ROS/robot_ws/install/turtlebot3_msgs/include/turtlebot3_msgs/action/patrol__struct.hpp
[3.532s] -- Up-to-date symlink: /home/iju/S08P31C208/ROS/robot_ws/install/turtlebot3_msgs/include/turtlebot3_msgs/action/patrol__traits.hpp
[3.533s] -- Up-to-date symlink: /home/iju/S08P31C208/ROS/robot_ws/install/turtlebot3_msgs/include/turtlebot3_msgs/msg/sensor_state.hpp
[3.533s] -- Up-to-date symlink: /home/iju/S08P31C208/ROS/robot_ws/install/turtlebot3_msgs/include/turtlebot3_msgs/msg/sensor_state__struct.hpp
[3.534s] -- Up-to-date symlink: /home/iju/S08P31C208/ROS/robot_ws/install/turtlebot3_msgs/include/turtlebot3_msgs/msg/sensor_state__traits.hpp
[3.534s] -- Up-to-date symlink: /home/iju/S08P31C208/ROS/robot_ws/install/turtlebot3_msgs/include/turtlebot3_msgs/msg/sound.hpp
[3.535s] -- Up-to-date symlink: /home/iju/S08P31C208/ROS/robot_ws/install/turtlebot3_msgs/include/turtlebot3_msgs/msg/sound__struct.hpp
[3.535s] -- Up-to-date symlink: /home/iju/S08P31C208/ROS/robot_ws/install/turtlebot3_msgs/include/turtlebot3_msgs/msg/sound__traits.hpp
[3.535s] -- Up-to-date symlink: /home/iju/S08P31C208/ROS/robot_ws/install/turtlebot3_msgs/include/turtlebot3_msgs/msg/version_info.hpp
[3.536s] -- Up-to-date symlink: /home/iju/S08P31C208/ROS/robot_ws/install/turtlebot3_msgs/include/turtlebot3_msgs/msg/version_info__struct.hpp
[3.536s] -- Up-to-date symlink: /home/iju/S08P31C208/ROS/robot_ws/install/turtlebot3_msgs/include/turtlebot3_msgs/msg/version_info__traits.hpp
[3.537s] -- Up-to-date symlink: /home/iju/S08P31C208/ROS/robot_ws/install/turtlebot3_msgs/include/turtlebot3_msgs/srv/dqn.hpp
[3.538s] -- Up-to-date symlink: /home/iju/S08P31C208/ROS/robot_ws/install/turtlebot3_msgs/include/turtlebot3_msgs/srv/dqn__struct.hpp
[3.538s] -- Up-to-date symlink: /home/iju/S08P31C208/ROS/robot_ws/install/turtlebot3_msgs/include/turtlebot3_msgs/srv/dqn__traits.hpp
[3.538s] -- Up-to-date symlink: /home/iju/S08P31C208/ROS/robot_ws/install/turtlebot3_msgs/include/turtlebot3_msgs/srv/sound.hpp
[3.539s] -- Up-to-date symlink: /home/iju/S08P31C208/ROS/robot_ws/install/turtlebot3_msgs/include/turtlebot3_msgs/srv/sound__struct.hpp
[3.539s] -- Up-to-date symlink: /home/iju/S08P31C208/ROS/robot_ws/install/turtlebot3_msgs/include/turtlebot3_msgs/srv/sound__traits.hpp
[3.540s] -- Up-to-date symlink: /home/iju/S08P31C208/ROS/robot_ws/install/turtlebot3_msgs/include/turtlebot3_msgs/action/patrol.h
[3.541s] -- Up-to-date symlink: /home/iju/S08P31C208/ROS/robot_ws/install/turtlebot3_msgs/include/turtlebot3_msgs/action/patrol__functions.h
[3.541s] -- Up-to-date symlink: /home/iju/S08P31C208/ROS/robot_ws/install/turtlebot3_msgs/include/turtlebot3_msgs/action/patrol__struct.h
[3.542s] -- Up-to-date symlink: /home/iju/S08P31C208/ROS/robot_ws/install/turtlebot3_msgs/include/turtlebot3_msgs/action/patrol__type_support.h
[3.542s] -- Up-to-date symlink: /home/iju/S08P31C208/ROS/robot_ws/install/turtlebot3_msgs/include/turtlebot3_msgs/msg/rosidl_generator_c__visibility_control.h
[3.542s] -- Up-to-date symlink: /home/iju/S08P31C208/ROS/robot_ws/install/turtlebot3_msgs/include/turtlebot3_msgs/msg/sensor_state.h
[3.543s] -- Up-to-date symlink: /home/iju/S08P31C208/ROS/robot_ws/install/turtlebot3_msgs/include/turtlebot3_msgs/msg/sensor_state__functions.h
[3.543s] -- Up-to-date symlink: /home/iju/S08P31C208/ROS/robot_ws/install/turtlebot3_msgs/include/turtlebot3_msgs/msg/sensor_state__struct.h
[3.544s] -- Up-to-date symlink: /home/iju/S08P31C208/ROS/robot_ws/install/turtlebot3_msgs/include/turtlebot3_msgs/msg/sensor_state__type_support.h
[3.544s] -- Up-to-date symlink: /home/iju/S08P31C208/ROS/robot_ws/install/turtlebot3_msgs/include/turtlebot3_msgs/msg/sound.h
[3.545s] -- Up-to-date symlink: /home/iju/S08P31C208/ROS/robot_ws/install/turtlebot3_msgs/include/turtlebot3_msgs/msg/sound__functions.h
[3.545s] -- Up-to-date symlink: /home/iju/S08P31C208/ROS/robot_ws/install/turtlebot3_msgs/include/turtlebot3_msgs/msg/sound__struct.h
[3.546s] -- Up-to-date symlink: /home/iju/S08P31C208/ROS/robot_ws/install/turtlebot3_msgs/include/turtlebot3_msgs/msg/sound__type_support.h
[3.546s] -- Up-to-date symlink: /home/iju/S08P31C208/ROS/robot_ws/install/turtlebot3_msgs/include/turtlebot3_msgs/msg/version_info.h
[3.547s] -- Up-to-date symlink: /home/iju/S08P31C208/ROS/robot_ws/install/turtlebot3_msgs/include/turtlebot3_msgs/msg/version_info__functions.h
[3.547s] -- Up-to-date symlink: /home/iju/S08P31C208/ROS/robot_ws/install/turtlebot3_msgs/include/turtlebot3_msgs/msg/version_info__struct.h
[3.548s] -- Up-to-date symlink: /home/iju/S08P31C208/ROS/robot_ws/install/turtlebot3_msgs/include/turtlebot3_msgs/msg/version_info__type_support.h
[3.548s] -- Up-to-date symlink: /home/iju/S08P31C208/ROS/robot_ws/install/turtlebot3_msgs/include/turtlebot3_msgs/srv/dqn.h
[3.548s] -- Up-to-date symlink: /home/iju/S08P31C208/ROS/robot_ws/install/turtlebot3_msgs/include/turtlebot3_msgs/srv/dqn__functions.h
[3.549s] -- Up-to-date symlink: /home/iju/S08P31C208/ROS/robot_ws/install/turtlebot3_msgs/include/turtlebot3_msgs/srv/dqn__struct.h
[3.549s] -- Up-to-date symlink: /home/iju/S08P31C208/ROS/robot_ws/install/turtlebot3_msgs/include/turtlebot3_msgs/srv/dqn__type_support.h
[3.550s] -- Up-to-date symlink: /home/iju/S08P31C208/ROS/robot_ws/install/turtlebot3_msgs/include/turtlebot3_msgs/srv/sound.h
[3.550s] -- Up-to-date symlink: /home/iju/S08P31C208/ROS/robot_ws/install/turtlebot3_msgs/include/turtlebot3_msgs/srv/sound__functions.h
[3.551s] -- Up-to-date symlink: /home/iju/S08P31C208/ROS/robot_ws/install/turtlebot3_msgs/include/turtlebot3_msgs/srv/sound__struct.h
[3.551s] -- Up-to-date symlink: /home/iju/S08P31C208/ROS/robot_ws/install/turtlebot3_msgs/include/turtlebot3_msgs/srv/sound__type_support.h
[3.551s] -- Up-to-date symlink: /home/iju/S08P31C208/ROS/robot_ws/install/turtlebot3_msgs/share/turtlebot3_msgs/environment/library_path.sh
[3.552s] -- Up-to-date symlink: /home/iju/S08P31C208/ROS/robot_ws/install/turtlebot3_msgs/lib/libturtlebot3_msgs__rosidl_generator_c.so
[3.553s] -- Up-to-date symlink: /home/iju/S08P31C208/ROS/robot_ws/install/turtlebot3_msgs/lib/libturtlebot3_msgs__rosidl_typesupport_c.so
[3.553s] -- Up-to-date symlink: /home/iju/S08P31C208/ROS/robot_ws/install/turtlebot3_msgs/lib/libturtlebot3_msgs__rosidl_typesupport_cpp.so
[3.554s] -- Up-to-date symlink: /home/iju/S08P31C208/ROS/robot_ws/install/turtlebot3_msgs/include/turtlebot3_msgs/action/patrol__rosidl_typesupport_introspection_c.h
[3.555s] -- Up-to-date symlink: /home/iju/S08P31C208/ROS/robot_ws/install/turtlebot3_msgs/include/turtlebot3_msgs/msg/rosidl_typesupport_introspection_c__visibility_control.h
[3.555s] -- Up-to-date symlink: /home/iju/S08P31C208/ROS/robot_ws/install/turtlebot3_msgs/include/turtlebot3_msgs/msg/sensor_state__rosidl_typesupport_introspection_c.h
[3.556s] -- Up-to-date symlink: /home/iju/S08P31C208/ROS/robot_ws/install/turtlebot3_msgs/include/turtlebot3_msgs/msg/sound__rosidl_typesupport_introspection_c.h
[3.557s] -- Up-to-date symlink: /home/iju/S08P31C208/ROS/robot_ws/install/turtlebot3_msgs/include/turtlebot3_msgs/msg/version_info__rosidl_typesupport_introspection_c.h
[3.557s] -- Up-to-date symlink: /home/iju/S08P31C208/ROS/robot_ws/install/turtlebot3_msgs/include/turtlebot3_msgs/srv/dqn__rosidl_typesupport_introspection_c.h
[3.557s] -- Up-to-date symlink: /home/iju/S08P31C208/ROS/robot_ws/install/turtlebot3_msgs/include/turtlebot3_msgs/srv/sound__rosidl_typesupport_introspection_c.h
[3.558s] -- Up-to-date symlink: /home/iju/S08P31C208/ROS/robot_ws/install/turtlebot3_msgs/lib/libturtlebot3_msgs__rosidl_typesupport_introspection_c.so
[3.559s] -- Up-to-date symlink: /home/iju/S08P31C208/ROS/robot_ws/install/turtlebot3_msgs/include/turtlebot3_msgs/action/patrol__rosidl_typesupport_introspection_cpp.hpp
[3.559s] -- Up-to-date symlink: /home/iju/S08P31C208/ROS/robot_ws/install/turtlebot3_msgs/include/turtlebot3_msgs/msg/sensor_state__rosidl_typesupport_introspection_cpp.hpp
[3.560s] -- Up-to-date symlink: /home/iju/S08P31C208/ROS/robot_ws/install/turtlebot3_msgs/include/turtlebot3_msgs/msg/sound__rosidl_typesupport_introspection_cpp.hpp
[3.560s] -- Up-to-date symlink: /home/iju/S08P31C208/ROS/robot_ws/install/turtlebot3_msgs/include/turtlebot3_msgs/msg/version_info__rosidl_typesupport_introspection_cpp.hpp
[3.560s] -- Up-to-date symlink: /home/iju/S08P31C208/ROS/robot_ws/install/turtlebot3_msgs/include/turtlebot3_msgs/srv/dqn__rosidl_typesupport_introspection_cpp.hpp
[3.561s] -- Up-to-date symlink: /home/iju/S08P31C208/ROS/robot_ws/install/turtlebot3_msgs/include/turtlebot3_msgs/srv/sound__rosidl_typesupport_introspection_cpp.hpp
[3.561s] -- Up-to-date symlink: /home/iju/S08P31C208/ROS/robot_ws/install/turtlebot3_msgs/lib/libturtlebot3_msgs__rosidl_typesupport_introspection_cpp.so
[3.562s] -- Up-to-date symlink: /home/iju/S08P31C208/ROS/robot_ws/install/turtlebot3_msgs/include/turtlebot3_msgs/action/patrol__rosidl_typesupport_fastrtps_c.h
[3.563s] -- Up-to-date symlink: /home/iju/S08P31C208/ROS/robot_ws/install/turtlebot3_msgs/include/turtlebot3_msgs/msg/rosidl_typesupport_fastrtps_c__visibility_control.h
[3.563s] -- Up-to-date symlink: /home/iju/S08P31C208/ROS/robot_ws/install/turtlebot3_msgs/include/turtlebot3_msgs/msg/sensor_state__rosidl_typesupport_fastrtps_c.h
[3.564s] -- Up-to-date symlink: /home/iju/S08P31C208/ROS/robot_ws/install/turtlebot3_msgs/include/turtlebot3_msgs/msg/sound__rosidl_typesupport_fastrtps_c.h
[3.564s] -- Up-to-date symlink: /home/iju/S08P31C208/ROS/robot_ws/install/turtlebot3_msgs/include/turtlebot3_msgs/msg/version_info__rosidl_typesupport_fastrtps_c.h
[3.564s] -- Up-to-date symlink: /home/iju/S08P31C208/ROS/robot_ws/install/turtlebot3_msgs/include/turtlebot3_msgs/srv/dqn__rosidl_typesupport_fastrtps_c.h
[3.565s] -- Up-to-date symlink: /home/iju/S08P31C208/ROS/robot_ws/install/turtlebot3_msgs/include/turtlebot3_msgs/srv/sound__rosidl_typesupport_fastrtps_c.h
[3.565s] -- Up-to-date symlink: /home/iju/S08P31C208/ROS/robot_ws/install/turtlebot3_msgs/lib/libturtlebot3_msgs__rosidl_typesupport_fastrtps_c.so
[3.566s] -- Up-to-date symlink: /home/iju/S08P31C208/ROS/robot_ws/install/turtlebot3_msgs/include/turtlebot3_msgs/action/patrol__rosidl_typesupport_fastrtps_cpp.hpp
[3.567s] -- Up-to-date symlink: /home/iju/S08P31C208/ROS/robot_ws/install/turtlebot3_msgs/include/turtlebot3_msgs/msg/rosidl_typesupport_fastrtps_cpp__visibility_control.h
[3.567s] -- Up-to-date symlink: /home/iju/S08P31C208/ROS/robot_ws/install/turtlebot3_msgs/include/turtlebot3_msgs/msg/sensor_state__rosidl_typesupport_fastrtps_cpp.hpp
[3.567s] -- Up-to-date symlink: /home/iju/S08P31C208/ROS/robot_ws/install/turtlebot3_msgs/include/turtlebot3_msgs/msg/sound__rosidl_typesupport_fastrtps_cpp.hpp
[3.568s] -- Up-to-date symlink: /home/iju/S08P31C208/ROS/robot_ws/install/turtlebot3_msgs/include/turtlebot3_msgs/msg/version_info__rosidl_typesupport_fastrtps_cpp.hpp
[3.568s] -- Up-to-date symlink: /home/iju/S08P31C208/ROS/robot_ws/install/turtlebot3_msgs/include/turtlebot3_msgs/srv/dqn__rosidl_typesupport_fastrtps_cpp.hpp
[3.569s] -- Up-to-date symlink: /home/iju/S08P31C208/ROS/robot_ws/install/turtlebot3_msgs/include/turtlebot3_msgs/srv/sound__rosidl_typesupport_fastrtps_cpp.hpp
[3.569s] -- Up-to-date symlink: /home/iju/S08P31C208/ROS/robot_ws/install/turtlebot3_msgs/lib/libturtlebot3_msgs__rosidl_typesupport_fastrtps_cpp.so
[3.569s] -- Up-to-date symlink: /home/iju/S08P31C208/ROS/robot_ws/install/turtlebot3_msgs/share/turtlebot3_msgs/environment/pythonpath.sh
[3.570s] -- Up-to-date symlink: /home/iju/S08P31C208/ROS/robot_ws/install/turtlebot3_msgs/lib/python3.6/site-packages/turtlebot3_msgs/__init__.py
[3.571s] -- Up-to-date symlink: /home/iju/S08P31C208/ROS/robot_ws/install/turtlebot3_msgs/lib/python3.6/site-packages/turtlebot3_msgs/msg/__init__.py
[3.571s] -- Up-to-date symlink: /home/iju/S08P31C208/ROS/robot_ws/install/turtlebot3_msgs/lib/python3.6/site-packages/turtlebot3_msgs/msg/_sensor_state.py
[3.572s] -- Up-to-date symlink: /home/iju/S08P31C208/ROS/robot_ws/install/turtlebot3_msgs/lib/python3.6/site-packages/turtlebot3_msgs/msg/_sound.py
[3.572s] -- Up-to-date symlink: /home/iju/S08P31C208/ROS/robot_ws/install/turtlebot3_msgs/lib/python3.6/site-packages/turtlebot3_msgs/msg/_version_info.py
[3.573s] -- Up-to-date symlink: /home/iju/S08P31C208/ROS/robot_ws/install/turtlebot3_msgs/lib/python3.6/site-packages/turtlebot3_msgs/srv/__init__.py
[3.574s] -- Up-to-date symlink: /home/iju/S08P31C208/ROS/robot_ws/install/turtlebot3_msgs/lib/python3.6/site-packages/turtlebot3_msgs/srv/_dqn.py
[3.574s] -- Up-to-date symlink: /home/iju/S08P31C208/ROS/robot_ws/install/turtlebot3_msgs/lib/python3.6/site-packages/turtlebot3_msgs/srv/_sound.py
[3.575s] -- Up-to-date symlink: /home/iju/S08P31C208/ROS/robot_ws/install/turtlebot3_msgs/lib/python3.6/site-packages/turtlebot3_msgs/action/__init__.py
[3.575s] -- Up-to-date symlink: /home/iju/S08P31C208/ROS/robot_ws/install/turtlebot3_msgs/lib/python3.6/site-packages/turtlebot3_msgs/action/_patrol.py
[3.576s] -- Up-to-date symlink: /home/iju/S08P31C208/ROS/robot_ws/install/turtlebot3_msgs/lib/python3.6/site-packages/turtlebot3_msgs/turtlebot3_msgs_s__rosidl_typesupport_c.cpython-36m-x86_64-linux-gnu.so
[3.576s] -- Up-to-date symlink: /home/iju/S08P31C208/ROS/robot_ws/install/turtlebot3_msgs/lib/python3.6/site-packages/turtlebot3_msgs/turtlebot3_msgs_s__rosidl_typesupport_introspection_c.cpython-36m-x86_64-linux-gnu.so
[3.577s] -- Up-to-date symlink: /home/iju/S08P31C208/ROS/robot_ws/install/turtlebot3_msgs/lib/python3.6/site-packages/turtlebot3_msgs/turtlebot3_msgs_s__rosidl_typesupport_fastrtps_c.cpython-36m-x86_64-linux-gnu.so
[3.578s] -- Up-to-date symlink: /home/iju/S08P31C208/ROS/robot_ws/install/turtlebot3_msgs/lib/libturtlebot3_msgs__python.so
[3.578s] -- Up-to-date symlink: /home/iju/S08P31C208/ROS/robot_ws/install/turtlebot3_msgs/share/turtlebot3_msgs/msg/SensorState.idl
[3.579s] -- Up-to-date symlink: /home/iju/S08P31C208/ROS/robot_ws/install/turtlebot3_msgs/share/turtlebot3_msgs/msg/Sound.idl
[3.579s] -- Up-to-date symlink: /home/iju/S08P31C208/ROS/robot_ws/install/turtlebot3_msgs/share/turtlebot3_msgs/msg/VersionInfo.idl
[3.580s] -- Up-to-date symlink: /home/iju/S08P31C208/ROS/robot_ws/install/turtlebot3_msgs/share/turtlebot3_msgs/srv/Sound.idl
[3.580s] -- Up-to-date symlink: /home/iju/S08P31C208/ROS/robot_ws/install/turtlebot3_msgs/share/turtlebot3_msgs/srv/Dqn.idl
[3.581s] -- Up-to-date symlink: /home/iju/S08P31C208/ROS/robot_ws/install/turtlebot3_msgs/share/turtlebot3_msgs/action/Patrol.idl
[3.581s] -- Up-to-date symlink: /home/iju/S08P31C208/ROS/robot_ws/install/turtlebot3_msgs/share/turtlebot3_msgs/msg/SensorState.msg
[3.582s] -- Up-to-date symlink: /home/iju/S08P31C208/ROS/robot_ws/install/turtlebot3_msgs/share/turtlebot3_msgs/msg/Sound.msg
[3.582s] -- Up-to-date symlink: /home/iju/S08P31C208/ROS/robot_ws/install/turtlebot3_msgs/share/turtlebot3_msgs/msg/VersionInfo.msg
[3.583s] -- Up-to-date symlink: /home/iju/S08P31C208/ROS/robot_ws/install/turtlebot3_msgs/share/turtlebot3_msgs/srv/Sound.srv
[3.584s] -- Up-to-date symlink: /home/iju/S08P31C208/ROS/robot_ws/install/turtlebot3_msgs/share/turtlebot3_msgs/srv/Sound_Request.msg
[3.584s] -- Up-to-date symlink: /home/iju/S08P31C208/ROS/robot_ws/install/turtlebot3_msgs/share/turtlebot3_msgs/srv/Sound_Response.msg
[3.585s] -- Up-to-date symlink: /home/iju/S08P31C208/ROS/robot_ws/install/turtlebot3_msgs/share/turtlebot3_msgs/srv/Dqn.srv
[3.585s] -- Up-to-date symlink: /home/iju/S08P31C208/ROS/robot_ws/install/turtlebot3_msgs/share/turtlebot3_msgs/srv/Dqn_Request.msg
[3.586s] -- Up-to-date symlink: /home/iju/S08P31C208/ROS/robot_ws/install/turtlebot3_msgs/share/turtlebot3_msgs/srv/Dqn_Response.msg
[3.586s] -- Up-to-date symlink: /home/iju/S08P31C208/ROS/robot_ws/install/turtlebot3_msgs/share/turtlebot3_msgs/action/Patrol.action
[3.587s] -- Up-to-date symlink: /home/iju/S08P31C208/ROS/robot_ws/install/turtlebot3_msgs/share/ament_index/resource_index/package_run_dependencies/turtlebot3_msgs
[3.587s] -- Up-to-date symlink: /home/iju/S08P31C208/ROS/robot_ws/install/turtlebot3_msgs/share/ament_index/resource_index/parent_prefix_path/turtlebot3_msgs
[3.588s] -- Up-to-date symlink: /home/iju/S08P31C208/ROS/robot_ws/install/turtlebot3_msgs/share/turtlebot3_msgs/environment/ament_prefix_path.sh
[3.588s] -- Up-to-date symlink: /home/iju/S08P31C208/ROS/robot_ws/install/turtlebot3_msgs/share/turtlebot3_msgs/environment/path.sh
[3.588s] -- Up-to-date symlink: /home/iju/S08P31C208/ROS/robot_ws/install/turtlebot3_msgs/share/turtlebot3_msgs/local_setup.bash
[3.588s] -- Up-to-date symlink: /home/iju/S08P31C208/ROS/robot_ws/install/turtlebot3_msgs/share/turtlebot3_msgs/local_setup.sh
[3.589s] -- Up-to-date symlink: /home/iju/S08P31C208/ROS/robot_ws/install/turtlebot3_msgs/share/turtlebot3_msgs/local_setup.zsh
[3.589s] -- Up-to-date symlink: /home/iju/S08P31C208/ROS/robot_ws/install/turtlebot3_msgs/share/ament_index/resource_index/packages/turtlebot3_msgs
[3.590s] -- Up-to-date symlink: /home/iju/S08P31C208/ROS/robot_ws/install/turtlebot3_msgs/share/turtlebot3_msgs/cmake/rosidl_cmake-extras.cmake
[3.591s] -- Up-to-date symlink: /home/iju/S08P31C208/ROS/robot_ws/install/turtlebot3_msgs/share/turtlebot3_msgs/cmake/ament_cmake_export_dependencies-extras.cmake
[3.591s] -- Up-to-date symlink: /home/iju/S08P31C208/ROS/robot_ws/install/turtlebot3_msgs/share/turtlebot3_msgs/cmake/ament_cmake_export_include_directories-extras.cmake
[3.592s] -- Up-to-date symlink: /home/iju/S08P31C208/ROS/robot_ws/install/turtlebot3_msgs/share/turtlebot3_msgs/cmake/ament_cmake_export_libraries-extras.cmake
[3.592s] -- Up-to-date symlink: /home/iju/S08P31C208/ROS/robot_ws/install/turtlebot3_msgs/share/turtlebot3_msgs/cmake/turtlebot3_msgsConfig.cmake
[3.593s] -- Up-to-date symlink: /home/iju/S08P31C208/ROS/robot_ws/install/turtlebot3_msgs/share/turtlebot3_msgs/cmake/turtlebot3_msgsConfig-version.cmake
[3.593s] -- Up-to-date symlink: /home/iju/S08P31C208/ROS/robot_ws/install/turtlebot3_msgs/share/turtlebot3_msgs/package.xml
[3.628s] Compiling '/home/iju/S08P31C208/ROS/robot_ws/install/turtlebot3_msgs/lib/python3.6/site-packages/turtlebot3_msgs/__init__.py'...
[3.716s] Invoked command in '/home/iju/S08P31C208/ROS/robot_ws/build/turtlebot3_msgs' returned '0': CMAKE_PREFIX_PATH=/home/iju/S08P31C208/ROS/robot_ws/install/vision_opencv:/home/iju/S08P31C208/ROS/robot_ws/install/turtlebot3_simulations:/home/iju/S08P31C208/ROS/robot_ws/install/turtlebot3_gazebo:/home/iju/S08P31C208/ROS/robot_ws/install/turtlebot3:/home/iju/S08P31C208/ROS/robot_ws/install/turtlebot3_bringup:/home/iju/S08P31C208/ROS/robot_ws/install/turtlebot3_node:/home/iju/S08P31C208/ROS/robot_ws/install/turtlebot3_navigation2:/home/iju/S08P31C208/ROS/robot_ws/install/turtlebot3_fake_node:/home/iju/S08P31C208/ROS/robot_ws/install/turtlebot3_msgs:/home/iju/S08P31C208/ROS/robot_ws/install/turtlebot3_description:/home/iju/S08P31C208/ROS/robot_ws/install/turtlebot3_cartographer:/home/iju/S08P31C208/ROS/robot_ws/install/image_geometry:/home/iju/S08P31C208/ROS/robot_ws/install/gazebo_ros_pkgs:/home/iju/S08P31C208/ROS/robot_ws/install/turtlebot3_teleop:/home/iju/S08P31C208/ROS/robot_ws/install/turtlebot3_example:/home/iju/S08P31C208/ROS/robot_ws/install/opencv_tests:/opt/ros/dashing:/home/iju/S08P31C208/ROS/robot_ws/install/aws_robomaker_hospital_world:/home/iju/S08P31C208/ROS/robot_ws/install/gazebo_plugins:/home/iju/S08P31C208/ROS/robot_ws/install/gazebo_ros:/home/iju/S08P31C208/ROS/robot_ws/install/gazebo_msgs:/home/iju/S08P31C208/ROS/robot_ws/install/gazebo_dev:/home/iju/S08P31C208/ROS/robot_ws/install/dynamixel_sdk_examples:/home/iju/S08P31C208/ROS/robot_ws/install/dynamixel_sdk_custom_interfaces:/home/iju/S08P31C208/ROS/robot_ws/install/dynamixel_sdk:/home/iju/S08P31C208/ROS/robot_ws/install/cv_bridge PS1=\u@\h \[\033[32m\]\w\[\033[33m\]$(parse_git_branch)\[\033[00m\] $ /usr/bin/cmake --build /home/iju/S08P31C208/ROS/robot_ws/build/turtlebot3_msgs --target install -- -j6 -l6
