[0.175s] Invoking command in '/home/iju/S08P31C208/ROS/robot_ws/build/nav2_common': CMAKE_PREFIX_PATH=${CMAKE_PREFIX_PATH}:/home/iju/S08P31C208/ROS/robot_ws/install/turtlebot3_teleop:/home/iju/S08P31C208/ROS/robot_ws/install/turtlebot3_example:/opt/ros/dashing PS1=\u@\h \[\033[32m\]\w\[\033[33m\]$(parse_git_branch)\[\033[00m\] $ /usr/bin/cmake --build /home/iju/S08P31C208/ROS/robot_ws/build/nav2_common -- -j6 -l6
[0.279s] Invoked command in '/home/iju/S08P31C208/ROS/robot_ws/build/nav2_common' returned '0': CMAKE_PREFIX_PATH=${CMAKE_PREFIX_PATH}:/home/iju/S08P31C208/ROS/robot_ws/install/turtlebot3_teleop:/home/iju/S08P31C208/ROS/robot_ws/install/turtlebot3_example:/opt/ros/dashing PS1=\u@\h \[\033[32m\]\w\[\033[33m\]$(parse_git_branch)\[\033[00m\] $ /usr/bin/cmake --build /home/iju/S08P31C208/ROS/robot_ws/build/nav2_common -- -j6 -l6
[0.478s] Invoking command in '/home/iju/S08P31C208/ROS/robot_ws/build/nav2_common': CMAKE_PREFIX_PATH=${CMAKE_PREFIX_PATH}:/home/iju/S08P31C208/ROS/robot_ws/install/turtlebot3_teleop:/home/iju/S08P31C208/ROS/robot_ws/install/turtlebot3_example:/opt/ros/dashing PS1=\u@\h \[\033[32m\]\w\[\033[33m\]$(parse_git_branch)\[\033[00m\] $ /usr/bin/cmake --build /home/iju/S08P31C208/ROS/robot_ws/build/nav2_common --target install -- -j6 -l6
[0.628s] [36mInstall the project...[0m
[0.649s] -- Install configuration: ""
[0.650s] -- Execute custom install script
[0.650s] -- Up-to-date symlink: /home/iju/S08P31C208/ROS/robot_ws/install/nav2_common/share/nav2_common/environment/pythonpath.sh
[0.660s] -- Up-to-date symlink: /home/iju/S08P31C208/ROS/robot_ws/install/nav2_common/lib/python3.6/site-packages/nav2_common/__init__.py
[0.662s] -- Up-to-date symlink: /home/iju/S08P31C208/ROS/robot_ws/install/nav2_common/lib/python3.6/site-packages/nav2_common/launch/__init__.py
[0.662s] -- Up-to-date symlink: /home/iju/S08P31C208/ROS/robot_ws/install/nav2_common/lib/python3.6/site-packages/nav2_common/launch/rewritten_yaml.py
[0.662s] -- Up-to-date symlink: /home/iju/S08P31C208/ROS/robot_ws/install/nav2_common/share/ament_index/resource_index/package_run_dependencies/nav2_common
[0.663s] -- Up-to-date symlink: /home/iju/S08P31C208/ROS/robot_ws/install/nav2_common/share/ament_index/resource_index/parent_prefix_path/nav2_common
[0.665s] -- Up-to-date symlink: /home/iju/S08P31C208/ROS/robot_ws/install/nav2_common/share/nav2_common/environment/ament_prefix_path.sh
[0.665s] -- Up-to-date symlink: /home/iju/S08P31C208/ROS/robot_ws/install/nav2_common/share/nav2_common/environment/path.sh
[0.666s] -- Up-to-date symlink: /home/iju/S08P31C208/ROS/robot_ws/install/nav2_common/share/nav2_common/local_setup.bash
[0.667s] -- Up-to-date symlink: /home/iju/S08P31C208/ROS/robot_ws/install/nav2_common/share/nav2_common/local_setup.sh
[0.667s] -- Up-to-date symlink: /home/iju/S08P31C208/ROS/robot_ws/install/nav2_common/share/nav2_common/local_setup.zsh
[0.668s] -- Up-to-date symlink: /home/iju/S08P31C208/ROS/robot_ws/install/nav2_common/share/ament_index/resource_index/packages/nav2_common
[0.668s] -- Up-to-date symlink: /home/iju/S08P31C208/ROS/robot_ws/install/nav2_common/share/nav2_common/cmake/nav2_common-extras.cmake
[0.668s] -- Up-to-date symlink: /home/iju/S08P31C208/ROS/robot_ws/install/nav2_common/share/nav2_common/cmake/nav2_commonConfig.cmake
[0.668s] -- Up-to-date symlink: /home/iju/S08P31C208/ROS/robot_ws/install/nav2_common/share/nav2_common/cmake/nav2_commonConfig-version.cmake
[0.668s] -- Up-to-date symlink: /home/iju/S08P31C208/ROS/robot_ws/install/nav2_common/share/nav2_common/package.xml
[0.668s] -- Up-to-date symlink: /home/iju/S08P31C208/ROS/robot_ws/install/nav2_common/share/nav2_common/cmake/nav2_package.cmake
[0.725s] Listing '/home/iju/S08P31C208/ROS/robot_ws/install/nav2_common/lib/python3.6/site-packages/nav2_common'...
[0.726s] Listing '/home/iju/S08P31C208/ROS/robot_ws/install/nav2_common/lib/python3.6/site-packages/nav2_common/launch'...
[0.743s] Invoked command in '/home/iju/S08P31C208/ROS/robot_ws/build/nav2_common' returned '0': CMAKE_PREFIX_PATH=${CMAKE_PREFIX_PATH}:/home/iju/S08P31C208/ROS/robot_ws/install/turtlebot3_teleop:/home/iju/S08P31C208/ROS/robot_ws/install/turtlebot3_example:/opt/ros/dashing PS1=\u@\h \[\033[32m\]\w\[\033[33m\]$(parse_git_branch)\[\033[00m\] $ /usr/bin/cmake --build /home/iju/S08P31C208/ROS/robot_ws/build/nav2_common --target install -- -j6 -l6
