[0.570s] Invoking command in '/home/moon/S08P31C208/ROS/buruemi_ws/build/cartographer_ros_msgs': CMAKE_PREFIX_PATH=${CMAKE_PREFIX_PATH}:/home/moon/S08P31C208/ROS/buruemi_ws/install/turtlebot3_teleop:/home/moon/S08P31C208/ROS/buruemi_ws/install/turtlebot3_example:/home/moon/S08P31C208/ROS/buruemi_ws/install/lidar_filter:/opt/ros/dashing /usr/bin/cmake --build /home/moon/S08P31C208/ROS/buruemi_ws/build/cartographer_ros_msgs -- -j4 -l4
[3.508s] [  0%] Built target cartographer_ros_msgs__cpp
[3.509s] [ 12%] Built target cartographer_ros_msgs__rosidl_generator_c
[3.510s] [ 24%] Built target cartographer_ros_msgs__rosidl_typesupport_introspection_cpp
[3.511s] [ 36%] Built target cartographer_ros_msgs__rosidl_typesupport_cpp
[3.512s] [ 48%] Built target cartographer_ros_msgs__rosidl_typesupport_fastrtps_cpp
[3.512s] [ 60%] Built target cartographer_ros_msgs__rosidl_typesupport_c
[3.513s] [ 72%] Built target cartographer_ros_msgs__rosidl_typesupport_introspection_c
[3.514s] [ 84%] Built target cartographer_ros_msgs__rosidl_typesupport_fastrtps_c
[3.514s] [ 84%] Built target cartographer_ros_msgs
[3.515s] [ 85%] Built target cartographer_ros_msgs__py
[3.516s] [ 96%] Built target cartographer_ros_msgs__python
[3.517s] [ 98%] Built target cartographer_ros_msgs__rosidl_typesupport_introspection_c__pyext
[3.518s] [ 99%] Built target cartographer_ros_msgs__rosidl_typesupport_c__pyext
[3.518s] [100%] Built target cartographer_ros_msgs__rosidl_typesupport_fastrtps_c__pyext
[3.617s] Invoked command in '/home/moon/S08P31C208/ROS/buruemi_ws/build/cartographer_ros_msgs' returned '0': CMAKE_PREFIX_PATH=${CMAKE_PREFIX_PATH}:/home/moon/S08P31C208/ROS/buruemi_ws/install/turtlebot3_teleop:/home/moon/S08P31C208/ROS/buruemi_ws/install/turtlebot3_example:/home/moon/S08P31C208/ROS/buruemi_ws/install/lidar_filter:/opt/ros/dashing /usr/bin/cmake --build /home/moon/S08P31C208/ROS/buruemi_ws/build/cartographer_ros_msgs -- -j4 -l4
[10.614s] Invoking command in '/home/moon/S08P31C208/ROS/buruemi_ws/build/cartographer_ros_msgs': CMAKE_PREFIX_PATH=${CMAKE_PREFIX_PATH}:/home/moon/S08P31C208/ROS/buruemi_ws/install/turtlebot3_teleop:/home/moon/S08P31C208/ROS/buruemi_ws/install/turtlebot3_example:/home/moon/S08P31C208/ROS/buruemi_ws/install/lidar_filter:/opt/ros/dashing /usr/bin/cmake --build /home/moon/S08P31C208/ROS/buruemi_ws/build/cartographer_ros_msgs --target install -- -j4 -l4
[11.208s] [ 12%] Built target cartographer_ros_msgs__rosidl_generator_c
[11.349s] [ 12%] Built target cartographer_ros_msgs__cpp
[11.688s] [ 36%] Built target cartographer_ros_msgs__rosidl_typesupport_c
[11.689s] [ 36%] Built target cartographer_ros_msgs__rosidl_typesupport_introspection_c
[11.837s] [ 48%] Built target cartographer_ros_msgs__rosidl_typesupport_introspection_cpp
[12.112s] [ 60%] Built target cartographer_ros_msgs__rosidl_typesupport_cpp
[12.220s] [ 72%] Built target cartographer_ros_msgs__rosidl_typesupport_fastrtps_cpp
[12.701s] [ 84%] Built target cartographer_ros_msgs__rosidl_typesupport_fastrtps_c
[12.970s] [ 84%] Built target cartographer_ros_msgs
[13.292s] [ 85%] Built target cartographer_ros_msgs__py
[13.776s] [ 96%] Built target cartographer_ros_msgs__python
[14.073s] [ 97%] Built target cartographer_ros_msgs__rosidl_typesupport_c__pyext
[14.480s] [ 98%] Built target cartographer_ros_msgs__rosidl_typesupport_fastrtps_c__pyext
[14.769s] [100%] Built target cartographer_ros_msgs__rosidl_typesupport_introspection_c__pyext
[14.944s] [36mInstall the project...[0m
[15.021s] -- Install configuration: ""
[15.030s] -- Execute custom install script
[15.035s] -- Up-to-date symlink: /home/moon/S08P31C208/ROS/buruemi_ws/install/cartographer_ros_msgs/share/ament_index/resource_index/rosidl_interfaces/cartographer_ros_msgs
[15.058s] -- Up-to-date symlink: /home/moon/S08P31C208/ROS/buruemi_ws/install/cartographer_ros_msgs/include/cartographer_ros_msgs/msg/landmark_entry.hpp
[15.061s] -- Up-to-date symlink: /home/moon/S08P31C208/ROS/buruemi_ws/install/cartographer_ros_msgs/include/cartographer_ros_msgs/msg/landmark_entry__struct.hpp
[15.062s] -- Up-to-date symlink: /home/moon/S08P31C208/ROS/buruemi_ws/install/cartographer_ros_msgs/include/cartographer_ros_msgs/msg/landmark_entry__traits.hpp
[15.066s] -- Up-to-date symlink: /home/moon/S08P31C208/ROS/buruemi_ws/install/cartographer_ros_msgs/include/cartographer_ros_msgs/msg/landmark_list.hpp
[15.068s] -- Up-to-date symlink: /home/moon/S08P31C208/ROS/buruemi_ws/install/cartographer_ros_msgs/include/cartographer_ros_msgs/msg/landmark_list__struct.hpp
[15.070s] -- Up-to-date symlink: /home/moon/S08P31C208/ROS/buruemi_ws/install/cartographer_ros_msgs/include/cartographer_ros_msgs/msg/landmark_list__traits.hpp
[15.072s] -- Up-to-date symlink: /home/moon/S08P31C208/ROS/buruemi_ws/install/cartographer_ros_msgs/include/cartographer_ros_msgs/msg/sensor_topics.hpp
[15.074s] -- Up-to-date symlink: /home/moon/S08P31C208/ROS/buruemi_ws/install/cartographer_ros_msgs/include/cartographer_ros_msgs/msg/sensor_topics__struct.hpp
[15.075s] -- Up-to-date symlink: /home/moon/S08P31C208/ROS/buruemi_ws/install/cartographer_ros_msgs/include/cartographer_ros_msgs/msg/sensor_topics__traits.hpp
[15.077s] -- Up-to-date symlink: /home/moon/S08P31C208/ROS/buruemi_ws/install/cartographer_ros_msgs/include/cartographer_ros_msgs/msg/status_code.hpp
[15.077s] -- Up-to-date symlink: /home/moon/S08P31C208/ROS/buruemi_ws/install/cartographer_ros_msgs/include/cartographer_ros_msgs/msg/status_code__struct.hpp
[15.080s] -- Up-to-date symlink: /home/moon/S08P31C208/ROS/buruemi_ws/install/cartographer_ros_msgs/include/cartographer_ros_msgs/msg/status_code__traits.hpp
[15.103s] -- Up-to-date symlink: /home/moon/S08P31C208/ROS/buruemi_ws/install/cartographer_ros_msgs/include/cartographer_ros_msgs/msg/status_response.hpp
[15.107s] -- Up-to-date symlink: /home/moon/S08P31C208/ROS/buruemi_ws/install/cartographer_ros_msgs/include/cartographer_ros_msgs/msg/status_response__struct.hpp
[15.109s] -- Up-to-date symlink: /home/moon/S08P31C208/ROS/buruemi_ws/install/cartographer_ros_msgs/include/cartographer_ros_msgs/msg/status_response__traits.hpp
[15.110s] -- Up-to-date symlink: /home/moon/S08P31C208/ROS/buruemi_ws/install/cartographer_ros_msgs/include/cartographer_ros_msgs/msg/submap_entry.hpp
[15.113s] -- Up-to-date symlink: /home/moon/S08P31C208/ROS/buruemi_ws/install/cartographer_ros_msgs/include/cartographer_ros_msgs/msg/submap_entry__struct.hpp
[15.114s] -- Up-to-date symlink: /home/moon/S08P31C208/ROS/buruemi_ws/install/cartographer_ros_msgs/include/cartographer_ros_msgs/msg/submap_entry__traits.hpp
[15.116s] -- Up-to-date symlink: /home/moon/S08P31C208/ROS/buruemi_ws/install/cartographer_ros_msgs/include/cartographer_ros_msgs/msg/submap_list.hpp
[15.117s] -- Up-to-date symlink: /home/moon/S08P31C208/ROS/buruemi_ws/install/cartographer_ros_msgs/include/cartographer_ros_msgs/msg/submap_list__struct.hpp
[15.117s] -- Up-to-date symlink: /home/moon/S08P31C208/ROS/buruemi_ws/install/cartographer_ros_msgs/include/cartographer_ros_msgs/msg/submap_list__traits.hpp
[15.123s] -- Up-to-date symlink: /home/moon/S08P31C208/ROS/buruemi_ws/install/cartographer_ros_msgs/include/cartographer_ros_msgs/msg/submap_texture.hpp
[15.123s] -- Up-to-date symlink: /home/moon/S08P31C208/ROS/buruemi_ws/install/cartographer_ros_msgs/include/cartographer_ros_msgs/msg/submap_texture__struct.hpp
[15.127s] -- Up-to-date symlink: /home/moon/S08P31C208/ROS/buruemi_ws/install/cartographer_ros_msgs/include/cartographer_ros_msgs/msg/submap_texture__traits.hpp
[15.130s] -- Up-to-date symlink: /home/moon/S08P31C208/ROS/buruemi_ws/install/cartographer_ros_msgs/include/cartographer_ros_msgs/msg/trajectory_options.hpp
[15.131s] -- Up-to-date symlink: /home/moon/S08P31C208/ROS/buruemi_ws/install/cartographer_ros_msgs/include/cartographer_ros_msgs/msg/trajectory_options__struct.hpp
[15.132s] -- Up-to-date symlink: /home/moon/S08P31C208/ROS/buruemi_ws/install/cartographer_ros_msgs/include/cartographer_ros_msgs/msg/trajectory_options__traits.hpp
[15.133s] -- Up-to-date symlink: /home/moon/S08P31C208/ROS/buruemi_ws/install/cartographer_ros_msgs/include/cartographer_ros_msgs/srv/finish_trajectory.hpp
[15.133s] -- Up-to-date symlink: /home/moon/S08P31C208/ROS/buruemi_ws/install/cartographer_ros_msgs/include/cartographer_ros_msgs/srv/finish_trajectory__struct.hpp
[15.134s] -- Up-to-date symlink: /home/moon/S08P31C208/ROS/buruemi_ws/install/cartographer_ros_msgs/include/cartographer_ros_msgs/srv/finish_trajectory__traits.hpp
[15.135s] -- Up-to-date symlink: /home/moon/S08P31C208/ROS/buruemi_ws/install/cartographer_ros_msgs/include/cartographer_ros_msgs/srv/start_trajectory.hpp
[15.141s] -- Up-to-date symlink: /home/moon/S08P31C208/ROS/buruemi_ws/install/cartographer_ros_msgs/include/cartographer_ros_msgs/srv/start_trajectory__struct.hpp
[15.144s] -- Up-to-date symlink: /home/moon/S08P31C208/ROS/buruemi_ws/install/cartographer_ros_msgs/include/cartographer_ros_msgs/srv/start_trajectory__traits.hpp
[15.146s] -- Up-to-date symlink: /home/moon/S08P31C208/ROS/buruemi_ws/install/cartographer_ros_msgs/include/cartographer_ros_msgs/srv/submap_query.hpp
[15.148s] -- Up-to-date symlink: /home/moon/S08P31C208/ROS/buruemi_ws/install/cartographer_ros_msgs/include/cartographer_ros_msgs/srv/submap_query__struct.hpp
[15.151s] -- Up-to-date symlink: /home/moon/S08P31C208/ROS/buruemi_ws/install/cartographer_ros_msgs/include/cartographer_ros_msgs/srv/submap_query__traits.hpp
[15.153s] -- Up-to-date symlink: /home/moon/S08P31C208/ROS/buruemi_ws/install/cartographer_ros_msgs/include/cartographer_ros_msgs/srv/write_state.hpp
[15.154s] -- Up-to-date symlink: /home/moon/S08P31C208/ROS/buruemi_ws/install/cartographer_ros_msgs/include/cartographer_ros_msgs/srv/write_state__struct.hpp
[15.161s] -- Up-to-date symlink: /home/moon/S08P31C208/ROS/buruemi_ws/install/cartographer_ros_msgs/include/cartographer_ros_msgs/srv/write_state__traits.hpp
[15.161s] -- Up-to-date symlink: /home/moon/S08P31C208/ROS/buruemi_ws/install/cartographer_ros_msgs/include/cartographer_ros_msgs/msg/landmark_entry.h
[15.162s] -- Up-to-date symlink: /home/moon/S08P31C208/ROS/buruemi_ws/install/cartographer_ros_msgs/include/cartographer_ros_msgs/msg/landmark_entry__functions.h
[15.163s] -- Up-to-date symlink: /home/moon/S08P31C208/ROS/buruemi_ws/install/cartographer_ros_msgs/include/cartographer_ros_msgs/msg/landmark_entry__struct.h
[15.164s] -- Up-to-date symlink: /home/moon/S08P31C208/ROS/buruemi_ws/install/cartographer_ros_msgs/include/cartographer_ros_msgs/msg/landmark_entry__type_support.h
[15.165s] -- Up-to-date symlink: /home/moon/S08P31C208/ROS/buruemi_ws/install/cartographer_ros_msgs/include/cartographer_ros_msgs/msg/landmark_list.h
[15.166s] -- Up-to-date symlink: /home/moon/S08P31C208/ROS/buruemi_ws/install/cartographer_ros_msgs/include/cartographer_ros_msgs/msg/landmark_list__functions.h
[15.166s] -- Up-to-date symlink: /home/moon/S08P31C208/ROS/buruemi_ws/install/cartographer_ros_msgs/include/cartographer_ros_msgs/msg/landmark_list__struct.h
[15.167s] -- Up-to-date symlink: /home/moon/S08P31C208/ROS/buruemi_ws/install/cartographer_ros_msgs/include/cartographer_ros_msgs/msg/landmark_list__type_support.h
[15.172s] -- Up-to-date symlink: /home/moon/S08P31C208/ROS/buruemi_ws/install/cartographer_ros_msgs/include/cartographer_ros_msgs/msg/rosidl_generator_c__visibility_control.h
[15.173s] -- Up-to-date symlink: /home/moon/S08P31C208/ROS/buruemi_ws/install/cartographer_ros_msgs/include/cartographer_ros_msgs/msg/sensor_topics.h
[15.176s] -- Up-to-date symlink: /home/moon/S08P31C208/ROS/buruemi_ws/install/cartographer_ros_msgs/include/cartographer_ros_msgs/msg/sensor_topics__functions.h
[15.177s] -- Up-to-date symlink: /home/moon/S08P31C208/ROS/buruemi_ws/install/cartographer_ros_msgs/include/cartographer_ros_msgs/msg/sensor_topics__struct.h
[15.181s] -- Up-to-date symlink: /home/moon/S08P31C208/ROS/buruemi_ws/install/cartographer_ros_msgs/include/cartographer_ros_msgs/msg/sensor_topics__type_support.h
[15.182s] -- Up-to-date symlink: /home/moon/S08P31C208/ROS/buruemi_ws/install/cartographer_ros_msgs/include/cartographer_ros_msgs/msg/status_code.h
[15.186s] -- Up-to-date symlink: /home/moon/S08P31C208/ROS/buruemi_ws/install/cartographer_ros_msgs/include/cartographer_ros_msgs/msg/status_code__functions.h
[15.188s] -- Up-to-date symlink: /home/moon/S08P31C208/ROS/buruemi_ws/install/cartographer_ros_msgs/include/cartographer_ros_msgs/msg/status_code__struct.h
[15.189s] -- Up-to-date symlink: /home/moon/S08P31C208/ROS/buruemi_ws/install/cartographer_ros_msgs/include/cartographer_ros_msgs/msg/status_code__type_support.h
[15.191s] -- Up-to-date symlink: /home/moon/S08P31C208/ROS/buruemi_ws/install/cartographer_ros_msgs/include/cartographer_ros_msgs/msg/status_response.h
[15.191s] -- Up-to-date symlink: /home/moon/S08P31C208/ROS/buruemi_ws/install/cartographer_ros_msgs/include/cartographer_ros_msgs/msg/status_response__functions.h
[15.192s] -- Up-to-date symlink: /home/moon/S08P31C208/ROS/buruemi_ws/install/cartographer_ros_msgs/include/cartographer_ros_msgs/msg/status_response__struct.h
[15.196s] -- Up-to-date symlink: /home/moon/S08P31C208/ROS/buruemi_ws/install/cartographer_ros_msgs/include/cartographer_ros_msgs/msg/status_response__type_support.h
[15.198s] -- Up-to-date symlink: /home/moon/S08P31C208/ROS/buruemi_ws/install/cartographer_ros_msgs/include/cartographer_ros_msgs/msg/submap_entry.h
[15.199s] -- Up-to-date symlink: /home/moon/S08P31C208/ROS/buruemi_ws/install/cartographer_ros_msgs/include/cartographer_ros_msgs/msg/submap_entry__functions.h
[15.205s] -- Up-to-date symlink: /home/moon/S08P31C208/ROS/buruemi_ws/install/cartographer_ros_msgs/include/cartographer_ros_msgs/msg/submap_entry__struct.h
[15.206s] -- Up-to-date symlink: /home/moon/S08P31C208/ROS/buruemi_ws/install/cartographer_ros_msgs/include/cartographer_ros_msgs/msg/submap_entry__type_support.h
[15.206s] -- Up-to-date symlink: /home/moon/S08P31C208/ROS/buruemi_ws/install/cartographer_ros_msgs/include/cartographer_ros_msgs/msg/submap_list.h
[15.207s] -- Up-to-date symlink: /home/moon/S08P31C208/ROS/buruemi_ws/install/cartographer_ros_msgs/include/cartographer_ros_msgs/msg/submap_list__functions.h
[15.207s] -- Up-to-date symlink: /home/moon/S08P31C208/ROS/buruemi_ws/install/cartographer_ros_msgs/include/cartographer_ros_msgs/msg/submap_list__struct.h
[15.210s] -- Up-to-date symlink: /home/moon/S08P31C208/ROS/buruemi_ws/install/cartographer_ros_msgs/include/cartographer_ros_msgs/msg/submap_list__type_support.h
[15.211s] -- Up-to-date symlink: /home/moon/S08P31C208/ROS/buruemi_ws/install/cartographer_ros_msgs/include/cartographer_ros_msgs/msg/submap_texture.h
[15.211s] -- Up-to-date symlink: /home/moon/S08P31C208/ROS/buruemi_ws/install/cartographer_ros_msgs/include/cartographer_ros_msgs/msg/submap_texture__functions.h
[15.212s] -- Up-to-date symlink: /home/moon/S08P31C208/ROS/buruemi_ws/install/cartographer_ros_msgs/include/cartographer_ros_msgs/msg/submap_texture__struct.h
[15.212s] -- Up-to-date symlink: /home/moon/S08P31C208/ROS/buruemi_ws/install/cartographer_ros_msgs/include/cartographer_ros_msgs/msg/submap_texture__type_support.h
[15.213s] -- Up-to-date symlink: /home/moon/S08P31C208/ROS/buruemi_ws/install/cartographer_ros_msgs/include/cartographer_ros_msgs/msg/trajectory_options.h
[15.214s] -- Up-to-date symlink: /home/moon/S08P31C208/ROS/buruemi_ws/install/cartographer_ros_msgs/include/cartographer_ros_msgs/msg/trajectory_options__functions.h
[15.220s] -- Up-to-date symlink: /home/moon/S08P31C208/ROS/buruemi_ws/install/cartographer_ros_msgs/include/cartographer_ros_msgs/msg/trajectory_options__struct.h
[15.222s] -- Up-to-date symlink: /home/moon/S08P31C208/ROS/buruemi_ws/install/cartographer_ros_msgs/include/cartographer_ros_msgs/msg/trajectory_options__type_support.h
[15.225s] -- Up-to-date symlink: /home/moon/S08P31C208/ROS/buruemi_ws/install/cartographer_ros_msgs/include/cartographer_ros_msgs/srv/finish_trajectory.h
[15.226s] -- Up-to-date symlink: /home/moon/S08P31C208/ROS/buruemi_ws/install/cartographer_ros_msgs/include/cartographer_ros_msgs/srv/finish_trajectory__functions.h
[15.227s] -- Up-to-date symlink: /home/moon/S08P31C208/ROS/buruemi_ws/install/cartographer_ros_msgs/include/cartographer_ros_msgs/srv/finish_trajectory__struct.h
[15.230s] -- Up-to-date symlink: /home/moon/S08P31C208/ROS/buruemi_ws/install/cartographer_ros_msgs/include/cartographer_ros_msgs/srv/finish_trajectory__type_support.h
[15.231s] -- Up-to-date symlink: /home/moon/S08P31C208/ROS/buruemi_ws/install/cartographer_ros_msgs/include/cartographer_ros_msgs/srv/start_trajectory.h
[15.232s] -- Up-to-date symlink: /home/moon/S08P31C208/ROS/buruemi_ws/install/cartographer_ros_msgs/include/cartographer_ros_msgs/srv/start_trajectory__functions.h
[15.235s] -- Up-to-date symlink: /home/moon/S08P31C208/ROS/buruemi_ws/install/cartographer_ros_msgs/include/cartographer_ros_msgs/srv/start_trajectory__struct.h
[15.236s] -- Up-to-date symlink: /home/moon/S08P31C208/ROS/buruemi_ws/install/cartographer_ros_msgs/include/cartographer_ros_msgs/srv/start_trajectory__type_support.h
[15.237s] -- Up-to-date symlink: /home/moon/S08P31C208/ROS/buruemi_ws/install/cartographer_ros_msgs/include/cartographer_ros_msgs/srv/submap_query.h
[15.237s] -- Up-to-date symlink: /home/moon/S08P31C208/ROS/buruemi_ws/install/cartographer_ros_msgs/include/cartographer_ros_msgs/srv/submap_query__functions.h
[15.241s] -- Up-to-date symlink: /home/moon/S08P31C208/ROS/buruemi_ws/install/cartographer_ros_msgs/include/cartographer_ros_msgs/srv/submap_query__struct.h
[15.241s] -- Up-to-date symlink: /home/moon/S08P31C208/ROS/buruemi_ws/install/cartographer_ros_msgs/include/cartographer_ros_msgs/srv/submap_query__type_support.h
[15.252s] -- Up-to-date symlink: /home/moon/S08P31C208/ROS/buruemi_ws/install/cartographer_ros_msgs/include/cartographer_ros_msgs/srv/write_state.h
[15.253s] -- Up-to-date symlink: /home/moon/S08P31C208/ROS/buruemi_ws/install/cartographer_ros_msgs/include/cartographer_ros_msgs/srv/write_state__functions.h
[15.255s] -- Up-to-date symlink: /home/moon/S08P31C208/ROS/buruemi_ws/install/cartographer_ros_msgs/include/cartographer_ros_msgs/srv/write_state__struct.h
[15.255s] -- Up-to-date symlink: /home/moon/S08P31C208/ROS/buruemi_ws/install/cartographer_ros_msgs/include/cartographer_ros_msgs/srv/write_state__type_support.h
[15.256s] -- Up-to-date symlink: /home/moon/S08P31C208/ROS/buruemi_ws/install/cartographer_ros_msgs/share/cartographer_ros_msgs/environment/library_path.sh
[15.256s] -- Up-to-date symlink: /home/moon/S08P31C208/ROS/buruemi_ws/install/cartographer_ros_msgs/lib/libcartographer_ros_msgs__rosidl_generator_c.so
[15.257s] -- Up-to-date symlink: /home/moon/S08P31C208/ROS/buruemi_ws/install/cartographer_ros_msgs/lib/libcartographer_ros_msgs__rosidl_typesupport_c.so
[15.258s] -- Up-to-date symlink: /home/moon/S08P31C208/ROS/buruemi_ws/install/cartographer_ros_msgs/lib/libcartographer_ros_msgs__rosidl_typesupport_cpp.so
[15.259s] -- Up-to-date symlink: /home/moon/S08P31C208/ROS/buruemi_ws/install/cartographer_ros_msgs/include/cartographer_ros_msgs/msg/landmark_entry__rosidl_typesupport_introspection_c.h
[15.260s] -- Up-to-date symlink: /home/moon/S08P31C208/ROS/buruemi_ws/install/cartographer_ros_msgs/include/cartographer_ros_msgs/msg/landmark_list__rosidl_typesupport_introspection_c.h
[15.260s] -- Up-to-date symlink: /home/moon/S08P31C208/ROS/buruemi_ws/install/cartographer_ros_msgs/include/cartographer_ros_msgs/msg/rosidl_typesupport_introspection_c__visibility_control.h
[15.261s] -- Up-to-date symlink: /home/moon/S08P31C208/ROS/buruemi_ws/install/cartographer_ros_msgs/include/cartographer_ros_msgs/msg/sensor_topics__rosidl_typesupport_introspection_c.h
[15.262s] -- Up-to-date symlink: /home/moon/S08P31C208/ROS/buruemi_ws/install/cartographer_ros_msgs/include/cartographer_ros_msgs/msg/status_code__rosidl_typesupport_introspection_c.h
[15.272s] -- Up-to-date symlink: /home/moon/S08P31C208/ROS/buruemi_ws/install/cartographer_ros_msgs/include/cartographer_ros_msgs/msg/status_response__rosidl_typesupport_introspection_c.h
[15.273s] -- Up-to-date symlink: /home/moon/S08P31C208/ROS/buruemi_ws/install/cartographer_ros_msgs/include/cartographer_ros_msgs/msg/submap_entry__rosidl_typesupport_introspection_c.h
[15.274s] -- Up-to-date symlink: /home/moon/S08P31C208/ROS/buruemi_ws/install/cartographer_ros_msgs/include/cartographer_ros_msgs/msg/submap_list__rosidl_typesupport_introspection_c.h
[15.274s] -- Up-to-date symlink: /home/moon/S08P31C208/ROS/buruemi_ws/install/cartographer_ros_msgs/include/cartographer_ros_msgs/msg/submap_texture__rosidl_typesupport_introspection_c.h
[15.275s] -- Up-to-date symlink: /home/moon/S08P31C208/ROS/buruemi_ws/install/cartographer_ros_msgs/include/cartographer_ros_msgs/msg/trajectory_options__rosidl_typesupport_introspection_c.h
[15.276s] -- Up-to-date symlink: /home/moon/S08P31C208/ROS/buruemi_ws/install/cartographer_ros_msgs/include/cartographer_ros_msgs/srv/finish_trajectory__rosidl_typesupport_introspection_c.h
[15.276s] -- Up-to-date symlink: /home/moon/S08P31C208/ROS/buruemi_ws/install/cartographer_ros_msgs/include/cartographer_ros_msgs/srv/start_trajectory__rosidl_typesupport_introspection_c.h
[15.277s] -- Up-to-date symlink: /home/moon/S08P31C208/ROS/buruemi_ws/install/cartographer_ros_msgs/include/cartographer_ros_msgs/srv/submap_query__rosidl_typesupport_introspection_c.h
[15.278s] -- Up-to-date symlink: /home/moon/S08P31C208/ROS/buruemi_ws/install/cartographer_ros_msgs/include/cartographer_ros_msgs/srv/write_state__rosidl_typesupport_introspection_c.h
[15.278s] -- Up-to-date symlink: /home/moon/S08P31C208/ROS/buruemi_ws/install/cartographer_ros_msgs/lib/libcartographer_ros_msgs__rosidl_typesupport_introspection_c.so
[15.279s] -- Up-to-date symlink: /home/moon/S08P31C208/ROS/buruemi_ws/install/cartographer_ros_msgs/include/cartographer_ros_msgs/msg/landmark_entry__rosidl_typesupport_introspection_cpp.hpp
[15.280s] -- Up-to-date symlink: /home/moon/S08P31C208/ROS/buruemi_ws/install/cartographer_ros_msgs/include/cartographer_ros_msgs/msg/landmark_list__rosidl_typesupport_introspection_cpp.hpp
[15.280s] -- Up-to-date symlink: /home/moon/S08P31C208/ROS/buruemi_ws/install/cartographer_ros_msgs/include/cartographer_ros_msgs/msg/sensor_topics__rosidl_typesupport_introspection_cpp.hpp
[15.281s] -- Up-to-date symlink: /home/moon/S08P31C208/ROS/buruemi_ws/install/cartographer_ros_msgs/include/cartographer_ros_msgs/msg/status_code__rosidl_typesupport_introspection_cpp.hpp
[15.282s] -- Up-to-date symlink: /home/moon/S08P31C208/ROS/buruemi_ws/install/cartographer_ros_msgs/include/cartographer_ros_msgs/msg/status_response__rosidl_typesupport_introspection_cpp.hpp
[15.293s] -- Up-to-date symlink: /home/moon/S08P31C208/ROS/buruemi_ws/install/cartographer_ros_msgs/include/cartographer_ros_msgs/msg/submap_entry__rosidl_typesupport_introspection_cpp.hpp
[15.294s] -- Up-to-date symlink: /home/moon/S08P31C208/ROS/buruemi_ws/install/cartographer_ros_msgs/include/cartographer_ros_msgs/msg/submap_list__rosidl_typesupport_introspection_cpp.hpp
[15.294s] -- Up-to-date symlink: /home/moon/S08P31C208/ROS/buruemi_ws/install/cartographer_ros_msgs/include/cartographer_ros_msgs/msg/submap_texture__rosidl_typesupport_introspection_cpp.hpp
[15.295s] -- Up-to-date symlink: /home/moon/S08P31C208/ROS/buruemi_ws/install/cartographer_ros_msgs/include/cartographer_ros_msgs/msg/trajectory_options__rosidl_typesupport_introspection_cpp.hpp
[15.296s] -- Up-to-date symlink: /home/moon/S08P31C208/ROS/buruemi_ws/install/cartographer_ros_msgs/include/cartographer_ros_msgs/srv/finish_trajectory__rosidl_typesupport_introspection_cpp.hpp
[15.299s] -- Up-to-date symlink: /home/moon/S08P31C208/ROS/buruemi_ws/install/cartographer_ros_msgs/include/cartographer_ros_msgs/srv/start_trajectory__rosidl_typesupport_introspection_cpp.hpp
[15.308s] -- Up-to-date symlink: /home/moon/S08P31C208/ROS/buruemi_ws/install/cartographer_ros_msgs/include/cartographer_ros_msgs/srv/submap_query__rosidl_typesupport_introspection_cpp.hpp
[15.317s] -- Up-to-date symlink: /home/moon/S08P31C208/ROS/buruemi_ws/install/cartographer_ros_msgs/include/cartographer_ros_msgs/srv/write_state__rosidl_typesupport_introspection_cpp.hpp
[15.321s] -- Up-to-date symlink: /home/moon/S08P31C208/ROS/buruemi_ws/install/cartographer_ros_msgs/lib/libcartographer_ros_msgs__rosidl_typesupport_introspection_cpp.so
[15.322s] -- Up-to-date symlink: /home/moon/S08P31C208/ROS/buruemi_ws/install/cartographer_ros_msgs/include/cartographer_ros_msgs/msg/landmark_entry__rosidl_typesupport_fastrtps_c.h
[15.323s] -- Up-to-date symlink: /home/moon/S08P31C208/ROS/buruemi_ws/install/cartographer_ros_msgs/include/cartographer_ros_msgs/msg/landmark_list__rosidl_typesupport_fastrtps_c.h
[15.331s] -- Up-to-date symlink: /home/moon/S08P31C208/ROS/buruemi_ws/install/cartographer_ros_msgs/include/cartographer_ros_msgs/msg/rosidl_typesupport_fastrtps_c__visibility_control.h
[15.332s] -- Up-to-date symlink: /home/moon/S08P31C208/ROS/buruemi_ws/install/cartographer_ros_msgs/include/cartographer_ros_msgs/msg/sensor_topics__rosidl_typesupport_fastrtps_c.h
[15.345s] -- Up-to-date symlink: /home/moon/S08P31C208/ROS/buruemi_ws/install/cartographer_ros_msgs/include/cartographer_ros_msgs/msg/status_code__rosidl_typesupport_fastrtps_c.h
[15.346s] -- Up-to-date symlink: /home/moon/S08P31C208/ROS/buruemi_ws/install/cartographer_ros_msgs/include/cartographer_ros_msgs/msg/status_response__rosidl_typesupport_fastrtps_c.h
[15.347s] -- Up-to-date symlink: /home/moon/S08P31C208/ROS/buruemi_ws/install/cartographer_ros_msgs/include/cartographer_ros_msgs/msg/submap_entry__rosidl_typesupport_fastrtps_c.h
[15.347s] -- Up-to-date symlink: /home/moon/S08P31C208/ROS/buruemi_ws/install/cartographer_ros_msgs/include/cartographer_ros_msgs/msg/submap_list__rosidl_typesupport_fastrtps_c.h
[15.348s] -- Up-to-date symlink: /home/moon/S08P31C208/ROS/buruemi_ws/install/cartographer_ros_msgs/include/cartographer_ros_msgs/msg/submap_texture__rosidl_typesupport_fastrtps_c.h
[15.353s] -- Up-to-date symlink: /home/moon/S08P31C208/ROS/buruemi_ws/install/cartographer_ros_msgs/include/cartographer_ros_msgs/msg/trajectory_options__rosidl_typesupport_fastrtps_c.h
[15.354s] -- Up-to-date symlink: /home/moon/S08P31C208/ROS/buruemi_ws/install/cartographer_ros_msgs/include/cartographer_ros_msgs/srv/finish_trajectory__rosidl_typesupport_fastrtps_c.h
[15.354s] -- Up-to-date symlink: /home/moon/S08P31C208/ROS/buruemi_ws/install/cartographer_ros_msgs/include/cartographer_ros_msgs/srv/start_trajectory__rosidl_typesupport_fastrtps_c.h
[15.355s] -- Up-to-date symlink: /home/moon/S08P31C208/ROS/buruemi_ws/install/cartographer_ros_msgs/include/cartographer_ros_msgs/srv/submap_query__rosidl_typesupport_fastrtps_c.h
[15.355s] -- Up-to-date symlink: /home/moon/S08P31C208/ROS/buruemi_ws/install/cartographer_ros_msgs/include/cartographer_ros_msgs/srv/write_state__rosidl_typesupport_fastrtps_c.h
[15.360s] -- Up-to-date symlink: /home/moon/S08P31C208/ROS/buruemi_ws/install/cartographer_ros_msgs/lib/libcartographer_ros_msgs__rosidl_typesupport_fastrtps_c.so
[15.369s] -- Up-to-date symlink: /home/moon/S08P31C208/ROS/buruemi_ws/install/cartographer_ros_msgs/include/cartographer_ros_msgs/msg/landmark_entry__rosidl_typesupport_fastrtps_cpp.hpp
[15.370s] -- Up-to-date symlink: /home/moon/S08P31C208/ROS/buruemi_ws/install/cartographer_ros_msgs/include/cartographer_ros_msgs/msg/landmark_list__rosidl_typesupport_fastrtps_cpp.hpp
[15.375s] -- Up-to-date symlink: /home/moon/S08P31C208/ROS/buruemi_ws/install/cartographer_ros_msgs/include/cartographer_ros_msgs/msg/rosidl_typesupport_fastrtps_cpp__visibility_control.h
[15.376s] -- Up-to-date symlink: /home/moon/S08P31C208/ROS/buruemi_ws/install/cartographer_ros_msgs/include/cartographer_ros_msgs/msg/sensor_topics__rosidl_typesupport_fastrtps_cpp.hpp
[15.378s] -- Up-to-date symlink: /home/moon/S08P31C208/ROS/buruemi_ws/install/cartographer_ros_msgs/include/cartographer_ros_msgs/msg/status_code__rosidl_typesupport_fastrtps_cpp.hpp
[15.380s] -- Up-to-date symlink: /home/moon/S08P31C208/ROS/buruemi_ws/install/cartographer_ros_msgs/include/cartographer_ros_msgs/msg/status_response__rosidl_typesupport_fastrtps_cpp.hpp
[15.382s] -- Up-to-date symlink: /home/moon/S08P31C208/ROS/buruemi_ws/install/cartographer_ros_msgs/include/cartographer_ros_msgs/msg/submap_entry__rosidl_typesupport_fastrtps_cpp.hpp
[15.384s] -- Up-to-date symlink: /home/moon/S08P31C208/ROS/buruemi_ws/install/cartographer_ros_msgs/include/cartographer_ros_msgs/msg/submap_list__rosidl_typesupport_fastrtps_cpp.hpp
[15.393s] -- Up-to-date symlink: /home/moon/S08P31C208/ROS/buruemi_ws/install/cartographer_ros_msgs/include/cartographer_ros_msgs/msg/submap_texture__rosidl_typesupport_fastrtps_cpp.hpp
[15.394s] -- Up-to-date symlink: /home/moon/S08P31C208/ROS/buruemi_ws/install/cartographer_ros_msgs/include/cartographer_ros_msgs/msg/trajectory_options__rosidl_typesupport_fastrtps_cpp.hpp
[15.396s] -- Up-to-date symlink: /home/moon/S08P31C208/ROS/buruemi_ws/install/cartographer_ros_msgs/include/cartographer_ros_msgs/srv/finish_trajectory__rosidl_typesupport_fastrtps_cpp.hpp
[15.397s] -- Up-to-date symlink: /home/moon/S08P31C208/ROS/buruemi_ws/install/cartographer_ros_msgs/include/cartographer_ros_msgs/srv/start_trajectory__rosidl_typesupport_fastrtps_cpp.hpp
[15.398s] -- Up-to-date symlink: /home/moon/S08P31C208/ROS/buruemi_ws/install/cartographer_ros_msgs/include/cartographer_ros_msgs/srv/submap_query__rosidl_typesupport_fastrtps_cpp.hpp
[15.399s] -- Up-to-date symlink: /home/moon/S08P31C208/ROS/buruemi_ws/install/cartographer_ros_msgs/include/cartographer_ros_msgs/srv/write_state__rosidl_typesupport_fastrtps_cpp.hpp
[15.404s] -- Up-to-date symlink: /home/moon/S08P31C208/ROS/buruemi_ws/install/cartographer_ros_msgs/lib/libcartographer_ros_msgs__rosidl_typesupport_fastrtps_cpp.so
[15.405s] -- Up-to-date symlink: /home/moon/S08P31C208/ROS/buruemi_ws/install/cartographer_ros_msgs/share/cartographer_ros_msgs/environment/pythonpath.sh
[15.411s] -- Up-to-date symlink: /home/moon/S08P31C208/ROS/buruemi_ws/install/cartographer_ros_msgs/lib/python3.6/site-packages/cartographer_ros_msgs/__init__.py
[15.416s] -- Up-to-date symlink: /home/moon/S08P31C208/ROS/buruemi_ws/install/cartographer_ros_msgs/lib/python3.6/site-packages/cartographer_ros_msgs/msg/__init__.py
[15.418s] -- Up-to-date symlink: /home/moon/S08P31C208/ROS/buruemi_ws/install/cartographer_ros_msgs/lib/python3.6/site-packages/cartographer_ros_msgs/msg/_landmark_entry.py
[15.419s] -- Up-to-date symlink: /home/moon/S08P31C208/ROS/buruemi_ws/install/cartographer_ros_msgs/lib/python3.6/site-packages/cartographer_ros_msgs/msg/_landmark_list.py
[15.426s] -- Up-to-date symlink: /home/moon/S08P31C208/ROS/buruemi_ws/install/cartographer_ros_msgs/lib/python3.6/site-packages/cartographer_ros_msgs/msg/_sensor_topics.py
[15.427s] -- Up-to-date symlink: /home/moon/S08P31C208/ROS/buruemi_ws/install/cartographer_ros_msgs/lib/python3.6/site-packages/cartographer_ros_msgs/msg/_status_code.py
[15.428s] -- Up-to-date symlink: /home/moon/S08P31C208/ROS/buruemi_ws/install/cartographer_ros_msgs/lib/python3.6/site-packages/cartographer_ros_msgs/msg/_status_response.py
[15.429s] -- Up-to-date symlink: /home/moon/S08P31C208/ROS/buruemi_ws/install/cartographer_ros_msgs/lib/python3.6/site-packages/cartographer_ros_msgs/msg/_submap_entry.py
[15.430s] -- Up-to-date symlink: /home/moon/S08P31C208/ROS/buruemi_ws/install/cartographer_ros_msgs/lib/python3.6/site-packages/cartographer_ros_msgs/msg/_submap_list.py
[15.432s] -- Up-to-date symlink: /home/moon/S08P31C208/ROS/buruemi_ws/install/cartographer_ros_msgs/lib/python3.6/site-packages/cartographer_ros_msgs/msg/_submap_texture.py
[15.433s] -- Up-to-date symlink: /home/moon/S08P31C208/ROS/buruemi_ws/install/cartographer_ros_msgs/lib/python3.6/site-packages/cartographer_ros_msgs/msg/_trajectory_options.py
[15.441s] -- Up-to-date symlink: /home/moon/S08P31C208/ROS/buruemi_ws/install/cartographer_ros_msgs/lib/python3.6/site-packages/cartographer_ros_msgs/srv/__init__.py
[15.442s] -- Up-to-date symlink: /home/moon/S08P31C208/ROS/buruemi_ws/install/cartographer_ros_msgs/lib/python3.6/site-packages/cartographer_ros_msgs/srv/_finish_trajectory.py
[15.443s] -- Up-to-date symlink: /home/moon/S08P31C208/ROS/buruemi_ws/install/cartographer_ros_msgs/lib/python3.6/site-packages/cartographer_ros_msgs/srv/_start_trajectory.py
[15.444s] -- Up-to-date symlink: /home/moon/S08P31C208/ROS/buruemi_ws/install/cartographer_ros_msgs/lib/python3.6/site-packages/cartographer_ros_msgs/srv/_submap_query.py
[15.445s] -- Up-to-date symlink: /home/moon/S08P31C208/ROS/buruemi_ws/install/cartographer_ros_msgs/lib/python3.6/site-packages/cartographer_ros_msgs/srv/_write_state.py
[15.458s] -- Up-to-date symlink: /home/moon/S08P31C208/ROS/buruemi_ws/install/cartographer_ros_msgs/lib/python3.6/site-packages/cartographer_ros_msgs/cartographer_ros_msgs_s__rosidl_typesupport_c.cpython-36m-aarch64-linux-gnu.so
[15.462s] -- Up-to-date symlink: /home/moon/S08P31C208/ROS/buruemi_ws/install/cartographer_ros_msgs/lib/python3.6/site-packages/cartographer_ros_msgs/cartographer_ros_msgs_s__rosidl_typesupport_introspection_c.cpython-36m-aarch64-linux-gnu.so
[15.465s] -- Up-to-date symlink: /home/moon/S08P31C208/ROS/buruemi_ws/install/cartographer_ros_msgs/lib/python3.6/site-packages/cartographer_ros_msgs/cartographer_ros_msgs_s__rosidl_typesupport_fastrtps_c.cpython-36m-aarch64-linux-gnu.so
[15.468s] -- Up-to-date symlink: /home/moon/S08P31C208/ROS/buruemi_ws/install/cartographer_ros_msgs/lib/libcartographer_ros_msgs__python.so
[15.469s] -- Up-to-date symlink: /home/moon/S08P31C208/ROS/buruemi_ws/install/cartographer_ros_msgs/share/cartographer_ros_msgs/msg/LandmarkEntry.idl
[15.470s] -- Up-to-date symlink: /home/moon/S08P31C208/ROS/buruemi_ws/install/cartographer_ros_msgs/share/cartographer_ros_msgs/msg/LandmarkList.idl
[15.476s] -- Up-to-date symlink: /home/moon/S08P31C208/ROS/buruemi_ws/install/cartographer_ros_msgs/share/cartographer_ros_msgs/msg/SensorTopics.idl
[15.478s] -- Up-to-date symlink: /home/moon/S08P31C208/ROS/buruemi_ws/install/cartographer_ros_msgs/share/cartographer_ros_msgs/msg/StatusCode.idl
[15.479s] -- Up-to-date symlink: /home/moon/S08P31C208/ROS/buruemi_ws/install/cartographer_ros_msgs/share/cartographer_ros_msgs/msg/StatusResponse.idl
[15.480s] -- Up-to-date symlink: /home/moon/S08P31C208/ROS/buruemi_ws/install/cartographer_ros_msgs/share/cartographer_ros_msgs/msg/SubmapEntry.idl
[15.490s] -- Up-to-date symlink: /home/moon/S08P31C208/ROS/buruemi_ws/install/cartographer_ros_msgs/share/cartographer_ros_msgs/msg/SubmapList.idl
[15.492s] -- Up-to-date symlink: /home/moon/S08P31C208/ROS/buruemi_ws/install/cartographer_ros_msgs/share/cartographer_ros_msgs/msg/SubmapTexture.idl
[15.493s] -- Up-to-date symlink: /home/moon/S08P31C208/ROS/buruemi_ws/install/cartographer_ros_msgs/share/cartographer_ros_msgs/msg/TrajectoryOptions.idl
[15.495s] -- Up-to-date symlink: /home/moon/S08P31C208/ROS/buruemi_ws/install/cartographer_ros_msgs/share/cartographer_ros_msgs/srv/FinishTrajectory.idl
[15.502s] -- Up-to-date symlink: /home/moon/S08P31C208/ROS/buruemi_ws/install/cartographer_ros_msgs/share/cartographer_ros_msgs/srv/StartTrajectory.idl
[15.504s] -- Up-to-date symlink: /home/moon/S08P31C208/ROS/buruemi_ws/install/cartographer_ros_msgs/share/cartographer_ros_msgs/srv/SubmapQuery.idl
[15.505s] -- Up-to-date symlink: /home/moon/S08P31C208/ROS/buruemi_ws/install/cartographer_ros_msgs/share/cartographer_ros_msgs/srv/WriteState.idl
[15.509s] -- Up-to-date symlink: /home/moon/S08P31C208/ROS/buruemi_ws/install/cartographer_ros_msgs/share/cartographer_ros_msgs/msg/LandmarkEntry.msg
[15.510s] -- Up-to-date symlink: /home/moon/S08P31C208/ROS/buruemi_ws/install/cartographer_ros_msgs/share/cartographer_ros_msgs/msg/LandmarkList.msg
[15.516s] -- Up-to-date symlink: /home/moon/S08P31C208/ROS/buruemi_ws/install/cartographer_ros_msgs/share/cartographer_ros_msgs/msg/SensorTopics.msg
[15.519s] -- Up-to-date symlink: /home/moon/S08P31C208/ROS/buruemi_ws/install/cartographer_ros_msgs/share/cartographer_ros_msgs/msg/StatusCode.msg
[15.527s] -- Up-to-date symlink: /home/moon/S08P31C208/ROS/buruemi_ws/install/cartographer_ros_msgs/share/cartographer_ros_msgs/msg/StatusResponse.msg
[15.529s] -- Up-to-date symlink: /home/moon/S08P31C208/ROS/buruemi_ws/install/cartographer_ros_msgs/share/cartographer_ros_msgs/msg/SubmapEntry.msg
[15.530s] -- Up-to-date symlink: /home/moon/S08P31C208/ROS/buruemi_ws/install/cartographer_ros_msgs/share/cartographer_ros_msgs/msg/SubmapList.msg
[15.538s] -- Up-to-date symlink: /home/moon/S08P31C208/ROS/buruemi_ws/install/cartographer_ros_msgs/share/cartographer_ros_msgs/msg/SubmapTexture.msg
[15.539s] -- Up-to-date symlink: /home/moon/S08P31C208/ROS/buruemi_ws/install/cartographer_ros_msgs/share/cartographer_ros_msgs/msg/TrajectoryOptions.msg
[15.541s] -- Up-to-date symlink: /home/moon/S08P31C208/ROS/buruemi_ws/install/cartographer_ros_msgs/share/cartographer_ros_msgs/srv/FinishTrajectory.srv
[15.542s] -- Up-to-date symlink: /home/moon/S08P31C208/ROS/buruemi_ws/install/cartographer_ros_msgs/share/cartographer_ros_msgs/srv/FinishTrajectory_Request.msg
[15.543s] -- Up-to-date symlink: /home/moon/S08P31C208/ROS/buruemi_ws/install/cartographer_ros_msgs/share/cartographer_ros_msgs/srv/FinishTrajectory_Response.msg
[15.546s] -- Up-to-date symlink: /home/moon/S08P31C208/ROS/buruemi_ws/install/cartographer_ros_msgs/share/cartographer_ros_msgs/srv/StartTrajectory.srv
[15.549s] -- Up-to-date symlink: /home/moon/S08P31C208/ROS/buruemi_ws/install/cartographer_ros_msgs/share/cartographer_ros_msgs/srv/StartTrajectory_Request.msg
[15.553s] -- Up-to-date symlink: /home/moon/S08P31C208/ROS/buruemi_ws/install/cartographer_ros_msgs/share/cartographer_ros_msgs/srv/StartTrajectory_Response.msg
[15.556s] -- Up-to-date symlink: /home/moon/S08P31C208/ROS/buruemi_ws/install/cartographer_ros_msgs/share/cartographer_ros_msgs/srv/SubmapQuery.srv
[15.561s] -- Up-to-date symlink: /home/moon/S08P31C208/ROS/buruemi_ws/install/cartographer_ros_msgs/share/cartographer_ros_msgs/srv/SubmapQuery_Request.msg
[15.562s] -- Up-to-date symlink: /home/moon/S08P31C208/ROS/buruemi_ws/install/cartographer_ros_msgs/share/cartographer_ros_msgs/srv/SubmapQuery_Response.msg
[15.565s] -- Up-to-date symlink: /home/moon/S08P31C208/ROS/buruemi_ws/install/cartographer_ros_msgs/share/cartographer_ros_msgs/srv/WriteState.srv
[15.573s] -- Up-to-date symlink: /home/moon/S08P31C208/ROS/buruemi_ws/install/cartographer_ros_msgs/share/cartographer_ros_msgs/srv/WriteState_Request.msg
[15.574s] -- Up-to-date symlink: /home/moon/S08P31C208/ROS/buruemi_ws/install/cartographer_ros_msgs/share/cartographer_ros_msgs/srv/WriteState_Response.msg
[15.575s] -- Up-to-date symlink: /home/moon/S08P31C208/ROS/buruemi_ws/install/cartographer_ros_msgs/share/ament_index/resource_index/package_run_dependencies/cartographer_ros_msgs
[15.577s] -- Up-to-date symlink: /home/moon/S08P31C208/ROS/buruemi_ws/install/cartographer_ros_msgs/share/ament_index/resource_index/parent_prefix_path/cartographer_ros_msgs
[15.579s] -- Up-to-date symlink: /home/moon/S08P31C208/ROS/buruemi_ws/install/cartographer_ros_msgs/share/cartographer_ros_msgs/environment/ament_prefix_path.sh
[15.580s] -- Up-to-date symlink: /home/moon/S08P31C208/ROS/buruemi_ws/install/cartographer_ros_msgs/share/cartographer_ros_msgs/environment/path.sh
[15.586s] -- Up-to-date symlink: /home/moon/S08P31C208/ROS/buruemi_ws/install/cartographer_ros_msgs/share/cartographer_ros_msgs/local_setup.bash
[15.588s] -- Up-to-date symlink: /home/moon/S08P31C208/ROS/buruemi_ws/install/cartographer_ros_msgs/share/cartographer_ros_msgs/local_setup.sh
[15.597s] -- Up-to-date symlink: /home/moon/S08P31C208/ROS/buruemi_ws/install/cartographer_ros_msgs/share/cartographer_ros_msgs/local_setup.zsh
[15.599s] -- Up-to-date symlink: /home/moon/S08P31C208/ROS/buruemi_ws/install/cartographer_ros_msgs/share/ament_index/resource_index/packages/cartographer_ros_msgs
[15.600s] -- Up-to-date symlink: /home/moon/S08P31C208/ROS/buruemi_ws/install/cartographer_ros_msgs/share/cartographer_ros_msgs/cmake/rosidl_cmake-extras.cmake
[15.602s] -- Up-to-date symlink: /home/moon/S08P31C208/ROS/buruemi_ws/install/cartographer_ros_msgs/share/cartographer_ros_msgs/cmake/ament_cmake_export_dependencies-extras.cmake
[15.603s] -- Up-to-date symlink: /home/moon/S08P31C208/ROS/buruemi_ws/install/cartographer_ros_msgs/share/cartographer_ros_msgs/cmake/ament_cmake_export_include_directories-extras.cmake
[15.605s] -- Up-to-date symlink: /home/moon/S08P31C208/ROS/buruemi_ws/install/cartographer_ros_msgs/share/cartographer_ros_msgs/cmake/ament_cmake_export_libraries-extras.cmake
[15.609s] -- Up-to-date symlink: /home/moon/S08P31C208/ROS/buruemi_ws/install/cartographer_ros_msgs/share/cartographer_ros_msgs/cmake/cartographer_ros_msgsConfig.cmake
[15.610s] -- Up-to-date symlink: /home/moon/S08P31C208/ROS/buruemi_ws/install/cartographer_ros_msgs/share/cartographer_ros_msgs/cmake/cartographer_ros_msgsConfig-version.cmake
[15.622s] -- Up-to-date symlink: /home/moon/S08P31C208/ROS/buruemi_ws/install/cartographer_ros_msgs/share/cartographer_ros_msgs/package.xml
[18.278s] Invoked command in '/home/moon/S08P31C208/ROS/buruemi_ws/build/cartographer_ros_msgs' returned '0': CMAKE_PREFIX_PATH=${CMAKE_PREFIX_PATH}:/home/moon/S08P31C208/ROS/buruemi_ws/install/turtlebot3_teleop:/home/moon/S08P31C208/ROS/buruemi_ws/install/turtlebot3_example:/home/moon/S08P31C208/ROS/buruemi_ws/install/lidar_filter:/opt/ros/dashing /usr/bin/cmake --build /home/moon/S08P31C208/ROS/buruemi_ws/build/cartographer_ros_msgs --target install -- -j4 -l4
