[0.444s] Invoking command in '/home/moon/S08P31C208/ROS/buruemi_ws/build/turtlebot3_node': CMAKE_PREFIX_PATH=${CMAKE_PREFIX_PATH}:/home/moon/S08P31C208/ROS/buruemi_ws/install/turtlebot3_teleop:/home/moon/S08P31C208/ROS/buruemi_ws/install/turtlebot3_example:/home/moon/S08P31C208/ROS/buruemi_ws/install/lidar_filter:/opt/ros/dashing /usr/bin/cmake /home/moon/S08P31C208/ROS/buruemi_ws/src/turtlebot3/turtlebot3_node -DAMENT_CMAKE_SYMLINK_INSTALL=1 -DCMAKE_INSTALL_PREFIX=/home/moon/S08P31C208/ROS/buruemi_ws/install/turtlebot3_node
[4.401s] -- The C compiler identification is GNU 7.5.0
[4.401s] -- The CXX compiler identification is GNU 7.5.0
[4.402s] -- Check for working C compiler: /usr/bin/cc
[4.402s] -- Check for working C compiler: /usr/bin/cc -- works
[4.403s] -- Detecting C compiler ABI info
[4.403s] -- Detecting C compiler ABI info - done
[4.404s] -- Detecting C compile features
[4.404s] -- Detecting C compile features - done
[4.405s] -- Check for working CXX compiler: /usr/bin/c++
[4.405s] -- Check for working CXX compiler: /usr/bin/c++ -- works
[4.405s] -- Detecting CXX compiler ABI info
[4.406s] -- Detecting CXX compiler ABI info - done
[4.406s] -- Detecting CXX compile features
[4.411s] -- Detecting CXX compile features - done
[4.442s] -- Found ament_cmake: 0.7.6 (/opt/ros/dashing/share/ament_cmake/cmake)
[4.614s] -- Found PythonInterp: /usr/bin/python3 (found suitable version "3.6.9", minimum required is "3") 
[4.614s] -- Using PYTHON_EXECUTABLE: /usr/bin/python3
[5.963s] -- Override CMake install command with custom implementation using symlinks instead of copying resources
[6.148s] CMake Error at CMakeLists.txt:19 (find_package):
[6.149s]   By not providing "Finddynamixel_sdk.cmake" in CMAKE_MODULE_PATH this
[6.150s]   project has asked CMake to find a package configuration file provided by
[6.150s]   "dynamixel_sdk", but CMake did not find one.
[6.151s] 
[6.152s]   Could not find a package configuration file provided by "dynamixel_sdk"
[6.153s]   with any of the following names:
[6.153s] 
[6.154s]     dynamixel_sdkConfig.cmake
[6.155s]     dynamixel_sdk-config.cmake
[6.156s] 
[6.156s]   Add the installation prefix of "dynamixel_sdk" to CMAKE_PREFIX_PATH or set
[6.157s]   "dynamixel_sdk_DIR" to a directory containing one of the above files.  If
[6.158s]   "dynamixel_sdk" provides a separate development package or SDK, be sure it
[6.159s]   has been installed.
[6.159s] 
[6.164s] 
[6.165s] -- Configuring incomplete, errors occurred!
[6.165s] See also "/home/moon/S08P31C208/ROS/buruemi_ws/build/turtlebot3_node/CMakeFiles/CMakeOutput.log".
[6.185s] Invoked command in '/home/moon/S08P31C208/ROS/buruemi_ws/build/turtlebot3_node' returned '1': CMAKE_PREFIX_PATH=${CMAKE_PREFIX_PATH}:/home/moon/S08P31C208/ROS/buruemi_ws/install/turtlebot3_teleop:/home/moon/S08P31C208/ROS/buruemi_ws/install/turtlebot3_example:/home/moon/S08P31C208/ROS/buruemi_ws/install/lidar_filter:/opt/ros/dashing /usr/bin/cmake /home/moon/S08P31C208/ROS/buruemi_ws/src/turtlebot3/turtlebot3_node -DAMENT_CMAKE_SYMLINK_INSTALL=1 -DCMAKE_INSTALL_PREFIX=/home/moon/S08P31C208/ROS/buruemi_ws/install/turtlebot3_node
