[0.290s] Invoking command in '/home/moon/S08P31C208/ROS/buruemi_ws/build/turtlebot3_cartographer': CMAKE_PREFIX_PATH=${CMAKE_PREFIX_PATH}:/home/moon/S08P31C208/ROS/buruemi_ws/install/turtlebot3_teleop:/home/moon/S08P31C208/ROS/buruemi_ws/install/turtlebot3_example:/opt/ros/dashing /usr/bin/cmake /home/moon/S08P31C208/ROS/buruemi_ws/src/turtlebot3/turtlebot3_cartographer -DAMENT_CMAKE_SYMLINK_INSTALL=1 -DCMAKE_INSTALL_PREFIX=/home/moon/S08P31C208/ROS/buruemi_ws/install/turtlebot3_cartographer
[2.584s] -- The C compiler identification is GNU 7.5.0
[2.584s] -- The CXX compiler identification is GNU 7.5.0
[2.585s] -- Check for working C compiler: /usr/bin/cc
[2.585s] -- Check for working C compiler: /usr/bin/cc -- works
[2.586s] -- Detecting C compiler ABI info
[2.587s] -- Detecting C compiler ABI info - done
[2.587s] -- Detecting C compile features
[3.700s] -- Detecting C compile features - done
[3.725s] -- Check for working CXX compiler: /usr/bin/c++
[4.251s] -- Check for working CXX compiler: /usr/bin/c++ -- works
[4.255s] -- Detecting CXX compiler ABI info
[4.847s] -- Detecting CXX compiler ABI info - done
[4.875s] -- Detecting CXX compile features
[7.745s] -- Detecting CXX compile features - done
[7.785s] -- Found ament_cmake: 0.7.6 (/opt/ros/dashing/share/ament_cmake/cmake)
[8.081s] -- Found PythonInterp: /usr/bin/python3 (found suitable version "3.6.9", minimum required is "3") 
[8.082s] -- Using PYTHON_EXECUTABLE: /usr/bin/python3
[9.940s] -- Override CMake install command with custom implementation using symlinks instead of copying resources
[10.610s] -- Configuring done
[10.626s] -- Generating done
[10.637s] -- Build files have been written to: /home/moon/S08P31C208/ROS/buruemi_ws/build/turtlebot3_cartographer
[10.671s] Invoked command in '/home/moon/S08P31C208/ROS/buruemi_ws/build/turtlebot3_cartographer' returned '0': CMAKE_PREFIX_PATH=${CMAKE_PREFIX_PATH}:/home/moon/S08P31C208/ROS/buruemi_ws/install/turtlebot3_teleop:/home/moon/S08P31C208/ROS/buruemi_ws/install/turtlebot3_example:/opt/ros/dashing /usr/bin/cmake /home/moon/S08P31C208/ROS/buruemi_ws/src/turtlebot3/turtlebot3_cartographer -DAMENT_CMAKE_SYMLINK_INSTALL=1 -DCMAKE_INSTALL_PREFIX=/home/moon/S08P31C208/ROS/buruemi_ws/install/turtlebot3_cartographer
[10.677s] Invoking command in '/home/moon/S08P31C208/ROS/buruemi_ws/build/turtlebot3_cartographer': CMAKE_PREFIX_PATH=${CMAKE_PREFIX_PATH}:/home/moon/S08P31C208/ROS/buruemi_ws/install/turtlebot3_teleop:/home/moon/S08P31C208/ROS/buruemi_ws/install/turtlebot3_example:/opt/ros/dashing /usr/bin/cmake --build /home/moon/S08P31C208/ROS/buruemi_ws/build/turtlebot3_cartographer -- -j4 -l4
[11.072s] Invoked command in '/home/moon/S08P31C208/ROS/buruemi_ws/build/turtlebot3_cartographer' returned '0': CMAKE_PREFIX_PATH=${CMAKE_PREFIX_PATH}:/home/moon/S08P31C208/ROS/buruemi_ws/install/turtlebot3_teleop:/home/moon/S08P31C208/ROS/buruemi_ws/install/turtlebot3_example:/opt/ros/dashing /usr/bin/cmake --build /home/moon/S08P31C208/ROS/buruemi_ws/build/turtlebot3_cartographer -- -j4 -l4
[11.360s] Invoking command in '/home/moon/S08P31C208/ROS/buruemi_ws/build/turtlebot3_cartographer': CMAKE_PREFIX_PATH=${CMAKE_PREFIX_PATH}:/home/moon/S08P31C208/ROS/buruemi_ws/install/turtlebot3_teleop:/home/moon/S08P31C208/ROS/buruemi_ws/install/turtlebot3_example:/opt/ros/dashing /usr/bin/cmake --build /home/moon/S08P31C208/ROS/buruemi_ws/build/turtlebot3_cartographer --target install -- -j4 -l4
[11.890s] [36mInstall the project...[0m
[11.946s] -- Install configuration: ""
[11.949s] -- Execute custom install script
[11.959s] -- Symlinking: /home/moon/S08P31C208/ROS/buruemi_ws/install/turtlebot3_cartographer/share/turtlebot3_cartographer/config/turtlebot3_lds_2d.lua
[12.078s] -- Symlinking: /home/moon/S08P31C208/ROS/buruemi_ws/install/turtlebot3_cartographer/share/turtlebot3_cartographer/launch/cartographer.launch.py
[12.137s] -- Symlinking: /home/moon/S08P31C208/ROS/buruemi_ws/install/turtlebot3_cartographer/share/turtlebot3_cartographer/launch/occupancy_grid.launch.py
[12.181s] -- Symlinking: /home/moon/S08P31C208/ROS/buruemi_ws/install/turtlebot3_cartographer/share/turtlebot3_cartographer/rviz/tb3_cartographer.rviz
[12.282s] -- Symlinking: /home/moon/S08P31C208/ROS/buruemi_ws/install/turtlebot3_cartographer/share/ament_index/resource_index/package_run_dependencies/turtlebot3_cartographer
[12.358s] -- Symlinking: /home/moon/S08P31C208/ROS/buruemi_ws/install/turtlebot3_cartographer/share/ament_index/resource_index/parent_prefix_path/turtlebot3_cartographer
[12.427s] -- Symlinking: /home/moon/S08P31C208/ROS/buruemi_ws/install/turtlebot3_cartographer/share/turtlebot3_cartographer/environment/ament_prefix_path.sh
[12.548s] -- Symlinking: /home/moon/S08P31C208/ROS/buruemi_ws/install/turtlebot3_cartographer/share/turtlebot3_cartographer/environment/path.sh
[12.656s] -- Symlinking: /home/moon/S08P31C208/ROS/buruemi_ws/install/turtlebot3_cartographer/share/turtlebot3_cartographer/local_setup.bash
[12.734s] -- Symlinking: /home/moon/S08P31C208/ROS/buruemi_ws/install/turtlebot3_cartographer/share/turtlebot3_cartographer/local_setup.sh
[12.868s] -- Symlinking: /home/moon/S08P31C208/ROS/buruemi_ws/install/turtlebot3_cartographer/share/turtlebot3_cartographer/local_setup.zsh
[12.999s] -- Symlinking: /home/moon/S08P31C208/ROS/buruemi_ws/install/turtlebot3_cartographer/share/ament_index/resource_index/packages/turtlebot3_cartographer
[13.113s] -- Symlinking: /home/moon/S08P31C208/ROS/buruemi_ws/install/turtlebot3_cartographer/share/turtlebot3_cartographer/cmake/turtlebot3_cartographerConfig.cmake
[13.217s] -- Symlinking: /home/moon/S08P31C208/ROS/buruemi_ws/install/turtlebot3_cartographer/share/turtlebot3_cartographer/cmake/turtlebot3_cartographerConfig-version.cmake
[13.337s] -- Symlinking: /home/moon/S08P31C208/ROS/buruemi_ws/install/turtlebot3_cartographer/share/turtlebot3_cartographer/package.xml
[13.456s] Invoked command in '/home/moon/S08P31C208/ROS/buruemi_ws/build/turtlebot3_cartographer' returned '0': CMAKE_PREFIX_PATH=${CMAKE_PREFIX_PATH}:/home/moon/S08P31C208/ROS/buruemi_ws/install/turtlebot3_teleop:/home/moon/S08P31C208/ROS/buruemi_ws/install/turtlebot3_example:/opt/ros/dashing /usr/bin/cmake --build /home/moon/S08P31C208/ROS/buruemi_ws/build/turtlebot3_cartographer --target install -- -j4 -l4
