-- Found ament_cmake: 0.7.6 (/opt/ros/dashing/share/ament_cmake/cmake)
-- Using PYTHON_EXECUTABLE: /usr/bin/python3
-- Override CMake install command with custom implementation using symlinks instead of copying resources
-- Found builtin_interfaces: 0.7.4 (/opt/ros/dashing/share/builtin_interfaces/cmake)
-- Found rosidl_adapter: 0.7.10 (/opt/ros/dashing/share/rosidl_adapter/cmake)
-- Found rclcpp: 0.7.16 (/opt/ros/dashing/share/rclcpp/cmake)
-- Found rmw_implementation_cmake: 0.7.2 (/opt/ros/dashing/share/rmw_implementation_cmake/cmake)
-- Using RMW implementation 'rmw_fastrtps_cpp' as default
-- Found gazebo_dev: 3.3.5 (/home/iju/S08P31C208/ROS/robot_ws/install/gazebo_dev/share/gazebo_dev/cmake)
-- Boost version: 1.65.1
-- Found the following Boost libraries:
--   thread
--   system
--   filesystem
--   program_options
--   regex
--   iostreams
--   date_time
--   chrono
--   atomic
-- Found Protobuf: /usr/lib/x86_64-linux-gnu/libprotobuf.so;-pthread (found version "3.0.0") 
-- Boost version: 1.65.1
-- Looking for OGRE...
-- Found Ogre Ghadamon (1.9.0)
-- Found OGRE: optimized;/usr/lib/x86_64-linux-gnu/libOgreMain.so;debug;/usr/lib/x86_64-linux-gnu/libOgreMain.so
-- Looking for OGRE_Paging...
-- Found OGRE_Paging: optimized;/usr/lib/x86_64-linux-gnu/libOgrePaging.so;debug;/usr/lib/x86_64-linux-gnu/libOgrePaging.so
-- Looking for OGRE_Terrain...
-- Found OGRE_Terrain: optimized;/usr/lib/x86_64-linux-gnu/libOgreTerrain.so;debug;/usr/lib/x86_64-linux-gnu/libOgreTerrain.so
-- Looking for OGRE_Property...
-- Found OGRE_Property: optimized;/usr/lib/x86_64-linux-gnu/libOgreProperty.so;debug;/usr/lib/x86_64-linux-gnu/libOgreProperty.so
-- Looking for OGRE_RTShaderSystem...
-- Found OGRE_RTShaderSystem: optimized;/usr/lib/x86_64-linux-gnu/libOgreRTShaderSystem.so;debug;/usr/lib/x86_64-linux-gnu/libOgreRTShaderSystem.so
-- Looking for OGRE_Volume...
-- Found OGRE_Volume: optimized;/usr/lib/x86_64-linux-gnu/libOgreVolume.so;debug;/usr/lib/x86_64-linux-gnu/libOgreVolume.so
-- Looking for OGRE_Overlay...
-- Found OGRE_Overlay: optimized;/usr/lib/x86_64-linux-gnu/libOgreOverlay.so;debug;/usr/lib/x86_64-linux-gnu/libOgreOverlay.so
-- Found Protobuf: /usr/lib/x86_64-linux-gnu/libprotobuf.so;-pthread;-pthread (found suitable version "3.0.0", minimum required is "2.3.0") 
-- Config-file not installed for ZeroMQ -- checking for pkg-config
-- Checking for module 'libzmq >= 4'
--   Found libzmq , version 4.2.5
-- Checking for module 'uuid'
--   Found uuid, version 2.31.1
-- Checking for module 'tinyxml2'
--   Found tinyxml2, version 6.0.0
-- Looking for dlfcn.h - found
-- Looking for libdl - found
-- FreeImage.pc not found, we will search for FreeImage_INCLUDE_DIRS and FreeImage_LIBRARIES
-- Checking for module 'gts'
--   Found gts, version 0.7.6
-- Checking for module 'libswscale'
--   Found libswscale, version 4.8.100
-- Checking for module 'libavdevice >= 56.4.100'
--   Found libavdevice , version 57.10.100
-- Checking for module 'libavformat'
--   Found libavformat, version 57.83.100
-- Checking for module 'libavcodec'
--   Found libavcodec, version 57.107.100
-- Checking for module 'libavutil'
--   Found libavutil, version 55.78.100
-- Checking for module 'jsoncpp'
--   Found jsoncpp, version 1.7.4
-- Checking for module 'libzip'
--   Found libzip, version 1.1.2
-- Gazebo version: 9.19
-- Found gazebo_msgs: 3.3.5 (/home/iju/S08P31C208/ROS/robot_ws/install/gazebo_msgs/share/gazebo_msgs/cmake)
-- Found std_srvs: 0.7.1 (/opt/ros/dashing/share/std_srvs/cmake)
-- Found tinyxml_vendor:  (/opt/ros/dashing/share/tinyxml_vendor/cmake)
-- Found ament_cmake_gtest: 0.7.6 (/opt/ros/dashing/share/ament_cmake_gtest/cmake)
-- Found sensor_msgs: 0.7.1 (/opt/ros/dashing/share/sensor_msgs/cmake)
-- Found gtest sources under '/opt/ros/dashing/src/gtest_vendor': C++ tests using 'Google Test' will be built
-- Found ament_lint_auto: 0.7.12 (/opt/ros/dashing/share/ament_lint_auto/cmake)
-- Added test 'copyright' to check for copyright in CMake / C / C++ / Python code
-- Added test 'cppcheck' to perform static code analysis on C / C++ code
-- Configured cppcheck include dirs: /home/iju/S08P31C208/ROS/robot_ws/src/gazebo_ros_pkgs/gazebo_ros/include
-- Added test 'cpplint' to check C / C++ code against the Google style
-- Added test 'flake8' to check Python code syntax and style conventions
-- Added test 'lint_cmake' to check CMake code style
-- Added test 'pep257' to check Python code against some of the style conventions in PEP 257
-- Added test 'uncrustify' to check C / C++ code style
-- Added test 'xmllint' to check XML markup files
-- Configuring done
-- Generating done
-- Build files have been written to: /home/iju/S08P31C208/ROS/robot_ws/build/gazebo_ros
[  6%] Built target gazebo_ros_node
[ 11%] Built target gtest_main
[ 15%] Built target multiple_nodes
[ 20%] Built target args_init
[ 24%] Built target ros_world_plugin
[ 28%] Built target sdf_node
[ 33%] Built target create_node_without_init
[ 37%] Built target gazebo_ros_properties
[ 42%] Built target gazebo_ros_state
[ 46%] Built target gtest
[ 51%] Built target gazebo_ros_utils
[ 55%] Built target gazebo_ros_factory
[ 60%] Built target test_gazebo_ros_properties
[ 64%] Built target test_sim_time
[ 68%] Built target test_gazebo_ros_factory
[ 73%] Built target test_gazebo_ros_state
[ 77%] Built target test_gazebo_ros_init
[ 82%] Built target test_node
[ 86%] Built target test_plugins
[ 91%] Built target test_utils
[ 95%] Built target test_conversions
[100%] Built target gazebo_ros_init
[  6%] Built target gazebo_ros_node
[ 11%] Built target gtest_main
[ 15%] Built target multiple_nodes
[ 20%] Built target args_init
[ 24%] Built target ros_world_plugin
[ 28%] Built target sdf_node
[ 33%] Built target create_node_without_init
[ 37%] Built target gazebo_ros_properties
[ 42%] Built target gazebo_ros_state
[ 46%] Built target gtest
[ 51%] Built target gazebo_ros_utils
[ 55%] Built target gazebo_ros_factory
[ 60%] Built target test_gazebo_ros_properties
[ 64%] Built target test_sim_time
[ 68%] Built target test_gazebo_ros_factory
[ 73%] Built target test_gazebo_ros_state
[ 77%] Built target test_gazebo_ros_init
[ 82%] Built target test_node
[ 86%] Built target test_plugins
[ 91%] Built target test_utils
[ 95%] Built target test_conversions
[100%] Built target gazebo_ros_init
[36mInstall the project...[0m
-- Install configuration: ""
-- Execute custom install script
-- Up-to-date symlink: /home/iju/S08P31C208/ROS/robot_ws/install/gazebo_ros/share/gazebo_ros/environment/pythonpath.sh
-- Up-to-date symlink: /home/iju/S08P31C208/ROS/robot_ws/install/gazebo_ros/lib/python3.6/site-packages/scripts//__init__.py
-- Up-to-date symlink: /home/iju/S08P31C208/ROS/robot_ws/install/gazebo_ros/lib/python3.6/site-packages/scripts//gazebo_ros_paths.py
-- Up-to-date symlink: /home/iju/S08P31C208/ROS/robot_ws/install/gazebo_ros/lib/python3.6/site-packages/scripts//spawn_entity.py
-- Up-to-date symlink: /home/iju/S08P31C208/ROS/robot_ws/install/gazebo_ros/share/gazebo_ros/environment/library_path.sh
-- Up-to-date symlink: /home/iju/S08P31C208/ROS/robot_ws/install/gazebo_ros/share/ament_index/resource_index/package_run_dependencies/gazebo_ros
-- Up-to-date symlink: /home/iju/S08P31C208/ROS/robot_ws/install/gazebo_ros/share/ament_index/resource_index/parent_prefix_path/gazebo_ros
-- Up-to-date symlink: /home/iju/S08P31C208/ROS/robot_ws/install/gazebo_ros/share/gazebo_ros/environment/ament_prefix_path.sh
-- Up-to-date symlink: /home/iju/S08P31C208/ROS/robot_ws/install/gazebo_ros/share/gazebo_ros/environment/path.sh
-- Up-to-date symlink: /home/iju/S08P31C208/ROS/robot_ws/install/gazebo_ros/share/gazebo_ros/local_setup.bash
-- Up-to-date symlink: /home/iju/S08P31C208/ROS/robot_ws/install/gazebo_ros/share/gazebo_ros/local_setup.sh
-- Up-to-date symlink: /home/iju/S08P31C208/ROS/robot_ws/install/gazebo_ros/share/gazebo_ros/local_setup.zsh
-- Up-to-date symlink: /home/iju/S08P31C208/ROS/robot_ws/install/gazebo_ros/share/ament_index/resource_index/packages/gazebo_ros
-- Up-to-date symlink: /home/iju/S08P31C208/ROS/robot_ws/install/gazebo_ros/share/gazebo_ros/cmake/ament_cmake_export_libraries-extras.cmake
-- Up-to-date symlink: /home/iju/S08P31C208/ROS/robot_ws/install/gazebo_ros/share/gazebo_ros/cmake/ament_cmake_export_include_directories-extras.cmake
-- Up-to-date symlink: /home/iju/S08P31C208/ROS/robot_ws/install/gazebo_ros/share/gazebo_ros/cmake/ament_cmake_export_dependencies-extras.cmake
-- Up-to-date symlink: /home/iju/S08P31C208/ROS/robot_ws/install/gazebo_ros/share/gazebo_ros/cmake/gazebo_rosConfig.cmake
-- Up-to-date symlink: /home/iju/S08P31C208/ROS/robot_ws/install/gazebo_ros/share/gazebo_ros/cmake/gazebo_rosConfig-version.cmake
-- Up-to-date symlink: /home/iju/S08P31C208/ROS/robot_ws/install/gazebo_ros/share/gazebo_ros/package.xml
-- Up-to-date symlink: /home/iju/S08P31C208/ROS/robot_ws/install/gazebo_ros/include/gazebo_ros/conversions/builtin_interfaces.hpp
-- Up-to-date symlink: /home/iju/S08P31C208/ROS/robot_ws/install/gazebo_ros/include/gazebo_ros/conversions/gazebo_msgs.hpp
-- Up-to-date symlink: /home/iju/S08P31C208/ROS/robot_ws/install/gazebo_ros/include/gazebo_ros/conversions/generic.hpp
-- Up-to-date symlink: /home/iju/S08P31C208/ROS/robot_ws/install/gazebo_ros/include/gazebo_ros/conversions/geometry_msgs.hpp
-- Up-to-date symlink: /home/iju/S08P31C208/ROS/robot_ws/install/gazebo_ros/include/gazebo_ros/conversions/sensor_msgs.hpp
-- Up-to-date symlink: /home/iju/S08P31C208/ROS/robot_ws/install/gazebo_ros/include/gazebo_ros/executor.hpp
-- Up-to-date symlink: /home/iju/S08P31C208/ROS/robot_ws/install/gazebo_ros/include/gazebo_ros/gazebo_ros_factory.hpp
-- Up-to-date symlink: /home/iju/S08P31C208/ROS/robot_ws/install/gazebo_ros/include/gazebo_ros/gazebo_ros_init.hpp
-- Up-to-date symlink: /home/iju/S08P31C208/ROS/robot_ws/install/gazebo_ros/include/gazebo_ros/gazebo_ros_properties.hpp
-- Up-to-date symlink: /home/iju/S08P31C208/ROS/robot_ws/install/gazebo_ros/include/gazebo_ros/gazebo_ros_state.hpp
-- Up-to-date symlink: /home/iju/S08P31C208/ROS/robot_ws/install/gazebo_ros/include/gazebo_ros/node.hpp
-- Up-to-date symlink: /home/iju/S08P31C208/ROS/robot_ws/install/gazebo_ros/include/gazebo_ros/testing_utils.hpp
-- Up-to-date symlink: /home/iju/S08P31C208/ROS/robot_ws/install/gazebo_ros/include/gazebo_ros/utils.hpp
-- Up-to-date symlink: /home/iju/S08P31C208/ROS/robot_ws/install/gazebo_ros/lib/gazebo_ros//gazebo_ros_paths.py
-- Up-to-date symlink: /home/iju/S08P31C208/ROS/robot_ws/install/gazebo_ros/lib/libgazebo_ros_factory.so
-- Up-to-date symlink: /home/iju/S08P31C208/ROS/robot_ws/install/gazebo_ros/lib/libgazebo_ros_init.so
-- Up-to-date symlink: /home/iju/S08P31C208/ROS/robot_ws/install/gazebo_ros/lib/libgazebo_ros_node.so
-- Up-to-date symlink: /home/iju/S08P31C208/ROS/robot_ws/install/gazebo_ros/lib/libgazebo_ros_properties.so
-- Up-to-date symlink: /home/iju/S08P31C208/ROS/robot_ws/install/gazebo_ros/lib/libgazebo_ros_state.so
-- Up-to-date symlink: /home/iju/S08P31C208/ROS/robot_ws/install/gazebo_ros/lib/libgazebo_ros_utils.so
-- Up-to-date symlink: /home/iju/S08P31C208/ROS/robot_ws/install/gazebo_ros/lib/gazebo_ros//spawn_entity.py
-- Up-to-date symlink: /home/iju/S08P31C208/ROS/robot_ws/install/gazebo_ros/share/gazebo_ros//launch/empty_world.launch.py
-- Up-to-date symlink: /home/iju/S08P31C208/ROS/robot_ws/install/gazebo_ros/share/gazebo_ros//launch/gazebo.launch.py
-- Up-to-date symlink: /home/iju/S08P31C208/ROS/robot_ws/install/gazebo_ros/share/gazebo_ros//launch/gzclient.launch.py
-- Up-to-date symlink: /home/iju/S08P31C208/ROS/robot_ws/install/gazebo_ros/share/gazebo_ros//launch/gzserver.launch.py
-- Up-to-date symlink: /home/iju/S08P31C208/ROS/robot_ws/install/gazebo_ros/share/gazebo_ros//launch/spawn_entity_demo.launch.py
Listing '/home/iju/S08P31C208/ROS/robot_ws/install/gazebo_ros/lib/python3.6/site-packages/scripts/'...
