[1.149s] Invoking command in '/home/iju/S08P31C208/ROS/robot_ws/build/turtlebot3_teleop': PS1=\u@\h \[\033[32m\]\w\[\033[33m\]$(parse_git_branch)\[\033[00m\] $ PYTHONPATH=/home/iju/S08P31C208/ROS/robot_ws/build/turtlebot3_teleop/prefix_override:/home/iju/S08P31C208/ROS/robot_ws/install/turtlebot3_teleop/lib/python3.6/site-packages:${PYTHONPATH} /usr/bin/python3 setup.py develop --editable --build-directory /home/iju/S08P31C208/ROS/robot_ws/build/turtlebot3_teleop/build --no-deps install_data
[1.722s] /home/iju/.local/lib/python3.6/site-packages/setuptools/dist.py:726: UserWarning: Usage of dash-separated 'script-dir' will not be supported in future versions. Please use the underscore name 'script_dir' instead
[1.722s]   % (opt, underscore_opt)
[1.872s] running develop
[1.883s] /home/iju/.local/lib/python3.6/site-packages/setuptools/command/easy_install.py:159: EasyInstallDeprecationWarning: easy_install command is deprecated. Use build and pip and other standards-based tools.
[1.883s]   EasyInstallDeprecationWarning,
[1.887s] /home/iju/.local/lib/python3.6/site-packages/setuptools/command/install.py:37: SetuptoolsDeprecationWarning: setup.py install is deprecated. Use build and pip and other standards-based tools.
[1.887s]   setuptools.SetuptoolsDeprecationWarning,
[2.039s] /home/iju/.local/lib/python3.6/site-packages/pkg_resources/__init__.py:119: PkgResourcesDeprecationWarning: 0.18ubuntu0.18.04.1 is an invalid version and will not be supported in a future release
[2.039s]   PkgResourcesDeprecationWarning,
[2.462s] running egg_info
[2.462s] writing turtlebot3_teleop.egg-info/PKG-INFO
[2.463s] writing dependency_links to turtlebot3_teleop.egg-info/dependency_links.txt
[2.463s] writing entry points to turtlebot3_teleop.egg-info/entry_points.txt
[2.466s] writing requirements to turtlebot3_teleop.egg-info/requires.txt
[2.466s] writing top-level names to turtlebot3_teleop.egg-info/top_level.txt
[2.468s] reading manifest file 'turtlebot3_teleop.egg-info/SOURCES.txt'
[2.487s] writing manifest file 'turtlebot3_teleop.egg-info/SOURCES.txt'
[2.495s] running build_ext
[2.495s] Creating /home/iju/S08P31C208/ROS/robot_ws/install/turtlebot3_teleop/lib/python3.6/site-packages/turtlebot3-teleop.egg-link (link to .)
[2.505s] Installing teleop_keyboard script to /home/iju/S08P31C208/ROS/robot_ws/install/turtlebot3_teleop/lib/turtlebot3_teleop
[2.508s] 
[2.508s] Installed /home/iju/S08P31C208/ROS/robot_ws/build/turtlebot3_teleop
[2.508s] running install_data
[2.508s] copying resource/turtlebot3_teleop -> /home/iju/S08P31C208/ROS/robot_ws/install/turtlebot3_teleop/share/ament_index/resource_index/packages
[2.509s] copying package.xml -> /home/iju/S08P31C208/ROS/robot_ws/install/turtlebot3_teleop/share/turtlebot3_teleop
[2.618s] Invoked command in '/home/iju/S08P31C208/ROS/robot_ws/build/turtlebot3_teleop' returned '0': PS1=\u@\h \[\033[32m\]\w\[\033[33m\]$(parse_git_branch)\[\033[00m\] $ PYTHONPATH=/home/iju/S08P31C208/ROS/robot_ws/build/turtlebot3_teleop/prefix_override:/home/iju/S08P31C208/ROS/robot_ws/install/turtlebot3_teleop/lib/python3.6/site-packages:${PYTHONPATH} /usr/bin/python3 setup.py develop --editable --build-directory /home/iju/S08P31C208/ROS/robot_ws/build/turtlebot3_teleop/build --no-deps install_data
