[0.234s] Invoking command in '/home/moon/S08P31C208/ROS/buruemi_ws/build/ld08_driver': CMAKE_PREFIX_PATH=${CMAKE_PREFIX_PATH}:/home/moon/S08P31C208/ROS/buruemi_ws/install/lidar_filter:/home/moon/S08P31C208/ROS/buruemi_ws/install/turtlebot3_teleop:/home/moon/S08P31C208/ROS/buruemi_ws/install/turtlebot3_example:/opt/ros/dashing /usr/bin/cmake --build /home/moon/S08P31C208/ROS/buruemi_ws/build/ld08_driver -- -j4 -l4
[0.739s] [100%] Built target ld08_driver
[0.842s] Invoked command in '/home/moon/S08P31C208/ROS/buruemi_ws/build/ld08_driver' returned '0': CMAKE_PREFIX_PATH=${CMAKE_PREFIX_PATH}:/home/moon/S08P31C208/ROS/buruemi_ws/install/lidar_filter:/home/moon/S08P31C208/ROS/buruemi_ws/install/turtlebot3_teleop:/home/moon/S08P31C208/ROS/buruemi_ws/install/turtlebot3_example:/opt/ros/dashing /usr/bin/cmake --build /home/moon/S08P31C208/ROS/buruemi_ws/build/ld08_driver -- -j4 -l4
[1.503s] Invoking command in '/home/moon/S08P31C208/ROS/buruemi_ws/build/ld08_driver': CMAKE_PREFIX_PATH=${CMAKE_PREFIX_PATH}:/home/moon/S08P31C208/ROS/buruemi_ws/install/lidar_filter:/home/moon/S08P31C208/ROS/buruemi_ws/install/turtlebot3_teleop:/home/moon/S08P31C208/ROS/buruemi_ws/install/turtlebot3_example:/opt/ros/dashing /usr/bin/cmake --build /home/moon/S08P31C208/ROS/buruemi_ws/build/ld08_driver --target install -- -j4 -l4
[1.981s] [100%] Built target ld08_driver
[2.120s] [36mInstall the project...[0m
[2.217s] -- Install configuration: ""
[2.218s] -- Execute custom install script
[2.220s] -- Up-to-date symlink: /home/moon/S08P31C208/ROS/buruemi_ws/install/ld08_driver/share/ld08_driver/launch/ld08.launch.py
[2.224s] -- Up-to-date symlink: /home/moon/S08P31C208/ROS/buruemi_ws/install/ld08_driver/lib/ld08_driver/ld08_driver
[2.226s] -- Up-to-date symlink: /home/moon/S08P31C208/ROS/buruemi_ws/install/ld08_driver/share/ament_index/resource_index/package_run_dependencies/ld08_driver
[2.227s] -- Up-to-date symlink: /home/moon/S08P31C208/ROS/buruemi_ws/install/ld08_driver/share/ament_index/resource_index/parent_prefix_path/ld08_driver
[2.227s] -- Up-to-date symlink: /home/moon/S08P31C208/ROS/buruemi_ws/install/ld08_driver/share/ld08_driver/environment/ament_prefix_path.sh
[2.228s] -- Up-to-date symlink: /home/moon/S08P31C208/ROS/buruemi_ws/install/ld08_driver/share/ld08_driver/environment/path.sh
[2.228s] -- Up-to-date symlink: /home/moon/S08P31C208/ROS/buruemi_ws/install/ld08_driver/share/ld08_driver/local_setup.bash
[2.230s] -- Up-to-date symlink: /home/moon/S08P31C208/ROS/buruemi_ws/install/ld08_driver/share/ld08_driver/local_setup.sh
[2.251s] -- Up-to-date symlink: /home/moon/S08P31C208/ROS/buruemi_ws/install/ld08_driver/share/ld08_driver/local_setup.zsh
[2.259s] -- Up-to-date symlink: /home/moon/S08P31C208/ROS/buruemi_ws/install/ld08_driver/share/ament_index/resource_index/packages/ld08_driver
[2.260s] -- Up-to-date symlink: /home/moon/S08P31C208/ROS/buruemi_ws/install/ld08_driver/share/ld08_driver/cmake/ament_cmake_export_dependencies-extras.cmake
[2.260s] -- Up-to-date symlink: /home/moon/S08P31C208/ROS/buruemi_ws/install/ld08_driver/share/ld08_driver/cmake/ament_cmake_export_include_directories-extras.cmake
[2.261s] -- Up-to-date symlink: /home/moon/S08P31C208/ROS/buruemi_ws/install/ld08_driver/share/ld08_driver/cmake/ld08_driverConfig.cmake
[2.261s] -- Up-to-date symlink: /home/moon/S08P31C208/ROS/buruemi_ws/install/ld08_driver/share/ld08_driver/cmake/ld08_driverConfig-version.cmake
[2.266s] -- Up-to-date symlink: /home/moon/S08P31C208/ROS/buruemi_ws/install/ld08_driver/share/ld08_driver/package.xml
[2.457s] Invoked command in '/home/moon/S08P31C208/ROS/buruemi_ws/build/ld08_driver' returned '0': CMAKE_PREFIX_PATH=${CMAKE_PREFIX_PATH}:/home/moon/S08P31C208/ROS/buruemi_ws/install/lidar_filter:/home/moon/S08P31C208/ROS/buruemi_ws/install/turtlebot3_teleop:/home/moon/S08P31C208/ROS/buruemi_ws/install/turtlebot3_example:/opt/ros/dashing /usr/bin/cmake --build /home/moon/S08P31C208/ROS/buruemi_ws/build/ld08_driver --target install -- -j4 -l4
