Determining if the pthread_create exist failed with the following output:
Change Dir: /home/iju/S08P31C208/ROS/robot_ws/src/build/gazebo_ros/CMakeFiles/CMakeTmp

Run Build Command:"/usr/bin/make" "cmTC_3bfdd/fast"
/usr/bin/make -f CMakeFiles/cmTC_3bfdd.dir/build.make CMakeFiles/cmTC_3bfdd.dir/build
make[1]: Entering directory '/home/iju/S08P31C208/ROS/robot_ws/src/build/gazebo_ros/CMakeFiles/CMakeTmp'
Building C object CMakeFiles/cmTC_3bfdd.dir/CheckSymbolExists.c.o
/usr/bin/cc    -o CMakeFiles/cmTC_3bfdd.dir/CheckSymbolExists.c.o   -c /home/iju/S08P31C208/ROS/robot_ws/src/build/gazebo_ros/CMakeFiles/CMakeTmp/CheckSymbolExists.c
Linking C executable cmTC_3bfdd
/usr/bin/cmake -E cmake_link_script CMakeFiles/cmTC_3bfdd.dir/link.txt --verbose=1
/usr/bin/cc      CMakeFiles/cmTC_3bfdd.dir/CheckSymbolExists.c.o  -o cmTC_3bfdd 
CMakeFiles/cmTC_3bfdd.dir/CheckSymbolExists.c.o: In function `main':
CheckSymbolExists.c:(.text+0x1b): undefined reference to `pthread_create'
collect2: error: ld returned 1 exit status
CMakeFiles/cmTC_3bfdd.dir/build.make:97: recipe for target 'cmTC_3bfdd' failed
make[1]: *** [cmTC_3bfdd] Error 1
make[1]: Leaving directory '/home/iju/S08P31C208/ROS/robot_ws/src/build/gazebo_ros/CMakeFiles/CMakeTmp'
Makefile:126: recipe for target 'cmTC_3bfdd/fast' failed
make: *** [cmTC_3bfdd/fast] Error 2

File /home/iju/S08P31C208/ROS/robot_ws/src/build/gazebo_ros/CMakeFiles/CMakeTmp/CheckSymbolExists.c:
/* */
#include <pthread.h>

int main(int argc, char** argv)
{
  (void)argv;
#ifndef pthread_create
  return ((int*)(&pthread_create))[argc];
#else
  (void)argc;
  return 0;
#endif
}

Determining if the function pthread_create exists in the pthreads failed with the following output:
Change Dir: /home/iju/S08P31C208/ROS/robot_ws/src/build/gazebo_ros/CMakeFiles/CMakeTmp

Run Build Command:"/usr/bin/make" "cmTC_8730b/fast"
/usr/bin/make -f CMakeFiles/cmTC_8730b.dir/build.make CMakeFiles/cmTC_8730b.dir/build
make[1]: Entering directory '/home/iju/S08P31C208/ROS/robot_ws/src/build/gazebo_ros/CMakeFiles/CMakeTmp'
Building C object CMakeFiles/cmTC_8730b.dir/CheckFunctionExists.c.o
/usr/bin/cc   -DCHECK_FUNCTION_EXISTS=pthread_create   -o CMakeFiles/cmTC_8730b.dir/CheckFunctionExists.c.o   -c /usr/share/cmake-3.10/Modules/CheckFunctionExists.c
Linking C executable cmTC_8730b
/usr/bin/cmake -E cmake_link_script CMakeFiles/cmTC_8730b.dir/link.txt --verbose=1
/usr/bin/cc  -DCHECK_FUNCTION_EXISTS=pthread_create    CMakeFiles/cmTC_8730b.dir/CheckFunctionExists.c.o  -o cmTC_8730b -lpthreads 
/usr/bin/ld: cannot find -lpthreads
collect2: error: ld returned 1 exit status
CMakeFiles/cmTC_8730b.dir/build.make:97: recipe for target 'cmTC_8730b' failed
make[1]: *** [cmTC_8730b] Error 1
make[1]: Leaving directory '/home/iju/S08P31C208/ROS/robot_ws/src/build/gazebo_ros/CMakeFiles/CMakeTmp'
Makefile:126: recipe for target 'cmTC_8730b/fast' failed
make: *** [cmTC_8730b/fast] Error 2


