[0.074s] Invoking command in '/home/iju/S08P31C208/ROS/robot_ws/src/build/turtlebot3_node': AMENT_PREFIX_PATH=/home/iju/S08P31C208/ROS/robot_ws/src/install/turtlebot3_msgs:/home/iju/S08P31C208/ROS/robot_ws/src/install/dynamixel_sdk:${AMENT_PREFIX_PATH} CMAKE_PREFIX_PATH=/home/iju/S08P31C208/ROS/robot_ws/src/install/turtlebot3_msgs:/home/iju/S08P31C208/ROS/robot_ws/src/install/dynamixel_sdk:/home/iju/S08P31C208/ROS/robot_ws/install/vision_opencv:/home/iju/S08P31C208/ROS/robot_ws/install/turtlebot3_simulations:/home/iju/S08P31C208/ROS/robot_ws/install/turtlebot3_gazebo:/home/iju/S08P31C208/ROS/robot_ws/install/turtlebot3:/home/iju/S08P31C208/ROS/robot_ws/install/turtlebot3_bringup:/home/iju/S08P31C208/ROS/robot_ws/install/turtlebot3_node:/home/iju/S08P31C208/ROS/robot_ws/install/turtlebot3_navigation2:/home/iju/S08P31C208/ROS/robot_ws/install/turtlebot3_fake_node:/home/iju/S08P31C208/ROS/robot_ws/install/turtlebot3_msgs:/home/iju/S08P31C208/ROS/robot_ws/install/turtlebot3_description:/home/iju/S08P31C208/ROS/robot_ws/install/turtlebot3_cartographer:/home/iju/S08P31C208/ROS/robot_ws/install/image_geometry:/home/iju/S08P31C208/ROS/robot_ws/install/gazebo_ros_pkgs:/home/iju/S08P31C208/ROS/robot_ws/install/turtlebot3_teleop:/home/iju/S08P31C208/ROS/robot_ws/install/turtlebot3_example:/home/iju/S08P31C208/ROS/robot_ws/install/opencv_tests:/opt/ros/dashing:/home/iju/S08P31C208/ROS/robot_ws/install/aws_robomaker_hospital_world:/home/iju/S08P31C208/ROS/robot_ws/install/gazebo_plugins:/home/iju/S08P31C208/ROS/robot_ws/install/gazebo_ros:/home/iju/S08P31C208/ROS/robot_ws/install/gazebo_msgs:/home/iju/S08P31C208/ROS/robot_ws/install/gazebo_dev:/home/iju/S08P31C208/ROS/robot_ws/install/dynamixel_sdk_examples:/home/iju/S08P31C208/ROS/robot_ws/install/dynamixel_sdk_custom_interfaces:/home/iju/S08P31C208/ROS/robot_ws/install/dynamixel_sdk:/home/iju/S08P31C208/ROS/robot_ws/install/cv_bridge LD_LIBRARY_PATH=/home/iju/S08P31C208/ROS/robot_ws/src/install/turtlebot3_msgs/lib:/home/iju/S08P31C208/ROS/robot_ws/src/install/dynamixel_sdk/lib:${LD_LIBRARY_PATH} PS1=\u@\h \[\033[32m\]\w\[\033[33m\]$(parse_git_branch)\[\033[00m\] $ PYTHONPATH=/home/iju/S08P31C208/ROS/robot_ws/src/install/turtlebot3_msgs/lib/python3.6/site-packages:${PYTHONPATH} /usr/bin/cmake --build /home/iju/S08P31C208/ROS/robot_ws/src/build/turtlebot3_node -- -j6 -l6
[0.121s] -- Found ament_cmake: 0.7.6 (/opt/ros/dashing/share/ament_cmake/cmake)
[0.165s] -- Using PYTHON_EXECUTABLE: /usr/bin/python3
[0.438s] -- Override CMake install command with custom implementation using symlinks instead of copying resources
[0.450s] -- Found dynamixel_sdk: 3.7.40 (/home/iju/S08P31C208/ROS/robot_ws/src/install/dynamixel_sdk/share/dynamixel_sdk/cmake)
[0.452s] -- Found geometry_msgs: 0.7.1 (/opt/ros/dashing/share/geometry_msgs/cmake)
[0.469s] -- Found rosidl_adapter: 0.7.10 (/opt/ros/dashing/share/rosidl_adapter/cmake)
[0.525s] -- Found message_filters: 3.1.3 (/opt/ros/dashing/share/message_filters/cmake)
[0.525s] -- Found nav_msgs: 0.7.1 (/opt/ros/dashing/share/nav_msgs/cmake)
[0.539s] -- Found rclcpp: 0.7.16 (/opt/ros/dashing/share/rclcpp/cmake)
[0.557s] -- Found rmw_implementation_cmake: 0.7.2 (/opt/ros/dashing/share/rmw_implementation_cmake/cmake)
[0.557s] -- Using RMW implementation 'rmw_fastrtps_cpp' as default
[0.584s] -- Found sensor_msgs: 0.7.1 (/opt/ros/dashing/share/sensor_msgs/cmake)
[0.599s] -- Found std_srvs: 0.7.1 (/opt/ros/dashing/share/std_srvs/cmake)
[0.606s] -- Found tf2: 0.11.6 (/opt/ros/dashing/share/tf2/cmake)
[0.610s] -- Found tf2_ros: 0.11.6 (/opt/ros/dashing/share/tf2_ros/cmake)
[0.666s] -- Found turtlebot3_msgs: 2.2.1 (/home/iju/S08P31C208/ROS/robot_ws/src/install/turtlebot3_msgs/share/turtlebot3_msgs/cmake)
[1.127s] -- Configuring done
[1.186s] -- Generating done
[1.188s] -- Build files have been written to: /home/iju/S08P31C208/ROS/robot_ws/src/build/turtlebot3_node
[1.273s] [35m[1mScanning dependencies of target turtlebot3_node_lib[0m
[1.378s] [  7%] [32mBuilding CXX object CMakeFiles/turtlebot3_node_lib.dir/src/dynamixel_sdk_wrapper.cpp.o[0m
[1.394s] [ 14%] [32mBuilding CXX object CMakeFiles/turtlebot3_node_lib.dir/src/devices/reset.cpp.o[0m
[1.396s] [ 21%] [32mBuilding CXX object CMakeFiles/turtlebot3_node_lib.dir/src/devices/motor_power.cpp.o[0m
[1.399s] [ 28%] [32mBuilding CXX object CMakeFiles/turtlebot3_node_lib.dir/src/diff_drive_controller.cpp.o[0m
[1.399s] [ 35%] [32mBuilding CXX object CMakeFiles/turtlebot3_node_lib.dir/src/odometry.cpp.o[0m
[1.402s] [ 42%] [32mBuilding CXX object CMakeFiles/turtlebot3_node_lib.dir/src/devices/sound.cpp.o[0m
[2.677s] [ 50%] [32mBuilding CXX object CMakeFiles/turtlebot3_node_lib.dir/src/turtlebot3.cpp.o[0m
[5.644s] [ 57%] [32mBuilding CXX object CMakeFiles/turtlebot3_node_lib.dir/src/sensors/battery_state.cpp.o[0m
[5.816s] [ 64%] [32mBuilding CXX object CMakeFiles/turtlebot3_node_lib.dir/src/sensors/imu.cpp.o[0m
[6.006s] [ 71%] [32mBuilding CXX object CMakeFiles/turtlebot3_node_lib.dir/src/sensors/joint_state.cpp.o[0m
[6.522s] [ 78%] [32mBuilding CXX object CMakeFiles/turtlebot3_node_lib.dir/src/sensors/sensor_state.cpp.o[0m
[14.540s] [ 85%] [32m[1mLinking CXX static library libturtlebot3_node_lib.a[0m
[14.789s] [ 85%] Built target turtlebot3_node_lib
[14.809s] [35m[1mScanning dependencies of target turtlebot3_ros[0m
[14.850s] [ 92%] [32mBuilding CXX object CMakeFiles/turtlebot3_ros.dir/src/node_main.cpp.o[0m
[16.727s] [100%] [32m[1mLinking CXX executable turtlebot3_ros[0m
[17.728s] [100%] Built target turtlebot3_ros
[17.748s] Invoked command in '/home/iju/S08P31C208/ROS/robot_ws/src/build/turtlebot3_node' returned '0': AMENT_PREFIX_PATH=/home/iju/S08P31C208/ROS/robot_ws/src/install/turtlebot3_msgs:/home/iju/S08P31C208/ROS/robot_ws/src/install/dynamixel_sdk:${AMENT_PREFIX_PATH} CMAKE_PREFIX_PATH=/home/iju/S08P31C208/ROS/robot_ws/src/install/turtlebot3_msgs:/home/iju/S08P31C208/ROS/robot_ws/src/install/dynamixel_sdk:/home/iju/S08P31C208/ROS/robot_ws/install/vision_opencv:/home/iju/S08P31C208/ROS/robot_ws/install/turtlebot3_simulations:/home/iju/S08P31C208/ROS/robot_ws/install/turtlebot3_gazebo:/home/iju/S08P31C208/ROS/robot_ws/install/turtlebot3:/home/iju/S08P31C208/ROS/robot_ws/install/turtlebot3_bringup:/home/iju/S08P31C208/ROS/robot_ws/install/turtlebot3_node:/home/iju/S08P31C208/ROS/robot_ws/install/turtlebot3_navigation2:/home/iju/S08P31C208/ROS/robot_ws/install/turtlebot3_fake_node:/home/iju/S08P31C208/ROS/robot_ws/install/turtlebot3_msgs:/home/iju/S08P31C208/ROS/robot_ws/install/turtlebot3_description:/home/iju/S08P31C208/ROS/robot_ws/install/turtlebot3_cartographer:/home/iju/S08P31C208/ROS/robot_ws/install/image_geometry:/home/iju/S08P31C208/ROS/robot_ws/install/gazebo_ros_pkgs:/home/iju/S08P31C208/ROS/robot_ws/install/turtlebot3_teleop:/home/iju/S08P31C208/ROS/robot_ws/install/turtlebot3_example:/home/iju/S08P31C208/ROS/robot_ws/install/opencv_tests:/opt/ros/dashing:/home/iju/S08P31C208/ROS/robot_ws/install/aws_robomaker_hospital_world:/home/iju/S08P31C208/ROS/robot_ws/install/gazebo_plugins:/home/iju/S08P31C208/ROS/robot_ws/install/gazebo_ros:/home/iju/S08P31C208/ROS/robot_ws/install/gazebo_msgs:/home/iju/S08P31C208/ROS/robot_ws/install/gazebo_dev:/home/iju/S08P31C208/ROS/robot_ws/install/dynamixel_sdk_examples:/home/iju/S08P31C208/ROS/robot_ws/install/dynamixel_sdk_custom_interfaces:/home/iju/S08P31C208/ROS/robot_ws/install/dynamixel_sdk:/home/iju/S08P31C208/ROS/robot_ws/install/cv_bridge LD_LIBRARY_PATH=/home/iju/S08P31C208/ROS/robot_ws/src/install/turtlebot3_msgs/lib:/home/iju/S08P31C208/ROS/robot_ws/src/install/dynamixel_sdk/lib:${LD_LIBRARY_PATH} PS1=\u@\h \[\033[32m\]\w\[\033[33m\]$(parse_git_branch)\[\033[00m\] $ PYTHONPATH=/home/iju/S08P31C208/ROS/robot_ws/src/install/turtlebot3_msgs/lib/python3.6/site-packages:${PYTHONPATH} /usr/bin/cmake --build /home/iju/S08P31C208/ROS/robot_ws/src/build/turtlebot3_node -- -j6 -l6
[17.824s] Invoking command in '/home/iju/S08P31C208/ROS/robot_ws/src/build/turtlebot3_node': AMENT_PREFIX_PATH=/home/iju/S08P31C208/ROS/robot_ws/src/install/turtlebot3_msgs:/home/iju/S08P31C208/ROS/robot_ws/src/install/dynamixel_sdk:${AMENT_PREFIX_PATH} CMAKE_PREFIX_PATH=/home/iju/S08P31C208/ROS/robot_ws/src/install/turtlebot3_msgs:/home/iju/S08P31C208/ROS/robot_ws/src/install/dynamixel_sdk:/home/iju/S08P31C208/ROS/robot_ws/install/vision_opencv:/home/iju/S08P31C208/ROS/robot_ws/install/turtlebot3_simulations:/home/iju/S08P31C208/ROS/robot_ws/install/turtlebot3_gazebo:/home/iju/S08P31C208/ROS/robot_ws/install/turtlebot3:/home/iju/S08P31C208/ROS/robot_ws/install/turtlebot3_bringup:/home/iju/S08P31C208/ROS/robot_ws/install/turtlebot3_node:/home/iju/S08P31C208/ROS/robot_ws/install/turtlebot3_navigation2:/home/iju/S08P31C208/ROS/robot_ws/install/turtlebot3_fake_node:/home/iju/S08P31C208/ROS/robot_ws/install/turtlebot3_msgs:/home/iju/S08P31C208/ROS/robot_ws/install/turtlebot3_description:/home/iju/S08P31C208/ROS/robot_ws/install/turtlebot3_cartographer:/home/iju/S08P31C208/ROS/robot_ws/install/image_geometry:/home/iju/S08P31C208/ROS/robot_ws/install/gazebo_ros_pkgs:/home/iju/S08P31C208/ROS/robot_ws/install/turtlebot3_teleop:/home/iju/S08P31C208/ROS/robot_ws/install/turtlebot3_example:/home/iju/S08P31C208/ROS/robot_ws/install/opencv_tests:/opt/ros/dashing:/home/iju/S08P31C208/ROS/robot_ws/install/aws_robomaker_hospital_world:/home/iju/S08P31C208/ROS/robot_ws/install/gazebo_plugins:/home/iju/S08P31C208/ROS/robot_ws/install/gazebo_ros:/home/iju/S08P31C208/ROS/robot_ws/install/gazebo_msgs:/home/iju/S08P31C208/ROS/robot_ws/install/gazebo_dev:/home/iju/S08P31C208/ROS/robot_ws/install/dynamixel_sdk_examples:/home/iju/S08P31C208/ROS/robot_ws/install/dynamixel_sdk_custom_interfaces:/home/iju/S08P31C208/ROS/robot_ws/install/dynamixel_sdk:/home/iju/S08P31C208/ROS/robot_ws/install/cv_bridge LD_LIBRARY_PATH=/home/iju/S08P31C208/ROS/robot_ws/src/install/turtlebot3_msgs/lib:/home/iju/S08P31C208/ROS/robot_ws/src/install/dynamixel_sdk/lib:${LD_LIBRARY_PATH} PS1=\u@\h \[\033[32m\]\w\[\033[33m\]$(parse_git_branch)\[\033[00m\] $ PYTHONPATH=/home/iju/S08P31C208/ROS/robot_ws/src/install/turtlebot3_msgs/lib/python3.6/site-packages:${PYTHONPATH} /usr/bin/cmake --build /home/iju/S08P31C208/ROS/robot_ws/src/build/turtlebot3_node --target install -- -j6 -l6
[17.935s] [ 85%] Built target turtlebot3_node_lib
[17.978s] [100%] Built target turtlebot3_ros
[18.006s] [36mInstall the project...[0m
[18.021s] -- Install configuration: ""
[18.021s] -- Execute custom install script
[18.022s] -- Up-to-date symlink: /home/iju/S08P31C208/ROS/robot_ws/src/install/turtlebot3_node/share/turtlebot3_node/param/burger.yaml
[18.022s] -- Up-to-date symlink: /home/iju/S08P31C208/ROS/robot_ws/src/install/turtlebot3_node/share/turtlebot3_node/param/waffle.yaml
[18.022s] -- Up-to-date symlink: /home/iju/S08P31C208/ROS/robot_ws/src/install/turtlebot3_node/share/turtlebot3_node/param/waffle_pi.yaml
[18.023s] -- Up-to-date symlink: /home/iju/S08P31C208/ROS/robot_ws/src/install/turtlebot3_node/lib/turtlebot3_node/turtlebot3_ros
[18.023s] -- Up-to-date symlink: /home/iju/S08P31C208/ROS/robot_ws/src/install/turtlebot3_node/share/ament_index/resource_index/package_run_dependencies/turtlebot3_node
[18.024s] -- Up-to-date symlink: /home/iju/S08P31C208/ROS/robot_ws/src/install/turtlebot3_node/share/ament_index/resource_index/parent_prefix_path/turtlebot3_node
[18.024s] -- Up-to-date symlink: /home/iju/S08P31C208/ROS/robot_ws/src/install/turtlebot3_node/share/turtlebot3_node/environment/ament_prefix_path.sh
[18.024s] -- Up-to-date symlink: /home/iju/S08P31C208/ROS/robot_ws/src/install/turtlebot3_node/share/turtlebot3_node/environment/path.sh
[18.024s] -- Up-to-date symlink: /home/iju/S08P31C208/ROS/robot_ws/src/install/turtlebot3_node/share/turtlebot3_node/local_setup.bash
[18.025s] -- Up-to-date symlink: /home/iju/S08P31C208/ROS/robot_ws/src/install/turtlebot3_node/share/turtlebot3_node/local_setup.sh
[18.025s] -- Up-to-date symlink: /home/iju/S08P31C208/ROS/robot_ws/src/install/turtlebot3_node/share/turtlebot3_node/local_setup.zsh
[18.025s] -- Up-to-date symlink: /home/iju/S08P31C208/ROS/robot_ws/src/install/turtlebot3_node/share/ament_index/resource_index/packages/turtlebot3_node
[18.026s] -- Up-to-date symlink: /home/iju/S08P31C208/ROS/robot_ws/src/install/turtlebot3_node/share/turtlebot3_node/cmake/ament_cmake_export_include_directories-extras.cmake
[18.026s] -- Up-to-date symlink: /home/iju/S08P31C208/ROS/robot_ws/src/install/turtlebot3_node/share/turtlebot3_node/cmake/turtlebot3_nodeConfig.cmake
[18.026s] -- Up-to-date symlink: /home/iju/S08P31C208/ROS/robot_ws/src/install/turtlebot3_node/share/turtlebot3_node/cmake/turtlebot3_nodeConfig-version.cmake
[18.027s] -- Up-to-date symlink: /home/iju/S08P31C208/ROS/robot_ws/src/install/turtlebot3_node/share/turtlebot3_node/package.xml
[18.042s] Invoked command in '/home/iju/S08P31C208/ROS/robot_ws/src/build/turtlebot3_node' returned '0': AMENT_PREFIX_PATH=/home/iju/S08P31C208/ROS/robot_ws/src/install/turtlebot3_msgs:/home/iju/S08P31C208/ROS/robot_ws/src/install/dynamixel_sdk:${AMENT_PREFIX_PATH} CMAKE_PREFIX_PATH=/home/iju/S08P31C208/ROS/robot_ws/src/install/turtlebot3_msgs:/home/iju/S08P31C208/ROS/robot_ws/src/install/dynamixel_sdk:/home/iju/S08P31C208/ROS/robot_ws/install/vision_opencv:/home/iju/S08P31C208/ROS/robot_ws/install/turtlebot3_simulations:/home/iju/S08P31C208/ROS/robot_ws/install/turtlebot3_gazebo:/home/iju/S08P31C208/ROS/robot_ws/install/turtlebot3:/home/iju/S08P31C208/ROS/robot_ws/install/turtlebot3_bringup:/home/iju/S08P31C208/ROS/robot_ws/install/turtlebot3_node:/home/iju/S08P31C208/ROS/robot_ws/install/turtlebot3_navigation2:/home/iju/S08P31C208/ROS/robot_ws/install/turtlebot3_fake_node:/home/iju/S08P31C208/ROS/robot_ws/install/turtlebot3_msgs:/home/iju/S08P31C208/ROS/robot_ws/install/turtlebot3_description:/home/iju/S08P31C208/ROS/robot_ws/install/turtlebot3_cartographer:/home/iju/S08P31C208/ROS/robot_ws/install/image_geometry:/home/iju/S08P31C208/ROS/robot_ws/install/gazebo_ros_pkgs:/home/iju/S08P31C208/ROS/robot_ws/install/turtlebot3_teleop:/home/iju/S08P31C208/ROS/robot_ws/install/turtlebot3_example:/home/iju/S08P31C208/ROS/robot_ws/install/opencv_tests:/opt/ros/dashing:/home/iju/S08P31C208/ROS/robot_ws/install/aws_robomaker_hospital_world:/home/iju/S08P31C208/ROS/robot_ws/install/gazebo_plugins:/home/iju/S08P31C208/ROS/robot_ws/install/gazebo_ros:/home/iju/S08P31C208/ROS/robot_ws/install/gazebo_msgs:/home/iju/S08P31C208/ROS/robot_ws/install/gazebo_dev:/home/iju/S08P31C208/ROS/robot_ws/install/dynamixel_sdk_examples:/home/iju/S08P31C208/ROS/robot_ws/install/dynamixel_sdk_custom_interfaces:/home/iju/S08P31C208/ROS/robot_ws/install/dynamixel_sdk:/home/iju/S08P31C208/ROS/robot_ws/install/cv_bridge LD_LIBRARY_PATH=/home/iju/S08P31C208/ROS/robot_ws/src/install/turtlebot3_msgs/lib:/home/iju/S08P31C208/ROS/robot_ws/src/install/dynamixel_sdk/lib:${LD_LIBRARY_PATH} PS1=\u@\h \[\033[32m\]\w\[\033[33m\]$(parse_git_branch)\[\033[00m\] $ PYTHONPATH=/home/iju/S08P31C208/ROS/robot_ws/src/install/turtlebot3_msgs/lib/python3.6/site-packages:${PYTHONPATH} /usr/bin/cmake --build /home/iju/S08P31C208/ROS/robot_ws/src/build/turtlebot3_node --target install -- -j6 -l6
