[2.120s] Invoking command in '/home/iju/S08P31C208/ROS/robot_ws/build/turtlebot3_teleop': PS1=\u@\h \[\033[32m\]\w\[\033[33m\]$(parse_git_branch)\[\033[00m\] $ PYTHONPATH=/home/iju/S08P31C208/ROS/robot_ws/build/turtlebot3_teleop/prefix_override:/home/iju/S08P31C208/ROS/robot_ws/install/turtlebot3_teleop/lib/python3.6/site-packages:${PYTHONPATH} /usr/bin/python3 setup.py develop --editable --build-directory /home/iju/S08P31C208/ROS/robot_ws/build/turtlebot3_teleop/build --no-deps install_data
[2.826s] /home/iju/.local/lib/python3.6/site-packages/setuptools/dist.py:726: UserWarning: Usage of dash-separated 'script-dir' will not be supported in future versions. Please use the underscore name 'script_dir' instead
[2.827s]   % (opt, underscore_opt)
[2.985s] running develop
[2.989s] /home/iju/.local/lib/python3.6/site-packages/setuptools/command/easy_install.py:159: EasyInstallDeprecationWarning: easy_install command is deprecated. Use build and pip and other standards-based tools.
[2.989s]   EasyInstallDeprecationWarning,
[2.989s] /home/iju/.local/lib/python3.6/site-packages/setuptools/command/install.py:37: SetuptoolsDeprecationWarning: setup.py install is deprecated. Use build and pip and other standards-based tools.
[2.989s]   setuptools.SetuptoolsDeprecationWarning,
[3.107s] /home/iju/.local/lib/python3.6/site-packages/pkg_resources/__init__.py:119: PkgResourcesDeprecationWarning: 0.18ubuntu0.18.04.1 is an invalid version and will not be supported in a future release
[3.108s]   PkgResourcesDeprecationWarning,
[3.329s] running egg_info
[3.331s] writing turtlebot3_teleop.egg-info/PKG-INFO
[3.331s] writing dependency_links to turtlebot3_teleop.egg-info/dependency_links.txt
[3.332s] writing entry points to turtlebot3_teleop.egg-info/entry_points.txt
[3.332s] writing requirements to turtlebot3_teleop.egg-info/requires.txt
[3.335s] writing top-level names to turtlebot3_teleop.egg-info/top_level.txt
[3.341s] reading manifest file 'turtlebot3_teleop.egg-info/SOURCES.txt'
[3.342s] writing manifest file 'turtlebot3_teleop.egg-info/SOURCES.txt'
[3.356s] running build_ext
[3.356s] Creating /home/iju/S08P31C208/ROS/robot_ws/install/turtlebot3_teleop/lib/python3.6/site-packages/turtlebot3-teleop.egg-link (link to .)
[3.357s] Installing teleop_keyboard script to /home/iju/S08P31C208/ROS/robot_ws/install/turtlebot3_teleop/lib/turtlebot3_teleop
[3.357s] 
[3.357s] Installed /home/iju/S08P31C208/ROS/robot_ws/build/turtlebot3_teleop
[3.357s] running install_data
[3.403s] Invoked command in '/home/iju/S08P31C208/ROS/robot_ws/build/turtlebot3_teleop' returned '0': PS1=\u@\h \[\033[32m\]\w\[\033[33m\]$(parse_git_branch)\[\033[00m\] $ PYTHONPATH=/home/iju/S08P31C208/ROS/robot_ws/build/turtlebot3_teleop/prefix_override:/home/iju/S08P31C208/ROS/robot_ws/install/turtlebot3_teleop/lib/python3.6/site-packages:${PYTHONPATH} /usr/bin/python3 setup.py develop --editable --build-directory /home/iju/S08P31C208/ROS/robot_ws/build/turtlebot3_teleop/build --no-deps install_data
