[0.066s] Invoking command in '/home/iju/S08P31C208/ROS/robot_ws/build/gazebo_plugins': CMAKE_PREFIX_PATH=/home/iju/S08P31C208/ROS/robot_ws/install/gazebo_ros:/home/iju/S08P31C208/ROS/robot_ws/install/gazebo_msgs:/home/iju/S08P31C208/ROS/robot_ws/install/gazebo_dev:/home/iju/S08P31C208/ROS/robot_ws/install/turtlebot3_simulations:/home/iju/S08P31C208/ROS/robot_ws/install/turtlebot3_gazebo:/home/iju/S08P31C208/ROS/robot_ws/install/turtlebot3:/home/iju/S08P31C208/ROS/robot_ws/install/turtlebot3_bringup:/home/iju/S08P31C208/ROS/robot_ws/install/turtlebot3_node:/home/iju/S08P31C208/ROS/robot_ws/install/turtlebot3_navigation2:/home/iju/S08P31C208/ROS/robot_ws/install/turtlebot3_fake_node:/home/iju/S08P31C208/ROS/robot_ws/install/turtlebot3_msgs:/home/iju/S08P31C208/ROS/robot_ws/install/turtlebot3_description:/home/iju/S08P31C208/ROS/robot_ws/install/turtlebot3_cartographer:/home/iju/S08P31C208/ROS/robot_ws/install/turtle_cpp:/home/iju/S08P31C208/ROS/robot_ws/install/nav2_system_tests:/home/iju/S08P31C208/ROS/robot_ws/install/nav2_bringup:/home/iju/S08P31C208/ROS/robot_ws/install/navigation2:/home/iju/S08P31C208/ROS/robot_ws/install/nav2_dwb_controller:/home/iju/S08P31C208/ROS/robot_ws/install/dwb_plugins:/home/iju/S08P31C208/ROS/robot_ws/install/dwb_critics:/home/iju/S08P31C208/ROS/robot_ws/install/dwb_controller:/home/iju/S08P31C208/ROS/robot_ws/install/dwb_core:/home/iju/S08P31C208/ROS/robot_ws/install/nav_2d_utils:/home/iju/S08P31C208/ROS/robot_ws/install/dwb_msgs:/home/iju/S08P31C208/ROS/robot_ws/install/nav_2d_msgs:/home/iju/S08P31C208/ROS/robot_ws/install/nav2_world_model:/home/iju/S08P31C208/ROS/robot_ws/install/nav2_recoveries:/home/iju/S08P31C208/ROS/robot_ws/install/costmap_queue:/home/iju/S08P31C208/ROS/robot_ws/install/nav2_costmap_2d:/home/iju/S08P31C208/ROS/robot_ws/install/nav2_voxel_grid:/home/iju/S08P31C208/ROS/robot_ws/install/nav2_rviz_plugins:/home/iju/S08P31C208/ROS/robot_ws/install/nav2_navfn_planner:/home/iju/S08P31C208/ROS/robot_ws/install/nav2_map_server:/home/iju/S08P31C208/ROS/robot_ws/install/nav2_lifecycle_manager:/home/iju/S08P31C208/ROS/robot_ws/install/nav2_bt_navigator:/home/iju/S08P31C208/ROS/robot_ws/install/nav2_behavior_tree:/home/iju/S08P31C208/ROS/robot_ws/install/nav2_amcl:/home/iju/S08P31C208/ROS/robot_ws/install/nav2_util:/home/iju/S08P31C208/ROS/robot_ws/install/nav2_msgs:/home/iju/S08P31C208/ROS/robot_ws/install/nav2_dynamic_params:/home/iju/S08P31C208/ROS/robot_ws/install/nav2_common:/home/iju/S08P31C208/ROS/robot_ws/install/gazebo_ros_pkgs:/home/iju/S08P31C208/ROS/robot_ws/install/gazebo_plugins:/home/iju/S08P31C208/ROS/robot_ws/install/dynamixel_sdk_examples:/home/iju/S08P31C208/ROS/robot_ws/install/dynamixel_sdk_custom_interfaces:/home/iju/S08P31C208/ROS/robot_ws/install/dynamixel_sdk:/home/iju/S08P31C208/ROS/robot_ws/install/turtlebot3_teleop:/home/iju/S08P31C208/ROS/robot_ws/install/turtlebot3_example:/opt/ros/dashing LD_LIBRARY_PATH=/home/iju/S08P31C208/ROS/robot_ws/install/gazebo_ros/lib:/home/iju/S08P31C208/ROS/robot_ws/install/gazebo_msgs/lib:/home/iju/S08P31C208/ROS/robot_ws/install/turtlebot3_msgs/lib:/home/iju/S08P31C208/ROS/robot_ws/install/dwb_plugins/lib:/home/iju/S08P31C208/ROS/robot_ws/install/dwb_critics/lib:/home/iju/S08P31C208/ROS/robot_ws/install/dwb_controller/lib:/home/iju/S08P31C208/ROS/robot_ws/install/dwb_core/lib:/home/iju/S08P31C208/ROS/robot_ws/install/nav_2d_utils/lib:/home/iju/S08P31C208/ROS/robot_ws/install/dwb_msgs/lib:/home/iju/S08P31C208/ROS/robot_ws/install/nav_2d_msgs/lib:/home/iju/S08P31C208/ROS/robot_ws/install/nav2_world_model/lib:/home/iju/S08P31C208/ROS/robot_ws/install/nav2_recoveries/lib:/home/iju/S08P31C208/ROS/robot_ws/install/costmap_queue/lib:/home/iju/S08P31C208/ROS/robot_ws/install/nav2_costmap_2d/lib:/home/iju/S08P31C208/ROS/robot_ws/install/nav2_voxel_grid/lib:/home/iju/S08P31C208/ROS/robot_ws/install/nav2_rviz_plugins/lib:/home/iju/S08P31C208/ROS/robot_ws/install/nav2_navfn_planner/lib:/home/iju/S08P31C208/ROS/robot_ws/install/nav2_map_server/lib:/home/iju/S08P31C208/ROS/robot_ws/install/nav2_lifecycle_manager/lib:/home/iju/S08P31C208/ROS/robot_ws/install/nav2_bt_navigator/lib:/home/iju/S08P31C208/ROS/robot_ws/install/nav2_behavior_tree/lib:/home/iju/S08P31C208/ROS/robot_ws/install/nav2_amcl/lib:/home/iju/S08P31C208/ROS/robot_ws/install/nav2_util/lib:/home/iju/S08P31C208/ROS/robot_ws/install/nav2_msgs/lib:/home/iju/S08P31C208/ROS/robot_ws/install/nav2_dynamic_params/lib:/home/iju/S08P31C208/ROS/robot_ws/install/gazebo_plugins/lib:/home/iju/S08P31C208/ROS/robot_ws/install/dynamixel_sdk_custom_interfaces/lib:/home/iju/S08P31C208/ROS/robot_ws/install/dynamixel_sdk/lib:/usr/lib/x86_64-linux-gnu/gazebo-9/plugins:/opt/ros/dashing/opt/yaml_cpp_vendor/lib:/opt/ros/dashing/opt/rviz_ogre_vendor/lib:/opt/ros/dashing/lib PS1=\u@\h \[\033[32m\]\w\[\033[33m\]$(parse_git_branch)\[\033[00m\] $ PYTHONPATH=/home/iju/S08P31C208/ROS/robot_ws/install/gazebo_ros/lib/python3.6/site-packages:/home/iju/S08P31C208/ROS/robot_ws/install/gazebo_msgs/lib/python3.6/site-packages:/home/iju/S08P31C208/ROS/robot_ws/install/turtlebot3_teleop/lib/python3.6/site-packages:/home/iju/S08P31C208/ROS/robot_ws/install/turtlebot3_example/lib/python3.6/site-packages:/home/iju/S08P31C208/ROS/robot_ws/install/turtlebot3_msgs/lib/python3.6/site-packages:/home/iju/S08P31C208/ROS/robot_ws/install/dwb_msgs/lib/python3.6/site-packages:/home/iju/S08P31C208/ROS/robot_ws/install/nav_2d_msgs/lib/python3.6/site-packages:/home/iju/S08P31C208/ROS/robot_ws/install/nav2_msgs/lib/python3.6/site-packages:/home/iju/S08P31C208/ROS/robot_ws/install/nav2_common/lib/python3.6/site-packages:/home/iju/S08P31C208/ROS/robot_ws/install/dynamixel_sdk_custom_interfaces/lib/python3.6/site-packages:/opt/ros/dashing/lib/python3.6/site-packages /usr/bin/cmake --build /home/iju/S08P31C208/ROS/robot_ws/build/gazebo_plugins -- -j6 -l6
[0.386s] [  2%] Built target gazebo_ros_projector
[0.391s] [  4%] Built target gazebo_ros_joint_pose_trajectory
[0.431s] [  6%] Built target gazebo_ros_vacuum_gripper
[0.443s] [  9%] Built target gazebo_ros_bumper
[0.453s] [ 11%] Built target gazebo_ros_ackermann_drive
[0.453s] [ 13%] Built target gazebo_ros_planar_move
[0.524s] [ 15%] Built target gazebo_ros_hand_of_god
[0.547s] [ 18%] Built target gazebo_ros_force
[0.569s] [ 20%] Built target gazebo_ros_joint_state_publisher
[0.578s] [ 22%] Built target gazebo_ros_template
[0.593s] [ 25%] Built target gazebo_ros_diff_drive
[0.617s] [ 27%] Built target gazebo_ros_logical_camera
[0.662s] [ 29%] Built target multi_camera_plugin
[0.663s] [ 31%] Built target gazebo_ros_ray_sensor
[0.728s] [ 34%] Built target gazebo_ros_imu_sensor
[0.737s] [ 36%] Built target gazebo_ros_multi_camera
[0.742s] [ 38%] Built target gazebo_ros_gps_sensor
[0.760s] [ 40%] Built target gazebo_ros_depth_camera
[0.785s] [ 43%] Built target gazebo_ros_elevator
[0.789s] [ 45%] Built target gazebo_ros_video
[0.812s] [ 47%] Built target gazebo_ros_p3d
[0.845s] [ 50%] Built target gazebo_ros_harness
[0.873s] [ 52%] Built target gazebo_ros_ft_sensor
[0.901s] [ 54%] Built target gazebo_ros_tricycle_drive
[0.916s] [ 56%] Built target gtest_main
[0.925s] [ 59%] Built target gtest
[0.935s] [ 61%] Built target gazebo_ros_camera
[1.062s] [ 63%] Built target test_gazebo_ros_vacuum_gripper
[1.093s] [ 65%] Built target test_gazebo_ros_ft_sensor
[1.101s] [ 68%] Built target test_gazebo_ros_diff_drive
[1.101s] [ 70%] Built target test_gazebo_ros_force
[1.120s] [ 75%] Built target test_gazebo_ros_elevator
[1.124s] [ 75%] Built target test_gazebo_ros_ackermann_drive
[1.229s] [ 77%] Built target test_gazebo_ros_harness
[1.239s] [ 79%] Built target test_gazebo_ros_planar_move
[1.254s] [ 81%] Built target test_gazebo_ros_joint_pose_trajectory
[1.254s] [ 84%] Built target test_gazebo_ros_hand_of_god
[1.265s] [ 88%] Built target test_gazebo_ros_imu_sensor
[1.266s] [ 86%] Built target test_gazebo_ros_gps_sensor
[1.371s] [ 90%] Built target test_gazebo_ros_p3d
[1.395s] [ 93%] Built target test_gazebo_ros_bumper
[1.395s] [ 95%] Built target test_gazebo_ros_joint_state_publisher
[1.400s] [ 97%] Built target test_gazebo_ros_ray_sensor
[1.409s] [100%] Built target test_gazebo_ros_tricycle_drive
[1.613s] Invoked command in '/home/iju/S08P31C208/ROS/robot_ws/build/gazebo_plugins' returned '0': CMAKE_PREFIX_PATH=/home/iju/S08P31C208/ROS/robot_ws/install/gazebo_ros:/home/iju/S08P31C208/ROS/robot_ws/install/gazebo_msgs:/home/iju/S08P31C208/ROS/robot_ws/install/gazebo_dev:/home/iju/S08P31C208/ROS/robot_ws/install/turtlebot3_simulations:/home/iju/S08P31C208/ROS/robot_ws/install/turtlebot3_gazebo:/home/iju/S08P31C208/ROS/robot_ws/install/turtlebot3:/home/iju/S08P31C208/ROS/robot_ws/install/turtlebot3_bringup:/home/iju/S08P31C208/ROS/robot_ws/install/turtlebot3_node:/home/iju/S08P31C208/ROS/robot_ws/install/turtlebot3_navigation2:/home/iju/S08P31C208/ROS/robot_ws/install/turtlebot3_fake_node:/home/iju/S08P31C208/ROS/robot_ws/install/turtlebot3_msgs:/home/iju/S08P31C208/ROS/robot_ws/install/turtlebot3_description:/home/iju/S08P31C208/ROS/robot_ws/install/turtlebot3_cartographer:/home/iju/S08P31C208/ROS/robot_ws/install/turtle_cpp:/home/iju/S08P31C208/ROS/robot_ws/install/nav2_system_tests:/home/iju/S08P31C208/ROS/robot_ws/install/nav2_bringup:/home/iju/S08P31C208/ROS/robot_ws/install/navigation2:/home/iju/S08P31C208/ROS/robot_ws/install/nav2_dwb_controller:/home/iju/S08P31C208/ROS/robot_ws/install/dwb_plugins:/home/iju/S08P31C208/ROS/robot_ws/install/dwb_critics:/home/iju/S08P31C208/ROS/robot_ws/install/dwb_controller:/home/iju/S08P31C208/ROS/robot_ws/install/dwb_core:/home/iju/S08P31C208/ROS/robot_ws/install/nav_2d_utils:/home/iju/S08P31C208/ROS/robot_ws/install/dwb_msgs:/home/iju/S08P31C208/ROS/robot_ws/install/nav_2d_msgs:/home/iju/S08P31C208/ROS/robot_ws/install/nav2_world_model:/home/iju/S08P31C208/ROS/robot_ws/install/nav2_recoveries:/home/iju/S08P31C208/ROS/robot_ws/install/costmap_queue:/home/iju/S08P31C208/ROS/robot_ws/install/nav2_costmap_2d:/home/iju/S08P31C208/ROS/robot_ws/install/nav2_voxel_grid:/home/iju/S08P31C208/ROS/robot_ws/install/nav2_rviz_plugins:/home/iju/S08P31C208/ROS/robot_ws/install/nav2_navfn_planner:/home/iju/S08P31C208/ROS/robot_ws/install/nav2_map_server:/home/iju/S08P31C208/ROS/robot_ws/install/nav2_lifecycle_manager:/home/iju/S08P31C208/ROS/robot_ws/install/nav2_bt_navigator:/home/iju/S08P31C208/ROS/robot_ws/install/nav2_behavior_tree:/home/iju/S08P31C208/ROS/robot_ws/install/nav2_amcl:/home/iju/S08P31C208/ROS/robot_ws/install/nav2_util:/home/iju/S08P31C208/ROS/robot_ws/install/nav2_msgs:/home/iju/S08P31C208/ROS/robot_ws/install/nav2_dynamic_params:/home/iju/S08P31C208/ROS/robot_ws/install/nav2_common:/home/iju/S08P31C208/ROS/robot_ws/install/gazebo_ros_pkgs:/home/iju/S08P31C208/ROS/robot_ws/install/gazebo_plugins:/home/iju/S08P31C208/ROS/robot_ws/install/dynamixel_sdk_examples:/home/iju/S08P31C208/ROS/robot_ws/install/dynamixel_sdk_custom_interfaces:/home/iju/S08P31C208/ROS/robot_ws/install/dynamixel_sdk:/home/iju/S08P31C208/ROS/robot_ws/install/turtlebot3_teleop:/home/iju/S08P31C208/ROS/robot_ws/install/turtlebot3_example:/opt/ros/dashing LD_LIBRARY_PATH=/home/iju/S08P31C208/ROS/robot_ws/install/gazebo_ros/lib:/home/iju/S08P31C208/ROS/robot_ws/install/gazebo_msgs/lib:/home/iju/S08P31C208/ROS/robot_ws/install/turtlebot3_msgs/lib:/home/iju/S08P31C208/ROS/robot_ws/install/dwb_plugins/lib:/home/iju/S08P31C208/ROS/robot_ws/install/dwb_critics/lib:/home/iju/S08P31C208/ROS/robot_ws/install/dwb_controller/lib:/home/iju/S08P31C208/ROS/robot_ws/install/dwb_core/lib:/home/iju/S08P31C208/ROS/robot_ws/install/nav_2d_utils/lib:/home/iju/S08P31C208/ROS/robot_ws/install/dwb_msgs/lib:/home/iju/S08P31C208/ROS/robot_ws/install/nav_2d_msgs/lib:/home/iju/S08P31C208/ROS/robot_ws/install/nav2_world_model/lib:/home/iju/S08P31C208/ROS/robot_ws/install/nav2_recoveries/lib:/home/iju/S08P31C208/ROS/robot_ws/install/costmap_queue/lib:/home/iju/S08P31C208/ROS/robot_ws/install/nav2_costmap_2d/lib:/home/iju/S08P31C208/ROS/robot_ws/install/nav2_voxel_grid/lib:/home/iju/S08P31C208/ROS/robot_ws/install/nav2_rviz_plugins/lib:/home/iju/S08P31C208/ROS/robot_ws/install/nav2_navfn_planner/lib:/home/iju/S08P31C208/ROS/robot_ws/install/nav2_map_server/lib:/home/iju/S08P31C208/ROS/robot_ws/install/nav2_lifecycle_manager/lib:/home/iju/S08P31C208/ROS/robot_ws/install/nav2_bt_navigator/lib:/home/iju/S08P31C208/ROS/robot_ws/install/nav2_behavior_tree/lib:/home/iju/S08P31C208/ROS/robot_ws/install/nav2_amcl/lib:/home/iju/S08P31C208/ROS/robot_ws/install/nav2_util/lib:/home/iju/S08P31C208/ROS/robot_ws/install/nav2_msgs/lib:/home/iju/S08P31C208/ROS/robot_ws/install/nav2_dynamic_params/lib:/home/iju/S08P31C208/ROS/robot_ws/install/gazebo_plugins/lib:/home/iju/S08P31C208/ROS/robot_ws/install/dynamixel_sdk_custom_interfaces/lib:/home/iju/S08P31C208/ROS/robot_ws/install/dynamixel_sdk/lib:/usr/lib/x86_64-linux-gnu/gazebo-9/plugins:/opt/ros/dashing/opt/yaml_cpp_vendor/lib:/opt/ros/dashing/opt/rviz_ogre_vendor/lib:/opt/ros/dashing/lib PS1=\u@\h \[\033[32m\]\w\[\033[33m\]$(parse_git_branch)\[\033[00m\] $ PYTHONPATH=/home/iju/S08P31C208/ROS/robot_ws/install/gazebo_ros/lib/python3.6/site-packages:/home/iju/S08P31C208/ROS/robot_ws/install/gazebo_msgs/lib/python3.6/site-packages:/home/iju/S08P31C208/ROS/robot_ws/install/turtlebot3_teleop/lib/python3.6/site-packages:/home/iju/S08P31C208/ROS/robot_ws/install/turtlebot3_example/lib/python3.6/site-packages:/home/iju/S08P31C208/ROS/robot_ws/install/turtlebot3_msgs/lib/python3.6/site-packages:/home/iju/S08P31C208/ROS/robot_ws/install/dwb_msgs/lib/python3.6/site-packages:/home/iju/S08P31C208/ROS/robot_ws/install/nav_2d_msgs/lib/python3.6/site-packages:/home/iju/S08P31C208/ROS/robot_ws/install/nav2_msgs/lib/python3.6/site-packages:/home/iju/S08P31C208/ROS/robot_ws/install/nav2_common/lib/python3.6/site-packages:/home/iju/S08P31C208/ROS/robot_ws/install/dynamixel_sdk_custom_interfaces/lib/python3.6/site-packages:/opt/ros/dashing/lib/python3.6/site-packages /usr/bin/cmake --build /home/iju/S08P31C208/ROS/robot_ws/build/gazebo_plugins -- -j6 -l6
[1.945s] Invoking command in '/home/iju/S08P31C208/ROS/robot_ws/build/gazebo_plugins': CMAKE_PREFIX_PATH=/home/iju/S08P31C208/ROS/robot_ws/install/gazebo_ros:/home/iju/S08P31C208/ROS/robot_ws/install/gazebo_msgs:/home/iju/S08P31C208/ROS/robot_ws/install/gazebo_dev:/home/iju/S08P31C208/ROS/robot_ws/install/turtlebot3_simulations:/home/iju/S08P31C208/ROS/robot_ws/install/turtlebot3_gazebo:/home/iju/S08P31C208/ROS/robot_ws/install/turtlebot3:/home/iju/S08P31C208/ROS/robot_ws/install/turtlebot3_bringup:/home/iju/S08P31C208/ROS/robot_ws/install/turtlebot3_node:/home/iju/S08P31C208/ROS/robot_ws/install/turtlebot3_navigation2:/home/iju/S08P31C208/ROS/robot_ws/install/turtlebot3_fake_node:/home/iju/S08P31C208/ROS/robot_ws/install/turtlebot3_msgs:/home/iju/S08P31C208/ROS/robot_ws/install/turtlebot3_description:/home/iju/S08P31C208/ROS/robot_ws/install/turtlebot3_cartographer:/home/iju/S08P31C208/ROS/robot_ws/install/turtle_cpp:/home/iju/S08P31C208/ROS/robot_ws/install/nav2_system_tests:/home/iju/S08P31C208/ROS/robot_ws/install/nav2_bringup:/home/iju/S08P31C208/ROS/robot_ws/install/navigation2:/home/iju/S08P31C208/ROS/robot_ws/install/nav2_dwb_controller:/home/iju/S08P31C208/ROS/robot_ws/install/dwb_plugins:/home/iju/S08P31C208/ROS/robot_ws/install/dwb_critics:/home/iju/S08P31C208/ROS/robot_ws/install/dwb_controller:/home/iju/S08P31C208/ROS/robot_ws/install/dwb_core:/home/iju/S08P31C208/ROS/robot_ws/install/nav_2d_utils:/home/iju/S08P31C208/ROS/robot_ws/install/dwb_msgs:/home/iju/S08P31C208/ROS/robot_ws/install/nav_2d_msgs:/home/iju/S08P31C208/ROS/robot_ws/install/nav2_world_model:/home/iju/S08P31C208/ROS/robot_ws/install/nav2_recoveries:/home/iju/S08P31C208/ROS/robot_ws/install/costmap_queue:/home/iju/S08P31C208/ROS/robot_ws/install/nav2_costmap_2d:/home/iju/S08P31C208/ROS/robot_ws/install/nav2_voxel_grid:/home/iju/S08P31C208/ROS/robot_ws/install/nav2_rviz_plugins:/home/iju/S08P31C208/ROS/robot_ws/install/nav2_navfn_planner:/home/iju/S08P31C208/ROS/robot_ws/install/nav2_map_server:/home/iju/S08P31C208/ROS/robot_ws/install/nav2_lifecycle_manager:/home/iju/S08P31C208/ROS/robot_ws/install/nav2_bt_navigator:/home/iju/S08P31C208/ROS/robot_ws/install/nav2_behavior_tree:/home/iju/S08P31C208/ROS/robot_ws/install/nav2_amcl:/home/iju/S08P31C208/ROS/robot_ws/install/nav2_util:/home/iju/S08P31C208/ROS/robot_ws/install/nav2_msgs:/home/iju/S08P31C208/ROS/robot_ws/install/nav2_dynamic_params:/home/iju/S08P31C208/ROS/robot_ws/install/nav2_common:/home/iju/S08P31C208/ROS/robot_ws/install/gazebo_ros_pkgs:/home/iju/S08P31C208/ROS/robot_ws/install/gazebo_plugins:/home/iju/S08P31C208/ROS/robot_ws/install/dynamixel_sdk_examples:/home/iju/S08P31C208/ROS/robot_ws/install/dynamixel_sdk_custom_interfaces:/home/iju/S08P31C208/ROS/robot_ws/install/dynamixel_sdk:/home/iju/S08P31C208/ROS/robot_ws/install/turtlebot3_teleop:/home/iju/S08P31C208/ROS/robot_ws/install/turtlebot3_example:/opt/ros/dashing LD_LIBRARY_PATH=/home/iju/S08P31C208/ROS/robot_ws/install/gazebo_ros/lib:/home/iju/S08P31C208/ROS/robot_ws/install/gazebo_msgs/lib:/home/iju/S08P31C208/ROS/robot_ws/install/turtlebot3_msgs/lib:/home/iju/S08P31C208/ROS/robot_ws/install/dwb_plugins/lib:/home/iju/S08P31C208/ROS/robot_ws/install/dwb_critics/lib:/home/iju/S08P31C208/ROS/robot_ws/install/dwb_controller/lib:/home/iju/S08P31C208/ROS/robot_ws/install/dwb_core/lib:/home/iju/S08P31C208/ROS/robot_ws/install/nav_2d_utils/lib:/home/iju/S08P31C208/ROS/robot_ws/install/dwb_msgs/lib:/home/iju/S08P31C208/ROS/robot_ws/install/nav_2d_msgs/lib:/home/iju/S08P31C208/ROS/robot_ws/install/nav2_world_model/lib:/home/iju/S08P31C208/ROS/robot_ws/install/nav2_recoveries/lib:/home/iju/S08P31C208/ROS/robot_ws/install/costmap_queue/lib:/home/iju/S08P31C208/ROS/robot_ws/install/nav2_costmap_2d/lib:/home/iju/S08P31C208/ROS/robot_ws/install/nav2_voxel_grid/lib:/home/iju/S08P31C208/ROS/robot_ws/install/nav2_rviz_plugins/lib:/home/iju/S08P31C208/ROS/robot_ws/install/nav2_navfn_planner/lib:/home/iju/S08P31C208/ROS/robot_ws/install/nav2_map_server/lib:/home/iju/S08P31C208/ROS/robot_ws/install/nav2_lifecycle_manager/lib:/home/iju/S08P31C208/ROS/robot_ws/install/nav2_bt_navigator/lib:/home/iju/S08P31C208/ROS/robot_ws/install/nav2_behavior_tree/lib:/home/iju/S08P31C208/ROS/robot_ws/install/nav2_amcl/lib:/home/iju/S08P31C208/ROS/robot_ws/install/nav2_util/lib:/home/iju/S08P31C208/ROS/robot_ws/install/nav2_msgs/lib:/home/iju/S08P31C208/ROS/robot_ws/install/nav2_dynamic_params/lib:/home/iju/S08P31C208/ROS/robot_ws/install/gazebo_plugins/lib:/home/iju/S08P31C208/ROS/robot_ws/install/dynamixel_sdk_custom_interfaces/lib:/home/iju/S08P31C208/ROS/robot_ws/install/dynamixel_sdk/lib:/usr/lib/x86_64-linux-gnu/gazebo-9/plugins:/opt/ros/dashing/opt/yaml_cpp_vendor/lib:/opt/ros/dashing/opt/rviz_ogre_vendor/lib:/opt/ros/dashing/lib PS1=\u@\h \[\033[32m\]\w\[\033[33m\]$(parse_git_branch)\[\033[00m\] $ PYTHONPATH=/home/iju/S08P31C208/ROS/robot_ws/install/gazebo_ros/lib/python3.6/site-packages:/home/iju/S08P31C208/ROS/robot_ws/install/gazebo_msgs/lib/python3.6/site-packages:/home/iju/S08P31C208/ROS/robot_ws/install/turtlebot3_teleop/lib/python3.6/site-packages:/home/iju/S08P31C208/ROS/robot_ws/install/turtlebot3_example/lib/python3.6/site-packages:/home/iju/S08P31C208/ROS/robot_ws/install/turtlebot3_msgs/lib/python3.6/site-packages:/home/iju/S08P31C208/ROS/robot_ws/install/dwb_msgs/lib/python3.6/site-packages:/home/iju/S08P31C208/ROS/robot_ws/install/nav_2d_msgs/lib/python3.6/site-packages:/home/iju/S08P31C208/ROS/robot_ws/install/nav2_msgs/lib/python3.6/site-packages:/home/iju/S08P31C208/ROS/robot_ws/install/nav2_common/lib/python3.6/site-packages:/home/iju/S08P31C208/ROS/robot_ws/install/dynamixel_sdk_custom_interfaces/lib/python3.6/site-packages:/opt/ros/dashing/lib/python3.6/site-packages /usr/bin/cmake --build /home/iju/S08P31C208/ROS/robot_ws/build/gazebo_plugins --target install -- -j6 -l6
[2.082s] [  2%] Built target gazebo_ros_bumper
[2.093s] [  4%] Built target gazebo_ros_vacuum_gripper
[2.095s] [  6%] Built target gazebo_ros_planar_move
[2.129s] [  9%] Built target gazebo_ros_joint_pose_trajectory
[2.137s] [ 11%] Built target gazebo_ros_projector
[2.165s] [ 13%] Built target gazebo_ros_ackermann_drive
[2.200s] [ 15%] Built target gazebo_ros_diff_drive
[2.209s] [ 18%] Built target gazebo_ros_force
[2.252s] [ 20%] Built target gazebo_ros_hand_of_god
[2.271s] [ 22%] Built target gazebo_ros_template
[2.272s] [ 25%] Built target gazebo_ros_joint_state_publisher
[2.279s] [ 29%] Built target gazebo_ros_logical_camera
[2.279s] [ 29%] Built target multi_camera_plugin
[2.298s] [ 31%] Built target gazebo_ros_ray_sensor
[2.362s] [ 34%] Built target gazebo_ros_elevator
[2.363s] [ 36%] Built target gazebo_ros_depth_camera
[2.396s] [ 38%] Built target gazebo_ros_imu_sensor
[2.403s] [ 40%] Built target gazebo_ros_multi_camera
[2.413s] [ 43%] Built target gazebo_ros_gps_sensor
[2.413s] [ 45%] Built target gazebo_ros_video
[2.459s] [ 47%] Built target gazebo_ros_harness
[2.482s] [ 50%] Built target gazebo_ros_p3d
[2.490s] [ 52%] Built target gazebo_ros_ft_sensor
[2.500s] [ 54%] Built target gazebo_ros_tricycle_drive
[2.508s] [ 56%] Built target gtest
[2.510s] [ 59%] Built target gazebo_ros_camera
[2.532s] [ 61%] Built target gtest_main
[2.599s] [ 63%] Built target test_gazebo_ros_diff_drive
[2.611s] [ 65%] Built target test_gazebo_ros_vacuum_gripper
[2.623s] [ 68%] Built target test_gazebo_ros_ackermann_drive
[2.638s] [ 70%] Built target test_gazebo_ros_ft_sensor
[2.660s] [ 72%] Built target test_gazebo_ros_elevator
[2.665s] [ 75%] Built target test_gazebo_ros_force
[2.701s] [ 77%] Built target test_gazebo_ros_joint_pose_trajectory
[2.743s] [ 79%] Built target test_gazebo_ros_harness
[2.744s] [ 81%] Built target test_gazebo_ros_hand_of_god
[2.749s] [ 84%] Built target test_gazebo_ros_planar_move
[2.759s] [ 86%] Built target test_gazebo_ros_imu_sensor
[2.813s] [ 88%] Built target test_gazebo_ros_joint_state_publisher
[2.813s] [ 90%] Built target test_gazebo_ros_gps_sensor
[2.830s] [ 93%] Built target test_gazebo_ros_p3d
[2.838s] [ 95%] Built target test_gazebo_ros_bumper
[2.839s] [ 97%] Built target test_gazebo_ros_ray_sensor
[2.866s] [100%] Built target test_gazebo_ros_tricycle_drive
[2.899s] [36mInstall the project...[0m
[2.911s] -- Install configuration: ""
[2.911s] -- Execute custom install script
[2.912s] -- Up-to-date symlink: /home/iju/S08P31C208/ROS/robot_ws/install/gazebo_plugins/share/gazebo_plugins/environment/library_path.sh
[2.912s] -- Up-to-date symlink: /home/iju/S08P31C208/ROS/robot_ws/install/gazebo_plugins/share/gazebo_plugins/environment/gazebo_plugins.sh
[2.913s] -- Up-to-date symlink: /home/iju/S08P31C208/ROS/robot_ws/install/gazebo_plugins/share/ament_index/resource_index/package_run_dependencies/gazebo_plugins
[2.913s] -- Up-to-date symlink: /home/iju/S08P31C208/ROS/robot_ws/install/gazebo_plugins/share/ament_index/resource_index/parent_prefix_path/gazebo_plugins
[2.913s] -- Up-to-date symlink: /home/iju/S08P31C208/ROS/robot_ws/install/gazebo_plugins/share/gazebo_plugins/environment/ament_prefix_path.sh
[2.914s] -- Up-to-date symlink: /home/iju/S08P31C208/ROS/robot_ws/install/gazebo_plugins/share/gazebo_plugins/environment/path.sh
[2.914s] -- Up-to-date symlink: /home/iju/S08P31C208/ROS/robot_ws/install/gazebo_plugins/share/gazebo_plugins/local_setup.bash
[2.914s] -- Up-to-date symlink: /home/iju/S08P31C208/ROS/robot_ws/install/gazebo_plugins/share/gazebo_plugins/local_setup.sh
[2.915s] -- Up-to-date symlink: /home/iju/S08P31C208/ROS/robot_ws/install/gazebo_plugins/share/gazebo_plugins/local_setup.zsh
[2.915s] -- Up-to-date symlink: /home/iju/S08P31C208/ROS/robot_ws/install/gazebo_plugins/share/ament_index/resource_index/packages/gazebo_plugins
[2.915s] -- Up-to-date symlink: /home/iju/S08P31C208/ROS/robot_ws/install/gazebo_plugins/share/gazebo_plugins/cmake/ament_cmake_export_libraries-extras.cmake
[2.917s] -- Up-to-date symlink: /home/iju/S08P31C208/ROS/robot_ws/install/gazebo_plugins/share/gazebo_plugins/cmake/ament_cmake_export_include_directories-extras.cmake
[2.917s] -- Up-to-date symlink: /home/iju/S08P31C208/ROS/robot_ws/install/gazebo_plugins/share/gazebo_plugins/cmake/ament_cmake_export_dependencies-extras.cmake
[2.918s] -- Up-to-date symlink: /home/iju/S08P31C208/ROS/robot_ws/install/gazebo_plugins/share/gazebo_plugins/cmake/gazebo_pluginsConfig.cmake
[2.918s] -- Up-to-date symlink: /home/iju/S08P31C208/ROS/robot_ws/install/gazebo_plugins/share/gazebo_plugins/cmake/gazebo_pluginsConfig-version.cmake
[2.918s] -- Up-to-date symlink: /home/iju/S08P31C208/ROS/robot_ws/install/gazebo_plugins/share/gazebo_plugins/package.xml
[2.919s] -- Up-to-date symlink: /home/iju/S08P31C208/ROS/robot_ws/install/gazebo_plugins/include/gazebo_plugins/gazebo_ros_ackermann_drive.hpp
[2.919s] -- Up-to-date symlink: /home/iju/S08P31C208/ROS/robot_ws/install/gazebo_plugins/include/gazebo_plugins/gazebo_ros_bumper.hpp
[2.920s] -- Up-to-date symlink: /home/iju/S08P31C208/ROS/robot_ws/install/gazebo_plugins/include/gazebo_plugins/gazebo_ros_camera.hpp
[2.920s] -- Up-to-date symlink: /home/iju/S08P31C208/ROS/robot_ws/install/gazebo_plugins/include/gazebo_plugins/gazebo_ros_diff_drive.hpp
[2.920s] -- Up-to-date symlink: /home/iju/S08P31C208/ROS/robot_ws/install/gazebo_plugins/include/gazebo_plugins/gazebo_ros_elevator.hpp
[2.920s] -- Up-to-date symlink: /home/iju/S08P31C208/ROS/robot_ws/install/gazebo_plugins/include/gazebo_plugins/gazebo_ros_force.hpp
[2.925s] -- Up-to-date symlink: /home/iju/S08P31C208/ROS/robot_ws/install/gazebo_plugins/include/gazebo_plugins/gazebo_ros_ft_sensor.hpp
[2.926s] -- Up-to-date symlink: /home/iju/S08P31C208/ROS/robot_ws/install/gazebo_plugins/include/gazebo_plugins/gazebo_ros_gps_sensor.hpp
[2.926s] -- Up-to-date symlink: /home/iju/S08P31C208/ROS/robot_ws/install/gazebo_plugins/include/gazebo_plugins/gazebo_ros_hand_of_god.hpp
[2.926s] -- Up-to-date symlink: /home/iju/S08P31C208/ROS/robot_ws/install/gazebo_plugins/include/gazebo_plugins/gazebo_ros_harness.hpp
[2.926s] -- Up-to-date symlink: /home/iju/S08P31C208/ROS/robot_ws/install/gazebo_plugins/include/gazebo_plugins/gazebo_ros_imu_sensor.hpp
[2.926s] -- Up-to-date symlink: /home/iju/S08P31C208/ROS/robot_ws/install/gazebo_plugins/include/gazebo_plugins/gazebo_ros_joint_pose_trajectory.hpp
[2.926s] -- Up-to-date symlink: /home/iju/S08P31C208/ROS/robot_ws/install/gazebo_plugins/include/gazebo_plugins/gazebo_ros_joint_state_publisher.hpp
[2.926s] -- Up-to-date symlink: /home/iju/S08P31C208/ROS/robot_ws/install/gazebo_plugins/include/gazebo_plugins/gazebo_ros_logical_camera.hpp
[2.926s] -- Up-to-date symlink: /home/iju/S08P31C208/ROS/robot_ws/install/gazebo_plugins/include/gazebo_plugins/gazebo_ros_p3d.hpp
[2.927s] -- Up-to-date symlink: /home/iju/S08P31C208/ROS/robot_ws/install/gazebo_plugins/include/gazebo_plugins/gazebo_ros_planar_move.hpp
[2.927s] -- Up-to-date symlink: /home/iju/S08P31C208/ROS/robot_ws/install/gazebo_plugins/include/gazebo_plugins/gazebo_ros_projector.hpp
[2.927s] -- Up-to-date symlink: /home/iju/S08P31C208/ROS/robot_ws/install/gazebo_plugins/include/gazebo_plugins/gazebo_ros_ray_sensor.hpp
[2.927s] -- Up-to-date symlink: /home/iju/S08P31C208/ROS/robot_ws/install/gazebo_plugins/include/gazebo_plugins/gazebo_ros_template.hpp
[2.927s] -- Up-to-date symlink: /home/iju/S08P31C208/ROS/robot_ws/install/gazebo_plugins/include/gazebo_plugins/gazebo_ros_tricycle_drive.hpp
[2.927s] -- Up-to-date symlink: /home/iju/S08P31C208/ROS/robot_ws/install/gazebo_plugins/include/gazebo_plugins/gazebo_ros_vacuum_gripper.hpp
[2.927s] -- Up-to-date symlink: /home/iju/S08P31C208/ROS/robot_ws/install/gazebo_plugins/include/gazebo_plugins/gazebo_ros_video.hpp
[2.927s] -- Up-to-date symlink: /home/iju/S08P31C208/ROS/robot_ws/install/gazebo_plugins/include/gazebo_plugins/multi_camera_plugin.hpp
[2.928s] -- Up-to-date symlink: /home/iju/S08P31C208/ROS/robot_ws/install/gazebo_plugins/lib/libgazebo_ros_ackermann_drive.so
[2.928s] -- Up-to-date symlink: /home/iju/S08P31C208/ROS/robot_ws/install/gazebo_plugins/lib/libgazebo_ros_bumper.so
[2.928s] -- Up-to-date symlink: /home/iju/S08P31C208/ROS/robot_ws/install/gazebo_plugins/lib/libgazebo_ros_camera.so
[2.928s] -- Up-to-date symlink: /home/iju/S08P31C208/ROS/robot_ws/install/gazebo_plugins/lib/libgazebo_ros_depth_camera.so
[2.928s] -- Up-to-date symlink: /home/iju/S08P31C208/ROS/robot_ws/install/gazebo_plugins/lib/libgazebo_ros_diff_drive.so
[2.928s] -- Up-to-date symlink: /home/iju/S08P31C208/ROS/robot_ws/install/gazebo_plugins/lib/libgazebo_ros_elevator.so
[2.928s] -- Up-to-date symlink: /home/iju/S08P31C208/ROS/robot_ws/install/gazebo_plugins/lib/libgazebo_ros_force.so
[2.929s] -- Up-to-date symlink: /home/iju/S08P31C208/ROS/robot_ws/install/gazebo_plugins/lib/libgazebo_ros_ft_sensor.so
[2.929s] -- Up-to-date symlink: /home/iju/S08P31C208/ROS/robot_ws/install/gazebo_plugins/lib/libgazebo_ros_hand_of_god.so
[2.929s] -- Up-to-date symlink: /home/iju/S08P31C208/ROS/robot_ws/install/gazebo_plugins/lib/libgazebo_ros_harness.so
[2.929s] -- Up-to-date symlink: /home/iju/S08P31C208/ROS/robot_ws/install/gazebo_plugins/lib/libgazebo_ros_imu_sensor.so
[2.930s] -- Up-to-date symlink: /home/iju/S08P31C208/ROS/robot_ws/install/gazebo_plugins/lib/libgazebo_ros_gps_sensor.so
[2.930s] -- Up-to-date symlink: /home/iju/S08P31C208/ROS/robot_ws/install/gazebo_plugins/lib/libgazebo_ros_joint_pose_trajectory.so
[2.930s] -- Up-to-date symlink: /home/iju/S08P31C208/ROS/robot_ws/install/gazebo_plugins/lib/libgazebo_ros_joint_state_publisher.so
[2.931s] -- Up-to-date symlink: /home/iju/S08P31C208/ROS/robot_ws/install/gazebo_plugins/lib/libgazebo_ros_logical_camera.so
[2.931s] -- Up-to-date symlink: /home/iju/S08P31C208/ROS/robot_ws/install/gazebo_plugins/lib/libgazebo_ros_multi_camera.so
[2.931s] -- Up-to-date symlink: /home/iju/S08P31C208/ROS/robot_ws/install/gazebo_plugins/lib/libgazebo_ros_planar_move.so
[2.932s] -- Up-to-date symlink: /home/iju/S08P31C208/ROS/robot_ws/install/gazebo_plugins/lib/libgazebo_ros_projector.so
[2.932s] -- Up-to-date symlink: /home/iju/S08P31C208/ROS/robot_ws/install/gazebo_plugins/lib/libgazebo_ros_ray_sensor.so
[2.932s] -- Up-to-date symlink: /home/iju/S08P31C208/ROS/robot_ws/install/gazebo_plugins/lib/libgazebo_ros_p3d.so
[2.933s] -- Up-to-date symlink: /home/iju/S08P31C208/ROS/robot_ws/install/gazebo_plugins/lib/libgazebo_ros_template.so
[2.933s] -- Up-to-date symlink: /home/iju/S08P31C208/ROS/robot_ws/install/gazebo_plugins/lib/libgazebo_ros_tricycle_drive.so
[2.933s] -- Up-to-date symlink: /home/iju/S08P31C208/ROS/robot_ws/install/gazebo_plugins/lib/libgazebo_ros_vacuum_gripper.so
[2.934s] -- Up-to-date symlink: /home/iju/S08P31C208/ROS/robot_ws/install/gazebo_plugins/lib/libgazebo_ros_video.so
[2.934s] -- Up-to-date symlink: /home/iju/S08P31C208/ROS/robot_ws/install/gazebo_plugins/lib/libmulti_camera_plugin.so
[2.935s] -- Up-to-date symlink: /home/iju/S08P31C208/ROS/robot_ws/install/gazebo_plugins/share/gazebo_plugins//worlds/gazebo_ros_ackermann_drive_demo.world
[2.935s] -- Up-to-date symlink: /home/iju/S08P31C208/ROS/robot_ws/install/gazebo_plugins/share/gazebo_plugins//worlds/gazebo_ros_bumper_demo.world
[2.935s] -- Up-to-date symlink: /home/iju/S08P31C208/ROS/robot_ws/install/gazebo_plugins/share/gazebo_plugins//worlds/gazebo_ros_camera_demo.world
[2.935s] -- Up-to-date symlink: /home/iju/S08P31C208/ROS/robot_ws/install/gazebo_plugins/share/gazebo_plugins//worlds/gazebo_ros_camera_distortion_barrel_demo.world
[2.936s] -- Up-to-date symlink: /home/iju/S08P31C208/ROS/robot_ws/install/gazebo_plugins/share/gazebo_plugins//worlds/gazebo_ros_camera_distortion_pincushion_demo.world
[2.936s] -- Up-to-date symlink: /home/iju/S08P31C208/ROS/robot_ws/install/gazebo_plugins/share/gazebo_plugins//worlds/gazebo_ros_camera_triggered_demo.world
[2.936s] -- Up-to-date symlink: /home/iju/S08P31C208/ROS/robot_ws/install/gazebo_plugins/share/gazebo_plugins//worlds/gazebo_ros_depth_camera_demo.world
[2.936s] -- Up-to-date symlink: /home/iju/S08P31C208/ROS/robot_ws/install/gazebo_plugins/share/gazebo_plugins//worlds/gazebo_ros_diff_drive_demo.world
[2.937s] -- Up-to-date symlink: /home/iju/S08P31C208/ROS/robot_ws/install/gazebo_plugins/share/gazebo_plugins//worlds/gazebo_ros_elevator_demo.world
[2.937s] -- Up-to-date symlink: /home/iju/S08P31C208/ROS/robot_ws/install/gazebo_plugins/share/gazebo_plugins//worlds/gazebo_ros_force_demo.world
[2.937s] -- Up-to-date symlink: /home/iju/S08P31C208/ROS/robot_ws/install/gazebo_plugins/share/gazebo_plugins//worlds/gazebo_ros_ft_sensor_demo.world
[2.937s] -- Up-to-date symlink: /home/iju/S08P31C208/ROS/robot_ws/install/gazebo_plugins/share/gazebo_plugins//worlds/gazebo_ros_gps_sensor_demo.world
[2.937s] -- Up-to-date symlink: /home/iju/S08P31C208/ROS/robot_ws/install/gazebo_plugins/share/gazebo_plugins//worlds/gazebo_ros_hand_of_god_demo.world
[2.938s] -- Up-to-date symlink: /home/iju/S08P31C208/ROS/robot_ws/install/gazebo_plugins/share/gazebo_plugins//worlds/gazebo_ros_harness_demo.world
[2.938s] -- Up-to-date symlink: /home/iju/S08P31C208/ROS/robot_ws/install/gazebo_plugins/share/gazebo_plugins//worlds/gazebo_ros_joint_pose_trajectory_demo.world
[2.938s] -- Up-to-date symlink: /home/iju/S08P31C208/ROS/robot_ws/install/gazebo_plugins/share/gazebo_plugins//worlds/gazebo_ros_joint_state_publisher_demo.world
[2.938s] -- Up-to-date symlink: /home/iju/S08P31C208/ROS/robot_ws/install/gazebo_plugins/share/gazebo_plugins//worlds/gazebo_ros_logical_camera_demo.world
[2.939s] -- Up-to-date symlink: /home/iju/S08P31C208/ROS/robot_ws/install/gazebo_plugins/share/gazebo_plugins//worlds/gazebo_ros_multi_camera_demo.world
[2.939s] -- Up-to-date symlink: /home/iju/S08P31C208/ROS/robot_ws/install/gazebo_plugins/share/gazebo_plugins//worlds/gazebo_ros_p3d_demo.world
[2.939s] -- Up-to-date symlink: /home/iju/S08P31C208/ROS/robot_ws/install/gazebo_plugins/share/gazebo_plugins//worlds/gazebo_ros_planar_move_demo.world
[2.939s] -- Up-to-date symlink: /home/iju/S08P31C208/ROS/robot_ws/install/gazebo_plugins/share/gazebo_plugins//worlds/gazebo_ros_projector_demo.world
[2.939s] -- Up-to-date symlink: /home/iju/S08P31C208/ROS/robot_ws/install/gazebo_plugins/share/gazebo_plugins//worlds/gazebo_ros_ray_sensor_demo.world
[2.940s] -- Up-to-date symlink: /home/iju/S08P31C208/ROS/robot_ws/install/gazebo_plugins/share/gazebo_plugins//worlds/gazebo_ros_skid_steer_drive_demo.world
[2.940s] -- Up-to-date symlink: /home/iju/S08P31C208/ROS/robot_ws/install/gazebo_plugins/share/gazebo_plugins//worlds/gazebo_ros_template_demo.world
[2.940s] -- Up-to-date symlink: /home/iju/S08P31C208/ROS/robot_ws/install/gazebo_plugins/share/gazebo_plugins//worlds/gazebo_ros_tricycle_drive_demo.world
[2.940s] -- Up-to-date symlink: /home/iju/S08P31C208/ROS/robot_ws/install/gazebo_plugins/share/gazebo_plugins//worlds/gazebo_ros_vacuum_gripper_demo.world
[2.941s] -- Up-to-date symlink: /home/iju/S08P31C208/ROS/robot_ws/install/gazebo_plugins/share/gazebo_plugins//worlds/gazebo_ros_video_demo.world
[2.950s] Invoked command in '/home/iju/S08P31C208/ROS/robot_ws/build/gazebo_plugins' returned '0': CMAKE_PREFIX_PATH=/home/iju/S08P31C208/ROS/robot_ws/install/gazebo_ros:/home/iju/S08P31C208/ROS/robot_ws/install/gazebo_msgs:/home/iju/S08P31C208/ROS/robot_ws/install/gazebo_dev:/home/iju/S08P31C208/ROS/robot_ws/install/turtlebot3_simulations:/home/iju/S08P31C208/ROS/robot_ws/install/turtlebot3_gazebo:/home/iju/S08P31C208/ROS/robot_ws/install/turtlebot3:/home/iju/S08P31C208/ROS/robot_ws/install/turtlebot3_bringup:/home/iju/S08P31C208/ROS/robot_ws/install/turtlebot3_node:/home/iju/S08P31C208/ROS/robot_ws/install/turtlebot3_navigation2:/home/iju/S08P31C208/ROS/robot_ws/install/turtlebot3_fake_node:/home/iju/S08P31C208/ROS/robot_ws/install/turtlebot3_msgs:/home/iju/S08P31C208/ROS/robot_ws/install/turtlebot3_description:/home/iju/S08P31C208/ROS/robot_ws/install/turtlebot3_cartographer:/home/iju/S08P31C208/ROS/robot_ws/install/turtle_cpp:/home/iju/S08P31C208/ROS/robot_ws/install/nav2_system_tests:/home/iju/S08P31C208/ROS/robot_ws/install/nav2_bringup:/home/iju/S08P31C208/ROS/robot_ws/install/navigation2:/home/iju/S08P31C208/ROS/robot_ws/install/nav2_dwb_controller:/home/iju/S08P31C208/ROS/robot_ws/install/dwb_plugins:/home/iju/S08P31C208/ROS/robot_ws/install/dwb_critics:/home/iju/S08P31C208/ROS/robot_ws/install/dwb_controller:/home/iju/S08P31C208/ROS/robot_ws/install/dwb_core:/home/iju/S08P31C208/ROS/robot_ws/install/nav_2d_utils:/home/iju/S08P31C208/ROS/robot_ws/install/dwb_msgs:/home/iju/S08P31C208/ROS/robot_ws/install/nav_2d_msgs:/home/iju/S08P31C208/ROS/robot_ws/install/nav2_world_model:/home/iju/S08P31C208/ROS/robot_ws/install/nav2_recoveries:/home/iju/S08P31C208/ROS/robot_ws/install/costmap_queue:/home/iju/S08P31C208/ROS/robot_ws/install/nav2_costmap_2d:/home/iju/S08P31C208/ROS/robot_ws/install/nav2_voxel_grid:/home/iju/S08P31C208/ROS/robot_ws/install/nav2_rviz_plugins:/home/iju/S08P31C208/ROS/robot_ws/install/nav2_navfn_planner:/home/iju/S08P31C208/ROS/robot_ws/install/nav2_map_server:/home/iju/S08P31C208/ROS/robot_ws/install/nav2_lifecycle_manager:/home/iju/S08P31C208/ROS/robot_ws/install/nav2_bt_navigator:/home/iju/S08P31C208/ROS/robot_ws/install/nav2_behavior_tree:/home/iju/S08P31C208/ROS/robot_ws/install/nav2_amcl:/home/iju/S08P31C208/ROS/robot_ws/install/nav2_util:/home/iju/S08P31C208/ROS/robot_ws/install/nav2_msgs:/home/iju/S08P31C208/ROS/robot_ws/install/nav2_dynamic_params:/home/iju/S08P31C208/ROS/robot_ws/install/nav2_common:/home/iju/S08P31C208/ROS/robot_ws/install/gazebo_ros_pkgs:/home/iju/S08P31C208/ROS/robot_ws/install/gazebo_plugins:/home/iju/S08P31C208/ROS/robot_ws/install/dynamixel_sdk_examples:/home/iju/S08P31C208/ROS/robot_ws/install/dynamixel_sdk_custom_interfaces:/home/iju/S08P31C208/ROS/robot_ws/install/dynamixel_sdk:/home/iju/S08P31C208/ROS/robot_ws/install/turtlebot3_teleop:/home/iju/S08P31C208/ROS/robot_ws/install/turtlebot3_example:/opt/ros/dashing LD_LIBRARY_PATH=/home/iju/S08P31C208/ROS/robot_ws/install/gazebo_ros/lib:/home/iju/S08P31C208/ROS/robot_ws/install/gazebo_msgs/lib:/home/iju/S08P31C208/ROS/robot_ws/install/turtlebot3_msgs/lib:/home/iju/S08P31C208/ROS/robot_ws/install/dwb_plugins/lib:/home/iju/S08P31C208/ROS/robot_ws/install/dwb_critics/lib:/home/iju/S08P31C208/ROS/robot_ws/install/dwb_controller/lib:/home/iju/S08P31C208/ROS/robot_ws/install/dwb_core/lib:/home/iju/S08P31C208/ROS/robot_ws/install/nav_2d_utils/lib:/home/iju/S08P31C208/ROS/robot_ws/install/dwb_msgs/lib:/home/iju/S08P31C208/ROS/robot_ws/install/nav_2d_msgs/lib:/home/iju/S08P31C208/ROS/robot_ws/install/nav2_world_model/lib:/home/iju/S08P31C208/ROS/robot_ws/install/nav2_recoveries/lib:/home/iju/S08P31C208/ROS/robot_ws/install/costmap_queue/lib:/home/iju/S08P31C208/ROS/robot_ws/install/nav2_costmap_2d/lib:/home/iju/S08P31C208/ROS/robot_ws/install/nav2_voxel_grid/lib:/home/iju/S08P31C208/ROS/robot_ws/install/nav2_rviz_plugins/lib:/home/iju/S08P31C208/ROS/robot_ws/install/nav2_navfn_planner/lib:/home/iju/S08P31C208/ROS/robot_ws/install/nav2_map_server/lib:/home/iju/S08P31C208/ROS/robot_ws/install/nav2_lifecycle_manager/lib:/home/iju/S08P31C208/ROS/robot_ws/install/nav2_bt_navigator/lib:/home/iju/S08P31C208/ROS/robot_ws/install/nav2_behavior_tree/lib:/home/iju/S08P31C208/ROS/robot_ws/install/nav2_amcl/lib:/home/iju/S08P31C208/ROS/robot_ws/install/nav2_util/lib:/home/iju/S08P31C208/ROS/robot_ws/install/nav2_msgs/lib:/home/iju/S08P31C208/ROS/robot_ws/install/nav2_dynamic_params/lib:/home/iju/S08P31C208/ROS/robot_ws/install/gazebo_plugins/lib:/home/iju/S08P31C208/ROS/robot_ws/install/dynamixel_sdk_custom_interfaces/lib:/home/iju/S08P31C208/ROS/robot_ws/install/dynamixel_sdk/lib:/usr/lib/x86_64-linux-gnu/gazebo-9/plugins:/opt/ros/dashing/opt/yaml_cpp_vendor/lib:/opt/ros/dashing/opt/rviz_ogre_vendor/lib:/opt/ros/dashing/lib PS1=\u@\h \[\033[32m\]\w\[\033[33m\]$(parse_git_branch)\[\033[00m\] $ PYTHONPATH=/home/iju/S08P31C208/ROS/robot_ws/install/gazebo_ros/lib/python3.6/site-packages:/home/iju/S08P31C208/ROS/robot_ws/install/gazebo_msgs/lib/python3.6/site-packages:/home/iju/S08P31C208/ROS/robot_ws/install/turtlebot3_teleop/lib/python3.6/site-packages:/home/iju/S08P31C208/ROS/robot_ws/install/turtlebot3_example/lib/python3.6/site-packages:/home/iju/S08P31C208/ROS/robot_ws/install/turtlebot3_msgs/lib/python3.6/site-packages:/home/iju/S08P31C208/ROS/robot_ws/install/dwb_msgs/lib/python3.6/site-packages:/home/iju/S08P31C208/ROS/robot_ws/install/nav_2d_msgs/lib/python3.6/site-packages:/home/iju/S08P31C208/ROS/robot_ws/install/nav2_msgs/lib/python3.6/site-packages:/home/iju/S08P31C208/ROS/robot_ws/install/nav2_common/lib/python3.6/site-packages:/home/iju/S08P31C208/ROS/robot_ws/install/dynamixel_sdk_custom_interfaces/lib/python3.6/site-packages:/opt/ros/dashing/lib/python3.6/site-packages /usr/bin/cmake --build /home/iju/S08P31C208/ROS/robot_ws/build/gazebo_plugins --target install -- -j6 -l6
