[0.105s] Invoking command in '/home/moon/S08P31C208/ROS/buruemi_ws/build/cartographer_ros': AMENT_PREFIX_PATH=/home/moon/S08P31C208/ROS/buruemi_ws/install/cartographer_ros_msgs:${AMENT_PREFIX_PATH} CMAKE_PREFIX_PATH=/home/moon/S08P31C208/ROS/buruemi_ws/install/cartographer_ros_msgs:/home/moon/S08P31C208/ROS/buruemi_ws/install/turtlebot3:/home/moon/S08P31C208/ROS/buruemi_ws/install/turtlebot3_bringup:/home/moon/S08P31C208/ROS/buruemi_ws/install/turtlebot3_node:/home/moon/S08P31C208/ROS/buruemi_ws/install/turtlebot3_navigation2:/home/moon/S08P31C208/ROS/buruemi_ws/install/turtlebot3_description:/home/moon/S08P31C208/ROS/buruemi_ws/install/turtlebot3_cartographer:/home/moon/S08P31C208/ROS/buruemi_ws/install/ld08_driver:/home/moon/S08P31C208/ROS/buruemi_ws/install/lidar_filter:/home/moon/S08P31C208/ROS/buruemi_ws/install/turtlebot3_teleop:/home/moon/S08P31C208/ROS/buruemi_ws/install/turtlebot3_example:/opt/ros/dashing LD_LIBRARY_PATH=/home/moon/S08P31C208/ROS/buruemi_ws/install/cartographer_ros_msgs/lib:${LD_LIBRARY_PATH} PYTHONPATH=/home/moon/S08P31C208/ROS/buruemi_ws/install/cartographer_ros_msgs/lib/python3.6/site-packages:${PYTHONPATH} /usr/bin/cmake /home/moon/S08P31C208/ROS/buruemi_ws/src/cartographer_ros/cartographer_ros -DAMENT_CMAKE_SYMLINK_INSTALL=1 -DCMAKE_INSTALL_PREFIX=/home/moon/S08P31C208/ROS/buruemi_ws/install/cartographer_ros
[0.306s] -- The C compiler identification is GNU 7.5.0
[0.529s] -- The CXX compiler identification is GNU 7.5.0
[0.555s] -- Check for working C compiler: /usr/bin/cc
[0.861s] -- Check for working C compiler: /usr/bin/cc -- works
[0.866s] -- Detecting C compiler ABI info
[1.163s] -- Detecting C compiler ABI info - done
[1.189s] -- Detecting C compile features
[2.058s] -- Detecting C compile features - done
[2.070s] -- Check for working CXX compiler: /usr/bin/c++
[2.385s] -- Check for working CXX compiler: /usr/bin/c++ -- works
[2.388s] -- Detecting CXX compiler ABI info
[2.688s] -- Detecting CXX compiler ABI info - done
[2.706s] -- Detecting CXX compile features
[4.122s] -- Detecting CXX compile features - done
[4.146s] -- Found ament_cmake: 0.7.6 (/opt/ros/dashing/share/ament_cmake/cmake)
[4.328s] -- Found PythonInterp: /usr/bin/python3 (found suitable version "3.6.9", minimum required is "3") 
[4.331s] -- Using PYTHON_EXECUTABLE: /usr/bin/python3
[5.625s] -- Override CMake install command with custom implementation using symlinks instead of copying resources
[5.853s] CMake Error at CMakeLists.txt:30 (find_package):
[5.853s]   By not providing "Findcartographer.cmake" in CMAKE_MODULE_PATH this project
[5.854s]   has asked CMake to find a package configuration file provided by
[5.854s]   "cartographer", but CMake did not find one.
[5.855s] 
[5.856s]   Could not find a package configuration file provided by "cartographer" with
[5.856s]   any of the following names:
[5.857s] 
[5.858s]     cartographerConfig.cmake
[5.858s]     cartographer-config.cmake
[5.859s] 
[5.859s]   Add the installation prefix of "cartographer" to CMAKE_PREFIX_PATH or set
[5.860s]   "cartographer_DIR" to a directory containing one of the above files.  If
[5.866s]   "cartographer" provides a separate development package or SDK, be sure it
[5.867s]   has been installed.
[5.867s] 
[5.868s] 
[5.868s] -- Configuring incomplete, errors occurred!
[5.869s] See also "/home/moon/S08P31C208/ROS/buruemi_ws/build/cartographer_ros/CMakeFiles/CMakeOutput.log".
[5.878s] Invoked command in '/home/moon/S08P31C208/ROS/buruemi_ws/build/cartographer_ros' returned '1': AMENT_PREFIX_PATH=/home/moon/S08P31C208/ROS/buruemi_ws/install/cartographer_ros_msgs:${AMENT_PREFIX_PATH} CMAKE_PREFIX_PATH=/home/moon/S08P31C208/ROS/buruemi_ws/install/cartographer_ros_msgs:/home/moon/S08P31C208/ROS/buruemi_ws/install/turtlebot3:/home/moon/S08P31C208/ROS/buruemi_ws/install/turtlebot3_bringup:/home/moon/S08P31C208/ROS/buruemi_ws/install/turtlebot3_node:/home/moon/S08P31C208/ROS/buruemi_ws/install/turtlebot3_navigation2:/home/moon/S08P31C208/ROS/buruemi_ws/install/turtlebot3_description:/home/moon/S08P31C208/ROS/buruemi_ws/install/turtlebot3_cartographer:/home/moon/S08P31C208/ROS/buruemi_ws/install/ld08_driver:/home/moon/S08P31C208/ROS/buruemi_ws/install/lidar_filter:/home/moon/S08P31C208/ROS/buruemi_ws/install/turtlebot3_teleop:/home/moon/S08P31C208/ROS/buruemi_ws/install/turtlebot3_example:/opt/ros/dashing LD_LIBRARY_PATH=/home/moon/S08P31C208/ROS/buruemi_ws/install/cartographer_ros_msgs/lib:${LD_LIBRARY_PATH} PYTHONPATH=/home/moon/S08P31C208/ROS/buruemi_ws/install/cartographer_ros_msgs/lib/python3.6/site-packages:${PYTHONPATH} /usr/bin/cmake /home/moon/S08P31C208/ROS/buruemi_ws/src/cartographer_ros/cartographer_ros -DAMENT_CMAKE_SYMLINK_INSTALL=1 -DCMAKE_INSTALL_PREFIX=/home/moon/S08P31C208/ROS/buruemi_ws/install/cartographer_ros
