[0.000000] (-) TimerEvent: {}
[0.000147] (-) JobUnselected: {'identifier': 'dynamixel_sdk'}
[0.000179] (-) JobUnselected: {'identifier': 'dynamixel_sdk_custom_interfaces'}
[0.000201] (-) JobUnselected: {'identifier': 'dynamixel_sdk_examples'}
[0.000219] (-) JobUnselected: {'identifier': 'gazebo_dev'}
[0.000236] (-) JobUnselected: {'identifier': 'gazebo_msgs'}
[0.000253] (-) JobUnselected: {'identifier': 'gazebo_plugins'}
[0.000269] (-) JobUnselected: {'identifier': 'gazebo_ros'}
[0.000285] (-) JobUnselected: {'identifier': 'gazebo_ros_pkgs'}
[0.000301] (-) JobUnselected: {'identifier': 'turtle_cpp'}
[0.000316] (-) JobUnselected: {'identifier': 'turtlebot3'}
[0.000332] (-) JobUnselected: {'identifier': 'turtlebot3_bringup'}
[0.000347] (-) JobUnselected: {'identifier': 'turtlebot3_cartographer'}
[0.000363] (-) JobUnselected: {'identifier': 'turtlebot3_description'}
[0.000378] (-) JobUnselected: {'identifier': 'turtlebot3_example'}
[0.000394] (-) JobUnselected: {'identifier': 'turtlebot3_fake_node'}
[0.000409] (-) JobUnselected: {'identifier': 'turtlebot3_gazebo'}
[0.000425] (-) JobUnselected: {'identifier': 'turtlebot3_msgs'}
[0.000453] (-) JobUnselected: {'identifier': 'turtlebot3_navigation2'}
[0.000469] (-) JobUnselected: {'identifier': 'turtlebot3_node'}
[0.000483] (-) JobUnselected: {'identifier': 'turtlebot3_simulations'}
[0.000498] (-) JobUnselected: {'identifier': 'turtlebot3_teleop'}
[0.000518] (-) EventReactorShutdown: {}
