[0.235s] Invoking command in '/home/iju/S08P31C208/ROS/robot_ws/build/gazebo_ros': CMAKE_PREFIX_PATH=/home/iju/S08P31C208/ROS/robot_ws/install/gazebo_msgs:/home/iju/S08P31C208/ROS/robot_ws/install/gazebo_dev:/home/iju/S08P31C208/ROS/robot_ws/install/vision_opencv:/home/iju/S08P31C208/ROS/robot_ws/install/turtlebot3_simulations:/home/iju/S08P31C208/ROS/robot_ws/install/turtlebot3_gazebo:/home/iju/S08P31C208/ROS/robot_ws/install/turtlebot3:/home/iju/S08P31C208/ROS/robot_ws/install/turtlebot3_bringup:/home/iju/S08P31C208/ROS/robot_ws/install/turtlebot3_node:/home/iju/S08P31C208/ROS/robot_ws/install/turtlebot3_navigation2:/home/iju/S08P31C208/ROS/robot_ws/install/turtlebot3_fake_node:/home/iju/S08P31C208/ROS/robot_ws/install/turtlebot3_msgs:/home/iju/S08P31C208/ROS/robot_ws/install/turtlebot3_description:/home/iju/S08P31C208/ROS/robot_ws/install/turtlebot3_cartographer:/home/iju/S08P31C208/ROS/robot_ws/install/image_geometry:/home/iju/S08P31C208/ROS/robot_ws/install/gazebo_ros_pkgs:/home/iju/S08P31C208/ROS/robot_ws/install/turtlebot3_teleop:/home/iju/S08P31C208/ROS/robot_ws/install/turtlebot3_example:/home/iju/S08P31C208/ROS/robot_ws/install/opencv_tests:/opt/ros/dashing:/home/iju/S08P31C208/ROS/robot_ws/install/aws_robomaker_hospital_world:/home/iju/S08P31C208/ROS/robot_ws/install/gazebo_plugins:/home/iju/S08P31C208/ROS/robot_ws/install/gazebo_ros:/home/iju/S08P31C208/ROS/robot_ws/install/dynamixel_sdk_examples:/home/iju/S08P31C208/ROS/robot_ws/install/dynamixel_sdk_custom_interfaces:/home/iju/S08P31C208/ROS/robot_ws/install/dynamixel_sdk:/home/iju/S08P31C208/ROS/robot_ws/install/cv_bridge LD_LIBRARY_PATH=/home/iju/S08P31C208/ROS/robot_ws/install/gazebo_msgs/lib:/home/iju/S08P31C208/ROS/robot_ws/install/turtlebot3_msgs/lib:/home/iju/S08P31C208/ROS/robot_ws/install/image_geometry/lib:/home/iju/S08P31C208/ROS/robot_ws/install/gazebo_plugins/lib:/home/iju/S08P31C208/ROS/robot_ws/install/gazebo_ros/lib:/home/iju/S08P31C208/ROS/robot_ws/install/dynamixel_sdk_custom_interfaces/lib:/home/iju/S08P31C208/ROS/robot_ws/install/dynamixel_sdk/lib:/home/iju/S08P31C208/ROS/robot_ws/install/cv_bridge/lib:/usr/lib/x86_64-linux-gnu/gazebo-9/plugins:/opt/ros/dashing/opt/yaml_cpp_vendor/lib:/opt/ros/dashing/opt/rviz_ogre_vendor/lib:/opt/ros/dashing/lib PS1=\u@\h \[\033[32m\]\w\[\033[33m\]$(parse_git_branch)\[\033[00m\] $ PYTHONPATH=/home/iju/S08P31C208/ROS/robot_ws/install/gazebo_msgs/lib/python3.6/site-packages:/home/iju/S08P31C208/ROS/robot_ws/build/turtlebot3_teleop:/home/iju/S08P31C208/ROS/robot_ws/install/turtlebot3_teleop/lib/python3.6/site-packages:/home/iju/S08P31C208/ROS/robot_ws/build/turtlebot3_example:/home/iju/S08P31C208/ROS/robot_ws/install/turtlebot3_example/lib/python3.6/site-packages:/home/iju/S08P31C208/ROS/robot_ws/install/turtlebot3_msgs/lib/python3.6/site-packages:/home/iju/S08P31C208/ROS/robot_ws/build/opencv_tests:/home/iju/S08P31C208/ROS/robot_ws/install/opencv_tests/lib/python3.6/site-packages:/home/iju/S08P31C208/ROS/robot_ws/install/image_geometry/lib/python3.6/site-packages:/home/iju/S08P31C208/ROS/robot_ws/install/gazebo_ros/lib/python3.6/site-packages:/home/iju/S08P31C208/ROS/robot_ws/install/dynamixel_sdk_custom_interfaces/lib/python3.6/site-packages:/home/iju/S08P31C208/ROS/robot_ws/install/cv_bridge/lib/python3.6/site-packages:/opt/ros/dashing/lib/python3.6/site-packages /usr/bin/cmake --build /home/iju/S08P31C208/ROS/robot_ws/build/gazebo_ros -- -j6 -l6
[0.668s] [  4%] Built target gtest_main
[0.701s] [  8%] Built target gtest
[0.760s] [ 15%] Built target gazebo_ros_node
[0.768s] [ 20%] Built target gazebo_ros_utils
[1.074s] [ 24%] Built target args_init
[1.114s] [ 28%] Built target ros_world_plugin
[1.127s] [ 33%] Built target multiple_nodes
[1.177s] [ 37%] Built target gazebo_ros_state
[1.186s] [ 42%] Built target sdf_node
[1.240s] [ 46%] Built target gazebo_ros_properties
[1.506s] [ 51%] Built target create_node_without_init
[1.518s] [ 55%] Built target test_sim_time
[1.583s] [ 60%] Built target test_gazebo_ros_properties
[1.624s] [ 64%] Built target test_gazebo_ros_state
[1.635s] [ 68%] Built target test_gazebo_ros_factory
[1.747s] [ 73%] Built target test_gazebo_ros_init
[1.799s] [ 77%] Built target test_node
[1.852s] [ 82%] Built target gazebo_ros_factory
[1.885s] [ 86%] Built target test_conversions
[1.942s] [ 91%] Built target gazebo_ros_init
[1.982s] [ 95%] Built target test_utils
[2.003s] [100%] Built target test_plugins
[2.040s] Invoked command in '/home/iju/S08P31C208/ROS/robot_ws/build/gazebo_ros' returned '0': CMAKE_PREFIX_PATH=/home/iju/S08P31C208/ROS/robot_ws/install/gazebo_msgs:/home/iju/S08P31C208/ROS/robot_ws/install/gazebo_dev:/home/iju/S08P31C208/ROS/robot_ws/install/vision_opencv:/home/iju/S08P31C208/ROS/robot_ws/install/turtlebot3_simulations:/home/iju/S08P31C208/ROS/robot_ws/install/turtlebot3_gazebo:/home/iju/S08P31C208/ROS/robot_ws/install/turtlebot3:/home/iju/S08P31C208/ROS/robot_ws/install/turtlebot3_bringup:/home/iju/S08P31C208/ROS/robot_ws/install/turtlebot3_node:/home/iju/S08P31C208/ROS/robot_ws/install/turtlebot3_navigation2:/home/iju/S08P31C208/ROS/robot_ws/install/turtlebot3_fake_node:/home/iju/S08P31C208/ROS/robot_ws/install/turtlebot3_msgs:/home/iju/S08P31C208/ROS/robot_ws/install/turtlebot3_description:/home/iju/S08P31C208/ROS/robot_ws/install/turtlebot3_cartographer:/home/iju/S08P31C208/ROS/robot_ws/install/image_geometry:/home/iju/S08P31C208/ROS/robot_ws/install/gazebo_ros_pkgs:/home/iju/S08P31C208/ROS/robot_ws/install/turtlebot3_teleop:/home/iju/S08P31C208/ROS/robot_ws/install/turtlebot3_example:/home/iju/S08P31C208/ROS/robot_ws/install/opencv_tests:/opt/ros/dashing:/home/iju/S08P31C208/ROS/robot_ws/install/aws_robomaker_hospital_world:/home/iju/S08P31C208/ROS/robot_ws/install/gazebo_plugins:/home/iju/S08P31C208/ROS/robot_ws/install/gazebo_ros:/home/iju/S08P31C208/ROS/robot_ws/install/dynamixel_sdk_examples:/home/iju/S08P31C208/ROS/robot_ws/install/dynamixel_sdk_custom_interfaces:/home/iju/S08P31C208/ROS/robot_ws/install/dynamixel_sdk:/home/iju/S08P31C208/ROS/robot_ws/install/cv_bridge LD_LIBRARY_PATH=/home/iju/S08P31C208/ROS/robot_ws/install/gazebo_msgs/lib:/home/iju/S08P31C208/ROS/robot_ws/install/turtlebot3_msgs/lib:/home/iju/S08P31C208/ROS/robot_ws/install/image_geometry/lib:/home/iju/S08P31C208/ROS/robot_ws/install/gazebo_plugins/lib:/home/iju/S08P31C208/ROS/robot_ws/install/gazebo_ros/lib:/home/iju/S08P31C208/ROS/robot_ws/install/dynamixel_sdk_custom_interfaces/lib:/home/iju/S08P31C208/ROS/robot_ws/install/dynamixel_sdk/lib:/home/iju/S08P31C208/ROS/robot_ws/install/cv_bridge/lib:/usr/lib/x86_64-linux-gnu/gazebo-9/plugins:/opt/ros/dashing/opt/yaml_cpp_vendor/lib:/opt/ros/dashing/opt/rviz_ogre_vendor/lib:/opt/ros/dashing/lib PS1=\u@\h \[\033[32m\]\w\[\033[33m\]$(parse_git_branch)\[\033[00m\] $ PYTHONPATH=/home/iju/S08P31C208/ROS/robot_ws/install/gazebo_msgs/lib/python3.6/site-packages:/home/iju/S08P31C208/ROS/robot_ws/build/turtlebot3_teleop:/home/iju/S08P31C208/ROS/robot_ws/install/turtlebot3_teleop/lib/python3.6/site-packages:/home/iju/S08P31C208/ROS/robot_ws/build/turtlebot3_example:/home/iju/S08P31C208/ROS/robot_ws/install/turtlebot3_example/lib/python3.6/site-packages:/home/iju/S08P31C208/ROS/robot_ws/install/turtlebot3_msgs/lib/python3.6/site-packages:/home/iju/S08P31C208/ROS/robot_ws/build/opencv_tests:/home/iju/S08P31C208/ROS/robot_ws/install/opencv_tests/lib/python3.6/site-packages:/home/iju/S08P31C208/ROS/robot_ws/install/image_geometry/lib/python3.6/site-packages:/home/iju/S08P31C208/ROS/robot_ws/install/gazebo_ros/lib/python3.6/site-packages:/home/iju/S08P31C208/ROS/robot_ws/install/dynamixel_sdk_custom_interfaces/lib/python3.6/site-packages:/home/iju/S08P31C208/ROS/robot_ws/install/cv_bridge/lib/python3.6/site-packages:/opt/ros/dashing/lib/python3.6/site-packages /usr/bin/cmake --build /home/iju/S08P31C208/ROS/robot_ws/build/gazebo_ros -- -j6 -l6
[2.712s] Invoking command in '/home/iju/S08P31C208/ROS/robot_ws/build/gazebo_ros': CMAKE_PREFIX_PATH=/home/iju/S08P31C208/ROS/robot_ws/install/gazebo_msgs:/home/iju/S08P31C208/ROS/robot_ws/install/gazebo_dev:/home/iju/S08P31C208/ROS/robot_ws/install/vision_opencv:/home/iju/S08P31C208/ROS/robot_ws/install/turtlebot3_simulations:/home/iju/S08P31C208/ROS/robot_ws/install/turtlebot3_gazebo:/home/iju/S08P31C208/ROS/robot_ws/install/turtlebot3:/home/iju/S08P31C208/ROS/robot_ws/install/turtlebot3_bringup:/home/iju/S08P31C208/ROS/robot_ws/install/turtlebot3_node:/home/iju/S08P31C208/ROS/robot_ws/install/turtlebot3_navigation2:/home/iju/S08P31C208/ROS/robot_ws/install/turtlebot3_fake_node:/home/iju/S08P31C208/ROS/robot_ws/install/turtlebot3_msgs:/home/iju/S08P31C208/ROS/robot_ws/install/turtlebot3_description:/home/iju/S08P31C208/ROS/robot_ws/install/turtlebot3_cartographer:/home/iju/S08P31C208/ROS/robot_ws/install/image_geometry:/home/iju/S08P31C208/ROS/robot_ws/install/gazebo_ros_pkgs:/home/iju/S08P31C208/ROS/robot_ws/install/turtlebot3_teleop:/home/iju/S08P31C208/ROS/robot_ws/install/turtlebot3_example:/home/iju/S08P31C208/ROS/robot_ws/install/opencv_tests:/opt/ros/dashing:/home/iju/S08P31C208/ROS/robot_ws/install/aws_robomaker_hospital_world:/home/iju/S08P31C208/ROS/robot_ws/install/gazebo_plugins:/home/iju/S08P31C208/ROS/robot_ws/install/gazebo_ros:/home/iju/S08P31C208/ROS/robot_ws/install/dynamixel_sdk_examples:/home/iju/S08P31C208/ROS/robot_ws/install/dynamixel_sdk_custom_interfaces:/home/iju/S08P31C208/ROS/robot_ws/install/dynamixel_sdk:/home/iju/S08P31C208/ROS/robot_ws/install/cv_bridge LD_LIBRARY_PATH=/home/iju/S08P31C208/ROS/robot_ws/install/gazebo_msgs/lib:/home/iju/S08P31C208/ROS/robot_ws/install/turtlebot3_msgs/lib:/home/iju/S08P31C208/ROS/robot_ws/install/image_geometry/lib:/home/iju/S08P31C208/ROS/robot_ws/install/gazebo_plugins/lib:/home/iju/S08P31C208/ROS/robot_ws/install/gazebo_ros/lib:/home/iju/S08P31C208/ROS/robot_ws/install/dynamixel_sdk_custom_interfaces/lib:/home/iju/S08P31C208/ROS/robot_ws/install/dynamixel_sdk/lib:/home/iju/S08P31C208/ROS/robot_ws/install/cv_bridge/lib:/usr/lib/x86_64-linux-gnu/gazebo-9/plugins:/opt/ros/dashing/opt/yaml_cpp_vendor/lib:/opt/ros/dashing/opt/rviz_ogre_vendor/lib:/opt/ros/dashing/lib PS1=\u@\h \[\033[32m\]\w\[\033[33m\]$(parse_git_branch)\[\033[00m\] $ PYTHONPATH=/home/iju/S08P31C208/ROS/robot_ws/install/gazebo_msgs/lib/python3.6/site-packages:/home/iju/S08P31C208/ROS/robot_ws/build/turtlebot3_teleop:/home/iju/S08P31C208/ROS/robot_ws/install/turtlebot3_teleop/lib/python3.6/site-packages:/home/iju/S08P31C208/ROS/robot_ws/build/turtlebot3_example:/home/iju/S08P31C208/ROS/robot_ws/install/turtlebot3_example/lib/python3.6/site-packages:/home/iju/S08P31C208/ROS/robot_ws/install/turtlebot3_msgs/lib/python3.6/site-packages:/home/iju/S08P31C208/ROS/robot_ws/build/opencv_tests:/home/iju/S08P31C208/ROS/robot_ws/install/opencv_tests/lib/python3.6/site-packages:/home/iju/S08P31C208/ROS/robot_ws/install/image_geometry/lib/python3.6/site-packages:/home/iju/S08P31C208/ROS/robot_ws/install/gazebo_ros/lib/python3.6/site-packages:/home/iju/S08P31C208/ROS/robot_ws/install/dynamixel_sdk_custom_interfaces/lib/python3.6/site-packages:/home/iju/S08P31C208/ROS/robot_ws/install/cv_bridge/lib/python3.6/site-packages:/opt/ros/dashing/lib/python3.6/site-packages /usr/bin/cmake --build /home/iju/S08P31C208/ROS/robot_ws/build/gazebo_ros --target install -- -j6 -l6
[3.106s] [  4%] Built target gtest_main
[3.123s] [  8%] Built target gtest
[3.140s] [ 13%] Built target gazebo_ros_utils
[3.141s] [ 20%] Built target gazebo_ros_node
[3.350s] [ 24%] Built target test_conversions
[3.365s] [ 28%] Built target test_utils
[3.380s] [ 33%] Built target gazebo_ros_state
[3.431s] [ 37%] Built target gazebo_ros_properties
[3.431s] [ 42%] Built target gazebo_ros_init
[3.473s] [ 46%] Built target gazebo_ros_factory
[3.568s] [ 51%] Built target multiple_nodes
[3.582s] [ 55%] Built target test_plugins
[3.598s] [ 60%] Built target args_init
[3.750s] [ 64%] Built target sdf_node
[3.766s] [ 68%] Built target ros_world_plugin
[3.818s] [ 73%] Built target create_node_without_init
[3.864s] [ 77%] Built target test_gazebo_ros_factory
[3.876s] [ 82%] Built target test_sim_time
[3.920s] [ 86%] Built target test_gazebo_ros_properties
[4.020s] [ 91%] Built target test_gazebo_ros_init
[4.034s] [ 95%] Built target test_gazebo_ros_state
[4.045s] [100%] Built target test_node
[4.150s] [36mInstall the project...[0m
[4.194s] -- Install configuration: ""
[4.197s] -- Execute custom install script
[4.198s] -- Up-to-date symlink: /home/iju/S08P31C208/ROS/robot_ws/install/gazebo_ros/share/gazebo_ros/environment/pythonpath.sh
[4.198s] -- Up-to-date symlink: /home/iju/S08P31C208/ROS/robot_ws/install/gazebo_ros/lib/python3.6/site-packages/scripts//__init__.py
[4.198s] -- Up-to-date symlink: /home/iju/S08P31C208/ROS/robot_ws/install/gazebo_ros/lib/python3.6/site-packages/scripts//gazebo_ros_paths.py
[4.198s] -- Up-to-date symlink: /home/iju/S08P31C208/ROS/robot_ws/install/gazebo_ros/lib/python3.6/site-packages/scripts//spawn_entity.py
[4.199s] -- Up-to-date symlink: /home/iju/S08P31C208/ROS/robot_ws/install/gazebo_ros/share/gazebo_ros/environment/library_path.sh
[4.199s] -- Up-to-date symlink: /home/iju/S08P31C208/ROS/robot_ws/install/gazebo_ros/share/ament_index/resource_index/package_run_dependencies/gazebo_ros
[4.200s] -- Up-to-date symlink: /home/iju/S08P31C208/ROS/robot_ws/install/gazebo_ros/share/ament_index/resource_index/parent_prefix_path/gazebo_ros
[4.201s] -- Up-to-date symlink: /home/iju/S08P31C208/ROS/robot_ws/install/gazebo_ros/share/gazebo_ros/environment/ament_prefix_path.sh
[4.201s] -- Up-to-date symlink: /home/iju/S08P31C208/ROS/robot_ws/install/gazebo_ros/share/gazebo_ros/environment/path.sh
[4.202s] -- Up-to-date symlink: /home/iju/S08P31C208/ROS/robot_ws/install/gazebo_ros/share/gazebo_ros/local_setup.bash
[4.202s] -- Up-to-date symlink: /home/iju/S08P31C208/ROS/robot_ws/install/gazebo_ros/share/gazebo_ros/local_setup.sh
[4.211s] -- Up-to-date symlink: /home/iju/S08P31C208/ROS/robot_ws/install/gazebo_ros/share/gazebo_ros/local_setup.zsh
[4.212s] -- Up-to-date symlink: /home/iju/S08P31C208/ROS/robot_ws/install/gazebo_ros/share/ament_index/resource_index/packages/gazebo_ros
[4.214s] -- Up-to-date symlink: /home/iju/S08P31C208/ROS/robot_ws/install/gazebo_ros/share/gazebo_ros/cmake/ament_cmake_export_libraries-extras.cmake
[4.214s] -- Up-to-date symlink: /home/iju/S08P31C208/ROS/robot_ws/install/gazebo_ros/share/gazebo_ros/cmake/ament_cmake_export_include_directories-extras.cmake
[4.215s] -- Up-to-date symlink: /home/iju/S08P31C208/ROS/robot_ws/install/gazebo_ros/share/gazebo_ros/cmake/ament_cmake_export_dependencies-extras.cmake
[4.216s] -- Up-to-date symlink: /home/iju/S08P31C208/ROS/robot_ws/install/gazebo_ros/share/gazebo_ros/cmake/gazebo_rosConfig.cmake
[4.218s] -- Up-to-date symlink: /home/iju/S08P31C208/ROS/robot_ws/install/gazebo_ros/share/gazebo_ros/cmake/gazebo_rosConfig-version.cmake
[4.218s] -- Up-to-date symlink: /home/iju/S08P31C208/ROS/robot_ws/install/gazebo_ros/share/gazebo_ros/package.xml
[4.219s] -- Up-to-date symlink: /home/iju/S08P31C208/ROS/robot_ws/install/gazebo_ros/include/gazebo_ros/conversions/builtin_interfaces.hpp
[4.220s] -- Up-to-date symlink: /home/iju/S08P31C208/ROS/robot_ws/install/gazebo_ros/include/gazebo_ros/conversions/gazebo_msgs.hpp
[4.220s] -- Up-to-date symlink: /home/iju/S08P31C208/ROS/robot_ws/install/gazebo_ros/include/gazebo_ros/conversions/generic.hpp
[4.221s] -- Up-to-date symlink: /home/iju/S08P31C208/ROS/robot_ws/install/gazebo_ros/include/gazebo_ros/conversions/geometry_msgs.hpp
[4.221s] -- Up-to-date symlink: /home/iju/S08P31C208/ROS/robot_ws/install/gazebo_ros/include/gazebo_ros/conversions/sensor_msgs.hpp
[4.222s] -- Up-to-date symlink: /home/iju/S08P31C208/ROS/robot_ws/install/gazebo_ros/include/gazebo_ros/executor.hpp
[4.223s] -- Up-to-date symlink: /home/iju/S08P31C208/ROS/robot_ws/install/gazebo_ros/include/gazebo_ros/gazebo_ros_factory.hpp
[4.223s] -- Up-to-date symlink: /home/iju/S08P31C208/ROS/robot_ws/install/gazebo_ros/include/gazebo_ros/gazebo_ros_init.hpp
[4.224s] -- Up-to-date symlink: /home/iju/S08P31C208/ROS/robot_ws/install/gazebo_ros/include/gazebo_ros/gazebo_ros_properties.hpp
[4.225s] -- Up-to-date symlink: /home/iju/S08P31C208/ROS/robot_ws/install/gazebo_ros/include/gazebo_ros/gazebo_ros_state.hpp
[4.225s] -- Up-to-date symlink: /home/iju/S08P31C208/ROS/robot_ws/install/gazebo_ros/include/gazebo_ros/node.hpp
[4.226s] -- Up-to-date symlink: /home/iju/S08P31C208/ROS/robot_ws/install/gazebo_ros/include/gazebo_ros/testing_utils.hpp
[4.227s] -- Up-to-date symlink: /home/iju/S08P31C208/ROS/robot_ws/install/gazebo_ros/include/gazebo_ros/utils.hpp
[4.228s] -- Up-to-date symlink: /home/iju/S08P31C208/ROS/robot_ws/install/gazebo_ros/lib/gazebo_ros//gazebo_ros_paths.py
[4.229s] -- Up-to-date symlink: /home/iju/S08P31C208/ROS/robot_ws/install/gazebo_ros/lib/libgazebo_ros_factory.so
[4.229s] -- Up-to-date symlink: /home/iju/S08P31C208/ROS/robot_ws/install/gazebo_ros/lib/libgazebo_ros_init.so
[4.229s] -- Up-to-date symlink: /home/iju/S08P31C208/ROS/robot_ws/install/gazebo_ros/lib/libgazebo_ros_node.so
[4.237s] -- Up-to-date symlink: /home/iju/S08P31C208/ROS/robot_ws/install/gazebo_ros/lib/libgazebo_ros_properties.so
[4.239s] -- Up-to-date symlink: /home/iju/S08P31C208/ROS/robot_ws/install/gazebo_ros/lib/libgazebo_ros_state.so
[4.240s] -- Up-to-date symlink: /home/iju/S08P31C208/ROS/robot_ws/install/gazebo_ros/lib/libgazebo_ros_utils.so
[4.240s] -- Up-to-date symlink: /home/iju/S08P31C208/ROS/robot_ws/install/gazebo_ros/lib/gazebo_ros//spawn_entity.py
[4.241s] -- Up-to-date symlink: /home/iju/S08P31C208/ROS/robot_ws/install/gazebo_ros/share/gazebo_ros//launch/empty_world.launch.py
[4.241s] -- Up-to-date symlink: /home/iju/S08P31C208/ROS/robot_ws/install/gazebo_ros/share/gazebo_ros//launch/gazebo.launch.py
[4.242s] -- Up-to-date symlink: /home/iju/S08P31C208/ROS/robot_ws/install/gazebo_ros/share/gazebo_ros//launch/gzclient.launch.py
[4.242s] -- Up-to-date symlink: /home/iju/S08P31C208/ROS/robot_ws/install/gazebo_ros/share/gazebo_ros//launch/gzserver.launch.py
[4.242s] -- Up-to-date symlink: /home/iju/S08P31C208/ROS/robot_ws/install/gazebo_ros/share/gazebo_ros//launch/spawn_entity_demo.launch.py
[4.401s] Listing '/home/iju/S08P31C208/ROS/robot_ws/install/gazebo_ros/lib/python3.6/site-packages/scripts/'...
[4.420s] Invoked command in '/home/iju/S08P31C208/ROS/robot_ws/build/gazebo_ros' returned '0': CMAKE_PREFIX_PATH=/home/iju/S08P31C208/ROS/robot_ws/install/gazebo_msgs:/home/iju/S08P31C208/ROS/robot_ws/install/gazebo_dev:/home/iju/S08P31C208/ROS/robot_ws/install/vision_opencv:/home/iju/S08P31C208/ROS/robot_ws/install/turtlebot3_simulations:/home/iju/S08P31C208/ROS/robot_ws/install/turtlebot3_gazebo:/home/iju/S08P31C208/ROS/robot_ws/install/turtlebot3:/home/iju/S08P31C208/ROS/robot_ws/install/turtlebot3_bringup:/home/iju/S08P31C208/ROS/robot_ws/install/turtlebot3_node:/home/iju/S08P31C208/ROS/robot_ws/install/turtlebot3_navigation2:/home/iju/S08P31C208/ROS/robot_ws/install/turtlebot3_fake_node:/home/iju/S08P31C208/ROS/robot_ws/install/turtlebot3_msgs:/home/iju/S08P31C208/ROS/robot_ws/install/turtlebot3_description:/home/iju/S08P31C208/ROS/robot_ws/install/turtlebot3_cartographer:/home/iju/S08P31C208/ROS/robot_ws/install/image_geometry:/home/iju/S08P31C208/ROS/robot_ws/install/gazebo_ros_pkgs:/home/iju/S08P31C208/ROS/robot_ws/install/turtlebot3_teleop:/home/iju/S08P31C208/ROS/robot_ws/install/turtlebot3_example:/home/iju/S08P31C208/ROS/robot_ws/install/opencv_tests:/opt/ros/dashing:/home/iju/S08P31C208/ROS/robot_ws/install/aws_robomaker_hospital_world:/home/iju/S08P31C208/ROS/robot_ws/install/gazebo_plugins:/home/iju/S08P31C208/ROS/robot_ws/install/gazebo_ros:/home/iju/S08P31C208/ROS/robot_ws/install/dynamixel_sdk_examples:/home/iju/S08P31C208/ROS/robot_ws/install/dynamixel_sdk_custom_interfaces:/home/iju/S08P31C208/ROS/robot_ws/install/dynamixel_sdk:/home/iju/S08P31C208/ROS/robot_ws/install/cv_bridge LD_LIBRARY_PATH=/home/iju/S08P31C208/ROS/robot_ws/install/gazebo_msgs/lib:/home/iju/S08P31C208/ROS/robot_ws/install/turtlebot3_msgs/lib:/home/iju/S08P31C208/ROS/robot_ws/install/image_geometry/lib:/home/iju/S08P31C208/ROS/robot_ws/install/gazebo_plugins/lib:/home/iju/S08P31C208/ROS/robot_ws/install/gazebo_ros/lib:/home/iju/S08P31C208/ROS/robot_ws/install/dynamixel_sdk_custom_interfaces/lib:/home/iju/S08P31C208/ROS/robot_ws/install/dynamixel_sdk/lib:/home/iju/S08P31C208/ROS/robot_ws/install/cv_bridge/lib:/usr/lib/x86_64-linux-gnu/gazebo-9/plugins:/opt/ros/dashing/opt/yaml_cpp_vendor/lib:/opt/ros/dashing/opt/rviz_ogre_vendor/lib:/opt/ros/dashing/lib PS1=\u@\h \[\033[32m\]\w\[\033[33m\]$(parse_git_branch)\[\033[00m\] $ PYTHONPATH=/home/iju/S08P31C208/ROS/robot_ws/install/gazebo_msgs/lib/python3.6/site-packages:/home/iju/S08P31C208/ROS/robot_ws/build/turtlebot3_teleop:/home/iju/S08P31C208/ROS/robot_ws/install/turtlebot3_teleop/lib/python3.6/site-packages:/home/iju/S08P31C208/ROS/robot_ws/build/turtlebot3_example:/home/iju/S08P31C208/ROS/robot_ws/install/turtlebot3_example/lib/python3.6/site-packages:/home/iju/S08P31C208/ROS/robot_ws/install/turtlebot3_msgs/lib/python3.6/site-packages:/home/iju/S08P31C208/ROS/robot_ws/build/opencv_tests:/home/iju/S08P31C208/ROS/robot_ws/install/opencv_tests/lib/python3.6/site-packages:/home/iju/S08P31C208/ROS/robot_ws/install/image_geometry/lib/python3.6/site-packages:/home/iju/S08P31C208/ROS/robot_ws/install/gazebo_ros/lib/python3.6/site-packages:/home/iju/S08P31C208/ROS/robot_ws/install/dynamixel_sdk_custom_interfaces/lib/python3.6/site-packages:/home/iju/S08P31C208/ROS/robot_ws/install/cv_bridge/lib/python3.6/site-packages:/opt/ros/dashing/lib/python3.6/site-packages /usr/bin/cmake --build /home/iju/S08P31C208/ROS/robot_ws/build/gazebo_ros --target install -- -j6 -l6
