[0.458s] DEBUG:colcon:Command line arguments: ['/usr/bin/colcon', 'build', '--packages-select', 'turtlebot3_gazebo']
[0.458s] DEBUG:colcon:Parsed command line arguments: Namespace(allow_overriding=[], ament_cmake_args=None, base_paths=['.'], build_base='build', catkin_cmake_args=None, catkin_skip_building_tests=False, cmake_args=None, cmake_clean_cache=False, cmake_clean_first=False, cmake_force_configure=False, cmake_target=None, cmake_target_skip_unavailable=False, continue_on_error=False, event_handlers=None, executor='parallel', ignore_user_meta=False, install_base='install', log_base=None, log_level=None, main=<bound method BuildVerb.main of <colcon_core.verb.build.BuildVerb object at 0x7fc79d58bb00>>, merge_install=False, metas=['./colcon.meta'], packages_above=None, packages_above_and_dependencies=None, packages_above_depth=None, packages_end=None, packages_ignore=None, packages_ignore_regex=None, packages_select=['turtlebot3_gazebo'], packages_select_build_failed=False, packages_select_by_dep=None, packages_select_regex=None, packages_select_test_failures=False, packages_skip=None, packages_skip_build_finished=False, packages_skip_by_dep=None, packages_skip_regex=None, packages_skip_test_passed=False, packages_skip_up_to=None, packages_start=None, packages_up_to=None, packages_up_to_regex=None, parallel_workers=6, paths=None, symlink_install=False, test_result_base=None, verb_extension=<colcon_core.verb.build.BuildVerb object at 0x7fc79d58bb00>, verb_name='build', verb_parser=<colcon_defaults.argument_parser.defaults.DefaultArgumentsDecorator object at 0x7fc79cdf4f60>)
[0.493s] Level 1:colcon.colcon_core.package_discovery:discover_packages(colcon_meta) check parameters
[0.493s] Level 1:colcon.colcon_core.package_discovery:discover_packages(recursive) check parameters
[0.493s] Level 1:colcon.colcon_core.package_discovery:discover_packages(ignore) check parameters
[0.493s] Level 1:colcon.colcon_core.package_discovery:discover_packages(path) check parameters
[0.493s] Level 1:colcon.colcon_core.package_discovery:discover_packages(colcon_meta) discover
[0.493s] Level 1:colcon.colcon_core.package_discovery:discover_packages(recursive) discover
[0.493s] INFO:colcon.colcon_core.package_discovery:Crawling recursively for packages in '/home/iju/S08P31C208/ROS/robot_ws'
[0.494s] Level 1:colcon.colcon_core.package_identification:_identify(.) by extensions ['ignore', 'ignore_ament_install']
[0.494s] Level 1:colcon.colcon_core.package_identification:_identify(.) by extension 'ignore'
[0.494s] Level 1:colcon.colcon_core.package_identification:_identify(.) by extension 'ignore_ament_install'
[0.494s] Level 1:colcon.colcon_core.package_identification:_identify(.) by extensions ['colcon_pkg']
[0.494s] Level 1:colcon.colcon_core.package_identification:_identify(.) by extension 'colcon_pkg'
[0.494s] Level 1:colcon.colcon_core.package_identification:_identify(.) by extensions ['colcon_meta']
[0.494s] Level 1:colcon.colcon_core.package_identification:_identify(.) by extension 'colcon_meta'
[0.494s] Level 1:colcon.colcon_core.package_identification:_identify(.) by extensions ['ros']
[0.494s] Level 1:colcon.colcon_core.package_identification:_identify(.) by extension 'ros'
[0.525s] Level 1:colcon.colcon_core.package_identification:_identify(.) by extensions ['cmake', 'python']
[0.525s] Level 1:colcon.colcon_core.package_identification:_identify(.) by extension 'cmake'
[0.525s] Level 1:colcon.colcon_core.package_identification:_identify(.) by extension 'python'
[0.525s] Level 1:colcon.colcon_core.package_identification:_identify(.) by extensions ['python_setup_py']
[0.525s] Level 1:colcon.colcon_core.package_identification:_identify(.) by extension 'python_setup_py'
[0.526s] Level 1:colcon.colcon_core.package_identification:_identify(build) by extensions ['ignore', 'ignore_ament_install']
[0.526s] Level 1:colcon.colcon_core.package_identification:_identify(build) by extension 'ignore'
[0.526s] Level 1:colcon.colcon_core.package_identification:_identify(build) ignored
[0.526s] Level 1:colcon.colcon_core.package_identification:_identify(install) by extensions ['ignore', 'ignore_ament_install']
[0.526s] Level 1:colcon.colcon_core.package_identification:_identify(install) by extension 'ignore'
[0.526s] Level 1:colcon.colcon_core.package_identification:_identify(install) ignored
[0.526s] Level 1:colcon.colcon_core.package_identification:_identify(log) by extensions ['ignore', 'ignore_ament_install']
[0.526s] Level 1:colcon.colcon_core.package_identification:_identify(log) by extension 'ignore'
[0.526s] Level 1:colcon.colcon_core.package_identification:_identify(log) ignored
[0.527s] Level 1:colcon.colcon_core.package_identification:_identify(src) by extensions ['ignore', 'ignore_ament_install']
[0.527s] Level 1:colcon.colcon_core.package_identification:_identify(src) by extension 'ignore'
[0.527s] Level 1:colcon.colcon_core.package_identification:_identify(src) by extension 'ignore_ament_install'
[0.527s] Level 1:colcon.colcon_core.package_identification:_identify(src) by extensions ['colcon_pkg']
[0.527s] Level 1:colcon.colcon_core.package_identification:_identify(src) by extension 'colcon_pkg'
[0.527s] Level 1:colcon.colcon_core.package_identification:_identify(src) by extensions ['colcon_meta']
[0.527s] Level 1:colcon.colcon_core.package_identification:_identify(src) by extension 'colcon_meta'
[0.527s] Level 1:colcon.colcon_core.package_identification:_identify(src) by extensions ['ros']
[0.527s] Level 1:colcon.colcon_core.package_identification:_identify(src) by extension 'ros'
[0.527s] Level 1:colcon.colcon_core.package_identification:_identify(src) by extensions ['cmake', 'python']
[0.527s] Level 1:colcon.colcon_core.package_identification:_identify(src) by extension 'cmake'
[0.527s] Level 1:colcon.colcon_core.package_identification:_identify(src) by extension 'python'
[0.527s] Level 1:colcon.colcon_core.package_identification:_identify(src) by extensions ['python_setup_py']
[0.527s] Level 1:colcon.colcon_core.package_identification:_identify(src) by extension 'python_setup_py'
[0.527s] Level 1:colcon.colcon_core.package_identification:_identify(src/DynamixelSDK) by extensions ['ignore', 'ignore_ament_install']
[0.527s] Level 1:colcon.colcon_core.package_identification:_identify(src/DynamixelSDK) by extension 'ignore'
[0.527s] Level 1:colcon.colcon_core.package_identification:_identify(src/DynamixelSDK) by extension 'ignore_ament_install'
[0.527s] Level 1:colcon.colcon_core.package_identification:_identify(src/DynamixelSDK) by extensions ['colcon_pkg']
[0.527s] Level 1:colcon.colcon_core.package_identification:_identify(src/DynamixelSDK) by extension 'colcon_pkg'
[0.528s] Level 1:colcon.colcon_core.package_identification:_identify(src/DynamixelSDK) by extensions ['colcon_meta']
[0.528s] Level 1:colcon.colcon_core.package_identification:_identify(src/DynamixelSDK) by extension 'colcon_meta'
[0.528s] Level 1:colcon.colcon_core.package_identification:_identify(src/DynamixelSDK) by extensions ['ros']
[0.528s] Level 1:colcon.colcon_core.package_identification:_identify(src/DynamixelSDK) by extension 'ros'
[0.528s] Level 1:colcon.colcon_core.package_identification:_identify(src/DynamixelSDK) by extensions ['cmake', 'python']
[0.528s] Level 1:colcon.colcon_core.package_identification:_identify(src/DynamixelSDK) by extension 'cmake'
[0.528s] Level 1:colcon.colcon_core.package_identification:_identify(src/DynamixelSDK) by extension 'python'
[0.528s] Level 1:colcon.colcon_core.package_identification:_identify(src/DynamixelSDK) by extensions ['python_setup_py']
[0.528s] Level 1:colcon.colcon_core.package_identification:_identify(src/DynamixelSDK) by extension 'python_setup_py'
[0.528s] Level 1:colcon.colcon_core.package_identification:_identify(src/DynamixelSDK/dynamixel_sdk) by extensions ['ignore', 'ignore_ament_install']
[0.528s] Level 1:colcon.colcon_core.package_identification:_identify(src/DynamixelSDK/dynamixel_sdk) by extension 'ignore'
[0.528s] Level 1:colcon.colcon_core.package_identification:_identify(src/DynamixelSDK/dynamixel_sdk) by extension 'ignore_ament_install'
[0.528s] Level 1:colcon.colcon_core.package_identification:_identify(src/DynamixelSDK/dynamixel_sdk) by extensions ['colcon_pkg']
[0.528s] Level 1:colcon.colcon_core.package_identification:_identify(src/DynamixelSDK/dynamixel_sdk) by extension 'colcon_pkg'
[0.528s] Level 1:colcon.colcon_core.package_identification:_identify(src/DynamixelSDK/dynamixel_sdk) by extensions ['colcon_meta']
[0.528s] Level 1:colcon.colcon_core.package_identification:_identify(src/DynamixelSDK/dynamixel_sdk) by extension 'colcon_meta'
[0.528s] Level 1:colcon.colcon_core.package_identification:_identify(src/DynamixelSDK/dynamixel_sdk) by extensions ['ros']
[0.528s] Level 1:colcon.colcon_core.package_identification:_identify(src/DynamixelSDK/dynamixel_sdk) by extension 'ros'
[0.531s] DEBUG:colcon.colcon_core.package_identification:Package 'src/DynamixelSDK/dynamixel_sdk' with type 'ros.ament_cmake' and name 'dynamixel_sdk'
[0.531s] Level 1:colcon.colcon_core.package_identification:_identify(src/DynamixelSDK/dynamixel_sdk_custom_interfaces) by extensions ['ignore', 'ignore_ament_install']
[0.531s] Level 1:colcon.colcon_core.package_identification:_identify(src/DynamixelSDK/dynamixel_sdk_custom_interfaces) by extension 'ignore'
[0.531s] Level 1:colcon.colcon_core.package_identification:_identify(src/DynamixelSDK/dynamixel_sdk_custom_interfaces) by extension 'ignore_ament_install'
[0.531s] Level 1:colcon.colcon_core.package_identification:_identify(src/DynamixelSDK/dynamixel_sdk_custom_interfaces) by extensions ['colcon_pkg']
[0.531s] Level 1:colcon.colcon_core.package_identification:_identify(src/DynamixelSDK/dynamixel_sdk_custom_interfaces) by extension 'colcon_pkg'
[0.531s] Level 1:colcon.colcon_core.package_identification:_identify(src/DynamixelSDK/dynamixel_sdk_custom_interfaces) by extensions ['colcon_meta']
[0.531s] Level 1:colcon.colcon_core.package_identification:_identify(src/DynamixelSDK/dynamixel_sdk_custom_interfaces) by extension 'colcon_meta'
[0.531s] Level 1:colcon.colcon_core.package_identification:_identify(src/DynamixelSDK/dynamixel_sdk_custom_interfaces) by extensions ['ros']
[0.531s] Level 1:colcon.colcon_core.package_identification:_identify(src/DynamixelSDK/dynamixel_sdk_custom_interfaces) by extension 'ros'
[0.532s] DEBUG:colcon.colcon_core.package_identification:Package 'src/DynamixelSDK/dynamixel_sdk_custom_interfaces' with type 'ros.ament_cmake' and name 'dynamixel_sdk_custom_interfaces'
[0.532s] Level 1:colcon.colcon_core.package_identification:_identify(src/DynamixelSDK/dynamixel_sdk_examples) by extensions ['ignore', 'ignore_ament_install']
[0.532s] Level 1:colcon.colcon_core.package_identification:_identify(src/DynamixelSDK/dynamixel_sdk_examples) by extension 'ignore'
[0.532s] Level 1:colcon.colcon_core.package_identification:_identify(src/DynamixelSDK/dynamixel_sdk_examples) by extension 'ignore_ament_install'
[0.532s] Level 1:colcon.colcon_core.package_identification:_identify(src/DynamixelSDK/dynamixel_sdk_examples) by extensions ['colcon_pkg']
[0.532s] Level 1:colcon.colcon_core.package_identification:_identify(src/DynamixelSDK/dynamixel_sdk_examples) by extension 'colcon_pkg'
[0.532s] Level 1:colcon.colcon_core.package_identification:_identify(src/DynamixelSDK/dynamixel_sdk_examples) by extensions ['colcon_meta']
[0.532s] Level 1:colcon.colcon_core.package_identification:_identify(src/DynamixelSDK/dynamixel_sdk_examples) by extension 'colcon_meta'
[0.532s] Level 1:colcon.colcon_core.package_identification:_identify(src/DynamixelSDK/dynamixel_sdk_examples) by extensions ['ros']
[0.532s] Level 1:colcon.colcon_core.package_identification:_identify(src/DynamixelSDK/dynamixel_sdk_examples) by extension 'ros'
[0.534s] DEBUG:colcon.colcon_core.package_identification:Package 'src/DynamixelSDK/dynamixel_sdk_examples' with type 'ros.ament_cmake' and name 'dynamixel_sdk_examples'
[0.534s] Level 1:colcon.colcon_core.package_identification:_identify(src/gazebo_ros_pkgs) by extensions ['ignore', 'ignore_ament_install']
[0.534s] Level 1:colcon.colcon_core.package_identification:_identify(src/gazebo_ros_pkgs) by extension 'ignore'
[0.534s] Level 1:colcon.colcon_core.package_identification:_identify(src/gazebo_ros_pkgs) by extension 'ignore_ament_install'
[0.534s] Level 1:colcon.colcon_core.package_identification:_identify(src/gazebo_ros_pkgs) by extensions ['colcon_pkg']
[0.534s] Level 1:colcon.colcon_core.package_identification:_identify(src/gazebo_ros_pkgs) by extension 'colcon_pkg'
[0.534s] Level 1:colcon.colcon_core.package_identification:_identify(src/gazebo_ros_pkgs) by extensions ['colcon_meta']
[0.534s] Level 1:colcon.colcon_core.package_identification:_identify(src/gazebo_ros_pkgs) by extension 'colcon_meta'
[0.534s] Level 1:colcon.colcon_core.package_identification:_identify(src/gazebo_ros_pkgs) by extensions ['ros']
[0.534s] Level 1:colcon.colcon_core.package_identification:_identify(src/gazebo_ros_pkgs) by extension 'ros'
[0.535s] Level 1:colcon.colcon_core.package_identification:_identify(src/gazebo_ros_pkgs) by extensions ['cmake', 'python']
[0.535s] Level 1:colcon.colcon_core.package_identification:_identify(src/gazebo_ros_pkgs) by extension 'cmake'
[0.535s] Level 1:colcon.colcon_core.package_identification:_identify(src/gazebo_ros_pkgs) by extension 'python'
[0.535s] Level 1:colcon.colcon_core.package_identification:_identify(src/gazebo_ros_pkgs) by extensions ['python_setup_py']
[0.535s] Level 1:colcon.colcon_core.package_identification:_identify(src/gazebo_ros_pkgs) by extension 'python_setup_py'
[0.535s] Level 1:colcon.colcon_core.package_identification:_identify(src/gazebo_ros_pkgs/gazebo_dev) by extensions ['ignore', 'ignore_ament_install']
[0.535s] Level 1:colcon.colcon_core.package_identification:_identify(src/gazebo_ros_pkgs/gazebo_dev) by extension 'ignore'
[0.535s] Level 1:colcon.colcon_core.package_identification:_identify(src/gazebo_ros_pkgs/gazebo_dev) by extension 'ignore_ament_install'
[0.535s] Level 1:colcon.colcon_core.package_identification:_identify(src/gazebo_ros_pkgs/gazebo_dev) by extensions ['colcon_pkg']
[0.535s] Level 1:colcon.colcon_core.package_identification:_identify(src/gazebo_ros_pkgs/gazebo_dev) by extension 'colcon_pkg'
[0.535s] Level 1:colcon.colcon_core.package_identification:_identify(src/gazebo_ros_pkgs/gazebo_dev) by extensions ['colcon_meta']
[0.535s] Level 1:colcon.colcon_core.package_identification:_identify(src/gazebo_ros_pkgs/gazebo_dev) by extension 'colcon_meta'
[0.535s] Level 1:colcon.colcon_core.package_identification:_identify(src/gazebo_ros_pkgs/gazebo_dev) by extensions ['ros']
[0.535s] Level 1:colcon.colcon_core.package_identification:_identify(src/gazebo_ros_pkgs/gazebo_dev) by extension 'ros'
[0.536s] DEBUG:colcon.colcon_core.package_identification:Package 'src/gazebo_ros_pkgs/gazebo_dev' with type 'ros.ament_cmake' and name 'gazebo_dev'
[0.536s] Level 1:colcon.colcon_core.package_identification:_identify(src/gazebo_ros_pkgs/gazebo_msgs) by extensions ['ignore', 'ignore_ament_install']
[0.536s] Level 1:colcon.colcon_core.package_identification:_identify(src/gazebo_ros_pkgs/gazebo_msgs) by extension 'ignore'
[0.536s] Level 1:colcon.colcon_core.package_identification:_identify(src/gazebo_ros_pkgs/gazebo_msgs) by extension 'ignore_ament_install'
[0.536s] Level 1:colcon.colcon_core.package_identification:_identify(src/gazebo_ros_pkgs/gazebo_msgs) by extensions ['colcon_pkg']
[0.536s] Level 1:colcon.colcon_core.package_identification:_identify(src/gazebo_ros_pkgs/gazebo_msgs) by extension 'colcon_pkg'
[0.536s] Level 1:colcon.colcon_core.package_identification:_identify(src/gazebo_ros_pkgs/gazebo_msgs) by extensions ['colcon_meta']
[0.536s] Level 1:colcon.colcon_core.package_identification:_identify(src/gazebo_ros_pkgs/gazebo_msgs) by extension 'colcon_meta'
[0.536s] Level 1:colcon.colcon_core.package_identification:_identify(src/gazebo_ros_pkgs/gazebo_msgs) by extensions ['ros']
[0.536s] Level 1:colcon.colcon_core.package_identification:_identify(src/gazebo_ros_pkgs/gazebo_msgs) by extension 'ros'
[0.537s] DEBUG:colcon.colcon_core.package_identification:Package 'src/gazebo_ros_pkgs/gazebo_msgs' with type 'ros.ament_cmake' and name 'gazebo_msgs'
[0.537s] Level 1:colcon.colcon_core.package_identification:_identify(src/gazebo_ros_pkgs/gazebo_plugins) by extensions ['ignore', 'ignore_ament_install']
[0.537s] Level 1:colcon.colcon_core.package_identification:_identify(src/gazebo_ros_pkgs/gazebo_plugins) by extension 'ignore'
[0.537s] Level 1:colcon.colcon_core.package_identification:_identify(src/gazebo_ros_pkgs/gazebo_plugins) by extension 'ignore_ament_install'
[0.537s] Level 1:colcon.colcon_core.package_identification:_identify(src/gazebo_ros_pkgs/gazebo_plugins) by extensions ['colcon_pkg']
[0.537s] Level 1:colcon.colcon_core.package_identification:_identify(src/gazebo_ros_pkgs/gazebo_plugins) by extension 'colcon_pkg'
[0.537s] Level 1:colcon.colcon_core.package_identification:_identify(src/gazebo_ros_pkgs/gazebo_plugins) by extensions ['colcon_meta']
[0.537s] Level 1:colcon.colcon_core.package_identification:_identify(src/gazebo_ros_pkgs/gazebo_plugins) by extension 'colcon_meta'
[0.537s] Level 1:colcon.colcon_core.package_identification:_identify(src/gazebo_ros_pkgs/gazebo_plugins) by extensions ['ros']
[0.537s] Level 1:colcon.colcon_core.package_identification:_identify(src/gazebo_ros_pkgs/gazebo_plugins) by extension 'ros'
[0.539s] DEBUG:colcon.colcon_core.package_identification:Package 'src/gazebo_ros_pkgs/gazebo_plugins' with type 'ros.ament_cmake' and name 'gazebo_plugins'
[0.539s] Level 1:colcon.colcon_core.package_identification:_identify(src/gazebo_ros_pkgs/gazebo_ros) by extensions ['ignore', 'ignore_ament_install']
[0.539s] Level 1:colcon.colcon_core.package_identification:_identify(src/gazebo_ros_pkgs/gazebo_ros) by extension 'ignore'
[0.539s] Level 1:colcon.colcon_core.package_identification:_identify(src/gazebo_ros_pkgs/gazebo_ros) by extension 'ignore_ament_install'
[0.539s] Level 1:colcon.colcon_core.package_identification:_identify(src/gazebo_ros_pkgs/gazebo_ros) by extensions ['colcon_pkg']
[0.539s] Level 1:colcon.colcon_core.package_identification:_identify(src/gazebo_ros_pkgs/gazebo_ros) by extension 'colcon_pkg'
[0.539s] Level 1:colcon.colcon_core.package_identification:_identify(src/gazebo_ros_pkgs/gazebo_ros) by extensions ['colcon_meta']
[0.539s] Level 1:colcon.colcon_core.package_identification:_identify(src/gazebo_ros_pkgs/gazebo_ros) by extension 'colcon_meta'
[0.539s] Level 1:colcon.colcon_core.package_identification:_identify(src/gazebo_ros_pkgs/gazebo_ros) by extensions ['ros']
[0.539s] Level 1:colcon.colcon_core.package_identification:_identify(src/gazebo_ros_pkgs/gazebo_ros) by extension 'ros'
[0.541s] DEBUG:colcon.colcon_core.package_identification:Package 'src/gazebo_ros_pkgs/gazebo_ros' with type 'ros.ament_cmake' and name 'gazebo_ros'
[0.541s] Level 1:colcon.colcon_core.package_identification:_identify(src/gazebo_ros_pkgs/gazebo_ros_pkgs) by extensions ['ignore', 'ignore_ament_install']
[0.541s] Level 1:colcon.colcon_core.package_identification:_identify(src/gazebo_ros_pkgs/gazebo_ros_pkgs) by extension 'ignore'
[0.541s] Level 1:colcon.colcon_core.package_identification:_identify(src/gazebo_ros_pkgs/gazebo_ros_pkgs) by extension 'ignore_ament_install'
[0.541s] Level 1:colcon.colcon_core.package_identification:_identify(src/gazebo_ros_pkgs/gazebo_ros_pkgs) by extensions ['colcon_pkg']
[0.541s] Level 1:colcon.colcon_core.package_identification:_identify(src/gazebo_ros_pkgs/gazebo_ros_pkgs) by extension 'colcon_pkg'
[0.541s] Level 1:colcon.colcon_core.package_identification:_identify(src/gazebo_ros_pkgs/gazebo_ros_pkgs) by extensions ['colcon_meta']
[0.541s] Level 1:colcon.colcon_core.package_identification:_identify(src/gazebo_ros_pkgs/gazebo_ros_pkgs) by extension 'colcon_meta'
[0.541s] Level 1:colcon.colcon_core.package_identification:_identify(src/gazebo_ros_pkgs/gazebo_ros_pkgs) by extensions ['ros']
[0.541s] Level 1:colcon.colcon_core.package_identification:_identify(src/gazebo_ros_pkgs/gazebo_ros_pkgs) by extension 'ros'
[0.542s] DEBUG:colcon.colcon_core.package_identification:Package 'src/gazebo_ros_pkgs/gazebo_ros_pkgs' with type 'ros.ament_cmake' and name 'gazebo_ros_pkgs'
[0.542s] Level 1:colcon.colcon_core.package_identification:_identify(src/turtle_cpp) by extensions ['ignore', 'ignore_ament_install']
[0.542s] Level 1:colcon.colcon_core.package_identification:_identify(src/turtle_cpp) by extension 'ignore'
[0.542s] Level 1:colcon.colcon_core.package_identification:_identify(src/turtle_cpp) by extension 'ignore_ament_install'
[0.542s] Level 1:colcon.colcon_core.package_identification:_identify(src/turtle_cpp) by extensions ['colcon_pkg']
[0.542s] Level 1:colcon.colcon_core.package_identification:_identify(src/turtle_cpp) by extension 'colcon_pkg'
[0.542s] Level 1:colcon.colcon_core.package_identification:_identify(src/turtle_cpp) by extensions ['colcon_meta']
[0.542s] Level 1:colcon.colcon_core.package_identification:_identify(src/turtle_cpp) by extension 'colcon_meta'
[0.542s] Level 1:colcon.colcon_core.package_identification:_identify(src/turtle_cpp) by extensions ['ros']
[0.542s] Level 1:colcon.colcon_core.package_identification:_identify(src/turtle_cpp) by extension 'ros'
[0.543s] DEBUG:colcon.colcon_core.package_identification:Package 'src/turtle_cpp' with type 'ros.ament_cmake' and name 'turtle_cpp'
[0.543s] Level 1:colcon.colcon_core.package_identification:_identify(src/turtlebot3) by extensions ['ignore', 'ignore_ament_install']
[0.543s] Level 1:colcon.colcon_core.package_identification:_identify(src/turtlebot3) by extension 'ignore'
[0.543s] Level 1:colcon.colcon_core.package_identification:_identify(src/turtlebot3) by extension 'ignore_ament_install'
[0.543s] Level 1:colcon.colcon_core.package_identification:_identify(src/turtlebot3) by extensions ['colcon_pkg']
[0.543s] Level 1:colcon.colcon_core.package_identification:_identify(src/turtlebot3) by extension 'colcon_pkg'
[0.543s] Level 1:colcon.colcon_core.package_identification:_identify(src/turtlebot3) by extensions ['colcon_meta']
[0.543s] Level 1:colcon.colcon_core.package_identification:_identify(src/turtlebot3) by extension 'colcon_meta'
[0.543s] Level 1:colcon.colcon_core.package_identification:_identify(src/turtlebot3) by extensions ['ros']
[0.543s] Level 1:colcon.colcon_core.package_identification:_identify(src/turtlebot3) by extension 'ros'
[0.544s] Level 1:colcon.colcon_core.package_identification:_identify(src/turtlebot3) by extensions ['cmake', 'python']
[0.544s] Level 1:colcon.colcon_core.package_identification:_identify(src/turtlebot3) by extension 'cmake'
[0.544s] Level 1:colcon.colcon_core.package_identification:_identify(src/turtlebot3) by extension 'python'
[0.544s] Level 1:colcon.colcon_core.package_identification:_identify(src/turtlebot3) by extensions ['python_setup_py']
[0.544s] Level 1:colcon.colcon_core.package_identification:_identify(src/turtlebot3) by extension 'python_setup_py'
[0.544s] Level 1:colcon.colcon_core.package_identification:_identify(src/turtlebot3/turtlebot3) by extensions ['ignore', 'ignore_ament_install']
[0.544s] Level 1:colcon.colcon_core.package_identification:_identify(src/turtlebot3/turtlebot3) by extension 'ignore'
[0.544s] Level 1:colcon.colcon_core.package_identification:_identify(src/turtlebot3/turtlebot3) by extension 'ignore_ament_install'
[0.544s] Level 1:colcon.colcon_core.package_identification:_identify(src/turtlebot3/turtlebot3) by extensions ['colcon_pkg']
[0.544s] Level 1:colcon.colcon_core.package_identification:_identify(src/turtlebot3/turtlebot3) by extension 'colcon_pkg'
[0.544s] Level 1:colcon.colcon_core.package_identification:_identify(src/turtlebot3/turtlebot3) by extensions ['colcon_meta']
[0.544s] Level 1:colcon.colcon_core.package_identification:_identify(src/turtlebot3/turtlebot3) by extension 'colcon_meta'
[0.544s] Level 1:colcon.colcon_core.package_identification:_identify(src/turtlebot3/turtlebot3) by extensions ['ros']
[0.544s] Level 1:colcon.colcon_core.package_identification:_identify(src/turtlebot3/turtlebot3) by extension 'ros'
[0.545s] DEBUG:colcon.colcon_core.package_identification:Package 'src/turtlebot3/turtlebot3' with type 'ros.ament_cmake' and name 'turtlebot3'
[0.545s] Level 1:colcon.colcon_core.package_identification:_identify(src/turtlebot3/turtlebot3_bringup) by extensions ['ignore', 'ignore_ament_install']
[0.545s] Level 1:colcon.colcon_core.package_identification:_identify(src/turtlebot3/turtlebot3_bringup) by extension 'ignore'
[0.545s] Level 1:colcon.colcon_core.package_identification:_identify(src/turtlebot3/turtlebot3_bringup) by extension 'ignore_ament_install'
[0.545s] Level 1:colcon.colcon_core.package_identification:_identify(src/turtlebot3/turtlebot3_bringup) by extensions ['colcon_pkg']
[0.545s] Level 1:colcon.colcon_core.package_identification:_identify(src/turtlebot3/turtlebot3_bringup) by extension 'colcon_pkg'
[0.545s] Level 1:colcon.colcon_core.package_identification:_identify(src/turtlebot3/turtlebot3_bringup) by extensions ['colcon_meta']
[0.545s] Level 1:colcon.colcon_core.package_identification:_identify(src/turtlebot3/turtlebot3_bringup) by extension 'colcon_meta'
[0.545s] Level 1:colcon.colcon_core.package_identification:_identify(src/turtlebot3/turtlebot3_bringup) by extensions ['ros']
[0.545s] Level 1:colcon.colcon_core.package_identification:_identify(src/turtlebot3/turtlebot3_bringup) by extension 'ros'
[0.546s] DEBUG:colcon.colcon_core.package_identification:Package 'src/turtlebot3/turtlebot3_bringup' with type 'ros.ament_cmake' and name 'turtlebot3_bringup'
[0.546s] Level 1:colcon.colcon_core.package_identification:_identify(src/turtlebot3/turtlebot3_cartographer) by extensions ['ignore', 'ignore_ament_install']
[0.546s] Level 1:colcon.colcon_core.package_identification:_identify(src/turtlebot3/turtlebot3_cartographer) by extension 'ignore'
[0.546s] Level 1:colcon.colcon_core.package_identification:_identify(src/turtlebot3/turtlebot3_cartographer) by extension 'ignore_ament_install'
[0.546s] Level 1:colcon.colcon_core.package_identification:_identify(src/turtlebot3/turtlebot3_cartographer) by extensions ['colcon_pkg']
[0.546s] Level 1:colcon.colcon_core.package_identification:_identify(src/turtlebot3/turtlebot3_cartographer) by extension 'colcon_pkg'
[0.546s] Level 1:colcon.colcon_core.package_identification:_identify(src/turtlebot3/turtlebot3_cartographer) by extensions ['colcon_meta']
[0.546s] Level 1:colcon.colcon_core.package_identification:_identify(src/turtlebot3/turtlebot3_cartographer) by extension 'colcon_meta'
[0.547s] Level 1:colcon.colcon_core.package_identification:_identify(src/turtlebot3/turtlebot3_cartographer) by extensions ['ros']
[0.547s] Level 1:colcon.colcon_core.package_identification:_identify(src/turtlebot3/turtlebot3_cartographer) by extension 'ros'
[0.547s] DEBUG:colcon.colcon_core.package_identification:Package 'src/turtlebot3/turtlebot3_cartographer' with type 'ros.ament_cmake' and name 'turtlebot3_cartographer'
[0.547s] Level 1:colcon.colcon_core.package_identification:_identify(src/turtlebot3/turtlebot3_description) by extensions ['ignore', 'ignore_ament_install']
[0.547s] Level 1:colcon.colcon_core.package_identification:_identify(src/turtlebot3/turtlebot3_description) by extension 'ignore'
[0.547s] Level 1:colcon.colcon_core.package_identification:_identify(src/turtlebot3/turtlebot3_description) by extension 'ignore_ament_install'
[0.547s] Level 1:colcon.colcon_core.package_identification:_identify(src/turtlebot3/turtlebot3_description) by extensions ['colcon_pkg']
[0.547s] Level 1:colcon.colcon_core.package_identification:_identify(src/turtlebot3/turtlebot3_description) by extension 'colcon_pkg'
[0.548s] Level 1:colcon.colcon_core.package_identification:_identify(src/turtlebot3/turtlebot3_description) by extensions ['colcon_meta']
[0.548s] Level 1:colcon.colcon_core.package_identification:_identify(src/turtlebot3/turtlebot3_description) by extension 'colcon_meta'
[0.548s] Level 1:colcon.colcon_core.package_identification:_identify(src/turtlebot3/turtlebot3_description) by extensions ['ros']
[0.548s] Level 1:colcon.colcon_core.package_identification:_identify(src/turtlebot3/turtlebot3_description) by extension 'ros'
[0.548s] DEBUG:colcon.colcon_core.package_identification:Package 'src/turtlebot3/turtlebot3_description' with type 'ros.ament_cmake' and name 'turtlebot3_description'
[0.548s] Level 1:colcon.colcon_core.package_identification:_identify(src/turtlebot3/turtlebot3_example) by extensions ['ignore', 'ignore_ament_install']
[0.548s] Level 1:colcon.colcon_core.package_identification:_identify(src/turtlebot3/turtlebot3_example) by extension 'ignore'
[0.549s] Level 1:colcon.colcon_core.package_identification:_identify(src/turtlebot3/turtlebot3_example) by extension 'ignore_ament_install'
[0.549s] Level 1:colcon.colcon_core.package_identification:_identify(src/turtlebot3/turtlebot3_example) by extensions ['colcon_pkg']
[0.549s] Level 1:colcon.colcon_core.package_identification:_identify(src/turtlebot3/turtlebot3_example) by extension 'colcon_pkg'
[0.549s] Level 1:colcon.colcon_core.package_identification:_identify(src/turtlebot3/turtlebot3_example) by extensions ['colcon_meta']
[0.549s] Level 1:colcon.colcon_core.package_identification:_identify(src/turtlebot3/turtlebot3_example) by extension 'colcon_meta'
[0.549s] Level 1:colcon.colcon_core.package_identification:_identify(src/turtlebot3/turtlebot3_example) by extensions ['ros']
[0.549s] Level 1:colcon.colcon_core.package_identification:_identify(src/turtlebot3/turtlebot3_example) by extension 'ros'
[0.550s] DEBUG:colcon.colcon_core.package_identification:Package 'src/turtlebot3/turtlebot3_example' with type 'ros.ament_python' and name 'turtlebot3_example'
[0.550s] Level 1:colcon.colcon_core.package_identification:_identify(src/turtlebot3/turtlebot3_navigation2) by extensions ['ignore', 'ignore_ament_install']
[0.550s] Level 1:colcon.colcon_core.package_identification:_identify(src/turtlebot3/turtlebot3_navigation2) by extension 'ignore'
[0.550s] Level 1:colcon.colcon_core.package_identification:_identify(src/turtlebot3/turtlebot3_navigation2) by extension 'ignore_ament_install'
[0.550s] Level 1:colcon.colcon_core.package_identification:_identify(src/turtlebot3/turtlebot3_navigation2) by extensions ['colcon_pkg']
[0.550s] Level 1:colcon.colcon_core.package_identification:_identify(src/turtlebot3/turtlebot3_navigation2) by extension 'colcon_pkg'
[0.550s] Level 1:colcon.colcon_core.package_identification:_identify(src/turtlebot3/turtlebot3_navigation2) by extensions ['colcon_meta']
[0.550s] Level 1:colcon.colcon_core.package_identification:_identify(src/turtlebot3/turtlebot3_navigation2) by extension 'colcon_meta'
[0.550s] Level 1:colcon.colcon_core.package_identification:_identify(src/turtlebot3/turtlebot3_navigation2) by extensions ['ros']
[0.550s] Level 1:colcon.colcon_core.package_identification:_identify(src/turtlebot3/turtlebot3_navigation2) by extension 'ros'
[0.551s] DEBUG:colcon.colcon_core.package_identification:Package 'src/turtlebot3/turtlebot3_navigation2' with type 'ros.ament_cmake' and name 'turtlebot3_navigation2'
[0.551s] Level 1:colcon.colcon_core.package_identification:_identify(src/turtlebot3/turtlebot3_node) by extensions ['ignore', 'ignore_ament_install']
[0.551s] Level 1:colcon.colcon_core.package_identification:_identify(src/turtlebot3/turtlebot3_node) by extension 'ignore'
[0.551s] Level 1:colcon.colcon_core.package_identification:_identify(src/turtlebot3/turtlebot3_node) by extension 'ignore_ament_install'
[0.551s] Level 1:colcon.colcon_core.package_identification:_identify(src/turtlebot3/turtlebot3_node) by extensions ['colcon_pkg']
[0.551s] Level 1:colcon.colcon_core.package_identification:_identify(src/turtlebot3/turtlebot3_node) by extension 'colcon_pkg'
[0.551s] Level 1:colcon.colcon_core.package_identification:_identify(src/turtlebot3/turtlebot3_node) by extensions ['colcon_meta']
[0.551s] Level 1:colcon.colcon_core.package_identification:_identify(src/turtlebot3/turtlebot3_node) by extension 'colcon_meta'
[0.551s] Level 1:colcon.colcon_core.package_identification:_identify(src/turtlebot3/turtlebot3_node) by extensions ['ros']
[0.551s] Level 1:colcon.colcon_core.package_identification:_identify(src/turtlebot3/turtlebot3_node) by extension 'ros'
[0.553s] DEBUG:colcon.colcon_core.package_identification:Package 'src/turtlebot3/turtlebot3_node' with type 'ros.ament_cmake' and name 'turtlebot3_node'
[0.553s] Level 1:colcon.colcon_core.package_identification:_identify(src/turtlebot3/turtlebot3_teleop) by extensions ['ignore', 'ignore_ament_install']
[0.553s] Level 1:colcon.colcon_core.package_identification:_identify(src/turtlebot3/turtlebot3_teleop) by extension 'ignore'
[0.553s] Level 1:colcon.colcon_core.package_identification:_identify(src/turtlebot3/turtlebot3_teleop) by extension 'ignore_ament_install'
[0.553s] Level 1:colcon.colcon_core.package_identification:_identify(src/turtlebot3/turtlebot3_teleop) by extensions ['colcon_pkg']
[0.553s] Level 1:colcon.colcon_core.package_identification:_identify(src/turtlebot3/turtlebot3_teleop) by extension 'colcon_pkg'
[0.553s] Level 1:colcon.colcon_core.package_identification:_identify(src/turtlebot3/turtlebot3_teleop) by extensions ['colcon_meta']
[0.553s] Level 1:colcon.colcon_core.package_identification:_identify(src/turtlebot3/turtlebot3_teleop) by extension 'colcon_meta'
[0.553s] Level 1:colcon.colcon_core.package_identification:_identify(src/turtlebot3/turtlebot3_teleop) by extensions ['ros']
[0.553s] Level 1:colcon.colcon_core.package_identification:_identify(src/turtlebot3/turtlebot3_teleop) by extension 'ros'
[0.554s] DEBUG:colcon.colcon_core.package_identification:Package 'src/turtlebot3/turtlebot3_teleop' with type 'ros.ament_python' and name 'turtlebot3_teleop'
[0.554s] Level 1:colcon.colcon_core.package_identification:_identify(src/turtlebot3_msgs) by extensions ['ignore', 'ignore_ament_install']
[0.554s] Level 1:colcon.colcon_core.package_identification:_identify(src/turtlebot3_msgs) by extension 'ignore'
[0.554s] Level 1:colcon.colcon_core.package_identification:_identify(src/turtlebot3_msgs) by extension 'ignore_ament_install'
[0.554s] Level 1:colcon.colcon_core.package_identification:_identify(src/turtlebot3_msgs) by extensions ['colcon_pkg']
[0.554s] Level 1:colcon.colcon_core.package_identification:_identify(src/turtlebot3_msgs) by extension 'colcon_pkg'
[0.554s] Level 1:colcon.colcon_core.package_identification:_identify(src/turtlebot3_msgs) by extensions ['colcon_meta']
[0.554s] Level 1:colcon.colcon_core.package_identification:_identify(src/turtlebot3_msgs) by extension 'colcon_meta'
[0.554s] Level 1:colcon.colcon_core.package_identification:_identify(src/turtlebot3_msgs) by extensions ['ros']
[0.554s] Level 1:colcon.colcon_core.package_identification:_identify(src/turtlebot3_msgs) by extension 'ros'
[0.555s] DEBUG:colcon.colcon_core.package_identification:Package 'src/turtlebot3_msgs' with type 'ros.ament_cmake' and name 'turtlebot3_msgs'
[0.555s] Level 1:colcon.colcon_core.package_identification:_identify(src/turtlebot3_simulations) by extensions ['ignore', 'ignore_ament_install']
[0.555s] Level 1:colcon.colcon_core.package_identification:_identify(src/turtlebot3_simulations) by extension 'ignore'
[0.555s] Level 1:colcon.colcon_core.package_identification:_identify(src/turtlebot3_simulations) by extension 'ignore_ament_install'
[0.555s] Level 1:colcon.colcon_core.package_identification:_identify(src/turtlebot3_simulations) by extensions ['colcon_pkg']
[0.555s] Level 1:colcon.colcon_core.package_identification:_identify(src/turtlebot3_simulations) by extension 'colcon_pkg'
[0.555s] Level 1:colcon.colcon_core.package_identification:_identify(src/turtlebot3_simulations) by extensions ['colcon_meta']
[0.555s] Level 1:colcon.colcon_core.package_identification:_identify(src/turtlebot3_simulations) by extension 'colcon_meta'
[0.555s] Level 1:colcon.colcon_core.package_identification:_identify(src/turtlebot3_simulations) by extensions ['ros']
[0.555s] Level 1:colcon.colcon_core.package_identification:_identify(src/turtlebot3_simulations) by extension 'ros'
[0.555s] Level 1:colcon.colcon_core.package_identification:_identify(src/turtlebot3_simulations) by extensions ['cmake', 'python']
[0.555s] Level 1:colcon.colcon_core.package_identification:_identify(src/turtlebot3_simulations) by extension 'cmake'
[0.555s] Level 1:colcon.colcon_core.package_identification:_identify(src/turtlebot3_simulations) by extension 'python'
[0.556s] Level 1:colcon.colcon_core.package_identification:_identify(src/turtlebot3_simulations) by extensions ['python_setup_py']
[0.556s] Level 1:colcon.colcon_core.package_identification:_identify(src/turtlebot3_simulations) by extension 'python_setup_py'
[0.556s] Level 1:colcon.colcon_core.package_identification:_identify(src/turtlebot3_simulations/turtlebot3_fake_node) by extensions ['ignore', 'ignore_ament_install']
[0.556s] Level 1:colcon.colcon_core.package_identification:_identify(src/turtlebot3_simulations/turtlebot3_fake_node) by extension 'ignore'
[0.556s] Level 1:colcon.colcon_core.package_identification:_identify(src/turtlebot3_simulations/turtlebot3_fake_node) by extension 'ignore_ament_install'
[0.556s] Level 1:colcon.colcon_core.package_identification:_identify(src/turtlebot3_simulations/turtlebot3_fake_node) by extensions ['colcon_pkg']
[0.556s] Level 1:colcon.colcon_core.package_identification:_identify(src/turtlebot3_simulations/turtlebot3_fake_node) by extension 'colcon_pkg'
[0.556s] Level 1:colcon.colcon_core.package_identification:_identify(src/turtlebot3_simulations/turtlebot3_fake_node) by extensions ['colcon_meta']
[0.556s] Level 1:colcon.colcon_core.package_identification:_identify(src/turtlebot3_simulations/turtlebot3_fake_node) by extension 'colcon_meta'
[0.556s] Level 1:colcon.colcon_core.package_identification:_identify(src/turtlebot3_simulations/turtlebot3_fake_node) by extensions ['ros']
[0.556s] Level 1:colcon.colcon_core.package_identification:_identify(src/turtlebot3_simulations/turtlebot3_fake_node) by extension 'ros'
[0.557s] DEBUG:colcon.colcon_core.package_identification:Package 'src/turtlebot3_simulations/turtlebot3_fake_node' with type 'ros.ament_cmake' and name 'turtlebot3_fake_node'
[0.557s] Level 1:colcon.colcon_core.package_identification:_identify(src/turtlebot3_simulations/turtlebot3_gazebo) by extensions ['ignore', 'ignore_ament_install']
[0.557s] Level 1:colcon.colcon_core.package_identification:_identify(src/turtlebot3_simulations/turtlebot3_gazebo) by extension 'ignore'
[0.557s] Level 1:colcon.colcon_core.package_identification:_identify(src/turtlebot3_simulations/turtlebot3_gazebo) by extension 'ignore_ament_install'
[0.558s] Level 1:colcon.colcon_core.package_identification:_identify(src/turtlebot3_simulations/turtlebot3_gazebo) by extensions ['colcon_pkg']
[0.558s] Level 1:colcon.colcon_core.package_identification:_identify(src/turtlebot3_simulations/turtlebot3_gazebo) by extension 'colcon_pkg'
[0.558s] Level 1:colcon.colcon_core.package_identification:_identify(src/turtlebot3_simulations/turtlebot3_gazebo) by extensions ['colcon_meta']
[0.558s] Level 1:colcon.colcon_core.package_identification:_identify(src/turtlebot3_simulations/turtlebot3_gazebo) by extension 'colcon_meta'
[0.558s] Level 1:colcon.colcon_core.package_identification:_identify(src/turtlebot3_simulations/turtlebot3_gazebo) by extensions ['ros']
[0.558s] Level 1:colcon.colcon_core.package_identification:_identify(src/turtlebot3_simulations/turtlebot3_gazebo) by extension 'ros'
[0.559s] DEBUG:colcon.colcon_core.package_identification:Package 'src/turtlebot3_simulations/turtlebot3_gazebo' with type 'ros.ament_cmake' and name 'turtlebot3_gazebo'
[0.559s] Level 1:colcon.colcon_core.package_identification:_identify(src/turtlebot3_simulations/turtlebot3_simulations) by extensions ['ignore', 'ignore_ament_install']
[0.559s] Level 1:colcon.colcon_core.package_identification:_identify(src/turtlebot3_simulations/turtlebot3_simulations) by extension 'ignore'
[0.559s] Level 1:colcon.colcon_core.package_identification:_identify(src/turtlebot3_simulations/turtlebot3_simulations) by extension 'ignore_ament_install'
[0.559s] Level 1:colcon.colcon_core.package_identification:_identify(src/turtlebot3_simulations/turtlebot3_simulations) by extensions ['colcon_pkg']
[0.559s] Level 1:colcon.colcon_core.package_identification:_identify(src/turtlebot3_simulations/turtlebot3_simulations) by extension 'colcon_pkg'
[0.559s] Level 1:colcon.colcon_core.package_identification:_identify(src/turtlebot3_simulations/turtlebot3_simulations) by extensions ['colcon_meta']
[0.559s] Level 1:colcon.colcon_core.package_identification:_identify(src/turtlebot3_simulations/turtlebot3_simulations) by extension 'colcon_meta'
[0.559s] Level 1:colcon.colcon_core.package_identification:_identify(src/turtlebot3_simulations/turtlebot3_simulations) by extensions ['ros']
[0.559s] Level 1:colcon.colcon_core.package_identification:_identify(src/turtlebot3_simulations/turtlebot3_simulations) by extension 'ros'
[0.560s] DEBUG:colcon.colcon_core.package_identification:Package 'src/turtlebot3_simulations/turtlebot3_simulations' with type 'ros.ament_cmake' and name 'turtlebot3_simulations'
[0.560s] Level 1:colcon.colcon_core.package_identification:_identify(src/vision_opencv) by extensions ['ignore', 'ignore_ament_install']
[0.560s] Level 1:colcon.colcon_core.package_identification:_identify(src/vision_opencv) by extension 'ignore'
[0.560s] Level 1:colcon.colcon_core.package_identification:_identify(src/vision_opencv) by extension 'ignore_ament_install'
[0.560s] Level 1:colcon.colcon_core.package_identification:_identify(src/vision_opencv) by extensions ['colcon_pkg']
[0.560s] Level 1:colcon.colcon_core.package_identification:_identify(src/vision_opencv) by extension 'colcon_pkg'
[0.560s] Level 1:colcon.colcon_core.package_identification:_identify(src/vision_opencv) by extensions ['colcon_meta']
[0.560s] Level 1:colcon.colcon_core.package_identification:_identify(src/vision_opencv) by extension 'colcon_meta'
[0.560s] Level 1:colcon.colcon_core.package_identification:_identify(src/vision_opencv) by extensions ['ros']
[0.560s] Level 1:colcon.colcon_core.package_identification:_identify(src/vision_opencv) by extension 'ros'
[0.561s] Level 1:colcon.colcon_core.package_identification:_identify(src/vision_opencv) by extensions ['cmake', 'python']
[0.561s] Level 1:colcon.colcon_core.package_identification:_identify(src/vision_opencv) by extension 'cmake'
[0.561s] Level 1:colcon.colcon_core.package_identification:_identify(src/vision_opencv) by extension 'python'
[0.561s] Level 1:colcon.colcon_core.package_identification:_identify(src/vision_opencv) by extensions ['python_setup_py']
[0.561s] Level 1:colcon.colcon_core.package_identification:_identify(src/vision_opencv) by extension 'python_setup_py'
[0.561s] Level 1:colcon.colcon_core.package_discovery:discover_packages(recursive) using defaults
[0.561s] Level 1:colcon.colcon_core.package_discovery:discover_packages(ignore) discover
[0.561s] Level 1:colcon.colcon_core.package_discovery:discover_packages(ignore) using defaults
[0.561s] Level 1:colcon.colcon_core.package_discovery:discover_packages(path) discover
[0.561s] Level 1:colcon.colcon_core.package_discovery:discover_packages(path) using defaults
[0.595s] INFO:colcon.colcon_core.package_selection:Skipping not selected package 'dynamixel_sdk' in 'src/DynamixelSDK/dynamixel_sdk'
[0.595s] INFO:colcon.colcon_core.package_selection:Skipping not selected package 'dynamixel_sdk_custom_interfaces' in 'src/DynamixelSDK/dynamixel_sdk_custom_interfaces'
[0.595s] INFO:colcon.colcon_core.package_selection:Skipping not selected package 'gazebo_dev' in 'src/gazebo_ros_pkgs/gazebo_dev'
[0.595s] INFO:colcon.colcon_core.package_selection:Skipping not selected package 'gazebo_msgs' in 'src/gazebo_ros_pkgs/gazebo_msgs'
[0.595s] INFO:colcon.colcon_core.package_selection:Skipping not selected package 'turtle_cpp' in 'src/turtle_cpp'
[0.595s] INFO:colcon.colcon_core.package_selection:Skipping not selected package 'turtlebot3_cartographer' in 'src/turtlebot3/turtlebot3_cartographer'
[0.595s] INFO:colcon.colcon_core.package_selection:Skipping not selected package 'turtlebot3_description' in 'src/turtlebot3/turtlebot3_description'
[0.595s] INFO:colcon.colcon_core.package_selection:Skipping not selected package 'turtlebot3_msgs' in 'src/turtlebot3_msgs'
[0.595s] INFO:colcon.colcon_core.package_selection:Skipping not selected package 'turtlebot3_navigation2' in 'src/turtlebot3/turtlebot3_navigation2'
[0.595s] INFO:colcon.colcon_core.package_selection:Skipping not selected package 'turtlebot3_teleop' in 'src/turtlebot3/turtlebot3_teleop'
[0.595s] INFO:colcon.colcon_core.package_selection:Skipping not selected package 'dynamixel_sdk_examples' in 'src/DynamixelSDK/dynamixel_sdk_examples'
[0.595s] INFO:colcon.colcon_core.package_selection:Skipping not selected package 'gazebo_ros' in 'src/gazebo_ros_pkgs/gazebo_ros'
[0.595s] INFO:colcon.colcon_core.package_selection:Skipping not selected package 'turtlebot3_example' in 'src/turtlebot3/turtlebot3_example'
[0.595s] INFO:colcon.colcon_core.package_selection:Skipping not selected package 'turtlebot3_fake_node' in 'src/turtlebot3_simulations/turtlebot3_fake_node'
[0.595s] INFO:colcon.colcon_core.package_selection:Skipping not selected package 'turtlebot3_node' in 'src/turtlebot3/turtlebot3_node'
[0.595s] INFO:colcon.colcon_core.package_selection:Skipping not selected package 'gazebo_plugins' in 'src/gazebo_ros_pkgs/gazebo_plugins'
[0.595s] INFO:colcon.colcon_core.package_selection:Skipping not selected package 'turtlebot3_bringup' in 'src/turtlebot3/turtlebot3_bringup'
[0.595s] INFO:colcon.colcon_core.package_selection:Skipping not selected package 'gazebo_ros_pkgs' in 'src/gazebo_ros_pkgs/gazebo_ros_pkgs'
[0.595s] INFO:colcon.colcon_core.package_selection:Skipping not selected package 'turtlebot3' in 'src/turtlebot3/turtlebot3'
[0.595s] INFO:colcon.colcon_core.package_selection:Skipping not selected package 'turtlebot3_simulations' in 'src/turtlebot3_simulations/turtlebot3_simulations'
[0.596s] Level 1:colcon.colcon_core.package_discovery:discover_packages(prefix_path) check parameters
[0.596s] Level 1:colcon.colcon_core.package_discovery:discover_packages(prefix_path) discover
[0.602s] DEBUG:colcon.colcon_installed_package_information.package_discovery:Found 20 installed packages in /home/iju/S08P31C208/ROS/robot_ws/install
[0.606s] DEBUG:colcon.colcon_installed_package_information.package_discovery:Found 272 installed packages in /opt/ros/dashing
[0.608s] Level 1:colcon.colcon_core.package_discovery:discover_packages(prefix_path) using defaults
[0.673s] Level 5:colcon.colcon_core.verb:set package 'turtlebot3_gazebo' build argument 'cmake_args' from command line to 'None'
[0.673s] Level 5:colcon.colcon_core.verb:set package 'turtlebot3_gazebo' build argument 'cmake_target' from command line to 'None'
[0.673s] Level 5:colcon.colcon_core.verb:set package 'turtlebot3_gazebo' build argument 'cmake_target_skip_unavailable' from command line to 'False'
[0.673s] Level 5:colcon.colcon_core.verb:set package 'turtlebot3_gazebo' build argument 'cmake_clean_cache' from command line to 'False'
[0.673s] Level 5:colcon.colcon_core.verb:set package 'turtlebot3_gazebo' build argument 'cmake_clean_first' from command line to 'False'
[0.673s] Level 5:colcon.colcon_core.verb:set package 'turtlebot3_gazebo' build argument 'cmake_force_configure' from command line to 'False'
[0.673s] Level 5:colcon.colcon_core.verb:set package 'turtlebot3_gazebo' build argument 'ament_cmake_args' from command line to 'None'
[0.673s] Level 5:colcon.colcon_core.verb:set package 'turtlebot3_gazebo' build argument 'catkin_cmake_args' from command line to 'None'
[0.673s] Level 5:colcon.colcon_core.verb:set package 'turtlebot3_gazebo' build argument 'catkin_skip_building_tests' from command line to 'False'
[0.673s] DEBUG:colcon.colcon_core.verb:Building package 'turtlebot3_gazebo' with the following arguments: {'ament_cmake_args': None, 'build_base': '/home/iju/S08P31C208/ROS/robot_ws/build/turtlebot3_gazebo', 'catkin_cmake_args': None, 'catkin_skip_building_tests': False, 'cmake_args': None, 'cmake_clean_cache': False, 'cmake_clean_first': False, 'cmake_force_configure': False, 'cmake_target': None, 'cmake_target_skip_unavailable': False, 'install_base': '/home/iju/S08P31C208/ROS/robot_ws/install/turtlebot3_gazebo', 'merge_install': False, 'path': '/home/iju/S08P31C208/ROS/robot_ws/src/turtlebot3_simulations/turtlebot3_gazebo', 'symlink_install': False, 'test_result_base': None}
[0.676s] INFO:colcon.colcon_core.executor:Executing jobs using 'parallel' executor
[0.689s] DEBUG:colcon.colcon_parallel_executor.executor.parallel:run_until_complete
[0.689s] INFO:colcon.colcon_ros.task.ament_cmake.build:Building ROS package in '/home/iju/S08P31C208/ROS/robot_ws/src/turtlebot3_simulations/turtlebot3_gazebo' with build type 'ament_cmake'
[0.689s] INFO:colcon.colcon_cmake.task.cmake.build:Building CMake package in '/home/iju/S08P31C208/ROS/robot_ws/src/turtlebot3_simulations/turtlebot3_gazebo'
[0.698s] INFO:colcon.colcon_core.plugin_system:Skipping extension 'colcon_core.shell.bat': Not used on non-Windows systems
[0.698s] INFO:colcon.colcon_core.shell:Skip shell extension 'powershell' for command environment: Not usable outside of PowerShell
[0.698s] DEBUG:colcon.colcon_core.shell:Skip shell extension 'dsv' for command environment
[0.735s] DEBUG:colcon.colcon_core.event_handler.log_command:Invoking command in '/home/iju/S08P31C208/ROS/robot_ws/build/turtlebot3_gazebo': AMENT_PREFIX_PATH=/home/iju/S08P31C208/ROS/robot_ws/install/turtlebot3_example:/home/iju/S08P31C208/ROS/robot_ws/install/turtlebot3_teleop:/home/iju/S08P31C208/ROS/robot_ws/install/turtlebot3:/home/iju/S08P31C208/ROS/robot_ws/install/turtlebot3_bringup:/home/iju/S08P31C208/ROS/robot_ws/install/turtlebot3_node:/home/iju/S08P31C208/ROS/robot_ws/install/turtlebot3_navigation2:/home/iju/S08P31C208/ROS/robot_ws/install/turtlebot3_fake_node:/home/iju/S08P31C208/ROS/robot_ws/install/turtlebot3_msgs:/home/iju/S08P31C208/ROS/robot_ws/install/turtlebot3_description:/home/iju/S08P31C208/ROS/robot_ws/install/turtlebot3_cartographer:/home/iju/S08P31C208/ROS/robot_ws/install/turtle_cpp:/home/iju/S08P31C208/ROS/robot_ws/install/gazebo_ros_pkgs:/home/iju/S08P31C208/ROS/robot_ws/install/gazebo_plugins:/home/iju/S08P31C208/ROS/robot_ws/install/gazebo_ros:/home/iju/S08P31C208/ROS/robot_ws/install/gazebo_msgs:/home/iju/S08P31C208/ROS/robot_ws/install/gazebo_dev:/home/iju/S08P31C208/ROS/robot_ws/install/dynamixel_sdk_examples:/home/iju/S08P31C208/ROS/robot_ws/install/dynamixel_sdk_custom_interfaces:/home/iju/S08P31C208/ROS/robot_ws/install/dynamixel_sdk:/opt/ros/dashing CMAKE_PREFIX_PATH=/home/iju/S08P31C208/ROS/robot_ws/install/turtlebot3:/home/iju/S08P31C208/ROS/robot_ws/install/gazebo_ros_pkgs:/home/iju/S08P31C208/ROS/robot_ws/install/turtlebot3_bringup:/home/iju/S08P31C208/ROS/robot_ws/install/gazebo_plugins:/home/iju/S08P31C208/ROS/robot_ws/install/turtlebot3_node:/home/iju/S08P31C208/ROS/robot_ws/install/gazebo_ros:/home/iju/S08P31C208/ROS/robot_ws/install/turtlebot3_navigation2:/home/iju/S08P31C208/ROS/robot_ws/install/turtlebot3_msgs:/home/iju/S08P31C208/ROS/robot_ws/install/turtlebot3_description:/home/iju/S08P31C208/ROS/robot_ws/install/turtlebot3_cartographer:/home/iju/S08P31C208/ROS/robot_ws/install/gazebo_msgs:/home/iju/S08P31C208/ROS/robot_ws/install/gazebo_dev:/home/iju/S08P31C208/ROS/robot_ws/install/dynamixel_sdk:/home/iju/S08P31C208/ROS/robot_ws/install/turtlebot3_fake_node:/home/iju/S08P31C208/ROS/robot_ws/install/turtle_cpp:/home/iju/S08P31C208/ROS/robot_ws/install/dynamixel_sdk_examples:/home/iju/S08P31C208/ROS/robot_ws/install/dynamixel_sdk_custom_interfaces:/home/iju/S08P31C208/ROS/robot_ws/install/turtlebot3_teleop:/home/iju/S08P31C208/ROS/robot_ws/install/turtlebot3_example:/opt/ros/dashing LD_LIBRARY_PATH=/home/iju/S08P31C208/ROS/robot_ws/install/gazebo_plugins/lib:/home/iju/S08P31C208/ROS/robot_ws/install/gazebo_ros/lib:/home/iju/S08P31C208/ROS/robot_ws/install/turtlebot3_msgs/lib:/home/iju/S08P31C208/ROS/robot_ws/install/gazebo_msgs/lib:/home/iju/S08P31C208/ROS/robot_ws/install/dynamixel_sdk/lib:/home/iju/S08P31C208/ROS/robot_ws/install/dynamixel_sdk_custom_interfaces/lib:/usr/lib/x86_64-linux-gnu/gazebo-9/plugins:/opt/ros/dashing/opt/yaml_cpp_vendor/lib:/opt/ros/dashing/opt/rviz_ogre_vendor/lib:/opt/ros/dashing/lib PS1=\u@\h \[\033[32m\]\w\[\033[33m\]$(parse_git_branch)\[\033[00m\] $ PYTHONPATH=/home/iju/S08P31C208/ROS/robot_ws/install/turtlebot3_example/lib/python3.6/site-packages:/home/iju/S08P31C208/ROS/robot_ws/install/gazebo_ros/lib/python3.6/site-packages:/home/iju/S08P31C208/ROS/robot_ws/install/turtlebot3_teleop/lib/python3.6/site-packages:/home/iju/S08P31C208/ROS/robot_ws/install/turtlebot3_msgs/lib/python3.6/site-packages:/home/iju/S08P31C208/ROS/robot_ws/install/gazebo_msgs/lib/python3.6/site-packages:/home/iju/S08P31C208/ROS/robot_ws/build/turtlebot3_teleop:/home/iju/S08P31C208/ROS/robot_ws/build/turtlebot3_example:/home/iju/S08P31C208/ROS/robot_ws/install/dynamixel_sdk_custom_interfaces/lib/python3.6/site-packages:/opt/ros/dashing/lib/python3.6/site-packages /usr/bin/cmake --build /home/iju/S08P31C208/ROS/robot_ws/build/turtlebot3_gazebo -- -j6 -l6
[0.939s] DEBUG:colcon.colcon_core.event_handler.log_command:Invoked command in '/home/iju/S08P31C208/ROS/robot_ws/build/turtlebot3_gazebo' returned '2': AMENT_PREFIX_PATH=/home/iju/S08P31C208/ROS/robot_ws/install/turtlebot3_example:/home/iju/S08P31C208/ROS/robot_ws/install/turtlebot3_teleop:/home/iju/S08P31C208/ROS/robot_ws/install/turtlebot3:/home/iju/S08P31C208/ROS/robot_ws/install/turtlebot3_bringup:/home/iju/S08P31C208/ROS/robot_ws/install/turtlebot3_node:/home/iju/S08P31C208/ROS/robot_ws/install/turtlebot3_navigation2:/home/iju/S08P31C208/ROS/robot_ws/install/turtlebot3_fake_node:/home/iju/S08P31C208/ROS/robot_ws/install/turtlebot3_msgs:/home/iju/S08P31C208/ROS/robot_ws/install/turtlebot3_description:/home/iju/S08P31C208/ROS/robot_ws/install/turtlebot3_cartographer:/home/iju/S08P31C208/ROS/robot_ws/install/turtle_cpp:/home/iju/S08P31C208/ROS/robot_ws/install/gazebo_ros_pkgs:/home/iju/S08P31C208/ROS/robot_ws/install/gazebo_plugins:/home/iju/S08P31C208/ROS/robot_ws/install/gazebo_ros:/home/iju/S08P31C208/ROS/robot_ws/install/gazebo_msgs:/home/iju/S08P31C208/ROS/robot_ws/install/gazebo_dev:/home/iju/S08P31C208/ROS/robot_ws/install/dynamixel_sdk_examples:/home/iju/S08P31C208/ROS/robot_ws/install/dynamixel_sdk_custom_interfaces:/home/iju/S08P31C208/ROS/robot_ws/install/dynamixel_sdk:/opt/ros/dashing CMAKE_PREFIX_PATH=/home/iju/S08P31C208/ROS/robot_ws/install/turtlebot3:/home/iju/S08P31C208/ROS/robot_ws/install/gazebo_ros_pkgs:/home/iju/S08P31C208/ROS/robot_ws/install/turtlebot3_bringup:/home/iju/S08P31C208/ROS/robot_ws/install/gazebo_plugins:/home/iju/S08P31C208/ROS/robot_ws/install/turtlebot3_node:/home/iju/S08P31C208/ROS/robot_ws/install/gazebo_ros:/home/iju/S08P31C208/ROS/robot_ws/install/turtlebot3_navigation2:/home/iju/S08P31C208/ROS/robot_ws/install/turtlebot3_msgs:/home/iju/S08P31C208/ROS/robot_ws/install/turtlebot3_description:/home/iju/S08P31C208/ROS/robot_ws/install/turtlebot3_cartographer:/home/iju/S08P31C208/ROS/robot_ws/install/gazebo_msgs:/home/iju/S08P31C208/ROS/robot_ws/install/gazebo_dev:/home/iju/S08P31C208/ROS/robot_ws/install/dynamixel_sdk:/home/iju/S08P31C208/ROS/robot_ws/install/turtlebot3_fake_node:/home/iju/S08P31C208/ROS/robot_ws/install/turtle_cpp:/home/iju/S08P31C208/ROS/robot_ws/install/dynamixel_sdk_examples:/home/iju/S08P31C208/ROS/robot_ws/install/dynamixel_sdk_custom_interfaces:/home/iju/S08P31C208/ROS/robot_ws/install/turtlebot3_teleop:/home/iju/S08P31C208/ROS/robot_ws/install/turtlebot3_example:/opt/ros/dashing LD_LIBRARY_PATH=/home/iju/S08P31C208/ROS/robot_ws/install/gazebo_plugins/lib:/home/iju/S08P31C208/ROS/robot_ws/install/gazebo_ros/lib:/home/iju/S08P31C208/ROS/robot_ws/install/turtlebot3_msgs/lib:/home/iju/S08P31C208/ROS/robot_ws/install/gazebo_msgs/lib:/home/iju/S08P31C208/ROS/robot_ws/install/dynamixel_sdk/lib:/home/iju/S08P31C208/ROS/robot_ws/install/dynamixel_sdk_custom_interfaces/lib:/usr/lib/x86_64-linux-gnu/gazebo-9/plugins:/opt/ros/dashing/opt/yaml_cpp_vendor/lib:/opt/ros/dashing/opt/rviz_ogre_vendor/lib:/opt/ros/dashing/lib PS1=\u@\h \[\033[32m\]\w\[\033[33m\]$(parse_git_branch)\[\033[00m\] $ PYTHONPATH=/home/iju/S08P31C208/ROS/robot_ws/install/turtlebot3_example/lib/python3.6/site-packages:/home/iju/S08P31C208/ROS/robot_ws/install/gazebo_ros/lib/python3.6/site-packages:/home/iju/S08P31C208/ROS/robot_ws/install/turtlebot3_teleop/lib/python3.6/site-packages:/home/iju/S08P31C208/ROS/robot_ws/install/turtlebot3_msgs/lib/python3.6/site-packages:/home/iju/S08P31C208/ROS/robot_ws/install/gazebo_msgs/lib/python3.6/site-packages:/home/iju/S08P31C208/ROS/robot_ws/build/turtlebot3_teleop:/home/iju/S08P31C208/ROS/robot_ws/build/turtlebot3_example:/home/iju/S08P31C208/ROS/robot_ws/install/dynamixel_sdk_custom_interfaces/lib/python3.6/site-packages:/opt/ros/dashing/lib/python3.6/site-packages /usr/bin/cmake --build /home/iju/S08P31C208/ROS/robot_ws/build/turtlebot3_gazebo -- -j6 -l6
[0.984s] Level 1:colcon.colcon_core.environment:create_environment_scripts_only(turtlebot3_gazebo)
[0.995s] Level 1:colcon.colcon_core.environment:checking '/home/iju/S08P31C208/ROS/robot_ws/install/turtlebot3_gazebo' for CMake module files
[0.995s] Level 1:colcon.colcon_core.environment:checking '/home/iju/S08P31C208/ROS/robot_ws/install/turtlebot3_gazebo' for CMake config files
[0.996s] Level 1:colcon.colcon_core.environment:checking '/home/iju/S08P31C208/ROS/robot_ws/install/turtlebot3_gazebo/bin'
[0.996s] Level 1:colcon.colcon_core.environment:checking '/home/iju/S08P31C208/ROS/robot_ws/install/turtlebot3_gazebo/lib/pkgconfig/turtlebot3_gazebo.pc'
[0.997s] Level 1:colcon.colcon_core.environment:checking '/home/iju/S08P31C208/ROS/robot_ws/install/turtlebot3_gazebo/lib/python3.6/site-packages'
[0.997s] Level 1:colcon.colcon_core.environment:checking '/home/iju/S08P31C208/ROS/robot_ws/install/turtlebot3_gazebo/bin'
[1.018s] INFO:colcon.colcon_core.shell:Creating package script '/home/iju/S08P31C208/ROS/robot_ws/install/turtlebot3_gazebo/share/turtlebot3_gazebo/package.ps1'
[1.019s] INFO:colcon.colcon_core.shell:Creating package descriptor '/home/iju/S08P31C208/ROS/robot_ws/install/turtlebot3_gazebo/share/turtlebot3_gazebo/package.dsv'
[1.020s] INFO:colcon.colcon_core.shell:Creating package script '/home/iju/S08P31C208/ROS/robot_ws/install/turtlebot3_gazebo/share/turtlebot3_gazebo/package.sh'
[1.021s] INFO:colcon.colcon_core.shell:Creating package script '/home/iju/S08P31C208/ROS/robot_ws/install/turtlebot3_gazebo/share/turtlebot3_gazebo/package.bash'
[1.022s] INFO:colcon.colcon_core.shell:Creating package script '/home/iju/S08P31C208/ROS/robot_ws/install/turtlebot3_gazebo/share/turtlebot3_gazebo/package.zsh'
[1.022s] Level 1:colcon.colcon_core.environment:create_file_with_runtime_dependencies(/home/iju/S08P31C208/ROS/robot_ws/install/turtlebot3_gazebo/share/colcon-core/packages/turtlebot3_gazebo)
[1.034s] DEBUG:colcon.colcon_parallel_executor.executor.parallel:closing loop
[1.034s] DEBUG:colcon.colcon_parallel_executor.executor.parallel:loop closed
[1.034s] DEBUG:colcon.colcon_parallel_executor.executor.parallel:run_until_complete finished with '2'
[1.034s] DEBUG:colcon.colcon_core.event_reactor:joining thread
[1.041s] INFO:colcon.colcon_core.plugin_system:Skipping extension 'colcon_notification.desktop_notification.terminal_notifier': Not used on non-Darwin systems
[1.041s] INFO:colcon.colcon_core.plugin_system:Skipping extension 'colcon_notification.desktop_notification.win32': Not used on non-Windows systems
[1.041s] INFO:colcon.colcon_notification.desktop_notification:Sending desktop notification using 'notify2'
[1.044s] DEBUG:colcon.colcon_core.event_reactor:joined thread
[1.050s] INFO:colcon.colcon_core.shell:Creating prefix script '/home/iju/S08P31C208/ROS/robot_ws/install/local_setup.ps1'
[1.052s] INFO:colcon.colcon_core.shell:Creating prefix util module '/home/iju/S08P31C208/ROS/robot_ws/install/_local_setup_util_ps1.py'
[1.053s] INFO:colcon.colcon_core.shell:Creating prefix chain script '/home/iju/S08P31C208/ROS/robot_ws/install/setup.ps1'
[1.057s] INFO:colcon.colcon_core.shell:Creating prefix script '/home/iju/S08P31C208/ROS/robot_ws/install/local_setup.sh'
[1.057s] INFO:colcon.colcon_core.shell:Creating prefix util module '/home/iju/S08P31C208/ROS/robot_ws/install/_local_setup_util_sh.py'
[1.058s] INFO:colcon.colcon_core.shell:Creating prefix chain script '/home/iju/S08P31C208/ROS/robot_ws/install/setup.sh'
[1.061s] INFO:colcon.colcon_core.shell:Creating prefix script '/home/iju/S08P31C208/ROS/robot_ws/install/local_setup.bash'
[1.062s] INFO:colcon.colcon_core.shell:Creating prefix chain script '/home/iju/S08P31C208/ROS/robot_ws/install/setup.bash'
[1.065s] INFO:colcon.colcon_core.shell:Creating prefix script '/home/iju/S08P31C208/ROS/robot_ws/install/local_setup.zsh'
[1.065s] INFO:colcon.colcon_core.shell:Creating prefix chain script '/home/iju/S08P31C208/ROS/robot_ws/install/setup.zsh'
