Determining if the pthread_create exist failed with the following output:
Change Dir: /home/moon/S08P31C208/ROS/buruemi_ws/build/cartographer_ros/CMakeFiles/CMakeTmp

Run Build Command:"/usr/bin/make" "cmTC_b8a0f/fast"
/usr/bin/make -f CMakeFiles/cmTC_b8a0f.dir/build.make CMakeFiles/cmTC_b8a0f.dir/build
make[1]: Entering directory '/home/moon/S08P31C208/ROS/buruemi_ws/build/cartographer_ros/CMakeFiles/CMakeTmp'
Building C object CMakeFiles/cmTC_b8a0f.dir/CheckSymbolExists.c.o
/usr/bin/cc    -o CMakeFiles/cmTC_b8a0f.dir/CheckSymbolExists.c.o   -c /home/moon/S08P31C208/ROS/buruemi_ws/build/cartographer_ros/CMakeFiles/CMakeTmp/CheckSymbolExists.c
Linking C executable cmTC_b8a0f
/usr/bin/cmake -E cmake_link_script CMakeFiles/cmTC_b8a0f.dir/link.txt --verbose=1
/usr/bin/cc      CMakeFiles/cmTC_b8a0f.dir/CheckSymbolExists.c.o  -o cmTC_b8a0f 
CMakeFiles/cmTC_b8a0f.dir/CheckSymbolExists.c.o: In function `main':
CheckSymbolExists.c:(.text+0x14): undefined reference to `pthread_create'
CheckSymbolExists.c:(.text+0x18): undefined reference to `pthread_create'
collect2: error: ld returned 1 exit status
CMakeFiles/cmTC_b8a0f.dir/build.make:97: recipe for target 'cmTC_b8a0f' failed
make[1]: *** [cmTC_b8a0f] Error 1
make[1]: Leaving directory '/home/moon/S08P31C208/ROS/buruemi_ws/build/cartographer_ros/CMakeFiles/CMakeTmp'
Makefile:126: recipe for target 'cmTC_b8a0f/fast' failed
make: *** [cmTC_b8a0f/fast] Error 2

File /home/moon/S08P31C208/ROS/buruemi_ws/build/cartographer_ros/CMakeFiles/CMakeTmp/CheckSymbolExists.c:
/* */
#include <pthread.h>

int main(int argc, char** argv)
{
  (void)argv;
#ifndef pthread_create
  return ((int*)(&pthread_create))[argc];
#else
  (void)argc;
  return 0;
#endif
}

Determining if the function pthread_create exists in the pthreads failed with the following output:
Change Dir: /home/moon/S08P31C208/ROS/buruemi_ws/build/cartographer_ros/CMakeFiles/CMakeTmp

Run Build Command:"/usr/bin/make" "cmTC_fd9dc/fast"
/usr/bin/make -f CMakeFiles/cmTC_fd9dc.dir/build.make CMakeFiles/cmTC_fd9dc.dir/build
make[1]: Entering directory '/home/moon/S08P31C208/ROS/buruemi_ws/build/cartographer_ros/CMakeFiles/CMakeTmp'
Building C object CMakeFiles/cmTC_fd9dc.dir/CheckFunctionExists.c.o
/usr/bin/cc   -DCHECK_FUNCTION_EXISTS=pthread_create   -o CMakeFiles/cmTC_fd9dc.dir/CheckFunctionExists.c.o   -c /usr/share/cmake-3.10/Modules/CheckFunctionExists.c
Linking C executable cmTC_fd9dc
/usr/bin/cmake -E cmake_link_script CMakeFiles/cmTC_fd9dc.dir/link.txt --verbose=1
/usr/bin/cc  -DCHECK_FUNCTION_EXISTS=pthread_create    CMakeFiles/cmTC_fd9dc.dir/CheckFunctionExists.c.o  -o cmTC_fd9dc -lpthreads 
/usr/bin/ld: cannot find -lpthreads
collect2: error: ld returned 1 exit status
CMakeFiles/cmTC_fd9dc.dir/build.make:97: recipe for target 'cmTC_fd9dc' failed
make[1]: *** [cmTC_fd9dc] Error 1
make[1]: Leaving directory '/home/moon/S08P31C208/ROS/buruemi_ws/build/cartographer_ros/CMakeFiles/CMakeTmp'
Makefile:126: recipe for target 'cmTC_fd9dc/fast' failed
make: *** [cmTC_fd9dc/fast] Error 2


