/home/iju/.local/lib/python3.6/site-packages/setuptools/dist.py:726: UserWarning: Usage of dash-separated 'script-dir' will not be supported in future versions. Please use the underscore name 'script_dir' instead
  % (opt, underscore_opt)
running develop
/home/iju/.local/lib/python3.6/site-packages/setuptools/command/easy_install.py:159: EasyInstallDeprecationWarning: easy_install command is deprecated. Use build and pip and other standards-based tools.
  EasyInstallDeprecationWarning,
/home/iju/.local/lib/python3.6/site-packages/setuptools/command/install.py:37: SetuptoolsDeprecationWarning: setup.py install is deprecated. Use build and pip and other standards-based tools.
  setuptools.SetuptoolsDeprecationWarning,
/home/iju/.local/lib/python3.6/site-packages/pkg_resources/__init__.py:119: PkgResourcesDeprecationWarning: 0.18ubuntu0.18.04.1 is an invalid version and will not be supported in a future release
  PkgResourcesDeprecationWarning,
/home/iju/.local/lib/python3.6/site-packages/setuptools/dist.py:726: UserWarning: Usage of dash-separated 'script-dir' will not be supported in future versions. Please use the underscore name 'script_dir' instead
  % (opt, underscore_opt)
running egg_info
writing ../../../build/turtlebot3_example/turtlebot3_example.egg-info/PKG-INFO
writing dependency_links to ../../../build/turtlebot3_example/turtlebot3_example.egg-info/dependency_links.txt
writing entry points to ../../../build/turtlebot3_example/turtlebot3_example.egg-info/entry_points.txt
writing requirements to ../../../build/turtlebot3_example/turtlebot3_example.egg-info/requires.txt
writing top-level names to ../../../build/turtlebot3_example/turtlebot3_example.egg-info/top_level.txt
reading manifest file '../../../build/turtlebot3_example/turtlebot3_example.egg-info/SOURCES.txt'
writing manifest file '../../../build/turtlebot3_example/turtlebot3_example.egg-info/SOURCES.txt'
running build
running build_py
running install
/home/iju/.local/lib/python3.6/site-packages/setuptools/command/install.py:37: SetuptoolsDeprecationWarning: setup.py install is deprecated. Use build and pip and other standards-based tools.
  setuptools.SetuptoolsDeprecationWarning,
running install_lib
running install_data
running install_egg_info
removing '/home/iju/S08P31C208/ROS/robot_ws/install/turtlebot3_example/lib/python3.6/site-packages/turtlebot3_example-2.1.4-py3.6.egg-info' (and everything under it)
Copying ../../../build/turtlebot3_example/turtlebot3_example.egg-info to /home/iju/S08P31C208/ROS/robot_ws/install/turtlebot3_example/lib/python3.6/site-packages/turtlebot3_example-2.1.4-py3.6.egg-info
running install_scripts
Installing turtlebot3_obstacle_detection script to /home/iju/S08P31C208/ROS/robot_ws/install/turtlebot3_example/lib/turtlebot3_example
Installing turtlebot3_patrol_client script to /home/iju/S08P31C208/ROS/robot_ws/install/turtlebot3_example/lib/turtlebot3_example
Installing turtlebot3_patrol_server script to /home/iju/S08P31C208/ROS/robot_ws/install/turtlebot3_example/lib/turtlebot3_example
Installing turtlebot3_position_control script to /home/iju/S08P31C208/ROS/robot_ws/install/turtlebot3_example/lib/turtlebot3_example
writing list of installed files to '/home/iju/S08P31C208/ROS/robot_ws/build/turtlebot3_example/install.log'
