[ 60%] Built target dwb_controller_core
[100%] Built target dwb_controller
[ 60%] Built target dwb_controller_core
[100%] Built target dwb_controller
[36mInstall the project...[0m
-- Install configuration: "Release"
-- Execute custom install script
-- Up-to-date symlink: /home/iju/S08P31C208/ROS/robot_ws/install/dwb_controller/lib/dwb_controller/dwb_controller
-- Up-to-date symlink: /home/iju/S08P31C208/ROS/robot_ws/install/dwb_controller/lib/libdwb_controller_core.a
-- Up-to-date symlink: /home/iju/S08P31C208/ROS/robot_ws/install/dwb_controller/include//dwb_controller/dwb_controller.hpp
-- Up-to-date symlink: /home/iju/S08P31C208/ROS/robot_ws/install/dwb_controller/include//dwb_controller/progress_checker.hpp
-- Up-to-date symlink: /home/iju/S08P31C208/ROS/robot_ws/install/dwb_controller/share/dwb_controller/environment/library_path.sh
-- Up-to-date symlink: /home/iju/S08P31C208/ROS/robot_ws/install/dwb_controller/share/ament_index/resource_index/package_run_dependencies/dwb_controller
-- Up-to-date symlink: /home/iju/S08P31C208/ROS/robot_ws/install/dwb_controller/share/ament_index/resource_index/parent_prefix_path/dwb_controller
-- Up-to-date symlink: /home/iju/S08P31C208/ROS/robot_ws/install/dwb_controller/share/dwb_controller/environment/ament_prefix_path.sh
-- Up-to-date symlink: /home/iju/S08P31C208/ROS/robot_ws/install/dwb_controller/share/dwb_controller/environment/path.sh
-- Up-to-date symlink: /home/iju/S08P31C208/ROS/robot_ws/install/dwb_controller/share/dwb_controller/local_setup.bash
-- Up-to-date symlink: /home/iju/S08P31C208/ROS/robot_ws/install/dwb_controller/share/dwb_controller/local_setup.sh
-- Up-to-date symlink: /home/iju/S08P31C208/ROS/robot_ws/install/dwb_controller/share/dwb_controller/local_setup.zsh
-- Up-to-date symlink: /home/iju/S08P31C208/ROS/robot_ws/install/dwb_controller/share/ament_index/resource_index/packages/dwb_controller
-- Up-to-date symlink: /home/iju/S08P31C208/ROS/robot_ws/install/dwb_controller/share/dwb_controller/cmake/ament_cmake_export_include_directories-extras.cmake
-- Up-to-date symlink: /home/iju/S08P31C208/ROS/robot_ws/install/dwb_controller/share/dwb_controller/cmake/ament_cmake_export_libraries-extras.cmake
-- Up-to-date symlink: /home/iju/S08P31C208/ROS/robot_ws/install/dwb_controller/share/dwb_controller/cmake/dwb_controllerConfig.cmake
-- Up-to-date symlink: /home/iju/S08P31C208/ROS/robot_ws/install/dwb_controller/share/dwb_controller/cmake/dwb_controllerConfig-version.cmake
-- Up-to-date symlink: /home/iju/S08P31C208/ROS/robot_ws/install/dwb_controller/share/dwb_controller/package.xml
