[0.033s] Invoking command in '/home/iju/S08P31C208/ROS/robot_ws/build/turtle_cpp': CMAKE_PREFIX_PATH=${CMAKE_PREFIX_PATH}:/home/iju/S08P31C208/ROS/robot_ws/install/turtlebot3_teleop:/home/iju/S08P31C208/ROS/robot_ws/install/turtlebot3_example:/opt/ros/dashing PS1=\u@\h \[\033[32m\]\w\[\033[33m\]$(parse_git_branch)\[\033[00m\] $ /usr/bin/cmake --build /home/iju/S08P31C208/ROS/robot_ws/build/turtle_cpp -- -j6 -l6
[0.076s] -- Found ament_cmake: 0.7.6 (/opt/ros/dashing/share/ament_cmake/cmake)
[0.118s] -- Using PYTHON_EXECUTABLE: /usr/bin/python3
[0.377s] -- Override CMake install command with custom implementation using symlinks instead of copying resources
[0.388s] -- Found std_msgs: 0.7.1 (/opt/ros/dashing/share/std_msgs/cmake)
[0.401s] -- Found rosidl_adapter: 0.7.10 (/opt/ros/dashing/share/rosidl_adapter/cmake)
[0.452s] -- Found PkgConfig: /usr/bin/pkg-config (found version "0.29.1") 
[0.456s] -- Checking for module 'bullet>=2.82'
[0.475s] --   Found bullet, version 2.87
[0.523s] -- Found Simbody: /usr/include/simbody  
[0.639s] -- Boost version: 1.65.1
[0.639s] -- Found the following Boost libraries:
[0.639s] --   thread
[0.639s] --   system
[0.639s] --   filesystem
[0.639s] --   program_options
[0.639s] --   regex
[0.639s] --   iostreams
[0.640s] --   date_time
[0.640s] --   chrono
[0.640s] --   atomic
[0.668s] -- Found Protobuf: /usr/lib/x86_64-linux-gnu/libprotobuf.so;-lpthread (found version "3.0.0") 
[0.706s] -- Boost version: 1.65.1
[0.710s] -- Looking for OGRE...
[0.710s] -- OGRE_PREFIX_WATCH changed.
[0.717s] -- Checking for module 'OGRE'
[0.734s] --   Found OGRE, version 1.9.0
[0.779s] -- Found Ogre Ghadamon (1.9.0)
[0.793s] -- Found OGRE: optimized;/usr/lib/x86_64-linux-gnu/libOgreMain.so;debug;/usr/lib/x86_64-linux-gnu/libOgreMain.so
[0.853s] -- Looking for OGRE_Paging...
[0.866s] -- Found OGRE_Paging: optimized;/usr/lib/x86_64-linux-gnu/libOgrePaging.so;debug;/usr/lib/x86_64-linux-gnu/libOgrePaging.so
[0.866s] -- Looking for OGRE_Terrain...
[0.873s] -- Found OGRE_Terrain: optimized;/usr/lib/x86_64-linux-gnu/libOgreTerrain.so;debug;/usr/lib/x86_64-linux-gnu/libOgreTerrain.so
[0.873s] -- Looking for OGRE_Property...
[0.880s] -- Found OGRE_Property: optimized;/usr/lib/x86_64-linux-gnu/libOgreProperty.so;debug;/usr/lib/x86_64-linux-gnu/libOgreProperty.so
[0.881s] -- Looking for OGRE_RTShaderSystem...
[0.893s] -- Found OGRE_RTShaderSystem: optimized;/usr/lib/x86_64-linux-gnu/libOgreRTShaderSystem.so;debug;/usr/lib/x86_64-linux-gnu/libOgreRTShaderSystem.so
[0.893s] -- Looking for OGRE_Volume...
[0.905s] -- Found OGRE_Volume: optimized;/usr/lib/x86_64-linux-gnu/libOgreVolume.so;debug;/usr/lib/x86_64-linux-gnu/libOgreVolume.so
[0.905s] -- Looking for OGRE_Overlay...
[0.913s] -- Found OGRE_Overlay: optimized;/usr/lib/x86_64-linux-gnu/libOgreOverlay.so;debug;/usr/lib/x86_64-linux-gnu/libOgreOverlay.so
[1.140s] -- Found Protobuf: /usr/lib/x86_64-linux-gnu/libprotobuf.so;-lpthread;-lpthread (found suitable version "3.0.0", minimum required is "2.3.0") 
[1.153s] -- Config-file not installed for ZeroMQ -- checking for pkg-config
[1.159s] -- Checking for module 'libzmq >= 4'
[1.180s] --   Found libzmq , version 4.2.5
[1.231s] -- Found ZeroMQ: TRUE (Required is at least version "4") 
[1.238s] -- Checking for module 'uuid'
[1.256s] --   Found uuid, version 2.31.1
[1.304s] -- Found UUID: TRUE  
[1.328s] -- Checking for module 'tinyxml2'
[1.343s] --   Found tinyxml2, version 6.0.0
[1.399s] -- Looking for dlfcn.h - found
[1.400s] -- Looking for libdl - found
[1.402s] -- Found DL: TRUE  
[1.403s] -- FreeImage.pc not found, we will search for FreeImage_INCLUDE_DIRS and FreeImage_LIBRARIES
[1.578s] -- Checking for module 'gts'
[1.599s] --   Found gts, version 0.7.6
[1.660s] -- Found GTS: TRUE  
[1.668s] -- Checking for module 'libswscale'
[1.683s] --   Found libswscale, version 4.8.100
[1.731s] -- Found SWSCALE: TRUE  
[1.738s] -- Checking for module 'libavdevice >= 56.4.100'
[1.758s] --   Found libavdevice , version 57.10.100
[1.816s] -- Found AVDEVICE: TRUE (Required is at least version "56.4.100") 
[1.822s] -- Checking for module 'libavformat'
[1.837s] --   Found libavformat, version 57.83.100
[1.897s] -- Found AVFORMAT: TRUE  
[1.904s] -- Checking for module 'libavcodec'
[1.921s] --   Found libavcodec, version 57.107.100
[1.973s] -- Found AVCODEC: TRUE  
[1.979s] -- Checking for module 'libavutil'
[1.998s] --   Found libavutil, version 55.78.100
[2.052s] -- Found AVUTIL: TRUE  
[2.064s] -- Found CURL: /usr/lib/x86_64-linux-gnu/libcurl.so (found version "7.58.0") 
[2.077s] -- Checking for module 'jsoncpp'
[2.096s] --   Found jsoncpp, version 1.7.4
[2.149s] -- Found JSONCPP: TRUE  
[2.160s] -- Checking for module 'libzip'
[2.179s] --   Found libzip, version 1.1.2
[2.229s] -- Found ZIP: TRUE  
[2.231s] -- Found gazebo_ros_pkgs: 3.3.5 (/home/iju/S08P31C208/ROS/robot_ws/install/gazebo_ros_pkgs/share/gazebo_ros_pkgs/cmake)
[2.231s] -- Found geometry_msgs: 0.7.1 (/opt/ros/dashing/share/geometry_msgs/cmake)
[2.247s] -- Found nav_msgs: 0.7.1 (/opt/ros/dashing/share/nav_msgs/cmake)
[2.262s] -- Found rclcpp: 0.7.16 (/opt/ros/dashing/share/rclcpp/cmake)
[2.272s] -- Found rmw_implementation_cmake: 0.7.2 (/opt/ros/dashing/share/rmw_implementation_cmake/cmake)
[2.275s] -- Using RMW implementation 'rmw_fastrtps_cpp' as default
[2.304s] -- Found sensor_msgs: 0.7.1 (/opt/ros/dashing/share/sensor_msgs/cmake)
[2.321s] -- Found tf2: 0.11.6 (/opt/ros/dashing/share/tf2/cmake)
[2.330s] -- Found turtlebot3: 2.1.4 (/home/iju/S08P31C208/ROS/robot_ws/install/turtlebot3/share/turtlebot3/cmake)
[2.532s] CMake Error at /opt/ros/dashing/share/ament_cmake_core/cmake/core/ament_package_xml.cmake:53 (message):
[2.532s]   ament_package_xml() package name 'turtle_cpp' in '/package.xml' does not
[2.532s]   match current PROJECT_NAME 'turtlebot3_gazebo'.  You must call project()
[2.532s]   with the same package name before.
[2.532s] Call Stack (most recent call first):
[2.532s]   /opt/ros/dashing/share/ament_cmake_core/cmake/core/ament_package.cmake:63 (ament_package_xml)
[2.532s]   CMakeLists.txt:99 (ament_package)
[2.532s] 
[2.532s] 
[2.533s] -- Configuring incomplete, errors occurred!
[2.533s] See also "/home/iju/S08P31C208/ROS/robot_ws/build/turtle_cpp/CMakeFiles/CMakeOutput.log".
[2.534s] See also "/home/iju/S08P31C208/ROS/robot_ws/build/turtle_cpp/CMakeFiles/CMakeError.log".
[2.539s] make: *** [cmake_check_build_system] Error 1
[2.540s] Makefile:340: recipe for target 'cmake_check_build_system' failed
[2.541s] Invoked command in '/home/iju/S08P31C208/ROS/robot_ws/build/turtle_cpp' returned '2': CMAKE_PREFIX_PATH=${CMAKE_PREFIX_PATH}:/home/iju/S08P31C208/ROS/robot_ws/install/turtlebot3_teleop:/home/iju/S08P31C208/ROS/robot_ws/install/turtlebot3_example:/opt/ros/dashing PS1=\u@\h \[\033[32m\]\w\[\033[33m\]$(parse_git_branch)\[\033[00m\] $ /usr/bin/cmake --build /home/iju/S08P31C208/ROS/robot_ws/build/turtle_cpp -- -j6 -l6
