[0.433s] Invoking command in '/home/moon/S08P31C208/ROS/buruemi_ws/build/turtlebot3_description': CMAKE_PREFIX_PATH=${CMAKE_PREFIX_PATH}:/home/moon/S08P31C208/ROS/buruemi_ws/install/lidar_filter:/home/moon/S08P31C208/ROS/buruemi_ws/install/turtlebot3_teleop:/home/moon/S08P31C208/ROS/buruemi_ws/install/turtlebot3_example:/opt/ros/dashing /usr/bin/cmake --build /home/moon/S08P31C208/ROS/buruemi_ws/build/turtlebot3_description -- -j4 -l4
[2.654s] Invoked command in '/home/moon/S08P31C208/ROS/buruemi_ws/build/turtlebot3_description' returned '0': CMAKE_PREFIX_PATH=${CMAKE_PREFIX_PATH}:/home/moon/S08P31C208/ROS/buruemi_ws/install/lidar_filter:/home/moon/S08P31C208/ROS/buruemi_ws/install/turtlebot3_teleop:/home/moon/S08P31C208/ROS/buruemi_ws/install/turtlebot3_example:/opt/ros/dashing /usr/bin/cmake --build /home/moon/S08P31C208/ROS/buruemi_ws/build/turtlebot3_description -- -j4 -l4
[2.986s] Invoking command in '/home/moon/S08P31C208/ROS/buruemi_ws/build/turtlebot3_description': CMAKE_PREFIX_PATH=${CMAKE_PREFIX_PATH}:/home/moon/S08P31C208/ROS/buruemi_ws/install/lidar_filter:/home/moon/S08P31C208/ROS/buruemi_ws/install/turtlebot3_teleop:/home/moon/S08P31C208/ROS/buruemi_ws/install/turtlebot3_example:/opt/ros/dashing /usr/bin/cmake --build /home/moon/S08P31C208/ROS/buruemi_ws/build/turtlebot3_description --target install -- -j4 -l4
[3.403s] [36mInstall the project...[0m
[3.509s] -- Install configuration: ""
[3.512s] -- Execute custom install script
[3.520s] -- Up-to-date symlink: /home/moon/S08P31C208/ROS/buruemi_ws/install/turtlebot3_description/share/turtlebot3_description/meshes/bases/burger_base.stl
[3.526s] -- Up-to-date symlink: /home/moon/S08P31C208/ROS/buruemi_ws/install/turtlebot3_description/share/turtlebot3_description/meshes/bases/waffle_base.stl
[3.531s] -- Up-to-date symlink: /home/moon/S08P31C208/ROS/buruemi_ws/install/turtlebot3_description/share/turtlebot3_description/meshes/bases/waffle_pi_base.stl
[3.541s] -- Up-to-date symlink: /home/moon/S08P31C208/ROS/buruemi_ws/install/turtlebot3_description/share/turtlebot3_description/meshes/sensors/astra.dae
[3.545s] -- Up-to-date symlink: /home/moon/S08P31C208/ROS/buruemi_ws/install/turtlebot3_description/share/turtlebot3_description/meshes/sensors/astra.jpg
[3.550s] -- Up-to-date symlink: /home/moon/S08P31C208/ROS/buruemi_ws/install/turtlebot3_description/share/turtlebot3_description/meshes/sensors/lds.stl
[3.554s] -- Up-to-date symlink: /home/moon/S08P31C208/ROS/buruemi_ws/install/turtlebot3_description/share/turtlebot3_description/meshes/sensors/r200.dae
[3.562s] -- Up-to-date symlink: /home/moon/S08P31C208/ROS/buruemi_ws/install/turtlebot3_description/share/turtlebot3_description/meshes/sensors/r200.jpg
[3.567s] -- Up-to-date symlink: /home/moon/S08P31C208/ROS/buruemi_ws/install/turtlebot3_description/share/turtlebot3_description/meshes/wheels/left_tire.stl
[3.583s] -- Up-to-date symlink: /home/moon/S08P31C208/ROS/buruemi_ws/install/turtlebot3_description/share/turtlebot3_description/meshes/wheels/right_tire.stl
[3.593s] -- Up-to-date symlink: /home/moon/S08P31C208/ROS/buruemi_ws/install/turtlebot3_description/share/turtlebot3_description/rviz/model.rviz
[3.600s] -- Up-to-date symlink: /home/moon/S08P31C208/ROS/buruemi_ws/install/turtlebot3_description/share/turtlebot3_description/urdf/common_properties.urdf
[3.601s] -- Up-to-date symlink: /home/moon/S08P31C208/ROS/buruemi_ws/install/turtlebot3_description/share/turtlebot3_description/urdf/turtlebot3_burger.urdf
[3.601s] -- Up-to-date symlink: /home/moon/S08P31C208/ROS/buruemi_ws/install/turtlebot3_description/share/turtlebot3_description/urdf/turtlebot3_waffle.urdf
[3.602s] -- Up-to-date symlink: /home/moon/S08P31C208/ROS/buruemi_ws/install/turtlebot3_description/share/turtlebot3_description/urdf/turtlebot3_waffle_pi.urdf
[3.608s] -- Up-to-date symlink: /home/moon/S08P31C208/ROS/buruemi_ws/install/turtlebot3_description/share/ament_index/resource_index/package_run_dependencies/turtlebot3_description
[3.611s] -- Up-to-date symlink: /home/moon/S08P31C208/ROS/buruemi_ws/install/turtlebot3_description/share/ament_index/resource_index/parent_prefix_path/turtlebot3_description
[3.613s] -- Up-to-date symlink: /home/moon/S08P31C208/ROS/buruemi_ws/install/turtlebot3_description/share/turtlebot3_description/environment/ament_prefix_path.sh
[3.614s] -- Up-to-date symlink: /home/moon/S08P31C208/ROS/buruemi_ws/install/turtlebot3_description/share/turtlebot3_description/environment/path.sh
[3.616s] -- Up-to-date symlink: /home/moon/S08P31C208/ROS/buruemi_ws/install/turtlebot3_description/share/turtlebot3_description/local_setup.bash
[3.616s] -- Up-to-date symlink: /home/moon/S08P31C208/ROS/buruemi_ws/install/turtlebot3_description/share/turtlebot3_description/local_setup.sh
[3.643s] -- Up-to-date symlink: /home/moon/S08P31C208/ROS/buruemi_ws/install/turtlebot3_description/share/turtlebot3_description/local_setup.zsh
[3.644s] -- Up-to-date symlink: /home/moon/S08P31C208/ROS/buruemi_ws/install/turtlebot3_description/share/ament_index/resource_index/packages/turtlebot3_description
[3.645s] -- Up-to-date symlink: /home/moon/S08P31C208/ROS/buruemi_ws/install/turtlebot3_description/share/turtlebot3_description/cmake/turtlebot3_descriptionConfig.cmake
[3.646s] -- Up-to-date symlink: /home/moon/S08P31C208/ROS/buruemi_ws/install/turtlebot3_description/share/turtlebot3_description/cmake/turtlebot3_descriptionConfig-version.cmake
[3.661s] -- Up-to-date symlink: /home/moon/S08P31C208/ROS/buruemi_ws/install/turtlebot3_description/share/turtlebot3_description/package.xml
[3.688s] Invoked command in '/home/moon/S08P31C208/ROS/buruemi_ws/build/turtlebot3_description' returned '0': CMAKE_PREFIX_PATH=${CMAKE_PREFIX_PATH}:/home/moon/S08P31C208/ROS/buruemi_ws/install/lidar_filter:/home/moon/S08P31C208/ROS/buruemi_ws/install/turtlebot3_teleop:/home/moon/S08P31C208/ROS/buruemi_ws/install/turtlebot3_example:/opt/ros/dashing /usr/bin/cmake --build /home/moon/S08P31C208/ROS/buruemi_ws/build/turtlebot3_description --target install -- -j4 -l4
