[0.211s] Invoking command in '/home/iju/S08P31C208/ROS/robot_ws/build/nav_2d_msgs': CMAKE_PREFIX_PATH=${CMAKE_PREFIX_PATH}:/home/iju/S08P31C208/ROS/robot_ws/install/turtlebot3_teleop:/home/iju/S08P31C208/ROS/robot_ws/install/turtlebot3_example:/opt/ros/dashing PS1=\u@\h \[\033[32m\]\w\[\033[33m\]$(parse_git_branch)\[\033[00m\] $ /usr/bin/cmake /home/iju/S08P31C208/ROS/robot_ws/src/navigation2/nav2_dwb_controller/nav_2d_msgs -DAMENT_CMAKE_SYMLINK_INSTALL=1 -DCMAKE_INSTALL_PREFIX=/home/iju/S08P31C208/ROS/robot_ws/install/nav_2d_msgs
[0.296s] -- Found geometry_msgs: 0.7.1 (/opt/ros/dashing/share/geometry_msgs/cmake)
[0.382s] -- Found PythonInterp: /usr/bin/python3 (found suitable version "3.6.9", minimum required is "3") 
[0.386s] -- Using PYTHON_EXECUTABLE: /usr/bin/python3
[1.054s] -- Override CMake install command with custom implementation using symlinks instead of copying resources
[1.126s] -- Found rosidl_adapter: 0.7.10 (/opt/ros/dashing/share/rosidl_adapter/cmake)
[1.286s] -- Found rosidl_default_generators: 0.7.0 (/opt/ros/dashing/share/rosidl_default_generators/cmake)
[2.067s] -- Found PythonInterp: /usr/bin/python3 (found version "3.6.9") 
[3.252s] -- Using all available rosidl_typesupport_c: rosidl_typesupport_fastrtps_c;rosidl_typesupport_introspection_c
[3.419s] -- Using all available rosidl_typesupport_cpp: rosidl_typesupport_fastrtps_cpp;rosidl_typesupport_introspection_cpp
[4.821s] -- Found rmw_implementation_cmake: 0.7.2 (/opt/ros/dashing/share/rmw_implementation_cmake/cmake)
[4.928s] -- Found PythonInterp: /usr/bin/python3 (found suitable version "3.6.9", minimum required is "3.5") 
[4.932s] -- Found python_cmake_module: 0.7.11 (/opt/ros/dashing/share/python_cmake_module/cmake)
[4.980s] -- Using PYTHON_EXECUTABLE: /usr/bin/python3
[4.980s] -- Using PYTHON_INCLUDE_DIRS: /usr/include/python3.6m
[4.980s] -- Using PYTHON_LIBRARIES: /usr/lib/x86_64-linux-gnu/libpython3.6m.so
[6.118s] -- Configuring done
[6.672s] -- Generating done
[6.733s] -- Build files have been written to: /home/iju/S08P31C208/ROS/robot_ws/build/nav_2d_msgs
[6.838s] Invoked command in '/home/iju/S08P31C208/ROS/robot_ws/build/nav_2d_msgs' returned '0': CMAKE_PREFIX_PATH=${CMAKE_PREFIX_PATH}:/home/iju/S08P31C208/ROS/robot_ws/install/turtlebot3_teleop:/home/iju/S08P31C208/ROS/robot_ws/install/turtlebot3_example:/opt/ros/dashing PS1=\u@\h \[\033[32m\]\w\[\033[33m\]$(parse_git_branch)\[\033[00m\] $ /usr/bin/cmake /home/iju/S08P31C208/ROS/robot_ws/src/navigation2/nav2_dwb_controller/nav_2d_msgs -DAMENT_CMAKE_SYMLINK_INSTALL=1 -DCMAKE_INSTALL_PREFIX=/home/iju/S08P31C208/ROS/robot_ws/install/nav_2d_msgs
[6.840s] Invoking command in '/home/iju/S08P31C208/ROS/robot_ws/build/nav_2d_msgs': CMAKE_PREFIX_PATH=${CMAKE_PREFIX_PATH}:/home/iju/S08P31C208/ROS/robot_ws/install/turtlebot3_teleop:/home/iju/S08P31C208/ROS/robot_ws/install/turtlebot3_example:/opt/ros/dashing PS1=\u@\h \[\033[32m\]\w\[\033[33m\]$(parse_git_branch)\[\033[00m\] $ /usr/bin/cmake --build /home/iju/S08P31C208/ROS/robot_ws/build/nav_2d_msgs -- -j6 -l6
[7.167s] [  1%] Built target nav_2d_msgs__cpp
[7.340s] [  2%] [32m[1mLinking C shared library libnav_2d_msgs__rosidl_generator_c.so[0m
[7.590s] [ 12%] Built target nav_2d_msgs__rosidl_generator_c
[7.690s] [ 14%] [32m[1mLinking CXX shared library libnav_2d_msgs__rosidl_typesupport_introspection_cpp.so[0m
[8.054s] [ 23%] Built target nav_2d_msgs__rosidl_typesupport_introspection_cpp
[8.193s] [ 25%] [32m[1mLinking CXX shared library libnav_2d_msgs__rosidl_typesupport_c.so[0m
[8.455s] [ 35%] Built target nav_2d_msgs__rosidl_typesupport_c
[8.651s] [ 36%] [32m[1mLinking C shared library libnav_2d_msgs__rosidl_typesupport_introspection_c.so[0m
[8.857s] [ 46%] Built target nav_2d_msgs__rosidl_typesupport_introspection_c
[8.993s] [ 47%] [32m[1mLinking CXX shared library libnav_2d_msgs__rosidl_typesupport_cpp.so[0m
[9.240s] [ 57%] Built target nav_2d_msgs__rosidl_typesupport_cpp
[9.418s] [ 59%] [32m[1mLinking CXX shared library libnav_2d_msgs__rosidl_typesupport_fastrtps_cpp.so[0m
[9.823s] [ 69%] Built target nav_2d_msgs__rosidl_typesupport_fastrtps_cpp
[10.002s] [ 70%] [32m[1mLinking CXX shared library libnav_2d_msgs__rosidl_typesupport_fastrtps_c.so[0m
[10.466s] [ 80%] Built target nav_2d_msgs__rosidl_typesupport_fastrtps_c
[10.585s] [ 80%] Built target nav_2d_msgs
[10.721s] [ 81%] Built target nav_2d_msgs__py
[10.938s] [ 83%] [32m[1mLinking C shared library rosidl_generator_py/nav_2d_msgs/libnav_2d_msgs__python.so[0m
[11.158s] [ 91%] Built target nav_2d_msgs__python
[11.308s] [ 92%] [32m[1mLinking C shared library rosidl_generator_py/nav_2d_msgs/nav_2d_msgs_s__rosidl_typesupport_c.cpython-36m-x86_64-linux-gnu.so[0m
[11.568s] [ 94%] Built target nav_2d_msgs__rosidl_typesupport_c__pyext
[11.721s] [ 95%] [32m[1mLinking C shared library rosidl_generator_py/nav_2d_msgs/nav_2d_msgs_s__rosidl_typesupport_fastrtps_c.cpython-36m-x86_64-linux-gnu.so[0m
[11.949s] [ 97%] Built target nav_2d_msgs__rosidl_typesupport_fastrtps_c__pyext
[12.103s] [ 98%] [32m[1mLinking C shared library rosidl_generator_py/nav_2d_msgs/nav_2d_msgs_s__rosidl_typesupport_introspection_c.cpython-36m-x86_64-linux-gnu.so[0m
[12.332s] [100%] Built target nav_2d_msgs__rosidl_typesupport_introspection_c__pyext
[12.397s] Invoked command in '/home/iju/S08P31C208/ROS/robot_ws/build/nav_2d_msgs' returned '0': CMAKE_PREFIX_PATH=${CMAKE_PREFIX_PATH}:/home/iju/S08P31C208/ROS/robot_ws/install/turtlebot3_teleop:/home/iju/S08P31C208/ROS/robot_ws/install/turtlebot3_example:/opt/ros/dashing PS1=\u@\h \[\033[32m\]\w\[\033[33m\]$(parse_git_branch)\[\033[00m\] $ /usr/bin/cmake --build /home/iju/S08P31C208/ROS/robot_ws/build/nav_2d_msgs -- -j6 -l6
[14.335s] Invoking command in '/home/iju/S08P31C208/ROS/robot_ws/build/nav_2d_msgs': CMAKE_PREFIX_PATH=${CMAKE_PREFIX_PATH}:/home/iju/S08P31C208/ROS/robot_ws/install/turtlebot3_teleop:/home/iju/S08P31C208/ROS/robot_ws/install/turtlebot3_example:/opt/ros/dashing PS1=\u@\h \[\033[32m\]\w\[\033[33m\]$(parse_git_branch)\[\033[00m\] $ /usr/bin/cmake --build /home/iju/S08P31C208/ROS/robot_ws/build/nav_2d_msgs --target install -- -j6 -l6
[14.629s] [  1%] Built target nav_2d_msgs__cpp
[14.778s] [ 12%] Built target nav_2d_msgs__rosidl_generator_c
[14.945s] [ 23%] Built target nav_2d_msgs__rosidl_typesupport_introspection_cpp
[15.107s] [ 35%] Built target nav_2d_msgs__rosidl_typesupport_c
[15.276s] [ 46%] Built target nav_2d_msgs__rosidl_typesupport_introspection_c
[15.445s] [ 57%] Built target nav_2d_msgs__rosidl_typesupport_cpp
[15.604s] [ 69%] Built target nav_2d_msgs__rosidl_typesupport_fastrtps_cpp
[15.769s] [ 80%] Built target nav_2d_msgs__rosidl_typesupport_fastrtps_c
[15.909s] [ 80%] Built target nav_2d_msgs
[16.045s] [ 81%] Built target nav_2d_msgs__py
[16.182s] [ 91%] Built target nav_2d_msgs__python
[16.354s] [ 94%] Built target nav_2d_msgs__rosidl_typesupport_c__pyext
[16.528s] [ 97%] Built target nav_2d_msgs__rosidl_typesupport_fastrtps_c__pyext
[16.645s] [100%] Built target nav_2d_msgs__rosidl_typesupport_introspection_c__pyext
[16.748s] [36mInstall the project...[0m
[16.805s] -- Install configuration: ""
[16.814s] -- Execute custom install script
[16.814s] -- Symlinking: /home/iju/S08P31C208/ROS/robot_ws/install/nav_2d_msgs/share/ament_index/resource_index/rosidl_interfaces/nav_2d_msgs
[16.836s] -- Symlinking: /home/iju/S08P31C208/ROS/robot_ws/install/nav_2d_msgs/include/nav_2d_msgs/msg/path2_d.hpp
[16.862s] -- Symlinking: /home/iju/S08P31C208/ROS/robot_ws/install/nav_2d_msgs/include/nav_2d_msgs/msg/path2_d__struct.hpp
[16.888s] -- Symlinking: /home/iju/S08P31C208/ROS/robot_ws/install/nav_2d_msgs/include/nav_2d_msgs/msg/path2_d__traits.hpp
[16.944s] -- Symlinking: /home/iju/S08P31C208/ROS/robot_ws/install/nav_2d_msgs/include/nav_2d_msgs/msg/pose2_d32.hpp
[16.976s] -- Symlinking: /home/iju/S08P31C208/ROS/robot_ws/install/nav_2d_msgs/include/nav_2d_msgs/msg/pose2_d32__struct.hpp
[16.990s] -- Symlinking: /home/iju/S08P31C208/ROS/robot_ws/install/nav_2d_msgs/include/nav_2d_msgs/msg/pose2_d32__traits.hpp
[17.030s] -- Symlinking: /home/iju/S08P31C208/ROS/robot_ws/install/nav_2d_msgs/include/nav_2d_msgs/msg/pose2_d_stamped.hpp
[17.098s] -- Symlinking: /home/iju/S08P31C208/ROS/robot_ws/install/nav_2d_msgs/include/nav_2d_msgs/msg/pose2_d_stamped__struct.hpp
[17.153s] -- Symlinking: /home/iju/S08P31C208/ROS/robot_ws/install/nav_2d_msgs/include/nav_2d_msgs/msg/pose2_d_stamped__traits.hpp
[17.198s] -- Symlinking: /home/iju/S08P31C208/ROS/robot_ws/install/nav_2d_msgs/include/nav_2d_msgs/msg/twist2_d.hpp
[17.238s] -- Symlinking: /home/iju/S08P31C208/ROS/robot_ws/install/nav_2d_msgs/include/nav_2d_msgs/msg/twist2_d32.hpp
[17.291s] -- Symlinking: /home/iju/S08P31C208/ROS/robot_ws/install/nav_2d_msgs/include/nav_2d_msgs/msg/twist2_d32__struct.hpp
[17.325s] -- Symlinking: /home/iju/S08P31C208/ROS/robot_ws/install/nav_2d_msgs/include/nav_2d_msgs/msg/twist2_d32__traits.hpp
[17.355s] -- Symlinking: /home/iju/S08P31C208/ROS/robot_ws/install/nav_2d_msgs/include/nav_2d_msgs/msg/twist2_d__struct.hpp
[17.377s] -- Symlinking: /home/iju/S08P31C208/ROS/robot_ws/install/nav_2d_msgs/include/nav_2d_msgs/msg/twist2_d__traits.hpp
[17.403s] -- Symlinking: /home/iju/S08P31C208/ROS/robot_ws/install/nav_2d_msgs/include/nav_2d_msgs/msg/twist2_d_stamped.hpp
[17.435s] -- Symlinking: /home/iju/S08P31C208/ROS/robot_ws/install/nav_2d_msgs/include/nav_2d_msgs/msg/twist2_d_stamped__struct.hpp
[17.461s] -- Symlinking: /home/iju/S08P31C208/ROS/robot_ws/install/nav_2d_msgs/include/nav_2d_msgs/msg/twist2_d_stamped__traits.hpp
[17.509s] -- Symlinking: /home/iju/S08P31C208/ROS/robot_ws/install/nav_2d_msgs/include/nav_2d_msgs/msg/path2_d.h
[17.577s] -- Symlinking: /home/iju/S08P31C208/ROS/robot_ws/install/nav_2d_msgs/include/nav_2d_msgs/msg/path2_d__functions.h
[17.637s] -- Symlinking: /home/iju/S08P31C208/ROS/robot_ws/install/nav_2d_msgs/include/nav_2d_msgs/msg/path2_d__struct.h
[17.690s] -- Symlinking: /home/iju/S08P31C208/ROS/robot_ws/install/nav_2d_msgs/include/nav_2d_msgs/msg/path2_d__type_support.h
[17.717s] -- Symlinking: /home/iju/S08P31C208/ROS/robot_ws/install/nav_2d_msgs/include/nav_2d_msgs/msg/pose2_d32.h
[17.747s] -- Symlinking: /home/iju/S08P31C208/ROS/robot_ws/install/nav_2d_msgs/include/nav_2d_msgs/msg/pose2_d32__functions.h
[17.801s] -- Symlinking: /home/iju/S08P31C208/ROS/robot_ws/install/nav_2d_msgs/include/nav_2d_msgs/msg/pose2_d32__struct.h
[17.844s] -- Symlinking: /home/iju/S08P31C208/ROS/robot_ws/install/nav_2d_msgs/include/nav_2d_msgs/msg/pose2_d32__type_support.h
[17.862s] -- Symlinking: /home/iju/S08P31C208/ROS/robot_ws/install/nav_2d_msgs/include/nav_2d_msgs/msg/pose2_d_stamped.h
[17.897s] -- Symlinking: /home/iju/S08P31C208/ROS/robot_ws/install/nav_2d_msgs/include/nav_2d_msgs/msg/pose2_d_stamped__functions.h
[17.919s] -- Symlinking: /home/iju/S08P31C208/ROS/robot_ws/install/nav_2d_msgs/include/nav_2d_msgs/msg/pose2_d_stamped__struct.h
[17.945s] -- Symlinking: /home/iju/S08P31C208/ROS/robot_ws/install/nav_2d_msgs/include/nav_2d_msgs/msg/pose2_d_stamped__type_support.h
[17.998s] -- Symlinking: /home/iju/S08P31C208/ROS/robot_ws/install/nav_2d_msgs/include/nav_2d_msgs/msg/rosidl_generator_c__visibility_control.h
[18.037s] -- Symlinking: /home/iju/S08P31C208/ROS/robot_ws/install/nav_2d_msgs/include/nav_2d_msgs/msg/twist2_d.h
[18.072s] -- Symlinking: /home/iju/S08P31C208/ROS/robot_ws/install/nav_2d_msgs/include/nav_2d_msgs/msg/twist2_d32.h
[18.124s] -- Symlinking: /home/iju/S08P31C208/ROS/robot_ws/install/nav_2d_msgs/include/nav_2d_msgs/msg/twist2_d32__functions.h
[18.165s] -- Symlinking: /home/iju/S08P31C208/ROS/robot_ws/install/nav_2d_msgs/include/nav_2d_msgs/msg/twist2_d32__struct.h
[18.191s] -- Symlinking: /home/iju/S08P31C208/ROS/robot_ws/install/nav_2d_msgs/include/nav_2d_msgs/msg/twist2_d32__type_support.h
[18.248s] -- Symlinking: /home/iju/S08P31C208/ROS/robot_ws/install/nav_2d_msgs/include/nav_2d_msgs/msg/twist2_d__functions.h
[18.295s] -- Symlinking: /home/iju/S08P31C208/ROS/robot_ws/install/nav_2d_msgs/include/nav_2d_msgs/msg/twist2_d__struct.h
[18.369s] -- Symlinking: /home/iju/S08P31C208/ROS/robot_ws/install/nav_2d_msgs/include/nav_2d_msgs/msg/twist2_d__type_support.h
[18.408s] -- Symlinking: /home/iju/S08P31C208/ROS/robot_ws/install/nav_2d_msgs/include/nav_2d_msgs/msg/twist2_d_stamped.h
[18.438s] -- Symlinking: /home/iju/S08P31C208/ROS/robot_ws/install/nav_2d_msgs/include/nav_2d_msgs/msg/twist2_d_stamped__functions.h
[18.472s] -- Symlinking: /home/iju/S08P31C208/ROS/robot_ws/install/nav_2d_msgs/include/nav_2d_msgs/msg/twist2_d_stamped__struct.h
[18.522s] -- Symlinking: /home/iju/S08P31C208/ROS/robot_ws/install/nav_2d_msgs/include/nav_2d_msgs/msg/twist2_d_stamped__type_support.h
[18.561s] -- Symlinking: /home/iju/S08P31C208/ROS/robot_ws/install/nav_2d_msgs/share/nav_2d_msgs/environment/library_path.sh
[18.592s] -- Symlinking: /home/iju/S08P31C208/ROS/robot_ws/install/nav_2d_msgs/lib/libnav_2d_msgs__rosidl_generator_c.so
[18.644s] -- Symlinking: /home/iju/S08P31C208/ROS/robot_ws/install/nav_2d_msgs/lib/libnav_2d_msgs__rosidl_typesupport_c.so
[18.670s] -- Symlinking: /home/iju/S08P31C208/ROS/robot_ws/install/nav_2d_msgs/lib/libnav_2d_msgs__rosidl_typesupport_cpp.so
[18.704s] -- Symlinking: /home/iju/S08P31C208/ROS/robot_ws/install/nav_2d_msgs/include/nav_2d_msgs/msg/path2_d__rosidl_typesupport_introspection_c.h
[18.751s] -- Symlinking: /home/iju/S08P31C208/ROS/robot_ws/install/nav_2d_msgs/include/nav_2d_msgs/msg/pose2_d32__rosidl_typesupport_introspection_c.h
[18.777s] -- Symlinking: /home/iju/S08P31C208/ROS/robot_ws/install/nav_2d_msgs/include/nav_2d_msgs/msg/pose2_d_stamped__rosidl_typesupport_introspection_c.h
[18.798s] -- Symlinking: /home/iju/S08P31C208/ROS/robot_ws/install/nav_2d_msgs/include/nav_2d_msgs/msg/rosidl_typesupport_introspection_c__visibility_control.h
[18.831s] -- Symlinking: /home/iju/S08P31C208/ROS/robot_ws/install/nav_2d_msgs/include/nav_2d_msgs/msg/twist2_d32__rosidl_typesupport_introspection_c.h
[18.877s] -- Symlinking: /home/iju/S08P31C208/ROS/robot_ws/install/nav_2d_msgs/include/nav_2d_msgs/msg/twist2_d__rosidl_typesupport_introspection_c.h
[18.912s] -- Symlinking: /home/iju/S08P31C208/ROS/robot_ws/install/nav_2d_msgs/include/nav_2d_msgs/msg/twist2_d_stamped__rosidl_typesupport_introspection_c.h
[18.991s] -- Symlinking: /home/iju/S08P31C208/ROS/robot_ws/install/nav_2d_msgs/lib/libnav_2d_msgs__rosidl_typesupport_introspection_c.so
[19.021s] -- Symlinking: /home/iju/S08P31C208/ROS/robot_ws/install/nav_2d_msgs/include/nav_2d_msgs/msg/path2_d__rosidl_typesupport_introspection_cpp.hpp
[19.074s] -- Symlinking: /home/iju/S08P31C208/ROS/robot_ws/install/nav_2d_msgs/include/nav_2d_msgs/msg/pose2_d32__rosidl_typesupport_introspection_cpp.hpp
[19.114s] -- Symlinking: /home/iju/S08P31C208/ROS/robot_ws/install/nav_2d_msgs/include/nav_2d_msgs/msg/pose2_d_stamped__rosidl_typesupport_introspection_cpp.hpp
[19.128s] -- Symlinking: /home/iju/S08P31C208/ROS/robot_ws/install/nav_2d_msgs/include/nav_2d_msgs/msg/twist2_d32__rosidl_typesupport_introspection_cpp.hpp
[19.157s] -- Symlinking: /home/iju/S08P31C208/ROS/robot_ws/install/nav_2d_msgs/include/nav_2d_msgs/msg/twist2_d__rosidl_typesupport_introspection_cpp.hpp
[19.222s] -- Symlinking: /home/iju/S08P31C208/ROS/robot_ws/install/nav_2d_msgs/include/nav_2d_msgs/msg/twist2_d_stamped__rosidl_typesupport_introspection_cpp.hpp
[19.249s] -- Symlinking: /home/iju/S08P31C208/ROS/robot_ws/install/nav_2d_msgs/lib/libnav_2d_msgs__rosidl_typesupport_introspection_cpp.so
[19.292s] -- Symlinking: /home/iju/S08P31C208/ROS/robot_ws/install/nav_2d_msgs/include/nav_2d_msgs/msg/path2_d__rosidl_typesupport_fastrtps_c.h
[19.357s] -- Symlinking: /home/iju/S08P31C208/ROS/robot_ws/install/nav_2d_msgs/include/nav_2d_msgs/msg/pose2_d32__rosidl_typesupport_fastrtps_c.h
[19.415s] -- Symlinking: /home/iju/S08P31C208/ROS/robot_ws/install/nav_2d_msgs/include/nav_2d_msgs/msg/pose2_d_stamped__rosidl_typesupport_fastrtps_c.h
[19.443s] -- Symlinking: /home/iju/S08P31C208/ROS/robot_ws/install/nav_2d_msgs/include/nav_2d_msgs/msg/rosidl_typesupport_fastrtps_c__visibility_control.h
[19.483s] -- Symlinking: /home/iju/S08P31C208/ROS/robot_ws/install/nav_2d_msgs/include/nav_2d_msgs/msg/twist2_d32__rosidl_typesupport_fastrtps_c.h
[19.508s] -- Symlinking: /home/iju/S08P31C208/ROS/robot_ws/install/nav_2d_msgs/include/nav_2d_msgs/msg/twist2_d__rosidl_typesupport_fastrtps_c.h
[19.553s] -- Symlinking: /home/iju/S08P31C208/ROS/robot_ws/install/nav_2d_msgs/include/nav_2d_msgs/msg/twist2_d_stamped__rosidl_typesupport_fastrtps_c.h
[19.593s] -- Symlinking: /home/iju/S08P31C208/ROS/robot_ws/install/nav_2d_msgs/lib/libnav_2d_msgs__rosidl_typesupport_fastrtps_c.so
[19.633s] -- Symlinking: /home/iju/S08P31C208/ROS/robot_ws/install/nav_2d_msgs/include/nav_2d_msgs/msg/path2_d__rosidl_typesupport_fastrtps_cpp.hpp
[19.723s] -- Symlinking: /home/iju/S08P31C208/ROS/robot_ws/install/nav_2d_msgs/include/nav_2d_msgs/msg/pose2_d32__rosidl_typesupport_fastrtps_cpp.hpp
[19.747s] -- Symlinking: /home/iju/S08P31C208/ROS/robot_ws/install/nav_2d_msgs/include/nav_2d_msgs/msg/pose2_d_stamped__rosidl_typesupport_fastrtps_cpp.hpp
[19.779s] -- Symlinking: /home/iju/S08P31C208/ROS/robot_ws/install/nav_2d_msgs/include/nav_2d_msgs/msg/rosidl_typesupport_fastrtps_cpp__visibility_control.h
[19.806s] -- Symlinking: /home/iju/S08P31C208/ROS/robot_ws/install/nav_2d_msgs/include/nav_2d_msgs/msg/twist2_d32__rosidl_typesupport_fastrtps_cpp.hpp
[19.861s] -- Symlinking: /home/iju/S08P31C208/ROS/robot_ws/install/nav_2d_msgs/include/nav_2d_msgs/msg/twist2_d__rosidl_typesupport_fastrtps_cpp.hpp
[19.903s] -- Symlinking: /home/iju/S08P31C208/ROS/robot_ws/install/nav_2d_msgs/include/nav_2d_msgs/msg/twist2_d_stamped__rosidl_typesupport_fastrtps_cpp.hpp
[19.935s] -- Symlinking: /home/iju/S08P31C208/ROS/robot_ws/install/nav_2d_msgs/lib/libnav_2d_msgs__rosidl_typesupport_fastrtps_cpp.so
[20.016s] -- Symlinking: /home/iju/S08P31C208/ROS/robot_ws/install/nav_2d_msgs/share/nav_2d_msgs/environment/pythonpath.sh
[20.044s] -- Symlinking: /home/iju/S08P31C208/ROS/robot_ws/install/nav_2d_msgs/lib/python3.6/site-packages/nav_2d_msgs/__init__.py
[20.089s] -- Symlinking: /home/iju/S08P31C208/ROS/robot_ws/install/nav_2d_msgs/lib/python3.6/site-packages/nav_2d_msgs/msg/__init__.py
[20.121s] -- Symlinking: /home/iju/S08P31C208/ROS/robot_ws/install/nav_2d_msgs/lib/python3.6/site-packages/nav_2d_msgs/msg/_path2_d.py
[20.147s] -- Symlinking: /home/iju/S08P31C208/ROS/robot_ws/install/nav_2d_msgs/lib/python3.6/site-packages/nav_2d_msgs/msg/_pose2_d32.py
[20.178s] -- Symlinking: /home/iju/S08P31C208/ROS/robot_ws/install/nav_2d_msgs/lib/python3.6/site-packages/nav_2d_msgs/msg/_pose2_d_stamped.py
[20.206s] -- Symlinking: /home/iju/S08P31C208/ROS/robot_ws/install/nav_2d_msgs/lib/python3.6/site-packages/nav_2d_msgs/msg/_twist2_d.py
[20.245s] -- Symlinking: /home/iju/S08P31C208/ROS/robot_ws/install/nav_2d_msgs/lib/python3.6/site-packages/nav_2d_msgs/msg/_twist2_d32.py
[20.290s] -- Symlinking: /home/iju/S08P31C208/ROS/robot_ws/install/nav_2d_msgs/lib/python3.6/site-packages/nav_2d_msgs/msg/_twist2_d_stamped.py
[20.319s] -- Symlinking: /home/iju/S08P31C208/ROS/robot_ws/install/nav_2d_msgs/lib/python3.6/site-packages/nav_2d_msgs/nav_2d_msgs_s__rosidl_typesupport_c.cpython-36m-x86_64-linux-gnu.so
[20.341s] -- Symlinking: /home/iju/S08P31C208/ROS/robot_ws/install/nav_2d_msgs/lib/python3.6/site-packages/nav_2d_msgs/nav_2d_msgs_s__rosidl_typesupport_introspection_c.cpython-36m-x86_64-linux-gnu.so
[20.377s] -- Symlinking: /home/iju/S08P31C208/ROS/robot_ws/install/nav_2d_msgs/lib/python3.6/site-packages/nav_2d_msgs/nav_2d_msgs_s__rosidl_typesupport_fastrtps_c.cpython-36m-x86_64-linux-gnu.so
[20.422s] -- Symlinking: /home/iju/S08P31C208/ROS/robot_ws/install/nav_2d_msgs/lib/libnav_2d_msgs__python.so
[20.492s] -- Symlinking: /home/iju/S08P31C208/ROS/robot_ws/install/nav_2d_msgs/share/nav_2d_msgs/msg/Path2D.idl
[20.510s] -- Symlinking: /home/iju/S08P31C208/ROS/robot_ws/install/nav_2d_msgs/share/nav_2d_msgs/msg/Pose2D32.idl
[20.556s] -- Symlinking: /home/iju/S08P31C208/ROS/robot_ws/install/nav_2d_msgs/share/nav_2d_msgs/msg/Pose2DStamped.idl
[20.624s] -- Symlinking: /home/iju/S08P31C208/ROS/robot_ws/install/nav_2d_msgs/share/nav_2d_msgs/msg/Twist2D.idl
[20.674s] -- Symlinking: /home/iju/S08P31C208/ROS/robot_ws/install/nav_2d_msgs/share/nav_2d_msgs/msg/Twist2D32.idl
[20.715s] -- Symlinking: /home/iju/S08P31C208/ROS/robot_ws/install/nav_2d_msgs/share/nav_2d_msgs/msg/Twist2DStamped.idl
[20.746s] -- Symlinking: /home/iju/S08P31C208/ROS/robot_ws/install/nav_2d_msgs/share/nav_2d_msgs/msg/Path2D.msg
[20.791s] -- Symlinking: /home/iju/S08P31C208/ROS/robot_ws/install/nav_2d_msgs/share/nav_2d_msgs/msg/Pose2D32.msg
[20.811s] -- Symlinking: /home/iju/S08P31C208/ROS/robot_ws/install/nav_2d_msgs/share/nav_2d_msgs/msg/Pose2DStamped.msg
[20.873s] -- Symlinking: /home/iju/S08P31C208/ROS/robot_ws/install/nav_2d_msgs/share/nav_2d_msgs/msg/Twist2D.msg
[20.927s] -- Symlinking: /home/iju/S08P31C208/ROS/robot_ws/install/nav_2d_msgs/share/nav_2d_msgs/msg/Twist2D32.msg
[20.950s] -- Symlinking: /home/iju/S08P31C208/ROS/robot_ws/install/nav_2d_msgs/share/nav_2d_msgs/msg/Twist2DStamped.msg
[20.967s] -- Symlinking: /home/iju/S08P31C208/ROS/robot_ws/install/nav_2d_msgs/share/ament_index/resource_index/package_run_dependencies/nav_2d_msgs
[20.999s] -- Symlinking: /home/iju/S08P31C208/ROS/robot_ws/install/nav_2d_msgs/share/ament_index/resource_index/parent_prefix_path/nav_2d_msgs
[21.013s] -- Symlinking: /home/iju/S08P31C208/ROS/robot_ws/install/nav_2d_msgs/share/nav_2d_msgs/environment/ament_prefix_path.sh
[21.040s] -- Symlinking: /home/iju/S08P31C208/ROS/robot_ws/install/nav_2d_msgs/share/nav_2d_msgs/environment/path.sh
[21.105s] -- Symlinking: /home/iju/S08P31C208/ROS/robot_ws/install/nav_2d_msgs/share/nav_2d_msgs/local_setup.bash
[21.191s] -- Symlinking: /home/iju/S08P31C208/ROS/robot_ws/install/nav_2d_msgs/share/nav_2d_msgs/local_setup.sh
[21.260s] -- Symlinking: /home/iju/S08P31C208/ROS/robot_ws/install/nav_2d_msgs/share/nav_2d_msgs/local_setup.zsh
[21.288s] -- Symlinking: /home/iju/S08P31C208/ROS/robot_ws/install/nav_2d_msgs/share/ament_index/resource_index/packages/nav_2d_msgs
[21.314s] -- Symlinking: /home/iju/S08P31C208/ROS/robot_ws/install/nav_2d_msgs/share/nav_2d_msgs/cmake/rosidl_cmake-extras.cmake
[21.361s] -- Symlinking: /home/iju/S08P31C208/ROS/robot_ws/install/nav_2d_msgs/share/nav_2d_msgs/cmake/ament_cmake_export_dependencies-extras.cmake
[21.380s] -- Symlinking: /home/iju/S08P31C208/ROS/robot_ws/install/nav_2d_msgs/share/nav_2d_msgs/cmake/ament_cmake_export_include_directories-extras.cmake
[21.399s] -- Symlinking: /home/iju/S08P31C208/ROS/robot_ws/install/nav_2d_msgs/share/nav_2d_msgs/cmake/ament_cmake_export_libraries-extras.cmake
[21.442s] -- Symlinking: /home/iju/S08P31C208/ROS/robot_ws/install/nav_2d_msgs/share/nav_2d_msgs/cmake/nav_2d_msgsConfig.cmake
[21.475s] -- Symlinking: /home/iju/S08P31C208/ROS/robot_ws/install/nav_2d_msgs/share/nav_2d_msgs/cmake/nav_2d_msgsConfig-version.cmake
[21.524s] -- Symlinking: /home/iju/S08P31C208/ROS/robot_ws/install/nav_2d_msgs/share/nav_2d_msgs/package.xml
[21.683s] Compiling '/home/iju/S08P31C208/ROS/robot_ws/install/nav_2d_msgs/lib/python3.6/site-packages/nav_2d_msgs/__init__.py'...
[21.719s] Invoked command in '/home/iju/S08P31C208/ROS/robot_ws/build/nav_2d_msgs' returned '0': CMAKE_PREFIX_PATH=${CMAKE_PREFIX_PATH}:/home/iju/S08P31C208/ROS/robot_ws/install/turtlebot3_teleop:/home/iju/S08P31C208/ROS/robot_ws/install/turtlebot3_example:/opt/ros/dashing PS1=\u@\h \[\033[32m\]\w\[\033[33m\]$(parse_git_branch)\[\033[00m\] $ /usr/bin/cmake --build /home/iju/S08P31C208/ROS/robot_ws/build/nav_2d_msgs --target install -- -j6 -l6
