/home/iju/.local/lib/python3.6/site-packages/setuptools/dist.py:726: UserWarning: Usage of dash-separated 'script-dir' will not be supported in future versions. Please use the underscore name 'script_dir' instead
  % (opt, underscore_opt)
/home/iju/.local/lib/python3.6/site-packages/setuptools/command/easy_install.py:159: EasyInstallDeprecationWarning: easy_install command is deprecated. Use build and pip and other standards-based tools.
  EasyInstallDeprecationWarning,
/home/iju/.local/lib/python3.6/site-packages/setuptools/command/install.py:37: SetuptoolsDeprecationWarning: setup.py install is deprecated. Use build and pip and other standards-based tools.
  setuptools.SetuptoolsDeprecationWarning,
running develop
/home/iju/.local/lib/python3.6/site-packages/pkg_resources/__init__.py:119: PkgResourcesDeprecationWarning: 0.18ubuntu0.18.04.1 is an invalid version and will not be supported in a future release
  PkgResourcesDeprecationWarning,
running egg_info
writing turtlebot3_teleop.egg-info/PKG-INFO
writing dependency_links to turtlebot3_teleop.egg-info/dependency_links.txt
writing entry points to turtlebot3_teleop.egg-info/entry_points.txt
writing requirements to turtlebot3_teleop.egg-info/requires.txt
writing top-level names to turtlebot3_teleop.egg-info/top_level.txt
reading manifest file 'turtlebot3_teleop.egg-info/SOURCES.txt'
writing manifest file 'turtlebot3_teleop.egg-info/SOURCES.txt'
running build_ext
Creating /home/iju/S08P31C208/ROS/robot_ws/install/turtlebot3_teleop/lib/python3.6/site-packages/turtlebot3-teleop.egg-link (link to .)
Installing teleop_keyboard script to /home/iju/S08P31C208/ROS/robot_ws/install/turtlebot3_teleop/lib/turtlebot3_teleop

Installed /home/iju/S08P31C208/ROS/robot_ws/build/turtlebot3_teleop
running install_data
