-- The C compiler identification is GNU 7.5.0
-- The CXX compiler identification is GNU 7.5.0
-- Check for working C compiler: /usr/bin/cc
-- Check for working C compiler: /usr/bin/cc -- works
-- Detecting C compiler ABI info
-- Detecting C compiler ABI info - done
-- Detecting C compile features
-- Detecting C compile features - done
-- Check for working CXX compiler: /usr/bin/c++
-- Check for working CXX compiler: /usr/bin/c++ -- works
-- Detecting CXX compiler ABI info
-- Detecting CXX compiler ABI info - done
-- Detecting CXX compile features
-- Detecting CXX compile features - done
-- Found ament_cmake: 0.7.6 (/opt/ros/dashing/share/ament_cmake/cmake)
-- Found PythonInterp: /usr/bin/python3 (found suitable version "3.6.9", minimum required is "3") 
-- Using PYTHON_EXECUTABLE: /usr/bin/python3
-- Override CMake install command with custom implementation using symlinks instead of copying resources
-- Found geometry_msgs: 0.7.1 (/opt/ros/dashing/share/geometry_msgs/cmake)
-- Found rosidl_adapter: 0.7.10 (/opt/ros/dashing/share/rosidl_adapter/cmake)
-- Found rosidl_default_generators: 0.7.0 (/opt/ros/dashing/share/rosidl_default_generators/cmake)
-- Found OpenSSL: /usr/lib/aarch64-linux-gnu/libcrypto.so (found version "1.1.1") 
-- Found FastRTPS: /opt/ros/dashing/include  
-- Found PythonInterp: /usr/bin/python3 (found version "3.6.9") 
-- Found ament_cmake_cppcheck: 0.7.12 (/opt/ros/dashing/share/ament_cmake_cppcheck/cmake)
-- Found ament_cmake_cpplint: 0.7.12 (/opt/ros/dashing/share/ament_cmake_cpplint/cmake)
-- Found ament_cmake_uncrustify: 0.7.12 (/opt/ros/dashing/share/ament_cmake_uncrustify/cmake)
-- Using all available rosidl_typesupport_c: rosidl_typesupport_fastrtps_c;rosidl_typesupport_introspection_c
-- Using all available rosidl_typesupport_cpp: rosidl_typesupport_fastrtps_cpp;rosidl_typesupport_introspection_cpp
-- Found rmw_implementation_cmake: 0.7.2 (/opt/ros/dashing/share/rmw_implementation_cmake/cmake)
-- Found PythonInterp: /usr/bin/python3 (found suitable version "3.6.9", minimum required is "3.5") 
-- Found python_cmake_module: 0.7.11 (/opt/ros/dashing/share/python_cmake_module/cmake)
-- Found PythonLibs: /usr/lib/aarch64-linux-gnu/libpython3.6m.so (found suitable version "3.6.9", minimum required is "3.5") 
-- Using PYTHON_EXECUTABLE: /usr/bin/python3
-- Using PYTHON_INCLUDE_DIRS: /usr/include/python3.6m
-- Using PYTHON_LIBRARIES: /usr/lib/aarch64-linux-gnu/libpython3.6m.so
-- Found PythonExtra: .so  
-- Found ament_cmake_flake8: 0.7.12 (/opt/ros/dashing/share/ament_cmake_flake8/cmake)
-- Found ament_cmake_pep257: 0.7.12 (/opt/ros/dashing/share/ament_cmake_pep257/cmake)
-- Configuring done
-- Generating done
-- Build files have been written to: /home/moon/S08P31C208/ROS/buruemi_ws/build/cartographer_ros_msgs
[35m[1mScanning dependencies of target cartographer_ros_msgs__cpp[0m
[  1%] [34m[1mGenerating C code for ROS interfaces[0m
[  1%] [34m[1mGenerating C++ code for ROS interfaces[0m
[  1%] Built target cartographer_ros_msgs__cpp
[35m[1mScanning dependencies of target cartographer_ros_msgs__rosidl_generator_c[0m
[  2%] [32mBuilding C object CMakeFiles/cartographer_ros_msgs__rosidl_generator_c.dir/rosidl_generator_c/cartographer_ros_msgs/msg/landmark_entry__functions.c.o[0m
[  2%] [32mBuilding C object CMakeFiles/cartographer_ros_msgs__rosidl_generator_c.dir/rosidl_generator_c/cartographer_ros_msgs/msg/landmark_list__functions.c.o[0m
[  3%] [32mBuilding C object CMakeFiles/cartographer_ros_msgs__rosidl_generator_c.dir/rosidl_generator_c/cartographer_ros_msgs/msg/sensor_topics__functions.c.o[0m
[  4%] [32mBuilding C object CMakeFiles/cartographer_ros_msgs__rosidl_generator_c.dir/rosidl_generator_c/cartographer_ros_msgs/msg/status_code__functions.c.o[0m
[  5%] [32mBuilding C object CMakeFiles/cartographer_ros_msgs__rosidl_generator_c.dir/rosidl_generator_c/cartographer_ros_msgs/msg/status_response__functions.c.o[0m
[  6%] [32mBuilding C object CMakeFiles/cartographer_ros_msgs__rosidl_generator_c.dir/rosidl_generator_c/cartographer_ros_msgs/msg/submap_entry__functions.c.o[0m
[  6%] [32mBuilding C object CMakeFiles/cartographer_ros_msgs__rosidl_generator_c.dir/rosidl_generator_c/cartographer_ros_msgs/msg/submap_list__functions.c.o[0m
[  7%] [32mBuilding C object CMakeFiles/cartographer_ros_msgs__rosidl_generator_c.dir/rosidl_generator_c/cartographer_ros_msgs/msg/submap_texture__functions.c.o[0m
[  8%] [32mBuilding C object CMakeFiles/cartographer_ros_msgs__rosidl_generator_c.dir/rosidl_generator_c/cartographer_ros_msgs/msg/trajectory_options__functions.c.o[0m
[  9%] [32mBuilding C object CMakeFiles/cartographer_ros_msgs__rosidl_generator_c.dir/rosidl_generator_c/cartographer_ros_msgs/srv/finish_trajectory__functions.c.o[0m
[ 10%] [32mBuilding C object CMakeFiles/cartographer_ros_msgs__rosidl_generator_c.dir/rosidl_generator_c/cartographer_ros_msgs/srv/start_trajectory__functions.c.o[0m
[ 10%] [32mBuilding C object CMakeFiles/cartographer_ros_msgs__rosidl_generator_c.dir/rosidl_generator_c/cartographer_ros_msgs/srv/submap_query__functions.c.o[0m
[ 11%] [32mBuilding C object CMakeFiles/cartographer_ros_msgs__rosidl_generator_c.dir/rosidl_generator_c/cartographer_ros_msgs/srv/write_state__functions.c.o[0m
[ 12%] [32m[1mLinking C shared library libcartographer_ros_msgs__rosidl_generator_c.so[0m
[ 12%] Built target cartographer_ros_msgs__rosidl_generator_c
[ 13%] [34m[1mGenerating C++ type support for eProsima Fast-RTPS[0m
[ 14%] [34m[1mGenerating C type support dispatch for ROS interfaces[0m
[ 15%] [34m[1mGenerating C++ type support dispatch for ROS interfaces[0m
[ 15%] [34m[1mGenerating C++ introspection for ROS interfaces[0m
[35m[1mScanning dependencies of target cartographer_ros_msgs__rosidl_typesupport_c[0m
[ 15%] [32mBuilding CXX object CMakeFiles/cartographer_ros_msgs__rosidl_typesupport_c.dir/rosidl_typesupport_c/cartographer_ros_msgs/msg/landmark_entry__type_support.cpp.o[0m
[ 16%] [32mBuilding CXX object CMakeFiles/cartographer_ros_msgs__rosidl_typesupport_c.dir/rosidl_typesupport_c/cartographer_ros_msgs/msg/landmark_list__type_support.cpp.o[0m
[35m[1mScanning dependencies of target cartographer_ros_msgs__rosidl_typesupport_fastrtps_cpp[0m
[ 17%] [32mBuilding CXX object CMakeFiles/cartographer_ros_msgs__rosidl_typesupport_c.dir/rosidl_typesupport_c/cartographer_ros_msgs/msg/sensor_topics__type_support.cpp.o[0m
[ 18%] [32mBuilding CXX object CMakeFiles/cartographer_ros_msgs__rosidl_typesupport_fastrtps_cpp.dir/rosidl_typesupport_fastrtps_cpp/cartographer_ros_msgs/msg/dds_fastrtps/landmark_entry__type_support.cpp.o[0m
[ 19%] [32mBuilding CXX object CMakeFiles/cartographer_ros_msgs__rosidl_typesupport_c.dir/rosidl_typesupport_c/cartographer_ros_msgs/msg/status_code__type_support.cpp.o[0m
[ 20%] [32mBuilding CXX object CMakeFiles/cartographer_ros_msgs__rosidl_typesupport_c.dir/rosidl_typesupport_c/cartographer_ros_msgs/msg/status_response__type_support.cpp.o[0m
[ 20%] [32mBuilding CXX object CMakeFiles/cartographer_ros_msgs__rosidl_typesupport_c.dir/rosidl_typesupport_c/cartographer_ros_msgs/msg/submap_entry__type_support.cpp.o[0m
[35m[1mScanning dependencies of target cartographer_ros_msgs__rosidl_typesupport_cpp[0m
[ 21%] [32mBuilding CXX object CMakeFiles/cartographer_ros_msgs__rosidl_typesupport_c.dir/rosidl_typesupport_c/cartographer_ros_msgs/msg/submap_list__type_support.cpp.o[0m
[ 22%] [32mBuilding CXX object CMakeFiles/cartographer_ros_msgs__rosidl_typesupport_cpp.dir/rosidl_typesupport_cpp/cartographer_ros_msgs/msg/landmark_entry__type_support.cpp.o[0m
[ 23%] [32mBuilding CXX object CMakeFiles/cartographer_ros_msgs__rosidl_typesupport_c.dir/rosidl_typesupport_c/cartographer_ros_msgs/msg/submap_texture__type_support.cpp.o[0m
[ 24%] [32mBuilding CXX object CMakeFiles/cartographer_ros_msgs__rosidl_typesupport_c.dir/rosidl_typesupport_c/cartographer_ros_msgs/msg/trajectory_options__type_support.cpp.o[0m
[ 25%] [32mBuilding CXX object CMakeFiles/cartographer_ros_msgs__rosidl_typesupport_c.dir/rosidl_typesupport_c/cartographer_ros_msgs/srv/finish_trajectory__type_support.cpp.o[0m
[ 25%] [32mBuilding CXX object CMakeFiles/cartographer_ros_msgs__rosidl_typesupport_c.dir/rosidl_typesupport_c/cartographer_ros_msgs/srv/start_trajectory__type_support.cpp.o[0m
[ 26%] [32mBuilding CXX object CMakeFiles/cartographer_ros_msgs__rosidl_typesupport_fastrtps_cpp.dir/rosidl_typesupport_fastrtps_cpp/cartographer_ros_msgs/msg/dds_fastrtps/landmark_list__type_support.cpp.o[0m
[ 27%] [32mBuilding CXX object CMakeFiles/cartographer_ros_msgs__rosidl_typesupport_c.dir/rosidl_typesupport_c/cartographer_ros_msgs/srv/submap_query__type_support.cpp.o[0m
[ 28%] [32mBuilding CXX object CMakeFiles/cartographer_ros_msgs__rosidl_typesupport_c.dir/rosidl_typesupport_c/cartographer_ros_msgs/srv/write_state__type_support.cpp.o[0m
[ 29%] [32mBuilding CXX object CMakeFiles/cartographer_ros_msgs__rosidl_typesupport_cpp.dir/rosidl_typesupport_cpp/cartographer_ros_msgs/msg/landmark_list__type_support.cpp.o[0m
[ 30%] [32m[1mLinking CXX shared library libcartographer_ros_msgs__rosidl_typesupport_c.so[0m
[ 30%] Built target cartographer_ros_msgs__rosidl_typesupport_c
[35m[1mScanning dependencies of target cartographer_ros_msgs__rosidl_typesupport_introspection_cpp[0m
[ 31%] [32mBuilding CXX object CMakeFiles/cartographer_ros_msgs__rosidl_typesupport_introspection_cpp.dir/rosidl_typesupport_introspection_cpp/cartographer_ros_msgs/msg/landmark_entry__type_support.cpp.o[0m
[ 31%] [32mBuilding CXX object CMakeFiles/cartographer_ros_msgs__rosidl_typesupport_cpp.dir/rosidl_typesupport_cpp/cartographer_ros_msgs/msg/sensor_topics__type_support.cpp.o[0m
[ 32%] [32mBuilding CXX object CMakeFiles/cartographer_ros_msgs__rosidl_typesupport_fastrtps_cpp.dir/rosidl_typesupport_fastrtps_cpp/cartographer_ros_msgs/msg/dds_fastrtps/sensor_topics__type_support.cpp.o[0m
[ 33%] [32mBuilding CXX object CMakeFiles/cartographer_ros_msgs__rosidl_typesupport_introspection_cpp.dir/rosidl_typesupport_introspection_cpp/cartographer_ros_msgs/msg/landmark_list__type_support.cpp.o[0m
[ 34%] [32mBuilding CXX object CMakeFiles/cartographer_ros_msgs__rosidl_typesupport_cpp.dir/rosidl_typesupport_cpp/cartographer_ros_msgs/msg/status_code__type_support.cpp.o[0m
[ 34%] [32mBuilding CXX object CMakeFiles/cartographer_ros_msgs__rosidl_typesupport_fastrtps_cpp.dir/rosidl_typesupport_fastrtps_cpp/cartographer_ros_msgs/msg/dds_fastrtps/status_code__type_support.cpp.o[0m
[ 35%] [32mBuilding CXX object CMakeFiles/cartographer_ros_msgs__rosidl_typesupport_introspection_cpp.dir/rosidl_typesupport_introspection_cpp/cartographer_ros_msgs/msg/sensor_topics__type_support.cpp.o[0m
[ 36%] [32mBuilding CXX object CMakeFiles/cartographer_ros_msgs__rosidl_typesupport_cpp.dir/rosidl_typesupport_cpp/cartographer_ros_msgs/msg/status_response__type_support.cpp.o[0m
[ 37%] [32mBuilding CXX object CMakeFiles/cartographer_ros_msgs__rosidl_typesupport_introspection_cpp.dir/rosidl_typesupport_introspection_cpp/cartographer_ros_msgs/msg/status_code__type_support.cpp.o[0m
[ 38%] [32mBuilding CXX object CMakeFiles/cartographer_ros_msgs__rosidl_typesupport_fastrtps_cpp.dir/rosidl_typesupport_fastrtps_cpp/cartographer_ros_msgs/msg/dds_fastrtps/status_response__type_support.cpp.o[0m
[ 39%] [32mBuilding CXX object CMakeFiles/cartographer_ros_msgs__rosidl_typesupport_cpp.dir/rosidl_typesupport_cpp/cartographer_ros_msgs/msg/submap_entry__type_support.cpp.o[0m
[ 39%] [32mBuilding CXX object CMakeFiles/cartographer_ros_msgs__rosidl_typesupport_introspection_cpp.dir/rosidl_typesupport_introspection_cpp/cartographer_ros_msgs/msg/status_response__type_support.cpp.o[0m
[ 40%] [32mBuilding CXX object CMakeFiles/cartographer_ros_msgs__rosidl_typesupport_cpp.dir/rosidl_typesupport_cpp/cartographer_ros_msgs/msg/submap_list__type_support.cpp.o[0m
[ 41%] [32mBuilding CXX object CMakeFiles/cartographer_ros_msgs__rosidl_typesupport_introspection_cpp.dir/rosidl_typesupport_introspection_cpp/cartographer_ros_msgs/msg/submap_entry__type_support.cpp.o[0m
[ 42%] [32mBuilding CXX object CMakeFiles/cartographer_ros_msgs__rosidl_typesupport_fastrtps_cpp.dir/rosidl_typesupport_fastrtps_cpp/cartographer_ros_msgs/msg/dds_fastrtps/submap_entry__type_support.cpp.o[0m
[ 42%] [32mBuilding CXX object CMakeFiles/cartographer_ros_msgs__rosidl_typesupport_cpp.dir/rosidl_typesupport_cpp/cartographer_ros_msgs/msg/submap_texture__type_support.cpp.o[0m
[ 43%] [32mBuilding CXX object CMakeFiles/cartographer_ros_msgs__rosidl_typesupport_introspection_cpp.dir/rosidl_typesupport_introspection_cpp/cartographer_ros_msgs/msg/submap_list__type_support.cpp.o[0m
[ 44%] [32mBuilding CXX object CMakeFiles/cartographer_ros_msgs__rosidl_typesupport_fastrtps_cpp.dir/rosidl_typesupport_fastrtps_cpp/cartographer_ros_msgs/msg/dds_fastrtps/submap_list__type_support.cpp.o[0m
[ 45%] [32mBuilding CXX object CMakeFiles/cartographer_ros_msgs__rosidl_typesupport_cpp.dir/rosidl_typesupport_cpp/cartographer_ros_msgs/msg/trajectory_options__type_support.cpp.o[0m
[ 46%] [32mBuilding CXX object CMakeFiles/cartographer_ros_msgs__rosidl_typesupport_introspection_cpp.dir/rosidl_typesupport_introspection_cpp/cartographer_ros_msgs/msg/submap_texture__type_support.cpp.o[0m
[ 47%] [32mBuilding CXX object CMakeFiles/cartographer_ros_msgs__rosidl_typesupport_cpp.dir/rosidl_typesupport_cpp/cartographer_ros_msgs/srv/finish_trajectory__type_support.cpp.o[0m
[ 48%] [32mBuilding CXX object CMakeFiles/cartographer_ros_msgs__rosidl_typesupport_fastrtps_cpp.dir/rosidl_typesupport_fastrtps_cpp/cartographer_ros_msgs/msg/dds_fastrtps/submap_texture__type_support.cpp.o[0m
[ 49%] [32mBuilding CXX object CMakeFiles/cartographer_ros_msgs__rosidl_typesupport_introspection_cpp.dir/rosidl_typesupport_introspection_cpp/cartographer_ros_msgs/msg/trajectory_options__type_support.cpp.o[0m
[ 50%] [32mBuilding CXX object CMakeFiles/cartographer_ros_msgs__rosidl_typesupport_cpp.dir/rosidl_typesupport_cpp/cartographer_ros_msgs/srv/start_trajectory__type_support.cpp.o[0m
[ 50%] [32mBuilding CXX object CMakeFiles/cartographer_ros_msgs__rosidl_typesupport_introspection_cpp.dir/rosidl_typesupport_introspection_cpp/cartographer_ros_msgs/srv/finish_trajectory__type_support.cpp.o[0m
[ 50%] [32mBuilding CXX object CMakeFiles/cartographer_ros_msgs__rosidl_typesupport_fastrtps_cpp.dir/rosidl_typesupport_fastrtps_cpp/cartographer_ros_msgs/msg/dds_fastrtps/trajectory_options__type_support.cpp.o[0m
[ 51%] [32mBuilding CXX object CMakeFiles/cartographer_ros_msgs__rosidl_typesupport_cpp.dir/rosidl_typesupport_cpp/cartographer_ros_msgs/srv/submap_query__type_support.cpp.o[0m
[ 52%] [32mBuilding CXX object CMakeFiles/cartographer_ros_msgs__rosidl_typesupport_introspection_cpp.dir/rosidl_typesupport_introspection_cpp/cartographer_ros_msgs/srv/start_trajectory__type_support.cpp.o[0m
[ 53%] [32mBuilding CXX object CMakeFiles/cartographer_ros_msgs__rosidl_typesupport_introspection_cpp.dir/rosidl_typesupport_introspection_cpp/cartographer_ros_msgs/srv/submap_query__type_support.cpp.o[0m
[ 54%] [32mBuilding CXX object CMakeFiles/cartographer_ros_msgs__rosidl_typesupport_fastrtps_cpp.dir/rosidl_typesupport_fastrtps_cpp/cartographer_ros_msgs/srv/dds_fastrtps/finish_trajectory__type_support.cpp.o[0m
[ 54%] [32mBuilding CXX object CMakeFiles/cartographer_ros_msgs__rosidl_typesupport_cpp.dir/rosidl_typesupport_cpp/cartographer_ros_msgs/srv/write_state__type_support.cpp.o[0m
[ 55%] [32mBuilding CXX object CMakeFiles/cartographer_ros_msgs__rosidl_typesupport_introspection_cpp.dir/rosidl_typesupport_introspection_cpp/cartographer_ros_msgs/srv/write_state__type_support.cpp.o[0m
[ 56%] [32m[1mLinking CXX shared library libcartographer_ros_msgs__rosidl_typesupport_cpp.so[0m
[ 56%] Built target cartographer_ros_msgs__rosidl_typesupport_cpp
[ 57%] [32mBuilding CXX object CMakeFiles/cartographer_ros_msgs__rosidl_typesupport_fastrtps_cpp.dir/rosidl_typesupport_fastrtps_cpp/cartographer_ros_msgs/srv/dds_fastrtps/start_trajectory__type_support.cpp.o[0m
[ 58%] [32m[1mLinking CXX shared library libcartographer_ros_msgs__rosidl_typesupport_introspection_cpp.so[0m
[ 58%] Built target cartographer_ros_msgs__rosidl_typesupport_introspection_cpp
[ 59%] [32mBuilding CXX object CMakeFiles/cartographer_ros_msgs__rosidl_typesupport_fastrtps_cpp.dir/rosidl_typesupport_fastrtps_cpp/cartographer_ros_msgs/srv/dds_fastrtps/write_state__type_support.cpp.o[0m
[ 60%] [32mBuilding CXX object CMakeFiles/cartographer_ros_msgs__rosidl_typesupport_fastrtps_cpp.dir/rosidl_typesupport_fastrtps_cpp/cartographer_ros_msgs/srv/dds_fastrtps/submap_query__type_support.cpp.o[0m
[ 60%] [32m[1mLinking CXX shared library libcartographer_ros_msgs__rosidl_typesupport_fastrtps_cpp.so[0m
[ 60%] Built target cartographer_ros_msgs__rosidl_typesupport_fastrtps_cpp
[ 61%] [34m[1mGenerating C introspection for ROS interfaces[0m
[35m[1mScanning dependencies of target cartographer_ros_msgs__rosidl_typesupport_introspection_c[0m
[ 62%] [32mBuilding C object CMakeFiles/cartographer_ros_msgs__rosidl_typesupport_introspection_c.dir/rosidl_typesupport_introspection_c/cartographer_ros_msgs/msg/landmark_entry__type_support.c.o[0m
[ 62%] [32mBuilding C object CMakeFiles/cartographer_ros_msgs__rosidl_typesupport_introspection_c.dir/rosidl_typesupport_introspection_c/cartographer_ros_msgs/msg/sensor_topics__type_support.c.o[0m
[ 63%] [32mBuilding C object CMakeFiles/cartographer_ros_msgs__rosidl_typesupport_introspection_c.dir/rosidl_typesupport_introspection_c/cartographer_ros_msgs/msg/status_code__type_support.c.o[0m
[ 64%] [32mBuilding C object CMakeFiles/cartographer_ros_msgs__rosidl_typesupport_introspection_c.dir/rosidl_typesupport_introspection_c/cartographer_ros_msgs/msg/status_response__type_support.c.o[0m
[ 65%] [32mBuilding C object CMakeFiles/cartographer_ros_msgs__rosidl_typesupport_introspection_c.dir/rosidl_typesupport_introspection_c/cartographer_ros_msgs/msg/submap_entry__type_support.c.o[0m
[ 66%] [32mBuilding C object CMakeFiles/cartographer_ros_msgs__rosidl_typesupport_introspection_c.dir/rosidl_typesupport_introspection_c/cartographer_ros_msgs/msg/submap_list__type_support.c.o[0m
[ 66%] [32mBuilding C object CMakeFiles/cartographer_ros_msgs__rosidl_typesupport_introspection_c.dir/rosidl_typesupport_introspection_c/cartographer_ros_msgs/msg/submap_texture__type_support.c.o[0m
[ 67%] [32mBuilding C object CMakeFiles/cartographer_ros_msgs__rosidl_typesupport_introspection_c.dir/rosidl_typesupport_introspection_c/cartographer_ros_msgs/msg/trajectory_options__type_support.c.o[0m
[ 68%] [32mBuilding C object CMakeFiles/cartographer_ros_msgs__rosidl_typesupport_introspection_c.dir/rosidl_typesupport_introspection_c/cartographer_ros_msgs/srv/finish_trajectory__type_support.c.o[0m
[ 69%] [32mBuilding C object CMakeFiles/cartographer_ros_msgs__rosidl_typesupport_introspection_c.dir/rosidl_typesupport_introspection_c/cartographer_ros_msgs/srv/start_trajectory__type_support.c.o[0m
[ 70%] [32mBuilding C object CMakeFiles/cartographer_ros_msgs__rosidl_typesupport_introspection_c.dir/rosidl_typesupport_introspection_c/cartographer_ros_msgs/srv/submap_query__type_support.c.o[0m
[ 70%] [32mBuilding C object CMakeFiles/cartographer_ros_msgs__rosidl_typesupport_introspection_c.dir/rosidl_typesupport_introspection_c/cartographer_ros_msgs/srv/write_state__type_support.c.o[0m
[ 71%] [32mBuilding C object CMakeFiles/cartographer_ros_msgs__rosidl_typesupport_introspection_c.dir/rosidl_typesupport_introspection_c/cartographer_ros_msgs/msg/landmark_list__type_support.c.o[0m
[ 72%] [32m[1mLinking C shared library libcartographer_ros_msgs__rosidl_typesupport_introspection_c.so[0m
[ 72%] Built target cartographer_ros_msgs__rosidl_typesupport_introspection_c
[ 73%] [34m[1mGenerating C type support for eProsima Fast-RTPS[0m
[35m[1mScanning dependencies of target cartographer_ros_msgs__rosidl_typesupport_fastrtps_c[0m
[ 74%] [32mBuilding CXX object CMakeFiles/cartographer_ros_msgs__rosidl_typesupport_fastrtps_c.dir/rosidl_typesupport_fastrtps_c/cartographer_ros_msgs/msg/landmark_entry__type_support_c.cpp.o[0m
[ 75%] [32mBuilding CXX object CMakeFiles/cartographer_ros_msgs__rosidl_typesupport_fastrtps_c.dir/rosidl_typesupport_fastrtps_c/cartographer_ros_msgs/msg/status_code__type_support_c.cpp.o[0m
[ 76%] [32mBuilding CXX object CMakeFiles/cartographer_ros_msgs__rosidl_typesupport_fastrtps_c.dir/rosidl_typesupport_fastrtps_c/cartographer_ros_msgs/msg/status_response__type_support_c.cpp.o[0m
[ 77%] [32mBuilding CXX object CMakeFiles/cartographer_ros_msgs__rosidl_typesupport_fastrtps_c.dir/rosidl_typesupport_fastrtps_c/cartographer_ros_msgs/msg/submap_entry__type_support_c.cpp.o[0m
[ 77%] [32mBuilding CXX object CMakeFiles/cartographer_ros_msgs__rosidl_typesupport_fastrtps_c.dir/rosidl_typesupport_fastrtps_c/cartographer_ros_msgs/msg/submap_list__type_support_c.cpp.o[0m
[ 78%] [32mBuilding CXX object CMakeFiles/cartographer_ros_msgs__rosidl_typesupport_fastrtps_c.dir/rosidl_typesupport_fastrtps_c/cartographer_ros_msgs/msg/submap_texture__type_support_c.cpp.o[0m
[ 79%] [32mBuilding CXX object CMakeFiles/cartographer_ros_msgs__rosidl_typesupport_fastrtps_c.dir/rosidl_typesupport_fastrtps_c/cartographer_ros_msgs/msg/trajectory_options__type_support_c.cpp.o[0m
[ 80%] [32mBuilding CXX object CMakeFiles/cartographer_ros_msgs__rosidl_typesupport_fastrtps_c.dir/rosidl_typesupport_fastrtps_c/cartographer_ros_msgs/srv/finish_trajectory__type_support_c.cpp.o[0m
[ 81%] [32mBuilding CXX object CMakeFiles/cartographer_ros_msgs__rosidl_typesupport_fastrtps_c.dir/rosidl_typesupport_fastrtps_c/cartographer_ros_msgs/srv/start_trajectory__type_support_c.cpp.o[0m
[ 81%] [32mBuilding CXX object CMakeFiles/cartographer_ros_msgs__rosidl_typesupport_fastrtps_c.dir/rosidl_typesupport_fastrtps_c/cartographer_ros_msgs/srv/submap_query__type_support_c.cpp.o[0m
[ 82%] [32mBuilding CXX object CMakeFiles/cartographer_ros_msgs__rosidl_typesupport_fastrtps_c.dir/rosidl_typesupport_fastrtps_c/cartographer_ros_msgs/srv/write_state__type_support_c.cpp.o[0m
[ 83%] [32mBuilding CXX object CMakeFiles/cartographer_ros_msgs__rosidl_typesupport_fastrtps_c.dir/rosidl_typesupport_fastrtps_c/cartographer_ros_msgs/msg/sensor_topics__type_support_c.cpp.o[0m
[ 83%] [32mBuilding CXX object CMakeFiles/cartographer_ros_msgs__rosidl_typesupport_fastrtps_c.dir/rosidl_typesupport_fastrtps_c/cartographer_ros_msgs/msg/landmark_list__type_support_c.cpp.o[0m
[ 84%] [32m[1mLinking CXX shared library libcartographer_ros_msgs__rosidl_typesupport_fastrtps_c.so[0m
[ 84%] Built target cartographer_ros_msgs__rosidl_typesupport_fastrtps_c
[35m[1mScanning dependencies of target cartographer_ros_msgs[0m
[ 84%] Built target cartographer_ros_msgs
[35m[1mScanning dependencies of target cartographer_ros_msgs__py[0m
[ 85%] [34m[1mGenerating Python code for ROS interfaces[0m
[ 85%] Built target cartographer_ros_msgs__py
[35m[1mScanning dependencies of target cartographer_ros_msgs__python[0m
[ 86%] [32mBuilding C object CMakeFiles/cartographer_ros_msgs__python.dir/rosidl_generator_py/cartographer_ros_msgs/msg/_landmark_entry_s.c.o[0m
[ 87%] [32mBuilding C object CMakeFiles/cartographer_ros_msgs__python.dir/rosidl_generator_py/cartographer_ros_msgs/msg/_status_code_s.c.o[0m
[ 88%] [32mBuilding C object CMakeFiles/cartographer_ros_msgs__python.dir/rosidl_generator_py/cartographer_ros_msgs/msg/_status_response_s.c.o[0m
[ 89%] [32mBuilding C object CMakeFiles/cartographer_ros_msgs__python.dir/rosidl_generator_py/cartographer_ros_msgs/msg/_submap_entry_s.c.o[0m
[ 90%] [32mBuilding C object CMakeFiles/cartographer_ros_msgs__python.dir/rosidl_generator_py/cartographer_ros_msgs/msg/_submap_list_s.c.o[0m
[ 90%] [32mBuilding C object CMakeFiles/cartographer_ros_msgs__python.dir/rosidl_generator_py/cartographer_ros_msgs/msg/_submap_texture_s.c.o[0m
[ 91%] [32mBuilding C object CMakeFiles/cartographer_ros_msgs__python.dir/rosidl_generator_py/cartographer_ros_msgs/msg/_trajectory_options_s.c.o[0m
[ 92%] [32mBuilding C object CMakeFiles/cartographer_ros_msgs__python.dir/rosidl_generator_py/cartographer_ros_msgs/srv/_finish_trajectory_s.c.o[0m
[ 93%] [32mBuilding C object CMakeFiles/cartographer_ros_msgs__python.dir/rosidl_generator_py/cartographer_ros_msgs/srv/_start_trajectory_s.c.o[0m
[ 94%] [32mBuilding C object CMakeFiles/cartographer_ros_msgs__python.dir/rosidl_generator_py/cartographer_ros_msgs/srv/_submap_query_s.c.o[0m
[ 94%] [32mBuilding C object CMakeFiles/cartographer_ros_msgs__python.dir/rosidl_generator_py/cartographer_ros_msgs/srv/_write_state_s.c.o[0m
[ 94%] [32mBuilding C object CMakeFiles/cartographer_ros_msgs__python.dir/rosidl_generator_py/cartographer_ros_msgs/msg/_sensor_topics_s.c.o[0m
[ 95%] [32mBuilding C object CMakeFiles/cartographer_ros_msgs__python.dir/rosidl_generator_py/cartographer_ros_msgs/msg/_landmark_list_s.c.o[0m
[ 96%] [32m[1mLinking C shared library rosidl_generator_py/cartographer_ros_msgs/libcartographer_ros_msgs__python.so[0m
[ 96%] Built target cartographer_ros_msgs__python
[35m[1mScanning dependencies of target cartographer_ros_msgs__rosidl_typesupport_c__pyext[0m
[ 97%] [32mBuilding C object CMakeFiles/cartographer_ros_msgs__rosidl_typesupport_c__pyext.dir/rosidl_generator_py/cartographer_ros_msgs/_cartographer_ros_msgs_s.ep.rosidl_typesupport_c.c.o[0m
[ 97%] [32m[1mLinking C shared library rosidl_generator_py/cartographer_ros_msgs/cartographer_ros_msgs_s__rosidl_typesupport_c.cpython-36m-aarch64-linux-gnu.so[0m
[ 97%] Built target cartographer_ros_msgs__rosidl_typesupport_c__pyext
[35m[1mScanning dependencies of target cartographer_ros_msgs__rosidl_typesupport_fastrtps_c__pyext[0m
[ 98%] [32mBuilding C object CMakeFiles/cartographer_ros_msgs__rosidl_typesupport_fastrtps_c__pyext.dir/rosidl_generator_py/cartographer_ros_msgs/_cartographer_ros_msgs_s.ep.rosidl_typesupport_fastrtps_c.c.o[0m
[ 98%] [32m[1mLinking C shared library rosidl_generator_py/cartographer_ros_msgs/cartographer_ros_msgs_s__rosidl_typesupport_fastrtps_c.cpython-36m-aarch64-linux-gnu.so[0m
[ 98%] Built target cartographer_ros_msgs__rosidl_typesupport_fastrtps_c__pyext
[35m[1mScanning dependencies of target cartographer_ros_msgs__rosidl_typesupport_introspection_c__pyext[0m
[ 99%] [32mBuilding C object CMakeFiles/cartographer_ros_msgs__rosidl_typesupport_introspection_c__pyext.dir/rosidl_generator_py/cartographer_ros_msgs/_cartographer_ros_msgs_s.ep.rosidl_typesupport_introspection_c.c.o[0m
[100%] [32m[1mLinking C shared library rosidl_generator_py/cartographer_ros_msgs/cartographer_ros_msgs_s__rosidl_typesupport_introspection_c.cpython-36m-aarch64-linux-gnu.so[0m
[100%] Built target cartographer_ros_msgs__rosidl_typesupport_introspection_c__pyext
[ 12%] Built target cartographer_ros_msgs__rosidl_generator_c
[ 12%] Built target cartographer_ros_msgs__cpp
[ 24%] Built target cartographer_ros_msgs__rosidl_typesupport_introspection_c
[ 36%] Built target cartographer_ros_msgs__rosidl_typesupport_cpp
[ 48%] Built target cartographer_ros_msgs__rosidl_typesupport_fastrtps_cpp
[ 60%] Built target cartographer_ros_msgs__rosidl_typesupport_introspection_cpp
[ 72%] Built target cartographer_ros_msgs__rosidl_typesupport_fastrtps_c
[ 84%] Built target cartographer_ros_msgs__rosidl_typesupport_c
[ 84%] Built target cartographer_ros_msgs
[ 85%] Built target cartographer_ros_msgs__py
[ 96%] Built target cartographer_ros_msgs__python
[ 97%] Built target cartographer_ros_msgs__rosidl_typesupport_c__pyext
[ 98%] Built target cartographer_ros_msgs__rosidl_typesupport_fastrtps_c__pyext
[100%] Built target cartographer_ros_msgs__rosidl_typesupport_introspection_c__pyext
[36mInstall the project...[0m
-- Install configuration: ""
-- Execute custom install script
-- Symlinking: /home/moon/S08P31C208/ROS/buruemi_ws/install/cartographer_ros_msgs/share/ament_index/resource_index/rosidl_interfaces/cartographer_ros_msgs
-- Symlinking: /home/moon/S08P31C208/ROS/buruemi_ws/install/cartographer_ros_msgs/include/cartographer_ros_msgs/msg/landmark_entry.hpp
-- Symlinking: /home/moon/S08P31C208/ROS/buruemi_ws/install/cartographer_ros_msgs/include/cartographer_ros_msgs/msg/landmark_entry__struct.hpp
-- Symlinking: /home/moon/S08P31C208/ROS/buruemi_ws/install/cartographer_ros_msgs/include/cartographer_ros_msgs/msg/landmark_entry__traits.hpp
-- Symlinking: /home/moon/S08P31C208/ROS/buruemi_ws/install/cartographer_ros_msgs/include/cartographer_ros_msgs/msg/landmark_list.hpp
-- Symlinking: /home/moon/S08P31C208/ROS/buruemi_ws/install/cartographer_ros_msgs/include/cartographer_ros_msgs/msg/landmark_list__struct.hpp
-- Symlinking: /home/moon/S08P31C208/ROS/buruemi_ws/install/cartographer_ros_msgs/include/cartographer_ros_msgs/msg/landmark_list__traits.hpp
-- Symlinking: /home/moon/S08P31C208/ROS/buruemi_ws/install/cartographer_ros_msgs/include/cartographer_ros_msgs/msg/sensor_topics.hpp
-- Symlinking: /home/moon/S08P31C208/ROS/buruemi_ws/install/cartographer_ros_msgs/include/cartographer_ros_msgs/msg/sensor_topics__struct.hpp
-- Symlinking: /home/moon/S08P31C208/ROS/buruemi_ws/install/cartographer_ros_msgs/include/cartographer_ros_msgs/msg/sensor_topics__traits.hpp
-- Symlinking: /home/moon/S08P31C208/ROS/buruemi_ws/install/cartographer_ros_msgs/include/cartographer_ros_msgs/msg/status_code.hpp
-- Symlinking: /home/moon/S08P31C208/ROS/buruemi_ws/install/cartographer_ros_msgs/include/cartographer_ros_msgs/msg/status_code__struct.hpp
-- Symlinking: /home/moon/S08P31C208/ROS/buruemi_ws/install/cartographer_ros_msgs/include/cartographer_ros_msgs/msg/status_code__traits.hpp
-- Symlinking: /home/moon/S08P31C208/ROS/buruemi_ws/install/cartographer_ros_msgs/include/cartographer_ros_msgs/msg/status_response.hpp
-- Symlinking: /home/moon/S08P31C208/ROS/buruemi_ws/install/cartographer_ros_msgs/include/cartographer_ros_msgs/msg/status_response__struct.hpp
-- Symlinking: /home/moon/S08P31C208/ROS/buruemi_ws/install/cartographer_ros_msgs/include/cartographer_ros_msgs/msg/status_response__traits.hpp
-- Symlinking: /home/moon/S08P31C208/ROS/buruemi_ws/install/cartographer_ros_msgs/include/cartographer_ros_msgs/msg/submap_entry.hpp
-- Symlinking: /home/moon/S08P31C208/ROS/buruemi_ws/install/cartographer_ros_msgs/include/cartographer_ros_msgs/msg/submap_entry__struct.hpp
-- Symlinking: /home/moon/S08P31C208/ROS/buruemi_ws/install/cartographer_ros_msgs/include/cartographer_ros_msgs/msg/submap_entry__traits.hpp
-- Symlinking: /home/moon/S08P31C208/ROS/buruemi_ws/install/cartographer_ros_msgs/include/cartographer_ros_msgs/msg/submap_list.hpp
-- Symlinking: /home/moon/S08P31C208/ROS/buruemi_ws/install/cartographer_ros_msgs/include/cartographer_ros_msgs/msg/submap_list__struct.hpp
-- Symlinking: /home/moon/S08P31C208/ROS/buruemi_ws/install/cartographer_ros_msgs/include/cartographer_ros_msgs/msg/submap_list__traits.hpp
-- Symlinking: /home/moon/S08P31C208/ROS/buruemi_ws/install/cartographer_ros_msgs/include/cartographer_ros_msgs/msg/submap_texture.hpp
-- Symlinking: /home/moon/S08P31C208/ROS/buruemi_ws/install/cartographer_ros_msgs/include/cartographer_ros_msgs/msg/submap_texture__struct.hpp
-- Symlinking: /home/moon/S08P31C208/ROS/buruemi_ws/install/cartographer_ros_msgs/include/cartographer_ros_msgs/msg/submap_texture__traits.hpp
-- Symlinking: /home/moon/S08P31C208/ROS/buruemi_ws/install/cartographer_ros_msgs/include/cartographer_ros_msgs/msg/trajectory_options.hpp
-- Symlinking: /home/moon/S08P31C208/ROS/buruemi_ws/install/cartographer_ros_msgs/include/cartographer_ros_msgs/msg/trajectory_options__struct.hpp
-- Symlinking: /home/moon/S08P31C208/ROS/buruemi_ws/install/cartographer_ros_msgs/include/cartographer_ros_msgs/msg/trajectory_options__traits.hpp
-- Symlinking: /home/moon/S08P31C208/ROS/buruemi_ws/install/cartographer_ros_msgs/include/cartographer_ros_msgs/srv/finish_trajectory.hpp
-- Symlinking: /home/moon/S08P31C208/ROS/buruemi_ws/install/cartographer_ros_msgs/include/cartographer_ros_msgs/srv/finish_trajectory__struct.hpp
-- Symlinking: /home/moon/S08P31C208/ROS/buruemi_ws/install/cartographer_ros_msgs/include/cartographer_ros_msgs/srv/finish_trajectory__traits.hpp
-- Symlinking: /home/moon/S08P31C208/ROS/buruemi_ws/install/cartographer_ros_msgs/include/cartographer_ros_msgs/srv/start_trajectory.hpp
-- Symlinking: /home/moon/S08P31C208/ROS/buruemi_ws/install/cartographer_ros_msgs/include/cartographer_ros_msgs/srv/start_trajectory__struct.hpp
-- Symlinking: /home/moon/S08P31C208/ROS/buruemi_ws/install/cartographer_ros_msgs/include/cartographer_ros_msgs/srv/start_trajectory__traits.hpp
-- Symlinking: /home/moon/S08P31C208/ROS/buruemi_ws/install/cartographer_ros_msgs/include/cartographer_ros_msgs/srv/submap_query.hpp
-- Symlinking: /home/moon/S08P31C208/ROS/buruemi_ws/install/cartographer_ros_msgs/include/cartographer_ros_msgs/srv/submap_query__struct.hpp
-- Symlinking: /home/moon/S08P31C208/ROS/buruemi_ws/install/cartographer_ros_msgs/include/cartographer_ros_msgs/srv/submap_query__traits.hpp
-- Symlinking: /home/moon/S08P31C208/ROS/buruemi_ws/install/cartographer_ros_msgs/include/cartographer_ros_msgs/srv/write_state.hpp
-- Symlinking: /home/moon/S08P31C208/ROS/buruemi_ws/install/cartographer_ros_msgs/include/cartographer_ros_msgs/srv/write_state__struct.hpp
-- Symlinking: /home/moon/S08P31C208/ROS/buruemi_ws/install/cartographer_ros_msgs/include/cartographer_ros_msgs/srv/write_state__traits.hpp
-- Symlinking: /home/moon/S08P31C208/ROS/buruemi_ws/install/cartographer_ros_msgs/include/cartographer_ros_msgs/msg/landmark_entry.h
-- Symlinking: /home/moon/S08P31C208/ROS/buruemi_ws/install/cartographer_ros_msgs/include/cartographer_ros_msgs/msg/landmark_entry__functions.h
-- Symlinking: /home/moon/S08P31C208/ROS/buruemi_ws/install/cartographer_ros_msgs/include/cartographer_ros_msgs/msg/landmark_entry__struct.h
-- Symlinking: /home/moon/S08P31C208/ROS/buruemi_ws/install/cartographer_ros_msgs/include/cartographer_ros_msgs/msg/landmark_entry__type_support.h
-- Symlinking: /home/moon/S08P31C208/ROS/buruemi_ws/install/cartographer_ros_msgs/include/cartographer_ros_msgs/msg/landmark_list.h
-- Symlinking: /home/moon/S08P31C208/ROS/buruemi_ws/install/cartographer_ros_msgs/include/cartographer_ros_msgs/msg/landmark_list__functions.h
-- Symlinking: /home/moon/S08P31C208/ROS/buruemi_ws/install/cartographer_ros_msgs/include/cartographer_ros_msgs/msg/landmark_list__struct.h
-- Symlinking: /home/moon/S08P31C208/ROS/buruemi_ws/install/cartographer_ros_msgs/include/cartographer_ros_msgs/msg/landmark_list__type_support.h
-- Symlinking: /home/moon/S08P31C208/ROS/buruemi_ws/install/cartographer_ros_msgs/include/cartographer_ros_msgs/msg/rosidl_generator_c__visibility_control.h
-- Symlinking: /home/moon/S08P31C208/ROS/buruemi_ws/install/cartographer_ros_msgs/include/cartographer_ros_msgs/msg/sensor_topics.h
-- Symlinking: /home/moon/S08P31C208/ROS/buruemi_ws/install/cartographer_ros_msgs/include/cartographer_ros_msgs/msg/sensor_topics__functions.h
-- Symlinking: /home/moon/S08P31C208/ROS/buruemi_ws/install/cartographer_ros_msgs/include/cartographer_ros_msgs/msg/sensor_topics__struct.h
-- Symlinking: /home/moon/S08P31C208/ROS/buruemi_ws/install/cartographer_ros_msgs/include/cartographer_ros_msgs/msg/sensor_topics__type_support.h
-- Symlinking: /home/moon/S08P31C208/ROS/buruemi_ws/install/cartographer_ros_msgs/include/cartographer_ros_msgs/msg/status_code.h
-- Symlinking: /home/moon/S08P31C208/ROS/buruemi_ws/install/cartographer_ros_msgs/include/cartographer_ros_msgs/msg/status_code__functions.h
-- Symlinking: /home/moon/S08P31C208/ROS/buruemi_ws/install/cartographer_ros_msgs/include/cartographer_ros_msgs/msg/status_code__struct.h
-- Symlinking: /home/moon/S08P31C208/ROS/buruemi_ws/install/cartographer_ros_msgs/include/cartographer_ros_msgs/msg/status_code__type_support.h
-- Symlinking: /home/moon/S08P31C208/ROS/buruemi_ws/install/cartographer_ros_msgs/include/cartographer_ros_msgs/msg/status_response.h
-- Symlinking: /home/moon/S08P31C208/ROS/buruemi_ws/install/cartographer_ros_msgs/include/cartographer_ros_msgs/msg/status_response__functions.h
-- Symlinking: /home/moon/S08P31C208/ROS/buruemi_ws/install/cartographer_ros_msgs/include/cartographer_ros_msgs/msg/status_response__struct.h
-- Symlinking: /home/moon/S08P31C208/ROS/buruemi_ws/install/cartographer_ros_msgs/include/cartographer_ros_msgs/msg/status_response__type_support.h
-- Symlinking: /home/moon/S08P31C208/ROS/buruemi_ws/install/cartographer_ros_msgs/include/cartographer_ros_msgs/msg/submap_entry.h
-- Symlinking: /home/moon/S08P31C208/ROS/buruemi_ws/install/cartographer_ros_msgs/include/cartographer_ros_msgs/msg/submap_entry__functions.h
-- Symlinking: /home/moon/S08P31C208/ROS/buruemi_ws/install/cartographer_ros_msgs/include/cartographer_ros_msgs/msg/submap_entry__struct.h
-- Symlinking: /home/moon/S08P31C208/ROS/buruemi_ws/install/cartographer_ros_msgs/include/cartographer_ros_msgs/msg/submap_entry__type_support.h
-- Symlinking: /home/moon/S08P31C208/ROS/buruemi_ws/install/cartographer_ros_msgs/include/cartographer_ros_msgs/msg/submap_list.h
-- Symlinking: /home/moon/S08P31C208/ROS/buruemi_ws/install/cartographer_ros_msgs/include/cartographer_ros_msgs/msg/submap_list__functions.h
-- Symlinking: /home/moon/S08P31C208/ROS/buruemi_ws/install/cartographer_ros_msgs/include/cartographer_ros_msgs/msg/submap_list__struct.h
-- Symlinking: /home/moon/S08P31C208/ROS/buruemi_ws/install/cartographer_ros_msgs/include/cartographer_ros_msgs/msg/submap_list__type_support.h
-- Symlinking: /home/moon/S08P31C208/ROS/buruemi_ws/install/cartographer_ros_msgs/include/cartographer_ros_msgs/msg/submap_texture.h
-- Symlinking: /home/moon/S08P31C208/ROS/buruemi_ws/install/cartographer_ros_msgs/include/cartographer_ros_msgs/msg/submap_texture__functions.h
-- Symlinking: /home/moon/S08P31C208/ROS/buruemi_ws/install/cartographer_ros_msgs/include/cartographer_ros_msgs/msg/submap_texture__struct.h
-- Symlinking: /home/moon/S08P31C208/ROS/buruemi_ws/install/cartographer_ros_msgs/include/cartographer_ros_msgs/msg/submap_texture__type_support.h
-- Symlinking: /home/moon/S08P31C208/ROS/buruemi_ws/install/cartographer_ros_msgs/include/cartographer_ros_msgs/msg/trajectory_options.h
-- Symlinking: /home/moon/S08P31C208/ROS/buruemi_ws/install/cartographer_ros_msgs/include/cartographer_ros_msgs/msg/trajectory_options__functions.h
-- Symlinking: /home/moon/S08P31C208/ROS/buruemi_ws/install/cartographer_ros_msgs/include/cartographer_ros_msgs/msg/trajectory_options__struct.h
-- Symlinking: /home/moon/S08P31C208/ROS/buruemi_ws/install/cartographer_ros_msgs/include/cartographer_ros_msgs/msg/trajectory_options__type_support.h
-- Symlinking: /home/moon/S08P31C208/ROS/buruemi_ws/install/cartographer_ros_msgs/include/cartographer_ros_msgs/srv/finish_trajectory.h
-- Symlinking: /home/moon/S08P31C208/ROS/buruemi_ws/install/cartographer_ros_msgs/include/cartographer_ros_msgs/srv/finish_trajectory__functions.h
-- Symlinking: /home/moon/S08P31C208/ROS/buruemi_ws/install/cartographer_ros_msgs/include/cartographer_ros_msgs/srv/finish_trajectory__struct.h
-- Symlinking: /home/moon/S08P31C208/ROS/buruemi_ws/install/cartographer_ros_msgs/include/cartographer_ros_msgs/srv/finish_trajectory__type_support.h
-- Symlinking: /home/moon/S08P31C208/ROS/buruemi_ws/install/cartographer_ros_msgs/include/cartographer_ros_msgs/srv/start_trajectory.h
-- Symlinking: /home/moon/S08P31C208/ROS/buruemi_ws/install/cartographer_ros_msgs/include/cartographer_ros_msgs/srv/start_trajectory__functions.h
-- Symlinking: /home/moon/S08P31C208/ROS/buruemi_ws/install/cartographer_ros_msgs/include/cartographer_ros_msgs/srv/start_trajectory__struct.h
-- Symlinking: /home/moon/S08P31C208/ROS/buruemi_ws/install/cartographer_ros_msgs/include/cartographer_ros_msgs/srv/start_trajectory__type_support.h
-- Symlinking: /home/moon/S08P31C208/ROS/buruemi_ws/install/cartographer_ros_msgs/include/cartographer_ros_msgs/srv/submap_query.h
-- Symlinking: /home/moon/S08P31C208/ROS/buruemi_ws/install/cartographer_ros_msgs/include/cartographer_ros_msgs/srv/submap_query__functions.h
-- Symlinking: /home/moon/S08P31C208/ROS/buruemi_ws/install/cartographer_ros_msgs/include/cartographer_ros_msgs/srv/submap_query__struct.h
-- Symlinking: /home/moon/S08P31C208/ROS/buruemi_ws/install/cartographer_ros_msgs/include/cartographer_ros_msgs/srv/submap_query__type_support.h
-- Symlinking: /home/moon/S08P31C208/ROS/buruemi_ws/install/cartographer_ros_msgs/include/cartographer_ros_msgs/srv/write_state.h
-- Symlinking: /home/moon/S08P31C208/ROS/buruemi_ws/install/cartographer_ros_msgs/include/cartographer_ros_msgs/srv/write_state__functions.h
-- Symlinking: /home/moon/S08P31C208/ROS/buruemi_ws/install/cartographer_ros_msgs/include/cartographer_ros_msgs/srv/write_state__struct.h
-- Symlinking: /home/moon/S08P31C208/ROS/buruemi_ws/install/cartographer_ros_msgs/include/cartographer_ros_msgs/srv/write_state__type_support.h
-- Symlinking: /home/moon/S08P31C208/ROS/buruemi_ws/install/cartographer_ros_msgs/share/cartographer_ros_msgs/environment/library_path.sh
-- Symlinking: /home/moon/S08P31C208/ROS/buruemi_ws/install/cartographer_ros_msgs/lib/libcartographer_ros_msgs__rosidl_generator_c.so
-- Symlinking: /home/moon/S08P31C208/ROS/buruemi_ws/install/cartographer_ros_msgs/lib/libcartographer_ros_msgs__rosidl_typesupport_c.so
-- Symlinking: /home/moon/S08P31C208/ROS/buruemi_ws/install/cartographer_ros_msgs/lib/libcartographer_ros_msgs__rosidl_typesupport_cpp.so
-- Symlinking: /home/moon/S08P31C208/ROS/buruemi_ws/install/cartographer_ros_msgs/include/cartographer_ros_msgs/msg/landmark_entry__rosidl_typesupport_introspection_c.h
-- Symlinking: /home/moon/S08P31C208/ROS/buruemi_ws/install/cartographer_ros_msgs/include/cartographer_ros_msgs/msg/landmark_list__rosidl_typesupport_introspection_c.h
-- Symlinking: /home/moon/S08P31C208/ROS/buruemi_ws/install/cartographer_ros_msgs/include/cartographer_ros_msgs/msg/rosidl_typesupport_introspection_c__visibility_control.h
-- Symlinking: /home/moon/S08P31C208/ROS/buruemi_ws/install/cartographer_ros_msgs/include/cartographer_ros_msgs/msg/sensor_topics__rosidl_typesupport_introspection_c.h
-- Symlinking: /home/moon/S08P31C208/ROS/buruemi_ws/install/cartographer_ros_msgs/include/cartographer_ros_msgs/msg/status_code__rosidl_typesupport_introspection_c.h
-- Symlinking: /home/moon/S08P31C208/ROS/buruemi_ws/install/cartographer_ros_msgs/include/cartographer_ros_msgs/msg/status_response__rosidl_typesupport_introspection_c.h
-- Symlinking: /home/moon/S08P31C208/ROS/buruemi_ws/install/cartographer_ros_msgs/include/cartographer_ros_msgs/msg/submap_entry__rosidl_typesupport_introspection_c.h
-- Symlinking: /home/moon/S08P31C208/ROS/buruemi_ws/install/cartographer_ros_msgs/include/cartographer_ros_msgs/msg/submap_list__rosidl_typesupport_introspection_c.h
-- Symlinking: /home/moon/S08P31C208/ROS/buruemi_ws/install/cartographer_ros_msgs/include/cartographer_ros_msgs/msg/submap_texture__rosidl_typesupport_introspection_c.h
-- Symlinking: /home/moon/S08P31C208/ROS/buruemi_ws/install/cartographer_ros_msgs/include/cartographer_ros_msgs/msg/trajectory_options__rosidl_typesupport_introspection_c.h
-- Symlinking: /home/moon/S08P31C208/ROS/buruemi_ws/install/cartographer_ros_msgs/include/cartographer_ros_msgs/srv/finish_trajectory__rosidl_typesupport_introspection_c.h
-- Symlinking: /home/moon/S08P31C208/ROS/buruemi_ws/install/cartographer_ros_msgs/include/cartographer_ros_msgs/srv/start_trajectory__rosidl_typesupport_introspection_c.h
-- Symlinking: /home/moon/S08P31C208/ROS/buruemi_ws/install/cartographer_ros_msgs/include/cartographer_ros_msgs/srv/submap_query__rosidl_typesupport_introspection_c.h
-- Symlinking: /home/moon/S08P31C208/ROS/buruemi_ws/install/cartographer_ros_msgs/include/cartographer_ros_msgs/srv/write_state__rosidl_typesupport_introspection_c.h
-- Symlinking: /home/moon/S08P31C208/ROS/buruemi_ws/install/cartographer_ros_msgs/lib/libcartographer_ros_msgs__rosidl_typesupport_introspection_c.so
-- Symlinking: /home/moon/S08P31C208/ROS/buruemi_ws/install/cartographer_ros_msgs/include/cartographer_ros_msgs/msg/landmark_entry__rosidl_typesupport_introspection_cpp.hpp
-- Symlinking: /home/moon/S08P31C208/ROS/buruemi_ws/install/cartographer_ros_msgs/include/cartographer_ros_msgs/msg/landmark_list__rosidl_typesupport_introspection_cpp.hpp
-- Symlinking: /home/moon/S08P31C208/ROS/buruemi_ws/install/cartographer_ros_msgs/include/cartographer_ros_msgs/msg/sensor_topics__rosidl_typesupport_introspection_cpp.hpp
-- Symlinking: /home/moon/S08P31C208/ROS/buruemi_ws/install/cartographer_ros_msgs/include/cartographer_ros_msgs/msg/status_code__rosidl_typesupport_introspection_cpp.hpp
-- Symlinking: /home/moon/S08P31C208/ROS/buruemi_ws/install/cartographer_ros_msgs/include/cartographer_ros_msgs/msg/status_response__rosidl_typesupport_introspection_cpp.hpp
-- Symlinking: /home/moon/S08P31C208/ROS/buruemi_ws/install/cartographer_ros_msgs/include/cartographer_ros_msgs/msg/submap_entry__rosidl_typesupport_introspection_cpp.hpp
-- Symlinking: /home/moon/S08P31C208/ROS/buruemi_ws/install/cartographer_ros_msgs/include/cartographer_ros_msgs/msg/submap_list__rosidl_typesupport_introspection_cpp.hpp
-- Symlinking: /home/moon/S08P31C208/ROS/buruemi_ws/install/cartographer_ros_msgs/include/cartographer_ros_msgs/msg/submap_texture__rosidl_typesupport_introspection_cpp.hpp
-- Symlinking: /home/moon/S08P31C208/ROS/buruemi_ws/install/cartographer_ros_msgs/include/cartographer_ros_msgs/msg/trajectory_options__rosidl_typesupport_introspection_cpp.hpp
-- Symlinking: /home/moon/S08P31C208/ROS/buruemi_ws/install/cartographer_ros_msgs/include/cartographer_ros_msgs/srv/finish_trajectory__rosidl_typesupport_introspection_cpp.hpp
-- Symlinking: /home/moon/S08P31C208/ROS/buruemi_ws/install/cartographer_ros_msgs/include/cartographer_ros_msgs/srv/start_trajectory__rosidl_typesupport_introspection_cpp.hpp
-- Symlinking: /home/moon/S08P31C208/ROS/buruemi_ws/install/cartographer_ros_msgs/include/cartographer_ros_msgs/srv/submap_query__rosidl_typesupport_introspection_cpp.hpp
-- Symlinking: /home/moon/S08P31C208/ROS/buruemi_ws/install/cartographer_ros_msgs/include/cartographer_ros_msgs/srv/write_state__rosidl_typesupport_introspection_cpp.hpp
-- Symlinking: /home/moon/S08P31C208/ROS/buruemi_ws/install/cartographer_ros_msgs/lib/libcartographer_ros_msgs__rosidl_typesupport_introspection_cpp.so
-- Symlinking: /home/moon/S08P31C208/ROS/buruemi_ws/install/cartographer_ros_msgs/include/cartographer_ros_msgs/msg/landmark_entry__rosidl_typesupport_fastrtps_c.h
-- Symlinking: /home/moon/S08P31C208/ROS/buruemi_ws/install/cartographer_ros_msgs/include/cartographer_ros_msgs/msg/landmark_list__rosidl_typesupport_fastrtps_c.h
-- Symlinking: /home/moon/S08P31C208/ROS/buruemi_ws/install/cartographer_ros_msgs/include/cartographer_ros_msgs/msg/rosidl_typesupport_fastrtps_c__visibility_control.h
-- Symlinking: /home/moon/S08P31C208/ROS/buruemi_ws/install/cartographer_ros_msgs/include/cartographer_ros_msgs/msg/sensor_topics__rosidl_typesupport_fastrtps_c.h
-- Symlinking: /home/moon/S08P31C208/ROS/buruemi_ws/install/cartographer_ros_msgs/include/cartographer_ros_msgs/msg/status_code__rosidl_typesupport_fastrtps_c.h
-- Symlinking: /home/moon/S08P31C208/ROS/buruemi_ws/install/cartographer_ros_msgs/include/cartographer_ros_msgs/msg/status_response__rosidl_typesupport_fastrtps_c.h
-- Symlinking: /home/moon/S08P31C208/ROS/buruemi_ws/install/cartographer_ros_msgs/include/cartographer_ros_msgs/msg/submap_entry__rosidl_typesupport_fastrtps_c.h
-- Symlinking: /home/moon/S08P31C208/ROS/buruemi_ws/install/cartographer_ros_msgs/include/cartographer_ros_msgs/msg/submap_list__rosidl_typesupport_fastrtps_c.h
-- Symlinking: /home/moon/S08P31C208/ROS/buruemi_ws/install/cartographer_ros_msgs/include/cartographer_ros_msgs/msg/submap_texture__rosidl_typesupport_fastrtps_c.h
-- Symlinking: /home/moon/S08P31C208/ROS/buruemi_ws/install/cartographer_ros_msgs/include/cartographer_ros_msgs/msg/trajectory_options__rosidl_typesupport_fastrtps_c.h
-- Symlinking: /home/moon/S08P31C208/ROS/buruemi_ws/install/cartographer_ros_msgs/include/cartographer_ros_msgs/srv/finish_trajectory__rosidl_typesupport_fastrtps_c.h
-- Symlinking: /home/moon/S08P31C208/ROS/buruemi_ws/install/cartographer_ros_msgs/include/cartographer_ros_msgs/srv/start_trajectory__rosidl_typesupport_fastrtps_c.h
-- Symlinking: /home/moon/S08P31C208/ROS/buruemi_ws/install/cartographer_ros_msgs/include/cartographer_ros_msgs/srv/submap_query__rosidl_typesupport_fastrtps_c.h
-- Symlinking: /home/moon/S08P31C208/ROS/buruemi_ws/install/cartographer_ros_msgs/include/cartographer_ros_msgs/srv/write_state__rosidl_typesupport_fastrtps_c.h
-- Symlinking: /home/moon/S08P31C208/ROS/buruemi_ws/install/cartographer_ros_msgs/lib/libcartographer_ros_msgs__rosidl_typesupport_fastrtps_c.so
-- Symlinking: /home/moon/S08P31C208/ROS/buruemi_ws/install/cartographer_ros_msgs/include/cartographer_ros_msgs/msg/landmark_entry__rosidl_typesupport_fastrtps_cpp.hpp
-- Symlinking: /home/moon/S08P31C208/ROS/buruemi_ws/install/cartographer_ros_msgs/include/cartographer_ros_msgs/msg/landmark_list__rosidl_typesupport_fastrtps_cpp.hpp
-- Symlinking: /home/moon/S08P31C208/ROS/buruemi_ws/install/cartographer_ros_msgs/include/cartographer_ros_msgs/msg/rosidl_typesupport_fastrtps_cpp__visibility_control.h
-- Symlinking: /home/moon/S08P31C208/ROS/buruemi_ws/install/cartographer_ros_msgs/include/cartographer_ros_msgs/msg/sensor_topics__rosidl_typesupport_fastrtps_cpp.hpp
-- Symlinking: /home/moon/S08P31C208/ROS/buruemi_ws/install/cartographer_ros_msgs/include/cartographer_ros_msgs/msg/status_code__rosidl_typesupport_fastrtps_cpp.hpp
-- Symlinking: /home/moon/S08P31C208/ROS/buruemi_ws/install/cartographer_ros_msgs/include/cartographer_ros_msgs/msg/status_response__rosidl_typesupport_fastrtps_cpp.hpp
-- Symlinking: /home/moon/S08P31C208/ROS/buruemi_ws/install/cartographer_ros_msgs/include/cartographer_ros_msgs/msg/submap_entry__rosidl_typesupport_fastrtps_cpp.hpp
-- Symlinking: /home/moon/S08P31C208/ROS/buruemi_ws/install/cartographer_ros_msgs/include/cartographer_ros_msgs/msg/submap_list__rosidl_typesupport_fastrtps_cpp.hpp
-- Symlinking: /home/moon/S08P31C208/ROS/buruemi_ws/install/cartographer_ros_msgs/include/cartographer_ros_msgs/msg/submap_texture__rosidl_typesupport_fastrtps_cpp.hpp
-- Symlinking: /home/moon/S08P31C208/ROS/buruemi_ws/install/cartographer_ros_msgs/include/cartographer_ros_msgs/msg/trajectory_options__rosidl_typesupport_fastrtps_cpp.hpp
-- Symlinking: /home/moon/S08P31C208/ROS/buruemi_ws/install/cartographer_ros_msgs/include/cartographer_ros_msgs/srv/finish_trajectory__rosidl_typesupport_fastrtps_cpp.hpp
-- Symlinking: /home/moon/S08P31C208/ROS/buruemi_ws/install/cartographer_ros_msgs/include/cartographer_ros_msgs/srv/start_trajectory__rosidl_typesupport_fastrtps_cpp.hpp
-- Symlinking: /home/moon/S08P31C208/ROS/buruemi_ws/install/cartographer_ros_msgs/include/cartographer_ros_msgs/srv/submap_query__rosidl_typesupport_fastrtps_cpp.hpp
-- Symlinking: /home/moon/S08P31C208/ROS/buruemi_ws/install/cartographer_ros_msgs/include/cartographer_ros_msgs/srv/write_state__rosidl_typesupport_fastrtps_cpp.hpp
-- Symlinking: /home/moon/S08P31C208/ROS/buruemi_ws/install/cartographer_ros_msgs/lib/libcartographer_ros_msgs__rosidl_typesupport_fastrtps_cpp.so
-- Symlinking: /home/moon/S08P31C208/ROS/buruemi_ws/install/cartographer_ros_msgs/share/cartographer_ros_msgs/environment/pythonpath.sh
-- Symlinking: /home/moon/S08P31C208/ROS/buruemi_ws/install/cartographer_ros_msgs/lib/python3.6/site-packages/cartographer_ros_msgs/__init__.py
-- Symlinking: /home/moon/S08P31C208/ROS/buruemi_ws/install/cartographer_ros_msgs/lib/python3.6/site-packages/cartographer_ros_msgs/msg/__init__.py
-- Symlinking: /home/moon/S08P31C208/ROS/buruemi_ws/install/cartographer_ros_msgs/lib/python3.6/site-packages/cartographer_ros_msgs/msg/_landmark_entry.py
-- Symlinking: /home/moon/S08P31C208/ROS/buruemi_ws/install/cartographer_ros_msgs/lib/python3.6/site-packages/cartographer_ros_msgs/msg/_landmark_list.py
-- Symlinking: /home/moon/S08P31C208/ROS/buruemi_ws/install/cartographer_ros_msgs/lib/python3.6/site-packages/cartographer_ros_msgs/msg/_sensor_topics.py
-- Symlinking: /home/moon/S08P31C208/ROS/buruemi_ws/install/cartographer_ros_msgs/lib/python3.6/site-packages/cartographer_ros_msgs/msg/_status_code.py
-- Symlinking: /home/moon/S08P31C208/ROS/buruemi_ws/install/cartographer_ros_msgs/lib/python3.6/site-packages/cartographer_ros_msgs/msg/_status_response.py
-- Symlinking: /home/moon/S08P31C208/ROS/buruemi_ws/install/cartographer_ros_msgs/lib/python3.6/site-packages/cartographer_ros_msgs/msg/_submap_entry.py
-- Symlinking: /home/moon/S08P31C208/ROS/buruemi_ws/install/cartographer_ros_msgs/lib/python3.6/site-packages/cartographer_ros_msgs/msg/_submap_list.py
-- Symlinking: /home/moon/S08P31C208/ROS/buruemi_ws/install/cartographer_ros_msgs/lib/python3.6/site-packages/cartographer_ros_msgs/msg/_submap_texture.py
-- Symlinking: /home/moon/S08P31C208/ROS/buruemi_ws/install/cartographer_ros_msgs/lib/python3.6/site-packages/cartographer_ros_msgs/msg/_trajectory_options.py
-- Symlinking: /home/moon/S08P31C208/ROS/buruemi_ws/install/cartographer_ros_msgs/lib/python3.6/site-packages/cartographer_ros_msgs/srv/__init__.py
-- Symlinking: /home/moon/S08P31C208/ROS/buruemi_ws/install/cartographer_ros_msgs/lib/python3.6/site-packages/cartographer_ros_msgs/srv/_finish_trajectory.py
-- Symlinking: /home/moon/S08P31C208/ROS/buruemi_ws/install/cartographer_ros_msgs/lib/python3.6/site-packages/cartographer_ros_msgs/srv/_start_trajectory.py
-- Symlinking: /home/moon/S08P31C208/ROS/buruemi_ws/install/cartographer_ros_msgs/lib/python3.6/site-packages/cartographer_ros_msgs/srv/_submap_query.py
-- Symlinking: /home/moon/S08P31C208/ROS/buruemi_ws/install/cartographer_ros_msgs/lib/python3.6/site-packages/cartographer_ros_msgs/srv/_write_state.py
-- Symlinking: /home/moon/S08P31C208/ROS/buruemi_ws/install/cartographer_ros_msgs/lib/python3.6/site-packages/cartographer_ros_msgs/cartographer_ros_msgs_s__rosidl_typesupport_c.cpython-36m-aarch64-linux-gnu.so
-- Symlinking: /home/moon/S08P31C208/ROS/buruemi_ws/install/cartographer_ros_msgs/lib/python3.6/site-packages/cartographer_ros_msgs/cartographer_ros_msgs_s__rosidl_typesupport_introspection_c.cpython-36m-aarch64-linux-gnu.so
-- Symlinking: /home/moon/S08P31C208/ROS/buruemi_ws/install/cartographer_ros_msgs/lib/python3.6/site-packages/cartographer_ros_msgs/cartographer_ros_msgs_s__rosidl_typesupport_fastrtps_c.cpython-36m-aarch64-linux-gnu.so
-- Symlinking: /home/moon/S08P31C208/ROS/buruemi_ws/install/cartographer_ros_msgs/lib/libcartographer_ros_msgs__python.so
-- Symlinking: /home/moon/S08P31C208/ROS/buruemi_ws/install/cartographer_ros_msgs/share/cartographer_ros_msgs/msg/LandmarkEntry.idl
-- Symlinking: /home/moon/S08P31C208/ROS/buruemi_ws/install/cartographer_ros_msgs/share/cartographer_ros_msgs/msg/LandmarkList.idl
-- Symlinking: /home/moon/S08P31C208/ROS/buruemi_ws/install/cartographer_ros_msgs/share/cartographer_ros_msgs/msg/SensorTopics.idl
-- Symlinking: /home/moon/S08P31C208/ROS/buruemi_ws/install/cartographer_ros_msgs/share/cartographer_ros_msgs/msg/StatusCode.idl
-- Symlinking: /home/moon/S08P31C208/ROS/buruemi_ws/install/cartographer_ros_msgs/share/cartographer_ros_msgs/msg/StatusResponse.idl
-- Symlinking: /home/moon/S08P31C208/ROS/buruemi_ws/install/cartographer_ros_msgs/share/cartographer_ros_msgs/msg/SubmapEntry.idl
-- Symlinking: /home/moon/S08P31C208/ROS/buruemi_ws/install/cartographer_ros_msgs/share/cartographer_ros_msgs/msg/SubmapList.idl
-- Symlinking: /home/moon/S08P31C208/ROS/buruemi_ws/install/cartographer_ros_msgs/share/cartographer_ros_msgs/msg/SubmapTexture.idl
-- Symlinking: /home/moon/S08P31C208/ROS/buruemi_ws/install/cartographer_ros_msgs/share/cartographer_ros_msgs/msg/TrajectoryOptions.idl
-- Symlinking: /home/moon/S08P31C208/ROS/buruemi_ws/install/cartographer_ros_msgs/share/cartographer_ros_msgs/srv/FinishTrajectory.idl
-- Symlinking: /home/moon/S08P31C208/ROS/buruemi_ws/install/cartographer_ros_msgs/share/cartographer_ros_msgs/srv/StartTrajectory.idl
-- Symlinking: /home/moon/S08P31C208/ROS/buruemi_ws/install/cartographer_ros_msgs/share/cartographer_ros_msgs/srv/SubmapQuery.idl
-- Symlinking: /home/moon/S08P31C208/ROS/buruemi_ws/install/cartographer_ros_msgs/share/cartographer_ros_msgs/srv/WriteState.idl
-- Symlinking: /home/moon/S08P31C208/ROS/buruemi_ws/install/cartographer_ros_msgs/share/cartographer_ros_msgs/msg/LandmarkEntry.msg
-- Symlinking: /home/moon/S08P31C208/ROS/buruemi_ws/install/cartographer_ros_msgs/share/cartographer_ros_msgs/msg/LandmarkList.msg
-- Symlinking: /home/moon/S08P31C208/ROS/buruemi_ws/install/cartographer_ros_msgs/share/cartographer_ros_msgs/msg/SensorTopics.msg
-- Symlinking: /home/moon/S08P31C208/ROS/buruemi_ws/install/cartographer_ros_msgs/share/cartographer_ros_msgs/msg/StatusCode.msg
-- Symlinking: /home/moon/S08P31C208/ROS/buruemi_ws/install/cartographer_ros_msgs/share/cartographer_ros_msgs/msg/StatusResponse.msg
-- Symlinking: /home/moon/S08P31C208/ROS/buruemi_ws/install/cartographer_ros_msgs/share/cartographer_ros_msgs/msg/SubmapEntry.msg
-- Symlinking: /home/moon/S08P31C208/ROS/buruemi_ws/install/cartographer_ros_msgs/share/cartographer_ros_msgs/msg/SubmapList.msg
-- Symlinking: /home/moon/S08P31C208/ROS/buruemi_ws/install/cartographer_ros_msgs/share/cartographer_ros_msgs/msg/SubmapTexture.msg
-- Symlinking: /home/moon/S08P31C208/ROS/buruemi_ws/install/cartographer_ros_msgs/share/cartographer_ros_msgs/msg/TrajectoryOptions.msg
-- Symlinking: /home/moon/S08P31C208/ROS/buruemi_ws/install/cartographer_ros_msgs/share/cartographer_ros_msgs/srv/FinishTrajectory.srv
-- Symlinking: /home/moon/S08P31C208/ROS/buruemi_ws/install/cartographer_ros_msgs/share/cartographer_ros_msgs/srv/FinishTrajectory_Request.msg
-- Symlinking: /home/moon/S08P31C208/ROS/buruemi_ws/install/cartographer_ros_msgs/share/cartographer_ros_msgs/srv/FinishTrajectory_Response.msg
-- Symlinking: /home/moon/S08P31C208/ROS/buruemi_ws/install/cartographer_ros_msgs/share/cartographer_ros_msgs/srv/StartTrajectory.srv
-- Symlinking: /home/moon/S08P31C208/ROS/buruemi_ws/install/cartographer_ros_msgs/share/cartographer_ros_msgs/srv/StartTrajectory_Request.msg
-- Symlinking: /home/moon/S08P31C208/ROS/buruemi_ws/install/cartographer_ros_msgs/share/cartographer_ros_msgs/srv/StartTrajectory_Response.msg
-- Symlinking: /home/moon/S08P31C208/ROS/buruemi_ws/install/cartographer_ros_msgs/share/cartographer_ros_msgs/srv/SubmapQuery.srv
-- Symlinking: /home/moon/S08P31C208/ROS/buruemi_ws/install/cartographer_ros_msgs/share/cartographer_ros_msgs/srv/SubmapQuery_Request.msg
-- Symlinking: /home/moon/S08P31C208/ROS/buruemi_ws/install/cartographer_ros_msgs/share/cartographer_ros_msgs/srv/SubmapQuery_Response.msg
-- Symlinking: /home/moon/S08P31C208/ROS/buruemi_ws/install/cartographer_ros_msgs/share/cartographer_ros_msgs/srv/WriteState.srv
-- Symlinking: /home/moon/S08P31C208/ROS/buruemi_ws/install/cartographer_ros_msgs/share/cartographer_ros_msgs/srv/WriteState_Request.msg
-- Symlinking: /home/moon/S08P31C208/ROS/buruemi_ws/install/cartographer_ros_msgs/share/cartographer_ros_msgs/srv/WriteState_Response.msg
-- Symlinking: /home/moon/S08P31C208/ROS/buruemi_ws/install/cartographer_ros_msgs/share/ament_index/resource_index/package_run_dependencies/cartographer_ros_msgs
-- Symlinking: /home/moon/S08P31C208/ROS/buruemi_ws/install/cartographer_ros_msgs/share/ament_index/resource_index/parent_prefix_path/cartographer_ros_msgs
-- Symlinking: /home/moon/S08P31C208/ROS/buruemi_ws/install/cartographer_ros_msgs/share/cartographer_ros_msgs/environment/ament_prefix_path.sh
-- Symlinking: /home/moon/S08P31C208/ROS/buruemi_ws/install/cartographer_ros_msgs/share/cartographer_ros_msgs/environment/path.sh
-- Symlinking: /home/moon/S08P31C208/ROS/buruemi_ws/install/cartographer_ros_msgs/share/cartographer_ros_msgs/local_setup.bash
-- Symlinking: /home/moon/S08P31C208/ROS/buruemi_ws/install/cartographer_ros_msgs/share/cartographer_ros_msgs/local_setup.sh
-- Symlinking: /home/moon/S08P31C208/ROS/buruemi_ws/install/cartographer_ros_msgs/share/cartographer_ros_msgs/local_setup.zsh
-- Symlinking: /home/moon/S08P31C208/ROS/buruemi_ws/install/cartographer_ros_msgs/share/ament_index/resource_index/packages/cartographer_ros_msgs
-- Symlinking: /home/moon/S08P31C208/ROS/buruemi_ws/install/cartographer_ros_msgs/share/cartographer_ros_msgs/cmake/rosidl_cmake-extras.cmake
-- Symlinking: /home/moon/S08P31C208/ROS/buruemi_ws/install/cartographer_ros_msgs/share/cartographer_ros_msgs/cmake/ament_cmake_export_dependencies-extras.cmake
-- Symlinking: /home/moon/S08P31C208/ROS/buruemi_ws/install/cartographer_ros_msgs/share/cartographer_ros_msgs/cmake/ament_cmake_export_include_directories-extras.cmake
-- Symlinking: /home/moon/S08P31C208/ROS/buruemi_ws/install/cartographer_ros_msgs/share/cartographer_ros_msgs/cmake/ament_cmake_export_libraries-extras.cmake
-- Symlinking: /home/moon/S08P31C208/ROS/buruemi_ws/install/cartographer_ros_msgs/share/cartographer_ros_msgs/cmake/cartographer_ros_msgsConfig.cmake
-- Symlinking: /home/moon/S08P31C208/ROS/buruemi_ws/install/cartographer_ros_msgs/share/cartographer_ros_msgs/cmake/cartographer_ros_msgsConfig-version.cmake
-- Symlinking: /home/moon/S08P31C208/ROS/buruemi_ws/install/cartographer_ros_msgs/share/cartographer_ros_msgs/package.xml
Compiling '/home/moon/S08P31C208/ROS/buruemi_ws/install/cartographer_ros_msgs/lib/python3.6/site-packages/cartographer_ros_msgs/__init__.py'...
