[0.529s] Invoking command in '/home/moon/S08P31C208/ROS/buruemi_ws/build/turtlebot3_bringup': CMAKE_PREFIX_PATH=/home/moon/S08P31C208/ROS/buruemi_ws/install/turtlebot3_node:/home/moon/S08P31C208/ROS/buruemi_ws/install/turtlebot3_description:/home/moon/S08P31C208/ROS/buruemi_ws/install/turtlebot3:/home/moon/S08P31C208/ROS/buruemi_ws/install/turtlebot3_bringup:/home/moon/S08P31C208/ROS/buruemi_ws/install/turtlebot3_navigation2:/home/moon/S08P31C208/ROS/buruemi_ws/install/turtlebot3_cartographer:/home/moon/S08P31C208/ROS/buruemi_ws/install/ld08_driver:/home/moon/S08P31C208/ROS/buruemi_ws/install/lidar_filter:/home/moon/S08P31C208/ROS/buruemi_ws/install/turtlebot3_teleop:/home/moon/S08P31C208/ROS/buruemi_ws/install/turtlebot3_example:/opt/ros/dashing /usr/bin/cmake --build /home/moon/S08P31C208/ROS/buruemi_ws/build/turtlebot3_bringup -- -j4 -l4
[1.080s] Invoked command in '/home/moon/S08P31C208/ROS/buruemi_ws/build/turtlebot3_bringup' returned '0': CMAKE_PREFIX_PATH=/home/moon/S08P31C208/ROS/buruemi_ws/install/turtlebot3_node:/home/moon/S08P31C208/ROS/buruemi_ws/install/turtlebot3_description:/home/moon/S08P31C208/ROS/buruemi_ws/install/turtlebot3:/home/moon/S08P31C208/ROS/buruemi_ws/install/turtlebot3_bringup:/home/moon/S08P31C208/ROS/buruemi_ws/install/turtlebot3_navigation2:/home/moon/S08P31C208/ROS/buruemi_ws/install/turtlebot3_cartographer:/home/moon/S08P31C208/ROS/buruemi_ws/install/ld08_driver:/home/moon/S08P31C208/ROS/buruemi_ws/install/lidar_filter:/home/moon/S08P31C208/ROS/buruemi_ws/install/turtlebot3_teleop:/home/moon/S08P31C208/ROS/buruemi_ws/install/turtlebot3_example:/opt/ros/dashing /usr/bin/cmake --build /home/moon/S08P31C208/ROS/buruemi_ws/build/turtlebot3_bringup -- -j4 -l4
[1.372s] Invoking command in '/home/moon/S08P31C208/ROS/buruemi_ws/build/turtlebot3_bringup': CMAKE_PREFIX_PATH=/home/moon/S08P31C208/ROS/buruemi_ws/install/turtlebot3_node:/home/moon/S08P31C208/ROS/buruemi_ws/install/turtlebot3_description:/home/moon/S08P31C208/ROS/buruemi_ws/install/turtlebot3:/home/moon/S08P31C208/ROS/buruemi_ws/install/turtlebot3_bringup:/home/moon/S08P31C208/ROS/buruemi_ws/install/turtlebot3_navigation2:/home/moon/S08P31C208/ROS/buruemi_ws/install/turtlebot3_cartographer:/home/moon/S08P31C208/ROS/buruemi_ws/install/ld08_driver:/home/moon/S08P31C208/ROS/buruemi_ws/install/lidar_filter:/home/moon/S08P31C208/ROS/buruemi_ws/install/turtlebot3_teleop:/home/moon/S08P31C208/ROS/buruemi_ws/install/turtlebot3_example:/opt/ros/dashing /usr/bin/cmake --build /home/moon/S08P31C208/ROS/buruemi_ws/build/turtlebot3_bringup --target install -- -j4 -l4
[1.961s] [36mInstall the project...[0m
[2.075s] -- Install configuration: ""
[2.078s] -- Execute custom install script
[2.080s] -- Up-to-date symlink: /home/moon/S08P31C208/ROS/buruemi_ws/install/turtlebot3_bringup/share/turtlebot3_bringup/launch/robot.launch.py
[2.084s] -- Up-to-date symlink: /home/moon/S08P31C208/ROS/buruemi_ws/install/turtlebot3_bringup/share/turtlebot3_bringup/launch/rviz2.launch.py
[2.085s] -- Up-to-date symlink: /home/moon/S08P31C208/ROS/buruemi_ws/install/turtlebot3_bringup/share/turtlebot3_bringup/launch/turtlebot3_state_publisher.launch.py
[2.095s] -- Up-to-date symlink: /home/moon/S08P31C208/ROS/buruemi_ws/install/turtlebot3_bringup/share/turtlebot3_bringup/param/burger.yaml
[2.096s] -- Up-to-date symlink: /home/moon/S08P31C208/ROS/buruemi_ws/install/turtlebot3_bringup/share/turtlebot3_bringup/param/waffle.yaml
[2.097s] -- Up-to-date symlink: /home/moon/S08P31C208/ROS/buruemi_ws/install/turtlebot3_bringup/share/turtlebot3_bringup/param/waffle_pi.yaml
[2.099s] -- Up-to-date symlink: /home/moon/S08P31C208/ROS/buruemi_ws/install/turtlebot3_bringup/share/ament_index/resource_index/package_run_dependencies/turtlebot3_bringup
[2.101s] -- Up-to-date symlink: /home/moon/S08P31C208/ROS/buruemi_ws/install/turtlebot3_bringup/share/ament_index/resource_index/parent_prefix_path/turtlebot3_bringup
[2.102s] -- Up-to-date symlink: /home/moon/S08P31C208/ROS/buruemi_ws/install/turtlebot3_bringup/share/turtlebot3_bringup/environment/ament_prefix_path.sh
[2.105s] -- Up-to-date symlink: /home/moon/S08P31C208/ROS/buruemi_ws/install/turtlebot3_bringup/share/turtlebot3_bringup/environment/path.sh
[2.117s] -- Up-to-date symlink: /home/moon/S08P31C208/ROS/buruemi_ws/install/turtlebot3_bringup/share/turtlebot3_bringup/local_setup.bash
[2.118s] -- Up-to-date symlink: /home/moon/S08P31C208/ROS/buruemi_ws/install/turtlebot3_bringup/share/turtlebot3_bringup/local_setup.sh
[2.120s] -- Up-to-date symlink: /home/moon/S08P31C208/ROS/buruemi_ws/install/turtlebot3_bringup/share/turtlebot3_bringup/local_setup.zsh
[2.121s] -- Up-to-date symlink: /home/moon/S08P31C208/ROS/buruemi_ws/install/turtlebot3_bringup/share/ament_index/resource_index/packages/turtlebot3_bringup
[2.123s] -- Up-to-date symlink: /home/moon/S08P31C208/ROS/buruemi_ws/install/turtlebot3_bringup/share/turtlebot3_bringup/cmake/turtlebot3_bringupConfig.cmake
[2.124s] -- Up-to-date symlink: /home/moon/S08P31C208/ROS/buruemi_ws/install/turtlebot3_bringup/share/turtlebot3_bringup/cmake/turtlebot3_bringupConfig-version.cmake
[2.125s] -- Up-to-date symlink: /home/moon/S08P31C208/ROS/buruemi_ws/install/turtlebot3_bringup/share/turtlebot3_bringup/package.xml
[2.144s] Invoked command in '/home/moon/S08P31C208/ROS/buruemi_ws/build/turtlebot3_bringup' returned '0': CMAKE_PREFIX_PATH=/home/moon/S08P31C208/ROS/buruemi_ws/install/turtlebot3_node:/home/moon/S08P31C208/ROS/buruemi_ws/install/turtlebot3_description:/home/moon/S08P31C208/ROS/buruemi_ws/install/turtlebot3:/home/moon/S08P31C208/ROS/buruemi_ws/install/turtlebot3_bringup:/home/moon/S08P31C208/ROS/buruemi_ws/install/turtlebot3_navigation2:/home/moon/S08P31C208/ROS/buruemi_ws/install/turtlebot3_cartographer:/home/moon/S08P31C208/ROS/buruemi_ws/install/ld08_driver:/home/moon/S08P31C208/ROS/buruemi_ws/install/lidar_filter:/home/moon/S08P31C208/ROS/buruemi_ws/install/turtlebot3_teleop:/home/moon/S08P31C208/ROS/buruemi_ws/install/turtlebot3_example:/opt/ros/dashing /usr/bin/cmake --build /home/moon/S08P31C208/ROS/buruemi_ws/build/turtlebot3_bringup --target install -- -j4 -l4
