[1.436s] Invoking command in '/home/ssafy/robot_ws/build/logging_rclpy_example': PYTHONPATH=/home/ssafy/robot_ws/build/logging_rclpy_example/prefix_override:/home/ssafy/robot_ws/install/logging_rclpy_example/lib/python3.8/site-packages:${PYTHONPATH} /usr/bin/python3 setup.py develop --editable --build-directory /home/ssafy/robot_ws/build/logging_rclpy_example/build --no-deps install_data
[1.717s] running develop
[1.902s] running egg_info
[1.902s] creating logging_rclpy_example.egg-info
[1.902s] writing logging_rclpy_example.egg-info/PKG-INFO
[1.903s] writing dependency_links to logging_rclpy_example.egg-info/dependency_links.txt
[1.903s] writing entry points to logging_rclpy_example.egg-info/entry_points.txt
[1.903s] writing requirements to logging_rclpy_example.egg-info/requires.txt
[1.903s] writing top-level names to logging_rclpy_example.egg-info/top_level.txt
[1.903s] writing manifest file 'logging_rclpy_example.egg-info/SOURCES.txt'
[1.963s] reading manifest file 'logging_rclpy_example.egg-info/SOURCES.txt'
[1.964s] writing manifest file 'logging_rclpy_example.egg-info/SOURCES.txt'
[2.014s] running build_ext
[2.014s] Creating /home/ssafy/robot_ws/install/logging_rclpy_example/lib/python3.8/site-packages/site.py
[2.019s] Creating /home/ssafy/robot_ws/install/logging_rclpy_example/lib/python3.8/site-packages/logging-rclpy-example.egg-link (link to .)
[2.019s] Installing logging_example script to /home/ssafy/robot_ws/install/logging_rclpy_example/lib/logging_rclpy_example
[2.019s] 
[2.019s] Installed /home/ssafy/robot_ws/build/logging_rclpy_example
[2.020s] running install_data
[2.020s] creating /home/ssafy/robot_ws/install/logging_rclpy_example/share/ament_index
[2.020s] creating /home/ssafy/robot_ws/install/logging_rclpy_example/share/ament_index/resource_index
[2.020s] creating /home/ssafy/robot_ws/install/logging_rclpy_example/share/ament_index/resource_index/packages
[2.020s] copying resource/logging_rclpy_example -> /home/ssafy/robot_ws/install/logging_rclpy_example/share/ament_index/resource_index/packages
[2.020s] copying package.xml -> /home/ssafy/robot_ws/install/logging_rclpy_example/share/logging_rclpy_example
[2.069s] Invoked command in '/home/ssafy/robot_ws/build/logging_rclpy_example' returned '0': PYTHONPATH=/home/ssafy/robot_ws/build/logging_rclpy_example/prefix_override:/home/ssafy/robot_ws/install/logging_rclpy_example/lib/python3.8/site-packages:${PYTHONPATH} /usr/bin/python3 setup.py develop --editable --build-directory /home/ssafy/robot_ws/build/logging_rclpy_example/build --no-deps install_data
