-- Found ament_cmake: 0.7.6 (/opt/ros/dashing/share/ament_cmake/cmake)
-- Using PYTHON_EXECUTABLE: /usr/bin/python3
-- Override CMake install command with custom implementation using symlinks instead of copying resources
-- Found nav2_common: 0.2.6 (/home/iju/S08P31C208/ROS/robot_ws/install/nav2_common/share/nav2_common/cmake)
-- Found rclcpp: 0.7.16 (/opt/ros/dashing/share/rclcpp/cmake)
-- Found rosidl_adapter: 0.7.10 (/opt/ros/dashing/share/rosidl_adapter/cmake)
-- Found rmw_implementation_cmake: 0.7.2 (/opt/ros/dashing/share/rmw_implementation_cmake/cmake)
-- Using RMW implementation 'rmw_fastrtps_cpp' as default
-- Found rclcpp_action: 0.7.16 (/opt/ros/dashing/share/rclcpp_action/cmake)
-- Found rclcpp_lifecycle: 0.7.16 (/opt/ros/dashing/share/rclcpp_lifecycle/cmake)
-- Found std_msgs: 0.7.1 (/opt/ros/dashing/share/std_msgs/cmake)
-- Found geometry_msgs: 0.7.1 (/opt/ros/dashing/share/geometry_msgs/cmake)
-- Found nav2_behavior_tree: 0.2.6 (/home/iju/S08P31C208/ROS/robot_ws/install/nav2_behavior_tree/share/nav2_behavior_tree/cmake)
-- Found eigen3_cmake_module: 0.1.1 (/opt/ros/dashing/share/eigen3_cmake_module/cmake)
-- Found ament_lint_auto: 0.7.12 (/opt/ros/dashing/share/ament_lint_auto/cmake)
-- Added test 'copyright' to check for copyright in CMake / C / C++ / Python code
-- Added test 'cppcheck' to perform static code analysis on C / C++ code
-- Configured cppcheck include dirs: /home/iju/S08P31C208/ROS/robot_ws/src/navigation2/nav2_bt_navigator/include
-- Added test 'cpplint' to check C / C++ code against the Google style
-- Added test 'lint_cmake' to check CMake code style
-- Added test 'uncrustify' to check C / C++ code style
-- Added test 'xmllint' to check XML markup files
-- Configuring done
-- Generating done
-- Build files have been written to: /home/iju/S08P31C208/ROS/robot_ws/build/nav2_bt_navigator
[ 50%] Built target bt_navigator_core
[100%] Built target bt_navigator
[ 50%] Built target bt_navigator_core
[100%] Built target bt_navigator
[36mInstall the project...[0m
-- Install configuration: "Release"
-- Execute custom install script
-- Up-to-date symlink: /home/iju/S08P31C208/ROS/robot_ws/install/nav2_bt_navigator/lib/nav2_bt_navigator/bt_navigator
-- Up-to-date symlink: /home/iju/S08P31C208/ROS/robot_ws/install/nav2_bt_navigator/lib/libbt_navigator_core.so
-- Up-to-date symlink: /home/iju/S08P31C208/ROS/robot_ws/install/nav2_bt_navigator/include//nav2_bt_navigator/bt_navigator.hpp
-- Up-to-date symlink: /home/iju/S08P31C208/ROS/robot_ws/install/nav2_bt_navigator/behavior_trees//navigate_w_replanning.xml
-- Up-to-date symlink: /home/iju/S08P31C208/ROS/robot_ws/install/nav2_bt_navigator/behavior_trees//navigate_w_replanning_and_recovery.xml
-- Up-to-date symlink: /home/iju/S08P31C208/ROS/robot_ws/install/nav2_bt_navigator/share/ament_index/resource_index/package_run_dependencies/nav2_bt_navigator
-- Up-to-date symlink: /home/iju/S08P31C208/ROS/robot_ws/install/nav2_bt_navigator/share/ament_index/resource_index/parent_prefix_path/nav2_bt_navigator
-- Up-to-date symlink: /home/iju/S08P31C208/ROS/robot_ws/install/nav2_bt_navigator/share/nav2_bt_navigator/environment/ament_prefix_path.sh
-- Up-to-date symlink: /home/iju/S08P31C208/ROS/robot_ws/install/nav2_bt_navigator/share/nav2_bt_navigator/environment/path.sh
-- Up-to-date symlink: /home/iju/S08P31C208/ROS/robot_ws/install/nav2_bt_navigator/share/nav2_bt_navigator/local_setup.bash
-- Up-to-date symlink: /home/iju/S08P31C208/ROS/robot_ws/install/nav2_bt_navigator/share/nav2_bt_navigator/local_setup.sh
-- Up-to-date symlink: /home/iju/S08P31C208/ROS/robot_ws/install/nav2_bt_navigator/share/nav2_bt_navigator/local_setup.zsh
-- Up-to-date symlink: /home/iju/S08P31C208/ROS/robot_ws/install/nav2_bt_navigator/share/ament_index/resource_index/packages/nav2_bt_navigator
-- Up-to-date symlink: /home/iju/S08P31C208/ROS/robot_ws/install/nav2_bt_navigator/share/nav2_bt_navigator/cmake/ament_cmake_export_include_directories-extras.cmake
-- Up-to-date symlink: /home/iju/S08P31C208/ROS/robot_ws/install/nav2_bt_navigator/share/nav2_bt_navigator/cmake/nav2_bt_navigatorConfig.cmake
-- Up-to-date symlink: /home/iju/S08P31C208/ROS/robot_ws/install/nav2_bt_navigator/share/nav2_bt_navigator/cmake/nav2_bt_navigatorConfig-version.cmake
-- Up-to-date symlink: /home/iju/S08P31C208/ROS/robot_ws/install/nav2_bt_navigator/share/nav2_bt_navigator/package.xml
