[0.187s] Invoking command in '/home/iju/S08P31C208/ROS/robot_ws/build/dynamixel_sdk_custom_interfaces': CMAKE_PREFIX_PATH=/opt/ros/dashing PS1=\u@\h \[\033[32m\]\w\[\033[33m\]$(parse_git_branch)\[\033[00m\] $ /usr/bin/cmake --build /home/iju/S08P31C208/ROS/robot_ws/build/dynamixel_sdk_custom_interfaces -- -j6 -l6
[0.367s] [  2%] Built target dynamixel_sdk_custom_interfaces__cpp
[0.444s] [ 12%] Built target dynamixel_sdk_custom_interfaces__rosidl_generator_c
[0.559s] [ 23%] Built target dynamixel_sdk_custom_interfaces__rosidl_typesupport_fastrtps_cpp
[0.665s] [ 33%] Built target dynamixel_sdk_custom_interfaces__rosidl_typesupport_introspection_c
[0.774s] [ 43%] Built target dynamixel_sdk_custom_interfaces__rosidl_typesupport_fastrtps_c
[0.860s] [ 53%] Built target dynamixel_sdk_custom_interfaces__rosidl_typesupport_c
[0.971s] [ 64%] Built target dynamixel_sdk_custom_interfaces__rosidl_typesupport_introspection_cpp
[1.081s] [ 74%] Built target dynamixel_sdk_custom_interfaces__rosidl_typesupport_cpp
[1.195s] [ 74%] Built target dynamixel_sdk_custom_interfaces
[1.344s] [ 76%] Built target dynamixel_sdk_custom_interfaces__py
[1.512s] [ 84%] Built target dynamixel_sdk_custom_interfaces__python
[1.607s] [ 89%] Built target dynamixel_sdk_custom_interfaces__rosidl_typesupport_c__pyext
[1.758s] [ 94%] Built target dynamixel_sdk_custom_interfaces__rosidl_typesupport_fastrtps_c__pyext
[1.900s] [100%] Built target dynamixel_sdk_custom_interfaces__rosidl_typesupport_introspection_c__pyext
[2.523s] Invoked command in '/home/iju/S08P31C208/ROS/robot_ws/build/dynamixel_sdk_custom_interfaces' returned '0': CMAKE_PREFIX_PATH=/opt/ros/dashing PS1=\u@\h \[\033[32m\]\w\[\033[33m\]$(parse_git_branch)\[\033[00m\] $ /usr/bin/cmake --build /home/iju/S08P31C208/ROS/robot_ws/build/dynamixel_sdk_custom_interfaces -- -j6 -l6
[2.771s] Invoking command in '/home/iju/S08P31C208/ROS/robot_ws/build/dynamixel_sdk_custom_interfaces': CMAKE_PREFIX_PATH=/opt/ros/dashing PS1=\u@\h \[\033[32m\]\w\[\033[33m\]$(parse_git_branch)\[\033[00m\] $ /usr/bin/cmake --build /home/iju/S08P31C208/ROS/robot_ws/build/dynamixel_sdk_custom_interfaces --target install -- -j6 -l6
[2.952s] [  2%] Built target dynamixel_sdk_custom_interfaces__cpp
[2.990s] [ 12%] Built target dynamixel_sdk_custom_interfaces__rosidl_generator_c
[3.116s] [ 23%] Built target dynamixel_sdk_custom_interfaces__rosidl_typesupport_fastrtps_cpp
[3.191s] [ 33%] Built target dynamixel_sdk_custom_interfaces__rosidl_typesupport_introspection_c
[3.325s] [ 43%] Built target dynamixel_sdk_custom_interfaces__rosidl_typesupport_fastrtps_c
[3.425s] [ 53%] Built target dynamixel_sdk_custom_interfaces__rosidl_typesupport_c
[3.582s] [ 64%] Built target dynamixel_sdk_custom_interfaces__rosidl_typesupport_introspection_cpp
[3.677s] [ 74%] Built target dynamixel_sdk_custom_interfaces__rosidl_typesupport_cpp
[3.772s] [ 74%] Built target dynamixel_sdk_custom_interfaces
[3.874s] [ 76%] Built target dynamixel_sdk_custom_interfaces__py
[4.001s] [ 84%] Built target dynamixel_sdk_custom_interfaces__python
[4.097s] [ 89%] Built target dynamixel_sdk_custom_interfaces__rosidl_typesupport_c__pyext
[4.216s] [ 94%] Built target dynamixel_sdk_custom_interfaces__rosidl_typesupport_fastrtps_c__pyext
[4.319s] [100%] Built target dynamixel_sdk_custom_interfaces__rosidl_typesupport_introspection_c__pyext
[4.396s] [36mInstall the project...[0m
[4.441s] -- Install configuration: ""
[4.445s] -- Execute custom install script
[4.447s] -- Up-to-date symlink: /home/iju/S08P31C208/ROS/robot_ws/install/dynamixel_sdk_custom_interfaces/share/ament_index/resource_index/rosidl_interfaces/dynamixel_sdk_custom_interfaces
[4.455s] -- Up-to-date symlink: /home/iju/S08P31C208/ROS/robot_ws/install/dynamixel_sdk_custom_interfaces/include/dynamixel_sdk_custom_interfaces/msg/set_position.hpp
[4.455s] -- Up-to-date symlink: /home/iju/S08P31C208/ROS/robot_ws/install/dynamixel_sdk_custom_interfaces/include/dynamixel_sdk_custom_interfaces/msg/set_position__struct.hpp
[4.455s] -- Up-to-date symlink: /home/iju/S08P31C208/ROS/robot_ws/install/dynamixel_sdk_custom_interfaces/include/dynamixel_sdk_custom_interfaces/msg/set_position__traits.hpp
[4.456s] -- Up-to-date symlink: /home/iju/S08P31C208/ROS/robot_ws/install/dynamixel_sdk_custom_interfaces/include/dynamixel_sdk_custom_interfaces/srv/get_position.hpp
[4.459s] -- Up-to-date symlink: /home/iju/S08P31C208/ROS/robot_ws/install/dynamixel_sdk_custom_interfaces/include/dynamixel_sdk_custom_interfaces/srv/get_position__struct.hpp
[4.459s] -- Up-to-date symlink: /home/iju/S08P31C208/ROS/robot_ws/install/dynamixel_sdk_custom_interfaces/include/dynamixel_sdk_custom_interfaces/srv/get_position__traits.hpp
[4.462s] -- Up-to-date symlink: /home/iju/S08P31C208/ROS/robot_ws/install/dynamixel_sdk_custom_interfaces/include/dynamixel_sdk_custom_interfaces/msg/rosidl_generator_c__visibility_control.h
[4.463s] -- Up-to-date symlink: /home/iju/S08P31C208/ROS/robot_ws/install/dynamixel_sdk_custom_interfaces/include/dynamixel_sdk_custom_interfaces/msg/set_position.h
[4.464s] -- Up-to-date symlink: /home/iju/S08P31C208/ROS/robot_ws/install/dynamixel_sdk_custom_interfaces/include/dynamixel_sdk_custom_interfaces/msg/set_position__functions.h
[4.465s] -- Up-to-date symlink: /home/iju/S08P31C208/ROS/robot_ws/install/dynamixel_sdk_custom_interfaces/include/dynamixel_sdk_custom_interfaces/msg/set_position__struct.h
[4.465s] -- Up-to-date symlink: /home/iju/S08P31C208/ROS/robot_ws/install/dynamixel_sdk_custom_interfaces/include/dynamixel_sdk_custom_interfaces/msg/set_position__type_support.h
[4.470s] -- Up-to-date symlink: /home/iju/S08P31C208/ROS/robot_ws/install/dynamixel_sdk_custom_interfaces/include/dynamixel_sdk_custom_interfaces/srv/get_position.h
[4.470s] -- Up-to-date symlink: /home/iju/S08P31C208/ROS/robot_ws/install/dynamixel_sdk_custom_interfaces/include/dynamixel_sdk_custom_interfaces/srv/get_position__functions.h
[4.470s] -- Up-to-date symlink: /home/iju/S08P31C208/ROS/robot_ws/install/dynamixel_sdk_custom_interfaces/include/dynamixel_sdk_custom_interfaces/srv/get_position__struct.h
[4.470s] -- Up-to-date symlink: /home/iju/S08P31C208/ROS/robot_ws/install/dynamixel_sdk_custom_interfaces/include/dynamixel_sdk_custom_interfaces/srv/get_position__type_support.h
[4.470s] -- Up-to-date symlink: /home/iju/S08P31C208/ROS/robot_ws/install/dynamixel_sdk_custom_interfaces/share/dynamixel_sdk_custom_interfaces/environment/library_path.sh
[4.476s] -- Up-to-date symlink: /home/iju/S08P31C208/ROS/robot_ws/install/dynamixel_sdk_custom_interfaces/lib/libdynamixel_sdk_custom_interfaces__rosidl_generator_c.so
[4.479s] -- Up-to-date symlink: /home/iju/S08P31C208/ROS/robot_ws/install/dynamixel_sdk_custom_interfaces/lib/libdynamixel_sdk_custom_interfaces__rosidl_typesupport_c.so
[4.479s] -- Up-to-date symlink: /home/iju/S08P31C208/ROS/robot_ws/install/dynamixel_sdk_custom_interfaces/lib/libdynamixel_sdk_custom_interfaces__rosidl_typesupport_cpp.so
[4.486s] -- Up-to-date symlink: /home/iju/S08P31C208/ROS/robot_ws/install/dynamixel_sdk_custom_interfaces/include/dynamixel_sdk_custom_interfaces/msg/rosidl_typesupport_introspection_c__visibility_control.h
[4.486s] -- Up-to-date symlink: /home/iju/S08P31C208/ROS/robot_ws/install/dynamixel_sdk_custom_interfaces/include/dynamixel_sdk_custom_interfaces/msg/set_position__rosidl_typesupport_introspection_c.h
[4.486s] -- Up-to-date symlink: /home/iju/S08P31C208/ROS/robot_ws/install/dynamixel_sdk_custom_interfaces/include/dynamixel_sdk_custom_interfaces/srv/get_position__rosidl_typesupport_introspection_c.h
[4.487s] -- Up-to-date symlink: /home/iju/S08P31C208/ROS/robot_ws/install/dynamixel_sdk_custom_interfaces/lib/libdynamixel_sdk_custom_interfaces__rosidl_typesupport_introspection_c.so
[4.492s] -- Up-to-date symlink: /home/iju/S08P31C208/ROS/robot_ws/install/dynamixel_sdk_custom_interfaces/include/dynamixel_sdk_custom_interfaces/msg/set_position__rosidl_typesupport_introspection_cpp.hpp
[4.492s] -- Up-to-date symlink: /home/iju/S08P31C208/ROS/robot_ws/install/dynamixel_sdk_custom_interfaces/include/dynamixel_sdk_custom_interfaces/srv/get_position__rosidl_typesupport_introspection_cpp.hpp
[4.496s] -- Up-to-date symlink: /home/iju/S08P31C208/ROS/robot_ws/install/dynamixel_sdk_custom_interfaces/lib/libdynamixel_sdk_custom_interfaces__rosidl_typesupport_introspection_cpp.so
[4.499s] -- Up-to-date symlink: /home/iju/S08P31C208/ROS/robot_ws/install/dynamixel_sdk_custom_interfaces/include/dynamixel_sdk_custom_interfaces/msg/rosidl_typesupport_fastrtps_c__visibility_control.h
[4.500s] -- Up-to-date symlink: /home/iju/S08P31C208/ROS/robot_ws/install/dynamixel_sdk_custom_interfaces/include/dynamixel_sdk_custom_interfaces/msg/set_position__rosidl_typesupport_fastrtps_c.h
[4.504s] -- Up-to-date symlink: /home/iju/S08P31C208/ROS/robot_ws/install/dynamixel_sdk_custom_interfaces/include/dynamixel_sdk_custom_interfaces/srv/get_position__rosidl_typesupport_fastrtps_c.h
[4.504s] -- Up-to-date symlink: /home/iju/S08P31C208/ROS/robot_ws/install/dynamixel_sdk_custom_interfaces/lib/libdynamixel_sdk_custom_interfaces__rosidl_typesupport_fastrtps_c.so
[4.508s] -- Up-to-date symlink: /home/iju/S08P31C208/ROS/robot_ws/install/dynamixel_sdk_custom_interfaces/include/dynamixel_sdk_custom_interfaces/msg/rosidl_typesupport_fastrtps_cpp__visibility_control.h
[4.508s] -- Up-to-date symlink: /home/iju/S08P31C208/ROS/robot_ws/install/dynamixel_sdk_custom_interfaces/include/dynamixel_sdk_custom_interfaces/msg/set_position__rosidl_typesupport_fastrtps_cpp.hpp
[4.512s] -- Up-to-date symlink: /home/iju/S08P31C208/ROS/robot_ws/install/dynamixel_sdk_custom_interfaces/include/dynamixel_sdk_custom_interfaces/srv/get_position__rosidl_typesupport_fastrtps_cpp.hpp
[4.512s] -- Up-to-date symlink: /home/iju/S08P31C208/ROS/robot_ws/install/dynamixel_sdk_custom_interfaces/lib/libdynamixel_sdk_custom_interfaces__rosidl_typesupport_fastrtps_cpp.so
[4.517s] -- Up-to-date symlink: /home/iju/S08P31C208/ROS/robot_ws/install/dynamixel_sdk_custom_interfaces/share/dynamixel_sdk_custom_interfaces/environment/pythonpath.sh
[4.527s] -- Up-to-date symlink: /home/iju/S08P31C208/ROS/robot_ws/install/dynamixel_sdk_custom_interfaces/lib/python3.6/site-packages/dynamixel_sdk_custom_interfaces/__init__.py
[4.529s] -- Up-to-date symlink: /home/iju/S08P31C208/ROS/robot_ws/install/dynamixel_sdk_custom_interfaces/lib/python3.6/site-packages/dynamixel_sdk_custom_interfaces/msg/__init__.py
[4.529s] -- Up-to-date symlink: /home/iju/S08P31C208/ROS/robot_ws/install/dynamixel_sdk_custom_interfaces/lib/python3.6/site-packages/dynamixel_sdk_custom_interfaces/msg/_set_position.py
[4.530s] -- Up-to-date symlink: /home/iju/S08P31C208/ROS/robot_ws/install/dynamixel_sdk_custom_interfaces/lib/python3.6/site-packages/dynamixel_sdk_custom_interfaces/srv/__init__.py
[4.530s] -- Up-to-date symlink: /home/iju/S08P31C208/ROS/robot_ws/install/dynamixel_sdk_custom_interfaces/lib/python3.6/site-packages/dynamixel_sdk_custom_interfaces/srv/_get_position.py
[4.530s] -- Up-to-date symlink: /home/iju/S08P31C208/ROS/robot_ws/install/dynamixel_sdk_custom_interfaces/lib/python3.6/site-packages/dynamixel_sdk_custom_interfaces/dynamixel_sdk_custom_interfaces_s__rosidl_typesupport_c.cpython-36m-x86_64-linux-gnu.so
[4.530s] -- Up-to-date symlink: /home/iju/S08P31C208/ROS/robot_ws/install/dynamixel_sdk_custom_interfaces/lib/python3.6/site-packages/dynamixel_sdk_custom_interfaces/dynamixel_sdk_custom_interfaces_s__rosidl_typesupport_introspection_c.cpython-36m-x86_64-linux-gnu.so
[4.530s] -- Up-to-date symlink: /home/iju/S08P31C208/ROS/robot_ws/install/dynamixel_sdk_custom_interfaces/lib/python3.6/site-packages/dynamixel_sdk_custom_interfaces/dynamixel_sdk_custom_interfaces_s__rosidl_typesupport_fastrtps_c.cpython-36m-x86_64-linux-gnu.so
[4.530s] -- Up-to-date symlink: /home/iju/S08P31C208/ROS/robot_ws/install/dynamixel_sdk_custom_interfaces/lib/libdynamixel_sdk_custom_interfaces__python.so
[4.530s] -- Up-to-date symlink: /home/iju/S08P31C208/ROS/robot_ws/install/dynamixel_sdk_custom_interfaces/share/dynamixel_sdk_custom_interfaces/msg/SetPosition.idl
[4.532s] -- Up-to-date symlink: /home/iju/S08P31C208/ROS/robot_ws/install/dynamixel_sdk_custom_interfaces/share/dynamixel_sdk_custom_interfaces/srv/GetPosition.idl
[4.532s] -- Up-to-date symlink: /home/iju/S08P31C208/ROS/robot_ws/install/dynamixel_sdk_custom_interfaces/share/dynamixel_sdk_custom_interfaces/msg/SetPosition.msg
[4.533s] -- Up-to-date symlink: /home/iju/S08P31C208/ROS/robot_ws/install/dynamixel_sdk_custom_interfaces/share/dynamixel_sdk_custom_interfaces/srv/GetPosition.srv
[4.533s] -- Up-to-date symlink: /home/iju/S08P31C208/ROS/robot_ws/install/dynamixel_sdk_custom_interfaces/share/dynamixel_sdk_custom_interfaces/srv/GetPosition_Request.msg
[4.535s] -- Up-to-date symlink: /home/iju/S08P31C208/ROS/robot_ws/install/dynamixel_sdk_custom_interfaces/share/dynamixel_sdk_custom_interfaces/srv/GetPosition_Response.msg
[4.535s] -- Up-to-date symlink: /home/iju/S08P31C208/ROS/robot_ws/install/dynamixel_sdk_custom_interfaces/share/ament_index/resource_index/package_run_dependencies/dynamixel_sdk_custom_interfaces
[4.536s] -- Up-to-date symlink: /home/iju/S08P31C208/ROS/robot_ws/install/dynamixel_sdk_custom_interfaces/share/ament_index/resource_index/parent_prefix_path/dynamixel_sdk_custom_interfaces
[4.537s] -- Up-to-date symlink: /home/iju/S08P31C208/ROS/robot_ws/install/dynamixel_sdk_custom_interfaces/share/dynamixel_sdk_custom_interfaces/environment/ament_prefix_path.sh
[4.540s] -- Up-to-date symlink: /home/iju/S08P31C208/ROS/robot_ws/install/dynamixel_sdk_custom_interfaces/share/dynamixel_sdk_custom_interfaces/environment/path.sh
[4.540s] -- Up-to-date symlink: /home/iju/S08P31C208/ROS/robot_ws/install/dynamixel_sdk_custom_interfaces/share/dynamixel_sdk_custom_interfaces/local_setup.bash
[4.540s] -- Up-to-date symlink: /home/iju/S08P31C208/ROS/robot_ws/install/dynamixel_sdk_custom_interfaces/share/dynamixel_sdk_custom_interfaces/local_setup.sh
[4.540s] -- Up-to-date symlink: /home/iju/S08P31C208/ROS/robot_ws/install/dynamixel_sdk_custom_interfaces/share/dynamixel_sdk_custom_interfaces/local_setup.zsh
[4.540s] -- Up-to-date symlink: /home/iju/S08P31C208/ROS/robot_ws/install/dynamixel_sdk_custom_interfaces/share/ament_index/resource_index/packages/dynamixel_sdk_custom_interfaces
[4.543s] -- Up-to-date symlink: /home/iju/S08P31C208/ROS/robot_ws/install/dynamixel_sdk_custom_interfaces/share/dynamixel_sdk_custom_interfaces/cmake/rosidl_cmake-extras.cmake
[4.543s] -- Up-to-date symlink: /home/iju/S08P31C208/ROS/robot_ws/install/dynamixel_sdk_custom_interfaces/share/dynamixel_sdk_custom_interfaces/cmake/ament_cmake_export_dependencies-extras.cmake
[4.543s] -- Up-to-date symlink: /home/iju/S08P31C208/ROS/robot_ws/install/dynamixel_sdk_custom_interfaces/share/dynamixel_sdk_custom_interfaces/cmake/ament_cmake_export_include_directories-extras.cmake
[4.543s] -- Up-to-date symlink: /home/iju/S08P31C208/ROS/robot_ws/install/dynamixel_sdk_custom_interfaces/share/dynamixel_sdk_custom_interfaces/cmake/ament_cmake_export_libraries-extras.cmake
[4.543s] -- Up-to-date symlink: /home/iju/S08P31C208/ROS/robot_ws/install/dynamixel_sdk_custom_interfaces/share/dynamixel_sdk_custom_interfaces/cmake/dynamixel_sdk_custom_interfacesConfig.cmake
[4.543s] -- Up-to-date symlink: /home/iju/S08P31C208/ROS/robot_ws/install/dynamixel_sdk_custom_interfaces/share/dynamixel_sdk_custom_interfaces/cmake/dynamixel_sdk_custom_interfacesConfig-version.cmake
[4.543s] -- Up-to-date symlink: /home/iju/S08P31C208/ROS/robot_ws/install/dynamixel_sdk_custom_interfaces/share/dynamixel_sdk_custom_interfaces/package.xml
[4.630s] Invoked command in '/home/iju/S08P31C208/ROS/robot_ws/build/dynamixel_sdk_custom_interfaces' returned '0': CMAKE_PREFIX_PATH=/opt/ros/dashing PS1=\u@\h \[\033[32m\]\w\[\033[33m\]$(parse_git_branch)\[\033[00m\] $ /usr/bin/cmake --build /home/iju/S08P31C208/ROS/robot_ws/build/dynamixel_sdk_custom_interfaces --target install -- -j6 -l6
