[0.032s] Invoking command in '/home/iju/S08P31C208/ROS/robot_ws/src/build/gazebo_ros': AMENT_PREFIX_PATH=/home/iju/S08P31C208/ROS/robot_ws/src/install/gazebo_msgs:/home/iju/S08P31C208/ROS/robot_ws/src/install/gazebo_dev:${AMENT_PREFIX_PATH} CMAKE_PREFIX_PATH=/home/iju/S08P31C208/ROS/robot_ws/src/install/gazebo_msgs:/home/iju/S08P31C208/ROS/robot_ws/src/install/gazebo_dev:/opt/ros/dashing LD_LIBRARY_PATH=/home/iju/S08P31C208/ROS/robot_ws/src/install/gazebo_msgs/lib:${LD_LIBRARY_PATH} PS1=\u@\h \[\033[32m\]\w\[\033[33m\]$(parse_git_branch)\[\033[00m\] $ PYTHONPATH=/home/iju/S08P31C208/ROS/robot_ws/src/install/gazebo_msgs/lib/python3.6/site-packages:${PYTHONPATH} /usr/bin/cmake /home/iju/S08P31C208/ROS/robot_ws/src/gazebo_ros_pkgs/gazebo_ros -DAMENT_CMAKE_SYMLINK_INSTALL=1 -DCMAKE_INSTALL_PREFIX=/home/iju/S08P31C208/ROS/robot_ws/src/install/gazebo_ros
[0.101s] -- The C compiler identification is GNU 7.5.0
[0.164s] -- The CXX compiler identification is GNU 7.5.0
[0.169s] -- Check for working C compiler: /usr/bin/cc
[0.257s] -- Check for working C compiler: /usr/bin/cc -- works
[0.258s] -- Detecting C compiler ABI info
[0.345s] -- Detecting C compiler ABI info - done
[0.351s] -- Detecting C compile features
[0.615s] -- Detecting C compile features - done
[0.618s] -- Check for working CXX compiler: /usr/bin/c++
[0.722s] -- Check for working CXX compiler: /usr/bin/c++ -- works
[0.723s] -- Detecting CXX compiler ABI info
[0.823s] -- Detecting CXX compiler ABI info - done
[0.830s] -- Detecting CXX compile features
[1.271s] -- Detecting CXX compile features - done
[1.275s] -- Found ament_cmake: 0.7.6 (/opt/ros/dashing/share/ament_cmake/cmake)
[1.313s] -- Found PythonInterp: /usr/bin/python3 (found suitable version "3.6.9", minimum required is "3") 
[1.313s] -- Using PYTHON_EXECUTABLE: /usr/bin/python3
[1.626s] -- Override CMake install command with custom implementation using symlinks instead of copying resources
[1.655s] -- Found builtin_interfaces: 0.7.4 (/opt/ros/dashing/share/builtin_interfaces/cmake)
[1.674s] -- Found rosidl_adapter: 0.7.10 (/opt/ros/dashing/share/rosidl_adapter/cmake)
[1.724s] -- Found rclcpp: 0.7.16 (/opt/ros/dashing/share/rclcpp/cmake)
[1.746s] -- Found rmw_implementation_cmake: 0.7.2 (/opt/ros/dashing/share/rmw_implementation_cmake/cmake)
[1.748s] -- Using RMW implementation 'rmw_fastrtps_cpp' as default
[1.749s] -- Looking for pthread.h
[1.851s] -- Looking for pthread.h - found
[1.852s] -- Looking for pthread_create
[1.951s] -- Looking for pthread_create - not found
[1.954s] -- Looking for pthread_create in pthreads
[2.029s] -- Looking for pthread_create in pthreads - not found
[2.029s] -- Looking for pthread_create in pthread
[2.120s] -- Looking for pthread_create in pthread - found
[2.122s] -- Found Threads: TRUE  
[2.161s] -- Found gazebo_dev: 3.3.5 (/home/iju/S08P31C208/ROS/robot_ws/src/install/gazebo_dev/share/gazebo_dev/cmake)
[2.172s] -- Found PkgConfig: /usr/bin/pkg-config (found version "0.29.1") 
[2.179s] -- Checking for module 'bullet>=2.82'
[2.195s] --   Found bullet, version 2.87
[2.246s] -- Found Simbody: /usr/include/simbody  
[2.340s] -- Boost version: 1.65.1
[2.341s] -- Found the following Boost libraries:
[2.341s] --   thread
[2.341s] --   system
[2.341s] --   filesystem
[2.341s] --   program_options
[2.341s] --   regex
[2.342s] --   iostreams
[2.342s] --   date_time
[2.342s] --   chrono
[2.342s] --   atomic
[2.367s] -- Found Protobuf: /usr/lib/x86_64-linux-gnu/libprotobuf.so;-lpthread (found version "3.0.0") 
[2.402s] -- Boost version: 1.65.1
[2.406s] -- Looking for OGRE...
[2.407s] -- OGRE_PREFIX_WATCH changed.
[2.412s] -- Checking for module 'OGRE'
[2.429s] --   Found OGRE, version 1.9.0
[2.478s] -- Found Ogre Ghadamon (1.9.0)
[2.486s] -- Found OGRE: optimized;/usr/lib/x86_64-linux-gnu/libOgreMain.so;debug;/usr/lib/x86_64-linux-gnu/libOgreMain.so
[2.535s] -- Looking for OGRE_Paging...
[2.541s] -- Found OGRE_Paging: optimized;/usr/lib/x86_64-linux-gnu/libOgrePaging.so;debug;/usr/lib/x86_64-linux-gnu/libOgrePaging.so
[2.541s] -- Looking for OGRE_Terrain...
[2.547s] -- Found OGRE_Terrain: optimized;/usr/lib/x86_64-linux-gnu/libOgreTerrain.so;debug;/usr/lib/x86_64-linux-gnu/libOgreTerrain.so
[2.547s] -- Looking for OGRE_Property...
[2.552s] -- Found OGRE_Property: optimized;/usr/lib/x86_64-linux-gnu/libOgreProperty.so;debug;/usr/lib/x86_64-linux-gnu/libOgreProperty.so
[2.552s] -- Looking for OGRE_RTShaderSystem...
[2.557s] -- Found OGRE_RTShaderSystem: optimized;/usr/lib/x86_64-linux-gnu/libOgreRTShaderSystem.so;debug;/usr/lib/x86_64-linux-gnu/libOgreRTShaderSystem.so
[2.557s] -- Looking for OGRE_Volume...
[2.562s] -- Found OGRE_Volume: optimized;/usr/lib/x86_64-linux-gnu/libOgreVolume.so;debug;/usr/lib/x86_64-linux-gnu/libOgreVolume.so
[2.563s] -- Looking for OGRE_Overlay...
[2.568s] -- Found OGRE_Overlay: optimized;/usr/lib/x86_64-linux-gnu/libOgreOverlay.so;debug;/usr/lib/x86_64-linux-gnu/libOgreOverlay.so
[2.706s] -- Found Protobuf: /usr/lib/x86_64-linux-gnu/libprotobuf.so;-lpthread;-lpthread (found suitable version "3.0.0", minimum required is "2.3.0") 
[2.718s] -- Config-file not installed for ZeroMQ -- checking for pkg-config
[2.723s] -- Checking for module 'libzmq >= 4'
[2.740s] --   Found libzmq , version 4.2.5
[2.788s] -- Found ZeroMQ: TRUE (Required is at least version "4") 
[2.795s] -- Checking for module 'uuid'
[2.812s] --   Found uuid, version 2.31.1
[2.860s] -- Found UUID: TRUE  
[2.878s] -- Checking for module 'tinyxml2'
[2.896s] --   Found tinyxml2, version 6.0.0
[2.945s] -- Looking for dlfcn.h - found
[2.945s] -- Looking for libdl - found
[2.948s] -- Found DL: TRUE  
[2.949s] -- FreeImage.pc not found, we will search for FreeImage_INCLUDE_DIRS and FreeImage_LIBRARIES
[3.055s] -- Checking for module 'gts'
[3.074s] --   Found gts, version 0.7.6
[3.125s] -- Found GTS: TRUE  
[3.132s] -- Checking for module 'libswscale'
[3.150s] --   Found libswscale, version 4.8.100
[3.198s] -- Found SWSCALE: TRUE  
[3.205s] -- Checking for module 'libavdevice >= 56.4.100'
[3.222s] --   Found libavdevice , version 57.10.100
[3.278s] -- Found AVDEVICE: TRUE (Required is at least version "56.4.100") 
[3.285s] -- Checking for module 'libavformat'
[3.301s] --   Found libavformat, version 57.83.100
[3.353s] -- Found AVFORMAT: TRUE  
[3.359s] -- Checking for module 'libavcodec'
[3.376s] --   Found libavcodec, version 57.107.100
[3.426s] -- Found AVCODEC: TRUE  
[3.433s] -- Checking for module 'libavutil'
[3.449s] --   Found libavutil, version 55.78.100
[3.495s] -- Found AVUTIL: TRUE  
[3.506s] -- Found CURL: /usr/lib/x86_64-linux-gnu/libcurl.so (found version "7.58.0") 
[3.519s] -- Checking for module 'jsoncpp'
[3.537s] --   Found jsoncpp, version 1.7.4
[3.586s] -- Found JSONCPP: TRUE  
[3.596s] -- Checking for module 'libzip'
[3.613s] --   Found libzip, version 1.1.2
[3.665s] -- Found ZIP: TRUE  
[3.666s] -- Gazebo version: 9.19
[3.666s] -- Found gazebo_msgs: 3.3.5 (/home/iju/S08P31C208/ROS/robot_ws/src/install/gazebo_msgs/share/gazebo_msgs/cmake)
[3.726s] -- Found std_srvs: 0.7.1 (/opt/ros/dashing/share/std_srvs/cmake)
[3.733s] -- Found tinyxml_vendor:  (/opt/ros/dashing/share/tinyxml_vendor/cmake)
[3.995s] -- Found ament_cmake_gtest: 0.7.6 (/opt/ros/dashing/share/ament_cmake_gtest/cmake)
[3.999s] -- Found sensor_msgs: 0.7.1 (/opt/ros/dashing/share/sensor_msgs/cmake)
[4.143s] -- Found gtest sources under '/opt/ros/dashing/src/gtest_vendor': C++ tests using 'Google Test' will be built
[4.146s] -- Check if compiler accepts -pthread
[4.241s] -- Check if compiler accepts -pthread - yes
[5.243s] -- Found ament_lint_auto: 0.7.12 (/opt/ros/dashing/share/ament_lint_auto/cmake)
[5.431s] -- Added test 'copyright' to check for copyright in CMake / C / C++ / Python code
[5.435s] -- Added test 'cppcheck' to perform static code analysis on C / C++ code
[5.439s] -- Configured cppcheck include dirs: /home/iju/S08P31C208/ROS/robot_ws/src/gazebo_ros_pkgs/gazebo_ros/include
[5.443s] -- Added test 'cpplint' to check C / C++ code against the Google style
[5.444s] -- Added test 'flake8' to check Python code syntax and style conventions
[5.445s] -- Added test 'lint_cmake' to check CMake code style
[5.446s] -- Added test 'pep257' to check Python code against some of the style conventions in PEP 257
[5.450s] -- Added test 'uncrustify' to check C / C++ code style
[5.451s] -- Added test 'xmllint' to check XML markup files
[5.460s] -- Configuring done
[6.228s] -- Generating done
[6.234s] -- Build files have been written to: /home/iju/S08P31C208/ROS/robot_ws/src/build/gazebo_ros
[6.244s] Invoked command in '/home/iju/S08P31C208/ROS/robot_ws/src/build/gazebo_ros' returned '0': AMENT_PREFIX_PATH=/home/iju/S08P31C208/ROS/robot_ws/src/install/gazebo_msgs:/home/iju/S08P31C208/ROS/robot_ws/src/install/gazebo_dev:${AMENT_PREFIX_PATH} CMAKE_PREFIX_PATH=/home/iju/S08P31C208/ROS/robot_ws/src/install/gazebo_msgs:/home/iju/S08P31C208/ROS/robot_ws/src/install/gazebo_dev:/opt/ros/dashing LD_LIBRARY_PATH=/home/iju/S08P31C208/ROS/robot_ws/src/install/gazebo_msgs/lib:${LD_LIBRARY_PATH} PS1=\u@\h \[\033[32m\]\w\[\033[33m\]$(parse_git_branch)\[\033[00m\] $ PYTHONPATH=/home/iju/S08P31C208/ROS/robot_ws/src/install/gazebo_msgs/lib/python3.6/site-packages:${PYTHONPATH} /usr/bin/cmake /home/iju/S08P31C208/ROS/robot_ws/src/gazebo_ros_pkgs/gazebo_ros -DAMENT_CMAKE_SYMLINK_INSTALL=1 -DCMAKE_INSTALL_PREFIX=/home/iju/S08P31C208/ROS/robot_ws/src/install/gazebo_ros
[6.247s] Invoking command in '/home/iju/S08P31C208/ROS/robot_ws/src/build/gazebo_ros': AMENT_PREFIX_PATH=/home/iju/S08P31C208/ROS/robot_ws/src/install/gazebo_msgs:/home/iju/S08P31C208/ROS/robot_ws/src/install/gazebo_dev:${AMENT_PREFIX_PATH} CMAKE_PREFIX_PATH=/home/iju/S08P31C208/ROS/robot_ws/src/install/gazebo_msgs:/home/iju/S08P31C208/ROS/robot_ws/src/install/gazebo_dev:/opt/ros/dashing LD_LIBRARY_PATH=/home/iju/S08P31C208/ROS/robot_ws/src/install/gazebo_msgs/lib:${LD_LIBRARY_PATH} PS1=\u@\h \[\033[32m\]\w\[\033[33m\]$(parse_git_branch)\[\033[00m\] $ PYTHONPATH=/home/iju/S08P31C208/ROS/robot_ws/src/install/gazebo_msgs/lib/python3.6/site-packages:${PYTHONPATH} /usr/bin/cmake --build /home/iju/S08P31C208/ROS/robot_ws/src/build/gazebo_ros -- -j6 -l6
[6.316s] [35m[1mScanning dependencies of target gazebo_ros_node[0m
[6.316s] [35m[1mScanning dependencies of target gazebo_ros_utils[0m
[6.316s] [35m[1mScanning dependencies of target gtest[0m
[6.317s] [35m[1mScanning dependencies of target gtest_main[0m
[6.351s] [  2%] [32mBuilding CXX object gtest/CMakeFiles/gtest_main.dir/src/gtest_main.cc.o[0m
[6.354s] [  4%] [32mBuilding CXX object gtest/CMakeFiles/gtest.dir/src/gtest-all.cc.o[0m
[6.411s] [  6%] [32mBuilding CXX object CMakeFiles/gazebo_ros_node.dir/src/node.cpp.o[0m
[6.412s] [  8%] [32mBuilding CXX object CMakeFiles/gazebo_ros_node.dir/src/executor.cpp.o[0m
[6.578s] [ 11%] [32mBuilding CXX object CMakeFiles/gazebo_ros_utils.dir/src/utils.cpp.o[0m
[7.437s] [ 13%] [32m[1mLinking CXX static library libgtest_main.a[0m
[7.501s] [ 13%] Built target gtest_main
[10.980s] [ 15%] [32m[1mLinking CXX static library libgtest.a[0m
[11.073s] [ 15%] Built target gtest
[13.321s] [ 17%] [32m[1mLinking CXX shared library libgazebo_ros_node.so[0m
[13.705s] [ 20%] [32m[1mLinking CXX shared library libgazebo_ros_utils.so[0m
[13.763s] [ 20%] Built target gazebo_ros_node
[13.782s] [35m[1mScanning dependencies of target multiple_nodes[0m
[13.782s] [35m[1mScanning dependencies of target args_init[0m
[13.782s] [35m[1mScanning dependencies of target gazebo_ros_state[0m
[13.783s] [35m[1mScanning dependencies of target gazebo_ros_properties[0m
[13.784s] [35m[1mScanning dependencies of target ros_world_plugin[0m
[13.881s] [ 22%] [32mBuilding CXX object test/CMakeFiles/ros_world_plugin.dir/plugins/ros_world_plugin.cpp.o[0m
[13.881s] [ 24%] [32mBuilding CXX object test/CMakeFiles/multiple_nodes.dir/plugins/multiple_nodes.cpp.o[0m
[13.885s] [ 26%] [32mBuilding CXX object test/CMakeFiles/args_init.dir/plugins/args_init.cpp.o[0m
[13.993s] [ 28%] [32mBuilding CXX object CMakeFiles/gazebo_ros_state.dir/src/gazebo_ros_state.cpp.o[0m
[14.001s] [ 31%] [32mBuilding CXX object CMakeFiles/gazebo_ros_properties.dir/src/gazebo_ros_properties.cpp.o[0m
[14.038s] [ 31%] Built target gazebo_ros_utils
[14.057s] [35m[1mScanning dependencies of target sdf_node[0m
[14.149s] [ 33%] [32mBuilding CXX object test/CMakeFiles/sdf_node.dir/plugins/sdf_node.cpp.o[0m
[23.877s] [ 35%] [32m[1mLinking CXX shared library libmultiple_nodes.so[0m
[24.097s] [ 37%] [32m[1mLinking CXX shared library libros_world_plugin.so[0m
[24.199s] [ 40%] [32m[1mLinking CXX shared library libargs_init.so[0m
[24.419s] [ 40%] Built target multiple_nodes
[24.443s] [ 42%] [32m[1mLinking CXX shared library libsdf_node.so[0m
[24.444s] [35m[1mScanning dependencies of target test_gazebo_ros_properties[0m
[24.648s] [ 42%] Built target ros_world_plugin
[24.675s] [35m[1mScanning dependencies of target create_node_without_init[0m
[24.752s] [ 42%] Built target args_init
[24.768s] [ 44%] [32mBuilding CXX object test/CMakeFiles/test_gazebo_ros_properties.dir/test_gazebo_ros_properties.cpp.o[0m
[24.773s] [35m[1mScanning dependencies of target test_sim_time[0m
[24.786s] [ 46%] [32mBuilding CXX object test/CMakeFiles/create_node_without_init.dir/plugins/create_node_without_init.cpp.o[0m
[24.879s] [ 48%] [32mBuilding CXX object test/CMakeFiles/test_sim_time.dir/test_sim_time.cpp.o[0m
[24.969s] [ 48%] Built target sdf_node
[24.999s] [35m[1mScanning dependencies of target test_gazebo_ros_factory[0m
[25.239s] [ 51%] [32mBuilding CXX object test/CMakeFiles/test_gazebo_ros_factory.dir/test_gazebo_ros_factory.cpp.o[0m
[31.151s] [ 53%] [32m[1mLinking CXX executable test_sim_time[0m
[31.948s] [ 53%] Built target test_sim_time
[31.972s] [35m[1mScanning dependencies of target test_gazebo_ros_state[0m
[32.226s] [ 55%] [32mBuilding CXX object test/CMakeFiles/test_gazebo_ros_state.dir/test_gazebo_ros_state.cpp.o[0m
[32.448s] [ 57%] [32m[1mLinking CXX shared library libgazebo_ros_state.so[0m
[33.853s] [ 57%] Built target gazebo_ros_state
[33.874s] [35m[1mScanning dependencies of target test_gazebo_ros_init[0m
[34.226s] [ 60%] [32mBuilding CXX object test/CMakeFiles/test_gazebo_ros_init.dir/test_gazebo_ros_init.cpp.o[0m
[34.231s] [ 62%] [32m[1mLinking CXX shared library libcreate_node_without_init.so[0m
[34.649s] [ 64%] [32m[1mLinking CXX shared library libgazebo_ros_properties.so[0m
[34.755s] [ 64%] Built target create_node_without_init
[34.778s] [35m[1mScanning dependencies of target test_node[0m
[34.905s] [ 66%] [32mBuilding CXX object test/CMakeFiles/test_node.dir/test_node.cpp.o[0m
[36.163s] [ 66%] Built target gazebo_ros_properties
[36.184s] [35m[1mScanning dependencies of target gazebo_ros_factory[0m
[36.444s] [ 68%] [32mBuilding CXX object CMakeFiles/gazebo_ros_factory.dir/src/gazebo_ros_factory.cpp.o[0m
[43.664s] [ 71%] [32m[1mLinking CXX executable test_node[0m
[45.346s] [ 71%] Built target test_node
[45.380s] [35m[1mScanning dependencies of target gazebo_ros_init[0m
[45.604s] [ 73%] [32mBuilding CXX object CMakeFiles/gazebo_ros_init.dir/src/gazebo_ros_init.cpp.o[0m
[59.085s] [ 75%] [32m[1mLinking CXX shared library libgazebo_ros_factory.so[0m
[60.723s] [ 75%] Built target gazebo_ros_factory
[60.745s] [35m[1mScanning dependencies of target test_conversions[0m
[60.826s] [ 77%] [32mBuilding CXX object test/CMakeFiles/test_conversions.dir/test_conversions.cpp.o[0m
[61.696s] [ 80%] [32m[1mLinking CXX executable test_gazebo_ros_factory[0m
[63.259s] [ 82%] [32m[1mLinking CXX shared library libgazebo_ros_init.so[0m
[63.321s] [ 84%] [32m[1mLinking CXX executable test_conversions[0m
[64.313s] [ 84%] Built target gazebo_ros_init
[64.336s] [35m[1mScanning dependencies of target test_utils[0m
[64.502s] [ 86%] [32mBuilding CXX object test/CMakeFiles/test_utils.dir/test_utils.cpp.o[0m
[64.718s] [ 86%] Built target test_gazebo_ros_factory
[64.747s] [35m[1mScanning dependencies of target test_plugins[0m
[64.852s] [ 88%] [32mBuilding CXX object test/CMakeFiles/test_plugins.dir/test_plugins.cpp.o[0m
[65.153s] [ 88%] Built target test_conversions
[67.394s] [ 91%] [32m[1mLinking CXX executable test_gazebo_ros_init[0m
[69.081s] [ 93%] [32m[1mLinking CXX executable test_gazebo_ros_properties[0m
[70.212s] [ 93%] Built target test_gazebo_ros_init
[70.821s] [ 95%] [32m[1mLinking CXX executable test_gazebo_ros_state[0m
[70.840s] [ 97%] [32m[1mLinking CXX executable test_plugins[0m
[71.632s] [ 97%] Built target test_plugins
[72.284s] [ 97%] Built target test_gazebo_ros_properties
[73.574s] [ 97%] Built target test_gazebo_ros_state
[74.942s] [100%] [32m[1mLinking CXX executable test_utils[0m
[76.371s] [100%] Built target test_utils
[76.396s] Invoked command in '/home/iju/S08P31C208/ROS/robot_ws/src/build/gazebo_ros' returned '0': AMENT_PREFIX_PATH=/home/iju/S08P31C208/ROS/robot_ws/src/install/gazebo_msgs:/home/iju/S08P31C208/ROS/robot_ws/src/install/gazebo_dev:${AMENT_PREFIX_PATH} CMAKE_PREFIX_PATH=/home/iju/S08P31C208/ROS/robot_ws/src/install/gazebo_msgs:/home/iju/S08P31C208/ROS/robot_ws/src/install/gazebo_dev:/opt/ros/dashing LD_LIBRARY_PATH=/home/iju/S08P31C208/ROS/robot_ws/src/install/gazebo_msgs/lib:${LD_LIBRARY_PATH} PS1=\u@\h \[\033[32m\]\w\[\033[33m\]$(parse_git_branch)\[\033[00m\] $ PYTHONPATH=/home/iju/S08P31C208/ROS/robot_ws/src/install/gazebo_msgs/lib/python3.6/site-packages:${PYTHONPATH} /usr/bin/cmake --build /home/iju/S08P31C208/ROS/robot_ws/src/build/gazebo_ros -- -j6 -l6
[76.494s] Invoking command in '/home/iju/S08P31C208/ROS/robot_ws/src/build/gazebo_ros': AMENT_PREFIX_PATH=/home/iju/S08P31C208/ROS/robot_ws/src/install/gazebo_msgs:/home/iju/S08P31C208/ROS/robot_ws/src/install/gazebo_dev:${AMENT_PREFIX_PATH} CMAKE_PREFIX_PATH=/home/iju/S08P31C208/ROS/robot_ws/src/install/gazebo_msgs:/home/iju/S08P31C208/ROS/robot_ws/src/install/gazebo_dev:/opt/ros/dashing LD_LIBRARY_PATH=/home/iju/S08P31C208/ROS/robot_ws/src/install/gazebo_msgs/lib:${LD_LIBRARY_PATH} PS1=\u@\h \[\033[32m\]\w\[\033[33m\]$(parse_git_branch)\[\033[00m\] $ PYTHONPATH=/home/iju/S08P31C208/ROS/robot_ws/src/install/gazebo_msgs/lib/python3.6/site-packages:${PYTHONPATH} /usr/bin/cmake --build /home/iju/S08P31C208/ROS/robot_ws/src/build/gazebo_ros --target install -- -j6 -l6
[76.597s] [  4%] Built target gtest_main
[76.597s] [  8%] Built target gtest
[76.616s] [ 15%] Built target gazebo_ros_node
[76.617s] [ 20%] Built target gazebo_ros_utils
[76.686s] [ 24%] Built target args_init
[76.689s] [ 28%] Built target multiple_nodes
[76.697s] [ 33%] Built target sdf_node
[76.701s] [ 37%] Built target gazebo_ros_properties
[76.702s] [ 42%] Built target ros_world_plugin
[76.705s] [ 46%] Built target gazebo_ros_state
[76.764s] [ 51%] Built target create_node_without_init
[76.780s] [ 55%] Built target test_sim_time
[76.785s] [ 60%] Built target test_gazebo_ros_properties
[76.790s] [ 64%] Built target test_gazebo_ros_factory
[76.791s] [ 68%] Built target test_gazebo_ros_init
[76.803s] [ 73%] Built target test_gazebo_ros_state
[76.830s] [ 77%] Built target test_node
[76.846s] [ 82%] Built target test_conversions
[76.860s] [ 86%] Built target gazebo_ros_init
[76.861s] [ 91%] Built target gazebo_ros_factory
[76.863s] [ 95%] Built target test_plugins
[76.869s] [100%] Built target test_utils
[76.910s] [36mInstall the project...[0m
[76.926s] -- Install configuration: ""
[76.927s] -- Execute custom install script
[76.928s] -- Symlinking: /home/iju/S08P31C208/ROS/robot_ws/src/install/gazebo_ros/share/gazebo_ros/environment/pythonpath.sh
[76.950s] -- Symlinking: /home/iju/S08P31C208/ROS/robot_ws/src/install/gazebo_ros/lib/python3.6/site-packages/scripts//__init__.py
[76.966s] -- Symlinking: /home/iju/S08P31C208/ROS/robot_ws/src/install/gazebo_ros/lib/python3.6/site-packages/scripts//gazebo_ros_paths.py
[76.983s] -- Symlinking: /home/iju/S08P31C208/ROS/robot_ws/src/install/gazebo_ros/lib/python3.6/site-packages/scripts//spawn_entity.py
[77.000s] -- Symlinking: /home/iju/S08P31C208/ROS/robot_ws/src/install/gazebo_ros/share/gazebo_ros/environment/library_path.sh
[77.016s] -- Symlinking: /home/iju/S08P31C208/ROS/robot_ws/src/install/gazebo_ros/share/ament_index/resource_index/package_run_dependencies/gazebo_ros
[77.033s] -- Symlinking: /home/iju/S08P31C208/ROS/robot_ws/src/install/gazebo_ros/share/ament_index/resource_index/parent_prefix_path/gazebo_ros
[77.050s] -- Symlinking: /home/iju/S08P31C208/ROS/robot_ws/src/install/gazebo_ros/share/gazebo_ros/environment/ament_prefix_path.sh
[77.067s] -- Symlinking: /home/iju/S08P31C208/ROS/robot_ws/src/install/gazebo_ros/share/gazebo_ros/environment/path.sh
[77.083s] -- Symlinking: /home/iju/S08P31C208/ROS/robot_ws/src/install/gazebo_ros/share/gazebo_ros/local_setup.bash
[77.098s] -- Symlinking: /home/iju/S08P31C208/ROS/robot_ws/src/install/gazebo_ros/share/gazebo_ros/local_setup.sh
[77.114s] -- Symlinking: /home/iju/S08P31C208/ROS/robot_ws/src/install/gazebo_ros/share/gazebo_ros/local_setup.zsh
[77.146s] -- Symlinking: /home/iju/S08P31C208/ROS/robot_ws/src/install/gazebo_ros/share/ament_index/resource_index/packages/gazebo_ros
[77.175s] -- Symlinking: /home/iju/S08P31C208/ROS/robot_ws/src/install/gazebo_ros/share/gazebo_ros/cmake/ament_cmake_export_libraries-extras.cmake
[77.191s] -- Symlinking: /home/iju/S08P31C208/ROS/robot_ws/src/install/gazebo_ros/share/gazebo_ros/cmake/ament_cmake_export_include_directories-extras.cmake
[77.206s] -- Symlinking: /home/iju/S08P31C208/ROS/robot_ws/src/install/gazebo_ros/share/gazebo_ros/cmake/ament_cmake_export_dependencies-extras.cmake
[77.222s] -- Symlinking: /home/iju/S08P31C208/ROS/robot_ws/src/install/gazebo_ros/share/gazebo_ros/cmake/gazebo_rosConfig.cmake
[77.240s] -- Symlinking: /home/iju/S08P31C208/ROS/robot_ws/src/install/gazebo_ros/share/gazebo_ros/cmake/gazebo_rosConfig-version.cmake
[77.257s] -- Symlinking: /home/iju/S08P31C208/ROS/robot_ws/src/install/gazebo_ros/share/gazebo_ros/package.xml
[77.274s] -- Symlinking: /home/iju/S08P31C208/ROS/robot_ws/src/install/gazebo_ros/include/gazebo_ros/conversions/builtin_interfaces.hpp
[77.291s] -- Symlinking: /home/iju/S08P31C208/ROS/robot_ws/src/install/gazebo_ros/include/gazebo_ros/conversions/gazebo_msgs.hpp
[77.306s] -- Symlinking: /home/iju/S08P31C208/ROS/robot_ws/src/install/gazebo_ros/include/gazebo_ros/conversions/generic.hpp
[77.324s] -- Symlinking: /home/iju/S08P31C208/ROS/robot_ws/src/install/gazebo_ros/include/gazebo_ros/conversions/geometry_msgs.hpp
[77.340s] -- Symlinking: /home/iju/S08P31C208/ROS/robot_ws/src/install/gazebo_ros/include/gazebo_ros/conversions/sensor_msgs.hpp
[77.355s] -- Symlinking: /home/iju/S08P31C208/ROS/robot_ws/src/install/gazebo_ros/include/gazebo_ros/executor.hpp
[77.371s] -- Symlinking: /home/iju/S08P31C208/ROS/robot_ws/src/install/gazebo_ros/include/gazebo_ros/gazebo_ros_factory.hpp
[77.388s] -- Symlinking: /home/iju/S08P31C208/ROS/robot_ws/src/install/gazebo_ros/include/gazebo_ros/gazebo_ros_init.hpp
[77.404s] -- Symlinking: /home/iju/S08P31C208/ROS/robot_ws/src/install/gazebo_ros/include/gazebo_ros/gazebo_ros_properties.hpp
[77.420s] -- Symlinking: /home/iju/S08P31C208/ROS/robot_ws/src/install/gazebo_ros/include/gazebo_ros/gazebo_ros_state.hpp
[77.437s] -- Symlinking: /home/iju/S08P31C208/ROS/robot_ws/src/install/gazebo_ros/include/gazebo_ros/node.hpp
[77.453s] -- Symlinking: /home/iju/S08P31C208/ROS/robot_ws/src/install/gazebo_ros/include/gazebo_ros/testing_utils.hpp
[77.469s] -- Symlinking: /home/iju/S08P31C208/ROS/robot_ws/src/install/gazebo_ros/include/gazebo_ros/utils.hpp
[77.486s] -- Symlinking: /home/iju/S08P31C208/ROS/robot_ws/src/install/gazebo_ros/lib/gazebo_ros//gazebo_ros_paths.py
[77.503s] -- Symlinking: /home/iju/S08P31C208/ROS/robot_ws/src/install/gazebo_ros/lib/libgazebo_ros_factory.so
[77.518s] -- Symlinking: /home/iju/S08P31C208/ROS/robot_ws/src/install/gazebo_ros/lib/libgazebo_ros_init.so
[77.535s] -- Symlinking: /home/iju/S08P31C208/ROS/robot_ws/src/install/gazebo_ros/lib/libgazebo_ros_node.so
[77.554s] -- Symlinking: /home/iju/S08P31C208/ROS/robot_ws/src/install/gazebo_ros/lib/libgazebo_ros_properties.so
[77.570s] -- Symlinking: /home/iju/S08P31C208/ROS/robot_ws/src/install/gazebo_ros/lib/libgazebo_ros_state.so
[77.588s] -- Symlinking: /home/iju/S08P31C208/ROS/robot_ws/src/install/gazebo_ros/lib/libgazebo_ros_utils.so
[77.605s] -- Symlinking: /home/iju/S08P31C208/ROS/robot_ws/src/install/gazebo_ros/lib/gazebo_ros//spawn_entity.py
[77.623s] -- Symlinking: /home/iju/S08P31C208/ROS/robot_ws/src/install/gazebo_ros/share/gazebo_ros//launch/empty_world.launch.py
[77.639s] -- Symlinking: /home/iju/S08P31C208/ROS/robot_ws/src/install/gazebo_ros/share/gazebo_ros//launch/gazebo.launch.py
[77.661s] -- Symlinking: /home/iju/S08P31C208/ROS/robot_ws/src/install/gazebo_ros/share/gazebo_ros//launch/gzclient.launch.py
[77.685s] -- Symlinking: /home/iju/S08P31C208/ROS/robot_ws/src/install/gazebo_ros/share/gazebo_ros//launch/gzserver.launch.py
[77.702s] -- Symlinking: /home/iju/S08P31C208/ROS/robot_ws/src/install/gazebo_ros/share/gazebo_ros//launch/spawn_entity_demo.launch.py
[77.781s] Listing '/home/iju/S08P31C208/ROS/robot_ws/src/install/gazebo_ros/lib/python3.6/site-packages/scripts/'...
[77.781s] Compiling '/home/iju/S08P31C208/ROS/robot_ws/src/install/gazebo_ros/lib/python3.6/site-packages/scripts/__init__.py'...
[77.781s] Compiling '/home/iju/S08P31C208/ROS/robot_ws/src/install/gazebo_ros/lib/python3.6/site-packages/scripts/gazebo_ros_paths.py'...
[77.781s] Compiling '/home/iju/S08P31C208/ROS/robot_ws/src/install/gazebo_ros/lib/python3.6/site-packages/scripts/spawn_entity.py'...
[77.811s] Invoked command in '/home/iju/S08P31C208/ROS/robot_ws/src/build/gazebo_ros' returned '0': AMENT_PREFIX_PATH=/home/iju/S08P31C208/ROS/robot_ws/src/install/gazebo_msgs:/home/iju/S08P31C208/ROS/robot_ws/src/install/gazebo_dev:${AMENT_PREFIX_PATH} CMAKE_PREFIX_PATH=/home/iju/S08P31C208/ROS/robot_ws/src/install/gazebo_msgs:/home/iju/S08P31C208/ROS/robot_ws/src/install/gazebo_dev:/opt/ros/dashing LD_LIBRARY_PATH=/home/iju/S08P31C208/ROS/robot_ws/src/install/gazebo_msgs/lib:${LD_LIBRARY_PATH} PS1=\u@\h \[\033[32m\]\w\[\033[33m\]$(parse_git_branch)\[\033[00m\] $ PYTHONPATH=/home/iju/S08P31C208/ROS/robot_ws/src/install/gazebo_msgs/lib/python3.6/site-packages:${PYTHONPATH} /usr/bin/cmake --build /home/iju/S08P31C208/ROS/robot_ws/src/build/gazebo_ros --target install -- -j6 -l6
