[0.458s] Invoking command in '/home/moon/S08P31C208/ROS/buruemi_ws/build/ld08_driver': CMAKE_PREFIX_PATH=${CMAKE_PREFIX_PATH}:/home/moon/S08P31C208/ROS/buruemi_ws/install/lidar_filter:/home/moon/S08P31C208/ROS/buruemi_ws/install/turtlebot3_teleop:/home/moon/S08P31C208/ROS/buruemi_ws/install/turtlebot3_example:/opt/ros/dashing /usr/bin/cmake --build /home/moon/S08P31C208/ROS/buruemi_ws/build/ld08_driver -- -j4 -l4
[0.890s] [100%] Built target ld08_driver
[0.981s] Invoked command in '/home/moon/S08P31C208/ROS/buruemi_ws/build/ld08_driver' returned '0': CMAKE_PREFIX_PATH=${CMAKE_PREFIX_PATH}:/home/moon/S08P31C208/ROS/buruemi_ws/install/lidar_filter:/home/moon/S08P31C208/ROS/buruemi_ws/install/turtlebot3_teleop:/home/moon/S08P31C208/ROS/buruemi_ws/install/turtlebot3_example:/opt/ros/dashing /usr/bin/cmake --build /home/moon/S08P31C208/ROS/buruemi_ws/build/ld08_driver -- -j4 -l4
[1.237s] Invoking command in '/home/moon/S08P31C208/ROS/buruemi_ws/build/ld08_driver': CMAKE_PREFIX_PATH=${CMAKE_PREFIX_PATH}:/home/moon/S08P31C208/ROS/buruemi_ws/install/lidar_filter:/home/moon/S08P31C208/ROS/buruemi_ws/install/turtlebot3_teleop:/home/moon/S08P31C208/ROS/buruemi_ws/install/turtlebot3_example:/opt/ros/dashing /usr/bin/cmake --build /home/moon/S08P31C208/ROS/buruemi_ws/build/ld08_driver --target install -- -j4 -l4
[1.651s] [100%] Built target ld08_driver
[1.783s] [36mInstall the project...[0m
[1.844s] -- Install configuration: ""
[1.845s] -- Execute custom install script
[1.849s] -- Up-to-date symlink: /home/moon/S08P31C208/ROS/buruemi_ws/install/ld08_driver/share/ld08_driver/launch/ld08.launch.py
[1.850s] -- Up-to-date symlink: /home/moon/S08P31C208/ROS/buruemi_ws/install/ld08_driver/lib/ld08_driver/ld08_driver
[1.857s] -- Up-to-date symlink: /home/moon/S08P31C208/ROS/buruemi_ws/install/ld08_driver/share/ament_index/resource_index/package_run_dependencies/ld08_driver
[1.860s] -- Up-to-date symlink: /home/moon/S08P31C208/ROS/buruemi_ws/install/ld08_driver/share/ament_index/resource_index/parent_prefix_path/ld08_driver
[1.863s] -- Up-to-date symlink: /home/moon/S08P31C208/ROS/buruemi_ws/install/ld08_driver/share/ld08_driver/environment/ament_prefix_path.sh
[1.871s] -- Up-to-date symlink: /home/moon/S08P31C208/ROS/buruemi_ws/install/ld08_driver/share/ld08_driver/environment/path.sh
[1.874s] -- Up-to-date symlink: /home/moon/S08P31C208/ROS/buruemi_ws/install/ld08_driver/share/ld08_driver/local_setup.bash
[1.874s] -- Up-to-date symlink: /home/moon/S08P31C208/ROS/buruemi_ws/install/ld08_driver/share/ld08_driver/local_setup.sh
[1.876s] -- Up-to-date symlink: /home/moon/S08P31C208/ROS/buruemi_ws/install/ld08_driver/share/ld08_driver/local_setup.zsh
[1.882s] -- Up-to-date symlink: /home/moon/S08P31C208/ROS/buruemi_ws/install/ld08_driver/share/ament_index/resource_index/packages/ld08_driver
[1.890s] -- Up-to-date symlink: /home/moon/S08P31C208/ROS/buruemi_ws/install/ld08_driver/share/ld08_driver/cmake/ament_cmake_export_dependencies-extras.cmake
[1.894s] -- Up-to-date symlink: /home/moon/S08P31C208/ROS/buruemi_ws/install/ld08_driver/share/ld08_driver/cmake/ament_cmake_export_include_directories-extras.cmake
[1.897s] -- Up-to-date symlink: /home/moon/S08P31C208/ROS/buruemi_ws/install/ld08_driver/share/ld08_driver/cmake/ld08_driverConfig.cmake
[1.901s] -- Up-to-date symlink: /home/moon/S08P31C208/ROS/buruemi_ws/install/ld08_driver/share/ld08_driver/cmake/ld08_driverConfig-version.cmake
[1.905s] -- Up-to-date symlink: /home/moon/S08P31C208/ROS/buruemi_ws/install/ld08_driver/share/ld08_driver/package.xml
[3.727s] Invoked command in '/home/moon/S08P31C208/ROS/buruemi_ws/build/ld08_driver' returned '0': CMAKE_PREFIX_PATH=${CMAKE_PREFIX_PATH}:/home/moon/S08P31C208/ROS/buruemi_ws/install/lidar_filter:/home/moon/S08P31C208/ROS/buruemi_ws/install/turtlebot3_teleop:/home/moon/S08P31C208/ROS/buruemi_ws/install/turtlebot3_example:/opt/ros/dashing /usr/bin/cmake --build /home/moon/S08P31C208/ROS/buruemi_ws/build/ld08_driver --target install -- -j4 -l4
