-- Found ament_cmake: 0.7.6 (/opt/ros/dashing/share/ament_cmake/cmake)
-- Using PYTHON_EXECUTABLE: /usr/bin/python3
-- Override CMake install command with custom implementation using symlinks instead of copying resources
-- Found nav2_common: 0.2.6 (/home/iju/S08P31C208/ROS/robot_ws/install/nav2_common/share/nav2_common/cmake)
-- Found rclcpp: 0.7.16 (/opt/ros/dashing/share/rclcpp/cmake)
-- Found rosidl_adapter: 0.7.10 (/opt/ros/dashing/share/rosidl_adapter/cmake)
-- Found rmw_implementation_cmake: 0.7.2 (/opt/ros/dashing/share/rmw_implementation_cmake/cmake)
-- Using RMW implementation 'rmw_fastrtps_cpp' as default
-- Found rclcpp_action: 0.7.16 (/opt/ros/dashing/share/rclcpp_action/cmake)
-- Found std_msgs: 0.7.1 (/opt/ros/dashing/share/std_msgs/cmake)
-- Found nav2_util: 0.2.6 (/home/iju/S08P31C208/ROS/robot_ws/install/nav2_util/share/nav2_util/cmake)
-- Found eigen3_cmake_module: 0.1.1 (/opt/ros/dashing/share/eigen3_cmake_module/cmake)
-- Found dwb_core: 0.2.6 (/home/iju/S08P31C208/ROS/robot_ws/install/dwb_core/share/dwb_core/cmake)
-- Found tinyxml2_vendor:  (/opt/ros/dashing/share/tinyxml2_vendor/cmake)
-- Found poco_vendor:  (/opt/ros/dashing/share/poco_vendor/cmake)
-- Found ament_lint_auto: 0.7.12 (/opt/ros/dashing/share/ament_lint_auto/cmake)
-- Added test 'copyright' to check for copyright in CMake / C / C++ / Python code
-- Added test 'cppcheck' to perform static code analysis on C / C++ code
-- Configured cppcheck include dirs: /home/iju/S08P31C208/ROS/robot_ws/src/navigation2/nav2_dwb_controller/dwb_controller/include
-- Added test 'cpplint' to check C / C++ code against the Google style
-- Added test 'lint_cmake' to check CMake code style
-- Added test 'uncrustify' to check C / C++ code style
-- Added test 'xmllint' to check XML markup files
-- Configuring done
-- Generating done
-- Build files have been written to: /home/iju/S08P31C208/ROS/robot_ws/build/dwb_controller
[ 60%] Built target dwb_controller_core
[100%] Built target dwb_controller
[ 60%] Built target dwb_controller_core
[100%] Built target dwb_controller
[36mInstall the project...[0m
-- Install configuration: "Release"
-- Execute custom install script
-- Up-to-date symlink: /home/iju/S08P31C208/ROS/robot_ws/install/dwb_controller/lib/dwb_controller/dwb_controller
-- Up-to-date symlink: /home/iju/S08P31C208/ROS/robot_ws/install/dwb_controller/lib/libdwb_controller_core.a
-- Up-to-date symlink: /home/iju/S08P31C208/ROS/robot_ws/install/dwb_controller/include//dwb_controller/dwb_controller.hpp
-- Up-to-date symlink: /home/iju/S08P31C208/ROS/robot_ws/install/dwb_controller/include//dwb_controller/progress_checker.hpp
-- Up-to-date symlink: /home/iju/S08P31C208/ROS/robot_ws/install/dwb_controller/share/dwb_controller/environment/library_path.sh
-- Up-to-date symlink: /home/iju/S08P31C208/ROS/robot_ws/install/dwb_controller/share/ament_index/resource_index/package_run_dependencies/dwb_controller
-- Up-to-date symlink: /home/iju/S08P31C208/ROS/robot_ws/install/dwb_controller/share/ament_index/resource_index/parent_prefix_path/dwb_controller
-- Up-to-date symlink: /home/iju/S08P31C208/ROS/robot_ws/install/dwb_controller/share/dwb_controller/environment/ament_prefix_path.sh
-- Up-to-date symlink: /home/iju/S08P31C208/ROS/robot_ws/install/dwb_controller/share/dwb_controller/environment/path.sh
-- Up-to-date symlink: /home/iju/S08P31C208/ROS/robot_ws/install/dwb_controller/share/dwb_controller/local_setup.bash
-- Up-to-date symlink: /home/iju/S08P31C208/ROS/robot_ws/install/dwb_controller/share/dwb_controller/local_setup.sh
-- Up-to-date symlink: /home/iju/S08P31C208/ROS/robot_ws/install/dwb_controller/share/dwb_controller/local_setup.zsh
-- Up-to-date symlink: /home/iju/S08P31C208/ROS/robot_ws/install/dwb_controller/share/ament_index/resource_index/packages/dwb_controller
-- Up-to-date symlink: /home/iju/S08P31C208/ROS/robot_ws/install/dwb_controller/share/dwb_controller/cmake/ament_cmake_export_include_directories-extras.cmake
-- Up-to-date symlink: /home/iju/S08P31C208/ROS/robot_ws/install/dwb_controller/share/dwb_controller/cmake/ament_cmake_export_libraries-extras.cmake
-- Up-to-date symlink: /home/iju/S08P31C208/ROS/robot_ws/install/dwb_controller/share/dwb_controller/cmake/dwb_controllerConfig.cmake
-- Up-to-date symlink: /home/iju/S08P31C208/ROS/robot_ws/install/dwb_controller/share/dwb_controller/cmake/dwb_controllerConfig-version.cmake
-- Up-to-date symlink: /home/iju/S08P31C208/ROS/robot_ws/install/dwb_controller/share/dwb_controller/package.xml
