[0.509s] Invoking command in '/home/moon/S08P31C208/ROS/buruemi_ws/build/cartographer_ros_msgs': CMAKE_PREFIX_PATH=${CMAKE_PREFIX_PATH}:/home/moon/S08P31C208/ROS/buruemi_ws/install/lidar_filter:/home/moon/S08P31C208/ROS/buruemi_ws/install/turtlebot3_teleop:/home/moon/S08P31C208/ROS/buruemi_ws/install/turtlebot3_example:/opt/ros/dashing /usr/bin/cmake --build /home/moon/S08P31C208/ROS/buruemi_ws/build/cartographer_ros_msgs -- -j4 -l4
[2.619s] [  0%] Built target cartographer_ros_msgs__cpp
[2.621s] [ 12%] Built target cartographer_ros_msgs__rosidl_generator_c
[2.622s] [ 25%] Built target cartographer_ros_msgs__rosidl_typesupport_cpp
[2.623s] [ 36%] Built target cartographer_ros_msgs__rosidl_typesupport_introspection_cpp
[2.625s] [ 48%] Built target cartographer_ros_msgs__rosidl_typesupport_fastrtps_cpp
[2.627s] [ 60%] Built target cartographer_ros_msgs__rosidl_typesupport_c
[2.628s] [ 72%] Built target cartographer_ros_msgs__rosidl_typesupport_fastrtps_c
[2.633s] [ 84%] Built target cartographer_ros_msgs__rosidl_typesupport_introspection_c
[2.635s] [ 84%] Built target cartographer_ros_msgs
[2.636s] [ 85%] Built target cartographer_ros_msgs__py
[2.636s] [ 96%] Built target cartographer_ros_msgs__python
[2.645s] [ 98%] Built target cartographer_ros_msgs__rosidl_typesupport_introspection_c__pyext
[2.647s] [ 99%] Built target cartographer_ros_msgs__rosidl_typesupport_fastrtps_c__pyext
[2.647s] [100%] Built target cartographer_ros_msgs__rosidl_typesupport_c__pyext
[2.664s] Invoked command in '/home/moon/S08P31C208/ROS/buruemi_ws/build/cartographer_ros_msgs' returned '0': CMAKE_PREFIX_PATH=${CMAKE_PREFIX_PATH}:/home/moon/S08P31C208/ROS/buruemi_ws/install/lidar_filter:/home/moon/S08P31C208/ROS/buruemi_ws/install/turtlebot3_teleop:/home/moon/S08P31C208/ROS/buruemi_ws/install/turtlebot3_example:/opt/ros/dashing /usr/bin/cmake --build /home/moon/S08P31C208/ROS/buruemi_ws/build/cartographer_ros_msgs -- -j4 -l4
[5.177s] Invoking command in '/home/moon/S08P31C208/ROS/buruemi_ws/build/cartographer_ros_msgs': CMAKE_PREFIX_PATH=${CMAKE_PREFIX_PATH}:/home/moon/S08P31C208/ROS/buruemi_ws/install/lidar_filter:/home/moon/S08P31C208/ROS/buruemi_ws/install/turtlebot3_teleop:/home/moon/S08P31C208/ROS/buruemi_ws/install/turtlebot3_example:/opt/ros/dashing /usr/bin/cmake --build /home/moon/S08P31C208/ROS/buruemi_ws/build/cartographer_ros_msgs --target install -- -j4 -l4
[5.702s] [  0%] Built target cartographer_ros_msgs__cpp
[5.836s] [ 12%] Built target cartographer_ros_msgs__rosidl_generator_c
[6.236s] [ 26%] Built target cartographer_ros_msgs__rosidl_typesupport_introspection_cpp
[6.246s] [ 36%] Built target cartographer_ros_msgs__rosidl_typesupport_cpp
[6.285s] [ 48%] Built target cartographer_ros_msgs__rosidl_typesupport_c
[6.308s] [ 60%] Built target cartographer_ros_msgs__rosidl_typesupport_fastrtps_cpp
[6.580s] [ 72%] Built target cartographer_ros_msgs__rosidl_typesupport_introspection_c
[6.704s] [ 84%] Built target cartographer_ros_msgs__rosidl_typesupport_fastrtps_c
[6.833s] [ 84%] Built target cartographer_ros_msgs
[6.969s] [ 85%] Built target cartographer_ros_msgs__py
[7.167s] [ 96%] Built target cartographer_ros_msgs__python
[7.497s] [ 97%] Built target cartographer_ros_msgs__rosidl_typesupport_fastrtps_c__pyext
[7.501s] [ 99%] Built target cartographer_ros_msgs__rosidl_typesupport_introspection_c__pyext
[7.540s] [100%] Built target cartographer_ros_msgs__rosidl_typesupport_c__pyext
[7.682s] [36mInstall the project...[0m
[7.714s] -- Install configuration: ""
[7.718s] -- Execute custom install script
[7.719s] -- Up-to-date symlink: /home/moon/S08P31C208/ROS/buruemi_ws/install/cartographer_ros_msgs/share/ament_index/resource_index/rosidl_interfaces/cartographer_ros_msgs
[7.728s] -- Up-to-date symlink: /home/moon/S08P31C208/ROS/buruemi_ws/install/cartographer_ros_msgs/include/cartographer_ros_msgs/msg/landmark_entry.hpp
[7.728s] -- Up-to-date symlink: /home/moon/S08P31C208/ROS/buruemi_ws/install/cartographer_ros_msgs/include/cartographer_ros_msgs/msg/landmark_entry__struct.hpp
[7.729s] -- Up-to-date symlink: /home/moon/S08P31C208/ROS/buruemi_ws/install/cartographer_ros_msgs/include/cartographer_ros_msgs/msg/landmark_entry__traits.hpp
[7.729s] -- Up-to-date symlink: /home/moon/S08P31C208/ROS/buruemi_ws/install/cartographer_ros_msgs/include/cartographer_ros_msgs/msg/landmark_list.hpp
[7.731s] -- Up-to-date symlink: /home/moon/S08P31C208/ROS/buruemi_ws/install/cartographer_ros_msgs/include/cartographer_ros_msgs/msg/landmark_list__struct.hpp
[7.732s] -- Up-to-date symlink: /home/moon/S08P31C208/ROS/buruemi_ws/install/cartographer_ros_msgs/include/cartographer_ros_msgs/msg/landmark_list__traits.hpp
[7.734s] -- Up-to-date symlink: /home/moon/S08P31C208/ROS/buruemi_ws/install/cartographer_ros_msgs/include/cartographer_ros_msgs/msg/sensor_topics.hpp
[7.736s] -- Up-to-date symlink: /home/moon/S08P31C208/ROS/buruemi_ws/install/cartographer_ros_msgs/include/cartographer_ros_msgs/msg/sensor_topics__struct.hpp
[7.737s] -- Up-to-date symlink: /home/moon/S08P31C208/ROS/buruemi_ws/install/cartographer_ros_msgs/include/cartographer_ros_msgs/msg/sensor_topics__traits.hpp
[7.741s] -- Up-to-date symlink: /home/moon/S08P31C208/ROS/buruemi_ws/install/cartographer_ros_msgs/include/cartographer_ros_msgs/msg/status_code.hpp
[7.744s] -- Up-to-date symlink: /home/moon/S08P31C208/ROS/buruemi_ws/install/cartographer_ros_msgs/include/cartographer_ros_msgs/msg/status_code__struct.hpp
[7.746s] -- Up-to-date symlink: /home/moon/S08P31C208/ROS/buruemi_ws/install/cartographer_ros_msgs/include/cartographer_ros_msgs/msg/status_code__traits.hpp
[7.747s] -- Up-to-date symlink: /home/moon/S08P31C208/ROS/buruemi_ws/install/cartographer_ros_msgs/include/cartographer_ros_msgs/msg/status_response.hpp
[7.748s] -- Up-to-date symlink: /home/moon/S08P31C208/ROS/buruemi_ws/install/cartographer_ros_msgs/include/cartographer_ros_msgs/msg/status_response__struct.hpp
[7.765s] -- Up-to-date symlink: /home/moon/S08P31C208/ROS/buruemi_ws/install/cartographer_ros_msgs/include/cartographer_ros_msgs/msg/status_response__traits.hpp
[7.772s] -- Up-to-date symlink: /home/moon/S08P31C208/ROS/buruemi_ws/install/cartographer_ros_msgs/include/cartographer_ros_msgs/msg/submap_entry.hpp
[7.772s] -- Up-to-date symlink: /home/moon/S08P31C208/ROS/buruemi_ws/install/cartographer_ros_msgs/include/cartographer_ros_msgs/msg/submap_entry__struct.hpp
[7.772s] -- Up-to-date symlink: /home/moon/S08P31C208/ROS/buruemi_ws/install/cartographer_ros_msgs/include/cartographer_ros_msgs/msg/submap_entry__traits.hpp
[7.773s] -- Up-to-date symlink: /home/moon/S08P31C208/ROS/buruemi_ws/install/cartographer_ros_msgs/include/cartographer_ros_msgs/msg/submap_list.hpp
[7.779s] -- Up-to-date symlink: /home/moon/S08P31C208/ROS/buruemi_ws/install/cartographer_ros_msgs/include/cartographer_ros_msgs/msg/submap_list__struct.hpp
[7.779s] -- Up-to-date symlink: /home/moon/S08P31C208/ROS/buruemi_ws/install/cartographer_ros_msgs/include/cartographer_ros_msgs/msg/submap_list__traits.hpp
[7.780s] -- Up-to-date symlink: /home/moon/S08P31C208/ROS/buruemi_ws/install/cartographer_ros_msgs/include/cartographer_ros_msgs/msg/submap_texture.hpp
[7.780s] -- Up-to-date symlink: /home/moon/S08P31C208/ROS/buruemi_ws/install/cartographer_ros_msgs/include/cartographer_ros_msgs/msg/submap_texture__struct.hpp
[7.781s] -- Up-to-date symlink: /home/moon/S08P31C208/ROS/buruemi_ws/install/cartographer_ros_msgs/include/cartographer_ros_msgs/msg/submap_texture__traits.hpp
[7.781s] -- Up-to-date symlink: /home/moon/S08P31C208/ROS/buruemi_ws/install/cartographer_ros_msgs/include/cartographer_ros_msgs/msg/trajectory_options.hpp
[7.782s] -- Up-to-date symlink: /home/moon/S08P31C208/ROS/buruemi_ws/install/cartographer_ros_msgs/include/cartographer_ros_msgs/msg/trajectory_options__struct.hpp
[7.782s] -- Up-to-date symlink: /home/moon/S08P31C208/ROS/buruemi_ws/install/cartographer_ros_msgs/include/cartographer_ros_msgs/msg/trajectory_options__traits.hpp
[7.783s] -- Up-to-date symlink: /home/moon/S08P31C208/ROS/buruemi_ws/install/cartographer_ros_msgs/include/cartographer_ros_msgs/srv/finish_trajectory.hpp
[7.783s] -- Up-to-date symlink: /home/moon/S08P31C208/ROS/buruemi_ws/install/cartographer_ros_msgs/include/cartographer_ros_msgs/srv/finish_trajectory__struct.hpp
[7.784s] -- Up-to-date symlink: /home/moon/S08P31C208/ROS/buruemi_ws/install/cartographer_ros_msgs/include/cartographer_ros_msgs/srv/finish_trajectory__traits.hpp
[7.784s] -- Up-to-date symlink: /home/moon/S08P31C208/ROS/buruemi_ws/install/cartographer_ros_msgs/include/cartographer_ros_msgs/srv/start_trajectory.hpp
[7.785s] -- Up-to-date symlink: /home/moon/S08P31C208/ROS/buruemi_ws/install/cartographer_ros_msgs/include/cartographer_ros_msgs/srv/start_trajectory__struct.hpp
[7.786s] -- Up-to-date symlink: /home/moon/S08P31C208/ROS/buruemi_ws/install/cartographer_ros_msgs/include/cartographer_ros_msgs/srv/start_trajectory__traits.hpp
[7.787s] -- Up-to-date symlink: /home/moon/S08P31C208/ROS/buruemi_ws/install/cartographer_ros_msgs/include/cartographer_ros_msgs/srv/submap_query.hpp
[7.799s] -- Up-to-date symlink: /home/moon/S08P31C208/ROS/buruemi_ws/install/cartographer_ros_msgs/include/cartographer_ros_msgs/srv/submap_query__struct.hpp
[7.800s] -- Up-to-date symlink: /home/moon/S08P31C208/ROS/buruemi_ws/install/cartographer_ros_msgs/include/cartographer_ros_msgs/srv/submap_query__traits.hpp
[7.800s] -- Up-to-date symlink: /home/moon/S08P31C208/ROS/buruemi_ws/install/cartographer_ros_msgs/include/cartographer_ros_msgs/srv/write_state.hpp
[7.801s] -- Up-to-date symlink: /home/moon/S08P31C208/ROS/buruemi_ws/install/cartographer_ros_msgs/include/cartographer_ros_msgs/srv/write_state__struct.hpp
[7.802s] -- Up-to-date symlink: /home/moon/S08P31C208/ROS/buruemi_ws/install/cartographer_ros_msgs/include/cartographer_ros_msgs/srv/write_state__traits.hpp
[7.803s] -- Up-to-date symlink: /home/moon/S08P31C208/ROS/buruemi_ws/install/cartographer_ros_msgs/include/cartographer_ros_msgs/msg/landmark_entry.h
[7.804s] -- Up-to-date symlink: /home/moon/S08P31C208/ROS/buruemi_ws/install/cartographer_ros_msgs/include/cartographer_ros_msgs/msg/landmark_entry__functions.h
[7.805s] -- Up-to-date symlink: /home/moon/S08P31C208/ROS/buruemi_ws/install/cartographer_ros_msgs/include/cartographer_ros_msgs/msg/landmark_entry__struct.h
[7.806s] -- Up-to-date symlink: /home/moon/S08P31C208/ROS/buruemi_ws/install/cartographer_ros_msgs/include/cartographer_ros_msgs/msg/landmark_entry__type_support.h
[7.807s] -- Up-to-date symlink: /home/moon/S08P31C208/ROS/buruemi_ws/install/cartographer_ros_msgs/include/cartographer_ros_msgs/msg/landmark_list.h
[7.808s] -- Up-to-date symlink: /home/moon/S08P31C208/ROS/buruemi_ws/install/cartographer_ros_msgs/include/cartographer_ros_msgs/msg/landmark_list__functions.h
[7.809s] -- Up-to-date symlink: /home/moon/S08P31C208/ROS/buruemi_ws/install/cartographer_ros_msgs/include/cartographer_ros_msgs/msg/landmark_list__struct.h
[7.822s] -- Up-to-date symlink: /home/moon/S08P31C208/ROS/buruemi_ws/install/cartographer_ros_msgs/include/cartographer_ros_msgs/msg/landmark_list__type_support.h
[7.823s] -- Up-to-date symlink: /home/moon/S08P31C208/ROS/buruemi_ws/install/cartographer_ros_msgs/include/cartographer_ros_msgs/msg/rosidl_generator_c__visibility_control.h
[7.823s] -- Up-to-date symlink: /home/moon/S08P31C208/ROS/buruemi_ws/install/cartographer_ros_msgs/include/cartographer_ros_msgs/msg/sensor_topics.h
[7.824s] -- Up-to-date symlink: /home/moon/S08P31C208/ROS/buruemi_ws/install/cartographer_ros_msgs/include/cartographer_ros_msgs/msg/sensor_topics__functions.h
[7.824s] -- Up-to-date symlink: /home/moon/S08P31C208/ROS/buruemi_ws/install/cartographer_ros_msgs/include/cartographer_ros_msgs/msg/sensor_topics__struct.h
[7.825s] -- Up-to-date symlink: /home/moon/S08P31C208/ROS/buruemi_ws/install/cartographer_ros_msgs/include/cartographer_ros_msgs/msg/sensor_topics__type_support.h
[7.825s] -- Up-to-date symlink: /home/moon/S08P31C208/ROS/buruemi_ws/install/cartographer_ros_msgs/include/cartographer_ros_msgs/msg/status_code.h
[7.826s] -- Up-to-date symlink: /home/moon/S08P31C208/ROS/buruemi_ws/install/cartographer_ros_msgs/include/cartographer_ros_msgs/msg/status_code__functions.h
[7.826s] -- Up-to-date symlink: /home/moon/S08P31C208/ROS/buruemi_ws/install/cartographer_ros_msgs/include/cartographer_ros_msgs/msg/status_code__struct.h
[7.827s] -- Up-to-date symlink: /home/moon/S08P31C208/ROS/buruemi_ws/install/cartographer_ros_msgs/include/cartographer_ros_msgs/msg/status_code__type_support.h
[7.827s] -- Up-to-date symlink: /home/moon/S08P31C208/ROS/buruemi_ws/install/cartographer_ros_msgs/include/cartographer_ros_msgs/msg/status_response.h
[7.828s] -- Up-to-date symlink: /home/moon/S08P31C208/ROS/buruemi_ws/install/cartographer_ros_msgs/include/cartographer_ros_msgs/msg/status_response__functions.h
[7.839s] -- Up-to-date symlink: /home/moon/S08P31C208/ROS/buruemi_ws/install/cartographer_ros_msgs/include/cartographer_ros_msgs/msg/status_response__struct.h
[7.840s] -- Up-to-date symlink: /home/moon/S08P31C208/ROS/buruemi_ws/install/cartographer_ros_msgs/include/cartographer_ros_msgs/msg/status_response__type_support.h
[7.843s] -- Up-to-date symlink: /home/moon/S08P31C208/ROS/buruemi_ws/install/cartographer_ros_msgs/include/cartographer_ros_msgs/msg/submap_entry.h
[7.844s] -- Up-to-date symlink: /home/moon/S08P31C208/ROS/buruemi_ws/install/cartographer_ros_msgs/include/cartographer_ros_msgs/msg/submap_entry__functions.h
[7.846s] -- Up-to-date symlink: /home/moon/S08P31C208/ROS/buruemi_ws/install/cartographer_ros_msgs/include/cartographer_ros_msgs/msg/submap_entry__struct.h
[7.848s] -- Up-to-date symlink: /home/moon/S08P31C208/ROS/buruemi_ws/install/cartographer_ros_msgs/include/cartographer_ros_msgs/msg/submap_entry__type_support.h
[7.849s] -- Up-to-date symlink: /home/moon/S08P31C208/ROS/buruemi_ws/install/cartographer_ros_msgs/include/cartographer_ros_msgs/msg/submap_list.h
[7.850s] -- Up-to-date symlink: /home/moon/S08P31C208/ROS/buruemi_ws/install/cartographer_ros_msgs/include/cartographer_ros_msgs/msg/submap_list__functions.h
[7.852s] -- Up-to-date symlink: /home/moon/S08P31C208/ROS/buruemi_ws/install/cartographer_ros_msgs/include/cartographer_ros_msgs/msg/submap_list__struct.h
[7.853s] -- Up-to-date symlink: /home/moon/S08P31C208/ROS/buruemi_ws/install/cartographer_ros_msgs/include/cartographer_ros_msgs/msg/submap_list__type_support.h
[7.854s] -- Up-to-date symlink: /home/moon/S08P31C208/ROS/buruemi_ws/install/cartographer_ros_msgs/include/cartographer_ros_msgs/msg/submap_texture.h
[7.856s] -- Up-to-date symlink: /home/moon/S08P31C208/ROS/buruemi_ws/install/cartographer_ros_msgs/include/cartographer_ros_msgs/msg/submap_texture__functions.h
[7.858s] -- Up-to-date symlink: /home/moon/S08P31C208/ROS/buruemi_ws/install/cartographer_ros_msgs/include/cartographer_ros_msgs/msg/submap_texture__struct.h
[7.859s] -- Up-to-date symlink: /home/moon/S08P31C208/ROS/buruemi_ws/install/cartographer_ros_msgs/include/cartographer_ros_msgs/msg/submap_texture__type_support.h
[7.861s] -- Up-to-date symlink: /home/moon/S08P31C208/ROS/buruemi_ws/install/cartographer_ros_msgs/include/cartographer_ros_msgs/msg/trajectory_options.h
[7.862s] -- Up-to-date symlink: /home/moon/S08P31C208/ROS/buruemi_ws/install/cartographer_ros_msgs/include/cartographer_ros_msgs/msg/trajectory_options__functions.h
[7.864s] -- Up-to-date symlink: /home/moon/S08P31C208/ROS/buruemi_ws/install/cartographer_ros_msgs/include/cartographer_ros_msgs/msg/trajectory_options__struct.h
[7.865s] -- Up-to-date symlink: /home/moon/S08P31C208/ROS/buruemi_ws/install/cartographer_ros_msgs/include/cartographer_ros_msgs/msg/trajectory_options__type_support.h
[7.866s] -- Up-to-date symlink: /home/moon/S08P31C208/ROS/buruemi_ws/install/cartographer_ros_msgs/include/cartographer_ros_msgs/srv/finish_trajectory.h
[7.867s] -- Up-to-date symlink: /home/moon/S08P31C208/ROS/buruemi_ws/install/cartographer_ros_msgs/include/cartographer_ros_msgs/srv/finish_trajectory__functions.h
[7.869s] -- Up-to-date symlink: /home/moon/S08P31C208/ROS/buruemi_ws/install/cartographer_ros_msgs/include/cartographer_ros_msgs/srv/finish_trajectory__struct.h
[7.870s] -- Up-to-date symlink: /home/moon/S08P31C208/ROS/buruemi_ws/install/cartographer_ros_msgs/include/cartographer_ros_msgs/srv/finish_trajectory__type_support.h
[7.872s] -- Up-to-date symlink: /home/moon/S08P31C208/ROS/buruemi_ws/install/cartographer_ros_msgs/include/cartographer_ros_msgs/srv/start_trajectory.h
[7.878s] -- Up-to-date symlink: /home/moon/S08P31C208/ROS/buruemi_ws/install/cartographer_ros_msgs/include/cartographer_ros_msgs/srv/start_trajectory__functions.h
[7.879s] -- Up-to-date symlink: /home/moon/S08P31C208/ROS/buruemi_ws/install/cartographer_ros_msgs/include/cartographer_ros_msgs/srv/start_trajectory__struct.h
[7.880s] -- Up-to-date symlink: /home/moon/S08P31C208/ROS/buruemi_ws/install/cartographer_ros_msgs/include/cartographer_ros_msgs/srv/start_trajectory__type_support.h
[7.881s] -- Up-to-date symlink: /home/moon/S08P31C208/ROS/buruemi_ws/install/cartographer_ros_msgs/include/cartographer_ros_msgs/srv/submap_query.h
[7.881s] -- Up-to-date symlink: /home/moon/S08P31C208/ROS/buruemi_ws/install/cartographer_ros_msgs/include/cartographer_ros_msgs/srv/submap_query__functions.h
[7.882s] -- Up-to-date symlink: /home/moon/S08P31C208/ROS/buruemi_ws/install/cartographer_ros_msgs/include/cartographer_ros_msgs/srv/submap_query__struct.h
[7.883s] -- Up-to-date symlink: /home/moon/S08P31C208/ROS/buruemi_ws/install/cartographer_ros_msgs/include/cartographer_ros_msgs/srv/submap_query__type_support.h
[7.883s] -- Up-to-date symlink: /home/moon/S08P31C208/ROS/buruemi_ws/install/cartographer_ros_msgs/include/cartographer_ros_msgs/srv/write_state.h
[7.884s] -- Up-to-date symlink: /home/moon/S08P31C208/ROS/buruemi_ws/install/cartographer_ros_msgs/include/cartographer_ros_msgs/srv/write_state__functions.h
[7.884s] -- Up-to-date symlink: /home/moon/S08P31C208/ROS/buruemi_ws/install/cartographer_ros_msgs/include/cartographer_ros_msgs/srv/write_state__struct.h
[7.885s] -- Up-to-date symlink: /home/moon/S08P31C208/ROS/buruemi_ws/install/cartographer_ros_msgs/include/cartographer_ros_msgs/srv/write_state__type_support.h
[7.885s] -- Up-to-date symlink: /home/moon/S08P31C208/ROS/buruemi_ws/install/cartographer_ros_msgs/share/cartographer_ros_msgs/environment/library_path.sh
[7.900s] -- Up-to-date symlink: /home/moon/S08P31C208/ROS/buruemi_ws/install/cartographer_ros_msgs/lib/libcartographer_ros_msgs__rosidl_generator_c.so
[7.922s] -- Up-to-date symlink: /home/moon/S08P31C208/ROS/buruemi_ws/install/cartographer_ros_msgs/lib/libcartographer_ros_msgs__rosidl_typesupport_c.so
[7.922s] -- Up-to-date symlink: /home/moon/S08P31C208/ROS/buruemi_ws/install/cartographer_ros_msgs/lib/libcartographer_ros_msgs__rosidl_typesupport_cpp.so
[7.923s] -- Up-to-date symlink: /home/moon/S08P31C208/ROS/buruemi_ws/install/cartographer_ros_msgs/include/cartographer_ros_msgs/msg/landmark_entry__rosidl_typesupport_introspection_c.h
[7.924s] -- Up-to-date symlink: /home/moon/S08P31C208/ROS/buruemi_ws/install/cartographer_ros_msgs/include/cartographer_ros_msgs/msg/landmark_list__rosidl_typesupport_introspection_c.h
[7.924s] -- Up-to-date symlink: /home/moon/S08P31C208/ROS/buruemi_ws/install/cartographer_ros_msgs/include/cartographer_ros_msgs/msg/rosidl_typesupport_introspection_c__visibility_control.h
[7.925s] -- Up-to-date symlink: /home/moon/S08P31C208/ROS/buruemi_ws/install/cartographer_ros_msgs/include/cartographer_ros_msgs/msg/sensor_topics__rosidl_typesupport_introspection_c.h
[7.926s] -- Up-to-date symlink: /home/moon/S08P31C208/ROS/buruemi_ws/install/cartographer_ros_msgs/include/cartographer_ros_msgs/msg/status_code__rosidl_typesupport_introspection_c.h
[7.927s] -- Up-to-date symlink: /home/moon/S08P31C208/ROS/buruemi_ws/install/cartographer_ros_msgs/include/cartographer_ros_msgs/msg/status_response__rosidl_typesupport_introspection_c.h
[7.927s] -- Up-to-date symlink: /home/moon/S08P31C208/ROS/buruemi_ws/install/cartographer_ros_msgs/include/cartographer_ros_msgs/msg/submap_entry__rosidl_typesupport_introspection_c.h
[7.928s] -- Up-to-date symlink: /home/moon/S08P31C208/ROS/buruemi_ws/install/cartographer_ros_msgs/include/cartographer_ros_msgs/msg/submap_list__rosidl_typesupport_introspection_c.h
[7.936s] -- Up-to-date symlink: /home/moon/S08P31C208/ROS/buruemi_ws/install/cartographer_ros_msgs/include/cartographer_ros_msgs/msg/submap_texture__rosidl_typesupport_introspection_c.h
[7.936s] -- Up-to-date symlink: /home/moon/S08P31C208/ROS/buruemi_ws/install/cartographer_ros_msgs/include/cartographer_ros_msgs/msg/trajectory_options__rosidl_typesupport_introspection_c.h
[7.937s] -- Up-to-date symlink: /home/moon/S08P31C208/ROS/buruemi_ws/install/cartographer_ros_msgs/include/cartographer_ros_msgs/srv/finish_trajectory__rosidl_typesupport_introspection_c.h
[7.937s] -- Up-to-date symlink: /home/moon/S08P31C208/ROS/buruemi_ws/install/cartographer_ros_msgs/include/cartographer_ros_msgs/srv/start_trajectory__rosidl_typesupport_introspection_c.h
[7.938s] -- Up-to-date symlink: /home/moon/S08P31C208/ROS/buruemi_ws/install/cartographer_ros_msgs/include/cartographer_ros_msgs/srv/submap_query__rosidl_typesupport_introspection_c.h
[7.938s] -- Up-to-date symlink: /home/moon/S08P31C208/ROS/buruemi_ws/install/cartographer_ros_msgs/include/cartographer_ros_msgs/srv/write_state__rosidl_typesupport_introspection_c.h
[7.939s] -- Up-to-date symlink: /home/moon/S08P31C208/ROS/buruemi_ws/install/cartographer_ros_msgs/lib/libcartographer_ros_msgs__rosidl_typesupport_introspection_c.so
[7.940s] -- Up-to-date symlink: /home/moon/S08P31C208/ROS/buruemi_ws/install/cartographer_ros_msgs/include/cartographer_ros_msgs/msg/landmark_entry__rosidl_typesupport_introspection_cpp.hpp
[7.941s] -- Up-to-date symlink: /home/moon/S08P31C208/ROS/buruemi_ws/install/cartographer_ros_msgs/include/cartographer_ros_msgs/msg/landmark_list__rosidl_typesupport_introspection_cpp.hpp
[7.941s] -- Up-to-date symlink: /home/moon/S08P31C208/ROS/buruemi_ws/install/cartographer_ros_msgs/include/cartographer_ros_msgs/msg/sensor_topics__rosidl_typesupport_introspection_cpp.hpp
[7.953s] -- Up-to-date symlink: /home/moon/S08P31C208/ROS/buruemi_ws/install/cartographer_ros_msgs/include/cartographer_ros_msgs/msg/status_code__rosidl_typesupport_introspection_cpp.hpp
[7.954s] -- Up-to-date symlink: /home/moon/S08P31C208/ROS/buruemi_ws/install/cartographer_ros_msgs/include/cartographer_ros_msgs/msg/status_response__rosidl_typesupport_introspection_cpp.hpp
[7.954s] -- Up-to-date symlink: /home/moon/S08P31C208/ROS/buruemi_ws/install/cartographer_ros_msgs/include/cartographer_ros_msgs/msg/submap_entry__rosidl_typesupport_introspection_cpp.hpp
[7.955s] -- Up-to-date symlink: /home/moon/S08P31C208/ROS/buruemi_ws/install/cartographer_ros_msgs/include/cartographer_ros_msgs/msg/submap_list__rosidl_typesupport_introspection_cpp.hpp
[7.955s] -- Up-to-date symlink: /home/moon/S08P31C208/ROS/buruemi_ws/install/cartographer_ros_msgs/include/cartographer_ros_msgs/msg/submap_texture__rosidl_typesupport_introspection_cpp.hpp
[7.956s] -- Up-to-date symlink: /home/moon/S08P31C208/ROS/buruemi_ws/install/cartographer_ros_msgs/include/cartographer_ros_msgs/msg/trajectory_options__rosidl_typesupport_introspection_cpp.hpp
[7.957s] -- Up-to-date symlink: /home/moon/S08P31C208/ROS/buruemi_ws/install/cartographer_ros_msgs/include/cartographer_ros_msgs/srv/finish_trajectory__rosidl_typesupport_introspection_cpp.hpp
[7.957s] -- Up-to-date symlink: /home/moon/S08P31C208/ROS/buruemi_ws/install/cartographer_ros_msgs/include/cartographer_ros_msgs/srv/start_trajectory__rosidl_typesupport_introspection_cpp.hpp
[7.958s] -- Up-to-date symlink: /home/moon/S08P31C208/ROS/buruemi_ws/install/cartographer_ros_msgs/include/cartographer_ros_msgs/srv/submap_query__rosidl_typesupport_introspection_cpp.hpp
[7.958s] -- Up-to-date symlink: /home/moon/S08P31C208/ROS/buruemi_ws/install/cartographer_ros_msgs/include/cartographer_ros_msgs/srv/write_state__rosidl_typesupport_introspection_cpp.hpp
[7.959s] -- Up-to-date symlink: /home/moon/S08P31C208/ROS/buruemi_ws/install/cartographer_ros_msgs/lib/libcartographer_ros_msgs__rosidl_typesupport_introspection_cpp.so
[7.960s] -- Up-to-date symlink: /home/moon/S08P31C208/ROS/buruemi_ws/install/cartographer_ros_msgs/include/cartographer_ros_msgs/msg/landmark_entry__rosidl_typesupport_fastrtps_c.h
[7.970s] -- Up-to-date symlink: /home/moon/S08P31C208/ROS/buruemi_ws/install/cartographer_ros_msgs/include/cartographer_ros_msgs/msg/landmark_list__rosidl_typesupport_fastrtps_c.h
[7.976s] -- Up-to-date symlink: /home/moon/S08P31C208/ROS/buruemi_ws/install/cartographer_ros_msgs/include/cartographer_ros_msgs/msg/rosidl_typesupport_fastrtps_c__visibility_control.h
[7.986s] -- Up-to-date symlink: /home/moon/S08P31C208/ROS/buruemi_ws/install/cartographer_ros_msgs/include/cartographer_ros_msgs/msg/sensor_topics__rosidl_typesupport_fastrtps_c.h
[7.987s] -- Up-to-date symlink: /home/moon/S08P31C208/ROS/buruemi_ws/install/cartographer_ros_msgs/include/cartographer_ros_msgs/msg/status_code__rosidl_typesupport_fastrtps_c.h
[7.988s] -- Up-to-date symlink: /home/moon/S08P31C208/ROS/buruemi_ws/install/cartographer_ros_msgs/include/cartographer_ros_msgs/msg/status_response__rosidl_typesupport_fastrtps_c.h
[7.989s] -- Up-to-date symlink: /home/moon/S08P31C208/ROS/buruemi_ws/install/cartographer_ros_msgs/include/cartographer_ros_msgs/msg/submap_entry__rosidl_typesupport_fastrtps_c.h
[7.990s] -- Up-to-date symlink: /home/moon/S08P31C208/ROS/buruemi_ws/install/cartographer_ros_msgs/include/cartographer_ros_msgs/msg/submap_list__rosidl_typesupport_fastrtps_c.h
[7.991s] -- Up-to-date symlink: /home/moon/S08P31C208/ROS/buruemi_ws/install/cartographer_ros_msgs/include/cartographer_ros_msgs/msg/submap_texture__rosidl_typesupport_fastrtps_c.h
[7.992s] -- Up-to-date symlink: /home/moon/S08P31C208/ROS/buruemi_ws/install/cartographer_ros_msgs/include/cartographer_ros_msgs/msg/trajectory_options__rosidl_typesupport_fastrtps_c.h
[7.993s] -- Up-to-date symlink: /home/moon/S08P31C208/ROS/buruemi_ws/install/cartographer_ros_msgs/include/cartographer_ros_msgs/srv/finish_trajectory__rosidl_typesupport_fastrtps_c.h
[7.994s] -- Up-to-date symlink: /home/moon/S08P31C208/ROS/buruemi_ws/install/cartographer_ros_msgs/include/cartographer_ros_msgs/srv/start_trajectory__rosidl_typesupport_fastrtps_c.h
[7.995s] -- Up-to-date symlink: /home/moon/S08P31C208/ROS/buruemi_ws/install/cartographer_ros_msgs/include/cartographer_ros_msgs/srv/submap_query__rosidl_typesupport_fastrtps_c.h
[7.996s] -- Up-to-date symlink: /home/moon/S08P31C208/ROS/buruemi_ws/install/cartographer_ros_msgs/include/cartographer_ros_msgs/srv/write_state__rosidl_typesupport_fastrtps_c.h
[7.996s] -- Up-to-date symlink: /home/moon/S08P31C208/ROS/buruemi_ws/install/cartographer_ros_msgs/lib/libcartographer_ros_msgs__rosidl_typesupport_fastrtps_c.so
[8.008s] -- Up-to-date symlink: /home/moon/S08P31C208/ROS/buruemi_ws/install/cartographer_ros_msgs/include/cartographer_ros_msgs/msg/landmark_entry__rosidl_typesupport_fastrtps_cpp.hpp
[8.009s] -- Up-to-date symlink: /home/moon/S08P31C208/ROS/buruemi_ws/install/cartographer_ros_msgs/include/cartographer_ros_msgs/msg/landmark_list__rosidl_typesupport_fastrtps_cpp.hpp
[8.010s] -- Up-to-date symlink: /home/moon/S08P31C208/ROS/buruemi_ws/install/cartographer_ros_msgs/include/cartographer_ros_msgs/msg/rosidl_typesupport_fastrtps_cpp__visibility_control.h
[8.011s] -- Up-to-date symlink: /home/moon/S08P31C208/ROS/buruemi_ws/install/cartographer_ros_msgs/include/cartographer_ros_msgs/msg/sensor_topics__rosidl_typesupport_fastrtps_cpp.hpp
[8.012s] -- Up-to-date symlink: /home/moon/S08P31C208/ROS/buruemi_ws/install/cartographer_ros_msgs/include/cartographer_ros_msgs/msg/status_code__rosidl_typesupport_fastrtps_cpp.hpp
[8.012s] -- Up-to-date symlink: /home/moon/S08P31C208/ROS/buruemi_ws/install/cartographer_ros_msgs/include/cartographer_ros_msgs/msg/status_response__rosidl_typesupport_fastrtps_cpp.hpp
[8.013s] -- Up-to-date symlink: /home/moon/S08P31C208/ROS/buruemi_ws/install/cartographer_ros_msgs/include/cartographer_ros_msgs/msg/submap_entry__rosidl_typesupport_fastrtps_cpp.hpp
[8.014s] -- Up-to-date symlink: /home/moon/S08P31C208/ROS/buruemi_ws/install/cartographer_ros_msgs/include/cartographer_ros_msgs/msg/submap_list__rosidl_typesupport_fastrtps_cpp.hpp
[8.015s] -- Up-to-date symlink: /home/moon/S08P31C208/ROS/buruemi_ws/install/cartographer_ros_msgs/include/cartographer_ros_msgs/msg/submap_texture__rosidl_typesupport_fastrtps_cpp.hpp
[8.016s] -- Up-to-date symlink: /home/moon/S08P31C208/ROS/buruemi_ws/install/cartographer_ros_msgs/include/cartographer_ros_msgs/msg/trajectory_options__rosidl_typesupport_fastrtps_cpp.hpp
[8.017s] -- Up-to-date symlink: /home/moon/S08P31C208/ROS/buruemi_ws/install/cartographer_ros_msgs/include/cartographer_ros_msgs/srv/finish_trajectory__rosidl_typesupport_fastrtps_cpp.hpp
[8.030s] -- Up-to-date symlink: /home/moon/S08P31C208/ROS/buruemi_ws/install/cartographer_ros_msgs/include/cartographer_ros_msgs/srv/start_trajectory__rosidl_typesupport_fastrtps_cpp.hpp
[8.031s] -- Up-to-date symlink: /home/moon/S08P31C208/ROS/buruemi_ws/install/cartographer_ros_msgs/include/cartographer_ros_msgs/srv/submap_query__rosidl_typesupport_fastrtps_cpp.hpp
[8.032s] -- Up-to-date symlink: /home/moon/S08P31C208/ROS/buruemi_ws/install/cartographer_ros_msgs/include/cartographer_ros_msgs/srv/write_state__rosidl_typesupport_fastrtps_cpp.hpp
[8.032s] -- Up-to-date symlink: /home/moon/S08P31C208/ROS/buruemi_ws/install/cartographer_ros_msgs/lib/libcartographer_ros_msgs__rosidl_typesupport_fastrtps_cpp.so
[8.033s] -- Up-to-date symlink: /home/moon/S08P31C208/ROS/buruemi_ws/install/cartographer_ros_msgs/share/cartographer_ros_msgs/environment/pythonpath.sh
[8.033s] -- Up-to-date symlink: /home/moon/S08P31C208/ROS/buruemi_ws/install/cartographer_ros_msgs/lib/python3.6/site-packages/cartographer_ros_msgs/__init__.py
[8.039s] -- Up-to-date symlink: /home/moon/S08P31C208/ROS/buruemi_ws/install/cartographer_ros_msgs/lib/python3.6/site-packages/cartographer_ros_msgs/msg/__init__.py
[8.040s] -- Up-to-date symlink: /home/moon/S08P31C208/ROS/buruemi_ws/install/cartographer_ros_msgs/lib/python3.6/site-packages/cartographer_ros_msgs/msg/_landmark_entry.py
[8.041s] -- Up-to-date symlink: /home/moon/S08P31C208/ROS/buruemi_ws/install/cartographer_ros_msgs/lib/python3.6/site-packages/cartographer_ros_msgs/msg/_landmark_list.py
[8.042s] -- Up-to-date symlink: /home/moon/S08P31C208/ROS/buruemi_ws/install/cartographer_ros_msgs/lib/python3.6/site-packages/cartographer_ros_msgs/msg/_sensor_topics.py
[8.042s] -- Up-to-date symlink: /home/moon/S08P31C208/ROS/buruemi_ws/install/cartographer_ros_msgs/lib/python3.6/site-packages/cartographer_ros_msgs/msg/_status_code.py
[8.043s] -- Up-to-date symlink: /home/moon/S08P31C208/ROS/buruemi_ws/install/cartographer_ros_msgs/lib/python3.6/site-packages/cartographer_ros_msgs/msg/_status_response.py
[8.043s] -- Up-to-date symlink: /home/moon/S08P31C208/ROS/buruemi_ws/install/cartographer_ros_msgs/lib/python3.6/site-packages/cartographer_ros_msgs/msg/_submap_entry.py
[8.044s] -- Up-to-date symlink: /home/moon/S08P31C208/ROS/buruemi_ws/install/cartographer_ros_msgs/lib/python3.6/site-packages/cartographer_ros_msgs/msg/_submap_list.py
[8.044s] -- Up-to-date symlink: /home/moon/S08P31C208/ROS/buruemi_ws/install/cartographer_ros_msgs/lib/python3.6/site-packages/cartographer_ros_msgs/msg/_submap_texture.py
[8.045s] -- Up-to-date symlink: /home/moon/S08P31C208/ROS/buruemi_ws/install/cartographer_ros_msgs/lib/python3.6/site-packages/cartographer_ros_msgs/msg/_trajectory_options.py
[8.045s] -- Up-to-date symlink: /home/moon/S08P31C208/ROS/buruemi_ws/install/cartographer_ros_msgs/lib/python3.6/site-packages/cartographer_ros_msgs/srv/__init__.py
[8.063s] -- Up-to-date symlink: /home/moon/S08P31C208/ROS/buruemi_ws/install/cartographer_ros_msgs/lib/python3.6/site-packages/cartographer_ros_msgs/srv/_finish_trajectory.py
[8.063s] -- Up-to-date symlink: /home/moon/S08P31C208/ROS/buruemi_ws/install/cartographer_ros_msgs/lib/python3.6/site-packages/cartographer_ros_msgs/srv/_start_trajectory.py
[8.064s] -- Up-to-date symlink: /home/moon/S08P31C208/ROS/buruemi_ws/install/cartographer_ros_msgs/lib/python3.6/site-packages/cartographer_ros_msgs/srv/_submap_query.py
[8.064s] -- Up-to-date symlink: /home/moon/S08P31C208/ROS/buruemi_ws/install/cartographer_ros_msgs/lib/python3.6/site-packages/cartographer_ros_msgs/srv/_write_state.py
[8.065s] -- Up-to-date symlink: /home/moon/S08P31C208/ROS/buruemi_ws/install/cartographer_ros_msgs/lib/python3.6/site-packages/cartographer_ros_msgs/cartographer_ros_msgs_s__rosidl_typesupport_c.cpython-36m-aarch64-linux-gnu.so
[8.066s] -- Up-to-date symlink: /home/moon/S08P31C208/ROS/buruemi_ws/install/cartographer_ros_msgs/lib/python3.6/site-packages/cartographer_ros_msgs/cartographer_ros_msgs_s__rosidl_typesupport_introspection_c.cpython-36m-aarch64-linux-gnu.so
[8.067s] -- Up-to-date symlink: /home/moon/S08P31C208/ROS/buruemi_ws/install/cartographer_ros_msgs/lib/python3.6/site-packages/cartographer_ros_msgs/cartographer_ros_msgs_s__rosidl_typesupport_fastrtps_c.cpython-36m-aarch64-linux-gnu.so
[8.067s] -- Up-to-date symlink: /home/moon/S08P31C208/ROS/buruemi_ws/install/cartographer_ros_msgs/lib/libcartographer_ros_msgs__python.so
[8.068s] -- Up-to-date symlink: /home/moon/S08P31C208/ROS/buruemi_ws/install/cartographer_ros_msgs/share/cartographer_ros_msgs/msg/LandmarkEntry.idl
[8.069s] -- Up-to-date symlink: /home/moon/S08P31C208/ROS/buruemi_ws/install/cartographer_ros_msgs/share/cartographer_ros_msgs/msg/LandmarkList.idl
[8.069s] -- Up-to-date symlink: /home/moon/S08P31C208/ROS/buruemi_ws/install/cartographer_ros_msgs/share/cartographer_ros_msgs/msg/SensorTopics.idl
[8.087s] -- Up-to-date symlink: /home/moon/S08P31C208/ROS/buruemi_ws/install/cartographer_ros_msgs/share/cartographer_ros_msgs/msg/StatusCode.idl
[8.088s] -- Up-to-date symlink: /home/moon/S08P31C208/ROS/buruemi_ws/install/cartographer_ros_msgs/share/cartographer_ros_msgs/msg/StatusResponse.idl
[8.088s] -- Up-to-date symlink: /home/moon/S08P31C208/ROS/buruemi_ws/install/cartographer_ros_msgs/share/cartographer_ros_msgs/msg/SubmapEntry.idl
[8.089s] -- Up-to-date symlink: /home/moon/S08P31C208/ROS/buruemi_ws/install/cartographer_ros_msgs/share/cartographer_ros_msgs/msg/SubmapList.idl
[8.092s] -- Up-to-date symlink: /home/moon/S08P31C208/ROS/buruemi_ws/install/cartographer_ros_msgs/share/cartographer_ros_msgs/msg/SubmapTexture.idl
[8.093s] -- Up-to-date symlink: /home/moon/S08P31C208/ROS/buruemi_ws/install/cartographer_ros_msgs/share/cartographer_ros_msgs/msg/TrajectoryOptions.idl
[8.105s] -- Up-to-date symlink: /home/moon/S08P31C208/ROS/buruemi_ws/install/cartographer_ros_msgs/share/cartographer_ros_msgs/srv/FinishTrajectory.idl
[8.106s] -- Up-to-date symlink: /home/moon/S08P31C208/ROS/buruemi_ws/install/cartographer_ros_msgs/share/cartographer_ros_msgs/srv/StartTrajectory.idl
[8.107s] -- Up-to-date symlink: /home/moon/S08P31C208/ROS/buruemi_ws/install/cartographer_ros_msgs/share/cartographer_ros_msgs/srv/SubmapQuery.idl
[8.108s] -- Up-to-date symlink: /home/moon/S08P31C208/ROS/buruemi_ws/install/cartographer_ros_msgs/share/cartographer_ros_msgs/srv/WriteState.idl
[8.108s] -- Up-to-date symlink: /home/moon/S08P31C208/ROS/buruemi_ws/install/cartographer_ros_msgs/share/cartographer_ros_msgs/msg/LandmarkEntry.msg
[8.109s] -- Up-to-date symlink: /home/moon/S08P31C208/ROS/buruemi_ws/install/cartographer_ros_msgs/share/cartographer_ros_msgs/msg/LandmarkList.msg
[8.131s] -- Up-to-date symlink: /home/moon/S08P31C208/ROS/buruemi_ws/install/cartographer_ros_msgs/share/cartographer_ros_msgs/msg/SensorTopics.msg
[8.132s] -- Up-to-date symlink: /home/moon/S08P31C208/ROS/buruemi_ws/install/cartographer_ros_msgs/share/cartographer_ros_msgs/msg/StatusCode.msg
[8.133s] -- Up-to-date symlink: /home/moon/S08P31C208/ROS/buruemi_ws/install/cartographer_ros_msgs/share/cartographer_ros_msgs/msg/StatusResponse.msg
[8.133s] -- Up-to-date symlink: /home/moon/S08P31C208/ROS/buruemi_ws/install/cartographer_ros_msgs/share/cartographer_ros_msgs/msg/SubmapEntry.msg
[8.134s] -- Up-to-date symlink: /home/moon/S08P31C208/ROS/buruemi_ws/install/cartographer_ros_msgs/share/cartographer_ros_msgs/msg/SubmapList.msg
[8.135s] -- Up-to-date symlink: /home/moon/S08P31C208/ROS/buruemi_ws/install/cartographer_ros_msgs/share/cartographer_ros_msgs/msg/SubmapTexture.msg
[8.135s] -- Up-to-date symlink: /home/moon/S08P31C208/ROS/buruemi_ws/install/cartographer_ros_msgs/share/cartographer_ros_msgs/msg/TrajectoryOptions.msg
[8.136s] -- Up-to-date symlink: /home/moon/S08P31C208/ROS/buruemi_ws/install/cartographer_ros_msgs/share/cartographer_ros_msgs/srv/FinishTrajectory.srv
[8.137s] -- Up-to-date symlink: /home/moon/S08P31C208/ROS/buruemi_ws/install/cartographer_ros_msgs/share/cartographer_ros_msgs/srv/FinishTrajectory_Request.msg
[8.139s] -- Up-to-date symlink: /home/moon/S08P31C208/ROS/buruemi_ws/install/cartographer_ros_msgs/share/cartographer_ros_msgs/srv/FinishTrajectory_Response.msg
[8.140s] -- Up-to-date symlink: /home/moon/S08P31C208/ROS/buruemi_ws/install/cartographer_ros_msgs/share/cartographer_ros_msgs/srv/StartTrajectory.srv
[8.141s] -- Up-to-date symlink: /home/moon/S08P31C208/ROS/buruemi_ws/install/cartographer_ros_msgs/share/cartographer_ros_msgs/srv/StartTrajectory_Request.msg
[8.142s] -- Up-to-date symlink: /home/moon/S08P31C208/ROS/buruemi_ws/install/cartographer_ros_msgs/share/cartographer_ros_msgs/srv/StartTrajectory_Response.msg
[8.146s] -- Up-to-date symlink: /home/moon/S08P31C208/ROS/buruemi_ws/install/cartographer_ros_msgs/share/cartographer_ros_msgs/srv/SubmapQuery.srv
[8.150s] -- Up-to-date symlink: /home/moon/S08P31C208/ROS/buruemi_ws/install/cartographer_ros_msgs/share/cartographer_ros_msgs/srv/SubmapQuery_Request.msg
[8.154s] -- Up-to-date symlink: /home/moon/S08P31C208/ROS/buruemi_ws/install/cartographer_ros_msgs/share/cartographer_ros_msgs/srv/SubmapQuery_Response.msg
[8.164s] -- Up-to-date symlink: /home/moon/S08P31C208/ROS/buruemi_ws/install/cartographer_ros_msgs/share/cartographer_ros_msgs/srv/WriteState.srv
[8.165s] -- Up-to-date symlink: /home/moon/S08P31C208/ROS/buruemi_ws/install/cartographer_ros_msgs/share/cartographer_ros_msgs/srv/WriteState_Request.msg
[8.165s] -- Up-to-date symlink: /home/moon/S08P31C208/ROS/buruemi_ws/install/cartographer_ros_msgs/share/cartographer_ros_msgs/srv/WriteState_Response.msg
[8.166s] -- Up-to-date symlink: /home/moon/S08P31C208/ROS/buruemi_ws/install/cartographer_ros_msgs/share/ament_index/resource_index/package_run_dependencies/cartographer_ros_msgs
[8.167s] -- Up-to-date symlink: /home/moon/S08P31C208/ROS/buruemi_ws/install/cartographer_ros_msgs/share/ament_index/resource_index/parent_prefix_path/cartographer_ros_msgs
[8.168s] -- Up-to-date symlink: /home/moon/S08P31C208/ROS/buruemi_ws/install/cartographer_ros_msgs/share/cartographer_ros_msgs/environment/ament_prefix_path.sh
[8.174s] -- Up-to-date symlink: /home/moon/S08P31C208/ROS/buruemi_ws/install/cartographer_ros_msgs/share/cartographer_ros_msgs/environment/path.sh
[8.175s] -- Up-to-date symlink: /home/moon/S08P31C208/ROS/buruemi_ws/install/cartographer_ros_msgs/share/cartographer_ros_msgs/local_setup.bash
[8.175s] -- Up-to-date symlink: /home/moon/S08P31C208/ROS/buruemi_ws/install/cartographer_ros_msgs/share/cartographer_ros_msgs/local_setup.sh
[8.176s] -- Up-to-date symlink: /home/moon/S08P31C208/ROS/buruemi_ws/install/cartographer_ros_msgs/share/cartographer_ros_msgs/local_setup.zsh
[8.176s] -- Up-to-date symlink: /home/moon/S08P31C208/ROS/buruemi_ws/install/cartographer_ros_msgs/share/ament_index/resource_index/packages/cartographer_ros_msgs
[8.177s] -- Up-to-date symlink: /home/moon/S08P31C208/ROS/buruemi_ws/install/cartographer_ros_msgs/share/cartographer_ros_msgs/cmake/rosidl_cmake-extras.cmake
[8.185s] -- Up-to-date symlink: /home/moon/S08P31C208/ROS/buruemi_ws/install/cartographer_ros_msgs/share/cartographer_ros_msgs/cmake/ament_cmake_export_dependencies-extras.cmake
[8.186s] -- Up-to-date symlink: /home/moon/S08P31C208/ROS/buruemi_ws/install/cartographer_ros_msgs/share/cartographer_ros_msgs/cmake/ament_cmake_export_include_directories-extras.cmake
[8.187s] -- Up-to-date symlink: /home/moon/S08P31C208/ROS/buruemi_ws/install/cartographer_ros_msgs/share/cartographer_ros_msgs/cmake/ament_cmake_export_libraries-extras.cmake
[8.188s] -- Up-to-date symlink: /home/moon/S08P31C208/ROS/buruemi_ws/install/cartographer_ros_msgs/share/cartographer_ros_msgs/cmake/cartographer_ros_msgsConfig.cmake
[8.188s] -- Up-to-date symlink: /home/moon/S08P31C208/ROS/buruemi_ws/install/cartographer_ros_msgs/share/cartographer_ros_msgs/cmake/cartographer_ros_msgsConfig-version.cmake
[8.189s] -- Up-to-date symlink: /home/moon/S08P31C208/ROS/buruemi_ws/install/cartographer_ros_msgs/share/cartographer_ros_msgs/package.xml
[8.636s] Invoked command in '/home/moon/S08P31C208/ROS/buruemi_ws/build/cartographer_ros_msgs' returned '0': CMAKE_PREFIX_PATH=${CMAKE_PREFIX_PATH}:/home/moon/S08P31C208/ROS/buruemi_ws/install/lidar_filter:/home/moon/S08P31C208/ROS/buruemi_ws/install/turtlebot3_teleop:/home/moon/S08P31C208/ROS/buruemi_ws/install/turtlebot3_example:/opt/ros/dashing /usr/bin/cmake --build /home/moon/S08P31C208/ROS/buruemi_ws/build/cartographer_ros_msgs --target install -- -j4 -l4
