[0.073s] Invoking command in '/home/iju/S08P31C208/ROS/robot_ws/src/build/turtlebot3_gazebo': AMENT_PREFIX_PATH=/home/iju/S08P31C208/ROS/robot_ws/src/install/turtlebot3:/home/iju/S08P31C208/ROS/robot_ws/src/install/gazebo_ros_pkgs:/home/iju/S08P31C208/ROS/robot_ws/src/install/turtlebot3_bringup:/home/iju/S08P31C208/ROS/robot_ws/src/install/gazebo_plugins:/home/iju/S08P31C208/ROS/robot_ws/src/install/turtlebot3_node:/home/iju/S08P31C208/ROS/robot_ws/src/install/turtlebot3_example:/home/iju/S08P31C208/ROS/robot_ws/src/install/gazebo_ros:/home/iju/S08P31C208/ROS/robot_ws/src/install/turtlebot3_teleop:/home/iju/S08P31C208/ROS/robot_ws/src/install/turtlebot3_navigation2:/home/iju/S08P31C208/ROS/robot_ws/src/install/turtlebot3_msgs:/home/iju/S08P31C208/ROS/robot_ws/src/install/turtlebot3_description:/home/iju/S08P31C208/ROS/robot_ws/src/install/turtlebot3_cartographer:/home/iju/S08P31C208/ROS/robot_ws/src/install/gazebo_msgs:/home/iju/S08P31C208/ROS/robot_ws/src/install/gazebo_dev:/home/iju/S08P31C208/ROS/robot_ws/src/install/dynamixel_sdk:${AMENT_PREFIX_PATH} CMAKE_PREFIX_PATH=/home/iju/S08P31C208/ROS/robot_ws/src/install/turtlebot3:/home/iju/S08P31C208/ROS/robot_ws/src/install/gazebo_ros_pkgs:/home/iju/S08P31C208/ROS/robot_ws/src/install/turtlebot3_bringup:/home/iju/S08P31C208/ROS/robot_ws/src/install/gazebo_plugins:/home/iju/S08P31C208/ROS/robot_ws/src/install/turtlebot3_node:/home/iju/S08P31C208/ROS/robot_ws/src/install/gazebo_ros:/home/iju/S08P31C208/ROS/robot_ws/src/install/turtlebot3_navigation2:/home/iju/S08P31C208/ROS/robot_ws/src/install/turtlebot3_msgs:/home/iju/S08P31C208/ROS/robot_ws/src/install/turtlebot3_description:/home/iju/S08P31C208/ROS/robot_ws/src/install/turtlebot3_cartographer:/home/iju/S08P31C208/ROS/robot_ws/src/install/gazebo_msgs:/home/iju/S08P31C208/ROS/robot_ws/src/install/gazebo_dev:/home/iju/S08P31C208/ROS/robot_ws/src/install/dynamixel_sdk:/home/iju/S08P31C208/ROS/robot_ws/install/vision_opencv:/home/iju/S08P31C208/ROS/robot_ws/install/turtlebot3_simulations:/home/iju/S08P31C208/ROS/robot_ws/install/turtlebot3_gazebo:/home/iju/S08P31C208/ROS/robot_ws/install/turtlebot3:/home/iju/S08P31C208/ROS/robot_ws/install/turtlebot3_bringup:/home/iju/S08P31C208/ROS/robot_ws/install/turtlebot3_node:/home/iju/S08P31C208/ROS/robot_ws/install/turtlebot3_navigation2:/home/iju/S08P31C208/ROS/robot_ws/install/turtlebot3_fake_node:/home/iju/S08P31C208/ROS/robot_ws/install/turtlebot3_msgs:/home/iju/S08P31C208/ROS/robot_ws/install/turtlebot3_description:/home/iju/S08P31C208/ROS/robot_ws/install/turtlebot3_cartographer:/home/iju/S08P31C208/ROS/robot_ws/install/image_geometry:/home/iju/S08P31C208/ROS/robot_ws/install/gazebo_ros_pkgs:/home/iju/S08P31C208/ROS/robot_ws/install/turtlebot3_teleop:/home/iju/S08P31C208/ROS/robot_ws/install/turtlebot3_example:/home/iju/S08P31C208/ROS/robot_ws/install/opencv_tests:/opt/ros/dashing:/home/iju/S08P31C208/ROS/robot_ws/install/aws_robomaker_hospital_world:/home/iju/S08P31C208/ROS/robot_ws/install/gazebo_plugins:/home/iju/S08P31C208/ROS/robot_ws/install/gazebo_ros:/home/iju/S08P31C208/ROS/robot_ws/install/gazebo_msgs:/home/iju/S08P31C208/ROS/robot_ws/install/gazebo_dev:/home/iju/S08P31C208/ROS/robot_ws/install/dynamixel_sdk_examples:/home/iju/S08P31C208/ROS/robot_ws/install/dynamixel_sdk_custom_interfaces:/home/iju/S08P31C208/ROS/robot_ws/install/dynamixel_sdk:/home/iju/S08P31C208/ROS/robot_ws/install/cv_bridge LD_LIBRARY_PATH=/home/iju/S08P31C208/ROS/robot_ws/src/install/gazebo_plugins/lib:/home/iju/S08P31C208/ROS/robot_ws/src/install/gazebo_ros/lib:/home/iju/S08P31C208/ROS/robot_ws/src/install/turtlebot3_msgs/lib:/home/iju/S08P31C208/ROS/robot_ws/src/install/gazebo_msgs/lib:/home/iju/S08P31C208/ROS/robot_ws/src/install/dynamixel_sdk/lib:${LD_LIBRARY_PATH} PS1=\u@\h \[\033[32m\]\w\[\033[33m\]$(parse_git_branch)\[\033[00m\] $ PYTHONPATH=/home/iju/S08P31C208/ROS/robot_ws/src/build/turtlebot3_example:/home/iju/S08P31C208/ROS/robot_ws/src/install/turtlebot3_example/lib/python3.6/site-packages:/home/iju/S08P31C208/ROS/robot_ws/src/install/gazebo_ros/lib/python3.6/site-packages:/home/iju/S08P31C208/ROS/robot_ws/src/build/turtlebot3_teleop:/home/iju/S08P31C208/ROS/robot_ws/src/install/turtlebot3_teleop/lib/python3.6/site-packages:/home/iju/S08P31C208/ROS/robot_ws/src/install/turtlebot3_msgs/lib/python3.6/site-packages:/home/iju/S08P31C208/ROS/robot_ws/src/install/gazebo_msgs/lib/python3.6/site-packages:${PYTHONPATH} /usr/bin/cmake --build /home/iju/S08P31C208/ROS/robot_ws/src/build/turtlebot3_gazebo -- -j6 -l6
[0.112s] -- Found ament_cmake: 0.7.6 (/opt/ros/dashing/share/ament_cmake/cmake)
[0.143s] -- Using PYTHON_EXECUTABLE: /usr/bin/python3
[0.384s] -- Override CMake install command with custom implementation using symlinks instead of copying resources
[0.448s] -- Boost version: 1.65.1
[0.449s] -- Found the following Boost libraries:
[0.449s] --   thread
[0.449s] --   system
[0.449s] --   filesystem
[0.449s] --   program_options
[0.449s] --   regex
[0.449s] --   iostreams
[0.449s] --   date_time
[0.449s] --   chrono
[0.450s] --   atomic
[0.467s] -- Found Protobuf: /usr/lib/x86_64-linux-gnu/libprotobuf.so;-lpthread (found version "3.0.0") 
[0.495s] -- Boost version: 1.65.1
[0.498s] -- Looking for OGRE...
[0.504s] -- Found Ogre Ghadamon (1.9.0)
[0.504s] -- Found OGRE: optimized;/usr/lib/x86_64-linux-gnu/libOgreMain.so;debug;/usr/lib/x86_64-linux-gnu/libOgreMain.so
[0.547s] -- Looking for OGRE_Paging...
[0.547s] -- Found OGRE_Paging: optimized;/usr/lib/x86_64-linux-gnu/libOgrePaging.so;debug;/usr/lib/x86_64-linux-gnu/libOgrePaging.so
[0.547s] -- Looking for OGRE_Terrain...
[0.547s] -- Found OGRE_Terrain: optimized;/usr/lib/x86_64-linux-gnu/libOgreTerrain.so;debug;/usr/lib/x86_64-linux-gnu/libOgreTerrain.so
[0.548s] -- Looking for OGRE_Property...
[0.548s] -- Found OGRE_Property: optimized;/usr/lib/x86_64-linux-gnu/libOgreProperty.so;debug;/usr/lib/x86_64-linux-gnu/libOgreProperty.so
[0.548s] -- Looking for OGRE_RTShaderSystem...
[0.548s] -- Found OGRE_RTShaderSystem: optimized;/usr/lib/x86_64-linux-gnu/libOgreRTShaderSystem.so;debug;/usr/lib/x86_64-linux-gnu/libOgreRTShaderSystem.so
[0.549s] -- Looking for OGRE_Volume...
[0.549s] -- Found OGRE_Volume: optimized;/usr/lib/x86_64-linux-gnu/libOgreVolume.so;debug;/usr/lib/x86_64-linux-gnu/libOgreVolume.so
[0.549s] -- Looking for OGRE_Overlay...
[0.550s] -- Found OGRE_Overlay: optimized;/usr/lib/x86_64-linux-gnu/libOgreOverlay.so;debug;/usr/lib/x86_64-linux-gnu/libOgreOverlay.so
[0.743s] -- Found Protobuf: /usr/lib/x86_64-linux-gnu/libprotobuf.so;-lpthread;-lpthread (found suitable version "3.0.0", minimum required is "2.3.0") 
[0.754s] -- Config-file not installed for ZeroMQ -- checking for pkg-config
[0.758s] -- Checking for module 'libzmq >= 4'
[0.773s] --   Found libzmq , version 4.2.5
[0.816s] -- Checking for module 'uuid'
[0.831s] --   Found uuid, version 2.31.1
[0.883s] -- Checking for module 'tinyxml2'
[0.898s] --   Found tinyxml2, version 6.0.0
[0.934s] -- Looking for dlfcn.h - found
[0.934s] -- Looking for libdl - found
[0.936s] -- FreeImage.pc not found, we will search for FreeImage_INCLUDE_DIRS and FreeImage_LIBRARIES
[1.104s] -- Checking for module 'gts'
[1.122s] --   Found gts, version 0.7.6
[1.166s] -- Checking for module 'libswscale'
[1.182s] --   Found libswscale, version 4.8.100
[1.226s] -- Checking for module 'libavdevice >= 56.4.100'
[1.243s] --   Found libavdevice , version 57.10.100
[1.292s] -- Checking for module 'libavformat'
[1.305s] --   Found libavformat, version 57.83.100
[1.352s] -- Checking for module 'libavcodec'
[1.367s] --   Found libavcodec, version 57.107.100
[1.411s] -- Checking for module 'libavutil'
[1.425s] --   Found libavutil, version 55.78.100
[1.476s] -- Checking for module 'jsoncpp'
[1.491s] --   Found jsoncpp, version 1.7.4
[1.537s] -- Checking for module 'libzip'
[1.552s] --   Found libzip, version 1.1.2
[1.592s] -- Found gazebo_ros_pkgs: 3.3.5 (/home/iju/S08P31C208/ROS/robot_ws/src/install/gazebo_ros_pkgs/share/gazebo_ros_pkgs/cmake)
[1.593s] -- Found geometry_msgs: 0.7.1 (/opt/ros/dashing/share/geometry_msgs/cmake)
[1.616s] -- Found rosidl_adapter: 0.7.10 (/opt/ros/dashing/share/rosidl_adapter/cmake)
[1.671s] -- Found nav_msgs: 0.7.1 (/opt/ros/dashing/share/nav_msgs/cmake)
[1.683s] -- Found rclcpp: 0.7.16 (/opt/ros/dashing/share/rclcpp/cmake)
[1.702s] -- Found rmw_implementation_cmake: 0.7.2 (/opt/ros/dashing/share/rmw_implementation_cmake/cmake)
[1.707s] -- Using RMW implementation 'rmw_fastrtps_cpp' as default
[1.744s] -- Found sensor_msgs: 0.7.1 (/opt/ros/dashing/share/sensor_msgs/cmake)
[1.757s] -- Found tf2: 0.11.6 (/opt/ros/dashing/share/tf2/cmake)
[1.763s] -- Found turtlebot3: 2.1.4 (/home/iju/S08P31C208/ROS/robot_ws/src/install/turtlebot3/share/turtlebot3/cmake)
[1.922s] -- Configuring done
[2.009s] -- Generating done
[2.011s] -- Build files have been written to: /home/iju/S08P31C208/ROS/robot_ws/src/build/turtlebot3_gazebo
[2.045s] [35m[1mScanning dependencies of target turtlebot3_drive[0m
[2.046s] [35m[1mScanning dependencies of target obstacle2[0m
[2.048s] [35m[1mScanning dependencies of target obstacle1[0m
[2.052s] [35m[1mScanning dependencies of target obstacles[0m
[2.080s] [ 12%] [32mBuilding CXX object CMakeFiles/turtlebot3_drive.dir/src/turtlebot3_drive.cpp.o[0m
[2.116s] [ 25%] [32mBuilding CXX object CMakeFiles/obstacle1.dir/models/turtlebot3_dqn_world/obstacle_plugin/obstacle1.cc.o[0m
[2.127s] [ 37%] [32mBuilding CXX object CMakeFiles/obstacle2.dir/models/turtlebot3_dqn_world/obstacle_plugin/obstacle2.cc.o[0m
[2.134s] [ 50%] [32mBuilding CXX object CMakeFiles/obstacles.dir/models/turtlebot3_dqn_world/obstacle_plugin/obstacles.cc.o[0m
[6.057s] [ 62%] [32m[1mLinking CXX executable turtlebot3_drive[0m
[6.381s] [ 62%] Built target turtlebot3_drive
[8.567s] [ 75%] [32m[1mLinking CXX shared library libobstacles.so[0m
[8.861s] [ 87%] [32m[1mLinking CXX shared library libobstacle2.so[0m
[8.863s] [ 87%] Built target obstacles
[8.926s] [100%] [32m[1mLinking CXX shared library libobstacle1.so[0m
[9.154s] [100%] Built target obstacle2
[9.244s] [100%] Built target obstacle1
[9.259s] Invoked command in '/home/iju/S08P31C208/ROS/robot_ws/src/build/turtlebot3_gazebo' returned '0': AMENT_PREFIX_PATH=/home/iju/S08P31C208/ROS/robot_ws/src/install/turtlebot3:/home/iju/S08P31C208/ROS/robot_ws/src/install/gazebo_ros_pkgs:/home/iju/S08P31C208/ROS/robot_ws/src/install/turtlebot3_bringup:/home/iju/S08P31C208/ROS/robot_ws/src/install/gazebo_plugins:/home/iju/S08P31C208/ROS/robot_ws/src/install/turtlebot3_node:/home/iju/S08P31C208/ROS/robot_ws/src/install/turtlebot3_example:/home/iju/S08P31C208/ROS/robot_ws/src/install/gazebo_ros:/home/iju/S08P31C208/ROS/robot_ws/src/install/turtlebot3_teleop:/home/iju/S08P31C208/ROS/robot_ws/src/install/turtlebot3_navigation2:/home/iju/S08P31C208/ROS/robot_ws/src/install/turtlebot3_msgs:/home/iju/S08P31C208/ROS/robot_ws/src/install/turtlebot3_description:/home/iju/S08P31C208/ROS/robot_ws/src/install/turtlebot3_cartographer:/home/iju/S08P31C208/ROS/robot_ws/src/install/gazebo_msgs:/home/iju/S08P31C208/ROS/robot_ws/src/install/gazebo_dev:/home/iju/S08P31C208/ROS/robot_ws/src/install/dynamixel_sdk:${AMENT_PREFIX_PATH} CMAKE_PREFIX_PATH=/home/iju/S08P31C208/ROS/robot_ws/src/install/turtlebot3:/home/iju/S08P31C208/ROS/robot_ws/src/install/gazebo_ros_pkgs:/home/iju/S08P31C208/ROS/robot_ws/src/install/turtlebot3_bringup:/home/iju/S08P31C208/ROS/robot_ws/src/install/gazebo_plugins:/home/iju/S08P31C208/ROS/robot_ws/src/install/turtlebot3_node:/home/iju/S08P31C208/ROS/robot_ws/src/install/gazebo_ros:/home/iju/S08P31C208/ROS/robot_ws/src/install/turtlebot3_navigation2:/home/iju/S08P31C208/ROS/robot_ws/src/install/turtlebot3_msgs:/home/iju/S08P31C208/ROS/robot_ws/src/install/turtlebot3_description:/home/iju/S08P31C208/ROS/robot_ws/src/install/turtlebot3_cartographer:/home/iju/S08P31C208/ROS/robot_ws/src/install/gazebo_msgs:/home/iju/S08P31C208/ROS/robot_ws/src/install/gazebo_dev:/home/iju/S08P31C208/ROS/robot_ws/src/install/dynamixel_sdk:/home/iju/S08P31C208/ROS/robot_ws/install/vision_opencv:/home/iju/S08P31C208/ROS/robot_ws/install/turtlebot3_simulations:/home/iju/S08P31C208/ROS/robot_ws/install/turtlebot3_gazebo:/home/iju/S08P31C208/ROS/robot_ws/install/turtlebot3:/home/iju/S08P31C208/ROS/robot_ws/install/turtlebot3_bringup:/home/iju/S08P31C208/ROS/robot_ws/install/turtlebot3_node:/home/iju/S08P31C208/ROS/robot_ws/install/turtlebot3_navigation2:/home/iju/S08P31C208/ROS/robot_ws/install/turtlebot3_fake_node:/home/iju/S08P31C208/ROS/robot_ws/install/turtlebot3_msgs:/home/iju/S08P31C208/ROS/robot_ws/install/turtlebot3_description:/home/iju/S08P31C208/ROS/robot_ws/install/turtlebot3_cartographer:/home/iju/S08P31C208/ROS/robot_ws/install/image_geometry:/home/iju/S08P31C208/ROS/robot_ws/install/gazebo_ros_pkgs:/home/iju/S08P31C208/ROS/robot_ws/install/turtlebot3_teleop:/home/iju/S08P31C208/ROS/robot_ws/install/turtlebot3_example:/home/iju/S08P31C208/ROS/robot_ws/install/opencv_tests:/opt/ros/dashing:/home/iju/S08P31C208/ROS/robot_ws/install/aws_robomaker_hospital_world:/home/iju/S08P31C208/ROS/robot_ws/install/gazebo_plugins:/home/iju/S08P31C208/ROS/robot_ws/install/gazebo_ros:/home/iju/S08P31C208/ROS/robot_ws/install/gazebo_msgs:/home/iju/S08P31C208/ROS/robot_ws/install/gazebo_dev:/home/iju/S08P31C208/ROS/robot_ws/install/dynamixel_sdk_examples:/home/iju/S08P31C208/ROS/robot_ws/install/dynamixel_sdk_custom_interfaces:/home/iju/S08P31C208/ROS/robot_ws/install/dynamixel_sdk:/home/iju/S08P31C208/ROS/robot_ws/install/cv_bridge LD_LIBRARY_PATH=/home/iju/S08P31C208/ROS/robot_ws/src/install/gazebo_plugins/lib:/home/iju/S08P31C208/ROS/robot_ws/src/install/gazebo_ros/lib:/home/iju/S08P31C208/ROS/robot_ws/src/install/turtlebot3_msgs/lib:/home/iju/S08P31C208/ROS/robot_ws/src/install/gazebo_msgs/lib:/home/iju/S08P31C208/ROS/robot_ws/src/install/dynamixel_sdk/lib:${LD_LIBRARY_PATH} PS1=\u@\h \[\033[32m\]\w\[\033[33m\]$(parse_git_branch)\[\033[00m\] $ PYTHONPATH=/home/iju/S08P31C208/ROS/robot_ws/src/build/turtlebot3_example:/home/iju/S08P31C208/ROS/robot_ws/src/install/turtlebot3_example/lib/python3.6/site-packages:/home/iju/S08P31C208/ROS/robot_ws/src/install/gazebo_ros/lib/python3.6/site-packages:/home/iju/S08P31C208/ROS/robot_ws/src/build/turtlebot3_teleop:/home/iju/S08P31C208/ROS/robot_ws/src/install/turtlebot3_teleop/lib/python3.6/site-packages:/home/iju/S08P31C208/ROS/robot_ws/src/install/turtlebot3_msgs/lib/python3.6/site-packages:/home/iju/S08P31C208/ROS/robot_ws/src/install/gazebo_msgs/lib/python3.6/site-packages:${PYTHONPATH} /usr/bin/cmake --build /home/iju/S08P31C208/ROS/robot_ws/src/build/turtlebot3_gazebo -- -j6 -l6
[9.305s] Invoking command in '/home/iju/S08P31C208/ROS/robot_ws/src/build/turtlebot3_gazebo': AMENT_PREFIX_PATH=/home/iju/S08P31C208/ROS/robot_ws/src/install/turtlebot3:/home/iju/S08P31C208/ROS/robot_ws/src/install/gazebo_ros_pkgs:/home/iju/S08P31C208/ROS/robot_ws/src/install/turtlebot3_bringup:/home/iju/S08P31C208/ROS/robot_ws/src/install/gazebo_plugins:/home/iju/S08P31C208/ROS/robot_ws/src/install/turtlebot3_node:/home/iju/S08P31C208/ROS/robot_ws/src/install/turtlebot3_example:/home/iju/S08P31C208/ROS/robot_ws/src/install/gazebo_ros:/home/iju/S08P31C208/ROS/robot_ws/src/install/turtlebot3_teleop:/home/iju/S08P31C208/ROS/robot_ws/src/install/turtlebot3_navigation2:/home/iju/S08P31C208/ROS/robot_ws/src/install/turtlebot3_msgs:/home/iju/S08P31C208/ROS/robot_ws/src/install/turtlebot3_description:/home/iju/S08P31C208/ROS/robot_ws/src/install/turtlebot3_cartographer:/home/iju/S08P31C208/ROS/robot_ws/src/install/gazebo_msgs:/home/iju/S08P31C208/ROS/robot_ws/src/install/gazebo_dev:/home/iju/S08P31C208/ROS/robot_ws/src/install/dynamixel_sdk:${AMENT_PREFIX_PATH} CMAKE_PREFIX_PATH=/home/iju/S08P31C208/ROS/robot_ws/src/install/turtlebot3:/home/iju/S08P31C208/ROS/robot_ws/src/install/gazebo_ros_pkgs:/home/iju/S08P31C208/ROS/robot_ws/src/install/turtlebot3_bringup:/home/iju/S08P31C208/ROS/robot_ws/src/install/gazebo_plugins:/home/iju/S08P31C208/ROS/robot_ws/src/install/turtlebot3_node:/home/iju/S08P31C208/ROS/robot_ws/src/install/gazebo_ros:/home/iju/S08P31C208/ROS/robot_ws/src/install/turtlebot3_navigation2:/home/iju/S08P31C208/ROS/robot_ws/src/install/turtlebot3_msgs:/home/iju/S08P31C208/ROS/robot_ws/src/install/turtlebot3_description:/home/iju/S08P31C208/ROS/robot_ws/src/install/turtlebot3_cartographer:/home/iju/S08P31C208/ROS/robot_ws/src/install/gazebo_msgs:/home/iju/S08P31C208/ROS/robot_ws/src/install/gazebo_dev:/home/iju/S08P31C208/ROS/robot_ws/src/install/dynamixel_sdk:/home/iju/S08P31C208/ROS/robot_ws/install/vision_opencv:/home/iju/S08P31C208/ROS/robot_ws/install/turtlebot3_simulations:/home/iju/S08P31C208/ROS/robot_ws/install/turtlebot3_gazebo:/home/iju/S08P31C208/ROS/robot_ws/install/turtlebot3:/home/iju/S08P31C208/ROS/robot_ws/install/turtlebot3_bringup:/home/iju/S08P31C208/ROS/robot_ws/install/turtlebot3_node:/home/iju/S08P31C208/ROS/robot_ws/install/turtlebot3_navigation2:/home/iju/S08P31C208/ROS/robot_ws/install/turtlebot3_fake_node:/home/iju/S08P31C208/ROS/robot_ws/install/turtlebot3_msgs:/home/iju/S08P31C208/ROS/robot_ws/install/turtlebot3_description:/home/iju/S08P31C208/ROS/robot_ws/install/turtlebot3_cartographer:/home/iju/S08P31C208/ROS/robot_ws/install/image_geometry:/home/iju/S08P31C208/ROS/robot_ws/install/gazebo_ros_pkgs:/home/iju/S08P31C208/ROS/robot_ws/install/turtlebot3_teleop:/home/iju/S08P31C208/ROS/robot_ws/install/turtlebot3_example:/home/iju/S08P31C208/ROS/robot_ws/install/opencv_tests:/opt/ros/dashing:/home/iju/S08P31C208/ROS/robot_ws/install/aws_robomaker_hospital_world:/home/iju/S08P31C208/ROS/robot_ws/install/gazebo_plugins:/home/iju/S08P31C208/ROS/robot_ws/install/gazebo_ros:/home/iju/S08P31C208/ROS/robot_ws/install/gazebo_msgs:/home/iju/S08P31C208/ROS/robot_ws/install/gazebo_dev:/home/iju/S08P31C208/ROS/robot_ws/install/dynamixel_sdk_examples:/home/iju/S08P31C208/ROS/robot_ws/install/dynamixel_sdk_custom_interfaces:/home/iju/S08P31C208/ROS/robot_ws/install/dynamixel_sdk:/home/iju/S08P31C208/ROS/robot_ws/install/cv_bridge LD_LIBRARY_PATH=/home/iju/S08P31C208/ROS/robot_ws/src/install/gazebo_plugins/lib:/home/iju/S08P31C208/ROS/robot_ws/src/install/gazebo_ros/lib:/home/iju/S08P31C208/ROS/robot_ws/src/install/turtlebot3_msgs/lib:/home/iju/S08P31C208/ROS/robot_ws/src/install/gazebo_msgs/lib:/home/iju/S08P31C208/ROS/robot_ws/src/install/dynamixel_sdk/lib:${LD_LIBRARY_PATH} PS1=\u@\h \[\033[32m\]\w\[\033[33m\]$(parse_git_branch)\[\033[00m\] $ PYTHONPATH=/home/iju/S08P31C208/ROS/robot_ws/src/build/turtlebot3_example:/home/iju/S08P31C208/ROS/robot_ws/src/install/turtlebot3_example/lib/python3.6/site-packages:/home/iju/S08P31C208/ROS/robot_ws/src/install/gazebo_ros/lib/python3.6/site-packages:/home/iju/S08P31C208/ROS/robot_ws/src/build/turtlebot3_teleop:/home/iju/S08P31C208/ROS/robot_ws/src/install/turtlebot3_teleop/lib/python3.6/site-packages:/home/iju/S08P31C208/ROS/robot_ws/src/install/turtlebot3_msgs/lib/python3.6/site-packages:/home/iju/S08P31C208/ROS/robot_ws/src/install/gazebo_msgs/lib/python3.6/site-packages:${PYTHONPATH} /usr/bin/cmake --build /home/iju/S08P31C208/ROS/robot_ws/src/build/turtlebot3_gazebo --target install -- -j6 -l6
[9.382s] [ 25%] Built target turtlebot3_drive
[9.386s] [ 50%] Built target obstacles
[9.386s] [ 75%] Built target obstacle2
[9.387s] [100%] Built target obstacle1
[9.410s] [36mInstall the project...[0m
[9.422s] -- Install configuration: ""
[9.422s] -- Execute custom install script
[9.425s] -- Up-to-date symlink: /home/iju/S08P31C208/ROS/robot_ws/src/install/turtlebot3_gazebo/lib/turtlebot3_gazebo/turtlebot3_drive
[9.427s] -- Up-to-date symlink: /home/iju/S08P31C208/ROS/robot_ws/src/install/turtlebot3_gazebo/share/turtlebot3_gazebo//launch/empty_world.launch.py
[9.428s] -- Up-to-date symlink: /home/iju/S08P31C208/ROS/robot_ws/src/install/turtlebot3_gazebo/share/turtlebot3_gazebo//launch/robot_state_publisher.launch.py
[9.428s] -- Up-to-date symlink: /home/iju/S08P31C208/ROS/robot_ws/src/install/turtlebot3_gazebo/share/turtlebot3_gazebo//launch/turtlebot3_autorace.launch.py
[9.429s] -- Up-to-date symlink: /home/iju/S08P31C208/ROS/robot_ws/src/install/turtlebot3_gazebo/share/turtlebot3_gazebo//launch/turtlebot3_dqn_stage1.launch.py
[9.430s] -- Up-to-date symlink: /home/iju/S08P31C208/ROS/robot_ws/src/install/turtlebot3_gazebo/share/turtlebot3_gazebo//launch/turtlebot3_dqn_stage2.launch.py
[9.430s] -- Up-to-date symlink: /home/iju/S08P31C208/ROS/robot_ws/src/install/turtlebot3_gazebo/share/turtlebot3_gazebo//launch/turtlebot3_dqn_stage3.launch.py
[9.431s] -- Up-to-date symlink: /home/iju/S08P31C208/ROS/robot_ws/src/install/turtlebot3_gazebo/share/turtlebot3_gazebo//launch/turtlebot3_dqn_stage4.launch.py
[9.431s] -- Up-to-date symlink: /home/iju/S08P31C208/ROS/robot_ws/src/install/turtlebot3_gazebo/share/turtlebot3_gazebo//launch/turtlebot3_house.launch.py
[9.432s] -- Up-to-date symlink: /home/iju/S08P31C208/ROS/robot_ws/src/install/turtlebot3_gazebo/share/turtlebot3_gazebo//launch/turtlebot3_world.launch.py
[9.435s] -- Up-to-date symlink: /home/iju/S08P31C208/ROS/robot_ws/src/install/turtlebot3_gazebo/share/turtlebot3_gazebo//models/turtlebot3_autorace/course/materials/scripts/course.material
[9.436s] -- Up-to-date symlink: /home/iju/S08P31C208/ROS/robot_ws/src/install/turtlebot3_gazebo/share/turtlebot3_gazebo//models/turtlebot3_autorace/course/materials/textures/course.png
[9.437s] -- Up-to-date symlink: /home/iju/S08P31C208/ROS/robot_ws/src/install/turtlebot3_gazebo/share/turtlebot3_gazebo//models/turtlebot3_autorace/course/model.config
[9.437s] -- Up-to-date symlink: /home/iju/S08P31C208/ROS/robot_ws/src/install/turtlebot3_gazebo/share/turtlebot3_gazebo//models/turtlebot3_autorace/course/model.sdf
[9.438s] -- Up-to-date symlink: /home/iju/S08P31C208/ROS/robot_ws/src/install/turtlebot3_gazebo/share/turtlebot3_gazebo//models/turtlebot3_autorace/ground/model.config
[9.438s] -- Up-to-date symlink: /home/iju/S08P31C208/ROS/robot_ws/src/install/turtlebot3_gazebo/share/turtlebot3_gazebo//models/turtlebot3_autorace/ground/model.sdf
[9.439s] -- Up-to-date symlink: /home/iju/S08P31C208/ROS/robot_ws/src/install/turtlebot3_gazebo/share/turtlebot3_gazebo//models/turtlebot3_autorace/lights/model.config
[9.439s] -- Up-to-date symlink: /home/iju/S08P31C208/ROS/robot_ws/src/install/turtlebot3_gazebo/share/turtlebot3_gazebo//models/turtlebot3_autorace/lights/model.sdf
[9.440s] -- Up-to-date symlink: /home/iju/S08P31C208/ROS/robot_ws/src/install/turtlebot3_gazebo/share/turtlebot3_gazebo//models/turtlebot3_autorace/model.config
[9.440s] -- Up-to-date symlink: /home/iju/S08P31C208/ROS/robot_ws/src/install/turtlebot3_gazebo/share/turtlebot3_gazebo//models/turtlebot3_autorace/traffic_bar_down/materials/scripts/traffic_bar.material
[9.441s] -- Up-to-date symlink: /home/iju/S08P31C208/ROS/robot_ws/src/install/turtlebot3_gazebo/share/turtlebot3_gazebo//models/turtlebot3_autorace/traffic_bar_down/materials/textures/traffic_bar.png
[9.441s] -- Up-to-date symlink: /home/iju/S08P31C208/ROS/robot_ws/src/install/turtlebot3_gazebo/share/turtlebot3_gazebo//models/turtlebot3_autorace/traffic_bar_down/model.config
[9.442s] -- Up-to-date symlink: /home/iju/S08P31C208/ROS/robot_ws/src/install/turtlebot3_gazebo/share/turtlebot3_gazebo//models/turtlebot3_autorace/traffic_bar_down/model.sdf
[9.443s] -- Up-to-date symlink: /home/iju/S08P31C208/ROS/robot_ws/src/install/turtlebot3_gazebo/share/turtlebot3_gazebo//models/turtlebot3_autorace/traffic_bar_up/materials/scripts/traffic_bar.material
[9.443s] -- Up-to-date symlink: /home/iju/S08P31C208/ROS/robot_ws/src/install/turtlebot3_gazebo/share/turtlebot3_gazebo//models/turtlebot3_autorace/traffic_bar_up/materials/textures/traffic_bar.png
[9.443s] -- Up-to-date symlink: /home/iju/S08P31C208/ROS/robot_ws/src/install/turtlebot3_gazebo/share/turtlebot3_gazebo//models/turtlebot3_autorace/traffic_bar_up/model.config
[9.444s] -- Up-to-date symlink: /home/iju/S08P31C208/ROS/robot_ws/src/install/turtlebot3_gazebo/share/turtlebot3_gazebo//models/turtlebot3_autorace/traffic_bar_up/model.sdf
[9.444s] -- Up-to-date symlink: /home/iju/S08P31C208/ROS/robot_ws/src/install/turtlebot3_gazebo/share/turtlebot3_gazebo//models/turtlebot3_autorace/traffic_light_green/model.config
[9.445s] -- Up-to-date symlink: /home/iju/S08P31C208/ROS/robot_ws/src/install/turtlebot3_gazebo/share/turtlebot3_gazebo//models/turtlebot3_autorace/traffic_light_green/model.sdf
[9.445s] -- Up-to-date symlink: /home/iju/S08P31C208/ROS/robot_ws/src/install/turtlebot3_gazebo/share/turtlebot3_gazebo//models/turtlebot3_autorace/traffic_light_red/model.config
[9.445s] -- Up-to-date symlink: /home/iju/S08P31C208/ROS/robot_ws/src/install/turtlebot3_gazebo/share/turtlebot3_gazebo//models/turtlebot3_autorace/traffic_light_red/model.sdf
[9.446s] -- Up-to-date symlink: /home/iju/S08P31C208/ROS/robot_ws/src/install/turtlebot3_gazebo/share/turtlebot3_gazebo//models/turtlebot3_autorace/traffic_light_yellow/model.config
[9.446s] -- Up-to-date symlink: /home/iju/S08P31C208/ROS/robot_ws/src/install/turtlebot3_gazebo/share/turtlebot3_gazebo//models/turtlebot3_autorace/traffic_light_yellow/model.sdf
[9.447s] -- Up-to-date symlink: /home/iju/S08P31C208/ROS/robot_ws/src/install/turtlebot3_gazebo/share/turtlebot3_gazebo//models/turtlebot3_autorace/traffic_parking/materials/scripts/traffic_parking.material
[9.447s] -- Up-to-date symlink: /home/iju/S08P31C208/ROS/robot_ws/src/install/turtlebot3_gazebo/share/turtlebot3_gazebo//models/turtlebot3_autorace/traffic_parking/materials/textures/traffic_parking.png
[9.448s] -- Up-to-date symlink: /home/iju/S08P31C208/ROS/robot_ws/src/install/turtlebot3_gazebo/share/turtlebot3_gazebo//models/turtlebot3_autorace/traffic_parking/model.config
[9.448s] -- Up-to-date symlink: /home/iju/S08P31C208/ROS/robot_ws/src/install/turtlebot3_gazebo/share/turtlebot3_gazebo//models/turtlebot3_autorace/traffic_parking/model.sdf
[9.449s] -- Up-to-date symlink: /home/iju/S08P31C208/ROS/robot_ws/src/install/turtlebot3_gazebo/share/turtlebot3_gazebo//models/turtlebot3_autorace/traffic_stop/materials/scripts/traffic_stop.material
[9.449s] -- Up-to-date symlink: /home/iju/S08P31C208/ROS/robot_ws/src/install/turtlebot3_gazebo/share/turtlebot3_gazebo//models/turtlebot3_autorace/traffic_stop/materials/textures/traffic_stop.png
[9.450s] -- Up-to-date symlink: /home/iju/S08P31C208/ROS/robot_ws/src/install/turtlebot3_gazebo/share/turtlebot3_gazebo//models/turtlebot3_autorace/traffic_stop/model.config
[9.450s] -- Up-to-date symlink: /home/iju/S08P31C208/ROS/robot_ws/src/install/turtlebot3_gazebo/share/turtlebot3_gazebo//models/turtlebot3_autorace/traffic_stop/model.sdf
[9.451s] -- Up-to-date symlink: /home/iju/S08P31C208/ROS/robot_ws/src/install/turtlebot3_gazebo/share/turtlebot3_gazebo//models/turtlebot3_autorace/traffic_tunnel/materials/scripts/tunnel.material
[9.451s] -- Up-to-date symlink: /home/iju/S08P31C208/ROS/robot_ws/src/install/turtlebot3_gazebo/share/turtlebot3_gazebo//models/turtlebot3_autorace/traffic_tunnel/materials/textures/tunnel.png
[9.452s] -- Up-to-date symlink: /home/iju/S08P31C208/ROS/robot_ws/src/install/turtlebot3_gazebo/share/turtlebot3_gazebo//models/turtlebot3_autorace/traffic_tunnel/model.config
[9.452s] -- Up-to-date symlink: /home/iju/S08P31C208/ROS/robot_ws/src/install/turtlebot3_gazebo/share/turtlebot3_gazebo//models/turtlebot3_autorace/traffic_tunnel/model.sdf
[9.453s] -- Up-to-date symlink: /home/iju/S08P31C208/ROS/robot_ws/src/install/turtlebot3_gazebo/share/turtlebot3_gazebo//models/turtlebot3_autorace/tunnel_obstacles/model.config
[9.453s] -- Up-to-date symlink: /home/iju/S08P31C208/ROS/robot_ws/src/install/turtlebot3_gazebo/share/turtlebot3_gazebo//models/turtlebot3_autorace/tunnel_obstacles/model.sdf
[9.453s] -- Up-to-date symlink: /home/iju/S08P31C208/ROS/robot_ws/src/install/turtlebot3_gazebo/share/turtlebot3_gazebo//models/turtlebot3_autorace/tunnel_wall/model.config
[9.454s] -- Up-to-date symlink: /home/iju/S08P31C208/ROS/robot_ws/src/install/turtlebot3_gazebo/share/turtlebot3_gazebo//models/turtlebot3_autorace/tunnel_wall/model.sdf
[9.454s] -- Up-to-date symlink: /home/iju/S08P31C208/ROS/robot_ws/src/install/turtlebot3_gazebo/share/turtlebot3_gazebo//models/turtlebot3_burger/meshes/burger_base.dae
[9.455s] -- Up-to-date symlink: /home/iju/S08P31C208/ROS/robot_ws/src/install/turtlebot3_gazebo/share/turtlebot3_gazebo//models/turtlebot3_burger/meshes/lds.dae
[9.455s] -- Up-to-date symlink: /home/iju/S08P31C208/ROS/robot_ws/src/install/turtlebot3_gazebo/share/turtlebot3_gazebo//models/turtlebot3_burger/meshes/tire.dae
[9.455s] -- Up-to-date symlink: /home/iju/S08P31C208/ROS/robot_ws/src/install/turtlebot3_gazebo/share/turtlebot3_gazebo//models/turtlebot3_burger/model-1_4.sdf
[9.456s] -- Up-to-date symlink: /home/iju/S08P31C208/ROS/robot_ws/src/install/turtlebot3_gazebo/share/turtlebot3_gazebo//models/turtlebot3_burger/model.config
[9.456s] -- Up-to-date symlink: /home/iju/S08P31C208/ROS/robot_ws/src/install/turtlebot3_gazebo/share/turtlebot3_gazebo//models/turtlebot3_burger/model.sdf
[9.457s] -- Up-to-date symlink: /home/iju/S08P31C208/ROS/robot_ws/src/install/turtlebot3_gazebo/share/turtlebot3_gazebo//models/turtlebot3_dqn_world/goal_box/model.config
[9.457s] -- Up-to-date symlink: /home/iju/S08P31C208/ROS/robot_ws/src/install/turtlebot3_gazebo/share/turtlebot3_gazebo//models/turtlebot3_dqn_world/goal_box/model.sdf
[9.458s] -- Up-to-date symlink: /home/iju/S08P31C208/ROS/robot_ws/src/install/turtlebot3_gazebo/share/turtlebot3_gazebo//models/turtlebot3_dqn_world/inner_walls/model.config
[9.458s] -- Up-to-date symlink: /home/iju/S08P31C208/ROS/robot_ws/src/install/turtlebot3_gazebo/share/turtlebot3_gazebo//models/turtlebot3_dqn_world/inner_walls/model.sdf
[9.458s] -- Up-to-date symlink: /home/iju/S08P31C208/ROS/robot_ws/src/install/turtlebot3_gazebo/share/turtlebot3_gazebo//models/turtlebot3_dqn_world/model.config
[9.459s] -- Up-to-date symlink: /home/iju/S08P31C208/ROS/robot_ws/src/install/turtlebot3_gazebo/share/turtlebot3_gazebo//models/turtlebot3_dqn_world/model.sdf
[9.459s] -- Up-to-date symlink: /home/iju/S08P31C208/ROS/robot_ws/src/install/turtlebot3_gazebo/share/turtlebot3_gazebo//models/turtlebot3_dqn_world/obstacle1/model.config
[9.459s] -- Up-to-date symlink: /home/iju/S08P31C208/ROS/robot_ws/src/install/turtlebot3_gazebo/share/turtlebot3_gazebo//models/turtlebot3_dqn_world/obstacle1/model.sdf
[9.461s] -- Up-to-date symlink: /home/iju/S08P31C208/ROS/robot_ws/src/install/turtlebot3_gazebo/share/turtlebot3_gazebo//models/turtlebot3_dqn_world/obstacle2/model.config
[9.461s] -- Up-to-date symlink: /home/iju/S08P31C208/ROS/robot_ws/src/install/turtlebot3_gazebo/share/turtlebot3_gazebo//models/turtlebot3_dqn_world/obstacle2/model.sdf
[9.461s] -- Up-to-date symlink: /home/iju/S08P31C208/ROS/robot_ws/src/install/turtlebot3_gazebo/share/turtlebot3_gazebo//models/turtlebot3_dqn_world/obstacle_plugin/CMakeLists.txt
[9.461s] -- Up-to-date symlink: /home/iju/S08P31C208/ROS/robot_ws/src/install/turtlebot3_gazebo/share/turtlebot3_gazebo//models/turtlebot3_dqn_world/obstacle_plugin/obstacle1.cc
[9.461s] -- Up-to-date symlink: /home/iju/S08P31C208/ROS/robot_ws/src/install/turtlebot3_gazebo/share/turtlebot3_gazebo//models/turtlebot3_dqn_world/obstacle_plugin/obstacle2.cc
[9.462s] -- Up-to-date symlink: /home/iju/S08P31C208/ROS/robot_ws/src/install/turtlebot3_gazebo/share/turtlebot3_gazebo//models/turtlebot3_dqn_world/obstacle_plugin/obstacles.cc
[9.463s] -- Up-to-date symlink: /home/iju/S08P31C208/ROS/robot_ws/src/install/turtlebot3_gazebo/share/turtlebot3_gazebo//models/turtlebot3_dqn_world/obstacles/model.config
[9.463s] -- Up-to-date symlink: /home/iju/S08P31C208/ROS/robot_ws/src/install/turtlebot3_gazebo/share/turtlebot3_gazebo//models/turtlebot3_dqn_world/obstacles/model.sdf
[9.463s] -- Up-to-date symlink: /home/iju/S08P31C208/ROS/robot_ws/src/install/turtlebot3_gazebo/share/turtlebot3_gazebo//models/turtlebot3_house/model.config
[9.463s] -- Up-to-date symlink: /home/iju/S08P31C208/ROS/robot_ws/src/install/turtlebot3_gazebo/share/turtlebot3_gazebo//models/turtlebot3_house/model.sdf
[9.464s] -- Up-to-date symlink: /home/iju/S08P31C208/ROS/robot_ws/src/install/turtlebot3_gazebo/share/turtlebot3_gazebo//models/turtlebot3_waffle/meshes/lds.dae
[9.464s] -- Up-to-date symlink: /home/iju/S08P31C208/ROS/robot_ws/src/install/turtlebot3_gazebo/share/turtlebot3_gazebo//models/turtlebot3_waffle/meshes/r200.dae
[9.465s] -- Up-to-date symlink: /home/iju/S08P31C208/ROS/robot_ws/src/install/turtlebot3_gazebo/share/turtlebot3_gazebo//models/turtlebot3_waffle/meshes/tire.dae
[9.465s] -- Up-to-date symlink: /home/iju/S08P31C208/ROS/robot_ws/src/install/turtlebot3_gazebo/share/turtlebot3_gazebo//models/turtlebot3_waffle/meshes/waffle_base.dae
[9.465s] -- Up-to-date symlink: /home/iju/S08P31C208/ROS/robot_ws/src/install/turtlebot3_gazebo/share/turtlebot3_gazebo//models/turtlebot3_waffle/model-1_4.sdf
[9.466s] -- Up-to-date symlink: /home/iju/S08P31C208/ROS/robot_ws/src/install/turtlebot3_gazebo/share/turtlebot3_gazebo//models/turtlebot3_waffle/model.config
[9.466s] -- Up-to-date symlink: /home/iju/S08P31C208/ROS/robot_ws/src/install/turtlebot3_gazebo/share/turtlebot3_gazebo//models/turtlebot3_waffle/model.sdf
[9.467s] -- Up-to-date symlink: /home/iju/S08P31C208/ROS/robot_ws/src/install/turtlebot3_gazebo/share/turtlebot3_gazebo//models/turtlebot3_waffle_pi/meshes/lds.dae
[9.467s] -- Up-to-date symlink: /home/iju/S08P31C208/ROS/robot_ws/src/install/turtlebot3_gazebo/share/turtlebot3_gazebo//models/turtlebot3_waffle_pi/meshes/tire.dae
[9.467s] -- Up-to-date symlink: /home/iju/S08P31C208/ROS/robot_ws/src/install/turtlebot3_gazebo/share/turtlebot3_gazebo//models/turtlebot3_waffle_pi/meshes/waffle_pi_base.dae
[9.468s] -- Up-to-date symlink: /home/iju/S08P31C208/ROS/robot_ws/src/install/turtlebot3_gazebo/share/turtlebot3_gazebo//models/turtlebot3_waffle_pi/model-1_4.sdf
[9.468s] -- Up-to-date symlink: /home/iju/S08P31C208/ROS/robot_ws/src/install/turtlebot3_gazebo/share/turtlebot3_gazebo//models/turtlebot3_waffle_pi/model.config
[9.468s] -- Up-to-date symlink: /home/iju/S08P31C208/ROS/robot_ws/src/install/turtlebot3_gazebo/share/turtlebot3_gazebo//models/turtlebot3_waffle_pi/model.sdf
[9.469s] -- Up-to-date symlink: /home/iju/S08P31C208/ROS/robot_ws/src/install/turtlebot3_gazebo/share/turtlebot3_gazebo//models/turtlebot3_world/meshes/hexagon.dae
[9.469s] -- Up-to-date symlink: /home/iju/S08P31C208/ROS/robot_ws/src/install/turtlebot3_gazebo/share/turtlebot3_gazebo//models/turtlebot3_world/meshes/wall.dae
[9.470s] -- Up-to-date symlink: /home/iju/S08P31C208/ROS/robot_ws/src/install/turtlebot3_gazebo/share/turtlebot3_gazebo//models/turtlebot3_world/model-1_4.sdf
[9.470s] -- Up-to-date symlink: /home/iju/S08P31C208/ROS/robot_ws/src/install/turtlebot3_gazebo/share/turtlebot3_gazebo//models/turtlebot3_world/model.config
[9.470s] -- Up-to-date symlink: /home/iju/S08P31C208/ROS/robot_ws/src/install/turtlebot3_gazebo/share/turtlebot3_gazebo//models/turtlebot3_world/model.sdf
[9.471s] -- Up-to-date symlink: /home/iju/S08P31C208/ROS/robot_ws/src/install/turtlebot3_gazebo/share/turtlebot3_gazebo//rviz/tb3_gazebo.rviz
[9.472s] -- Up-to-date symlink: /home/iju/S08P31C208/ROS/robot_ws/src/install/turtlebot3_gazebo/share/turtlebot3_gazebo//worlds/empty_worlds/burger.model
[9.472s] -- Up-to-date symlink: /home/iju/S08P31C208/ROS/robot_ws/src/install/turtlebot3_gazebo/share/turtlebot3_gazebo//worlds/empty_worlds/waffle.model
[9.473s] -- Up-to-date symlink: /home/iju/S08P31C208/ROS/robot_ws/src/install/turtlebot3_gazebo/share/turtlebot3_gazebo//worlds/empty_worlds/waffle_pi.model
[9.473s] -- Up-to-date symlink: /home/iju/S08P31C208/ROS/robot_ws/src/install/turtlebot3_gazebo/share/turtlebot3_gazebo//worlds/turtlebot3_autoraces/burger.model
[9.473s] -- Up-to-date symlink: /home/iju/S08P31C208/ROS/robot_ws/src/install/turtlebot3_gazebo/share/turtlebot3_gazebo//worlds/turtlebot3_autoraces/waffle.model
[9.474s] -- Up-to-date symlink: /home/iju/S08P31C208/ROS/robot_ws/src/install/turtlebot3_gazebo/share/turtlebot3_gazebo//worlds/turtlebot3_autoraces/waffle_pi.model
[9.474s] -- Up-to-date symlink: /home/iju/S08P31C208/ROS/robot_ws/src/install/turtlebot3_gazebo/share/turtlebot3_gazebo//worlds/turtlebot3_dqn_stage1/burger.model
[9.475s] -- Up-to-date symlink: /home/iju/S08P31C208/ROS/robot_ws/src/install/turtlebot3_gazebo/share/turtlebot3_gazebo//worlds/turtlebot3_dqn_stage1/waffle.model
[9.475s] -- Up-to-date symlink: /home/iju/S08P31C208/ROS/robot_ws/src/install/turtlebot3_gazebo/share/turtlebot3_gazebo//worlds/turtlebot3_dqn_stage1/waffle_pi.model
[9.476s] -- Up-to-date symlink: /home/iju/S08P31C208/ROS/robot_ws/src/install/turtlebot3_gazebo/share/turtlebot3_gazebo//worlds/turtlebot3_dqn_stage2/burger.model
[9.476s] -- Up-to-date symlink: /home/iju/S08P31C208/ROS/robot_ws/src/install/turtlebot3_gazebo/share/turtlebot3_gazebo//worlds/turtlebot3_dqn_stage2/waffle.model
[9.476s] -- Up-to-date symlink: /home/iju/S08P31C208/ROS/robot_ws/src/install/turtlebot3_gazebo/share/turtlebot3_gazebo//worlds/turtlebot3_dqn_stage2/waffle_pi.model
[9.477s] -- Up-to-date symlink: /home/iju/S08P31C208/ROS/robot_ws/src/install/turtlebot3_gazebo/share/turtlebot3_gazebo//worlds/turtlebot3_dqn_stage3/burger.model
[9.477s] -- Up-to-date symlink: /home/iju/S08P31C208/ROS/robot_ws/src/install/turtlebot3_gazebo/share/turtlebot3_gazebo//worlds/turtlebot3_dqn_stage3/waffle.model
[9.477s] -- Up-to-date symlink: /home/iju/S08P31C208/ROS/robot_ws/src/install/turtlebot3_gazebo/share/turtlebot3_gazebo//worlds/turtlebot3_dqn_stage3/waffle_pi.model
[9.478s] -- Up-to-date symlink: /home/iju/S08P31C208/ROS/robot_ws/src/install/turtlebot3_gazebo/share/turtlebot3_gazebo//worlds/turtlebot3_dqn_stage4/burger.model
[9.478s] -- Up-to-date symlink: /home/iju/S08P31C208/ROS/robot_ws/src/install/turtlebot3_gazebo/share/turtlebot3_gazebo//worlds/turtlebot3_dqn_stage4/waffle.model
[9.479s] -- Up-to-date symlink: /home/iju/S08P31C208/ROS/robot_ws/src/install/turtlebot3_gazebo/share/turtlebot3_gazebo//worlds/turtlebot3_dqn_stage4/waffle_pi.model
[9.479s] -- Up-to-date symlink: /home/iju/S08P31C208/ROS/robot_ws/src/install/turtlebot3_gazebo/share/turtlebot3_gazebo//worlds/turtlebot3_houses/burger.model
[9.479s] -- Up-to-date symlink: /home/iju/S08P31C208/ROS/robot_ws/src/install/turtlebot3_gazebo/share/turtlebot3_gazebo//worlds/turtlebot3_houses/waffle.model
[9.480s] -- Up-to-date symlink: /home/iju/S08P31C208/ROS/robot_ws/src/install/turtlebot3_gazebo/share/turtlebot3_gazebo//worlds/turtlebot3_houses/waffle_pi.model
[9.481s] -- Up-to-date symlink: /home/iju/S08P31C208/ROS/robot_ws/src/install/turtlebot3_gazebo/share/turtlebot3_gazebo//worlds/turtlebot3_worlds/burger.model
[9.482s] -- Up-to-date symlink: /home/iju/S08P31C208/ROS/robot_ws/src/install/turtlebot3_gazebo/share/turtlebot3_gazebo//worlds/turtlebot3_worlds/waffle.model
[9.482s] -- Up-to-date symlink: /home/iju/S08P31C208/ROS/robot_ws/src/install/turtlebot3_gazebo/share/turtlebot3_gazebo//worlds/turtlebot3_worlds/waffle_pi.model
[9.483s] -- Up-to-date symlink: /home/iju/S08P31C208/ROS/robot_ws/src/install/turtlebot3_gazebo/include//turtlebot3_gazebo/turtlebot3_drive.hpp
[9.484s] -- Up-to-date symlink: /home/iju/S08P31C208/ROS/robot_ws/src/install/turtlebot3_gazebo/share/ament_index/resource_index/package_run_dependencies/turtlebot3_gazebo
[9.485s] -- Up-to-date symlink: /home/iju/S08P31C208/ROS/robot_ws/src/install/turtlebot3_gazebo/share/ament_index/resource_index/parent_prefix_path/turtlebot3_gazebo
[9.486s] -- Up-to-date symlink: /home/iju/S08P31C208/ROS/robot_ws/src/install/turtlebot3_gazebo/share/turtlebot3_gazebo/environment/ament_prefix_path.sh
[9.486s] -- Up-to-date symlink: /home/iju/S08P31C208/ROS/robot_ws/src/install/turtlebot3_gazebo/share/turtlebot3_gazebo/environment/path.sh
[9.487s] -- Up-to-date symlink: /home/iju/S08P31C208/ROS/robot_ws/src/install/turtlebot3_gazebo/share/turtlebot3_gazebo/local_setup.bash
[9.488s] -- Up-to-date symlink: /home/iju/S08P31C208/ROS/robot_ws/src/install/turtlebot3_gazebo/share/turtlebot3_gazebo/local_setup.sh
[9.488s] -- Up-to-date symlink: /home/iju/S08P31C208/ROS/robot_ws/src/install/turtlebot3_gazebo/share/turtlebot3_gazebo/local_setup.zsh
[9.489s] -- Up-to-date symlink: /home/iju/S08P31C208/ROS/robot_ws/src/install/turtlebot3_gazebo/share/ament_index/resource_index/packages/turtlebot3_gazebo
[9.489s] -- Up-to-date symlink: /home/iju/S08P31C208/ROS/robot_ws/src/install/turtlebot3_gazebo/share/turtlebot3_gazebo/cmake/ament_cmake_export_include_directories-extras.cmake
[9.490s] -- Up-to-date symlink: /home/iju/S08P31C208/ROS/robot_ws/src/install/turtlebot3_gazebo/share/turtlebot3_gazebo/cmake/ament_cmake_export_dependencies-extras.cmake
[9.490s] -- Up-to-date symlink: /home/iju/S08P31C208/ROS/robot_ws/src/install/turtlebot3_gazebo/share/turtlebot3_gazebo/cmake/turtlebot3_gazeboConfig.cmake
[9.491s] -- Up-to-date symlink: /home/iju/S08P31C208/ROS/robot_ws/src/install/turtlebot3_gazebo/share/turtlebot3_gazebo/cmake/turtlebot3_gazeboConfig-version.cmake
[9.491s] -- Up-to-date symlink: /home/iju/S08P31C208/ROS/robot_ws/src/install/turtlebot3_gazebo/share/turtlebot3_gazebo/package.xml
[9.504s] Invoked command in '/home/iju/S08P31C208/ROS/robot_ws/src/build/turtlebot3_gazebo' returned '0': AMENT_PREFIX_PATH=/home/iju/S08P31C208/ROS/robot_ws/src/install/turtlebot3:/home/iju/S08P31C208/ROS/robot_ws/src/install/gazebo_ros_pkgs:/home/iju/S08P31C208/ROS/robot_ws/src/install/turtlebot3_bringup:/home/iju/S08P31C208/ROS/robot_ws/src/install/gazebo_plugins:/home/iju/S08P31C208/ROS/robot_ws/src/install/turtlebot3_node:/home/iju/S08P31C208/ROS/robot_ws/src/install/turtlebot3_example:/home/iju/S08P31C208/ROS/robot_ws/src/install/gazebo_ros:/home/iju/S08P31C208/ROS/robot_ws/src/install/turtlebot3_teleop:/home/iju/S08P31C208/ROS/robot_ws/src/install/turtlebot3_navigation2:/home/iju/S08P31C208/ROS/robot_ws/src/install/turtlebot3_msgs:/home/iju/S08P31C208/ROS/robot_ws/src/install/turtlebot3_description:/home/iju/S08P31C208/ROS/robot_ws/src/install/turtlebot3_cartographer:/home/iju/S08P31C208/ROS/robot_ws/src/install/gazebo_msgs:/home/iju/S08P31C208/ROS/robot_ws/src/install/gazebo_dev:/home/iju/S08P31C208/ROS/robot_ws/src/install/dynamixel_sdk:${AMENT_PREFIX_PATH} CMAKE_PREFIX_PATH=/home/iju/S08P31C208/ROS/robot_ws/src/install/turtlebot3:/home/iju/S08P31C208/ROS/robot_ws/src/install/gazebo_ros_pkgs:/home/iju/S08P31C208/ROS/robot_ws/src/install/turtlebot3_bringup:/home/iju/S08P31C208/ROS/robot_ws/src/install/gazebo_plugins:/home/iju/S08P31C208/ROS/robot_ws/src/install/turtlebot3_node:/home/iju/S08P31C208/ROS/robot_ws/src/install/gazebo_ros:/home/iju/S08P31C208/ROS/robot_ws/src/install/turtlebot3_navigation2:/home/iju/S08P31C208/ROS/robot_ws/src/install/turtlebot3_msgs:/home/iju/S08P31C208/ROS/robot_ws/src/install/turtlebot3_description:/home/iju/S08P31C208/ROS/robot_ws/src/install/turtlebot3_cartographer:/home/iju/S08P31C208/ROS/robot_ws/src/install/gazebo_msgs:/home/iju/S08P31C208/ROS/robot_ws/src/install/gazebo_dev:/home/iju/S08P31C208/ROS/robot_ws/src/install/dynamixel_sdk:/home/iju/S08P31C208/ROS/robot_ws/install/vision_opencv:/home/iju/S08P31C208/ROS/robot_ws/install/turtlebot3_simulations:/home/iju/S08P31C208/ROS/robot_ws/install/turtlebot3_gazebo:/home/iju/S08P31C208/ROS/robot_ws/install/turtlebot3:/home/iju/S08P31C208/ROS/robot_ws/install/turtlebot3_bringup:/home/iju/S08P31C208/ROS/robot_ws/install/turtlebot3_node:/home/iju/S08P31C208/ROS/robot_ws/install/turtlebot3_navigation2:/home/iju/S08P31C208/ROS/robot_ws/install/turtlebot3_fake_node:/home/iju/S08P31C208/ROS/robot_ws/install/turtlebot3_msgs:/home/iju/S08P31C208/ROS/robot_ws/install/turtlebot3_description:/home/iju/S08P31C208/ROS/robot_ws/install/turtlebot3_cartographer:/home/iju/S08P31C208/ROS/robot_ws/install/image_geometry:/home/iju/S08P31C208/ROS/robot_ws/install/gazebo_ros_pkgs:/home/iju/S08P31C208/ROS/robot_ws/install/turtlebot3_teleop:/home/iju/S08P31C208/ROS/robot_ws/install/turtlebot3_example:/home/iju/S08P31C208/ROS/robot_ws/install/opencv_tests:/opt/ros/dashing:/home/iju/S08P31C208/ROS/robot_ws/install/aws_robomaker_hospital_world:/home/iju/S08P31C208/ROS/robot_ws/install/gazebo_plugins:/home/iju/S08P31C208/ROS/robot_ws/install/gazebo_ros:/home/iju/S08P31C208/ROS/robot_ws/install/gazebo_msgs:/home/iju/S08P31C208/ROS/robot_ws/install/gazebo_dev:/home/iju/S08P31C208/ROS/robot_ws/install/dynamixel_sdk_examples:/home/iju/S08P31C208/ROS/robot_ws/install/dynamixel_sdk_custom_interfaces:/home/iju/S08P31C208/ROS/robot_ws/install/dynamixel_sdk:/home/iju/S08P31C208/ROS/robot_ws/install/cv_bridge LD_LIBRARY_PATH=/home/iju/S08P31C208/ROS/robot_ws/src/install/gazebo_plugins/lib:/home/iju/S08P31C208/ROS/robot_ws/src/install/gazebo_ros/lib:/home/iju/S08P31C208/ROS/robot_ws/src/install/turtlebot3_msgs/lib:/home/iju/S08P31C208/ROS/robot_ws/src/install/gazebo_msgs/lib:/home/iju/S08P31C208/ROS/robot_ws/src/install/dynamixel_sdk/lib:${LD_LIBRARY_PATH} PS1=\u@\h \[\033[32m\]\w\[\033[33m\]$(parse_git_branch)\[\033[00m\] $ PYTHONPATH=/home/iju/S08P31C208/ROS/robot_ws/src/build/turtlebot3_example:/home/iju/S08P31C208/ROS/robot_ws/src/install/turtlebot3_example/lib/python3.6/site-packages:/home/iju/S08P31C208/ROS/robot_ws/src/install/gazebo_ros/lib/python3.6/site-packages:/home/iju/S08P31C208/ROS/robot_ws/src/build/turtlebot3_teleop:/home/iju/S08P31C208/ROS/robot_ws/src/install/turtlebot3_teleop/lib/python3.6/site-packages:/home/iju/S08P31C208/ROS/robot_ws/src/install/turtlebot3_msgs/lib/python3.6/site-packages:/home/iju/S08P31C208/ROS/robot_ws/src/install/gazebo_msgs/lib/python3.6/site-packages:${PYTHONPATH} /usr/bin/cmake --build /home/iju/S08P31C208/ROS/robot_ws/src/build/turtlebot3_gazebo --target install -- -j6 -l6
