-- Found ament_cmake_ros: 0.7.0 (/opt/ros/dashing/share/ament_cmake_ros/cmake)
-- Found PythonInterp: /usr/bin/python3 (found suitable version "3.6.9", minimum required is "3") 
-- Using PYTHON_EXECUTABLE: /usr/bin/python3
-- Override CMake install command with custom implementation using symlinks instead of copying resources
-- Found PythonLibs: /usr/lib/x86_64-linux-gnu/libpython3.6m.so (found version "3.6.9") 
-- Boost version: 1.65.1
-- Found the following Boost libraries:
--   python3
-- Found sensor_msgs: 0.7.1 (/opt/ros/dashing/share/sensor_msgs/cmake)
-- Found rosidl_adapter: 0.7.10 (/opt/ros/dashing/share/rosidl_adapter/cmake)
-- Found PythonInterp: /usr/bin/python3 (found version "3.6.9") 
-- Found PythonLibs: /usr/lib/x86_64-linux-gnu/libpython3.6m.so (found suitable version "3.6.9", minimum required is "3.6") 
-- Found ament_lint_auto: 0.7.12 (/opt/ros/dashing/share/ament_lint_auto/cmake)
-- Found gtest sources under '/opt/ros/dashing/src/gtest_vendor': C++ tests using 'Google Test' will be built
-- Configuring done
-- Generating done
-- Build files have been written to: /home/iju/S08P31C208/ROS/robot_ws/build/cv_bridge
[35m[1mScanning dependencies of target cv_bridge[0m
[ 12%] Built target gtest_main
[ 18%] [32mBuilding CXX object src/CMakeFiles/cv_bridge.dir/cv_bridge.cpp.o[0m
[ 25%] [32mBuilding CXX object src/CMakeFiles/cv_bridge.dir/rgb_colors.cpp.o[0m
[ 37%] Built target gtest
[ 43%] [32m[1mLinking CXX shared library libcv_bridge.so[0m
[ 43%] Built target cv_bridge
[ 50%] [32m[1mLinking CXX shared library boost/cv_bridge_boost.so[0m
[ 56%] [32m[1mLinking CXX executable cv_bridge-utest[0m
[ 68%] Built target cv_bridge_boost
[100%] Built target cv_bridge-utest
[ 12%] Built target gtest_main
[ 25%] Built target gtest
[ 43%] Built target cv_bridge
[ 81%] Built target cv_bridge-utest
[100%] Built target cv_bridge_boost
[36mInstall the project...[0m
-- Install configuration: ""
-- Execute custom install script
-- Up-to-date symlink: /home/iju/S08P31C208/ROS/robot_ws/install/cv_bridge/share/cv_bridge/environment/pythonpath.sh
-- Up-to-date symlink: /home/iju/S08P31C208/ROS/robot_ws/install/cv_bridge/lib/python3.6/site-packages/cv_bridge/__init__.py
-- Up-to-date symlink: /home/iju/S08P31C208/ROS/robot_ws/install/cv_bridge/lib/python3.6/site-packages/cv_bridge/core.py
-- Up-to-date symlink: /home/iju/S08P31C208/ROS/robot_ws/install/cv_bridge/lib/libcv_bridge.so
-- Up-to-date symlink: /home/iju/S08P31C208/ROS/robot_ws/install/cv_bridge/include/cv_bridge/cv_bridge_export.h
-- Up-to-date symlink: /home/iju/S08P31C208/ROS/robot_ws/install/cv_bridge/lib/python3.6/site-packages/cv_bridge/boost//cv_bridge_boost.so
-- Up-to-date symlink: /home/iju/S08P31C208/ROS/robot_ws/install/cv_bridge/share/cv_bridge/environment/library_path.sh
-- Up-to-date symlink: /home/iju/S08P31C208/ROS/robot_ws/install/cv_bridge/include/cv_bridge/cv_bridge.h
-- Up-to-date symlink: /home/iju/S08P31C208/ROS/robot_ws/install/cv_bridge/include/cv_bridge/rgb_colors.h
-- Up-to-date symlink: /home/iju/S08P31C208/ROS/robot_ws/install/cv_bridge/share/ament_index/resource_index/package_run_dependencies/cv_bridge
-- Up-to-date symlink: /home/iju/S08P31C208/ROS/robot_ws/install/cv_bridge/share/ament_index/resource_index/parent_prefix_path/cv_bridge
-- Up-to-date symlink: /home/iju/S08P31C208/ROS/robot_ws/install/cv_bridge/share/cv_bridge/environment/ament_prefix_path.sh
-- Up-to-date symlink: /home/iju/S08P31C208/ROS/robot_ws/install/cv_bridge/share/cv_bridge/environment/path.sh
-- Up-to-date symlink: /home/iju/S08P31C208/ROS/robot_ws/install/cv_bridge/share/cv_bridge/local_setup.bash
-- Up-to-date symlink: /home/iju/S08P31C208/ROS/robot_ws/install/cv_bridge/share/cv_bridge/local_setup.sh
-- Up-to-date symlink: /home/iju/S08P31C208/ROS/robot_ws/install/cv_bridge/share/cv_bridge/local_setup.zsh
-- Up-to-date symlink: /home/iju/S08P31C208/ROS/robot_ws/install/cv_bridge/share/ament_index/resource_index/packages/cv_bridge
-- Up-to-date symlink: /home/iju/S08P31C208/ROS/robot_ws/install/cv_bridge/share/cv_bridge/cmake/cv_bridge-extras.cmake
-- Up-to-date symlink: /home/iju/S08P31C208/ROS/robot_ws/install/cv_bridge/share/cv_bridge/cmake/ament_cmake_export_dependencies-extras.cmake
-- Up-to-date symlink: /home/iju/S08P31C208/ROS/robot_ws/install/cv_bridge/share/cv_bridge/cmake/ament_cmake_export_include_directories-extras.cmake
-- Up-to-date symlink: /home/iju/S08P31C208/ROS/robot_ws/install/cv_bridge/share/cv_bridge/cmake/ament_cmake_export_libraries-extras.cmake
-- Up-to-date symlink: /home/iju/S08P31C208/ROS/robot_ws/install/cv_bridge/share/cv_bridge/cmake/cv_bridgeConfig.cmake
-- Up-to-date symlink: /home/iju/S08P31C208/ROS/robot_ws/install/cv_bridge/share/cv_bridge/cmake/cv_bridgeConfig-version.cmake
-- Up-to-date symlink: /home/iju/S08P31C208/ROS/robot_ws/install/cv_bridge/share/cv_bridge/package.xml
Listing '/home/iju/S08P31C208/ROS/robot_ws/install/cv_bridge/lib/python3.6/site-packages/cv_bridge'...
Listing '/home/iju/S08P31C208/ROS/robot_ws/install/cv_bridge/lib/python3.6/site-packages/cv_bridge/boost'...
