-- Found ament_cmake_core: 0.7.6 (/opt/ros/dashing/share/ament_cmake_core/cmake)
-- Using PYTHON_EXECUTABLE: /usr/bin/python3
-- Override CMake install command with custom implementation using symlinks instead of copying resources
-- Found ament_cmake_python: 0.7.6 (/opt/ros/dashing/share/ament_cmake_python/cmake)
-- Configuring done
-- Generating done
-- Build files have been written to: /home/iju/S08P31C208/ROS/robot_ws/build/nav2_common
[36mInstall the project...[0m
-- Install configuration: ""
-- Execute custom install script
-- Up-to-date symlink: /home/iju/S08P31C208/ROS/robot_ws/install/nav2_common/share/nav2_common/environment/pythonpath.sh
-- Up-to-date symlink: /home/iju/S08P31C208/ROS/robot_ws/install/nav2_common/lib/python3.6/site-packages/nav2_common/__init__.py
-- Up-to-date symlink: /home/iju/S08P31C208/ROS/robot_ws/install/nav2_common/lib/python3.6/site-packages/nav2_common/launch/__init__.py
-- Up-to-date symlink: /home/iju/S08P31C208/ROS/robot_ws/install/nav2_common/lib/python3.6/site-packages/nav2_common/launch/rewritten_yaml.py
-- Up-to-date symlink: /home/iju/S08P31C208/ROS/robot_ws/install/nav2_common/share/ament_index/resource_index/package_run_dependencies/nav2_common
-- Up-to-date symlink: /home/iju/S08P31C208/ROS/robot_ws/install/nav2_common/share/ament_index/resource_index/parent_prefix_path/nav2_common
-- Up-to-date symlink: /home/iju/S08P31C208/ROS/robot_ws/install/nav2_common/share/nav2_common/environment/ament_prefix_path.sh
-- Up-to-date symlink: /home/iju/S08P31C208/ROS/robot_ws/install/nav2_common/share/nav2_common/environment/path.sh
-- Up-to-date symlink: /home/iju/S08P31C208/ROS/robot_ws/install/nav2_common/share/nav2_common/local_setup.bash
-- Up-to-date symlink: /home/iju/S08P31C208/ROS/robot_ws/install/nav2_common/share/nav2_common/local_setup.sh
-- Up-to-date symlink: /home/iju/S08P31C208/ROS/robot_ws/install/nav2_common/share/nav2_common/local_setup.zsh
-- Up-to-date symlink: /home/iju/S08P31C208/ROS/robot_ws/install/nav2_common/share/ament_index/resource_index/packages/nav2_common
-- Up-to-date symlink: /home/iju/S08P31C208/ROS/robot_ws/install/nav2_common/share/nav2_common/cmake/nav2_common-extras.cmake
-- Up-to-date symlink: /home/iju/S08P31C208/ROS/robot_ws/install/nav2_common/share/nav2_common/cmake/nav2_commonConfig.cmake
-- Up-to-date symlink: /home/iju/S08P31C208/ROS/robot_ws/install/nav2_common/share/nav2_common/cmake/nav2_commonConfig-version.cmake
-- Up-to-date symlink: /home/iju/S08P31C208/ROS/robot_ws/install/nav2_common/share/nav2_common/package.xml
-- Up-to-date symlink: /home/iju/S08P31C208/ROS/robot_ws/install/nav2_common/share/nav2_common/cmake/nav2_package.cmake
Listing '/home/iju/S08P31C208/ROS/robot_ws/install/nav2_common/lib/python3.6/site-packages/nav2_common'...
Listing '/home/iju/S08P31C208/ROS/robot_ws/install/nav2_common/lib/python3.6/site-packages/nav2_common/launch'...
