[0.187s] Invoking command in '/home/iju/S08P31C208/ROS/robot_ws/build/dynamixel_sdk_examples': AMENT_PREFIX_PATH=/home/iju/S08P31C208/ROS/robot_ws/install/dynamixel_sdk_custom_interfaces:/home/iju/S08P31C208/ROS/robot_ws/install/dynamixel_sdk:${AMENT_PREFIX_PATH} CMAKE_PREFIX_PATH=/home/iju/S08P31C208/ROS/robot_ws/install/dynamixel_sdk_custom_interfaces:/home/iju/S08P31C208/ROS/robot_ws/install/dynamixel_sdk:/opt/ros/dashing LD_LIBRARY_PATH=/home/iju/S08P31C208/ROS/robot_ws/install/dynamixel_sdk_custom_interfaces/lib:/home/iju/S08P31C208/ROS/robot_ws/install/dynamixel_sdk/lib:${LD_LIBRARY_PATH} PS1=\u@\h \[\033[32m\]\w\[\033[33m\]$(parse_git_branch)\[\033[00m\] $ PYTHONPATH=/home/iju/S08P31C208/ROS/robot_ws/install/dynamixel_sdk_custom_interfaces/lib/python3.6/site-packages:${PYTHONPATH} /usr/bin/cmake --build /home/iju/S08P31C208/ROS/robot_ws/build/dynamixel_sdk_examples -- -j6 -l6
[0.349s] [100%] Built target read_write_node
[0.393s] Invoked command in '/home/iju/S08P31C208/ROS/robot_ws/build/dynamixel_sdk_examples' returned '0': AMENT_PREFIX_PATH=/home/iju/S08P31C208/ROS/robot_ws/install/dynamixel_sdk_custom_interfaces:/home/iju/S08P31C208/ROS/robot_ws/install/dynamixel_sdk:${AMENT_PREFIX_PATH} CMAKE_PREFIX_PATH=/home/iju/S08P31C208/ROS/robot_ws/install/dynamixel_sdk_custom_interfaces:/home/iju/S08P31C208/ROS/robot_ws/install/dynamixel_sdk:/opt/ros/dashing LD_LIBRARY_PATH=/home/iju/S08P31C208/ROS/robot_ws/install/dynamixel_sdk_custom_interfaces/lib:/home/iju/S08P31C208/ROS/robot_ws/install/dynamixel_sdk/lib:${LD_LIBRARY_PATH} PS1=\u@\h \[\033[32m\]\w\[\033[33m\]$(parse_git_branch)\[\033[00m\] $ PYTHONPATH=/home/iju/S08P31C208/ROS/robot_ws/install/dynamixel_sdk_custom_interfaces/lib/python3.6/site-packages:${PYTHONPATH} /usr/bin/cmake --build /home/iju/S08P31C208/ROS/robot_ws/build/dynamixel_sdk_examples -- -j6 -l6
[0.474s] Invoking command in '/home/iju/S08P31C208/ROS/robot_ws/build/dynamixel_sdk_examples': AMENT_PREFIX_PATH=/home/iju/S08P31C208/ROS/robot_ws/install/dynamixel_sdk_custom_interfaces:/home/iju/S08P31C208/ROS/robot_ws/install/dynamixel_sdk:${AMENT_PREFIX_PATH} CMAKE_PREFIX_PATH=/home/iju/S08P31C208/ROS/robot_ws/install/dynamixel_sdk_custom_interfaces:/home/iju/S08P31C208/ROS/robot_ws/install/dynamixel_sdk:/opt/ros/dashing LD_LIBRARY_PATH=/home/iju/S08P31C208/ROS/robot_ws/install/dynamixel_sdk_custom_interfaces/lib:/home/iju/S08P31C208/ROS/robot_ws/install/dynamixel_sdk/lib:${LD_LIBRARY_PATH} PS1=\u@\h \[\033[32m\]\w\[\033[33m\]$(parse_git_branch)\[\033[00m\] $ PYTHONPATH=/home/iju/S08P31C208/ROS/robot_ws/install/dynamixel_sdk_custom_interfaces/lib/python3.6/site-packages:${PYTHONPATH} /usr/bin/cmake --build /home/iju/S08P31C208/ROS/robot_ws/build/dynamixel_sdk_examples --target install -- -j6 -l6
[0.674s] [100%] Built target read_write_node
[0.774s] [36mInstall the project...[0m
[0.796s] -- Install configuration: ""
[0.796s] -- Execute custom install script
[0.797s] -- Up-to-date symlink: /home/iju/S08P31C208/ROS/robot_ws/install/dynamixel_sdk_examples/lib/dynamixel_sdk_examples/read_write_node
[0.797s] -- Up-to-date symlink: /home/iju/S08P31C208/ROS/robot_ws/install/dynamixel_sdk_examples/share/ament_index/resource_index/package_run_dependencies/dynamixel_sdk_examples
[0.797s] -- Up-to-date symlink: /home/iju/S08P31C208/ROS/robot_ws/install/dynamixel_sdk_examples/share/ament_index/resource_index/parent_prefix_path/dynamixel_sdk_examples
[0.818s] -- Up-to-date symlink: /home/iju/S08P31C208/ROS/robot_ws/install/dynamixel_sdk_examples/share/dynamixel_sdk_examples/environment/ament_prefix_path.sh
[0.818s] -- Up-to-date symlink: /home/iju/S08P31C208/ROS/robot_ws/install/dynamixel_sdk_examples/share/dynamixel_sdk_examples/environment/path.sh
[0.818s] -- Up-to-date symlink: /home/iju/S08P31C208/ROS/robot_ws/install/dynamixel_sdk_examples/share/dynamixel_sdk_examples/local_setup.bash
[0.819s] -- Up-to-date symlink: /home/iju/S08P31C208/ROS/robot_ws/install/dynamixel_sdk_examples/share/dynamixel_sdk_examples/local_setup.sh
[0.819s] -- Up-to-date symlink: /home/iju/S08P31C208/ROS/robot_ws/install/dynamixel_sdk_examples/share/dynamixel_sdk_examples/local_setup.zsh
[0.819s] -- Up-to-date symlink: /home/iju/S08P31C208/ROS/robot_ws/install/dynamixel_sdk_examples/share/ament_index/resource_index/packages/dynamixel_sdk_examples
[0.819s] -- Up-to-date symlink: /home/iju/S08P31C208/ROS/robot_ws/install/dynamixel_sdk_examples/share/dynamixel_sdk_examples/cmake/dynamixel_sdk_examplesConfig.cmake
[0.819s] -- Up-to-date symlink: /home/iju/S08P31C208/ROS/robot_ws/install/dynamixel_sdk_examples/share/dynamixel_sdk_examples/cmake/dynamixel_sdk_examplesConfig-version.cmake
[0.819s] -- Up-to-date symlink: /home/iju/S08P31C208/ROS/robot_ws/install/dynamixel_sdk_examples/share/dynamixel_sdk_examples/package.xml
[1.107s] Invoked command in '/home/iju/S08P31C208/ROS/robot_ws/build/dynamixel_sdk_examples' returned '0': AMENT_PREFIX_PATH=/home/iju/S08P31C208/ROS/robot_ws/install/dynamixel_sdk_custom_interfaces:/home/iju/S08P31C208/ROS/robot_ws/install/dynamixel_sdk:${AMENT_PREFIX_PATH} CMAKE_PREFIX_PATH=/home/iju/S08P31C208/ROS/robot_ws/install/dynamixel_sdk_custom_interfaces:/home/iju/S08P31C208/ROS/robot_ws/install/dynamixel_sdk:/opt/ros/dashing LD_LIBRARY_PATH=/home/iju/S08P31C208/ROS/robot_ws/install/dynamixel_sdk_custom_interfaces/lib:/home/iju/S08P31C208/ROS/robot_ws/install/dynamixel_sdk/lib:${LD_LIBRARY_PATH} PS1=\u@\h \[\033[32m\]\w\[\033[33m\]$(parse_git_branch)\[\033[00m\] $ PYTHONPATH=/home/iju/S08P31C208/ROS/robot_ws/install/dynamixel_sdk_custom_interfaces/lib/python3.6/site-packages:${PYTHONPATH} /usr/bin/cmake --build /home/iju/S08P31C208/ROS/robot_ws/build/dynamixel_sdk_examples --target install -- -j6 -l6
