[0.190s] Invoking command in '/home/iju/S08P31C208/ROS/robot_ws/src/build/gazebo_plugins': AMENT_PREFIX_PATH=/home/iju/S08P31C208/ROS/robot_ws/src/install/gazebo_ros:/home/iju/S08P31C208/ROS/robot_ws/src/install/gazebo_msgs:/home/iju/S08P31C208/ROS/robot_ws/src/install/gazebo_dev:${AMENT_PREFIX_PATH} CMAKE_PREFIX_PATH=/home/iju/S08P31C208/ROS/robot_ws/src/install/gazebo_ros:/home/iju/S08P31C208/ROS/robot_ws/src/install/gazebo_msgs:/home/iju/S08P31C208/ROS/robot_ws/src/install/gazebo_dev:/home/iju/S08P31C208/ROS/robot_ws/install/vision_opencv:/home/iju/S08P31C208/ROS/robot_ws/install/turtlebot3_simulations:/home/iju/S08P31C208/ROS/robot_ws/install/turtlebot3_gazebo:/home/iju/S08P31C208/ROS/robot_ws/install/turtlebot3:/home/iju/S08P31C208/ROS/robot_ws/install/turtlebot3_bringup:/home/iju/S08P31C208/ROS/robot_ws/install/turtlebot3_node:/home/iju/S08P31C208/ROS/robot_ws/install/turtlebot3_navigation2:/home/iju/S08P31C208/ROS/robot_ws/install/turtlebot3_fake_node:/home/iju/S08P31C208/ROS/robot_ws/install/turtlebot3_msgs:/home/iju/S08P31C208/ROS/robot_ws/install/turtlebot3_description:/home/iju/S08P31C208/ROS/robot_ws/install/turtlebot3_cartographer:/home/iju/S08P31C208/ROS/robot_ws/install/image_geometry:/home/iju/S08P31C208/ROS/robot_ws/install/gazebo_ros_pkgs:/home/iju/S08P31C208/ROS/robot_ws/install/turtlebot3_teleop:/home/iju/S08P31C208/ROS/robot_ws/install/turtlebot3_example:/home/iju/S08P31C208/ROS/robot_ws/install/opencv_tests:/opt/ros/dashing:/home/iju/S08P31C208/ROS/robot_ws/install/aws_robomaker_hospital_world:/home/iju/S08P31C208/ROS/robot_ws/install/gazebo_plugins:/home/iju/S08P31C208/ROS/robot_ws/install/gazebo_ros:/home/iju/S08P31C208/ROS/robot_ws/install/gazebo_msgs:/home/iju/S08P31C208/ROS/robot_ws/install/gazebo_dev:/home/iju/S08P31C208/ROS/robot_ws/install/dynamixel_sdk_examples:/home/iju/S08P31C208/ROS/robot_ws/install/dynamixel_sdk_custom_interfaces:/home/iju/S08P31C208/ROS/robot_ws/install/dynamixel_sdk:/home/iju/S08P31C208/ROS/robot_ws/install/cv_bridge LD_LIBRARY_PATH=/home/iju/S08P31C208/ROS/robot_ws/src/install/gazebo_ros/lib:/home/iju/S08P31C208/ROS/robot_ws/src/install/gazebo_msgs/lib:${LD_LIBRARY_PATH} PS1=\u@\h \[\033[32m\]\w\[\033[33m\]$(parse_git_branch)\[\033[00m\] $ PYTHONPATH=/home/iju/S08P31C208/ROS/robot_ws/src/install/gazebo_ros/lib/python3.6/site-packages:/home/iju/S08P31C208/ROS/robot_ws/src/install/gazebo_msgs/lib/python3.6/site-packages:${PYTHONPATH} /usr/bin/cmake --build /home/iju/S08P31C208/ROS/robot_ws/src/build/gazebo_plugins -- -j6 -l6
[0.644s] [  2%] Built target gazebo_ros_projector
[0.661s] [  4%] Built target gazebo_ros_joint_pose_trajectory
[0.686s] [  6%] Built target gazebo_ros_planar_move
[0.695s] [  9%] Built target gazebo_ros_ackermann_drive
[0.726s] [ 11%] Built target gazebo_ros_vacuum_gripper
[0.748s] [ 13%] Built target gazebo_ros_bumper
[0.933s] [ 15%] Built target gazebo_ros_force
[0.955s] [ 18%] Built target gazebo_ros_template
[1.099s] [ 20%] Built target gazebo_ros_logical_camera
[1.113s] [ 22%] Built target gazebo_ros_hand_of_god
[1.113s] [ 25%] Built target gazebo_ros_diff_drive
[1.170s] [ 27%] Built target gazebo_ros_joint_state_publisher
[1.286s] [ 29%] Built target multi_camera_plugin
[1.309s] [ 31%] Built target gazebo_ros_ray_sensor
[1.395s] [ 34%] Built target gazebo_ros_elevator
[1.426s] [ 36%] Built target gazebo_ros_depth_camera
[1.471s] [ 38%] Built target gazebo_ros_video
[1.496s] [ 40%] Built target gazebo_ros_imu_sensor
[1.587s] [ 43%] Built target gazebo_ros_gps_sensor
[1.646s] [ 45%] Built target gazebo_ros_multi_camera
[1.657s] [ 47%] Built target gazebo_ros_harness
[1.675s] [ 50%] Built target gazebo_ros_p3d
[1.780s] [ 52%] Built target gtest_main
[1.785s] [ 54%] Built target gtest
[1.788s] [ 56%] Built target gazebo_ros_ft_sensor
[1.794s] [ 59%] Built target gazebo_ros_tricycle_drive
[1.971s] [ 61%] Built target gazebo_ros_camera
[2.168s] [ 63%] Built target test_gazebo_ros_elevator
[2.189s] [ 65%] Built target test_gazebo_ros_force
[2.236s] [ 68%] Built target test_gazebo_ros_vacuum_gripper
[2.239s] [ 70%] Built target test_gazebo_ros_diff_drive
[2.267s] [ 72%] Built target test_gazebo_ros_ft_sensor
[2.474s] [ 75%] Built target test_gazebo_ros_ackermann_drive
[2.566s] [ 77%] Built target test_gazebo_ros_joint_pose_trajectory
[2.609s] [ 79%] Built target test_gazebo_ros_hand_of_god
[2.692s] [ 81%] Built target test_gazebo_ros_harness
[2.704s] [ 84%] Built target test_gazebo_ros_gps_sensor
[2.707s] [ 86%] Built target test_gazebo_ros_imu_sensor
[2.787s] [ 88%] Built target test_gazebo_ros_joint_state_publisher
[2.790s] [ 90%] Built target test_gazebo_ros_planar_move
[2.851s] [ 93%] Built target test_gazebo_ros_p3d
[2.964s] [ 95%] Built target test_gazebo_ros_ray_sensor
[2.983s] [ 97%] Built target test_gazebo_ros_tricycle_drive
[2.998s] [100%] Built target test_gazebo_ros_bumper
[3.055s] Invoked command in '/home/iju/S08P31C208/ROS/robot_ws/src/build/gazebo_plugins' returned '0': AMENT_PREFIX_PATH=/home/iju/S08P31C208/ROS/robot_ws/src/install/gazebo_ros:/home/iju/S08P31C208/ROS/robot_ws/src/install/gazebo_msgs:/home/iju/S08P31C208/ROS/robot_ws/src/install/gazebo_dev:${AMENT_PREFIX_PATH} CMAKE_PREFIX_PATH=/home/iju/S08P31C208/ROS/robot_ws/src/install/gazebo_ros:/home/iju/S08P31C208/ROS/robot_ws/src/install/gazebo_msgs:/home/iju/S08P31C208/ROS/robot_ws/src/install/gazebo_dev:/home/iju/S08P31C208/ROS/robot_ws/install/vision_opencv:/home/iju/S08P31C208/ROS/robot_ws/install/turtlebot3_simulations:/home/iju/S08P31C208/ROS/robot_ws/install/turtlebot3_gazebo:/home/iju/S08P31C208/ROS/robot_ws/install/turtlebot3:/home/iju/S08P31C208/ROS/robot_ws/install/turtlebot3_bringup:/home/iju/S08P31C208/ROS/robot_ws/install/turtlebot3_node:/home/iju/S08P31C208/ROS/robot_ws/install/turtlebot3_navigation2:/home/iju/S08P31C208/ROS/robot_ws/install/turtlebot3_fake_node:/home/iju/S08P31C208/ROS/robot_ws/install/turtlebot3_msgs:/home/iju/S08P31C208/ROS/robot_ws/install/turtlebot3_description:/home/iju/S08P31C208/ROS/robot_ws/install/turtlebot3_cartographer:/home/iju/S08P31C208/ROS/robot_ws/install/image_geometry:/home/iju/S08P31C208/ROS/robot_ws/install/gazebo_ros_pkgs:/home/iju/S08P31C208/ROS/robot_ws/install/turtlebot3_teleop:/home/iju/S08P31C208/ROS/robot_ws/install/turtlebot3_example:/home/iju/S08P31C208/ROS/robot_ws/install/opencv_tests:/opt/ros/dashing:/home/iju/S08P31C208/ROS/robot_ws/install/aws_robomaker_hospital_world:/home/iju/S08P31C208/ROS/robot_ws/install/gazebo_plugins:/home/iju/S08P31C208/ROS/robot_ws/install/gazebo_ros:/home/iju/S08P31C208/ROS/robot_ws/install/gazebo_msgs:/home/iju/S08P31C208/ROS/robot_ws/install/gazebo_dev:/home/iju/S08P31C208/ROS/robot_ws/install/dynamixel_sdk_examples:/home/iju/S08P31C208/ROS/robot_ws/install/dynamixel_sdk_custom_interfaces:/home/iju/S08P31C208/ROS/robot_ws/install/dynamixel_sdk:/home/iju/S08P31C208/ROS/robot_ws/install/cv_bridge LD_LIBRARY_PATH=/home/iju/S08P31C208/ROS/robot_ws/src/install/gazebo_ros/lib:/home/iju/S08P31C208/ROS/robot_ws/src/install/gazebo_msgs/lib:${LD_LIBRARY_PATH} PS1=\u@\h \[\033[32m\]\w\[\033[33m\]$(parse_git_branch)\[\033[00m\] $ PYTHONPATH=/home/iju/S08P31C208/ROS/robot_ws/src/install/gazebo_ros/lib/python3.6/site-packages:/home/iju/S08P31C208/ROS/robot_ws/src/install/gazebo_msgs/lib/python3.6/site-packages:${PYTHONPATH} /usr/bin/cmake --build /home/iju/S08P31C208/ROS/robot_ws/src/build/gazebo_plugins -- -j6 -l6
[4.228s] Invoking command in '/home/iju/S08P31C208/ROS/robot_ws/src/build/gazebo_plugins': AMENT_PREFIX_PATH=/home/iju/S08P31C208/ROS/robot_ws/src/install/gazebo_ros:/home/iju/S08P31C208/ROS/robot_ws/src/install/gazebo_msgs:/home/iju/S08P31C208/ROS/robot_ws/src/install/gazebo_dev:${AMENT_PREFIX_PATH} CMAKE_PREFIX_PATH=/home/iju/S08P31C208/ROS/robot_ws/src/install/gazebo_ros:/home/iju/S08P31C208/ROS/robot_ws/src/install/gazebo_msgs:/home/iju/S08P31C208/ROS/robot_ws/src/install/gazebo_dev:/home/iju/S08P31C208/ROS/robot_ws/install/vision_opencv:/home/iju/S08P31C208/ROS/robot_ws/install/turtlebot3_simulations:/home/iju/S08P31C208/ROS/robot_ws/install/turtlebot3_gazebo:/home/iju/S08P31C208/ROS/robot_ws/install/turtlebot3:/home/iju/S08P31C208/ROS/robot_ws/install/turtlebot3_bringup:/home/iju/S08P31C208/ROS/robot_ws/install/turtlebot3_node:/home/iju/S08P31C208/ROS/robot_ws/install/turtlebot3_navigation2:/home/iju/S08P31C208/ROS/robot_ws/install/turtlebot3_fake_node:/home/iju/S08P31C208/ROS/robot_ws/install/turtlebot3_msgs:/home/iju/S08P31C208/ROS/robot_ws/install/turtlebot3_description:/home/iju/S08P31C208/ROS/robot_ws/install/turtlebot3_cartographer:/home/iju/S08P31C208/ROS/robot_ws/install/image_geometry:/home/iju/S08P31C208/ROS/robot_ws/install/gazebo_ros_pkgs:/home/iju/S08P31C208/ROS/robot_ws/install/turtlebot3_teleop:/home/iju/S08P31C208/ROS/robot_ws/install/turtlebot3_example:/home/iju/S08P31C208/ROS/robot_ws/install/opencv_tests:/opt/ros/dashing:/home/iju/S08P31C208/ROS/robot_ws/install/aws_robomaker_hospital_world:/home/iju/S08P31C208/ROS/robot_ws/install/gazebo_plugins:/home/iju/S08P31C208/ROS/robot_ws/install/gazebo_ros:/home/iju/S08P31C208/ROS/robot_ws/install/gazebo_msgs:/home/iju/S08P31C208/ROS/robot_ws/install/gazebo_dev:/home/iju/S08P31C208/ROS/robot_ws/install/dynamixel_sdk_examples:/home/iju/S08P31C208/ROS/robot_ws/install/dynamixel_sdk_custom_interfaces:/home/iju/S08P31C208/ROS/robot_ws/install/dynamixel_sdk:/home/iju/S08P31C208/ROS/robot_ws/install/cv_bridge LD_LIBRARY_PATH=/home/iju/S08P31C208/ROS/robot_ws/src/install/gazebo_ros/lib:/home/iju/S08P31C208/ROS/robot_ws/src/install/gazebo_msgs/lib:${LD_LIBRARY_PATH} PS1=\u@\h \[\033[32m\]\w\[\033[33m\]$(parse_git_branch)\[\033[00m\] $ PYTHONPATH=/home/iju/S08P31C208/ROS/robot_ws/src/install/gazebo_ros/lib/python3.6/site-packages:/home/iju/S08P31C208/ROS/robot_ws/src/install/gazebo_msgs/lib/python3.6/site-packages:${PYTHONPATH} /usr/bin/cmake --build /home/iju/S08P31C208/ROS/robot_ws/src/build/gazebo_plugins --target install -- -j6 -l6
[4.468s] [  2%] Built target gazebo_ros_ackermann_drive
[4.470s] [  4%] Built target gazebo_ros_vacuum_gripper
[4.481s] [  6%] Built target gazebo_ros_bumper
[4.486s] [  9%] Built target gazebo_ros_joint_pose_trajectory
[4.503s] [ 11%] Built target gazebo_ros_planar_move
[4.519s] [ 13%] Built target gazebo_ros_projector
[4.586s] [ 15%] Built target gazebo_ros_hand_of_god
[4.618s] [ 18%] Built target gazebo_ros_force
[4.664s] [ 20%] Built target gazebo_ros_template
[4.664s] [ 22%] Built target gazebo_ros_diff_drive
[4.689s] [ 25%] Built target gazebo_ros_logical_camera
[4.698s] [ 27%] Built target multi_camera_plugin
[4.718s] [ 29%] Built target gazebo_ros_joint_state_publisher
[4.784s] [ 31%] Built target gazebo_ros_elevator
[4.784s] [ 34%] Built target gazebo_ros_depth_camera
[4.787s] [ 36%] Built target gazebo_ros_ray_sensor
[4.813s] [ 38%] Built target gazebo_ros_video
[4.840s] [ 40%] Built target gazebo_ros_imu_sensor
[4.855s] [ 43%] Built target gazebo_ros_gps_sensor
[4.909s] [ 45%] Built target gazebo_ros_multi_camera
[4.925s] [ 47%] Built target gazebo_ros_p3d
[4.928s] [ 50%] Built target gazebo_ros_ft_sensor
[4.929s] [ 52%] Built target gazebo_ros_harness
[4.946s] [ 54%] Built target gtest
[4.978s] [ 56%] Built target gtest_main
[4.983s] [ 59%] Built target gazebo_ros_tricycle_drive
[5.038s] [ 61%] Built target gazebo_ros_camera
[5.075s] [ 63%] Built target test_gazebo_ros_force
[5.096s] [ 65%] Built target test_gazebo_ros_vacuum_gripper
[5.104s] [ 68%] Built target test_gazebo_ros_elevator
[5.114s] [ 70%] Built target test_gazebo_ros_diff_drive
[5.120s] [ 72%] Built target test_gazebo_ros_ft_sensor
[5.219s] [ 75%] Built target test_gazebo_ros_hand_of_god
[5.219s] [ 77%] Built target test_gazebo_ros_harness
[5.225s] [ 79%] Built target test_gazebo_ros_ackermann_drive
[5.239s] [ 81%] Built target test_gazebo_ros_imu_sensor
[5.248s] [ 84%] Built target test_gazebo_ros_joint_pose_trajectory
[5.252s] [ 86%] Built target test_gazebo_ros_gps_sensor
[5.349s] [ 88%] Built target test_gazebo_ros_ray_sensor
[5.353s] [ 90%] Built target test_gazebo_ros_planar_move
[5.355s] [ 93%] Built target test_gazebo_ros_p3d
[5.358s] [ 95%] Built target test_gazebo_ros_bumper
[5.367s] [ 97%] Built target test_gazebo_ros_joint_state_publisher
[5.386s] [100%] Built target test_gazebo_ros_tricycle_drive
[5.424s] [36mInstall the project...[0m
[5.439s] -- Install configuration: ""
[5.440s] -- Execute custom install script
[5.440s] -- Up-to-date symlink: /home/iju/S08P31C208/ROS/robot_ws/src/install/gazebo_plugins/share/gazebo_plugins/environment/library_path.sh
[5.440s] -- Up-to-date symlink: /home/iju/S08P31C208/ROS/robot_ws/src/install/gazebo_plugins/share/gazebo_plugins/environment/gazebo_plugins.sh
[5.441s] -- Up-to-date symlink: /home/iju/S08P31C208/ROS/robot_ws/src/install/gazebo_plugins/share/ament_index/resource_index/package_run_dependencies/gazebo_plugins
[5.441s] -- Up-to-date symlink: /home/iju/S08P31C208/ROS/robot_ws/src/install/gazebo_plugins/share/ament_index/resource_index/parent_prefix_path/gazebo_plugins
[5.441s] -- Up-to-date symlink: /home/iju/S08P31C208/ROS/robot_ws/src/install/gazebo_plugins/share/gazebo_plugins/environment/ament_prefix_path.sh
[5.442s] -- Up-to-date symlink: /home/iju/S08P31C208/ROS/robot_ws/src/install/gazebo_plugins/share/gazebo_plugins/environment/path.sh
[5.442s] -- Up-to-date symlink: /home/iju/S08P31C208/ROS/robot_ws/src/install/gazebo_plugins/share/gazebo_plugins/local_setup.bash
[5.443s] -- Up-to-date symlink: /home/iju/S08P31C208/ROS/robot_ws/src/install/gazebo_plugins/share/gazebo_plugins/local_setup.sh
[5.443s] -- Up-to-date symlink: /home/iju/S08P31C208/ROS/robot_ws/src/install/gazebo_plugins/share/gazebo_plugins/local_setup.zsh
[5.443s] -- Up-to-date symlink: /home/iju/S08P31C208/ROS/robot_ws/src/install/gazebo_plugins/share/ament_index/resource_index/packages/gazebo_plugins
[5.443s] -- Up-to-date symlink: /home/iju/S08P31C208/ROS/robot_ws/src/install/gazebo_plugins/share/gazebo_plugins/cmake/ament_cmake_export_libraries-extras.cmake
[5.444s] -- Up-to-date symlink: /home/iju/S08P31C208/ROS/robot_ws/src/install/gazebo_plugins/share/gazebo_plugins/cmake/ament_cmake_export_include_directories-extras.cmake
[5.444s] -- Up-to-date symlink: /home/iju/S08P31C208/ROS/robot_ws/src/install/gazebo_plugins/share/gazebo_plugins/cmake/ament_cmake_export_dependencies-extras.cmake
[5.444s] -- Up-to-date symlink: /home/iju/S08P31C208/ROS/robot_ws/src/install/gazebo_plugins/share/gazebo_plugins/cmake/gazebo_pluginsConfig.cmake
[5.445s] -- Up-to-date symlink: /home/iju/S08P31C208/ROS/robot_ws/src/install/gazebo_plugins/share/gazebo_plugins/cmake/gazebo_pluginsConfig-version.cmake
[5.445s] -- Up-to-date symlink: /home/iju/S08P31C208/ROS/robot_ws/src/install/gazebo_plugins/share/gazebo_plugins/package.xml
[5.446s] -- Up-to-date symlink: /home/iju/S08P31C208/ROS/robot_ws/src/install/gazebo_plugins/include/gazebo_plugins/gazebo_ros_ackermann_drive.hpp
[5.446s] -- Up-to-date symlink: /home/iju/S08P31C208/ROS/robot_ws/src/install/gazebo_plugins/include/gazebo_plugins/gazebo_ros_bumper.hpp
[5.447s] -- Up-to-date symlink: /home/iju/S08P31C208/ROS/robot_ws/src/install/gazebo_plugins/include/gazebo_plugins/gazebo_ros_camera.hpp
[5.447s] -- Up-to-date symlink: /home/iju/S08P31C208/ROS/robot_ws/src/install/gazebo_plugins/include/gazebo_plugins/gazebo_ros_diff_drive.hpp
[5.447s] -- Up-to-date symlink: /home/iju/S08P31C208/ROS/robot_ws/src/install/gazebo_plugins/include/gazebo_plugins/gazebo_ros_elevator.hpp
[5.447s] -- Up-to-date symlink: /home/iju/S08P31C208/ROS/robot_ws/src/install/gazebo_plugins/include/gazebo_plugins/gazebo_ros_force.hpp
[5.447s] -- Up-to-date symlink: /home/iju/S08P31C208/ROS/robot_ws/src/install/gazebo_plugins/include/gazebo_plugins/gazebo_ros_ft_sensor.hpp
[5.448s] -- Up-to-date symlink: /home/iju/S08P31C208/ROS/robot_ws/src/install/gazebo_plugins/include/gazebo_plugins/gazebo_ros_gps_sensor.hpp
[5.448s] -- Up-to-date symlink: /home/iju/S08P31C208/ROS/robot_ws/src/install/gazebo_plugins/include/gazebo_plugins/gazebo_ros_hand_of_god.hpp
[5.448s] -- Up-to-date symlink: /home/iju/S08P31C208/ROS/robot_ws/src/install/gazebo_plugins/include/gazebo_plugins/gazebo_ros_harness.hpp
[5.448s] -- Up-to-date symlink: /home/iju/S08P31C208/ROS/robot_ws/src/install/gazebo_plugins/include/gazebo_plugins/gazebo_ros_imu_sensor.hpp
[5.448s] -- Up-to-date symlink: /home/iju/S08P31C208/ROS/robot_ws/src/install/gazebo_plugins/include/gazebo_plugins/gazebo_ros_joint_pose_trajectory.hpp
[5.449s] -- Up-to-date symlink: /home/iju/S08P31C208/ROS/robot_ws/src/install/gazebo_plugins/include/gazebo_plugins/gazebo_ros_joint_state_publisher.hpp
[5.449s] -- Up-to-date symlink: /home/iju/S08P31C208/ROS/robot_ws/src/install/gazebo_plugins/include/gazebo_plugins/gazebo_ros_logical_camera.hpp
[5.449s] -- Up-to-date symlink: /home/iju/S08P31C208/ROS/robot_ws/src/install/gazebo_plugins/include/gazebo_plugins/gazebo_ros_p3d.hpp
[5.450s] -- Up-to-date symlink: /home/iju/S08P31C208/ROS/robot_ws/src/install/gazebo_plugins/include/gazebo_plugins/gazebo_ros_planar_move.hpp
[5.450s] -- Up-to-date symlink: /home/iju/S08P31C208/ROS/robot_ws/src/install/gazebo_plugins/include/gazebo_plugins/gazebo_ros_projector.hpp
[5.450s] -- Up-to-date symlink: /home/iju/S08P31C208/ROS/robot_ws/src/install/gazebo_plugins/include/gazebo_plugins/gazebo_ros_ray_sensor.hpp
[5.450s] -- Up-to-date symlink: /home/iju/S08P31C208/ROS/robot_ws/src/install/gazebo_plugins/include/gazebo_plugins/gazebo_ros_template.hpp
[5.450s] -- Up-to-date symlink: /home/iju/S08P31C208/ROS/robot_ws/src/install/gazebo_plugins/include/gazebo_plugins/gazebo_ros_tricycle_drive.hpp
[5.451s] -- Up-to-date symlink: /home/iju/S08P31C208/ROS/robot_ws/src/install/gazebo_plugins/include/gazebo_plugins/gazebo_ros_vacuum_gripper.hpp
[5.451s] -- Up-to-date symlink: /home/iju/S08P31C208/ROS/robot_ws/src/install/gazebo_plugins/include/gazebo_plugins/gazebo_ros_video.hpp
[5.451s] -- Up-to-date symlink: /home/iju/S08P31C208/ROS/robot_ws/src/install/gazebo_plugins/include/gazebo_plugins/multi_camera_plugin.hpp
[5.453s] -- Up-to-date symlink: /home/iju/S08P31C208/ROS/robot_ws/src/install/gazebo_plugins/lib/libgazebo_ros_ackermann_drive.so
[5.453s] -- Up-to-date symlink: /home/iju/S08P31C208/ROS/robot_ws/src/install/gazebo_plugins/lib/libgazebo_ros_bumper.so
[5.454s] -- Up-to-date symlink: /home/iju/S08P31C208/ROS/robot_ws/src/install/gazebo_plugins/lib/libgazebo_ros_camera.so
[5.454s] -- Up-to-date symlink: /home/iju/S08P31C208/ROS/robot_ws/src/install/gazebo_plugins/lib/libgazebo_ros_depth_camera.so
[5.455s] -- Up-to-date symlink: /home/iju/S08P31C208/ROS/robot_ws/src/install/gazebo_plugins/lib/libgazebo_ros_diff_drive.so
[5.455s] -- Up-to-date symlink: /home/iju/S08P31C208/ROS/robot_ws/src/install/gazebo_plugins/lib/libgazebo_ros_elevator.so
[5.455s] -- Up-to-date symlink: /home/iju/S08P31C208/ROS/robot_ws/src/install/gazebo_plugins/lib/libgazebo_ros_force.so
[5.456s] -- Up-to-date symlink: /home/iju/S08P31C208/ROS/robot_ws/src/install/gazebo_plugins/lib/libgazebo_ros_ft_sensor.so
[5.456s] -- Up-to-date symlink: /home/iju/S08P31C208/ROS/robot_ws/src/install/gazebo_plugins/lib/libgazebo_ros_hand_of_god.so
[5.456s] -- Up-to-date symlink: /home/iju/S08P31C208/ROS/robot_ws/src/install/gazebo_plugins/lib/libgazebo_ros_harness.so
[5.457s] -- Up-to-date symlink: /home/iju/S08P31C208/ROS/robot_ws/src/install/gazebo_plugins/lib/libgazebo_ros_imu_sensor.so
[5.457s] -- Up-to-date symlink: /home/iju/S08P31C208/ROS/robot_ws/src/install/gazebo_plugins/lib/libgazebo_ros_gps_sensor.so
[5.457s] -- Up-to-date symlink: /home/iju/S08P31C208/ROS/robot_ws/src/install/gazebo_plugins/lib/libgazebo_ros_joint_pose_trajectory.so
[5.458s] -- Up-to-date symlink: /home/iju/S08P31C208/ROS/robot_ws/src/install/gazebo_plugins/lib/libgazebo_ros_joint_state_publisher.so
[5.458s] -- Up-to-date symlink: /home/iju/S08P31C208/ROS/robot_ws/src/install/gazebo_plugins/lib/libgazebo_ros_logical_camera.so
[5.458s] -- Up-to-date symlink: /home/iju/S08P31C208/ROS/robot_ws/src/install/gazebo_plugins/lib/libgazebo_ros_multi_camera.so
[5.459s] -- Up-to-date symlink: /home/iju/S08P31C208/ROS/robot_ws/src/install/gazebo_plugins/lib/libgazebo_ros_planar_move.so
[5.459s] -- Up-to-date symlink: /home/iju/S08P31C208/ROS/robot_ws/src/install/gazebo_plugins/lib/libgazebo_ros_projector.so
[5.459s] -- Up-to-date symlink: /home/iju/S08P31C208/ROS/robot_ws/src/install/gazebo_plugins/lib/libgazebo_ros_ray_sensor.so
[5.460s] -- Up-to-date symlink: /home/iju/S08P31C208/ROS/robot_ws/src/install/gazebo_plugins/lib/libgazebo_ros_p3d.so
[5.460s] -- Up-to-date symlink: /home/iju/S08P31C208/ROS/robot_ws/src/install/gazebo_plugins/lib/libgazebo_ros_template.so
[5.460s] -- Up-to-date symlink: /home/iju/S08P31C208/ROS/robot_ws/src/install/gazebo_plugins/lib/libgazebo_ros_tricycle_drive.so
[5.461s] -- Up-to-date symlink: /home/iju/S08P31C208/ROS/robot_ws/src/install/gazebo_plugins/lib/libgazebo_ros_vacuum_gripper.so
[5.461s] -- Up-to-date symlink: /home/iju/S08P31C208/ROS/robot_ws/src/install/gazebo_plugins/lib/libgazebo_ros_video.so
[5.461s] -- Up-to-date symlink: /home/iju/S08P31C208/ROS/robot_ws/src/install/gazebo_plugins/lib/libmulti_camera_plugin.so
[5.462s] -- Up-to-date symlink: /home/iju/S08P31C208/ROS/robot_ws/src/install/gazebo_plugins/share/gazebo_plugins//worlds/gazebo_ros_ackermann_drive_demo.world
[5.463s] -- Up-to-date symlink: /home/iju/S08P31C208/ROS/robot_ws/src/install/gazebo_plugins/share/gazebo_plugins//worlds/gazebo_ros_bumper_demo.world
[5.463s] -- Up-to-date symlink: /home/iju/S08P31C208/ROS/robot_ws/src/install/gazebo_plugins/share/gazebo_plugins//worlds/gazebo_ros_camera_demo.world
[5.463s] -- Up-to-date symlink: /home/iju/S08P31C208/ROS/robot_ws/src/install/gazebo_plugins/share/gazebo_plugins//worlds/gazebo_ros_camera_distortion_barrel_demo.world
[5.463s] -- Up-to-date symlink: /home/iju/S08P31C208/ROS/robot_ws/src/install/gazebo_plugins/share/gazebo_plugins//worlds/gazebo_ros_camera_distortion_pincushion_demo.world
[5.464s] -- Up-to-date symlink: /home/iju/S08P31C208/ROS/robot_ws/src/install/gazebo_plugins/share/gazebo_plugins//worlds/gazebo_ros_camera_triggered_demo.world
[5.464s] -- Up-to-date symlink: /home/iju/S08P31C208/ROS/robot_ws/src/install/gazebo_plugins/share/gazebo_plugins//worlds/gazebo_ros_depth_camera_demo.world
[5.464s] -- Up-to-date symlink: /home/iju/S08P31C208/ROS/robot_ws/src/install/gazebo_plugins/share/gazebo_plugins//worlds/gazebo_ros_diff_drive_demo.world
[5.464s] -- Up-to-date symlink: /home/iju/S08P31C208/ROS/robot_ws/src/install/gazebo_plugins/share/gazebo_plugins//worlds/gazebo_ros_elevator_demo.world
[5.465s] -- Up-to-date symlink: /home/iju/S08P31C208/ROS/robot_ws/src/install/gazebo_plugins/share/gazebo_plugins//worlds/gazebo_ros_force_demo.world
[5.465s] -- Up-to-date symlink: /home/iju/S08P31C208/ROS/robot_ws/src/install/gazebo_plugins/share/gazebo_plugins//worlds/gazebo_ros_ft_sensor_demo.world
[5.465s] -- Up-to-date symlink: /home/iju/S08P31C208/ROS/robot_ws/src/install/gazebo_plugins/share/gazebo_plugins//worlds/gazebo_ros_gps_sensor_demo.world
[5.467s] -- Up-to-date symlink: /home/iju/S08P31C208/ROS/robot_ws/src/install/gazebo_plugins/share/gazebo_plugins//worlds/gazebo_ros_hand_of_god_demo.world
[5.467s] -- Up-to-date symlink: /home/iju/S08P31C208/ROS/robot_ws/src/install/gazebo_plugins/share/gazebo_plugins//worlds/gazebo_ros_harness_demo.world
[5.468s] -- Up-to-date symlink: /home/iju/S08P31C208/ROS/robot_ws/src/install/gazebo_plugins/share/gazebo_plugins//worlds/gazebo_ros_joint_pose_trajectory_demo.world
[5.468s] -- Up-to-date symlink: /home/iju/S08P31C208/ROS/robot_ws/src/install/gazebo_plugins/share/gazebo_plugins//worlds/gazebo_ros_joint_state_publisher_demo.world
[5.468s] -- Up-to-date symlink: /home/iju/S08P31C208/ROS/robot_ws/src/install/gazebo_plugins/share/gazebo_plugins//worlds/gazebo_ros_logical_camera_demo.world
[5.469s] -- Up-to-date symlink: /home/iju/S08P31C208/ROS/robot_ws/src/install/gazebo_plugins/share/gazebo_plugins//worlds/gazebo_ros_multi_camera_demo.world
[5.469s] -- Up-to-date symlink: /home/iju/S08P31C208/ROS/robot_ws/src/install/gazebo_plugins/share/gazebo_plugins//worlds/gazebo_ros_p3d_demo.world
[5.469s] -- Up-to-date symlink: /home/iju/S08P31C208/ROS/robot_ws/src/install/gazebo_plugins/share/gazebo_plugins//worlds/gazebo_ros_planar_move_demo.world
[5.470s] -- Up-to-date symlink: /home/iju/S08P31C208/ROS/robot_ws/src/install/gazebo_plugins/share/gazebo_plugins//worlds/gazebo_ros_projector_demo.world
[5.470s] -- Up-to-date symlink: /home/iju/S08P31C208/ROS/robot_ws/src/install/gazebo_plugins/share/gazebo_plugins//worlds/gazebo_ros_ray_sensor_demo.world
[5.470s] -- Up-to-date symlink: /home/iju/S08P31C208/ROS/robot_ws/src/install/gazebo_plugins/share/gazebo_plugins//worlds/gazebo_ros_skid_steer_drive_demo.world
[5.470s] -- Up-to-date symlink: /home/iju/S08P31C208/ROS/robot_ws/src/install/gazebo_plugins/share/gazebo_plugins//worlds/gazebo_ros_template_demo.world
[5.470s] -- Up-to-date symlink: /home/iju/S08P31C208/ROS/robot_ws/src/install/gazebo_plugins/share/gazebo_plugins//worlds/gazebo_ros_tricycle_drive_demo.world
[5.470s] -- Up-to-date symlink: /home/iju/S08P31C208/ROS/robot_ws/src/install/gazebo_plugins/share/gazebo_plugins//worlds/gazebo_ros_vacuum_gripper_demo.world
[5.471s] -- Up-to-date symlink: /home/iju/S08P31C208/ROS/robot_ws/src/install/gazebo_plugins/share/gazebo_plugins//worlds/gazebo_ros_video_demo.world
[5.488s] Invoked command in '/home/iju/S08P31C208/ROS/robot_ws/src/build/gazebo_plugins' returned '0': AMENT_PREFIX_PATH=/home/iju/S08P31C208/ROS/robot_ws/src/install/gazebo_ros:/home/iju/S08P31C208/ROS/robot_ws/src/install/gazebo_msgs:/home/iju/S08P31C208/ROS/robot_ws/src/install/gazebo_dev:${AMENT_PREFIX_PATH} CMAKE_PREFIX_PATH=/home/iju/S08P31C208/ROS/robot_ws/src/install/gazebo_ros:/home/iju/S08P31C208/ROS/robot_ws/src/install/gazebo_msgs:/home/iju/S08P31C208/ROS/robot_ws/src/install/gazebo_dev:/home/iju/S08P31C208/ROS/robot_ws/install/vision_opencv:/home/iju/S08P31C208/ROS/robot_ws/install/turtlebot3_simulations:/home/iju/S08P31C208/ROS/robot_ws/install/turtlebot3_gazebo:/home/iju/S08P31C208/ROS/robot_ws/install/turtlebot3:/home/iju/S08P31C208/ROS/robot_ws/install/turtlebot3_bringup:/home/iju/S08P31C208/ROS/robot_ws/install/turtlebot3_node:/home/iju/S08P31C208/ROS/robot_ws/install/turtlebot3_navigation2:/home/iju/S08P31C208/ROS/robot_ws/install/turtlebot3_fake_node:/home/iju/S08P31C208/ROS/robot_ws/install/turtlebot3_msgs:/home/iju/S08P31C208/ROS/robot_ws/install/turtlebot3_description:/home/iju/S08P31C208/ROS/robot_ws/install/turtlebot3_cartographer:/home/iju/S08P31C208/ROS/robot_ws/install/image_geometry:/home/iju/S08P31C208/ROS/robot_ws/install/gazebo_ros_pkgs:/home/iju/S08P31C208/ROS/robot_ws/install/turtlebot3_teleop:/home/iju/S08P31C208/ROS/robot_ws/install/turtlebot3_example:/home/iju/S08P31C208/ROS/robot_ws/install/opencv_tests:/opt/ros/dashing:/home/iju/S08P31C208/ROS/robot_ws/install/aws_robomaker_hospital_world:/home/iju/S08P31C208/ROS/robot_ws/install/gazebo_plugins:/home/iju/S08P31C208/ROS/robot_ws/install/gazebo_ros:/home/iju/S08P31C208/ROS/robot_ws/install/gazebo_msgs:/home/iju/S08P31C208/ROS/robot_ws/install/gazebo_dev:/home/iju/S08P31C208/ROS/robot_ws/install/dynamixel_sdk_examples:/home/iju/S08P31C208/ROS/robot_ws/install/dynamixel_sdk_custom_interfaces:/home/iju/S08P31C208/ROS/robot_ws/install/dynamixel_sdk:/home/iju/S08P31C208/ROS/robot_ws/install/cv_bridge LD_LIBRARY_PATH=/home/iju/S08P31C208/ROS/robot_ws/src/install/gazebo_ros/lib:/home/iju/S08P31C208/ROS/robot_ws/src/install/gazebo_msgs/lib:${LD_LIBRARY_PATH} PS1=\u@\h \[\033[32m\]\w\[\033[33m\]$(parse_git_branch)\[\033[00m\] $ PYTHONPATH=/home/iju/S08P31C208/ROS/robot_ws/src/install/gazebo_ros/lib/python3.6/site-packages:/home/iju/S08P31C208/ROS/robot_ws/src/install/gazebo_msgs/lib/python3.6/site-packages:${PYTHONPATH} /usr/bin/cmake --build /home/iju/S08P31C208/ROS/robot_ws/src/build/gazebo_plugins --target install -- -j6 -l6
