-- Found ament_cmake: 0.7.6 (/opt/ros/dashing/share/ament_cmake/cmake)
-- Using PYTHON_EXECUTABLE: /usr/bin/python3
-- Override CMake install command with custom implementation using symlinks instead of copying resources
-- Found nav2_common: 0.2.6 (/home/iju/S08P31C208/ROS/robot_ws/install/nav2_common/share/nav2_common/cmake)
-- Found angles: 1.12.2 (/opt/ros/dashing/share/angles/cmake)
-- Found dwb_core: 0.2.6 (/home/iju/S08P31C208/ROS/robot_ws/install/dwb_core/share/dwb_core/cmake)
-- Found rosidl_adapter: 0.7.10 (/opt/ros/dashing/share/rosidl_adapter/cmake)
-- Found rmw_implementation_cmake: 0.7.2 (/opt/ros/dashing/share/rmw_implementation_cmake/cmake)
-- Using RMW implementation 'rmw_fastrtps_cpp' as default
-- append /usr/include/eigen3 to ()
-- laser_geometry_INCLUDE_DIRS=/usr/include/eigen3
-- Found eigen3_cmake_module: 0.1.1 (/opt/ros/dashing/share/eigen3_cmake_module/cmake)
-- Found tinyxml2_vendor:  (/opt/ros/dashing/share/tinyxml2_vendor/cmake)
-- Found poco_vendor:  (/opt/ros/dashing/share/poco_vendor/cmake)
-- Found ament_lint_auto: 0.7.12 (/opt/ros/dashing/share/ament_lint_auto/cmake)
-- Found gtest sources under '/opt/ros/dashing/src/gtest_vendor': C++ tests using 'Google Test' will be built
-- Added test 'cppcheck' to perform static code analysis on C / C++ code
-- Configured cppcheck include dirs: /home/iju/S08P31C208/ROS/robot_ws/src/navigation2/nav2_dwb_controller/dwb_plugins/include
-- Added test 'cpplint' to check C / C++ code against the Google style
-- Added test 'lint_cmake' to check CMake code style
-- Added test 'uncrustify' to check C / C++ code style
-- Added test 'xmllint' to check XML markup files
-- Configuring done
-- Generating done
-- Build files have been written to: /home/iju/S08P31C208/ROS/robot_ws/build/dwb_plugins
[ 13%] Built target simple_goal_checker
[ 26%] Built target gtest_main
[ 40%] Built target stopped_goal_checker
[ 53%] Built target gtest
[ 86%] Built target standard_traj_generator
[100%] Built target vtest
[ 13%] Built target simple_goal_checker
[ 26%] Built target gtest_main
[ 40%] Built target stopped_goal_checker
[ 53%] Built target gtest
[ 86%] Built target standard_traj_generator
[100%] Built target vtest
[36mInstall the project...[0m
-- Install configuration: "Release"
-- Execute custom install script
-- Up-to-date symlink: /home/iju/S08P31C208/ROS/robot_ws/install/dwb_plugins/lib/libsimple_goal_checker.so
-- Up-to-date symlink: /home/iju/S08P31C208/ROS/robot_ws/install/dwb_plugins/lib/libstopped_goal_checker.so
-- Up-to-date symlink: /home/iju/S08P31C208/ROS/robot_ws/install/dwb_plugins/lib/libstandard_traj_generator.so
-- Up-to-date symlink: /home/iju/S08P31C208/ROS/robot_ws/install/dwb_plugins/include//dwb_plugins/kinematic_parameters.hpp
-- Up-to-date symlink: /home/iju/S08P31C208/ROS/robot_ws/install/dwb_plugins/include//dwb_plugins/limited_accel_generator.hpp
-- Up-to-date symlink: /home/iju/S08P31C208/ROS/robot_ws/install/dwb_plugins/include//dwb_plugins/one_d_velocity_iterator.hpp
-- Up-to-date symlink: /home/iju/S08P31C208/ROS/robot_ws/install/dwb_plugins/include//dwb_plugins/simple_goal_checker.hpp
-- Up-to-date symlink: /home/iju/S08P31C208/ROS/robot_ws/install/dwb_plugins/include//dwb_plugins/standard_traj_generator.hpp
-- Up-to-date symlink: /home/iju/S08P31C208/ROS/robot_ws/install/dwb_plugins/include//dwb_plugins/stopped_goal_checker.hpp
-- Up-to-date symlink: /home/iju/S08P31C208/ROS/robot_ws/install/dwb_plugins/include//dwb_plugins/velocity_iterator.hpp
-- Up-to-date symlink: /home/iju/S08P31C208/ROS/robot_ws/install/dwb_plugins/include//dwb_plugins/xy_theta_iterator.hpp
-- Up-to-date symlink: /home/iju/S08P31C208/ROS/robot_ws/install/dwb_plugins/share/dwb_plugins/plugins.xml
-- Up-to-date symlink: /home/iju/S08P31C208/ROS/robot_ws/install/dwb_plugins/share/dwb_plugins/environment/library_path.sh
-- Up-to-date symlink: /home/iju/S08P31C208/ROS/robot_ws/install/dwb_plugins/share/dwb_plugins//plugins.xml
-- Up-to-date symlink: /home/iju/S08P31C208/ROS/robot_ws/install/dwb_plugins/share/ament_index/resource_index/package_run_dependencies/dwb_plugins
-- Up-to-date symlink: /home/iju/S08P31C208/ROS/robot_ws/install/dwb_plugins/share/ament_index/resource_index/parent_prefix_path/dwb_plugins
-- Up-to-date symlink: /home/iju/S08P31C208/ROS/robot_ws/install/dwb_plugins/share/dwb_plugins/environment/ament_prefix_path.sh
-- Up-to-date symlink: /home/iju/S08P31C208/ROS/robot_ws/install/dwb_plugins/share/dwb_plugins/environment/path.sh
-- Up-to-date symlink: /home/iju/S08P31C208/ROS/robot_ws/install/dwb_plugins/share/dwb_plugins/local_setup.bash
-- Up-to-date symlink: /home/iju/S08P31C208/ROS/robot_ws/install/dwb_plugins/share/dwb_plugins/local_setup.sh
-- Up-to-date symlink: /home/iju/S08P31C208/ROS/robot_ws/install/dwb_plugins/share/dwb_plugins/local_setup.zsh
-- Up-to-date symlink: /home/iju/S08P31C208/ROS/robot_ws/install/dwb_plugins/share/ament_index/resource_index/packages/dwb_plugins
-- Up-to-date symlink: /home/iju/S08P31C208/ROS/robot_ws/install/dwb_plugins/share/ament_index/resource_index/dwb_core__pluginlib__plugin/dwb_plugins
-- Up-to-date symlink: /home/iju/S08P31C208/ROS/robot_ws/install/dwb_plugins/share/dwb_plugins/cmake/ament_cmake_export_include_directories-extras.cmake
-- Up-to-date symlink: /home/iju/S08P31C208/ROS/robot_ws/install/dwb_plugins/share/dwb_plugins/cmake/ament_cmake_export_libraries-extras.cmake
-- Up-to-date symlink: /home/iju/S08P31C208/ROS/robot_ws/install/dwb_plugins/share/dwb_plugins/cmake/dwb_pluginsConfig.cmake
-- Up-to-date symlink: /home/iju/S08P31C208/ROS/robot_ws/install/dwb_plugins/share/dwb_plugins/cmake/dwb_pluginsConfig-version.cmake
-- Up-to-date symlink: /home/iju/S08P31C208/ROS/robot_ws/install/dwb_plugins/share/dwb_plugins/package.xml
