[0.404s] Invoking command in '/home/moon/S08P31C208/ROS/buruemi_ws/build/turtlebot3_node': CMAKE_PREFIX_PATH=${CMAKE_PREFIX_PATH}:/home/moon/S08P31C208/ROS/buruemi_ws/install/lidar_filter:/home/moon/S08P31C208/ROS/buruemi_ws/install/turtlebot3_teleop:/home/moon/S08P31C208/ROS/buruemi_ws/install/turtlebot3_example:/opt/ros/dashing /usr/bin/cmake --build /home/moon/S08P31C208/ROS/buruemi_ws/build/turtlebot3_node -- -j4 -l4
[2.671s] [ 85%] Built target turtlebot3_node_lib
[2.672s] [100%] Built target turtlebot3_ros
[2.748s] Invoked command in '/home/moon/S08P31C208/ROS/buruemi_ws/build/turtlebot3_node' returned '0': CMAKE_PREFIX_PATH=${CMAKE_PREFIX_PATH}:/home/moon/S08P31C208/ROS/buruemi_ws/install/lidar_filter:/home/moon/S08P31C208/ROS/buruemi_ws/install/turtlebot3_teleop:/home/moon/S08P31C208/ROS/buruemi_ws/install/turtlebot3_example:/opt/ros/dashing /usr/bin/cmake --build /home/moon/S08P31C208/ROS/buruemi_ws/build/turtlebot3_node -- -j4 -l4
[3.366s] Invoking command in '/home/moon/S08P31C208/ROS/buruemi_ws/build/turtlebot3_node': CMAKE_PREFIX_PATH=${CMAKE_PREFIX_PATH}:/home/moon/S08P31C208/ROS/buruemi_ws/install/lidar_filter:/home/moon/S08P31C208/ROS/buruemi_ws/install/turtlebot3_teleop:/home/moon/S08P31C208/ROS/buruemi_ws/install/turtlebot3_example:/opt/ros/dashing /usr/bin/cmake --build /home/moon/S08P31C208/ROS/buruemi_ws/build/turtlebot3_node --target install -- -j4 -l4
[4.198s] [ 85%] Built target turtlebot3_node_lib
[4.399s] [100%] Built target turtlebot3_ros
[4.604s] [36mInstall the project...[0m
[4.692s] -- Install configuration: ""
[4.705s] -- Execute custom install script
[4.711s] -- Up-to-date symlink: /home/moon/S08P31C208/ROS/buruemi_ws/install/turtlebot3_node/share/turtlebot3_node/param/burger.yaml
[4.714s] -- Up-to-date symlink: /home/moon/S08P31C208/ROS/buruemi_ws/install/turtlebot3_node/share/turtlebot3_node/param/waffle.yaml
[4.717s] -- Up-to-date symlink: /home/moon/S08P31C208/ROS/buruemi_ws/install/turtlebot3_node/share/turtlebot3_node/param/waffle_pi.yaml
[4.717s] -- Up-to-date symlink: /home/moon/S08P31C208/ROS/buruemi_ws/install/turtlebot3_node/lib/turtlebot3_node/turtlebot3_ros
[4.736s] -- Up-to-date symlink: /home/moon/S08P31C208/ROS/buruemi_ws/install/turtlebot3_node/share/ament_index/resource_index/package_run_dependencies/turtlebot3_node
[4.737s] -- Up-to-date symlink: /home/moon/S08P31C208/ROS/buruemi_ws/install/turtlebot3_node/share/ament_index/resource_index/parent_prefix_path/turtlebot3_node
[4.738s] -- Up-to-date symlink: /home/moon/S08P31C208/ROS/buruemi_ws/install/turtlebot3_node/share/turtlebot3_node/environment/ament_prefix_path.sh
[4.739s] -- Up-to-date symlink: /home/moon/S08P31C208/ROS/buruemi_ws/install/turtlebot3_node/share/turtlebot3_node/environment/path.sh
[4.746s] -- Up-to-date symlink: /home/moon/S08P31C208/ROS/buruemi_ws/install/turtlebot3_node/share/turtlebot3_node/local_setup.bash
[4.747s] -- Up-to-date symlink: /home/moon/S08P31C208/ROS/buruemi_ws/install/turtlebot3_node/share/turtlebot3_node/local_setup.sh
[4.749s] -- Up-to-date symlink: /home/moon/S08P31C208/ROS/buruemi_ws/install/turtlebot3_node/share/turtlebot3_node/local_setup.zsh
[4.750s] -- Up-to-date symlink: /home/moon/S08P31C208/ROS/buruemi_ws/install/turtlebot3_node/share/ament_index/resource_index/packages/turtlebot3_node
[4.757s] -- Up-to-date symlink: /home/moon/S08P31C208/ROS/buruemi_ws/install/turtlebot3_node/share/turtlebot3_node/cmake/ament_cmake_export_include_directories-extras.cmake
[4.758s] -- Up-to-date symlink: /home/moon/S08P31C208/ROS/buruemi_ws/install/turtlebot3_node/share/turtlebot3_node/cmake/turtlebot3_nodeConfig.cmake
[4.759s] -- Up-to-date symlink: /home/moon/S08P31C208/ROS/buruemi_ws/install/turtlebot3_node/share/turtlebot3_node/cmake/turtlebot3_nodeConfig-version.cmake
[4.765s] -- Up-to-date symlink: /home/moon/S08P31C208/ROS/buruemi_ws/install/turtlebot3_node/share/turtlebot3_node/package.xml
[4.788s] Invoked command in '/home/moon/S08P31C208/ROS/buruemi_ws/build/turtlebot3_node' returned '0': CMAKE_PREFIX_PATH=${CMAKE_PREFIX_PATH}:/home/moon/S08P31C208/ROS/buruemi_ws/install/lidar_filter:/home/moon/S08P31C208/ROS/buruemi_ws/install/turtlebot3_teleop:/home/moon/S08P31C208/ROS/buruemi_ws/install/turtlebot3_example:/opt/ros/dashing /usr/bin/cmake --build /home/moon/S08P31C208/ROS/buruemi_ws/build/turtlebot3_node --target install -- -j4 -l4
