[0.022s] Invoking command in '/home/iju/S08P31C208/ROS/robot_ws/build/gazebo_ros': AMENT_PREFIX_PATH=/home/iju/S08P31C208/ROS/robot_ws/install/gazebo_msgs:/home/iju/S08P31C208/ROS/robot_ws/install/gazebo_dev:${AMENT_PREFIX_PATH} CMAKE_PREFIX_PATH=/home/iju/S08P31C208/ROS/robot_ws/install/gazebo_msgs:/home/iju/S08P31C208/ROS/robot_ws/install/gazebo_dev:/opt/ros/dashing LD_LIBRARY_PATH=/home/iju/S08P31C208/ROS/robot_ws/install/gazebo_msgs/lib:${LD_LIBRARY_PATH} PS1=\u@\h \[\033[32m\]\w\[\033[33m\]$(parse_git_branch)\[\033[00m\] $ PYTHONPATH=/home/iju/S08P31C208/ROS/robot_ws/install/gazebo_msgs/lib/python3.6/site-packages:${PYTHONPATH} /usr/bin/cmake /home/iju/S08P31C208/ROS/robot_ws/src/gazebo_ros_pkgs/gazebo_ros -DCMAKE_INSTALL_PREFIX=/home/iju/S08P31C208/ROS/robot_ws/install/gazebo_ros
[0.072s] -- The C compiler identification is GNU 7.5.0
[0.121s] -- The CXX compiler identification is GNU 7.5.0
[0.123s] -- Check for working C compiler: /usr/bin/cc
[0.185s] -- Check for working C compiler: /usr/bin/cc -- works
[0.185s] -- Detecting C compiler ABI info
[0.248s] -- Detecting C compiler ABI info - done
[0.252s] -- Detecting C compile features
[0.437s] -- Detecting C compile features - done
[0.439s] -- Check for working CXX compiler: /usr/bin/c++
[0.509s] -- Check for working CXX compiler: /usr/bin/c++ -- works
[0.510s] -- Detecting CXX compiler ABI info
[0.582s] -- Detecting CXX compiler ABI info - done
[0.586s] -- Detecting CXX compile features
[0.902s] -- Detecting CXX compile features - done
[0.903s] -- Found ament_cmake: 0.7.6 (/opt/ros/dashing/share/ament_cmake/cmake)
[0.929s] -- Found PythonInterp: /usr/bin/python3 (found suitable version "3.6.9", minimum required is "3") 
[0.929s] -- Using PYTHON_EXECUTABLE: /usr/bin/python3
[1.135s] -- Found builtin_interfaces: 0.7.4 (/opt/ros/dashing/share/builtin_interfaces/cmake)
[1.147s] -- Found rosidl_adapter: 0.7.10 (/opt/ros/dashing/share/rosidl_adapter/cmake)
[1.176s] -- Found rclcpp: 0.7.16 (/opt/ros/dashing/share/rclcpp/cmake)
[1.188s] -- Found rmw_implementation_cmake: 0.7.2 (/opt/ros/dashing/share/rmw_implementation_cmake/cmake)
[1.189s] -- Using RMW implementation 'rmw_fastrtps_cpp' as default
[1.190s] -- Looking for pthread.h
[1.255s] -- Looking for pthread.h - found
[1.255s] -- Looking for pthread_create
[1.321s] -- Looking for pthread_create - not found
[1.322s] -- Looking for pthread_create in pthreads
[1.376s] -- Looking for pthread_create in pthreads - not found
[1.376s] -- Looking for pthread_create in pthread
[1.438s] -- Looking for pthread_create in pthread - found
[1.438s] -- Found Threads: TRUE  
[1.465s] -- Found gazebo_dev: 3.3.5 (/home/iju/S08P31C208/ROS/robot_ws/install/gazebo_dev/share/gazebo_dev/cmake)
[1.478s] -- Found PkgConfig: /usr/bin/pkg-config (found version "0.29.1") 
[1.485s] -- Checking for module 'bullet>=2.82'
[1.496s] --   Found bullet, version 2.87
[1.535s] -- Found Simbody: /usr/include/simbody  
[1.612s] -- Boost version: 1.65.1
[1.613s] -- Found the following Boost libraries:
[1.613s] --   thread
[1.613s] --   system
[1.613s] --   filesystem
[1.613s] --   program_options
[1.613s] --   regex
[1.613s] --   iostreams
[1.613s] --   date_time
[1.613s] --   chrono
[1.613s] --   atomic
[1.657s] -- Found Protobuf: /usr/lib/x86_64-linux-gnu/libprotobuf.so;-lpthread (found version "3.0.0") 
[1.714s] -- Boost version: 1.65.1
[1.722s] -- Looking for OGRE...
[1.723s] -- OGRE_PREFIX_WATCH changed.
[1.727s] -- Checking for module 'OGRE'
[1.737s] --   Found OGRE, version 1.9.0
[1.775s] -- Found Ogre Ghadamon (1.9.0)
[1.783s] -- Found OGRE: optimized;/usr/lib/x86_64-linux-gnu/libOgreMain.so;debug;/usr/lib/x86_64-linux-gnu/libOgreMain.so
[1.817s] -- Looking for OGRE_Paging...
[1.821s] -- Found OGRE_Paging: optimized;/usr/lib/x86_64-linux-gnu/libOgrePaging.so;debug;/usr/lib/x86_64-linux-gnu/libOgrePaging.so
[1.821s] -- Looking for OGRE_Terrain...
[1.829s] -- Found OGRE_Terrain: optimized;/usr/lib/x86_64-linux-gnu/libOgreTerrain.so;debug;/usr/lib/x86_64-linux-gnu/libOgreTerrain.so
[1.829s] -- Looking for OGRE_Property...
[1.835s] -- Found OGRE_Property: optimized;/usr/lib/x86_64-linux-gnu/libOgreProperty.so;debug;/usr/lib/x86_64-linux-gnu/libOgreProperty.so
[1.835s] -- Looking for OGRE_RTShaderSystem...
[1.839s] -- Found OGRE_RTShaderSystem: optimized;/usr/lib/x86_64-linux-gnu/libOgreRTShaderSystem.so;debug;/usr/lib/x86_64-linux-gnu/libOgreRTShaderSystem.so
[1.839s] -- Looking for OGRE_Volume...
[1.843s] -- Found OGRE_Volume: optimized;/usr/lib/x86_64-linux-gnu/libOgreVolume.so;debug;/usr/lib/x86_64-linux-gnu/libOgreVolume.so
[1.843s] -- Looking for OGRE_Overlay...
[1.848s] -- Found OGRE_Overlay: optimized;/usr/lib/x86_64-linux-gnu/libOgreOverlay.so;debug;/usr/lib/x86_64-linux-gnu/libOgreOverlay.so
[1.956s] -- Found Protobuf: /usr/lib/x86_64-linux-gnu/libprotobuf.so;-lpthread;-lpthread (found suitable version "3.0.0", minimum required is "2.3.0") 
[1.968s] -- Config-file not installed for ZeroMQ -- checking for pkg-config
[1.972s] -- Checking for module 'libzmq >= 4'
[1.983s] --   Found libzmq , version 4.2.5
[2.014s] -- Found ZeroMQ: TRUE (Required is at least version "4") 
[2.022s] -- Checking for module 'uuid'
[2.035s] --   Found uuid, version 2.31.1
[2.065s] -- Found UUID: TRUE  
[2.094s] -- Checking for module 'tinyxml2'
[2.106s] --   Found tinyxml2, version 6.0.0
[2.137s] -- Looking for dlfcn.h - found
[2.137s] -- Looking for libdl - found
[2.139s] -- Found DL: TRUE  
[2.140s] -- FreeImage.pc not found, we will search for FreeImage_INCLUDE_DIRS and FreeImage_LIBRARIES
[2.223s] -- Checking for module 'gts'
[2.237s] --   Found gts, version 0.7.6
[2.273s] -- Found GTS: TRUE  
[2.277s] -- Checking for module 'libswscale'
[2.291s] --   Found libswscale, version 4.8.100
[2.322s] -- Found SWSCALE: TRUE  
[2.327s] -- Checking for module 'libavdevice >= 56.4.100'
[2.343s] --   Found libavdevice , version 57.10.100
[2.387s] -- Found AVDEVICE: TRUE (Required is at least version "56.4.100") 
[2.392s] -- Checking for module 'libavformat'
[2.405s] --   Found libavformat, version 57.83.100
[2.440s] -- Found AVFORMAT: TRUE  
[2.444s] -- Checking for module 'libavcodec'
[2.455s] --   Found libavcodec, version 57.107.100
[2.488s] -- Found AVCODEC: TRUE  
[2.493s] -- Checking for module 'libavutil'
[2.504s] --   Found libavutil, version 55.78.100
[2.534s] -- Found AVUTIL: TRUE  
[2.549s] -- Found CURL: /usr/lib/x86_64-linux-gnu/libcurl.so (found version "7.58.0") 
[2.564s] -- Checking for module 'jsoncpp'
[2.574s] --   Found jsoncpp, version 1.7.4
[2.604s] -- Found JSONCPP: TRUE  
[2.612s] -- Checking for module 'libzip'
[2.624s] --   Found libzip, version 1.1.2
[2.659s] -- Found ZIP: TRUE  
[2.659s] -- Gazebo version: 9.19
[2.659s] -- Found gazebo_msgs: 3.3.5 (/home/iju/S08P31C208/ROS/robot_ws/install/gazebo_msgs/share/gazebo_msgs/cmake)
[2.699s] -- Found std_srvs: 0.7.1 (/opt/ros/dashing/share/std_srvs/cmake)
[2.703s] -- Found tinyxml_vendor:  (/opt/ros/dashing/share/tinyxml_vendor/cmake)
[2.873s] -- Found ament_cmake_gtest: 0.7.6 (/opt/ros/dashing/share/ament_cmake_gtest/cmake)
[2.877s] -- Found sensor_msgs: 0.7.1 (/opt/ros/dashing/share/sensor_msgs/cmake)
[2.986s] -- Found gtest sources under '/opt/ros/dashing/src/gtest_vendor': C++ tests using 'Google Test' will be built
[2.988s] -- Check if compiler accepts -pthread
[3.057s] -- Check if compiler accepts -pthread - yes
[3.672s] -- Found ament_lint_auto: 0.7.12 (/opt/ros/dashing/share/ament_lint_auto/cmake)
[3.783s] -- Added test 'copyright' to check for copyright in CMake / C / C++ / Python code
[3.785s] -- Added test 'cppcheck' to perform static code analysis on C / C++ code
[3.787s] -- Configured cppcheck include dirs: /home/iju/S08P31C208/ROS/robot_ws/src/gazebo_ros_pkgs/gazebo_ros/include
[3.790s] -- Added test 'cpplint' to check C / C++ code against the Google style
[3.790s] -- Added test 'flake8' to check Python code syntax and style conventions
[3.791s] -- Added test 'lint_cmake' to check CMake code style
[3.792s] -- Added test 'pep257' to check Python code against some of the style conventions in PEP 257
[3.794s] -- Added test 'uncrustify' to check C / C++ code style
[3.794s] -- Added test 'xmllint' to check XML markup files
[3.798s] -- Configuring done
[4.451s] -- Generating done
[4.456s] -- Build files have been written to: /home/iju/S08P31C208/ROS/robot_ws/build/gazebo_ros
[4.464s] Invoked command in '/home/iju/S08P31C208/ROS/robot_ws/build/gazebo_ros' returned '0': AMENT_PREFIX_PATH=/home/iju/S08P31C208/ROS/robot_ws/install/gazebo_msgs:/home/iju/S08P31C208/ROS/robot_ws/install/gazebo_dev:${AMENT_PREFIX_PATH} CMAKE_PREFIX_PATH=/home/iju/S08P31C208/ROS/robot_ws/install/gazebo_msgs:/home/iju/S08P31C208/ROS/robot_ws/install/gazebo_dev:/opt/ros/dashing LD_LIBRARY_PATH=/home/iju/S08P31C208/ROS/robot_ws/install/gazebo_msgs/lib:${LD_LIBRARY_PATH} PS1=\u@\h \[\033[32m\]\w\[\033[33m\]$(parse_git_branch)\[\033[00m\] $ PYTHONPATH=/home/iju/S08P31C208/ROS/robot_ws/install/gazebo_msgs/lib/python3.6/site-packages:${PYTHONPATH} /usr/bin/cmake /home/iju/S08P31C208/ROS/robot_ws/src/gazebo_ros_pkgs/gazebo_ros -DCMAKE_INSTALL_PREFIX=/home/iju/S08P31C208/ROS/robot_ws/install/gazebo_ros
[4.468s] Invoking command in '/home/iju/S08P31C208/ROS/robot_ws/build/gazebo_ros': AMENT_PREFIX_PATH=/home/iju/S08P31C208/ROS/robot_ws/install/gazebo_msgs:/home/iju/S08P31C208/ROS/robot_ws/install/gazebo_dev:${AMENT_PREFIX_PATH} CMAKE_PREFIX_PATH=/home/iju/S08P31C208/ROS/robot_ws/install/gazebo_msgs:/home/iju/S08P31C208/ROS/robot_ws/install/gazebo_dev:/opt/ros/dashing LD_LIBRARY_PATH=/home/iju/S08P31C208/ROS/robot_ws/install/gazebo_msgs/lib:${LD_LIBRARY_PATH} PS1=\u@\h \[\033[32m\]\w\[\033[33m\]$(parse_git_branch)\[\033[00m\] $ PYTHONPATH=/home/iju/S08P31C208/ROS/robot_ws/install/gazebo_msgs/lib/python3.6/site-packages:${PYTHONPATH} /usr/bin/cmake --build /home/iju/S08P31C208/ROS/robot_ws/build/gazebo_ros -- -j6 -l6
[4.512s] [35m[1mScanning dependencies of target gtest_main[0m
[4.512s] [35m[1mScanning dependencies of target gazebo_ros_utils[0m
[4.512s] [35m[1mScanning dependencies of target gazebo_ros_node[0m
[4.514s] [35m[1mScanning dependencies of target gtest[0m
[4.536s] [  2%] [32mBuilding CXX object gtest/CMakeFiles/gtest_main.dir/src/gtest_main.cc.o[0m
[4.539s] [  4%] [32mBuilding CXX object gtest/CMakeFiles/gtest.dir/src/gtest-all.cc.o[0m
[4.676s] [  6%] [32mBuilding CXX object CMakeFiles/gazebo_ros_node.dir/src/executor.cpp.o[0m
[4.677s] [  8%] [32mBuilding CXX object CMakeFiles/gazebo_ros_node.dir/src/node.cpp.o[0m
[5.156s] [ 11%] [32m[1mLinking CXX static library libgtest_main.a[0m
[5.170s] [ 13%] [32mBuilding CXX object CMakeFiles/gazebo_ros_utils.dir/src/utils.cpp.o[0m
[5.199s] [ 13%] Built target gtest_main
[7.441s] [ 15%] [32m[1mLinking CXX static library libgtest.a[0m
[7.501s] [ 15%] Built target gtest
[9.379s] [ 17%] [32m[1mLinking CXX shared library libgazebo_ros_node.so[0m
[9.701s] [ 20%] [32m[1mLinking CXX shared library libgazebo_ros_utils.so[0m
[9.878s] [ 20%] Built target gazebo_ros_node
[9.878s] [ 20%] Built target gazebo_ros_utils
[9.892s] [35m[1mScanning dependencies of target gazebo_ros_init[0m
[9.893s] [35m[1mScanning dependencies of target test_conversions[0m
[9.893s] [35m[1mScanning dependencies of target gazebo_ros_factory[0m
[9.893s] [35m[1mScanning dependencies of target gazebo_ros_state[0m
[9.893s] [35m[1mScanning dependencies of target gazebo_ros_properties[0m
[9.908s] [35m[1mScanning dependencies of target test_utils[0m
[9.961s] [ 22%] [32mBuilding CXX object test/CMakeFiles/test_conversions.dir/test_conversions.cpp.o[0m
[10.045s] [ 24%] [32mBuilding CXX object CMakeFiles/gazebo_ros_init.dir/src/gazebo_ros_init.cpp.o[0m
[10.053s] [ 26%] [32mBuilding CXX object CMakeFiles/gazebo_ros_properties.dir/src/gazebo_ros_properties.cpp.o[0m
[10.064s] [ 28%] [32mBuilding CXX object CMakeFiles/gazebo_ros_state.dir/src/gazebo_ros_state.cpp.o[0m
[10.066s] [ 31%] [32mBuilding CXX object CMakeFiles/gazebo_ros_factory.dir/src/gazebo_ros_factory.cpp.o[0m
[10.098s] [ 33%] [32mBuilding CXX object test/CMakeFiles/test_utils.dir/test_utils.cpp.o[0m
[11.298s] [ 35%] [32m[1mLinking CXX executable test_conversions[0m
[13.164s] [ 35%] Built target test_conversions
[13.182s] [35m[1mScanning dependencies of target multiple_nodes[0m
[13.238s] [ 37%] [32mBuilding CXX object test/CMakeFiles/multiple_nodes.dir/plugins/multiple_nodes.cpp.o[0m
[18.450s] [ 40%] [32m[1mLinking CXX executable test_utils[0m
[19.472s] [ 40%] Built target test_utils
[19.485s] [35m[1mScanning dependencies of target test_plugins[0m
[19.549s] [ 42%] [32mBuilding CXX object test/CMakeFiles/test_plugins.dir/test_plugins.cpp.o[0m
[20.289s] [ 44%] [32m[1mLinking CXX shared library libmultiple_nodes.so[0m
[20.422s] [ 46%] [32m[1mLinking CXX shared library libgazebo_ros_init.so[0m
[20.672s] [ 46%] Built target multiple_nodes
[20.685s] [35m[1mScanning dependencies of target args_init[0m
[20.746s] [ 48%] [32mBuilding CXX object test/CMakeFiles/args_init.dir/plugins/args_init.cpp.o[0m
[20.985s] [ 48%] Built target gazebo_ros_init
[20.997s] [35m[1mScanning dependencies of target ros_world_plugin[0m
[21.049s] [ 51%] [32mBuilding CXX object test/CMakeFiles/ros_world_plugin.dir/plugins/ros_world_plugin.cpp.o[0m
[22.208s] [ 53%] [32m[1mLinking CXX shared library libgazebo_ros_state.so[0m
[22.989s] [ 53%] Built target gazebo_ros_state
[23.004s] [35m[1mScanning dependencies of target sdf_node[0m
[23.070s] [ 55%] [32mBuilding CXX object test/CMakeFiles/sdf_node.dir/plugins/sdf_node.cpp.o[0m
[23.194s] [ 57%] [32m[1mLinking CXX shared library libgazebo_ros_factory.so[0m
[23.426s] [ 60%] [32m[1mLinking CXX executable test_plugins[0m
[23.720s] [ 62%] [32m[1mLinking CXX shared library libgazebo_ros_properties.so[0m
[23.983s] [ 62%] Built target test_plugins
[24.001s] [35m[1mScanning dependencies of target test_gazebo_ros_properties[0m
[24.214s] [ 64%] [32mBuilding CXX object test/CMakeFiles/test_gazebo_ros_properties.dir/test_gazebo_ros_properties.cpp.o[0m
[24.214s] [ 64%] Built target gazebo_ros_factory
[24.233s] [35m[1mScanning dependencies of target create_node_without_init[0m
[24.292s] [ 66%] [32mBuilding CXX object test/CMakeFiles/create_node_without_init.dir/plugins/create_node_without_init.cpp.o[0m
[24.650s] [ 66%] Built target gazebo_ros_properties
[24.665s] [35m[1mScanning dependencies of target test_sim_time[0m
[24.733s] [ 68%] [32mBuilding CXX object test/CMakeFiles/test_sim_time.dir/test_sim_time.cpp.o[0m
[26.154s] [ 71%] [32m[1mLinking CXX shared library libargs_init.so[0m
[26.412s] [ 73%] [32m[1mLinking CXX shared library libros_world_plugin.so[0m
[26.455s] [ 73%] Built target args_init
[26.479s] [35m[1mScanning dependencies of target test_gazebo_ros_factory[0m
[26.616s] [ 75%] [32mBuilding CXX object test/CMakeFiles/test_gazebo_ros_factory.dir/test_gazebo_ros_factory.cpp.o[0m
[26.712s] [ 75%] Built target ros_world_plugin
[26.732s] [35m[1mScanning dependencies of target test_gazebo_ros_state[0m
[26.876s] [ 77%] [32mBuilding CXX object test/CMakeFiles/test_gazebo_ros_state.dir/test_gazebo_ros_state.cpp.o[0m
[27.918s] [ 80%] [32m[1mLinking CXX executable test_sim_time[0m
[28.363s] [ 80%] Built target test_sim_time
[28.378s] [35m[1mScanning dependencies of target test_gazebo_ros_init[0m
[28.518s] [ 82%] [32mBuilding CXX object test/CMakeFiles/test_gazebo_ros_init.dir/test_gazebo_ros_init.cpp.o[0m
[28.557s] [ 84%] [32m[1mLinking CXX shared library libsdf_node.so[0m
[28.860s] [ 84%] Built target sdf_node
[28.880s] [35m[1mScanning dependencies of target test_node[0m
[28.944s] [ 86%] [32mBuilding CXX object test/CMakeFiles/test_node.dir/test_node.cpp.o[0m
[29.368s] [ 88%] [32m[1mLinking CXX shared library libcreate_node_without_init.so[0m
[29.733s] [ 88%] Built target create_node_without_init
[33.107s] [ 91%] [32m[1mLinking CXX executable test_node[0m
[33.925s] [ 91%] Built target test_node
[46.635s] [ 93%] [32m[1mLinking CXX executable test_gazebo_ros_factory[0m
[47.252s] [ 95%] [32m[1mLinking CXX executable test_gazebo_ros_init[0m
[48.704s] [ 97%] [32m[1mLinking CXX executable test_gazebo_ros_state[0m
[48.935s] [ 97%] Built target test_gazebo_ros_factory
[49.198s] [100%] [32m[1mLinking CXX executable test_gazebo_ros_properties[0m
[49.345s] [100%] Built target test_gazebo_ros_init
[50.795s] [100%] Built target test_gazebo_ros_state
[51.233s] [100%] Built target test_gazebo_ros_properties
[51.252s] Invoked command in '/home/iju/S08P31C208/ROS/robot_ws/build/gazebo_ros' returned '0': AMENT_PREFIX_PATH=/home/iju/S08P31C208/ROS/robot_ws/install/gazebo_msgs:/home/iju/S08P31C208/ROS/robot_ws/install/gazebo_dev:${AMENT_PREFIX_PATH} CMAKE_PREFIX_PATH=/home/iju/S08P31C208/ROS/robot_ws/install/gazebo_msgs:/home/iju/S08P31C208/ROS/robot_ws/install/gazebo_dev:/opt/ros/dashing LD_LIBRARY_PATH=/home/iju/S08P31C208/ROS/robot_ws/install/gazebo_msgs/lib:${LD_LIBRARY_PATH} PS1=\u@\h \[\033[32m\]\w\[\033[33m\]$(parse_git_branch)\[\033[00m\] $ PYTHONPATH=/home/iju/S08P31C208/ROS/robot_ws/install/gazebo_msgs/lib/python3.6/site-packages:${PYTHONPATH} /usr/bin/cmake --build /home/iju/S08P31C208/ROS/robot_ws/build/gazebo_ros -- -j6 -l6
[51.303s] Invoking command in '/home/iju/S08P31C208/ROS/robot_ws/build/gazebo_ros': AMENT_PREFIX_PATH=/home/iju/S08P31C208/ROS/robot_ws/install/gazebo_msgs:/home/iju/S08P31C208/ROS/robot_ws/install/gazebo_dev:${AMENT_PREFIX_PATH} CMAKE_PREFIX_PATH=/home/iju/S08P31C208/ROS/robot_ws/install/gazebo_msgs:/home/iju/S08P31C208/ROS/robot_ws/install/gazebo_dev:/opt/ros/dashing LD_LIBRARY_PATH=/home/iju/S08P31C208/ROS/robot_ws/install/gazebo_msgs/lib:${LD_LIBRARY_PATH} PS1=\u@\h \[\033[32m\]\w\[\033[33m\]$(parse_git_branch)\[\033[00m\] $ PYTHONPATH=/home/iju/S08P31C208/ROS/robot_ws/install/gazebo_msgs/lib/python3.6/site-packages:${PYTHONPATH} /usr/bin/cmake --build /home/iju/S08P31C208/ROS/robot_ws/build/gazebo_ros --target install -- -j6 -l6
[51.378s] [  4%] Built target gtest
[51.378s] [  8%] Built target gtest_main
[51.388s] [ 17%] Built target gazebo_ros_utils
[51.389s] [ 20%] Built target gazebo_ros_node
[51.438s] [ 24%] Built target test_conversions
[51.444s] [ 28%] Built target test_utils
[51.449s] [ 33%] Built target gazebo_ros_factory
[51.451s] [ 37%] Built target gazebo_ros_init
[51.452s] [ 42%] Built target gazebo_ros_state
[51.457s] [ 46%] Built target gazebo_ros_properties
[51.493s] [ 51%] Built target multiple_nodes
[51.495s] [ 55%] Built target test_plugins
[51.498s] [ 60%] Built target args_init
[51.509s] [ 64%] Built target ros_world_plugin
[51.510s] [ 68%] Built target sdf_node
[51.538s] [ 73%] Built target test_gazebo_ros_properties
[51.542s] [ 82%] Built target create_node_without_init
[51.542s] [ 82%] Built target test_sim_time
[51.571s] [ 86%] Built target test_gazebo_ros_init
[51.575s] [ 91%] Built target test_gazebo_ros_factory
[51.577s] [ 95%] Built target test_gazebo_ros_state
[51.582s] [100%] Built target test_node
[51.607s] [36mInstall the project...[0m
[51.618s] -- Install configuration: ""
[51.619s] -- Installing: /home/iju/S08P31C208/ROS/robot_ws/install/gazebo_ros/share/gazebo_ros/environment/pythonpath.sh
[51.619s] -- Installing: /home/iju/S08P31C208/ROS/robot_ws/install/gazebo_ros/lib/python3.6/site-packages/scripts/
[51.619s] -- Installing: /home/iju/S08P31C208/ROS/robot_ws/install/gazebo_ros/lib/python3.6/site-packages/scripts//__init__.py
[51.621s] -- Installing: /home/iju/S08P31C208/ROS/robot_ws/install/gazebo_ros/lib/python3.6/site-packages/scripts//gazebo_ros_paths.py
[51.621s] -- Installing: /home/iju/S08P31C208/ROS/robot_ws/install/gazebo_ros/lib/python3.6/site-packages/scripts//spawn_entity.py
[51.659s] Listing '/home/iju/S08P31C208/ROS/robot_ws/install/gazebo_ros/lib/python3.6/site-packages/scripts/'...
[51.659s] Compiling '/home/iju/S08P31C208/ROS/robot_ws/install/gazebo_ros/lib/python3.6/site-packages/scripts/__init__.py'...
[51.659s] Compiling '/home/iju/S08P31C208/ROS/robot_ws/install/gazebo_ros/lib/python3.6/site-packages/scripts/gazebo_ros_paths.py'...
[51.659s] Compiling '/home/iju/S08P31C208/ROS/robot_ws/install/gazebo_ros/lib/python3.6/site-packages/scripts/spawn_entity.py'...
[51.664s] -- Installing: /home/iju/S08P31C208/ROS/robot_ws/install/gazebo_ros/share/gazebo_ros/environment/library_path.sh
[51.664s] -- Installing: /home/iju/S08P31C208/ROS/robot_ws/install/gazebo_ros/share/ament_index/resource_index/package_run_dependencies/gazebo_ros
[51.664s] -- Installing: /home/iju/S08P31C208/ROS/robot_ws/install/gazebo_ros/share/ament_index/resource_index/parent_prefix_path/gazebo_ros
[51.664s] -- Installing: /home/iju/S08P31C208/ROS/robot_ws/install/gazebo_ros/share/gazebo_ros/environment/ament_prefix_path.sh
[51.664s] -- Installing: /home/iju/S08P31C208/ROS/robot_ws/install/gazebo_ros/share/gazebo_ros/environment/path.sh
[51.665s] -- Installing: /home/iju/S08P31C208/ROS/robot_ws/install/gazebo_ros/share/gazebo_ros/local_setup.bash
[51.665s] -- Installing: /home/iju/S08P31C208/ROS/robot_ws/install/gazebo_ros/share/gazebo_ros/local_setup.sh
[51.665s] -- Installing: /home/iju/S08P31C208/ROS/robot_ws/install/gazebo_ros/share/gazebo_ros/local_setup.zsh
[51.665s] -- Installing: /home/iju/S08P31C208/ROS/robot_ws/install/gazebo_ros/share/ament_index/resource_index/packages/gazebo_ros
[51.665s] -- Installing: /home/iju/S08P31C208/ROS/robot_ws/install/gazebo_ros/share/gazebo_ros/cmake/ament_cmake_export_libraries-extras.cmake
[51.665s] -- Installing: /home/iju/S08P31C208/ROS/robot_ws/install/gazebo_ros/share/gazebo_ros/cmake/ament_cmake_export_include_directories-extras.cmake
[51.666s] -- Installing: /home/iju/S08P31C208/ROS/robot_ws/install/gazebo_ros/share/gazebo_ros/cmake/ament_cmake_export_dependencies-extras.cmake
[51.666s] -- Installing: /home/iju/S08P31C208/ROS/robot_ws/install/gazebo_ros/share/gazebo_ros/cmake/gazebo_rosConfig.cmake
[51.666s] -- Installing: /home/iju/S08P31C208/ROS/robot_ws/install/gazebo_ros/share/gazebo_ros/cmake/gazebo_rosConfig-version.cmake
[51.666s] -- Installing: /home/iju/S08P31C208/ROS/robot_ws/install/gazebo_ros/share/gazebo_ros/package.xml
[51.666s] -- Installing: /home/iju/S08P31C208/ROS/robot_ws/install/gazebo_ros/include
[51.666s] -- Installing: /home/iju/S08P31C208/ROS/robot_ws/install/gazebo_ros/include/gazebo_ros
[51.666s] -- Installing: /home/iju/S08P31C208/ROS/robot_ws/install/gazebo_ros/include/gazebo_ros/testing_utils.hpp
[51.667s] -- Installing: /home/iju/S08P31C208/ROS/robot_ws/install/gazebo_ros/include/gazebo_ros/executor.hpp
[51.667s] -- Installing: /home/iju/S08P31C208/ROS/robot_ws/install/gazebo_ros/include/gazebo_ros/gazebo_ros_factory.hpp
[51.667s] -- Installing: /home/iju/S08P31C208/ROS/robot_ws/install/gazebo_ros/include/gazebo_ros/gazebo_ros_properties.hpp
[51.667s] -- Installing: /home/iju/S08P31C208/ROS/robot_ws/install/gazebo_ros/include/gazebo_ros/gazebo_ros_init.hpp
[51.667s] -- Installing: /home/iju/S08P31C208/ROS/robot_ws/install/gazebo_ros/include/gazebo_ros/conversions
[51.667s] -- Installing: /home/iju/S08P31C208/ROS/robot_ws/install/gazebo_ros/include/gazebo_ros/conversions/gazebo_msgs.hpp
[51.667s] -- Installing: /home/iju/S08P31C208/ROS/robot_ws/install/gazebo_ros/include/gazebo_ros/conversions/generic.hpp
[51.668s] -- Installing: /home/iju/S08P31C208/ROS/robot_ws/install/gazebo_ros/include/gazebo_ros/conversions/geometry_msgs.hpp
[51.668s] -- Installing: /home/iju/S08P31C208/ROS/robot_ws/install/gazebo_ros/include/gazebo_ros/conversions/sensor_msgs.hpp
[51.668s] -- Installing: /home/iju/S08P31C208/ROS/robot_ws/install/gazebo_ros/include/gazebo_ros/conversions/builtin_interfaces.hpp
[51.668s] -- Installing: /home/iju/S08P31C208/ROS/robot_ws/install/gazebo_ros/include/gazebo_ros/gazebo_ros_state.hpp
[51.668s] -- Installing: /home/iju/S08P31C208/ROS/robot_ws/install/gazebo_ros/include/gazebo_ros/utils.hpp
[51.668s] -- Installing: /home/iju/S08P31C208/ROS/robot_ws/install/gazebo_ros/include/gazebo_ros/node.hpp
[51.668s] -- Installing: /home/iju/S08P31C208/ROS/robot_ws/install/gazebo_ros/lib/gazebo_ros/gazebo_ros_paths.py
[51.668s] -- Installing: /home/iju/S08P31C208/ROS/robot_ws/install/gazebo_ros/lib/libgazebo_ros_factory.so
[51.671s] -- Set runtime path of "/home/iju/S08P31C208/ROS/robot_ws/install/gazebo_ros/lib/libgazebo_ros_factory.so" to ""
[51.671s] -- Installing: /home/iju/S08P31C208/ROS/robot_ws/install/gazebo_ros/lib/libgazebo_ros_init.so
[51.673s] -- Set runtime path of "/home/iju/S08P31C208/ROS/robot_ws/install/gazebo_ros/lib/libgazebo_ros_init.so" to ""
[51.674s] -- Installing: /home/iju/S08P31C208/ROS/robot_ws/install/gazebo_ros/lib/libgazebo_ros_node.so
[51.675s] -- Set runtime path of "/home/iju/S08P31C208/ROS/robot_ws/install/gazebo_ros/lib/libgazebo_ros_node.so" to ""
[51.676s] -- Installing: /home/iju/S08P31C208/ROS/robot_ws/install/gazebo_ros/lib/libgazebo_ros_properties.so
[51.679s] -- Set runtime path of "/home/iju/S08P31C208/ROS/robot_ws/install/gazebo_ros/lib/libgazebo_ros_properties.so" to ""
[51.679s] -- Installing: /home/iju/S08P31C208/ROS/robot_ws/install/gazebo_ros/lib/libgazebo_ros_state.so
[51.682s] -- Set runtime path of "/home/iju/S08P31C208/ROS/robot_ws/install/gazebo_ros/lib/libgazebo_ros_state.so" to ""
[51.682s] -- Installing: /home/iju/S08P31C208/ROS/robot_ws/install/gazebo_ros/lib/libgazebo_ros_utils.so
[51.683s] -- Set runtime path of "/home/iju/S08P31C208/ROS/robot_ws/install/gazebo_ros/lib/libgazebo_ros_utils.so" to ""
[51.683s] -- Installing: /home/iju/S08P31C208/ROS/robot_ws/install/gazebo_ros/lib/gazebo_ros/spawn_entity.py
[51.684s] -- Installing: /home/iju/S08P31C208/ROS/robot_ws/install/gazebo_ros/share/gazebo_ros//launch
[51.684s] -- Installing: /home/iju/S08P31C208/ROS/robot_ws/install/gazebo_ros/share/gazebo_ros//launch/gzserver.launch.py
[51.684s] -- Installing: /home/iju/S08P31C208/ROS/robot_ws/install/gazebo_ros/share/gazebo_ros//launch/empty_world.launch.py
[51.685s] -- Installing: /home/iju/S08P31C208/ROS/robot_ws/install/gazebo_ros/share/gazebo_ros//launch/gazebo.launch.py
[51.685s] -- Installing: /home/iju/S08P31C208/ROS/robot_ws/install/gazebo_ros/share/gazebo_ros//launch/gzclient.launch.py
[51.685s] -- Installing: /home/iju/S08P31C208/ROS/robot_ws/install/gazebo_ros/share/gazebo_ros//launch/spawn_entity_demo.launch.py
[51.696s] Invoked command in '/home/iju/S08P31C208/ROS/robot_ws/build/gazebo_ros' returned '0': AMENT_PREFIX_PATH=/home/iju/S08P31C208/ROS/robot_ws/install/gazebo_msgs:/home/iju/S08P31C208/ROS/robot_ws/install/gazebo_dev:${AMENT_PREFIX_PATH} CMAKE_PREFIX_PATH=/home/iju/S08P31C208/ROS/robot_ws/install/gazebo_msgs:/home/iju/S08P31C208/ROS/robot_ws/install/gazebo_dev:/opt/ros/dashing LD_LIBRARY_PATH=/home/iju/S08P31C208/ROS/robot_ws/install/gazebo_msgs/lib:${LD_LIBRARY_PATH} PS1=\u@\h \[\033[32m\]\w\[\033[33m\]$(parse_git_branch)\[\033[00m\] $ PYTHONPATH=/home/iju/S08P31C208/ROS/robot_ws/install/gazebo_msgs/lib/python3.6/site-packages:${PYTHONPATH} /usr/bin/cmake --build /home/iju/S08P31C208/ROS/robot_ws/build/gazebo_ros --target install -- -j6 -l6
