Determining if the pthread_create exist failed with the following output:
Change Dir: /home/iju/S08P31C208/ROS/robot_ws/src/build/turtlebot3_fake_node/CMakeFiles/CMakeTmp

Run Build Command:"/usr/bin/make" "cmTC_1b3b2/fast"
/usr/bin/make -f CMakeFiles/cmTC_1b3b2.dir/build.make CMakeFiles/cmTC_1b3b2.dir/build
make[1]: Entering directory '/home/iju/S08P31C208/ROS/robot_ws/src/build/turtlebot3_fake_node/CMakeFiles/CMakeTmp'
Building C object CMakeFiles/cmTC_1b3b2.dir/CheckSymbolExists.c.o
/usr/bin/cc    -o CMakeFiles/cmTC_1b3b2.dir/CheckSymbolExists.c.o   -c /home/iju/S08P31C208/ROS/robot_ws/src/build/turtlebot3_fake_node/CMakeFiles/CMakeTmp/CheckSymbolExists.c
Linking C executable cmTC_1b3b2
/usr/bin/cmake -E cmake_link_script CMakeFiles/cmTC_1b3b2.dir/link.txt --verbose=1
/usr/bin/cc      CMakeFiles/cmTC_1b3b2.dir/CheckSymbolExists.c.o  -o cmTC_1b3b2 
CMakeFiles/cmTC_1b3b2.dir/CheckSymbolExists.c.o: In function `main':
CheckSymbolExists.c:(.text+0x1b): undefined reference to `pthread_create'
collect2: error: ld returned 1 exit status
CMakeFiles/cmTC_1b3b2.dir/build.make:97: recipe for target 'cmTC_1b3b2' failed
make[1]: *** [cmTC_1b3b2] Error 1
make[1]: Leaving directory '/home/iju/S08P31C208/ROS/robot_ws/src/build/turtlebot3_fake_node/CMakeFiles/CMakeTmp'
Makefile:126: recipe for target 'cmTC_1b3b2/fast' failed
make: *** [cmTC_1b3b2/fast] Error 2

File /home/iju/S08P31C208/ROS/robot_ws/src/build/turtlebot3_fake_node/CMakeFiles/CMakeTmp/CheckSymbolExists.c:
/* */
#include <pthread.h>

int main(int argc, char** argv)
{
  (void)argv;
#ifndef pthread_create
  return ((int*)(&pthread_create))[argc];
#else
  (void)argc;
  return 0;
#endif
}

Determining if the function pthread_create exists in the pthreads failed with the following output:
Change Dir: /home/iju/S08P31C208/ROS/robot_ws/src/build/turtlebot3_fake_node/CMakeFiles/CMakeTmp

Run Build Command:"/usr/bin/make" "cmTC_f320f/fast"
/usr/bin/make -f CMakeFiles/cmTC_f320f.dir/build.make CMakeFiles/cmTC_f320f.dir/build
make[1]: Entering directory '/home/iju/S08P31C208/ROS/robot_ws/src/build/turtlebot3_fake_node/CMakeFiles/CMakeTmp'
Building C object CMakeFiles/cmTC_f320f.dir/CheckFunctionExists.c.o
/usr/bin/cc   -DCHECK_FUNCTION_EXISTS=pthread_create   -o CMakeFiles/cmTC_f320f.dir/CheckFunctionExists.c.o   -c /usr/share/cmake-3.10/Modules/CheckFunctionExists.c
Linking C executable cmTC_f320f
/usr/bin/cmake -E cmake_link_script CMakeFiles/cmTC_f320f.dir/link.txt --verbose=1
/usr/bin/cc  -DCHECK_FUNCTION_EXISTS=pthread_create    CMakeFiles/cmTC_f320f.dir/CheckFunctionExists.c.o  -o cmTC_f320f -lpthreads 
/usr/bin/ld: cannot find -lpthreads
collect2: error: ld returned 1 exit status
CMakeFiles/cmTC_f320f.dir/build.make:97: recipe for target 'cmTC_f320f' failed
make[1]: *** [cmTC_f320f] Error 1
make[1]: Leaving directory '/home/iju/S08P31C208/ROS/robot_ws/src/build/turtlebot3_fake_node/CMakeFiles/CMakeTmp'
Makefile:126: recipe for target 'cmTC_f320f/fast' failed
make: *** [cmTC_f320f/fast] Error 2


