[0.134s] Invoking command in '/home/iju/S08P31C208/ROS/robot_ws/src/build/turtlebot3_msgs': CMAKE_PREFIX_PATH=/home/iju/S08P31C208/ROS/robot_ws/install/vision_opencv:/home/iju/S08P31C208/ROS/robot_ws/install/turtlebot3_simulations:/home/iju/S08P31C208/ROS/robot_ws/install/turtlebot3_gazebo:/home/iju/S08P31C208/ROS/robot_ws/install/turtlebot3:/home/iju/S08P31C208/ROS/robot_ws/install/turtlebot3_bringup:/home/iju/S08P31C208/ROS/robot_ws/install/turtlebot3_node:/home/iju/S08P31C208/ROS/robot_ws/install/turtlebot3_navigation2:/home/iju/S08P31C208/ROS/robot_ws/install/turtlebot3_fake_node:/home/iju/S08P31C208/ROS/robot_ws/install/turtlebot3_msgs:/home/iju/S08P31C208/ROS/robot_ws/install/turtlebot3_description:/home/iju/S08P31C208/ROS/robot_ws/install/turtlebot3_cartographer:/home/iju/S08P31C208/ROS/robot_ws/install/image_geometry:/home/iju/S08P31C208/ROS/robot_ws/install/gazebo_ros_pkgs:/home/iju/S08P31C208/ROS/robot_ws/install/turtlebot3_teleop:/home/iju/S08P31C208/ROS/robot_ws/install/turtlebot3_example:/home/iju/S08P31C208/ROS/robot_ws/install/opencv_tests:/opt/ros/dashing:/home/iju/S08P31C208/ROS/robot_ws/install/aws_robomaker_hospital_world:/home/iju/S08P31C208/ROS/robot_ws/install/gazebo_plugins:/home/iju/S08P31C208/ROS/robot_ws/install/gazebo_ros:/home/iju/S08P31C208/ROS/robot_ws/install/gazebo_msgs:/home/iju/S08P31C208/ROS/robot_ws/install/gazebo_dev:/home/iju/S08P31C208/ROS/robot_ws/install/dynamixel_sdk_examples:/home/iju/S08P31C208/ROS/robot_ws/install/dynamixel_sdk_custom_interfaces:/home/iju/S08P31C208/ROS/robot_ws/install/dynamixel_sdk:/home/iju/S08P31C208/ROS/robot_ws/install/cv_bridge PS1=\u@\h \[\033[32m\]\w\[\033[33m\]$(parse_git_branch)\[\033[00m\] $ /usr/bin/cmake --build /home/iju/S08P31C208/ROS/robot_ws/src/build/turtlebot3_msgs -- -j6 -l6
[0.190s] -- Found action_msgs: 0.7.4 (/opt/ros/dashing/share/action_msgs/cmake)
[0.229s] -- Found PythonInterp: /usr/bin/python3 (found suitable version "3.6.9", minimum required is "3") 
[0.229s] -- Using PYTHON_EXECUTABLE: /usr/bin/python3
[0.580s] -- Override CMake install command with custom implementation using symlinks instead of copying resources
[0.596s] -- Found rosidl_adapter: 0.7.10 (/opt/ros/dashing/share/rosidl_adapter/cmake)
[0.662s] -- Found ament_cmake: 0.7.6 (/opt/ros/dashing/share/ament_cmake/cmake)
[0.669s] -- Found rosidl_default_generators: 0.7.0 (/opt/ros/dashing/share/rosidl_default_generators/cmake)
[0.807s] -- Found std_msgs: 0.7.1 (/opt/ros/dashing/share/std_msgs/cmake)
[0.960s] -- Found PythonInterp: /usr/bin/python3 (found version "3.6.9") 
[1.705s] -- Found ament_cmake_cppcheck: 0.7.12 (/opt/ros/dashing/share/ament_cmake_cppcheck/cmake)
[1.707s] -- Found ament_cmake_cpplint: 0.7.12 (/opt/ros/dashing/share/ament_cmake_cpplint/cmake)
[1.709s] -- Found ament_cmake_uncrustify: 0.7.12 (/opt/ros/dashing/share/ament_cmake_uncrustify/cmake)
[1.820s] -- Using all available rosidl_typesupport_c: rosidl_typesupport_fastrtps_c;rosidl_typesupport_introspection_c
[1.866s] -- Using all available rosidl_typesupport_cpp: rosidl_typesupport_fastrtps_cpp;rosidl_typesupport_introspection_cpp
[2.177s] -- Found rmw_implementation_cmake: 0.7.2 (/opt/ros/dashing/share/rmw_implementation_cmake/cmake)
[2.216s] -- Found PythonInterp: /usr/bin/python3 (found suitable version "3.6.9", minimum required is "3.5") 
[2.216s] -- Found python_cmake_module: 0.7.11 (/opt/ros/dashing/share/python_cmake_module/cmake)
[2.288s] -- Using PYTHON_EXECUTABLE: /usr/bin/python3
[2.288s] -- Using PYTHON_INCLUDE_DIRS: /usr/include/python3.6m
[2.288s] -- Using PYTHON_LIBRARIES: /usr/lib/x86_64-linux-gnu/libpython3.6m.so
[2.616s] -- Found ament_cmake_flake8: 0.7.12 (/opt/ros/dashing/share/ament_cmake_flake8/cmake)
[2.617s] -- Found ament_cmake_pep257: 0.7.12 (/opt/ros/dashing/share/ament_cmake_pep257/cmake)
[2.641s] -- Configuring done
[2.883s] -- Generating done
[2.888s] -- Build files have been written to: /home/iju/S08P31C208/ROS/robot_ws/src/build/turtlebot3_msgs
[2.949s] [  1%] Built target turtlebot3_msgs__cpp
[2.963s] [ 12%] Built target turtlebot3_msgs__rosidl_generator_c
[3.006s] [ 23%] Built target turtlebot3_msgs__rosidl_typesupport_introspection_c
[3.007s] [ 35%] Built target turtlebot3_msgs__rosidl_typesupport_introspection_cpp
[3.010s] [ 46%] Built target turtlebot3_msgs__rosidl_typesupport_cpp
[3.022s] [ 57%] Built target turtlebot3_msgs__rosidl_typesupport_fastrtps_cpp
[3.034s] [ 69%] Built target turtlebot3_msgs__rosidl_typesupport_c
[3.074s] [ 80%] Built target turtlebot3_msgs__rosidl_typesupport_fastrtps_c
[3.110s] [ 80%] Built target turtlebot3_msgs
[3.140s] [ 81%] Built target turtlebot3_msgs__py
[3.234s] [ 91%] Built target turtlebot3_msgs__python
[3.305s] [ 94%] Built target turtlebot3_msgs__rosidl_typesupport_fastrtps_c__pyext
[3.319s] [ 97%] Built target turtlebot3_msgs__rosidl_typesupport_c__pyext
[3.343s] [100%] Built target turtlebot3_msgs__rosidl_typesupport_introspection_c__pyext
[3.378s] Invoked command in '/home/iju/S08P31C208/ROS/robot_ws/src/build/turtlebot3_msgs' returned '0': CMAKE_PREFIX_PATH=/home/iju/S08P31C208/ROS/robot_ws/install/vision_opencv:/home/iju/S08P31C208/ROS/robot_ws/install/turtlebot3_simulations:/home/iju/S08P31C208/ROS/robot_ws/install/turtlebot3_gazebo:/home/iju/S08P31C208/ROS/robot_ws/install/turtlebot3:/home/iju/S08P31C208/ROS/robot_ws/install/turtlebot3_bringup:/home/iju/S08P31C208/ROS/robot_ws/install/turtlebot3_node:/home/iju/S08P31C208/ROS/robot_ws/install/turtlebot3_navigation2:/home/iju/S08P31C208/ROS/robot_ws/install/turtlebot3_fake_node:/home/iju/S08P31C208/ROS/robot_ws/install/turtlebot3_msgs:/home/iju/S08P31C208/ROS/robot_ws/install/turtlebot3_description:/home/iju/S08P31C208/ROS/robot_ws/install/turtlebot3_cartographer:/home/iju/S08P31C208/ROS/robot_ws/install/image_geometry:/home/iju/S08P31C208/ROS/robot_ws/install/gazebo_ros_pkgs:/home/iju/S08P31C208/ROS/robot_ws/install/turtlebot3_teleop:/home/iju/S08P31C208/ROS/robot_ws/install/turtlebot3_example:/home/iju/S08P31C208/ROS/robot_ws/install/opencv_tests:/opt/ros/dashing:/home/iju/S08P31C208/ROS/robot_ws/install/aws_robomaker_hospital_world:/home/iju/S08P31C208/ROS/robot_ws/install/gazebo_plugins:/home/iju/S08P31C208/ROS/robot_ws/install/gazebo_ros:/home/iju/S08P31C208/ROS/robot_ws/install/gazebo_msgs:/home/iju/S08P31C208/ROS/robot_ws/install/gazebo_dev:/home/iju/S08P31C208/ROS/robot_ws/install/dynamixel_sdk_examples:/home/iju/S08P31C208/ROS/robot_ws/install/dynamixel_sdk_custom_interfaces:/home/iju/S08P31C208/ROS/robot_ws/install/dynamixel_sdk:/home/iju/S08P31C208/ROS/robot_ws/install/cv_bridge PS1=\u@\h \[\033[32m\]\w\[\033[33m\]$(parse_git_branch)\[\033[00m\] $ /usr/bin/cmake --build /home/iju/S08P31C208/ROS/robot_ws/src/build/turtlebot3_msgs -- -j6 -l6
[3.720s] Invoking command in '/home/iju/S08P31C208/ROS/robot_ws/src/build/turtlebot3_msgs': CMAKE_PREFIX_PATH=/home/iju/S08P31C208/ROS/robot_ws/install/vision_opencv:/home/iju/S08P31C208/ROS/robot_ws/install/turtlebot3_simulations:/home/iju/S08P31C208/ROS/robot_ws/install/turtlebot3_gazebo:/home/iju/S08P31C208/ROS/robot_ws/install/turtlebot3:/home/iju/S08P31C208/ROS/robot_ws/install/turtlebot3_bringup:/home/iju/S08P31C208/ROS/robot_ws/install/turtlebot3_node:/home/iju/S08P31C208/ROS/robot_ws/install/turtlebot3_navigation2:/home/iju/S08P31C208/ROS/robot_ws/install/turtlebot3_fake_node:/home/iju/S08P31C208/ROS/robot_ws/install/turtlebot3_msgs:/home/iju/S08P31C208/ROS/robot_ws/install/turtlebot3_description:/home/iju/S08P31C208/ROS/robot_ws/install/turtlebot3_cartographer:/home/iju/S08P31C208/ROS/robot_ws/install/image_geometry:/home/iju/S08P31C208/ROS/robot_ws/install/gazebo_ros_pkgs:/home/iju/S08P31C208/ROS/robot_ws/install/turtlebot3_teleop:/home/iju/S08P31C208/ROS/robot_ws/install/turtlebot3_example:/home/iju/S08P31C208/ROS/robot_ws/install/opencv_tests:/opt/ros/dashing:/home/iju/S08P31C208/ROS/robot_ws/install/aws_robomaker_hospital_world:/home/iju/S08P31C208/ROS/robot_ws/install/gazebo_plugins:/home/iju/S08P31C208/ROS/robot_ws/install/gazebo_ros:/home/iju/S08P31C208/ROS/robot_ws/install/gazebo_msgs:/home/iju/S08P31C208/ROS/robot_ws/install/gazebo_dev:/home/iju/S08P31C208/ROS/robot_ws/install/dynamixel_sdk_examples:/home/iju/S08P31C208/ROS/robot_ws/install/dynamixel_sdk_custom_interfaces:/home/iju/S08P31C208/ROS/robot_ws/install/dynamixel_sdk:/home/iju/S08P31C208/ROS/robot_ws/install/cv_bridge PS1=\u@\h \[\033[32m\]\w\[\033[33m\]$(parse_git_branch)\[\033[00m\] $ /usr/bin/cmake --build /home/iju/S08P31C208/ROS/robot_ws/src/build/turtlebot3_msgs --target install -- -j6 -l6
[3.833s] [  1%] Built target turtlebot3_msgs__cpp
[3.922s] [ 12%] Built target turtlebot3_msgs__rosidl_generator_c
[3.933s] [ 23%] Built target turtlebot3_msgs__rosidl_typesupport_cpp
[3.979s] [ 35%] Built target turtlebot3_msgs__rosidl_typesupport_fastrtps_cpp
[3.979s] [ 46%] Built target turtlebot3_msgs__rosidl_typesupport_c
[4.005s] [ 57%] Built target turtlebot3_msgs__rosidl_typesupport_introspection_cpp
[4.013s] [ 69%] Built target turtlebot3_msgs__rosidl_typesupport_introspection_c
[4.030s] [ 80%] Built target turtlebot3_msgs__rosidl_typesupport_fastrtps_c
[4.075s] [ 80%] Built target turtlebot3_msgs
[4.140s] [ 81%] Built target turtlebot3_msgs__py
[4.233s] [ 91%] Built target turtlebot3_msgs__python
[4.291s] [ 94%] Built target turtlebot3_msgs__rosidl_typesupport_c__pyext
[4.302s] [ 97%] Built target turtlebot3_msgs__rosidl_typesupport_fastrtps_c__pyext
[4.320s] [100%] Built target turtlebot3_msgs__rosidl_typesupport_introspection_c__pyext
[4.358s] [36mInstall the project...[0m
[4.381s] -- Install configuration: ""
[4.382s] -- Execute custom install script
[4.382s] -- Up-to-date symlink: /home/iju/S08P31C208/ROS/robot_ws/src/install/turtlebot3_msgs/share/ament_index/resource_index/rosidl_interfaces/turtlebot3_msgs
[4.383s] -- Up-to-date symlink: /home/iju/S08P31C208/ROS/robot_ws/src/install/turtlebot3_msgs/include/turtlebot3_msgs/action/patrol.hpp
[4.384s] -- Up-to-date symlink: /home/iju/S08P31C208/ROS/robot_ws/src/install/turtlebot3_msgs/include/turtlebot3_msgs/action/patrol__struct.hpp
[4.384s] -- Up-to-date symlink: /home/iju/S08P31C208/ROS/robot_ws/src/install/turtlebot3_msgs/include/turtlebot3_msgs/action/patrol__traits.hpp
[4.384s] -- Up-to-date symlink: /home/iju/S08P31C208/ROS/robot_ws/src/install/turtlebot3_msgs/include/turtlebot3_msgs/msg/sensor_state.hpp
[4.385s] -- Up-to-date symlink: /home/iju/S08P31C208/ROS/robot_ws/src/install/turtlebot3_msgs/include/turtlebot3_msgs/msg/sensor_state__struct.hpp
[4.385s] -- Up-to-date symlink: /home/iju/S08P31C208/ROS/robot_ws/src/install/turtlebot3_msgs/include/turtlebot3_msgs/msg/sensor_state__traits.hpp
[4.385s] -- Up-to-date symlink: /home/iju/S08P31C208/ROS/robot_ws/src/install/turtlebot3_msgs/include/turtlebot3_msgs/msg/sound.hpp
[4.385s] -- Up-to-date symlink: /home/iju/S08P31C208/ROS/robot_ws/src/install/turtlebot3_msgs/include/turtlebot3_msgs/msg/sound__struct.hpp
[4.386s] -- Up-to-date symlink: /home/iju/S08P31C208/ROS/robot_ws/src/install/turtlebot3_msgs/include/turtlebot3_msgs/msg/sound__traits.hpp
[4.386s] -- Up-to-date symlink: /home/iju/S08P31C208/ROS/robot_ws/src/install/turtlebot3_msgs/include/turtlebot3_msgs/msg/version_info.hpp
[4.387s] -- Up-to-date symlink: /home/iju/S08P31C208/ROS/robot_ws/src/install/turtlebot3_msgs/include/turtlebot3_msgs/msg/version_info__struct.hpp
[4.387s] -- Up-to-date symlink: /home/iju/S08P31C208/ROS/robot_ws/src/install/turtlebot3_msgs/include/turtlebot3_msgs/msg/version_info__traits.hpp
[4.387s] -- Up-to-date symlink: /home/iju/S08P31C208/ROS/robot_ws/src/install/turtlebot3_msgs/include/turtlebot3_msgs/srv/dqn.hpp
[4.387s] -- Up-to-date symlink: /home/iju/S08P31C208/ROS/robot_ws/src/install/turtlebot3_msgs/include/turtlebot3_msgs/srv/dqn__struct.hpp
[4.388s] -- Up-to-date symlink: /home/iju/S08P31C208/ROS/robot_ws/src/install/turtlebot3_msgs/include/turtlebot3_msgs/srv/dqn__traits.hpp
[4.388s] -- Up-to-date symlink: /home/iju/S08P31C208/ROS/robot_ws/src/install/turtlebot3_msgs/include/turtlebot3_msgs/srv/sound.hpp
[4.388s] -- Up-to-date symlink: /home/iju/S08P31C208/ROS/robot_ws/src/install/turtlebot3_msgs/include/turtlebot3_msgs/srv/sound__struct.hpp
[4.389s] -- Up-to-date symlink: /home/iju/S08P31C208/ROS/robot_ws/src/install/turtlebot3_msgs/include/turtlebot3_msgs/srv/sound__traits.hpp
[4.389s] -- Up-to-date symlink: /home/iju/S08P31C208/ROS/robot_ws/src/install/turtlebot3_msgs/include/turtlebot3_msgs/action/patrol.h
[4.390s] -- Up-to-date symlink: /home/iju/S08P31C208/ROS/robot_ws/src/install/turtlebot3_msgs/include/turtlebot3_msgs/action/patrol__functions.h
[4.390s] -- Up-to-date symlink: /home/iju/S08P31C208/ROS/robot_ws/src/install/turtlebot3_msgs/include/turtlebot3_msgs/action/patrol__struct.h
[4.390s] -- Up-to-date symlink: /home/iju/S08P31C208/ROS/robot_ws/src/install/turtlebot3_msgs/include/turtlebot3_msgs/action/patrol__type_support.h
[4.391s] -- Up-to-date symlink: /home/iju/S08P31C208/ROS/robot_ws/src/install/turtlebot3_msgs/include/turtlebot3_msgs/msg/rosidl_generator_c__visibility_control.h
[4.391s] -- Up-to-date symlink: /home/iju/S08P31C208/ROS/robot_ws/src/install/turtlebot3_msgs/include/turtlebot3_msgs/msg/sensor_state.h
[4.392s] -- Up-to-date symlink: /home/iju/S08P31C208/ROS/robot_ws/src/install/turtlebot3_msgs/include/turtlebot3_msgs/msg/sensor_state__functions.h
[4.392s] -- Up-to-date symlink: /home/iju/S08P31C208/ROS/robot_ws/src/install/turtlebot3_msgs/include/turtlebot3_msgs/msg/sensor_state__struct.h
[4.392s] -- Up-to-date symlink: /home/iju/S08P31C208/ROS/robot_ws/src/install/turtlebot3_msgs/include/turtlebot3_msgs/msg/sensor_state__type_support.h
[4.392s] -- Up-to-date symlink: /home/iju/S08P31C208/ROS/robot_ws/src/install/turtlebot3_msgs/include/turtlebot3_msgs/msg/sound.h
[4.393s] -- Up-to-date symlink: /home/iju/S08P31C208/ROS/robot_ws/src/install/turtlebot3_msgs/include/turtlebot3_msgs/msg/sound__functions.h
[4.393s] -- Up-to-date symlink: /home/iju/S08P31C208/ROS/robot_ws/src/install/turtlebot3_msgs/include/turtlebot3_msgs/msg/sound__struct.h
[4.393s] -- Up-to-date symlink: /home/iju/S08P31C208/ROS/robot_ws/src/install/turtlebot3_msgs/include/turtlebot3_msgs/msg/sound__type_support.h
[4.394s] -- Up-to-date symlink: /home/iju/S08P31C208/ROS/robot_ws/src/install/turtlebot3_msgs/include/turtlebot3_msgs/msg/version_info.h
[4.394s] -- Up-to-date symlink: /home/iju/S08P31C208/ROS/robot_ws/src/install/turtlebot3_msgs/include/turtlebot3_msgs/msg/version_info__functions.h
[4.395s] -- Up-to-date symlink: /home/iju/S08P31C208/ROS/robot_ws/src/install/turtlebot3_msgs/include/turtlebot3_msgs/msg/version_info__struct.h
[4.395s] -- Up-to-date symlink: /home/iju/S08P31C208/ROS/robot_ws/src/install/turtlebot3_msgs/include/turtlebot3_msgs/msg/version_info__type_support.h
[4.395s] -- Up-to-date symlink: /home/iju/S08P31C208/ROS/robot_ws/src/install/turtlebot3_msgs/include/turtlebot3_msgs/srv/dqn.h
[4.396s] -- Up-to-date symlink: /home/iju/S08P31C208/ROS/robot_ws/src/install/turtlebot3_msgs/include/turtlebot3_msgs/srv/dqn__functions.h
[4.396s] -- Up-to-date symlink: /home/iju/S08P31C208/ROS/robot_ws/src/install/turtlebot3_msgs/include/turtlebot3_msgs/srv/dqn__struct.h
[4.396s] -- Up-to-date symlink: /home/iju/S08P31C208/ROS/robot_ws/src/install/turtlebot3_msgs/include/turtlebot3_msgs/srv/dqn__type_support.h
[4.397s] -- Up-to-date symlink: /home/iju/S08P31C208/ROS/robot_ws/src/install/turtlebot3_msgs/include/turtlebot3_msgs/srv/sound.h
[4.397s] -- Up-to-date symlink: /home/iju/S08P31C208/ROS/robot_ws/src/install/turtlebot3_msgs/include/turtlebot3_msgs/srv/sound__functions.h
[4.397s] -- Up-to-date symlink: /home/iju/S08P31C208/ROS/robot_ws/src/install/turtlebot3_msgs/include/turtlebot3_msgs/srv/sound__struct.h
[4.397s] -- Up-to-date symlink: /home/iju/S08P31C208/ROS/robot_ws/src/install/turtlebot3_msgs/include/turtlebot3_msgs/srv/sound__type_support.h
[4.398s] -- Up-to-date symlink: /home/iju/S08P31C208/ROS/robot_ws/src/install/turtlebot3_msgs/share/turtlebot3_msgs/environment/library_path.sh
[4.398s] -- Up-to-date symlink: /home/iju/S08P31C208/ROS/robot_ws/src/install/turtlebot3_msgs/lib/libturtlebot3_msgs__rosidl_generator_c.so
[4.399s] -- Up-to-date symlink: /home/iju/S08P31C208/ROS/robot_ws/src/install/turtlebot3_msgs/lib/libturtlebot3_msgs__rosidl_typesupport_c.so
[4.400s] -- Up-to-date symlink: /home/iju/S08P31C208/ROS/robot_ws/src/install/turtlebot3_msgs/lib/libturtlebot3_msgs__rosidl_typesupport_cpp.so
[4.400s] -- Up-to-date symlink: /home/iju/S08P31C208/ROS/robot_ws/src/install/turtlebot3_msgs/include/turtlebot3_msgs/action/patrol__rosidl_typesupport_introspection_c.h
[4.401s] -- Up-to-date symlink: /home/iju/S08P31C208/ROS/robot_ws/src/install/turtlebot3_msgs/include/turtlebot3_msgs/msg/rosidl_typesupport_introspection_c__visibility_control.h
[4.401s] -- Up-to-date symlink: /home/iju/S08P31C208/ROS/robot_ws/src/install/turtlebot3_msgs/include/turtlebot3_msgs/msg/sensor_state__rosidl_typesupport_introspection_c.h
[4.401s] -- Up-to-date symlink: /home/iju/S08P31C208/ROS/robot_ws/src/install/turtlebot3_msgs/include/turtlebot3_msgs/msg/sound__rosidl_typesupport_introspection_c.h
[4.402s] -- Up-to-date symlink: /home/iju/S08P31C208/ROS/robot_ws/src/install/turtlebot3_msgs/include/turtlebot3_msgs/msg/version_info__rosidl_typesupport_introspection_c.h
[4.402s] -- Up-to-date symlink: /home/iju/S08P31C208/ROS/robot_ws/src/install/turtlebot3_msgs/include/turtlebot3_msgs/srv/dqn__rosidl_typesupport_introspection_c.h
[4.402s] -- Up-to-date symlink: /home/iju/S08P31C208/ROS/robot_ws/src/install/turtlebot3_msgs/include/turtlebot3_msgs/srv/sound__rosidl_typesupport_introspection_c.h
[4.403s] -- Up-to-date symlink: /home/iju/S08P31C208/ROS/robot_ws/src/install/turtlebot3_msgs/lib/libturtlebot3_msgs__rosidl_typesupport_introspection_c.so
[4.404s] -- Up-to-date symlink: /home/iju/S08P31C208/ROS/robot_ws/src/install/turtlebot3_msgs/include/turtlebot3_msgs/action/patrol__rosidl_typesupport_introspection_cpp.hpp
[4.404s] -- Up-to-date symlink: /home/iju/S08P31C208/ROS/robot_ws/src/install/turtlebot3_msgs/include/turtlebot3_msgs/msg/sensor_state__rosidl_typesupport_introspection_cpp.hpp
[4.404s] -- Up-to-date symlink: /home/iju/S08P31C208/ROS/robot_ws/src/install/turtlebot3_msgs/include/turtlebot3_msgs/msg/sound__rosidl_typesupport_introspection_cpp.hpp
[4.405s] -- Up-to-date symlink: /home/iju/S08P31C208/ROS/robot_ws/src/install/turtlebot3_msgs/include/turtlebot3_msgs/msg/version_info__rosidl_typesupport_introspection_cpp.hpp
[4.405s] -- Up-to-date symlink: /home/iju/S08P31C208/ROS/robot_ws/src/install/turtlebot3_msgs/include/turtlebot3_msgs/srv/dqn__rosidl_typesupport_introspection_cpp.hpp
[4.405s] -- Up-to-date symlink: /home/iju/S08P31C208/ROS/robot_ws/src/install/turtlebot3_msgs/include/turtlebot3_msgs/srv/sound__rosidl_typesupport_introspection_cpp.hpp
[4.406s] -- Up-to-date symlink: /home/iju/S08P31C208/ROS/robot_ws/src/install/turtlebot3_msgs/lib/libturtlebot3_msgs__rosidl_typesupport_introspection_cpp.so
[4.407s] -- Up-to-date symlink: /home/iju/S08P31C208/ROS/robot_ws/src/install/turtlebot3_msgs/include/turtlebot3_msgs/action/patrol__rosidl_typesupport_fastrtps_c.h
[4.407s] -- Up-to-date symlink: /home/iju/S08P31C208/ROS/robot_ws/src/install/turtlebot3_msgs/include/turtlebot3_msgs/msg/rosidl_typesupport_fastrtps_c__visibility_control.h
[4.408s] -- Up-to-date symlink: /home/iju/S08P31C208/ROS/robot_ws/src/install/turtlebot3_msgs/include/turtlebot3_msgs/msg/sensor_state__rosidl_typesupport_fastrtps_c.h
[4.408s] -- Up-to-date symlink: /home/iju/S08P31C208/ROS/robot_ws/src/install/turtlebot3_msgs/include/turtlebot3_msgs/msg/sound__rosidl_typesupport_fastrtps_c.h
[4.408s] -- Up-to-date symlink: /home/iju/S08P31C208/ROS/robot_ws/src/install/turtlebot3_msgs/include/turtlebot3_msgs/msg/version_info__rosidl_typesupport_fastrtps_c.h
[4.409s] -- Up-to-date symlink: /home/iju/S08P31C208/ROS/robot_ws/src/install/turtlebot3_msgs/include/turtlebot3_msgs/srv/dqn__rosidl_typesupport_fastrtps_c.h
[4.409s] -- Up-to-date symlink: /home/iju/S08P31C208/ROS/robot_ws/src/install/turtlebot3_msgs/include/turtlebot3_msgs/srv/sound__rosidl_typesupport_fastrtps_c.h
[4.409s] -- Up-to-date symlink: /home/iju/S08P31C208/ROS/robot_ws/src/install/turtlebot3_msgs/lib/libturtlebot3_msgs__rosidl_typesupport_fastrtps_c.so
[4.411s] -- Up-to-date symlink: /home/iju/S08P31C208/ROS/robot_ws/src/install/turtlebot3_msgs/include/turtlebot3_msgs/action/patrol__rosidl_typesupport_fastrtps_cpp.hpp
[4.411s] -- Up-to-date symlink: /home/iju/S08P31C208/ROS/robot_ws/src/install/turtlebot3_msgs/include/turtlebot3_msgs/msg/rosidl_typesupport_fastrtps_cpp__visibility_control.h
[4.411s] -- Up-to-date symlink: /home/iju/S08P31C208/ROS/robot_ws/src/install/turtlebot3_msgs/include/turtlebot3_msgs/msg/sensor_state__rosidl_typesupport_fastrtps_cpp.hpp
[4.412s] -- Up-to-date symlink: /home/iju/S08P31C208/ROS/robot_ws/src/install/turtlebot3_msgs/include/turtlebot3_msgs/msg/sound__rosidl_typesupport_fastrtps_cpp.hpp
[4.412s] -- Up-to-date symlink: /home/iju/S08P31C208/ROS/robot_ws/src/install/turtlebot3_msgs/include/turtlebot3_msgs/msg/version_info__rosidl_typesupport_fastrtps_cpp.hpp
[4.412s] -- Up-to-date symlink: /home/iju/S08P31C208/ROS/robot_ws/src/install/turtlebot3_msgs/include/turtlebot3_msgs/srv/dqn__rosidl_typesupport_fastrtps_cpp.hpp
[4.413s] -- Up-to-date symlink: /home/iju/S08P31C208/ROS/robot_ws/src/install/turtlebot3_msgs/include/turtlebot3_msgs/srv/sound__rosidl_typesupport_fastrtps_cpp.hpp
[4.413s] -- Up-to-date symlink: /home/iju/S08P31C208/ROS/robot_ws/src/install/turtlebot3_msgs/lib/libturtlebot3_msgs__rosidl_typesupport_fastrtps_cpp.so
[4.413s] -- Up-to-date symlink: /home/iju/S08P31C208/ROS/robot_ws/src/install/turtlebot3_msgs/share/turtlebot3_msgs/environment/pythonpath.sh
[4.414s] -- Up-to-date symlink: /home/iju/S08P31C208/ROS/robot_ws/src/install/turtlebot3_msgs/lib/python3.6/site-packages/turtlebot3_msgs/__init__.py
[4.414s] -- Up-to-date symlink: /home/iju/S08P31C208/ROS/robot_ws/src/install/turtlebot3_msgs/lib/python3.6/site-packages/turtlebot3_msgs/msg/__init__.py
[4.415s] -- Up-to-date symlink: /home/iju/S08P31C208/ROS/robot_ws/src/install/turtlebot3_msgs/lib/python3.6/site-packages/turtlebot3_msgs/msg/_sensor_state.py
[4.415s] -- Up-to-date symlink: /home/iju/S08P31C208/ROS/robot_ws/src/install/turtlebot3_msgs/lib/python3.6/site-packages/turtlebot3_msgs/msg/_sound.py
[4.415s] -- Up-to-date symlink: /home/iju/S08P31C208/ROS/robot_ws/src/install/turtlebot3_msgs/lib/python3.6/site-packages/turtlebot3_msgs/msg/_version_info.py
[4.416s] -- Up-to-date symlink: /home/iju/S08P31C208/ROS/robot_ws/src/install/turtlebot3_msgs/lib/python3.6/site-packages/turtlebot3_msgs/srv/__init__.py
[4.416s] -- Up-to-date symlink: /home/iju/S08P31C208/ROS/robot_ws/src/install/turtlebot3_msgs/lib/python3.6/site-packages/turtlebot3_msgs/srv/_dqn.py
[4.417s] -- Up-to-date symlink: /home/iju/S08P31C208/ROS/robot_ws/src/install/turtlebot3_msgs/lib/python3.6/site-packages/turtlebot3_msgs/srv/_sound.py
[4.417s] -- Up-to-date symlink: /home/iju/S08P31C208/ROS/robot_ws/src/install/turtlebot3_msgs/lib/python3.6/site-packages/turtlebot3_msgs/action/__init__.py
[4.418s] -- Up-to-date symlink: /home/iju/S08P31C208/ROS/robot_ws/src/install/turtlebot3_msgs/lib/python3.6/site-packages/turtlebot3_msgs/action/_patrol.py
[4.418s] -- Up-to-date symlink: /home/iju/S08P31C208/ROS/robot_ws/src/install/turtlebot3_msgs/lib/python3.6/site-packages/turtlebot3_msgs/turtlebot3_msgs_s__rosidl_typesupport_c.cpython-36m-x86_64-linux-gnu.so
[4.419s] -- Up-to-date symlink: /home/iju/S08P31C208/ROS/robot_ws/src/install/turtlebot3_msgs/lib/python3.6/site-packages/turtlebot3_msgs/turtlebot3_msgs_s__rosidl_typesupport_introspection_c.cpython-36m-x86_64-linux-gnu.so
[4.419s] -- Up-to-date symlink: /home/iju/S08P31C208/ROS/robot_ws/src/install/turtlebot3_msgs/lib/python3.6/site-packages/turtlebot3_msgs/turtlebot3_msgs_s__rosidl_typesupport_fastrtps_c.cpython-36m-x86_64-linux-gnu.so
[4.420s] -- Up-to-date symlink: /home/iju/S08P31C208/ROS/robot_ws/src/install/turtlebot3_msgs/lib/libturtlebot3_msgs__python.so
[4.420s] -- Up-to-date symlink: /home/iju/S08P31C208/ROS/robot_ws/src/install/turtlebot3_msgs/share/turtlebot3_msgs/msg/SensorState.idl
[4.421s] -- Up-to-date symlink: /home/iju/S08P31C208/ROS/robot_ws/src/install/turtlebot3_msgs/share/turtlebot3_msgs/msg/Sound.idl
[4.421s] -- Up-to-date symlink: /home/iju/S08P31C208/ROS/robot_ws/src/install/turtlebot3_msgs/share/turtlebot3_msgs/msg/VersionInfo.idl
[4.421s] -- Up-to-date symlink: /home/iju/S08P31C208/ROS/robot_ws/src/install/turtlebot3_msgs/share/turtlebot3_msgs/srv/Sound.idl
[4.422s] -- Up-to-date symlink: /home/iju/S08P31C208/ROS/robot_ws/src/install/turtlebot3_msgs/share/turtlebot3_msgs/srv/Dqn.idl
[4.422s] -- Up-to-date symlink: /home/iju/S08P31C208/ROS/robot_ws/src/install/turtlebot3_msgs/share/turtlebot3_msgs/action/Patrol.idl
[4.423s] -- Up-to-date symlink: /home/iju/S08P31C208/ROS/robot_ws/src/install/turtlebot3_msgs/share/turtlebot3_msgs/msg/SensorState.msg
[4.423s] -- Up-to-date symlink: /home/iju/S08P31C208/ROS/robot_ws/src/install/turtlebot3_msgs/share/turtlebot3_msgs/msg/Sound.msg
[4.423s] -- Up-to-date symlink: /home/iju/S08P31C208/ROS/robot_ws/src/install/turtlebot3_msgs/share/turtlebot3_msgs/msg/VersionInfo.msg
[4.424s] -- Up-to-date symlink: /home/iju/S08P31C208/ROS/robot_ws/src/install/turtlebot3_msgs/share/turtlebot3_msgs/srv/Sound.srv
[4.424s] -- Up-to-date symlink: /home/iju/S08P31C208/ROS/robot_ws/src/install/turtlebot3_msgs/share/turtlebot3_msgs/srv/Sound_Request.msg
[4.425s] -- Up-to-date symlink: /home/iju/S08P31C208/ROS/robot_ws/src/install/turtlebot3_msgs/share/turtlebot3_msgs/srv/Sound_Response.msg
[4.425s] -- Up-to-date symlink: /home/iju/S08P31C208/ROS/robot_ws/src/install/turtlebot3_msgs/share/turtlebot3_msgs/srv/Dqn.srv
[4.425s] -- Up-to-date symlink: /home/iju/S08P31C208/ROS/robot_ws/src/install/turtlebot3_msgs/share/turtlebot3_msgs/srv/Dqn_Request.msg
[4.426s] -- Up-to-date symlink: /home/iju/S08P31C208/ROS/robot_ws/src/install/turtlebot3_msgs/share/turtlebot3_msgs/srv/Dqn_Response.msg
[4.426s] -- Up-to-date symlink: /home/iju/S08P31C208/ROS/robot_ws/src/install/turtlebot3_msgs/share/turtlebot3_msgs/action/Patrol.action
[4.426s] -- Up-to-date symlink: /home/iju/S08P31C208/ROS/robot_ws/src/install/turtlebot3_msgs/share/ament_index/resource_index/package_run_dependencies/turtlebot3_msgs
[4.427s] -- Up-to-date symlink: /home/iju/S08P31C208/ROS/robot_ws/src/install/turtlebot3_msgs/share/ament_index/resource_index/parent_prefix_path/turtlebot3_msgs
[4.427s] -- Up-to-date symlink: /home/iju/S08P31C208/ROS/robot_ws/src/install/turtlebot3_msgs/share/turtlebot3_msgs/environment/ament_prefix_path.sh
[4.428s] -- Up-to-date symlink: /home/iju/S08P31C208/ROS/robot_ws/src/install/turtlebot3_msgs/share/turtlebot3_msgs/environment/path.sh
[4.428s] -- Up-to-date symlink: /home/iju/S08P31C208/ROS/robot_ws/src/install/turtlebot3_msgs/share/turtlebot3_msgs/local_setup.bash
[4.428s] -- Up-to-date symlink: /home/iju/S08P31C208/ROS/robot_ws/src/install/turtlebot3_msgs/share/turtlebot3_msgs/local_setup.sh
[4.429s] -- Up-to-date symlink: /home/iju/S08P31C208/ROS/robot_ws/src/install/turtlebot3_msgs/share/turtlebot3_msgs/local_setup.zsh
[4.429s] -- Up-to-date symlink: /home/iju/S08P31C208/ROS/robot_ws/src/install/turtlebot3_msgs/share/ament_index/resource_index/packages/turtlebot3_msgs
[4.430s] -- Up-to-date symlink: /home/iju/S08P31C208/ROS/robot_ws/src/install/turtlebot3_msgs/share/turtlebot3_msgs/cmake/rosidl_cmake-extras.cmake
[4.430s] -- Up-to-date symlink: /home/iju/S08P31C208/ROS/robot_ws/src/install/turtlebot3_msgs/share/turtlebot3_msgs/cmake/ament_cmake_export_dependencies-extras.cmake
[4.430s] -- Up-to-date symlink: /home/iju/S08P31C208/ROS/robot_ws/src/install/turtlebot3_msgs/share/turtlebot3_msgs/cmake/ament_cmake_export_include_directories-extras.cmake
[4.431s] -- Up-to-date symlink: /home/iju/S08P31C208/ROS/robot_ws/src/install/turtlebot3_msgs/share/turtlebot3_msgs/cmake/ament_cmake_export_libraries-extras.cmake
[4.431s] -- Up-to-date symlink: /home/iju/S08P31C208/ROS/robot_ws/src/install/turtlebot3_msgs/share/turtlebot3_msgs/cmake/turtlebot3_msgsConfig.cmake
[4.432s] -- Up-to-date symlink: /home/iju/S08P31C208/ROS/robot_ws/src/install/turtlebot3_msgs/share/turtlebot3_msgs/cmake/turtlebot3_msgsConfig-version.cmake
[4.432s] -- Up-to-date symlink: /home/iju/S08P31C208/ROS/robot_ws/src/install/turtlebot3_msgs/share/turtlebot3_msgs/package.xml
[4.475s] Compiling '/home/iju/S08P31C208/ROS/robot_ws/src/install/turtlebot3_msgs/lib/python3.6/site-packages/turtlebot3_msgs/__init__.py'...
[4.493s] Invoked command in '/home/iju/S08P31C208/ROS/robot_ws/src/build/turtlebot3_msgs' returned '0': CMAKE_PREFIX_PATH=/home/iju/S08P31C208/ROS/robot_ws/install/vision_opencv:/home/iju/S08P31C208/ROS/robot_ws/install/turtlebot3_simulations:/home/iju/S08P31C208/ROS/robot_ws/install/turtlebot3_gazebo:/home/iju/S08P31C208/ROS/robot_ws/install/turtlebot3:/home/iju/S08P31C208/ROS/robot_ws/install/turtlebot3_bringup:/home/iju/S08P31C208/ROS/robot_ws/install/turtlebot3_node:/home/iju/S08P31C208/ROS/robot_ws/install/turtlebot3_navigation2:/home/iju/S08P31C208/ROS/robot_ws/install/turtlebot3_fake_node:/home/iju/S08P31C208/ROS/robot_ws/install/turtlebot3_msgs:/home/iju/S08P31C208/ROS/robot_ws/install/turtlebot3_description:/home/iju/S08P31C208/ROS/robot_ws/install/turtlebot3_cartographer:/home/iju/S08P31C208/ROS/robot_ws/install/image_geometry:/home/iju/S08P31C208/ROS/robot_ws/install/gazebo_ros_pkgs:/home/iju/S08P31C208/ROS/robot_ws/install/turtlebot3_teleop:/home/iju/S08P31C208/ROS/robot_ws/install/turtlebot3_example:/home/iju/S08P31C208/ROS/robot_ws/install/opencv_tests:/opt/ros/dashing:/home/iju/S08P31C208/ROS/robot_ws/install/aws_robomaker_hospital_world:/home/iju/S08P31C208/ROS/robot_ws/install/gazebo_plugins:/home/iju/S08P31C208/ROS/robot_ws/install/gazebo_ros:/home/iju/S08P31C208/ROS/robot_ws/install/gazebo_msgs:/home/iju/S08P31C208/ROS/robot_ws/install/gazebo_dev:/home/iju/S08P31C208/ROS/robot_ws/install/dynamixel_sdk_examples:/home/iju/S08P31C208/ROS/robot_ws/install/dynamixel_sdk_custom_interfaces:/home/iju/S08P31C208/ROS/robot_ws/install/dynamixel_sdk:/home/iju/S08P31C208/ROS/robot_ws/install/cv_bridge PS1=\u@\h \[\033[32m\]\w\[\033[33m\]$(parse_git_branch)\[\033[00m\] $ /usr/bin/cmake --build /home/iju/S08P31C208/ROS/robot_ws/src/build/turtlebot3_msgs --target install -- -j6 -l6
