[35m[1mScanning dependencies of target sub[0m
[ 50%] Built target pub
[ 75%] [32mBuilding CXX object CMakeFiles/sub.dir/src/sub.cpp.o[0m
[100%] [32m[1mLinking CXX executable sub[0m
[100%] Built target sub
[ 50%] Built target sub
[100%] Built target pub
[36mInstall the project...[0m
-- Install configuration: ""
-- Up-to-date: /home/iju/S08P31C208/ROS/robot_ws/install/turtle_cpp/lib/turtle_cpp/pub
-- Installing: /home/iju/S08P31C208/ROS/robot_ws/install/turtle_cpp/lib/turtle_cpp/sub
-- Set runtime path of "/home/iju/S08P31C208/ROS/robot_ws/install/turtle_cpp/lib/turtle_cpp/sub" to ""
-- Up-to-date: /home/iju/S08P31C208/ROS/robot_ws/install/turtle_cpp/share/ament_index/resource_index/package_run_dependencies/turtle_cpp
-- Up-to-date: /home/iju/S08P31C208/ROS/robot_ws/install/turtle_cpp/share/ament_index/resource_index/parent_prefix_path/turtle_cpp
-- Up-to-date: /home/iju/S08P31C208/ROS/robot_ws/install/turtle_cpp/share/turtle_cpp/environment/ament_prefix_path.sh
-- Up-to-date: /home/iju/S08P31C208/ROS/robot_ws/install/turtle_cpp/share/turtle_cpp/environment/path.sh
-- Up-to-date: /home/iju/S08P31C208/ROS/robot_ws/install/turtle_cpp/share/turtle_cpp/local_setup.bash
-- Up-to-date: /home/iju/S08P31C208/ROS/robot_ws/install/turtle_cpp/share/turtle_cpp/local_setup.sh
-- Up-to-date: /home/iju/S08P31C208/ROS/robot_ws/install/turtle_cpp/share/turtle_cpp/local_setup.zsh
-- Up-to-date: /home/iju/S08P31C208/ROS/robot_ws/install/turtle_cpp/share/ament_index/resource_index/packages/turtle_cpp
-- Up-to-date: /home/iju/S08P31C208/ROS/robot_ws/install/turtle_cpp/share/turtle_cpp/cmake/turtle_cppConfig.cmake
-- Up-to-date: /home/iju/S08P31C208/ROS/robot_ws/install/turtle_cpp/share/turtle_cpp/cmake/turtle_cppConfig-version.cmake
-- Up-to-date: /home/iju/S08P31C208/ROS/robot_ws/install/turtle_cpp/share/turtle_cpp/package.xml
