-- Found ament_cmake: 0.7.6 (/opt/ros/dashing/share/ament_cmake/cmake)
-- Using PYTHON_EXECUTABLE: /usr/bin/python3
-- Override CMake install command with custom implementation using symlinks instead of copying resources
-- Found nav2_common: 0.2.6 (/home/iju/S08P31C208/ROS/robot_ws/install/nav2_common/share/nav2_common/cmake)
-- Found rclcpp: 0.7.16 (/opt/ros/dashing/share/rclcpp/cmake)
-- Found rosidl_adapter: 0.7.10 (/opt/ros/dashing/share/rosidl_adapter/cmake)
-- Found rmw_implementation_cmake: 0.7.2 (/opt/ros/dashing/share/rmw_implementation_cmake/cmake)
-- Using RMW implementation 'rmw_fastrtps_cpp' as default
-- Found rclcpp_action: 0.7.16 (/opt/ros/dashing/share/rclcpp_action/cmake)
-- Found rclcpp_lifecycle: 0.7.16 (/opt/ros/dashing/share/rclcpp_lifecycle/cmake)
-- Found std_msgs: 0.7.1 (/opt/ros/dashing/share/std_msgs/cmake)
-- Found geometry_msgs: 0.7.1 (/opt/ros/dashing/share/geometry_msgs/cmake)
-- Found nav2_msgs: 0.2.6 (/home/iju/S08P31C208/ROS/robot_ws/install/nav2_msgs/share/nav2_msgs/cmake)
-- Found nav_msgs: 0.7.1 (/opt/ros/dashing/share/nav_msgs/cmake)
-- Found behaviortree_cpp: 2.5.2 (/opt/ros/dashing/share/behaviortree_cpp/cmake)
-- Found tf2_ros: 0.11.6 (/opt/ros/dashing/share/tf2_ros/cmake)
-- Found tf2_geometry_msgs: 0.11.6 (/opt/ros/dashing/share/tf2_geometry_msgs/cmake)
-- Found eigen3_cmake_module: 0.1.1 (/opt/ros/dashing/share/eigen3_cmake_module/cmake)
-- Found std_srvs: 0.7.1 (/opt/ros/dashing/share/std_srvs/cmake)
-- Found nav2_util: 0.2.6 (/home/iju/S08P31C208/ROS/robot_ws/install/nav2_util/share/nav2_util/cmake)
-- Found ament_lint_auto: 0.7.12 (/opt/ros/dashing/share/ament_lint_auto/cmake)
-- Found ament_cmake_gtest: 0.7.6 (/opt/ros/dashing/share/ament_cmake_gtest/cmake)
-- Added test 'copyright' to check for copyright in CMake / C / C++ / Python code
-- Added test 'cppcheck' to perform static code analysis on C / C++ code
-- Configured cppcheck include dirs: /home/iju/S08P31C208/ROS/robot_ws/src/navigation2/nav2_behavior_tree/include
-- Added test 'cpplint' to check C / C++ code against the Google style
-- Added test 'lint_cmake' to check CMake code style
-- Added test 'uncrustify' to check C / C++ code style
-- Added test 'xmllint' to check XML markup files
-- Configuring done
-- Generating done
-- Build files have been written to: /home/iju/S08P31C208/ROS/robot_ws/build/nav2_behavior_tree
[ 33%] [32m[1mLinking CXX shared library libnav2_behavior_tree.so[0m
[100%] Built target nav2_behavior_tree
[100%] Built target nav2_behavior_tree
[36mInstall the project...[0m
-- Install configuration: "Release"
-- Execute custom install script
-- Symlinking: /home/iju/S08P31C208/ROS/robot_ws/install/nav2_behavior_tree/lib/libnav2_behavior_tree.so
-- Symlinking: /home/iju/S08P31C208/ROS/robot_ws/install/nav2_behavior_tree/include//nav2_behavior_tree/back_up_action.hpp
-- Symlinking: /home/iju/S08P31C208/ROS/robot_ws/install/nav2_behavior_tree/include//nav2_behavior_tree/behavior_tree_engine.hpp
-- Symlinking: /home/iju/S08P31C208/ROS/robot_ws/install/nav2_behavior_tree/include//nav2_behavior_tree/bt_action_node.hpp
-- Symlinking: /home/iju/S08P31C208/ROS/robot_ws/install/nav2_behavior_tree/include//nav2_behavior_tree/bt_conversions.hpp
-- Symlinking: /home/iju/S08P31C208/ROS/robot_ws/install/nav2_behavior_tree/include//nav2_behavior_tree/bt_service_node.hpp
-- Symlinking: /home/iju/S08P31C208/ROS/robot_ws/install/nav2_behavior_tree/include//nav2_behavior_tree/clear_costmap_service.hpp
-- Symlinking: /home/iju/S08P31C208/ROS/robot_ws/install/nav2_behavior_tree/include//nav2_behavior_tree/compute_path_to_pose_action.hpp
-- Symlinking: /home/iju/S08P31C208/ROS/robot_ws/install/nav2_behavior_tree/include//nav2_behavior_tree/follow_path_action.hpp
-- Symlinking: /home/iju/S08P31C208/ROS/robot_ws/install/nav2_behavior_tree/include//nav2_behavior_tree/goal_reached_condition.hpp
-- Symlinking: /home/iju/S08P31C208/ROS/robot_ws/install/nav2_behavior_tree/include//nav2_behavior_tree/is_stuck_condition.hpp
-- Symlinking: /home/iju/S08P31C208/ROS/robot_ws/install/nav2_behavior_tree/include//nav2_behavior_tree/navigate_to_pose_action.hpp
-- Symlinking: /home/iju/S08P31C208/ROS/robot_ws/install/nav2_behavior_tree/include//nav2_behavior_tree/random_crawl_action.hpp
-- Symlinking: /home/iju/S08P31C208/ROS/robot_ws/install/nav2_behavior_tree/include//nav2_behavior_tree/rate_controller_node.hpp
-- Symlinking: /home/iju/S08P31C208/ROS/robot_ws/install/nav2_behavior_tree/include//nav2_behavior_tree/recovery_node.hpp
-- Symlinking: /home/iju/S08P31C208/ROS/robot_ws/install/nav2_behavior_tree/include//nav2_behavior_tree/reinitialize_global_localization_service.hpp
-- Symlinking: /home/iju/S08P31C208/ROS/robot_ws/install/nav2_behavior_tree/include//nav2_behavior_tree/spin_action.hpp
-- Symlinking: /home/iju/S08P31C208/ROS/robot_ws/install/nav2_behavior_tree/share/nav2_behavior_tree/environment/library_path.sh
-- Symlinking: /home/iju/S08P31C208/ROS/robot_ws/install/nav2_behavior_tree/share/ament_index/resource_index/package_run_dependencies/nav2_behavior_tree
-- Symlinking: /home/iju/S08P31C208/ROS/robot_ws/install/nav2_behavior_tree/share/ament_index/resource_index/parent_prefix_path/nav2_behavior_tree
-- Symlinking: /home/iju/S08P31C208/ROS/robot_ws/install/nav2_behavior_tree/share/nav2_behavior_tree/environment/ament_prefix_path.sh
-- Symlinking: /home/iju/S08P31C208/ROS/robot_ws/install/nav2_behavior_tree/share/nav2_behavior_tree/environment/path.sh
-- Symlinking: /home/iju/S08P31C208/ROS/robot_ws/install/nav2_behavior_tree/share/nav2_behavior_tree/local_setup.bash
-- Symlinking: /home/iju/S08P31C208/ROS/robot_ws/install/nav2_behavior_tree/share/nav2_behavior_tree/local_setup.sh
-- Symlinking: /home/iju/S08P31C208/ROS/robot_ws/install/nav2_behavior_tree/share/nav2_behavior_tree/local_setup.zsh
-- Symlinking: /home/iju/S08P31C208/ROS/robot_ws/install/nav2_behavior_tree/share/ament_index/resource_index/packages/nav2_behavior_tree
-- Symlinking: /home/iju/S08P31C208/ROS/robot_ws/install/nav2_behavior_tree/share/nav2_behavior_tree/cmake/ament_cmake_export_include_directories-extras.cmake
-- Symlinking: /home/iju/S08P31C208/ROS/robot_ws/install/nav2_behavior_tree/share/nav2_behavior_tree/cmake/ament_cmake_export_libraries-extras.cmake
-- Symlinking: /home/iju/S08P31C208/ROS/robot_ws/install/nav2_behavior_tree/share/nav2_behavior_tree/cmake/ament_cmake_export_dependencies-extras.cmake
-- Symlinking: /home/iju/S08P31C208/ROS/robot_ws/install/nav2_behavior_tree/share/nav2_behavior_tree/cmake/nav2_behavior_treeConfig.cmake
-- Symlinking: /home/iju/S08P31C208/ROS/robot_ws/install/nav2_behavior_tree/share/nav2_behavior_tree/cmake/nav2_behavior_treeConfig-version.cmake
-- Symlinking: /home/iju/S08P31C208/ROS/robot_ws/install/nav2_behavior_tree/share/nav2_behavior_tree/package.xml
