[5.346s] Invoking command in '/home/moon/S08P31C208/ROS/buruemi_ws/build/turtlebot3_example': PYTHONPATH=/home/moon/S08P31C208/ROS/buruemi_ws/build/turtlebot3_example/prefix_override:/home/moon/S08P31C208/ROS/buruemi_ws/install/turtlebot3_example/lib/python3.6/site-packages:${PYTHONPATH} /usr/bin/python3 setup.py develop --editable --build-directory /home/moon/S08P31C208/ROS/buruemi_ws/build/turtlebot3_example/build --no-deps install_data
[7.131s] /home/moon/.local/lib/python3.6/site-packages/setuptools/dist.py:726: UserWarning: Usage of dash-separated 'script-dir' will not be supported in future versions. Please use the underscore name 'script_dir' instead
[7.133s]   % (opt, underscore_opt)
[7.499s] running develop
[7.504s] /home/moon/.local/lib/python3.6/site-packages/setuptools/command/easy_install.py:159: EasyInstallDeprecationWarning: easy_install command is deprecated. Use build and pip and other standards-based tools.
[7.509s]   EasyInstallDeprecationWarning,
[7.519s] /home/moon/.local/lib/python3.6/site-packages/setuptools/command/install.py:37: SetuptoolsDeprecationWarning: setup.py install is deprecated. Use build and pip and other standards-based tools.
[7.521s]   setuptools.SetuptoolsDeprecationWarning,
[7.957s] /home/moon/.local/lib/python3.6/site-packages/pkg_resources/__init__.py:119: PkgResourcesDeprecationWarning: 0.18ubuntu0.18.04.1 is an invalid version and will not be supported in a future release
[7.958s]   PkgResourcesDeprecationWarning,
[8.845s] running egg_info
[8.848s] writing turtlebot3_example.egg-info/PKG-INFO
[8.848s] writing dependency_links to turtlebot3_example.egg-info/dependency_links.txt
[8.849s] writing entry points to turtlebot3_example.egg-info/entry_points.txt
[8.852s] writing requirements to turtlebot3_example.egg-info/requires.txt
[8.853s] writing top-level names to turtlebot3_example.egg-info/top_level.txt
[8.865s] reading manifest file 'turtlebot3_example.egg-info/SOURCES.txt'
[8.883s] writing manifest file 'turtlebot3_example.egg-info/SOURCES.txt'
[8.892s] running build_ext
[8.899s] Creating /home/moon/S08P31C208/ROS/buruemi_ws/install/turtlebot3_example/lib/python3.6/site-packages/turtlebot3-example.egg-link (link to .)
[8.906s] Installing turtlebot3_obstacle_detection script to /home/moon/S08P31C208/ROS/buruemi_ws/install/turtlebot3_example/lib/turtlebot3_example
[8.907s] Installing turtlebot3_patrol_client script to /home/moon/S08P31C208/ROS/buruemi_ws/install/turtlebot3_example/lib/turtlebot3_example
[8.908s] Installing turtlebot3_patrol_server script to /home/moon/S08P31C208/ROS/buruemi_ws/install/turtlebot3_example/lib/turtlebot3_example
[8.908s] Installing turtlebot3_position_control script to /home/moon/S08P31C208/ROS/buruemi_ws/install/turtlebot3_example/lib/turtlebot3_example
[8.909s] 
[8.910s] Installed /home/moon/S08P31C208/ROS/buruemi_ws/build/turtlebot3_example
[8.910s] running install_data
[9.695s] Invoked command in '/home/moon/S08P31C208/ROS/buruemi_ws/build/turtlebot3_example' returned '0': PYTHONPATH=/home/moon/S08P31C208/ROS/buruemi_ws/build/turtlebot3_example/prefix_override:/home/moon/S08P31C208/ROS/buruemi_ws/install/turtlebot3_example/lib/python3.6/site-packages:${PYTHONPATH} /usr/bin/python3 setup.py develop --editable --build-directory /home/moon/S08P31C208/ROS/buruemi_ws/build/turtlebot3_example/build --no-deps install_data
