[0.544s] Invoking command in '/home/iju/S08P31C208/ROS/robot_ws/build/nav2_msgs': AMENT_PREFIX_PATH=/home/iju/S08P31C208/ROS/robot_ws/install/nav2_common:${AMENT_PREFIX_PATH} CMAKE_PREFIX_PATH=/home/iju/S08P31C208/ROS/robot_ws/install/nav2_common:/home/iju/S08P31C208/ROS/robot_ws/install/turtlebot3_simulations:/home/iju/S08P31C208/ROS/robot_ws/install/turtlebot3_gazebo:/home/iju/S08P31C208/ROS/robot_ws/install/turtlebot3:/home/iju/S08P31C208/ROS/robot_ws/install/turtlebot3_bringup:/home/iju/S08P31C208/ROS/robot_ws/install/turtlebot3_node:/home/iju/S08P31C208/ROS/robot_ws/install/turtlebot3_navigation2:/home/iju/S08P31C208/ROS/robot_ws/install/turtlebot3_fake_node:/home/iju/S08P31C208/ROS/robot_ws/install/turtlebot3_msgs:/home/iju/S08P31C208/ROS/robot_ws/install/turtlebot3_description:/home/iju/S08P31C208/ROS/robot_ws/install/turtlebot3_cartographer:/home/iju/S08P31C208/ROS/robot_ws/install/turtle_cpp:/home/iju/S08P31C208/ROS/robot_ws/install/gazebo_ros_pkgs:/home/iju/S08P31C208/ROS/robot_ws/install/gazebo_plugins:/home/iju/S08P31C208/ROS/robot_ws/install/gazebo_ros:/home/iju/S08P31C208/ROS/robot_ws/install/gazebo_msgs:/home/iju/S08P31C208/ROS/robot_ws/install/gazebo_dev:/home/iju/S08P31C208/ROS/robot_ws/install/dynamixel_sdk_examples:/home/iju/S08P31C208/ROS/robot_ws/install/dynamixel_sdk_custom_interfaces:/home/iju/S08P31C208/ROS/robot_ws/install/dynamixel_sdk:/home/iju/S08P31C208/ROS/robot_ws/install/turtlebot3_teleop:/home/iju/S08P31C208/ROS/robot_ws/install/turtlebot3_example:/opt/ros/dashing PS1=\u@\h \[\033[32m\]\w\[\033[33m\]$(parse_git_branch)\[\033[00m\] $ PYTHONPATH=/home/iju/S08P31C208/ROS/robot_ws/install/nav2_common/lib/python3.6/site-packages:${PYTHONPATH} /usr/bin/cmake /home/iju/S08P31C208/ROS/robot_ws/src/navigation2/nav2_msgs -DCMAKE_INSTALL_PREFIX=/home/iju/S08P31C208/ROS/robot_ws/install/nav2_msgs
[0.629s] -- The C compiler identification is GNU 7.5.0
[0.795s] -- The CXX compiler identification is GNU 7.5.0
[0.800s] -- Check for working C compiler: /usr/bin/cc
[1.004s] -- Check for working C compiler: /usr/bin/cc -- works
[1.004s] -- Detecting C compiler ABI info
[1.195s] -- Detecting C compiler ABI info - done
[1.204s] -- Detecting C compile features
[1.671s] -- Detecting C compile features - done
[1.674s] -- Check for working CXX compiler: /usr/bin/c++
[1.848s] -- Check for working CXX compiler: /usr/bin/c++ -- works
[1.853s] -- Detecting CXX compiler ABI info
[2.035s] -- Detecting CXX compiler ABI info - done
[2.046s] -- Detecting CXX compile features
[2.865s] -- Detecting CXX compile features - done
[2.872s] -- Found ament_cmake: 0.7.6 (/opt/ros/dashing/share/ament_cmake/cmake)
[2.929s] -- Found PythonInterp: /usr/bin/python3 (found suitable version "3.6.9", minimum required is "3") 
[2.929s] -- Using PYTHON_EXECUTABLE: /usr/bin/python3
[3.334s] -- Found nav2_common: 0.2.6 (/home/iju/S08P31C208/ROS/robot_ws/install/nav2_common/share/nav2_common/cmake)
[3.338s] -- Found builtin_interfaces: 0.7.4 (/opt/ros/dashing/share/builtin_interfaces/cmake)
[3.374s] -- Found rosidl_adapter: 0.7.10 (/opt/ros/dashing/share/rosidl_adapter/cmake)
[3.477s] -- Found geometry_msgs: 0.7.1 (/opt/ros/dashing/share/geometry_msgs/cmake)
[3.502s] -- Found rosidl_default_generators: 0.7.0 (/opt/ros/dashing/share/rosidl_default_generators/cmake)
[3.729s] -- Found OpenSSL: /usr/lib/x86_64-linux-gnu/libcrypto.so (found version "1.1.1") 
[3.809s] -- Found FastRTPS: /opt/ros/dashing/include  
[3.951s] -- Found action_msgs: 0.7.4 (/opt/ros/dashing/share/action_msgs/cmake)
[3.983s] -- Setting build type to Release as none was specified.
[4.041s] -- Found PythonInterp: /usr/bin/python3 (found version "3.6.9") 
[5.085s] -- Using all available rosidl_typesupport_c: rosidl_typesupport_fastrtps_c;rosidl_typesupport_introspection_c
[5.167s] -- Using all available rosidl_typesupport_cpp: rosidl_typesupport_fastrtps_cpp;rosidl_typesupport_introspection_cpp
[6.100s] -- Found rmw_implementation_cmake: 0.7.2 (/opt/ros/dashing/share/rmw_implementation_cmake/cmake)
[6.146s] -- Found PythonInterp: /usr/bin/python3 (found suitable version "3.6.9", minimum required is "3.5") 
[6.149s] -- Found python_cmake_module: 0.7.11 (/opt/ros/dashing/share/python_cmake_module/cmake)
[6.225s] -- Found PythonLibs: /usr/lib/x86_64-linux-gnu/libpython3.6m.so (found suitable version "3.6.9", minimum required is "3.5") 
[6.226s] -- Using PYTHON_EXECUTABLE: /usr/bin/python3
[6.226s] -- Using PYTHON_INCLUDE_DIRS: /usr/include/python3.6m
[6.226s] -- Using PYTHON_LIBRARIES: /usr/lib/x86_64-linux-gnu/libpython3.6m.so
[6.313s] -- Found PythonExtra: .so  
[7.251s] -- Configuring done
[8.594s] -- Generating done
[8.626s] -- Build files have been written to: /home/iju/S08P31C208/ROS/robot_ws/build/nav2_msgs
[8.679s] Invoked command in '/home/iju/S08P31C208/ROS/robot_ws/build/nav2_msgs' returned '0': AMENT_PREFIX_PATH=/home/iju/S08P31C208/ROS/robot_ws/install/nav2_common:${AMENT_PREFIX_PATH} CMAKE_PREFIX_PATH=/home/iju/S08P31C208/ROS/robot_ws/install/nav2_common:/home/iju/S08P31C208/ROS/robot_ws/install/turtlebot3_simulations:/home/iju/S08P31C208/ROS/robot_ws/install/turtlebot3_gazebo:/home/iju/S08P31C208/ROS/robot_ws/install/turtlebot3:/home/iju/S08P31C208/ROS/robot_ws/install/turtlebot3_bringup:/home/iju/S08P31C208/ROS/robot_ws/install/turtlebot3_node:/home/iju/S08P31C208/ROS/robot_ws/install/turtlebot3_navigation2:/home/iju/S08P31C208/ROS/robot_ws/install/turtlebot3_fake_node:/home/iju/S08P31C208/ROS/robot_ws/install/turtlebot3_msgs:/home/iju/S08P31C208/ROS/robot_ws/install/turtlebot3_description:/home/iju/S08P31C208/ROS/robot_ws/install/turtlebot3_cartographer:/home/iju/S08P31C208/ROS/robot_ws/install/turtle_cpp:/home/iju/S08P31C208/ROS/robot_ws/install/gazebo_ros_pkgs:/home/iju/S08P31C208/ROS/robot_ws/install/gazebo_plugins:/home/iju/S08P31C208/ROS/robot_ws/install/gazebo_ros:/home/iju/S08P31C208/ROS/robot_ws/install/gazebo_msgs:/home/iju/S08P31C208/ROS/robot_ws/install/gazebo_dev:/home/iju/S08P31C208/ROS/robot_ws/install/dynamixel_sdk_examples:/home/iju/S08P31C208/ROS/robot_ws/install/dynamixel_sdk_custom_interfaces:/home/iju/S08P31C208/ROS/robot_ws/install/dynamixel_sdk:/home/iju/S08P31C208/ROS/robot_ws/install/turtlebot3_teleop:/home/iju/S08P31C208/ROS/robot_ws/install/turtlebot3_example:/opt/ros/dashing PS1=\u@\h \[\033[32m\]\w\[\033[33m\]$(parse_git_branch)\[\033[00m\] $ PYTHONPATH=/home/iju/S08P31C208/ROS/robot_ws/install/nav2_common/lib/python3.6/site-packages:${PYTHONPATH} /usr/bin/cmake /home/iju/S08P31C208/ROS/robot_ws/src/navigation2/nav2_msgs -DCMAKE_INSTALL_PREFIX=/home/iju/S08P31C208/ROS/robot_ws/install/nav2_msgs
[8.681s] Invoking command in '/home/iju/S08P31C208/ROS/robot_ws/build/nav2_msgs': AMENT_PREFIX_PATH=/home/iju/S08P31C208/ROS/robot_ws/install/nav2_common:${AMENT_PREFIX_PATH} CMAKE_PREFIX_PATH=/home/iju/S08P31C208/ROS/robot_ws/install/nav2_common:/home/iju/S08P31C208/ROS/robot_ws/install/turtlebot3_simulations:/home/iju/S08P31C208/ROS/robot_ws/install/turtlebot3_gazebo:/home/iju/S08P31C208/ROS/robot_ws/install/turtlebot3:/home/iju/S08P31C208/ROS/robot_ws/install/turtlebot3_bringup:/home/iju/S08P31C208/ROS/robot_ws/install/turtlebot3_node:/home/iju/S08P31C208/ROS/robot_ws/install/turtlebot3_navigation2:/home/iju/S08P31C208/ROS/robot_ws/install/turtlebot3_fake_node:/home/iju/S08P31C208/ROS/robot_ws/install/turtlebot3_msgs:/home/iju/S08P31C208/ROS/robot_ws/install/turtlebot3_description:/home/iju/S08P31C208/ROS/robot_ws/install/turtlebot3_cartographer:/home/iju/S08P31C208/ROS/robot_ws/install/turtle_cpp:/home/iju/S08P31C208/ROS/robot_ws/install/gazebo_ros_pkgs:/home/iju/S08P31C208/ROS/robot_ws/install/gazebo_plugins:/home/iju/S08P31C208/ROS/robot_ws/install/gazebo_ros:/home/iju/S08P31C208/ROS/robot_ws/install/gazebo_msgs:/home/iju/S08P31C208/ROS/robot_ws/install/gazebo_dev:/home/iju/S08P31C208/ROS/robot_ws/install/dynamixel_sdk_examples:/home/iju/S08P31C208/ROS/robot_ws/install/dynamixel_sdk_custom_interfaces:/home/iju/S08P31C208/ROS/robot_ws/install/dynamixel_sdk:/home/iju/S08P31C208/ROS/robot_ws/install/turtlebot3_teleop:/home/iju/S08P31C208/ROS/robot_ws/install/turtlebot3_example:/opt/ros/dashing PS1=\u@\h \[\033[32m\]\w\[\033[33m\]$(parse_git_branch)\[\033[00m\] $ PYTHONPATH=/home/iju/S08P31C208/ROS/robot_ws/install/nav2_common/lib/python3.6/site-packages:${PYTHONPATH} /usr/bin/cmake --build /home/iju/S08P31C208/ROS/robot_ws/build/nav2_msgs -- -j6 -l6
[9.098s] [  1%] [34m[1mGenerating C code for ROS interfaces[0m
[9.106s] [35m[1mScanning dependencies of target nav2_msgs__cpp[0m
[9.232s] [  1%] [34m[1mGenerating C++ code for ROS interfaces[0m
[15.064s] [  1%] Built target nav2_msgs__cpp
[15.995s] [35m[1mScanning dependencies of target nav2_msgs__rosidl_generator_c[0m
[16.053s] [  1%] [32mBuilding C object CMakeFiles/nav2_msgs__rosidl_generator_c.dir/rosidl_generator_c/nav2_msgs/msg/costmap__functions.c.o[0m
[16.155s] [  2%] [32mBuilding C object CMakeFiles/nav2_msgs__rosidl_generator_c.dir/rosidl_generator_c/nav2_msgs/msg/path__functions.c.o[0m
[16.261s] [  3%] [32mBuilding C object CMakeFiles/nav2_msgs__rosidl_generator_c.dir/rosidl_generator_c/nav2_msgs/msg/voxel_grid__functions.c.o[0m
[16.385s] [  3%] [32mBuilding C object CMakeFiles/nav2_msgs__rosidl_generator_c.dir/rosidl_generator_c/nav2_msgs/srv/get_costmap__functions.c.o[0m
[16.546s] [  4%] [32mBuilding C object CMakeFiles/nav2_msgs__rosidl_generator_c.dir/rosidl_generator_c/nav2_msgs/srv/clear_costmap_except_region__functions.c.o[0m
[16.679s] [  5%] [32mBuilding C object CMakeFiles/nav2_msgs__rosidl_generator_c.dir/rosidl_generator_c/nav2_msgs/srv/clear_costmap_around_robot__functions.c.o[0m
[16.781s] [  5%] [32mBuilding C object CMakeFiles/nav2_msgs__rosidl_generator_c.dir/rosidl_generator_c/nav2_msgs/srv/clear_entire_costmap__functions.c.o[0m
[16.908s] [  6%] [32mBuilding C object CMakeFiles/nav2_msgs__rosidl_generator_c.dir/rosidl_generator_c/nav2_msgs/action/back_up__functions.c.o[0m
[17.214s] [  7%] [32mBuilding C object CMakeFiles/nav2_msgs__rosidl_generator_c.dir/rosidl_generator_c/nav2_msgs/action/compute_path_to_pose__functions.c.o[0m
[17.529s] [  7%] [32mBuilding C object CMakeFiles/nav2_msgs__rosidl_generator_c.dir/rosidl_generator_c/nav2_msgs/action/follow_path__functions.c.o[0m
[17.827s] [  8%] [32mBuilding C object CMakeFiles/nav2_msgs__rosidl_generator_c.dir/rosidl_generator_c/nav2_msgs/action/navigate_to_pose__functions.c.o[0m
[18.144s] [  9%] [32mBuilding C object CMakeFiles/nav2_msgs__rosidl_generator_c.dir/rosidl_generator_c/nav2_msgs/action/spin__functions.c.o[0m
[18.417s] [ 10%] [32mBuilding C object CMakeFiles/nav2_msgs__rosidl_generator_c.dir/rosidl_generator_c/nav2_msgs/action/dummy_recovery__functions.c.o[0m
[18.686s] [ 10%] [32mBuilding C object CMakeFiles/nav2_msgs__rosidl_generator_c.dir/rosidl_generator_c/nav2_msgs/action/random_crawl__functions.c.o[0m
[18.960s] [ 11%] [32mBuilding C object CMakeFiles/nav2_msgs__rosidl_generator_c.dir/rosidl_generator_c/nav2_msgs/msg/costmap_meta_data__functions.c.o[0m
[19.032s] [ 12%] [32m[1mLinking C shared library libnav2_msgs__rosidl_generator_c.so[0m
[19.140s] [ 12%] Built target nav2_msgs__rosidl_generator_c
[19.199s] [ 13%] [34m[1mGenerating C++ type support for eProsima Fast-RTPS[0m
[24.238s] [35m[1mScanning dependencies of target nav2_msgs__rosidl_typesupport_fastrtps_cpp[0m
[24.311s] [ 14%] [32mBuilding CXX object CMakeFiles/nav2_msgs__rosidl_typesupport_fastrtps_cpp.dir/rosidl_typesupport_fastrtps_cpp/nav2_msgs/msg/dds_fastrtps/costmap__type_support.cpp.o[0m
[24.913s] [ 15%] [32mBuilding CXX object CMakeFiles/nav2_msgs__rosidl_typesupport_fastrtps_cpp.dir/rosidl_typesupport_fastrtps_cpp/nav2_msgs/msg/dds_fastrtps/costmap_meta_data__type_support.cpp.o[0m
[25.496s] [ 15%] [32mBuilding CXX object CMakeFiles/nav2_msgs__rosidl_typesupport_fastrtps_cpp.dir/rosidl_typesupport_fastrtps_cpp/nav2_msgs/msg/dds_fastrtps/path__type_support.cpp.o[0m
[26.069s] [ 16%] [32mBuilding CXX object CMakeFiles/nav2_msgs__rosidl_typesupport_fastrtps_cpp.dir/rosidl_typesupport_fastrtps_cpp/nav2_msgs/msg/dds_fastrtps/voxel_grid__type_support.cpp.o[0m
[26.594s] [ 17%] [32mBuilding CXX object CMakeFiles/nav2_msgs__rosidl_typesupport_fastrtps_cpp.dir/rosidl_typesupport_fastrtps_cpp/nav2_msgs/srv/dds_fastrtps/get_costmap__type_support.cpp.o[0m
[27.084s] [ 17%] [32mBuilding CXX object CMakeFiles/nav2_msgs__rosidl_typesupport_fastrtps_cpp.dir/rosidl_typesupport_fastrtps_cpp/nav2_msgs/srv/dds_fastrtps/clear_costmap_except_region__type_support.cpp.o[0m
[27.582s] [ 18%] [32mBuilding CXX object CMakeFiles/nav2_msgs__rosidl_typesupport_fastrtps_cpp.dir/rosidl_typesupport_fastrtps_cpp/nav2_msgs/srv/dds_fastrtps/clear_costmap_around_robot__type_support.cpp.o[0m
[28.031s] [ 19%] [32mBuilding CXX object CMakeFiles/nav2_msgs__rosidl_typesupport_fastrtps_cpp.dir/rosidl_typesupport_fastrtps_cpp/nav2_msgs/srv/dds_fastrtps/clear_entire_costmap__type_support.cpp.o[0m
[28.469s] [ 19%] [32mBuilding CXX object CMakeFiles/nav2_msgs__rosidl_typesupport_fastrtps_cpp.dir/rosidl_typesupport_fastrtps_cpp/nav2_msgs/action/dds_fastrtps/back_up__type_support.cpp.o[0m
[28.988s] [ 20%] [32mBuilding CXX object CMakeFiles/nav2_msgs__rosidl_typesupport_fastrtps_cpp.dir/rosidl_typesupport_fastrtps_cpp/nav2_msgs/action/dds_fastrtps/compute_path_to_pose__type_support.cpp.o[0m
[29.509s] [ 21%] [32mBuilding CXX object CMakeFiles/nav2_msgs__rosidl_typesupport_fastrtps_cpp.dir/rosidl_typesupport_fastrtps_cpp/nav2_msgs/action/dds_fastrtps/follow_path__type_support.cpp.o[0m
[30.127s] [ 22%] [32mBuilding CXX object CMakeFiles/nav2_msgs__rosidl_typesupport_fastrtps_cpp.dir/rosidl_typesupport_fastrtps_cpp/nav2_msgs/action/dds_fastrtps/navigate_to_pose__type_support.cpp.o[0m
[30.760s] [ 23%] [32mBuilding CXX object CMakeFiles/nav2_msgs__rosidl_typesupport_fastrtps_cpp.dir/rosidl_typesupport_fastrtps_cpp/nav2_msgs/action/dds_fastrtps/dummy_recovery__type_support.cpp.o[0m
[30.762s] [ 23%] [32mBuilding CXX object CMakeFiles/nav2_msgs__rosidl_typesupport_fastrtps_cpp.dir/rosidl_typesupport_fastrtps_cpp/nav2_msgs/action/dds_fastrtps/spin__type_support.cpp.o[0m
[31.448s] [ 24%] [32mBuilding CXX object CMakeFiles/nav2_msgs__rosidl_typesupport_fastrtps_cpp.dir/rosidl_typesupport_fastrtps_cpp/nav2_msgs/action/dds_fastrtps/random_crawl__type_support.cpp.o[0m
[32.106s] [ 24%] [32m[1mLinking CXX shared library libnav2_msgs__rosidl_typesupport_fastrtps_cpp.so[0m
[32.253s] [ 24%] Built target nav2_msgs__rosidl_typesupport_fastrtps_cpp
[32.288s] [ 25%] [34m[1mGenerating C type support dispatch for ROS interfaces[0m
[32.292s] [ 26%] [34m[1mGenerating C introspection for ROS interfaces[0m
[34.981s] [35m[1mScanning dependencies of target nav2_msgs__rosidl_typesupport_c[0m
[35.039s] [ 26%] [32mBuilding CXX object CMakeFiles/nav2_msgs__rosidl_typesupport_c.dir/rosidl_typesupport_c/nav2_msgs/msg/costmap__type_support.cpp.o[0m
[35.134s] [ 27%] [32mBuilding CXX object CMakeFiles/nav2_msgs__rosidl_typesupport_c.dir/rosidl_typesupport_c/nav2_msgs/msg/costmap_meta_data__type_support.cpp.o[0m
[35.188s] [ 28%] [32mBuilding CXX object CMakeFiles/nav2_msgs__rosidl_typesupport_c.dir/rosidl_typesupport_c/nav2_msgs/msg/path__type_support.cpp.o[0m
[35.246s] [ 28%] [32mBuilding CXX object CMakeFiles/nav2_msgs__rosidl_typesupport_c.dir/rosidl_typesupport_c/nav2_msgs/msg/voxel_grid__type_support.cpp.o[0m
[35.294s] [ 29%] [32mBuilding CXX object CMakeFiles/nav2_msgs__rosidl_typesupport_c.dir/rosidl_typesupport_c/nav2_msgs/srv/get_costmap__type_support.cpp.o[0m
[35.344s] [ 30%] [32mBuilding CXX object CMakeFiles/nav2_msgs__rosidl_typesupport_c.dir/rosidl_typesupport_c/nav2_msgs/srv/clear_costmap_except_region__type_support.cpp.o[0m
[35.410s] [ 31%] [32mBuilding CXX object CMakeFiles/nav2_msgs__rosidl_typesupport_c.dir/rosidl_typesupport_c/nav2_msgs/srv/clear_costmap_around_robot__type_support.cpp.o[0m
[35.459s] [ 31%] [32mBuilding CXX object CMakeFiles/nav2_msgs__rosidl_typesupport_c.dir/rosidl_typesupport_c/nav2_msgs/srv/clear_entire_costmap__type_support.cpp.o[0m
[35.500s] [ 32%] [32mBuilding CXX object CMakeFiles/nav2_msgs__rosidl_typesupport_c.dir/rosidl_typesupport_c/nav2_msgs/action/back_up__type_support.cpp.o[0m
[35.574s] [ 33%] [32mBuilding CXX object CMakeFiles/nav2_msgs__rosidl_typesupport_c.dir/rosidl_typesupport_c/nav2_msgs/action/compute_path_to_pose__type_support.cpp.o[0m
[35.645s] [ 33%] [32mBuilding CXX object CMakeFiles/nav2_msgs__rosidl_typesupport_c.dir/rosidl_typesupport_c/nav2_msgs/action/follow_path__type_support.cpp.o[0m
[35.769s] [ 34%] [32mBuilding CXX object CMakeFiles/nav2_msgs__rosidl_typesupport_c.dir/rosidl_typesupport_c/nav2_msgs/action/navigate_to_pose__type_support.cpp.o[0m
[35.862s] [ 35%] [32mBuilding CXX object CMakeFiles/nav2_msgs__rosidl_typesupport_c.dir/rosidl_typesupport_c/nav2_msgs/action/spin__type_support.cpp.o[0m
[35.956s] [ 35%] [32mBuilding CXX object CMakeFiles/nav2_msgs__rosidl_typesupport_c.dir/rosidl_typesupport_c/nav2_msgs/action/dummy_recovery__type_support.cpp.o[0m
[36.044s] [ 36%] [32mBuilding CXX object CMakeFiles/nav2_msgs__rosidl_typesupport_c.dir/rosidl_typesupport_c/nav2_msgs/action/random_crawl__type_support.cpp.o[0m
[36.147s] [ 37%] [32m[1mLinking CXX shared library libnav2_msgs__rosidl_typesupport_c.so[0m
[36.249s] [ 37%] Built target nav2_msgs__rosidl_typesupport_c
[36.340s] [35m[1mScanning dependencies of target nav2_msgs__rosidl_typesupport_introspection_c[0m
[36.384s] [ 38%] [32mBuilding C object CMakeFiles/nav2_msgs__rosidl_typesupport_introspection_c.dir/rosidl_typesupport_introspection_c/nav2_msgs/msg/costmap__type_support.c.o[0m
[36.424s] [ 39%] [32mBuilding C object CMakeFiles/nav2_msgs__rosidl_typesupport_introspection_c.dir/rosidl_typesupport_introspection_c/nav2_msgs/msg/path__type_support.c.o[0m
[36.473s] [ 40%] [32mBuilding C object CMakeFiles/nav2_msgs__rosidl_typesupport_introspection_c.dir/rosidl_typesupport_introspection_c/nav2_msgs/msg/voxel_grid__type_support.c.o[0m
[36.516s] [ 41%] [32mBuilding C object CMakeFiles/nav2_msgs__rosidl_typesupport_introspection_c.dir/rosidl_typesupport_introspection_c/nav2_msgs/srv/get_costmap__type_support.c.o[0m
[36.565s] [ 41%] [32mBuilding C object CMakeFiles/nav2_msgs__rosidl_typesupport_introspection_c.dir/rosidl_typesupport_introspection_c/nav2_msgs/srv/clear_costmap_except_region__type_support.c.o[0m
[36.608s] [ 42%] [32mBuilding C object CMakeFiles/nav2_msgs__rosidl_typesupport_introspection_c.dir/rosidl_typesupport_introspection_c/nav2_msgs/srv/clear_costmap_around_robot__type_support.c.o[0m
[36.656s] [ 43%] [32mBuilding C object CMakeFiles/nav2_msgs__rosidl_typesupport_introspection_c.dir/rosidl_typesupport_introspection_c/nav2_msgs/srv/clear_entire_costmap__type_support.c.o[0m
[36.703s] [ 43%] [32mBuilding C object CMakeFiles/nav2_msgs__rosidl_typesupport_introspection_c.dir/rosidl_typesupport_introspection_c/nav2_msgs/action/back_up__type_support.c.o[0m
[36.769s] [ 44%] [32mBuilding C object CMakeFiles/nav2_msgs__rosidl_typesupport_introspection_c.dir/rosidl_typesupport_introspection_c/nav2_msgs/action/compute_path_to_pose__type_support.c.o[0m
[36.839s] [ 45%] [32mBuilding C object CMakeFiles/nav2_msgs__rosidl_typesupport_introspection_c.dir/rosidl_typesupport_introspection_c/nav2_msgs/action/follow_path__type_support.c.o[0m
[36.898s] [ 45%] [32mBuilding C object CMakeFiles/nav2_msgs__rosidl_typesupport_introspection_c.dir/rosidl_typesupport_introspection_c/nav2_msgs/action/navigate_to_pose__type_support.c.o[0m
[36.957s] [ 46%] [32mBuilding C object CMakeFiles/nav2_msgs__rosidl_typesupport_introspection_c.dir/rosidl_typesupport_introspection_c/nav2_msgs/action/spin__type_support.c.o[0m
[37.015s] [ 47%] [32mBuilding C object CMakeFiles/nav2_msgs__rosidl_typesupport_introspection_c.dir/rosidl_typesupport_introspection_c/nav2_msgs/action/dummy_recovery__type_support.c.o[0m
[37.079s] [ 48%] [32mBuilding C object CMakeFiles/nav2_msgs__rosidl_typesupport_introspection_c.dir/rosidl_typesupport_introspection_c/nav2_msgs/action/random_crawl__type_support.c.o[0m
[37.148s] [ 48%] [32mBuilding C object CMakeFiles/nav2_msgs__rosidl_typesupport_introspection_c.dir/rosidl_typesupport_introspection_c/nav2_msgs/msg/costmap_meta_data__type_support.c.o[0m
[37.191s] [ 48%] [32m[1mLinking C shared library libnav2_msgs__rosidl_typesupport_introspection_c.so[0m
[37.255s] [ 48%] Built target nav2_msgs__rosidl_typesupport_introspection_c
[37.270s] [ 49%] [34m[1mGenerating C type support for eProsima Fast-RTPS[0m
[41.109s] [35m[1mScanning dependencies of target nav2_msgs__rosidl_typesupport_fastrtps_c[0m
[41.200s] [ 49%] [32mBuilding CXX object CMakeFiles/nav2_msgs__rosidl_typesupport_fastrtps_c.dir/rosidl_typesupport_fastrtps_c/nav2_msgs/msg/costmap_meta_data__type_support_c.cpp.o[0m
[41.201s] [ 50%] [32mBuilding CXX object CMakeFiles/nav2_msgs__rosidl_typesupport_fastrtps_c.dir/rosidl_typesupport_fastrtps_c/nav2_msgs/msg/costmap__type_support_c.cpp.o[0m
[41.235s] [ 51%] [32mBuilding CXX object CMakeFiles/nav2_msgs__rosidl_typesupport_fastrtps_c.dir/rosidl_typesupport_fastrtps_c/nav2_msgs/msg/voxel_grid__type_support_c.cpp.o[0m
[41.740s] [ 52%] [32mBuilding CXX object CMakeFiles/nav2_msgs__rosidl_typesupport_fastrtps_c.dir/rosidl_typesupport_fastrtps_c/nav2_msgs/msg/path__type_support_c.cpp.o[0m
[41.818s] [ 53%] [32mBuilding CXX object CMakeFiles/nav2_msgs__rosidl_typesupport_fastrtps_c.dir/rosidl_typesupport_fastrtps_c/nav2_msgs/srv/clear_costmap_except_region__type_support_c.cpp.o[0m
[41.819s] [ 53%] [32mBuilding CXX object CMakeFiles/nav2_msgs__rosidl_typesupport_fastrtps_c.dir/rosidl_typesupport_fastrtps_c/nav2_msgs/srv/get_costmap__type_support_c.cpp.o[0m
[42.262s] [ 54%] [32mBuilding CXX object CMakeFiles/nav2_msgs__rosidl_typesupport_fastrtps_c.dir/rosidl_typesupport_fastrtps_c/nav2_msgs/srv/clear_costmap_around_robot__type_support_c.cpp.o[0m
[42.380s] [ 55%] [32mBuilding CXX object CMakeFiles/nav2_msgs__rosidl_typesupport_fastrtps_c.dir/rosidl_typesupport_fastrtps_c/nav2_msgs/action/back_up__type_support_c.cpp.o[0m
[42.382s] [ 55%] [32mBuilding CXX object CMakeFiles/nav2_msgs__rosidl_typesupport_fastrtps_c.dir/rosidl_typesupport_fastrtps_c/nav2_msgs/srv/clear_entire_costmap__type_support_c.cpp.o[0m
[42.767s] [ 56%] [32mBuilding CXX object CMakeFiles/nav2_msgs__rosidl_typesupport_fastrtps_c.dir/rosidl_typesupport_fastrtps_c/nav2_msgs/action/compute_path_to_pose__type_support_c.cpp.o[0m
[42.898s] [ 57%] [32mBuilding CXX object CMakeFiles/nav2_msgs__rosidl_typesupport_fastrtps_c.dir/rosidl_typesupport_fastrtps_c/nav2_msgs/action/follow_path__type_support_c.cpp.o[0m
[43.005s] [ 57%] [32mBuilding CXX object CMakeFiles/nav2_msgs__rosidl_typesupport_fastrtps_c.dir/rosidl_typesupport_fastrtps_c/nav2_msgs/action/navigate_to_pose__type_support_c.cpp.o[0m
[43.382s] [ 58%] [32mBuilding CXX object CMakeFiles/nav2_msgs__rosidl_typesupport_fastrtps_c.dir/rosidl_typesupport_fastrtps_c/nav2_msgs/action/spin__type_support_c.cpp.o[0m
[43.499s] [ 59%] [32mBuilding CXX object CMakeFiles/nav2_msgs__rosidl_typesupport_fastrtps_c.dir/rosidl_typesupport_fastrtps_c/nav2_msgs/action/dummy_recovery__type_support_c.cpp.o[0m
[43.629s] [ 59%] [32mBuilding CXX object CMakeFiles/nav2_msgs__rosidl_typesupport_fastrtps_c.dir/rosidl_typesupport_fastrtps_c/nav2_msgs/action/random_crawl__type_support_c.cpp.o[0m
[44.248s] [ 60%] [32m[1mLinking CXX shared library libnav2_msgs__rosidl_typesupport_fastrtps_c.so[0m
[44.401s] [ 60%] Built target nav2_msgs__rosidl_typesupport_fastrtps_c
[44.427s] [ 60%] [34m[1mGenerating C++ introspection for ROS interfaces[0m
[44.431s] [ 61%] [34m[1mGenerating C++ type support dispatch for ROS interfaces[0m
[46.822s] [35m[1mScanning dependencies of target nav2_msgs__rosidl_typesupport_cpp[0m
[46.865s] [ 62%] [32mBuilding CXX object CMakeFiles/nav2_msgs__rosidl_typesupport_cpp.dir/rosidl_typesupport_cpp/nav2_msgs/msg/costmap__type_support.cpp.o[0m
[46.866s] [ 62%] [32mBuilding CXX object CMakeFiles/nav2_msgs__rosidl_typesupport_cpp.dir/rosidl_typesupport_cpp/nav2_msgs/msg/costmap_meta_data__type_support.cpp.o[0m
[47.264s] [ 62%] [32mBuilding CXX object CMakeFiles/nav2_msgs__rosidl_typesupport_cpp.dir/rosidl_typesupport_cpp/nav2_msgs/srv/get_costmap__type_support.cpp.o[0m
[47.266s] [ 63%] [32mBuilding CXX object CMakeFiles/nav2_msgs__rosidl_typesupport_cpp.dir/rosidl_typesupport_cpp/nav2_msgs/srv/clear_costmap_except_region__type_support.cpp.o[0m
[47.635s] [ 64%] [32mBuilding CXX object CMakeFiles/nav2_msgs__rosidl_typesupport_cpp.dir/rosidl_typesupport_cpp/nav2_msgs/srv/clear_costmap_around_robot__type_support.cpp.o[0m
[47.637s] [ 65%] [32mBuilding CXX object CMakeFiles/nav2_msgs__rosidl_typesupport_cpp.dir/rosidl_typesupport_cpp/nav2_msgs/msg/voxel_grid__type_support.cpp.o[0m
[47.759s] [35m[1mScanning dependencies of target nav2_msgs__rosidl_typesupport_introspection_cpp[0m
[47.811s] [ 66%] [32mBuilding CXX object CMakeFiles/nav2_msgs__rosidl_typesupport_introspection_cpp.dir/rosidl_typesupport_introspection_cpp/nav2_msgs/msg/costmap__type_support.cpp.o[0m
[48.021s] [ 66%] [32mBuilding CXX object CMakeFiles/nav2_msgs__rosidl_typesupport_cpp.dir/rosidl_typesupport_cpp/nav2_msgs/action/back_up__type_support.cpp.o[0m
[48.034s] [ 67%] [32mBuilding CXX object CMakeFiles/nav2_msgs__rosidl_typesupport_introspection_cpp.dir/rosidl_typesupport_introspection_cpp/nav2_msgs/msg/costmap_meta_data__type_support.cpp.o[0m
[48.064s] [ 68%] [32mBuilding CXX object CMakeFiles/nav2_msgs__rosidl_typesupport_cpp.dir/rosidl_typesupport_cpp/nav2_msgs/srv/clear_entire_costmap__type_support.cpp.o[0m
[48.342s] [ 68%] [32mBuilding CXX object CMakeFiles/nav2_msgs__rosidl_typesupport_introspection_cpp.dir/rosidl_typesupport_introspection_cpp/nav2_msgs/msg/path__type_support.cpp.o[0m
[48.346s] [ 69%] [32mBuilding CXX object CMakeFiles/nav2_msgs__rosidl_typesupport_cpp.dir/rosidl_typesupport_cpp/nav2_msgs/action/compute_path_to_pose__type_support.cpp.o[0m
[48.479s] [ 70%] [32mBuilding CXX object CMakeFiles/nav2_msgs__rosidl_typesupport_introspection_cpp.dir/rosidl_typesupport_introspection_cpp/nav2_msgs/msg/voxel_grid__type_support.cpp.o[0m
[48.615s] [ 71%] [32mBuilding CXX object CMakeFiles/nav2_msgs__rosidl_typesupport_cpp.dir/rosidl_typesupport_cpp/nav2_msgs/msg/path__type_support.cpp.o[0m
[48.951s] [ 72%] [32mBuilding CXX object CMakeFiles/nav2_msgs__rosidl_typesupport_introspection_cpp.dir/rosidl_typesupport_introspection_cpp/nav2_msgs/srv/clear_costmap_except_region__type_support.cpp.o[0m
[48.982s] [ 73%] [32mBuilding CXX object CMakeFiles/nav2_msgs__rosidl_typesupport_cpp.dir/rosidl_typesupport_cpp/nav2_msgs/action/follow_path__type_support.cpp.o[0m
[49.037s] [ 74%] [32mBuilding CXX object CMakeFiles/nav2_msgs__rosidl_typesupport_introspection_cpp.dir/rosidl_typesupport_introspection_cpp/nav2_msgs/srv/get_costmap__type_support.cpp.o[0m
[49.048s] [ 74%] [32mBuilding CXX object CMakeFiles/nav2_msgs__rosidl_typesupport_cpp.dir/rosidl_typesupport_cpp/nav2_msgs/action/navigate_to_pose__type_support.cpp.o[0m
[49.335s] [ 74%] [32mBuilding CXX object CMakeFiles/nav2_msgs__rosidl_typesupport_introspection_cpp.dir/rosidl_typesupport_introspection_cpp/nav2_msgs/srv/clear_costmap_around_robot__type_support.cpp.o[0m
[49.339s] [ 75%] [32mBuilding CXX object CMakeFiles/nav2_msgs__rosidl_typesupport_cpp.dir/rosidl_typesupport_cpp/nav2_msgs/action/spin__type_support.cpp.o[0m
[49.586s] [ 76%] [32mBuilding CXX object CMakeFiles/nav2_msgs__rosidl_typesupport_introspection_cpp.dir/rosidl_typesupport_introspection_cpp/nav2_msgs/srv/clear_entire_costmap__type_support.cpp.o[0m
[49.801s] [ 77%] [32mBuilding CXX object CMakeFiles/nav2_msgs__rosidl_typesupport_cpp.dir/rosidl_typesupport_cpp/nav2_msgs/action/dummy_recovery__type_support.cpp.o[0m
[50.135s] [ 78%] [32mBuilding CXX object CMakeFiles/nav2_msgs__rosidl_typesupport_introspection_cpp.dir/rosidl_typesupport_introspection_cpp/nav2_msgs/action/follow_path__type_support.cpp.o[0m
[50.250s] [ 78%] [32mBuilding CXX object CMakeFiles/nav2_msgs__rosidl_typesupport_cpp.dir/rosidl_typesupport_cpp/nav2_msgs/action/random_crawl__type_support.cpp.o[0m
[50.515s] [ 78%] [32mBuilding CXX object CMakeFiles/nav2_msgs__rosidl_typesupport_introspection_cpp.dir/rosidl_typesupport_introspection_cpp/nav2_msgs/action/spin__type_support.cpp.o[0m
[50.589s] [ 79%] [32m[1mLinking CXX shared library libnav2_msgs__rosidl_typesupport_cpp.so[0m
[50.674s] [ 79%] Built target nav2_msgs__rosidl_typesupport_cpp
[50.830s] [ 80%] [32mBuilding CXX object CMakeFiles/nav2_msgs__rosidl_typesupport_introspection_cpp.dir/rosidl_typesupport_introspection_cpp/nav2_msgs/action/random_crawl__type_support.cpp.o[0m
[51.137s] [ 81%] [32mBuilding CXX object CMakeFiles/nav2_msgs__rosidl_typesupport_introspection_cpp.dir/rosidl_typesupport_introspection_cpp/nav2_msgs/action/dummy_recovery__type_support.cpp.o[0m
[51.464s] [ 82%] [32mBuilding CXX object CMakeFiles/nav2_msgs__rosidl_typesupport_introspection_cpp.dir/rosidl_typesupport_introspection_cpp/nav2_msgs/action/navigate_to_pose__type_support.cpp.o[0m
[51.791s] [ 82%] [32mBuilding CXX object CMakeFiles/nav2_msgs__rosidl_typesupport_introspection_cpp.dir/rosidl_typesupport_introspection_cpp/nav2_msgs/action/compute_path_to_pose__type_support.cpp.o[0m
[52.119s] [ 83%] [32mBuilding CXX object CMakeFiles/nav2_msgs__rosidl_typesupport_introspection_cpp.dir/rosidl_typesupport_introspection_cpp/nav2_msgs/action/back_up__type_support.cpp.o[0m
[52.417s] [ 84%] [32m[1mLinking CXX shared library libnav2_msgs__rosidl_typesupport_introspection_cpp.so[0m
[52.581s] [ 84%] Built target nav2_msgs__rosidl_typesupport_introspection_cpp
[52.597s] [35m[1mScanning dependencies of target nav2_msgs[0m
[52.619s] [ 84%] Built target nav2_msgs
[52.643s] [35m[1mScanning dependencies of target nav2_msgs__py[0m
[52.661s] [ 85%] [34m[1mGenerating Python code for ROS interfaces[0m
[59.853s] [ 85%] Built target nav2_msgs__py
[59.865s] [35m[1mScanning dependencies of target nav2_msgs__python[0m
[59.918s] [ 86%] [32mBuilding C object CMakeFiles/nav2_msgs__python.dir/rosidl_generator_py/nav2_msgs/msg/_costmap_meta_data_s.c.o[0m
[59.918s] [ 86%] [32mBuilding C object CMakeFiles/nav2_msgs__python.dir/rosidl_generator_py/nav2_msgs/msg/_costmap_s.c.o[0m
[59.919s] [ 87%] [32mBuilding C object CMakeFiles/nav2_msgs__python.dir/rosidl_generator_py/nav2_msgs/msg/_path_s.c.o[0m
[60.046s] [ 88%] [32mBuilding C object CMakeFiles/nav2_msgs__python.dir/rosidl_generator_py/nav2_msgs/srv/_clear_costmap_except_region_s.c.o[0m
[60.051s] [ 89%] [32mBuilding C object CMakeFiles/nav2_msgs__python.dir/rosidl_generator_py/nav2_msgs/srv/_clear_costmap_around_robot_s.c.o[0m
[60.059s] [ 89%] [32mBuilding C object CMakeFiles/nav2_msgs__python.dir/rosidl_generator_py/nav2_msgs/srv/_clear_entire_costmap_s.c.o[0m
[60.163s] [ 90%] [32mBuilding C object CMakeFiles/nav2_msgs__python.dir/rosidl_generator_py/nav2_msgs/action/_back_up_s.c.o[0m
[60.188s] [ 91%] [32mBuilding C object CMakeFiles/nav2_msgs__python.dir/rosidl_generator_py/nav2_msgs/action/_compute_path_to_pose_s.c.o[0m
[60.204s] [ 92%] [32mBuilding C object CMakeFiles/nav2_msgs__python.dir/rosidl_generator_py/nav2_msgs/action/_follow_path_s.c.o[0m
[60.218s] [ 92%] [32mBuilding C object CMakeFiles/nav2_msgs__python.dir/rosidl_generator_py/nav2_msgs/srv/_get_costmap_s.c.o[0m
[60.229s] [ 92%] [32mBuilding C object CMakeFiles/nav2_msgs__python.dir/rosidl_generator_py/nav2_msgs/action/_navigate_to_pose_s.c.o[0m
[60.468s] [ 93%] [32mBuilding C object CMakeFiles/nav2_msgs__python.dir/rosidl_generator_py/nav2_msgs/msg/_voxel_grid_s.c.o[0m
[60.488s] [ 94%] [32mBuilding C object CMakeFiles/nav2_msgs__python.dir/rosidl_generator_py/nav2_msgs/action/_spin_s.c.o[0m
[60.488s] [ 95%] [32mBuilding C object CMakeFiles/nav2_msgs__python.dir/rosidl_generator_py/nav2_msgs/action/_dummy_recovery_s.c.o[0m
[60.516s] [ 95%] [32mBuilding C object CMakeFiles/nav2_msgs__python.dir/rosidl_generator_py/nav2_msgs/action/_random_crawl_s.c.o[0m
[60.772s] [ 96%] [32m[1mLinking C shared library rosidl_generator_py/nav2_msgs/libnav2_msgs__python.so[0m
[60.859s] [ 96%] Built target nav2_msgs__python
[60.876s] [35m[1mScanning dependencies of target nav2_msgs__rosidl_typesupport_c__pyext[0m
[60.877s] [35m[1mScanning dependencies of target nav2_msgs__rosidl_typesupport_introspection_c__pyext[0m
[60.881s] [35m[1mScanning dependencies of target nav2_msgs__rosidl_typesupport_fastrtps_c__pyext[0m
[60.908s] [ 97%] [32mBuilding C object CMakeFiles/nav2_msgs__rosidl_typesupport_introspection_c__pyext.dir/rosidl_generator_py/nav2_msgs/_nav2_msgs_s.ep.rosidl_typesupport_introspection_c.c.o[0m
[60.912s] [ 98%] [32mBuilding C object CMakeFiles/nav2_msgs__rosidl_typesupport_c__pyext.dir/rosidl_generator_py/nav2_msgs/_nav2_msgs_s.ep.rosidl_typesupport_c.c.o[0m
[60.927s] [ 99%] [32mBuilding C object CMakeFiles/nav2_msgs__rosidl_typesupport_fastrtps_c__pyext.dir/rosidl_generator_py/nav2_msgs/_nav2_msgs_s.ep.rosidl_typesupport_fastrtps_c.c.o[0m
[61.892s] [100%] [32m[1mLinking C shared library rosidl_generator_py/nav2_msgs/nav2_msgs_s__rosidl_typesupport_introspection_c.cpython-36m-x86_64-linux-gnu.so[0m
[61.920s] [100%] [32m[1mLinking C shared library rosidl_generator_py/nav2_msgs/nav2_msgs_s__rosidl_typesupport_c.cpython-36m-x86_64-linux-gnu.so[0m
[61.934s] [100%] [32m[1mLinking C shared library rosidl_generator_py/nav2_msgs/nav2_msgs_s__rosidl_typesupport_fastrtps_c.cpython-36m-x86_64-linux-gnu.so[0m
[62.001s] [100%] Built target nav2_msgs__rosidl_typesupport_introspection_c__pyext
[62.021s] [100%] Built target nav2_msgs__rosidl_typesupport_c__pyext
[62.053s] [100%] Built target nav2_msgs__rosidl_typesupport_fastrtps_c__pyext
[62.065s] Invoked command in '/home/iju/S08P31C208/ROS/robot_ws/build/nav2_msgs' returned '0': AMENT_PREFIX_PATH=/home/iju/S08P31C208/ROS/robot_ws/install/nav2_common:${AMENT_PREFIX_PATH} CMAKE_PREFIX_PATH=/home/iju/S08P31C208/ROS/robot_ws/install/nav2_common:/home/iju/S08P31C208/ROS/robot_ws/install/turtlebot3_simulations:/home/iju/S08P31C208/ROS/robot_ws/install/turtlebot3_gazebo:/home/iju/S08P31C208/ROS/robot_ws/install/turtlebot3:/home/iju/S08P31C208/ROS/robot_ws/install/turtlebot3_bringup:/home/iju/S08P31C208/ROS/robot_ws/install/turtlebot3_node:/home/iju/S08P31C208/ROS/robot_ws/install/turtlebot3_navigation2:/home/iju/S08P31C208/ROS/robot_ws/install/turtlebot3_fake_node:/home/iju/S08P31C208/ROS/robot_ws/install/turtlebot3_msgs:/home/iju/S08P31C208/ROS/robot_ws/install/turtlebot3_description:/home/iju/S08P31C208/ROS/robot_ws/install/turtlebot3_cartographer:/home/iju/S08P31C208/ROS/robot_ws/install/turtle_cpp:/home/iju/S08P31C208/ROS/robot_ws/install/gazebo_ros_pkgs:/home/iju/S08P31C208/ROS/robot_ws/install/gazebo_plugins:/home/iju/S08P31C208/ROS/robot_ws/install/gazebo_ros:/home/iju/S08P31C208/ROS/robot_ws/install/gazebo_msgs:/home/iju/S08P31C208/ROS/robot_ws/install/gazebo_dev:/home/iju/S08P31C208/ROS/robot_ws/install/dynamixel_sdk_examples:/home/iju/S08P31C208/ROS/robot_ws/install/dynamixel_sdk_custom_interfaces:/home/iju/S08P31C208/ROS/robot_ws/install/dynamixel_sdk:/home/iju/S08P31C208/ROS/robot_ws/install/turtlebot3_teleop:/home/iju/S08P31C208/ROS/robot_ws/install/turtlebot3_example:/opt/ros/dashing PS1=\u@\h \[\033[32m\]\w\[\033[33m\]$(parse_git_branch)\[\033[00m\] $ PYTHONPATH=/home/iju/S08P31C208/ROS/robot_ws/install/nav2_common/lib/python3.6/site-packages:${PYTHONPATH} /usr/bin/cmake --build /home/iju/S08P31C208/ROS/robot_ws/build/nav2_msgs -- -j6 -l6
[62.430s] Invoking command in '/home/iju/S08P31C208/ROS/robot_ws/build/nav2_msgs': AMENT_PREFIX_PATH=/home/iju/S08P31C208/ROS/robot_ws/install/nav2_common:${AMENT_PREFIX_PATH} CMAKE_PREFIX_PATH=/home/iju/S08P31C208/ROS/robot_ws/install/nav2_common:/home/iju/S08P31C208/ROS/robot_ws/install/turtlebot3_simulations:/home/iju/S08P31C208/ROS/robot_ws/install/turtlebot3_gazebo:/home/iju/S08P31C208/ROS/robot_ws/install/turtlebot3:/home/iju/S08P31C208/ROS/robot_ws/install/turtlebot3_bringup:/home/iju/S08P31C208/ROS/robot_ws/install/turtlebot3_node:/home/iju/S08P31C208/ROS/robot_ws/install/turtlebot3_navigation2:/home/iju/S08P31C208/ROS/robot_ws/install/turtlebot3_fake_node:/home/iju/S08P31C208/ROS/robot_ws/install/turtlebot3_msgs:/home/iju/S08P31C208/ROS/robot_ws/install/turtlebot3_description:/home/iju/S08P31C208/ROS/robot_ws/install/turtlebot3_cartographer:/home/iju/S08P31C208/ROS/robot_ws/install/turtle_cpp:/home/iju/S08P31C208/ROS/robot_ws/install/gazebo_ros_pkgs:/home/iju/S08P31C208/ROS/robot_ws/install/gazebo_plugins:/home/iju/S08P31C208/ROS/robot_ws/install/gazebo_ros:/home/iju/S08P31C208/ROS/robot_ws/install/gazebo_msgs:/home/iju/S08P31C208/ROS/robot_ws/install/gazebo_dev:/home/iju/S08P31C208/ROS/robot_ws/install/dynamixel_sdk_examples:/home/iju/S08P31C208/ROS/robot_ws/install/dynamixel_sdk_custom_interfaces:/home/iju/S08P31C208/ROS/robot_ws/install/dynamixel_sdk:/home/iju/S08P31C208/ROS/robot_ws/install/turtlebot3_teleop:/home/iju/S08P31C208/ROS/robot_ws/install/turtlebot3_example:/opt/ros/dashing PS1=\u@\h \[\033[32m\]\w\[\033[33m\]$(parse_git_branch)\[\033[00m\] $ PYTHONPATH=/home/iju/S08P31C208/ROS/robot_ws/install/nav2_common/lib/python3.6/site-packages:${PYTHONPATH} /usr/bin/cmake --build /home/iju/S08P31C208/ROS/robot_ws/build/nav2_msgs --target install -- -j6 -l6
[62.495s] [  0%] Built target nav2_msgs__cpp
[62.501s] [ 12%] Built target nav2_msgs__rosidl_generator_c
[62.532s] [ 24%] Built target nav2_msgs__rosidl_typesupport_cpp
[62.549s] [ 36%] Built target nav2_msgs__rosidl_typesupport_introspection_cpp
[62.550s] [ 48%] Built target nav2_msgs__rosidl_typesupport_fastrtps_cpp
[62.589s] [ 60%] Built target nav2_msgs__rosidl_typesupport_introspection_c
[62.597s] [ 72%] Built target nav2_msgs__rosidl_typesupport_fastrtps_c
[62.607s] [ 84%] Built target nav2_msgs__rosidl_typesupport_c
[62.630s] [ 84%] Built target nav2_msgs
[62.657s] [ 85%] Built target nav2_msgs__py
[62.704s] [ 96%] Built target nav2_msgs__python
[62.737s] [ 97%] Built target nav2_msgs__rosidl_typesupport_fastrtps_c__pyext
[62.737s] [ 98%] Built target nav2_msgs__rosidl_typesupport_c__pyext
[62.772s] [100%] Built target nav2_msgs__rosidl_typesupport_introspection_c__pyext
[62.797s] [36mInstall the project...[0m
[62.809s] -- Install configuration: "Release"
[62.809s] -- Installing: /home/iju/S08P31C208/ROS/robot_ws/install/nav2_msgs/share/ament_index/resource_index/rosidl_interfaces/nav2_msgs
[62.810s] -- Installing: /home/iju/S08P31C208/ROS/robot_ws/install/nav2_msgs/include/nav2_msgs
[62.810s] -- Installing: /home/iju/S08P31C208/ROS/robot_ws/install/nav2_msgs/include/nav2_msgs/action
[62.810s] -- Installing: /home/iju/S08P31C208/ROS/robot_ws/install/nav2_msgs/include/nav2_msgs/action/back_up__traits.hpp
[62.810s] -- Installing: /home/iju/S08P31C208/ROS/robot_ws/install/nav2_msgs/include/nav2_msgs/action/follow_path__struct.hpp
[62.811s] -- Installing: /home/iju/S08P31C208/ROS/robot_ws/install/nav2_msgs/include/nav2_msgs/action/follow_path__traits.hpp
[62.811s] -- Installing: /home/iju/S08P31C208/ROS/robot_ws/install/nav2_msgs/include/nav2_msgs/action/dummy_recovery.hpp
[62.811s] -- Installing: /home/iju/S08P31C208/ROS/robot_ws/install/nav2_msgs/include/nav2_msgs/action/random_crawl.hpp
[62.811s] -- Installing: /home/iju/S08P31C208/ROS/robot_ws/install/nav2_msgs/include/nav2_msgs/action/spin.hpp
[62.812s] -- Installing: /home/iju/S08P31C208/ROS/robot_ws/install/nav2_msgs/include/nav2_msgs/action/random_crawl__traits.hpp
[62.812s] -- Installing: /home/iju/S08P31C208/ROS/robot_ws/install/nav2_msgs/include/nav2_msgs/action/follow_path.hpp
[62.812s] -- Installing: /home/iju/S08P31C208/ROS/robot_ws/install/nav2_msgs/include/nav2_msgs/action/compute_path_to_pose__struct.hpp
[62.812s] -- Installing: /home/iju/S08P31C208/ROS/robot_ws/install/nav2_msgs/include/nav2_msgs/action/back_up.hpp
[62.813s] -- Installing: /home/iju/S08P31C208/ROS/robot_ws/install/nav2_msgs/include/nav2_msgs/action/compute_path_to_pose__traits.hpp
[62.813s] -- Installing: /home/iju/S08P31C208/ROS/robot_ws/install/nav2_msgs/include/nav2_msgs/action/navigate_to_pose__struct.hpp
[62.813s] -- Installing: /home/iju/S08P31C208/ROS/robot_ws/install/nav2_msgs/include/nav2_msgs/action/compute_path_to_pose.hpp
[62.813s] -- Installing: /home/iju/S08P31C208/ROS/robot_ws/install/nav2_msgs/include/nav2_msgs/action/spin__struct.hpp
[62.814s] -- Installing: /home/iju/S08P31C208/ROS/robot_ws/install/nav2_msgs/include/nav2_msgs/action/spin__traits.hpp
[62.814s] -- Installing: /home/iju/S08P31C208/ROS/robot_ws/install/nav2_msgs/include/nav2_msgs/action/navigate_to_pose.hpp
[62.814s] -- Installing: /home/iju/S08P31C208/ROS/robot_ws/install/nav2_msgs/include/nav2_msgs/action/back_up__struct.hpp
[62.814s] -- Installing: /home/iju/S08P31C208/ROS/robot_ws/install/nav2_msgs/include/nav2_msgs/action/dummy_recovery__traits.hpp
[62.814s] -- Installing: /home/iju/S08P31C208/ROS/robot_ws/install/nav2_msgs/include/nav2_msgs/action/navigate_to_pose__traits.hpp
[62.815s] -- Installing: /home/iju/S08P31C208/ROS/robot_ws/install/nav2_msgs/include/nav2_msgs/action/dummy_recovery__struct.hpp
[62.815s] -- Installing: /home/iju/S08P31C208/ROS/robot_ws/install/nav2_msgs/include/nav2_msgs/action/random_crawl__struct.hpp
[62.815s] -- Installing: /home/iju/S08P31C208/ROS/robot_ws/install/nav2_msgs/include/nav2_msgs/srv
[62.815s] -- Installing: /home/iju/S08P31C208/ROS/robot_ws/install/nav2_msgs/include/nav2_msgs/srv/clear_entire_costmap__struct.hpp
[62.816s] -- Installing: /home/iju/S08P31C208/ROS/robot_ws/install/nav2_msgs/include/nav2_msgs/srv/get_costmap__struct.hpp
[62.816s] -- Installing: /home/iju/S08P31C208/ROS/robot_ws/install/nav2_msgs/include/nav2_msgs/srv/clear_costmap_around_robot__struct.hpp
[62.816s] -- Installing: /home/iju/S08P31C208/ROS/robot_ws/install/nav2_msgs/include/nav2_msgs/srv/clear_entire_costmap__traits.hpp
[62.816s] -- Installing: /home/iju/S08P31C208/ROS/robot_ws/install/nav2_msgs/include/nav2_msgs/srv/get_costmap__traits.hpp
[62.817s] -- Installing: /home/iju/S08P31C208/ROS/robot_ws/install/nav2_msgs/include/nav2_msgs/srv/clear_costmap_except_region__traits.hpp
[62.817s] -- Installing: /home/iju/S08P31C208/ROS/robot_ws/install/nav2_msgs/include/nav2_msgs/srv/clear_entire_costmap.hpp
[62.817s] -- Installing: /home/iju/S08P31C208/ROS/robot_ws/install/nav2_msgs/include/nav2_msgs/srv/clear_costmap_except_region.hpp
[62.817s] -- Installing: /home/iju/S08P31C208/ROS/robot_ws/install/nav2_msgs/include/nav2_msgs/srv/clear_costmap_around_robot.hpp
[62.817s] -- Installing: /home/iju/S08P31C208/ROS/robot_ws/install/nav2_msgs/include/nav2_msgs/srv/clear_costmap_around_robot__traits.hpp
[62.817s] -- Installing: /home/iju/S08P31C208/ROS/robot_ws/install/nav2_msgs/include/nav2_msgs/srv/get_costmap.hpp
[62.818s] -- Installing: /home/iju/S08P31C208/ROS/robot_ws/install/nav2_msgs/include/nav2_msgs/srv/clear_costmap_except_region__struct.hpp
[62.818s] -- Installing: /home/iju/S08P31C208/ROS/robot_ws/install/nav2_msgs/include/nav2_msgs/msg
[62.818s] -- Installing: /home/iju/S08P31C208/ROS/robot_ws/install/nav2_msgs/include/nav2_msgs/msg/costmap_meta_data__traits.hpp
[62.818s] -- Installing: /home/iju/S08P31C208/ROS/robot_ws/install/nav2_msgs/include/nav2_msgs/msg/path__traits.hpp
[62.819s] -- Installing: /home/iju/S08P31C208/ROS/robot_ws/install/nav2_msgs/include/nav2_msgs/msg/costmap__struct.hpp
[62.819s] -- Installing: /home/iju/S08P31C208/ROS/robot_ws/install/nav2_msgs/include/nav2_msgs/msg/path.hpp
[62.819s] -- Installing: /home/iju/S08P31C208/ROS/robot_ws/install/nav2_msgs/include/nav2_msgs/msg/costmap_meta_data__struct.hpp
[62.819s] -- Installing: /home/iju/S08P31C208/ROS/robot_ws/install/nav2_msgs/include/nav2_msgs/msg/costmap.hpp
[62.819s] -- Installing: /home/iju/S08P31C208/ROS/robot_ws/install/nav2_msgs/include/nav2_msgs/msg/voxel_grid__struct.hpp
[62.820s] -- Installing: /home/iju/S08P31C208/ROS/robot_ws/install/nav2_msgs/include/nav2_msgs/msg/costmap__traits.hpp
[62.820s] -- Installing: /home/iju/S08P31C208/ROS/robot_ws/install/nav2_msgs/include/nav2_msgs/msg/costmap_meta_data.hpp
[62.820s] -- Installing: /home/iju/S08P31C208/ROS/robot_ws/install/nav2_msgs/include/nav2_msgs/msg/voxel_grid.hpp
[62.820s] -- Installing: /home/iju/S08P31C208/ROS/robot_ws/install/nav2_msgs/include/nav2_msgs/msg/path__struct.hpp
[62.820s] -- Installing: /home/iju/S08P31C208/ROS/robot_ws/install/nav2_msgs/include/nav2_msgs/msg/voxel_grid__traits.hpp
[62.821s] -- Up-to-date: /home/iju/S08P31C208/ROS/robot_ws/install/nav2_msgs/include/nav2_msgs
[62.821s] -- Up-to-date: /home/iju/S08P31C208/ROS/robot_ws/install/nav2_msgs/include/nav2_msgs/action
[62.821s] -- Installing: /home/iju/S08P31C208/ROS/robot_ws/install/nav2_msgs/include/nav2_msgs/action/follow_path__functions.c
[62.821s] -- Installing: /home/iju/S08P31C208/ROS/robot_ws/install/nav2_msgs/include/nav2_msgs/action/back_up__functions.c
[62.822s] -- Installing: /home/iju/S08P31C208/ROS/robot_ws/install/nav2_msgs/include/nav2_msgs/action/spin__functions.h
[62.822s] -- Installing: /home/iju/S08P31C208/ROS/robot_ws/install/nav2_msgs/include/nav2_msgs/action/random_crawl__struct.h
[62.822s] -- Installing: /home/iju/S08P31C208/ROS/robot_ws/install/nav2_msgs/include/nav2_msgs/action/random_crawl__functions.h
[62.822s] -- Installing: /home/iju/S08P31C208/ROS/robot_ws/install/nav2_msgs/include/nav2_msgs/action/spin__type_support.h
[62.823s] -- Installing: /home/iju/S08P31C208/ROS/robot_ws/install/nav2_msgs/include/nav2_msgs/action/navigate_to_pose.h
[62.823s] -- Installing: /home/iju/S08P31C208/ROS/robot_ws/install/nav2_msgs/include/nav2_msgs/action/compute_path_to_pose__functions.h
[62.823s] -- Installing: /home/iju/S08P31C208/ROS/robot_ws/install/nav2_msgs/include/nav2_msgs/action/random_crawl__type_support.h
[62.824s] -- Installing: /home/iju/S08P31C208/ROS/robot_ws/install/nav2_msgs/include/nav2_msgs/action/spin__struct.h
[62.824s] -- Installing: /home/iju/S08P31C208/ROS/robot_ws/install/nav2_msgs/include/nav2_msgs/action/dummy_recovery__struct.h
[62.824s] -- Installing: /home/iju/S08P31C208/ROS/robot_ws/install/nav2_msgs/include/nav2_msgs/action/random_crawl__functions.c
[62.824s] -- Installing: /home/iju/S08P31C208/ROS/robot_ws/install/nav2_msgs/include/nav2_msgs/action/navigate_to_pose__functions.h
[62.825s] -- Installing: /home/iju/S08P31C208/ROS/robot_ws/install/nav2_msgs/include/nav2_msgs/action/dummy_recovery__functions.c
[62.825s] -- Installing: /home/iju/S08P31C208/ROS/robot_ws/install/nav2_msgs/include/nav2_msgs/action/back_up.h
[62.825s] -- Installing: /home/iju/S08P31C208/ROS/robot_ws/install/nav2_msgs/include/nav2_msgs/action/compute_path_to_pose__type_support.h
[62.825s] -- Installing: /home/iju/S08P31C208/ROS/robot_ws/install/nav2_msgs/include/nav2_msgs/action/compute_path_to_pose__struct.h
[62.826s] -- Installing: /home/iju/S08P31C208/ROS/robot_ws/install/nav2_msgs/include/nav2_msgs/action/navigate_to_pose__functions.c
[62.826s] -- Installing: /home/iju/S08P31C208/ROS/robot_ws/install/nav2_msgs/include/nav2_msgs/action/compute_path_to_pose__functions.c
[62.826s] -- Installing: /home/iju/S08P31C208/ROS/robot_ws/install/nav2_msgs/include/nav2_msgs/action/random_crawl.h
[62.826s] -- Installing: /home/iju/S08P31C208/ROS/robot_ws/install/nav2_msgs/include/nav2_msgs/action/back_up__functions.h
[62.826s] -- Installing: /home/iju/S08P31C208/ROS/robot_ws/install/nav2_msgs/include/nav2_msgs/action/follow_path__functions.h
[62.827s] -- Installing: /home/iju/S08P31C208/ROS/robot_ws/install/nav2_msgs/include/nav2_msgs/action/follow_path.h
[62.827s] -- Installing: /home/iju/S08P31C208/ROS/robot_ws/install/nav2_msgs/include/nav2_msgs/action/compute_path_to_pose.h
[62.827s] -- Installing: /home/iju/S08P31C208/ROS/robot_ws/install/nav2_msgs/include/nav2_msgs/action/back_up__struct.h
[62.827s] -- Installing: /home/iju/S08P31C208/ROS/robot_ws/install/nav2_msgs/include/nav2_msgs/action/spin__functions.c
[62.828s] -- Installing: /home/iju/S08P31C208/ROS/robot_ws/install/nav2_msgs/include/nav2_msgs/action/spin.h
[62.828s] -- Installing: /home/iju/S08P31C208/ROS/robot_ws/install/nav2_msgs/include/nav2_msgs/action/follow_path__struct.h
[62.828s] -- Installing: /home/iju/S08P31C208/ROS/robot_ws/install/nav2_msgs/include/nav2_msgs/action/follow_path__type_support.h
[62.828s] -- Installing: /home/iju/S08P31C208/ROS/robot_ws/install/nav2_msgs/include/nav2_msgs/action/dummy_recovery.h
[62.829s] -- Installing: /home/iju/S08P31C208/ROS/robot_ws/install/nav2_msgs/include/nav2_msgs/action/back_up__type_support.h
[62.829s] -- Installing: /home/iju/S08P31C208/ROS/robot_ws/install/nav2_msgs/include/nav2_msgs/action/dummy_recovery__type_support.h
[62.829s] -- Installing: /home/iju/S08P31C208/ROS/robot_ws/install/nav2_msgs/include/nav2_msgs/action/dummy_recovery__functions.h
[62.829s] -- Installing: /home/iju/S08P31C208/ROS/robot_ws/install/nav2_msgs/include/nav2_msgs/action/navigate_to_pose__type_support.h
[62.830s] -- Installing: /home/iju/S08P31C208/ROS/robot_ws/install/nav2_msgs/include/nav2_msgs/action/navigate_to_pose__struct.h
[62.830s] -- Up-to-date: /home/iju/S08P31C208/ROS/robot_ws/install/nav2_msgs/include/nav2_msgs/srv
[62.830s] -- Installing: /home/iju/S08P31C208/ROS/robot_ws/install/nav2_msgs/include/nav2_msgs/srv/clear_costmap_around_robot.h
[62.830s] -- Installing: /home/iju/S08P31C208/ROS/robot_ws/install/nav2_msgs/include/nav2_msgs/srv/clear_costmap_around_robot__functions.h
[62.831s] -- Installing: /home/iju/S08P31C208/ROS/robot_ws/install/nav2_msgs/include/nav2_msgs/srv/clear_costmap_except_region__type_support.h
[62.831s] -- Installing: /home/iju/S08P31C208/ROS/robot_ws/install/nav2_msgs/include/nav2_msgs/srv/get_costmap__struct.h
[62.831s] -- Installing: /home/iju/S08P31C208/ROS/robot_ws/install/nav2_msgs/include/nav2_msgs/srv/get_costmap__functions.c
[62.831s] -- Installing: /home/iju/S08P31C208/ROS/robot_ws/install/nav2_msgs/include/nav2_msgs/srv/clear_costmap_except_region.h
[62.831s] -- Installing: /home/iju/S08P31C208/ROS/robot_ws/install/nav2_msgs/include/nav2_msgs/srv/clear_costmap_around_robot__struct.h
[62.832s] -- Installing: /home/iju/S08P31C208/ROS/robot_ws/install/nav2_msgs/include/nav2_msgs/srv/get_costmap__type_support.h
[62.832s] -- Installing: /home/iju/S08P31C208/ROS/robot_ws/install/nav2_msgs/include/nav2_msgs/srv/clear_costmap_except_region__functions.h
[62.832s] -- Installing: /home/iju/S08P31C208/ROS/robot_ws/install/nav2_msgs/include/nav2_msgs/srv/clear_costmap_around_robot__functions.c
[62.832s] -- Installing: /home/iju/S08P31C208/ROS/robot_ws/install/nav2_msgs/include/nav2_msgs/srv/clear_entire_costmap__functions.c
[62.832s] -- Installing: /home/iju/S08P31C208/ROS/robot_ws/install/nav2_msgs/include/nav2_msgs/srv/clear_entire_costmap__type_support.h
[62.833s] -- Installing: /home/iju/S08P31C208/ROS/robot_ws/install/nav2_msgs/include/nav2_msgs/srv/clear_costmap_except_region__functions.c
[62.833s] -- Installing: /home/iju/S08P31C208/ROS/robot_ws/install/nav2_msgs/include/nav2_msgs/srv/clear_costmap_except_region__struct.h
[62.833s] -- Installing: /home/iju/S08P31C208/ROS/robot_ws/install/nav2_msgs/include/nav2_msgs/srv/clear_costmap_around_robot__type_support.h
[62.833s] -- Installing: /home/iju/S08P31C208/ROS/robot_ws/install/nav2_msgs/include/nav2_msgs/srv/clear_entire_costmap__functions.h
[62.834s] -- Installing: /home/iju/S08P31C208/ROS/robot_ws/install/nav2_msgs/include/nav2_msgs/srv/get_costmap__functions.h
[62.834s] -- Installing: /home/iju/S08P31C208/ROS/robot_ws/install/nav2_msgs/include/nav2_msgs/srv/clear_entire_costmap.h
[62.834s] -- Installing: /home/iju/S08P31C208/ROS/robot_ws/install/nav2_msgs/include/nav2_msgs/srv/clear_entire_costmap__struct.h
[62.834s] -- Installing: /home/iju/S08P31C208/ROS/robot_ws/install/nav2_msgs/include/nav2_msgs/srv/get_costmap.h
[62.834s] -- Up-to-date: /home/iju/S08P31C208/ROS/robot_ws/install/nav2_msgs/include/nav2_msgs/msg
[62.835s] -- Installing: /home/iju/S08P31C208/ROS/robot_ws/install/nav2_msgs/include/nav2_msgs/msg/costmap_meta_data__functions.c
[62.835s] -- Installing: /home/iju/S08P31C208/ROS/robot_ws/install/nav2_msgs/include/nav2_msgs/msg/costmap__type_support.h
[62.835s] -- Installing: /home/iju/S08P31C208/ROS/robot_ws/install/nav2_msgs/include/nav2_msgs/msg/costmap__functions.h
[62.835s] -- Installing: /home/iju/S08P31C208/ROS/robot_ws/install/nav2_msgs/include/nav2_msgs/msg/costmap_meta_data__type_support.h
[62.836s] -- Installing: /home/iju/S08P31C208/ROS/robot_ws/install/nav2_msgs/include/nav2_msgs/msg/costmap_meta_data__functions.h
[62.836s] -- Installing: /home/iju/S08P31C208/ROS/robot_ws/install/nav2_msgs/include/nav2_msgs/msg/costmap_meta_data.h
[62.836s] -- Installing: /home/iju/S08P31C208/ROS/robot_ws/install/nav2_msgs/include/nav2_msgs/msg/path__functions.c
[62.836s] -- Installing: /home/iju/S08P31C208/ROS/robot_ws/install/nav2_msgs/include/nav2_msgs/msg/costmap_meta_data__struct.h
[62.836s] -- Installing: /home/iju/S08P31C208/ROS/robot_ws/install/nav2_msgs/include/nav2_msgs/msg/path__type_support.h
[62.837s] -- Installing: /home/iju/S08P31C208/ROS/robot_ws/install/nav2_msgs/include/nav2_msgs/msg/voxel_grid__functions.c
[62.837s] -- Installing: /home/iju/S08P31C208/ROS/robot_ws/install/nav2_msgs/include/nav2_msgs/msg/voxel_grid__functions.h
[62.837s] -- Installing: /home/iju/S08P31C208/ROS/robot_ws/install/nav2_msgs/include/nav2_msgs/msg/voxel_grid__type_support.h
[62.838s] -- Installing: /home/iju/S08P31C208/ROS/robot_ws/install/nav2_msgs/include/nav2_msgs/msg/costmap__functions.c
[62.838s] -- Installing: /home/iju/S08P31C208/ROS/robot_ws/install/nav2_msgs/include/nav2_msgs/msg/path__struct.h
[62.838s] -- Installing: /home/iju/S08P31C208/ROS/robot_ws/install/nav2_msgs/include/nav2_msgs/msg/costmap__struct.h
[62.838s] -- Installing: /home/iju/S08P31C208/ROS/robot_ws/install/nav2_msgs/include/nav2_msgs/msg/voxel_grid__struct.h
[62.839s] -- Installing: /home/iju/S08P31C208/ROS/robot_ws/install/nav2_msgs/include/nav2_msgs/msg/path__functions.h
[62.839s] -- Installing: /home/iju/S08P31C208/ROS/robot_ws/install/nav2_msgs/include/nav2_msgs/msg/rosidl_generator_c__visibility_control.h
[62.839s] -- Installing: /home/iju/S08P31C208/ROS/robot_ws/install/nav2_msgs/include/nav2_msgs/msg/path.h
[62.839s] -- Installing: /home/iju/S08P31C208/ROS/robot_ws/install/nav2_msgs/include/nav2_msgs/msg/costmap.h
[62.839s] -- Installing: /home/iju/S08P31C208/ROS/robot_ws/install/nav2_msgs/include/nav2_msgs/msg/voxel_grid.h
[62.840s] -- Installing: /home/iju/S08P31C208/ROS/robot_ws/install/nav2_msgs/share/nav2_msgs/environment/library_path.sh
[62.840s] -- Installing: /home/iju/S08P31C208/ROS/robot_ws/install/nav2_msgs/lib/libnav2_msgs__rosidl_generator_c.so
[62.841s] -- Set runtime path of "/home/iju/S08P31C208/ROS/robot_ws/install/nav2_msgs/lib/libnav2_msgs__rosidl_generator_c.so" to ""
[62.841s] -- Installing: /home/iju/S08P31C208/ROS/robot_ws/install/nav2_msgs/lib/libnav2_msgs__rosidl_typesupport_c.so
[62.842s] -- Set runtime path of "/home/iju/S08P31C208/ROS/robot_ws/install/nav2_msgs/lib/libnav2_msgs__rosidl_typesupport_c.so" to ""
[62.842s] -- Installing: /home/iju/S08P31C208/ROS/robot_ws/install/nav2_msgs/lib/libnav2_msgs__rosidl_typesupport_cpp.so
[62.843s] -- Set runtime path of "/home/iju/S08P31C208/ROS/robot_ws/install/nav2_msgs/lib/libnav2_msgs__rosidl_typesupport_cpp.so" to ""
[62.843s] -- Up-to-date: /home/iju/S08P31C208/ROS/robot_ws/install/nav2_msgs/include/nav2_msgs
[62.843s] -- Up-to-date: /home/iju/S08P31C208/ROS/robot_ws/install/nav2_msgs/include/nav2_msgs/action
[62.843s] -- Installing: /home/iju/S08P31C208/ROS/robot_ws/install/nav2_msgs/include/nav2_msgs/action/spin__rosidl_typesupport_introspection_c.h
[62.843s] -- Installing: /home/iju/S08P31C208/ROS/robot_ws/install/nav2_msgs/include/nav2_msgs/action/random_crawl__type_support.c
[62.844s] -- Installing: /home/iju/S08P31C208/ROS/robot_ws/install/nav2_msgs/include/nav2_msgs/action/compute_path_to_pose__rosidl_typesupport_introspection_c.h
[62.844s] -- Installing: /home/iju/S08P31C208/ROS/robot_ws/install/nav2_msgs/include/nav2_msgs/action/navigate_to_pose__type_support.c
[62.844s] -- Installing: /home/iju/S08P31C208/ROS/robot_ws/install/nav2_msgs/include/nav2_msgs/action/navigate_to_pose__rosidl_typesupport_introspection_c.h
[62.844s] -- Installing: /home/iju/S08P31C208/ROS/robot_ws/install/nav2_msgs/include/nav2_msgs/action/back_up__rosidl_typesupport_introspection_c.h
[62.845s] -- Installing: /home/iju/S08P31C208/ROS/robot_ws/install/nav2_msgs/include/nav2_msgs/action/back_up__type_support.c
[62.845s] -- Installing: /home/iju/S08P31C208/ROS/robot_ws/install/nav2_msgs/include/nav2_msgs/action/dummy_recovery__rosidl_typesupport_introspection_c.h
[62.845s] -- Installing: /home/iju/S08P31C208/ROS/robot_ws/install/nav2_msgs/include/nav2_msgs/action/random_crawl__rosidl_typesupport_introspection_c.h
[62.845s] -- Installing: /home/iju/S08P31C208/ROS/robot_ws/install/nav2_msgs/include/nav2_msgs/action/dummy_recovery__type_support.c
[62.846s] -- Installing: /home/iju/S08P31C208/ROS/robot_ws/install/nav2_msgs/include/nav2_msgs/action/spin__type_support.c
[62.846s] -- Installing: /home/iju/S08P31C208/ROS/robot_ws/install/nav2_msgs/include/nav2_msgs/action/compute_path_to_pose__type_support.c
[62.846s] -- Installing: /home/iju/S08P31C208/ROS/robot_ws/install/nav2_msgs/include/nav2_msgs/action/follow_path__rosidl_typesupport_introspection_c.h
[62.846s] -- Installing: /home/iju/S08P31C208/ROS/robot_ws/install/nav2_msgs/include/nav2_msgs/action/follow_path__type_support.c
[62.847s] -- Up-to-date: /home/iju/S08P31C208/ROS/robot_ws/install/nav2_msgs/include/nav2_msgs/srv
[62.847s] -- Installing: /home/iju/S08P31C208/ROS/robot_ws/install/nav2_msgs/include/nav2_msgs/srv/clear_entire_costmap__rosidl_typesupport_introspection_c.h
[62.847s] -- Installing: /home/iju/S08P31C208/ROS/robot_ws/install/nav2_msgs/include/nav2_msgs/srv/clear_costmap_around_robot__type_support.c
[62.847s] -- Installing: /home/iju/S08P31C208/ROS/robot_ws/install/nav2_msgs/include/nav2_msgs/srv/clear_costmap_around_robot__rosidl_typesupport_introspection_c.h
[62.848s] -- Installing: /home/iju/S08P31C208/ROS/robot_ws/install/nav2_msgs/include/nav2_msgs/srv/get_costmap__type_support.c
[62.848s] -- Installing: /home/iju/S08P31C208/ROS/robot_ws/install/nav2_msgs/include/nav2_msgs/srv/get_costmap__rosidl_typesupport_introspection_c.h
[62.848s] -- Installing: /home/iju/S08P31C208/ROS/robot_ws/install/nav2_msgs/include/nav2_msgs/srv/clear_costmap_except_region__rosidl_typesupport_introspection_c.h
[62.848s] -- Installing: /home/iju/S08P31C208/ROS/robot_ws/install/nav2_msgs/include/nav2_msgs/srv/clear_entire_costmap__type_support.c
[62.848s] -- Installing: /home/iju/S08P31C208/ROS/robot_ws/install/nav2_msgs/include/nav2_msgs/srv/clear_costmap_except_region__type_support.c
[62.848s] -- Up-to-date: /home/iju/S08P31C208/ROS/robot_ws/install/nav2_msgs/include/nav2_msgs/msg
[62.849s] -- Installing: /home/iju/S08P31C208/ROS/robot_ws/install/nav2_msgs/include/nav2_msgs/msg/path__type_support.c
[62.849s] -- Installing: /home/iju/S08P31C208/ROS/robot_ws/install/nav2_msgs/include/nav2_msgs/msg/path__rosidl_typesupport_introspection_c.h
[62.849s] -- Installing: /home/iju/S08P31C208/ROS/robot_ws/install/nav2_msgs/include/nav2_msgs/msg/voxel_grid__rosidl_typesupport_introspection_c.h
[62.849s] -- Installing: /home/iju/S08P31C208/ROS/robot_ws/install/nav2_msgs/include/nav2_msgs/msg/rosidl_typesupport_introspection_c__visibility_control.h
[62.849s] -- Installing: /home/iju/S08P31C208/ROS/robot_ws/install/nav2_msgs/include/nav2_msgs/msg/costmap__rosidl_typesupport_introspection_c.h
[62.850s] -- Installing: /home/iju/S08P31C208/ROS/robot_ws/install/nav2_msgs/include/nav2_msgs/msg/costmap__type_support.c
[62.850s] -- Installing: /home/iju/S08P31C208/ROS/robot_ws/install/nav2_msgs/include/nav2_msgs/msg/voxel_grid__type_support.c
[62.850s] -- Installing: /home/iju/S08P31C208/ROS/robot_ws/install/nav2_msgs/include/nav2_msgs/msg/costmap_meta_data__type_support.c
[62.850s] -- Installing: /home/iju/S08P31C208/ROS/robot_ws/install/nav2_msgs/include/nav2_msgs/msg/costmap_meta_data__rosidl_typesupport_introspection_c.h
[62.851s] -- Installing: /home/iju/S08P31C208/ROS/robot_ws/install/nav2_msgs/lib/libnav2_msgs__rosidl_typesupport_introspection_c.so
[62.852s] -- Set runtime path of "/home/iju/S08P31C208/ROS/robot_ws/install/nav2_msgs/lib/libnav2_msgs__rosidl_typesupport_introspection_c.so" to ""
[62.853s] -- Up-to-date: /home/iju/S08P31C208/ROS/robot_ws/install/nav2_msgs/include/nav2_msgs
[62.853s] -- Up-to-date: /home/iju/S08P31C208/ROS/robot_ws/install/nav2_msgs/include/nav2_msgs/action
[62.853s] -- Installing: /home/iju/S08P31C208/ROS/robot_ws/install/nav2_msgs/include/nav2_msgs/action/navigate_to_pose__rosidl_typesupport_introspection_cpp.hpp
[62.853s] -- Installing: /home/iju/S08P31C208/ROS/robot_ws/install/nav2_msgs/include/nav2_msgs/action/random_crawl__rosidl_typesupport_introspection_cpp.hpp
[62.853s] -- Installing: /home/iju/S08P31C208/ROS/robot_ws/install/nav2_msgs/include/nav2_msgs/action/dummy_recovery__rosidl_typesupport_introspection_cpp.hpp
[62.854s] -- Installing: /home/iju/S08P31C208/ROS/robot_ws/install/nav2_msgs/include/nav2_msgs/action/back_up__type_support.cpp
[62.854s] -- Installing: /home/iju/S08P31C208/ROS/robot_ws/install/nav2_msgs/include/nav2_msgs/action/compute_path_to_pose__rosidl_typesupport_introspection_cpp.hpp
[62.854s] -- Installing: /home/iju/S08P31C208/ROS/robot_ws/install/nav2_msgs/include/nav2_msgs/action/compute_path_to_pose__type_support.cpp
[62.854s] -- Installing: /home/iju/S08P31C208/ROS/robot_ws/install/nav2_msgs/include/nav2_msgs/action/spin__rosidl_typesupport_introspection_cpp.hpp
[62.855s] -- Installing: /home/iju/S08P31C208/ROS/robot_ws/install/nav2_msgs/include/nav2_msgs/action/back_up__rosidl_typesupport_introspection_cpp.hpp
[62.855s] -- Installing: /home/iju/S08P31C208/ROS/robot_ws/install/nav2_msgs/include/nav2_msgs/action/dummy_recovery__type_support.cpp
[62.855s] -- Installing: /home/iju/S08P31C208/ROS/robot_ws/install/nav2_msgs/include/nav2_msgs/action/follow_path__type_support.cpp
[62.855s] -- Installing: /home/iju/S08P31C208/ROS/robot_ws/install/nav2_msgs/include/nav2_msgs/action/navigate_to_pose__type_support.cpp
[62.856s] -- Installing: /home/iju/S08P31C208/ROS/robot_ws/install/nav2_msgs/include/nav2_msgs/action/follow_path__rosidl_typesupport_introspection_cpp.hpp
[62.856s] -- Installing: /home/iju/S08P31C208/ROS/robot_ws/install/nav2_msgs/include/nav2_msgs/action/spin__type_support.cpp
[62.856s] -- Installing: /home/iju/S08P31C208/ROS/robot_ws/install/nav2_msgs/include/nav2_msgs/action/random_crawl__type_support.cpp
[62.856s] -- Up-to-date: /home/iju/S08P31C208/ROS/robot_ws/install/nav2_msgs/include/nav2_msgs/srv
[62.856s] -- Installing: /home/iju/S08P31C208/ROS/robot_ws/install/nav2_msgs/include/nav2_msgs/srv/clear_costmap_around_robot__rosidl_typesupport_introspection_cpp.hpp
[62.857s] -- Installing: /home/iju/S08P31C208/ROS/robot_ws/install/nav2_msgs/include/nav2_msgs/srv/clear_costmap_except_region__type_support.cpp
[62.857s] -- Installing: /home/iju/S08P31C208/ROS/robot_ws/install/nav2_msgs/include/nav2_msgs/srv/get_costmap__type_support.cpp
[62.857s] -- Installing: /home/iju/S08P31C208/ROS/robot_ws/install/nav2_msgs/include/nav2_msgs/srv/clear_entire_costmap__rosidl_typesupport_introspection_cpp.hpp
[62.857s] -- Installing: /home/iju/S08P31C208/ROS/robot_ws/install/nav2_msgs/include/nav2_msgs/srv/clear_costmap_except_region__rosidl_typesupport_introspection_cpp.hpp
[62.857s] -- Installing: /home/iju/S08P31C208/ROS/robot_ws/install/nav2_msgs/include/nav2_msgs/srv/get_costmap__rosidl_typesupport_introspection_cpp.hpp
[62.857s] -- Installing: /home/iju/S08P31C208/ROS/robot_ws/install/nav2_msgs/include/nav2_msgs/srv/clear_entire_costmap__type_support.cpp
[62.858s] -- Installing: /home/iju/S08P31C208/ROS/robot_ws/install/nav2_msgs/include/nav2_msgs/srv/clear_costmap_around_robot__type_support.cpp
[62.858s] -- Up-to-date: /home/iju/S08P31C208/ROS/robot_ws/install/nav2_msgs/include/nav2_msgs/msg
[62.858s] -- Installing: /home/iju/S08P31C208/ROS/robot_ws/install/nav2_msgs/include/nav2_msgs/msg/path__type_support.cpp
[62.858s] -- Installing: /home/iju/S08P31C208/ROS/robot_ws/install/nav2_msgs/include/nav2_msgs/msg/path__rosidl_typesupport_introspection_cpp.hpp
[62.858s] -- Installing: /home/iju/S08P31C208/ROS/robot_ws/install/nav2_msgs/include/nav2_msgs/msg/costmap_meta_data__rosidl_typesupport_introspection_cpp.hpp
[62.859s] -- Installing: /home/iju/S08P31C208/ROS/robot_ws/install/nav2_msgs/include/nav2_msgs/msg/voxel_grid__type_support.cpp
[62.859s] -- Installing: /home/iju/S08P31C208/ROS/robot_ws/install/nav2_msgs/include/nav2_msgs/msg/voxel_grid__rosidl_typesupport_introspection_cpp.hpp
[62.859s] -- Installing: /home/iju/S08P31C208/ROS/robot_ws/install/nav2_msgs/include/nav2_msgs/msg/costmap__rosidl_typesupport_introspection_cpp.hpp
[62.859s] -- Installing: /home/iju/S08P31C208/ROS/robot_ws/install/nav2_msgs/include/nav2_msgs/msg/costmap__type_support.cpp
[62.859s] -- Installing: /home/iju/S08P31C208/ROS/robot_ws/install/nav2_msgs/include/nav2_msgs/msg/costmap_meta_data__type_support.cpp
[62.860s] -- Installing: /home/iju/S08P31C208/ROS/robot_ws/install/nav2_msgs/lib/libnav2_msgs__rosidl_typesupport_introspection_cpp.so
[62.860s] -- Set runtime path of "/home/iju/S08P31C208/ROS/robot_ws/install/nav2_msgs/lib/libnav2_msgs__rosidl_typesupport_introspection_cpp.so" to ""
[62.861s] -- Up-to-date: /home/iju/S08P31C208/ROS/robot_ws/install/nav2_msgs/include/nav2_msgs
[62.861s] -- Up-to-date: /home/iju/S08P31C208/ROS/robot_ws/install/nav2_msgs/include/nav2_msgs/action
[62.861s] -- Installing: /home/iju/S08P31C208/ROS/robot_ws/install/nav2_msgs/include/nav2_msgs/action/back_up__rosidl_typesupport_fastrtps_c.h
[62.861s] -- Installing: /home/iju/S08P31C208/ROS/robot_ws/install/nav2_msgs/include/nav2_msgs/action/compute_path_to_pose__rosidl_typesupport_fastrtps_c.h
[62.861s] -- Installing: /home/iju/S08P31C208/ROS/robot_ws/install/nav2_msgs/include/nav2_msgs/action/dummy_recovery__rosidl_typesupport_fastrtps_c.h
[62.862s] -- Installing: /home/iju/S08P31C208/ROS/robot_ws/install/nav2_msgs/include/nav2_msgs/action/random_crawl__rosidl_typesupport_fastrtps_c.h
[62.862s] -- Installing: /home/iju/S08P31C208/ROS/robot_ws/install/nav2_msgs/include/nav2_msgs/action/navigate_to_pose__rosidl_typesupport_fastrtps_c.h
[62.862s] -- Installing: /home/iju/S08P31C208/ROS/robot_ws/install/nav2_msgs/include/nav2_msgs/action/follow_path__rosidl_typesupport_fastrtps_c.h
[62.862s] -- Installing: /home/iju/S08P31C208/ROS/robot_ws/install/nav2_msgs/include/nav2_msgs/action/spin__rosidl_typesupport_fastrtps_c.h
[62.863s] -- Up-to-date: /home/iju/S08P31C208/ROS/robot_ws/install/nav2_msgs/include/nav2_msgs/srv
[62.863s] -- Installing: /home/iju/S08P31C208/ROS/robot_ws/install/nav2_msgs/include/nav2_msgs/srv/clear_costmap_except_region__rosidl_typesupport_fastrtps_c.h
[62.863s] -- Installing: /home/iju/S08P31C208/ROS/robot_ws/install/nav2_msgs/include/nav2_msgs/srv/get_costmap__rosidl_typesupport_fastrtps_c.h
[62.863s] -- Installing: /home/iju/S08P31C208/ROS/robot_ws/install/nav2_msgs/include/nav2_msgs/srv/clear_costmap_around_robot__rosidl_typesupport_fastrtps_c.h
[62.863s] -- Installing: /home/iju/S08P31C208/ROS/robot_ws/install/nav2_msgs/include/nav2_msgs/srv/clear_entire_costmap__rosidl_typesupport_fastrtps_c.h
[62.863s] -- Up-to-date: /home/iju/S08P31C208/ROS/robot_ws/install/nav2_msgs/include/nav2_msgs/msg
[62.864s] -- Installing: /home/iju/S08P31C208/ROS/robot_ws/install/nav2_msgs/include/nav2_msgs/msg/path__rosidl_typesupport_fastrtps_c.h
[62.864s] -- Installing: /home/iju/S08P31C208/ROS/robot_ws/install/nav2_msgs/include/nav2_msgs/msg/costmap__rosidl_typesupport_fastrtps_c.h
[62.864s] -- Installing: /home/iju/S08P31C208/ROS/robot_ws/install/nav2_msgs/include/nav2_msgs/msg/voxel_grid__rosidl_typesupport_fastrtps_c.h
[62.864s] -- Installing: /home/iju/S08P31C208/ROS/robot_ws/install/nav2_msgs/include/nav2_msgs/msg/costmap_meta_data__rosidl_typesupport_fastrtps_c.h
[62.864s] -- Installing: /home/iju/S08P31C208/ROS/robot_ws/install/nav2_msgs/include/nav2_msgs/msg/rosidl_typesupport_fastrtps_c__visibility_control.h
[62.865s] -- Installing: /home/iju/S08P31C208/ROS/robot_ws/install/nav2_msgs/lib/libnav2_msgs__rosidl_typesupport_fastrtps_c.so
[62.866s] -- Set runtime path of "/home/iju/S08P31C208/ROS/robot_ws/install/nav2_msgs/lib/libnav2_msgs__rosidl_typesupport_fastrtps_c.so" to ""
[62.866s] -- Up-to-date: /home/iju/S08P31C208/ROS/robot_ws/install/nav2_msgs/include/nav2_msgs
[62.866s] -- Up-to-date: /home/iju/S08P31C208/ROS/robot_ws/install/nav2_msgs/include/nav2_msgs/action
[62.866s] -- Installing: /home/iju/S08P31C208/ROS/robot_ws/install/nav2_msgs/include/nav2_msgs/action/dummy_recovery__rosidl_typesupport_fastrtps_cpp.hpp
[62.866s] -- Installing: /home/iju/S08P31C208/ROS/robot_ws/install/nav2_msgs/include/nav2_msgs/action/spin__rosidl_typesupport_fastrtps_cpp.hpp
[62.867s] -- Installing: /home/iju/S08P31C208/ROS/robot_ws/install/nav2_msgs/include/nav2_msgs/action/compute_path_to_pose__rosidl_typesupport_fastrtps_cpp.hpp
[62.867s] -- Installing: /home/iju/S08P31C208/ROS/robot_ws/install/nav2_msgs/include/nav2_msgs/action/dds_fastrtps
[62.867s] -- Installing: /home/iju/S08P31C208/ROS/robot_ws/install/nav2_msgs/include/nav2_msgs/action/follow_path__rosidl_typesupport_fastrtps_cpp.hpp
[62.867s] -- Installing: /home/iju/S08P31C208/ROS/robot_ws/install/nav2_msgs/include/nav2_msgs/action/random_crawl__rosidl_typesupport_fastrtps_cpp.hpp
[62.867s] -- Installing: /home/iju/S08P31C208/ROS/robot_ws/install/nav2_msgs/include/nav2_msgs/action/back_up__rosidl_typesupport_fastrtps_cpp.hpp
[62.868s] -- Installing: /home/iju/S08P31C208/ROS/robot_ws/install/nav2_msgs/include/nav2_msgs/action/navigate_to_pose__rosidl_typesupport_fastrtps_cpp.hpp
[62.868s] -- Up-to-date: /home/iju/S08P31C208/ROS/robot_ws/install/nav2_msgs/include/nav2_msgs/srv
[62.868s] -- Installing: /home/iju/S08P31C208/ROS/robot_ws/install/nav2_msgs/include/nav2_msgs/srv/clear_costmap_except_region__rosidl_typesupport_fastrtps_cpp.hpp
[62.868s] -- Installing: /home/iju/S08P31C208/ROS/robot_ws/install/nav2_msgs/include/nav2_msgs/srv/clear_entire_costmap__rosidl_typesupport_fastrtps_cpp.hpp
[62.868s] -- Installing: /home/iju/S08P31C208/ROS/robot_ws/install/nav2_msgs/include/nav2_msgs/srv/dds_fastrtps
[62.869s] -- Installing: /home/iju/S08P31C208/ROS/robot_ws/install/nav2_msgs/include/nav2_msgs/srv/get_costmap__rosidl_typesupport_fastrtps_cpp.hpp
[62.869s] -- Installing: /home/iju/S08P31C208/ROS/robot_ws/install/nav2_msgs/include/nav2_msgs/srv/clear_costmap_around_robot__rosidl_typesupport_fastrtps_cpp.hpp
[62.869s] -- Up-to-date: /home/iju/S08P31C208/ROS/robot_ws/install/nav2_msgs/include/nav2_msgs/msg
[62.869s] -- Installing: /home/iju/S08P31C208/ROS/robot_ws/install/nav2_msgs/include/nav2_msgs/msg/dds_fastrtps
[62.870s] -- Installing: /home/iju/S08P31C208/ROS/robot_ws/install/nav2_msgs/include/nav2_msgs/msg/voxel_grid__rosidl_typesupport_fastrtps_cpp.hpp
[62.870s] -- Installing: /home/iju/S08P31C208/ROS/robot_ws/install/nav2_msgs/include/nav2_msgs/msg/rosidl_typesupport_fastrtps_cpp__visibility_control.h
[62.870s] -- Installing: /home/iju/S08P31C208/ROS/robot_ws/install/nav2_msgs/include/nav2_msgs/msg/costmap_meta_data__rosidl_typesupport_fastrtps_cpp.hpp
[62.870s] -- Installing: /home/iju/S08P31C208/ROS/robot_ws/install/nav2_msgs/include/nav2_msgs/msg/path__rosidl_typesupport_fastrtps_cpp.hpp
[62.870s] -- Installing: /home/iju/S08P31C208/ROS/robot_ws/install/nav2_msgs/include/nav2_msgs/msg/costmap__rosidl_typesupport_fastrtps_cpp.hpp
[62.871s] -- Installing: /home/iju/S08P31C208/ROS/robot_ws/install/nav2_msgs/lib/libnav2_msgs__rosidl_typesupport_fastrtps_cpp.so
[62.872s] -- Set runtime path of "/home/iju/S08P31C208/ROS/robot_ws/install/nav2_msgs/lib/libnav2_msgs__rosidl_typesupport_fastrtps_cpp.so" to ""
[62.872s] -- Installing: /home/iju/S08P31C208/ROS/robot_ws/install/nav2_msgs/share/nav2_msgs/environment/pythonpath.sh
[62.872s] -- Installing: /home/iju/S08P31C208/ROS/robot_ws/install/nav2_msgs/lib/python3.6/site-packages/nav2_msgs/__init__.py
[62.912s] Compiling '/home/iju/S08P31C208/ROS/robot_ws/install/nav2_msgs/lib/python3.6/site-packages/nav2_msgs/__init__.py'...
[62.916s] -- Installing: /home/iju/S08P31C208/ROS/robot_ws/install/nav2_msgs/lib/python3.6/site-packages/nav2_msgs/msg
[62.917s] -- Installing: /home/iju/S08P31C208/ROS/robot_ws/install/nav2_msgs/lib/python3.6/site-packages/nav2_msgs/msg/_costmap_s.c
[62.917s] -- Installing: /home/iju/S08P31C208/ROS/robot_ws/install/nav2_msgs/lib/python3.6/site-packages/nav2_msgs/msg/_costmap.py
[62.917s] -- Installing: /home/iju/S08P31C208/ROS/robot_ws/install/nav2_msgs/lib/python3.6/site-packages/nav2_msgs/msg/_costmap_meta_data.py
[62.917s] -- Installing: /home/iju/S08P31C208/ROS/robot_ws/install/nav2_msgs/lib/python3.6/site-packages/nav2_msgs/msg/_voxel_grid.py
[62.917s] -- Installing: /home/iju/S08P31C208/ROS/robot_ws/install/nav2_msgs/lib/python3.6/site-packages/nav2_msgs/msg/_path_s.c
[62.918s] -- Installing: /home/iju/S08P31C208/ROS/robot_ws/install/nav2_msgs/lib/python3.6/site-packages/nav2_msgs/msg/_voxel_grid_s.c
[62.918s] -- Installing: /home/iju/S08P31C208/ROS/robot_ws/install/nav2_msgs/lib/python3.6/site-packages/nav2_msgs/msg/_costmap_meta_data_s.c
[62.918s] -- Installing: /home/iju/S08P31C208/ROS/robot_ws/install/nav2_msgs/lib/python3.6/site-packages/nav2_msgs/msg/_path.py
[62.918s] -- Installing: /home/iju/S08P31C208/ROS/robot_ws/install/nav2_msgs/lib/python3.6/site-packages/nav2_msgs/msg/__init__.py
[62.919s] -- Installing: /home/iju/S08P31C208/ROS/robot_ws/install/nav2_msgs/lib/python3.6/site-packages/nav2_msgs/srv
[62.919s] -- Installing: /home/iju/S08P31C208/ROS/robot_ws/install/nav2_msgs/lib/python3.6/site-packages/nav2_msgs/srv/_clear_costmap_around_robot.py
[62.919s] -- Installing: /home/iju/S08P31C208/ROS/robot_ws/install/nav2_msgs/lib/python3.6/site-packages/nav2_msgs/srv/_clear_costmap_except_region_s.c
[62.919s] -- Installing: /home/iju/S08P31C208/ROS/robot_ws/install/nav2_msgs/lib/python3.6/site-packages/nav2_msgs/srv/_get_costmap.py
[62.920s] -- Installing: /home/iju/S08P31C208/ROS/robot_ws/install/nav2_msgs/lib/python3.6/site-packages/nav2_msgs/srv/_clear_costmap_except_region.py
[62.920s] -- Installing: /home/iju/S08P31C208/ROS/robot_ws/install/nav2_msgs/lib/python3.6/site-packages/nav2_msgs/srv/_clear_entire_costmap_s.c
[62.920s] -- Installing: /home/iju/S08P31C208/ROS/robot_ws/install/nav2_msgs/lib/python3.6/site-packages/nav2_msgs/srv/__init__.py
[62.920s] -- Installing: /home/iju/S08P31C208/ROS/robot_ws/install/nav2_msgs/lib/python3.6/site-packages/nav2_msgs/srv/_clear_entire_costmap.py
[62.921s] -- Installing: /home/iju/S08P31C208/ROS/robot_ws/install/nav2_msgs/lib/python3.6/site-packages/nav2_msgs/srv/_get_costmap_s.c
[62.921s] -- Installing: /home/iju/S08P31C208/ROS/robot_ws/install/nav2_msgs/lib/python3.6/site-packages/nav2_msgs/srv/_clear_costmap_around_robot_s.c
[62.921s] -- Installing: /home/iju/S08P31C208/ROS/robot_ws/install/nav2_msgs/lib/python3.6/site-packages/nav2_msgs/action
[62.921s] -- Installing: /home/iju/S08P31C208/ROS/robot_ws/install/nav2_msgs/lib/python3.6/site-packages/nav2_msgs/action/_back_up.py
[62.922s] -- Installing: /home/iju/S08P31C208/ROS/robot_ws/install/nav2_msgs/lib/python3.6/site-packages/nav2_msgs/action/_dummy_recovery_s.c
[62.922s] -- Installing: /home/iju/S08P31C208/ROS/robot_ws/install/nav2_msgs/lib/python3.6/site-packages/nav2_msgs/action/_random_crawl_s.c
[62.922s] -- Installing: /home/iju/S08P31C208/ROS/robot_ws/install/nav2_msgs/lib/python3.6/site-packages/nav2_msgs/action/_spin_s.c
[62.923s] -- Installing: /home/iju/S08P31C208/ROS/robot_ws/install/nav2_msgs/lib/python3.6/site-packages/nav2_msgs/action/_navigate_to_pose.py
[62.923s] -- Installing: /home/iju/S08P31C208/ROS/robot_ws/install/nav2_msgs/lib/python3.6/site-packages/nav2_msgs/action/_follow_path_s.c
[62.923s] -- Installing: /home/iju/S08P31C208/ROS/robot_ws/install/nav2_msgs/lib/python3.6/site-packages/nav2_msgs/action/_compute_path_to_pose.py
[62.924s] -- Installing: /home/iju/S08P31C208/ROS/robot_ws/install/nav2_msgs/lib/python3.6/site-packages/nav2_msgs/action/_compute_path_to_pose_s.c
[62.924s] -- Installing: /home/iju/S08P31C208/ROS/robot_ws/install/nav2_msgs/lib/python3.6/site-packages/nav2_msgs/action/_follow_path.py
[62.924s] -- Installing: /home/iju/S08P31C208/ROS/robot_ws/install/nav2_msgs/lib/python3.6/site-packages/nav2_msgs/action/_spin.py
[62.924s] -- Installing: /home/iju/S08P31C208/ROS/robot_ws/install/nav2_msgs/lib/python3.6/site-packages/nav2_msgs/action/__init__.py
[62.925s] -- Installing: /home/iju/S08P31C208/ROS/robot_ws/install/nav2_msgs/lib/python3.6/site-packages/nav2_msgs/action/_navigate_to_pose_s.c
[62.925s] -- Installing: /home/iju/S08P31C208/ROS/robot_ws/install/nav2_msgs/lib/python3.6/site-packages/nav2_msgs/action/_random_crawl.py
[62.925s] -- Installing: /home/iju/S08P31C208/ROS/robot_ws/install/nav2_msgs/lib/python3.6/site-packages/nav2_msgs/action/_back_up_s.c
[62.926s] -- Installing: /home/iju/S08P31C208/ROS/robot_ws/install/nav2_msgs/lib/python3.6/site-packages/nav2_msgs/action/_dummy_recovery.py
[62.926s] -- Installing: /home/iju/S08P31C208/ROS/robot_ws/install/nav2_msgs/lib/python3.6/site-packages/nav2_msgs/nav2_msgs_s__rosidl_typesupport_c.cpython-36m-x86_64-linux-gnu.so
[62.927s] -- Set runtime path of "/home/iju/S08P31C208/ROS/robot_ws/install/nav2_msgs/lib/python3.6/site-packages/nav2_msgs/nav2_msgs_s__rosidl_typesupport_c.cpython-36m-x86_64-linux-gnu.so" to ""
[62.928s] -- Installing: /home/iju/S08P31C208/ROS/robot_ws/install/nav2_msgs/lib/python3.6/site-packages/nav2_msgs/nav2_msgs_s__rosidl_typesupport_introspection_c.cpython-36m-x86_64-linux-gnu.so
[62.929s] -- Set runtime path of "/home/iju/S08P31C208/ROS/robot_ws/install/nav2_msgs/lib/python3.6/site-packages/nav2_msgs/nav2_msgs_s__rosidl_typesupport_introspection_c.cpython-36m-x86_64-linux-gnu.so" to ""
[62.929s] -- Installing: /home/iju/S08P31C208/ROS/robot_ws/install/nav2_msgs/lib/python3.6/site-packages/nav2_msgs/nav2_msgs_s__rosidl_typesupport_fastrtps_c.cpython-36m-x86_64-linux-gnu.so
[62.930s] -- Set runtime path of "/home/iju/S08P31C208/ROS/robot_ws/install/nav2_msgs/lib/python3.6/site-packages/nav2_msgs/nav2_msgs_s__rosidl_typesupport_fastrtps_c.cpython-36m-x86_64-linux-gnu.so" to ""
[62.930s] -- Installing: /home/iju/S08P31C208/ROS/robot_ws/install/nav2_msgs/lib/libnav2_msgs__python.so
[62.931s] -- Set runtime path of "/home/iju/S08P31C208/ROS/robot_ws/install/nav2_msgs/lib/libnav2_msgs__python.so" to ""
[62.931s] -- Installing: /home/iju/S08P31C208/ROS/robot_ws/install/nav2_msgs/share/nav2_msgs/msg/Costmap.idl
[62.932s] -- Installing: /home/iju/S08P31C208/ROS/robot_ws/install/nav2_msgs/share/nav2_msgs/msg/CostmapMetaData.idl
[62.932s] -- Installing: /home/iju/S08P31C208/ROS/robot_ws/install/nav2_msgs/share/nav2_msgs/msg/Path.idl
[62.932s] -- Installing: /home/iju/S08P31C208/ROS/robot_ws/install/nav2_msgs/share/nav2_msgs/msg/VoxelGrid.idl
[62.933s] -- Installing: /home/iju/S08P31C208/ROS/robot_ws/install/nav2_msgs/share/nav2_msgs/srv/GetCostmap.idl
[62.933s] -- Installing: /home/iju/S08P31C208/ROS/robot_ws/install/nav2_msgs/share/nav2_msgs/srv/ClearCostmapExceptRegion.idl
[62.933s] -- Installing: /home/iju/S08P31C208/ROS/robot_ws/install/nav2_msgs/share/nav2_msgs/srv/ClearCostmapAroundRobot.idl
[62.934s] -- Installing: /home/iju/S08P31C208/ROS/robot_ws/install/nav2_msgs/share/nav2_msgs/srv/ClearEntireCostmap.idl
[62.934s] -- Installing: /home/iju/S08P31C208/ROS/robot_ws/install/nav2_msgs/share/nav2_msgs/action/BackUp.idl
[62.934s] -- Installing: /home/iju/S08P31C208/ROS/robot_ws/install/nav2_msgs/share/nav2_msgs/action/ComputePathToPose.idl
[62.935s] -- Installing: /home/iju/S08P31C208/ROS/robot_ws/install/nav2_msgs/share/nav2_msgs/action/FollowPath.idl
[62.935s] -- Installing: /home/iju/S08P31C208/ROS/robot_ws/install/nav2_msgs/share/nav2_msgs/action/NavigateToPose.idl
[62.935s] -- Installing: /home/iju/S08P31C208/ROS/robot_ws/install/nav2_msgs/share/nav2_msgs/action/Spin.idl
[62.936s] -- Installing: /home/iju/S08P31C208/ROS/robot_ws/install/nav2_msgs/share/nav2_msgs/action/DummyRecovery.idl
[62.936s] -- Installing: /home/iju/S08P31C208/ROS/robot_ws/install/nav2_msgs/share/nav2_msgs/action/RandomCrawl.idl
[62.936s] -- Installing: /home/iju/S08P31C208/ROS/robot_ws/install/nav2_msgs/share/nav2_msgs/msg/Costmap.msg
[62.937s] -- Installing: /home/iju/S08P31C208/ROS/robot_ws/install/nav2_msgs/share/nav2_msgs/msg/CostmapMetaData.msg
[62.937s] -- Installing: /home/iju/S08P31C208/ROS/robot_ws/install/nav2_msgs/share/nav2_msgs/msg/Path.msg
[62.937s] -- Installing: /home/iju/S08P31C208/ROS/robot_ws/install/nav2_msgs/share/nav2_msgs/msg/VoxelGrid.msg
[62.938s] -- Installing: /home/iju/S08P31C208/ROS/robot_ws/install/nav2_msgs/share/nav2_msgs/srv/GetCostmap.srv
[62.938s] -- Installing: /home/iju/S08P31C208/ROS/robot_ws/install/nav2_msgs/share/nav2_msgs/srv/GetCostmap_Request.msg
[62.938s] -- Installing: /home/iju/S08P31C208/ROS/robot_ws/install/nav2_msgs/share/nav2_msgs/srv/GetCostmap_Response.msg
[62.939s] -- Installing: /home/iju/S08P31C208/ROS/robot_ws/install/nav2_msgs/share/nav2_msgs/srv/ClearCostmapExceptRegion.srv
[62.939s] -- Installing: /home/iju/S08P31C208/ROS/robot_ws/install/nav2_msgs/share/nav2_msgs/srv/ClearCostmapExceptRegion_Request.msg
[62.939s] -- Installing: /home/iju/S08P31C208/ROS/robot_ws/install/nav2_msgs/share/nav2_msgs/srv/ClearCostmapExceptRegion_Response.msg
[62.940s] -- Installing: /home/iju/S08P31C208/ROS/robot_ws/install/nav2_msgs/share/nav2_msgs/srv/ClearCostmapAroundRobot.srv
[62.940s] -- Installing: /home/iju/S08P31C208/ROS/robot_ws/install/nav2_msgs/share/nav2_msgs/srv/ClearCostmapAroundRobot_Request.msg
[62.940s] -- Installing: /home/iju/S08P31C208/ROS/robot_ws/install/nav2_msgs/share/nav2_msgs/srv/ClearCostmapAroundRobot_Response.msg
[62.940s] -- Installing: /home/iju/S08P31C208/ROS/robot_ws/install/nav2_msgs/share/nav2_msgs/srv/ClearEntireCostmap.srv
[62.941s] -- Installing: /home/iju/S08P31C208/ROS/robot_ws/install/nav2_msgs/share/nav2_msgs/srv/ClearEntireCostmap_Request.msg
[62.941s] -- Installing: /home/iju/S08P31C208/ROS/robot_ws/install/nav2_msgs/share/nav2_msgs/srv/ClearEntireCostmap_Response.msg
[62.941s] -- Installing: /home/iju/S08P31C208/ROS/robot_ws/install/nav2_msgs/share/nav2_msgs/action/BackUp.action
[62.942s] -- Installing: /home/iju/S08P31C208/ROS/robot_ws/install/nav2_msgs/share/nav2_msgs/action/ComputePathToPose.action
[62.942s] -- Installing: /home/iju/S08P31C208/ROS/robot_ws/install/nav2_msgs/share/nav2_msgs/action/FollowPath.action
[62.942s] -- Installing: /home/iju/S08P31C208/ROS/robot_ws/install/nav2_msgs/share/nav2_msgs/action/NavigateToPose.action
[62.943s] -- Installing: /home/iju/S08P31C208/ROS/robot_ws/install/nav2_msgs/share/nav2_msgs/action/Spin.action
[62.943s] -- Installing: /home/iju/S08P31C208/ROS/robot_ws/install/nav2_msgs/share/nav2_msgs/action/DummyRecovery.action
[62.943s] -- Installing: /home/iju/S08P31C208/ROS/robot_ws/install/nav2_msgs/share/nav2_msgs/action/RandomCrawl.action
[62.943s] -- Installing: /home/iju/S08P31C208/ROS/robot_ws/install/nav2_msgs/share/ament_index/resource_index/package_run_dependencies/nav2_msgs
[62.944s] -- Installing: /home/iju/S08P31C208/ROS/robot_ws/install/nav2_msgs/share/ament_index/resource_index/parent_prefix_path/nav2_msgs
[62.944s] -- Installing: /home/iju/S08P31C208/ROS/robot_ws/install/nav2_msgs/share/nav2_msgs/environment/ament_prefix_path.sh
[62.944s] -- Installing: /home/iju/S08P31C208/ROS/robot_ws/install/nav2_msgs/share/nav2_msgs/environment/path.sh
[62.945s] -- Installing: /home/iju/S08P31C208/ROS/robot_ws/install/nav2_msgs/share/nav2_msgs/local_setup.bash
[62.945s] -- Installing: /home/iju/S08P31C208/ROS/robot_ws/install/nav2_msgs/share/nav2_msgs/local_setup.sh
[62.945s] -- Installing: /home/iju/S08P31C208/ROS/robot_ws/install/nav2_msgs/share/nav2_msgs/local_setup.zsh
[62.946s] -- Installing: /home/iju/S08P31C208/ROS/robot_ws/install/nav2_msgs/share/ament_index/resource_index/packages/nav2_msgs
[62.946s] -- Installing: /home/iju/S08P31C208/ROS/robot_ws/install/nav2_msgs/share/nav2_msgs/cmake/rosidl_cmake-extras.cmake
[62.946s] -- Installing: /home/iju/S08P31C208/ROS/robot_ws/install/nav2_msgs/share/nav2_msgs/cmake/ament_cmake_export_dependencies-extras.cmake
[62.947s] -- Installing: /home/iju/S08P31C208/ROS/robot_ws/install/nav2_msgs/share/nav2_msgs/cmake/ament_cmake_export_include_directories-extras.cmake
[62.947s] -- Installing: /home/iju/S08P31C208/ROS/robot_ws/install/nav2_msgs/share/nav2_msgs/cmake/ament_cmake_export_libraries-extras.cmake
[62.947s] -- Installing: /home/iju/S08P31C208/ROS/robot_ws/install/nav2_msgs/share/nav2_msgs/cmake/nav2_msgsConfig.cmake
[62.947s] -- Installing: /home/iju/S08P31C208/ROS/robot_ws/install/nav2_msgs/share/nav2_msgs/cmake/nav2_msgsConfig-version.cmake
[62.948s] -- Installing: /home/iju/S08P31C208/ROS/robot_ws/install/nav2_msgs/share/nav2_msgs/package.xml
[62.962s] Invoked command in '/home/iju/S08P31C208/ROS/robot_ws/build/nav2_msgs' returned '0': AMENT_PREFIX_PATH=/home/iju/S08P31C208/ROS/robot_ws/install/nav2_common:${AMENT_PREFIX_PATH} CMAKE_PREFIX_PATH=/home/iju/S08P31C208/ROS/robot_ws/install/nav2_common:/home/iju/S08P31C208/ROS/robot_ws/install/turtlebot3_simulations:/home/iju/S08P31C208/ROS/robot_ws/install/turtlebot3_gazebo:/home/iju/S08P31C208/ROS/robot_ws/install/turtlebot3:/home/iju/S08P31C208/ROS/robot_ws/install/turtlebot3_bringup:/home/iju/S08P31C208/ROS/robot_ws/install/turtlebot3_node:/home/iju/S08P31C208/ROS/robot_ws/install/turtlebot3_navigation2:/home/iju/S08P31C208/ROS/robot_ws/install/turtlebot3_fake_node:/home/iju/S08P31C208/ROS/robot_ws/install/turtlebot3_msgs:/home/iju/S08P31C208/ROS/robot_ws/install/turtlebot3_description:/home/iju/S08P31C208/ROS/robot_ws/install/turtlebot3_cartographer:/home/iju/S08P31C208/ROS/robot_ws/install/turtle_cpp:/home/iju/S08P31C208/ROS/robot_ws/install/gazebo_ros_pkgs:/home/iju/S08P31C208/ROS/robot_ws/install/gazebo_plugins:/home/iju/S08P31C208/ROS/robot_ws/install/gazebo_ros:/home/iju/S08P31C208/ROS/robot_ws/install/gazebo_msgs:/home/iju/S08P31C208/ROS/robot_ws/install/gazebo_dev:/home/iju/S08P31C208/ROS/robot_ws/install/dynamixel_sdk_examples:/home/iju/S08P31C208/ROS/robot_ws/install/dynamixel_sdk_custom_interfaces:/home/iju/S08P31C208/ROS/robot_ws/install/dynamixel_sdk:/home/iju/S08P31C208/ROS/robot_ws/install/turtlebot3_teleop:/home/iju/S08P31C208/ROS/robot_ws/install/turtlebot3_example:/opt/ros/dashing PS1=\u@\h \[\033[32m\]\w\[\033[33m\]$(parse_git_branch)\[\033[00m\] $ PYTHONPATH=/home/iju/S08P31C208/ROS/robot_ws/install/nav2_common/lib/python3.6/site-packages:${PYTHONPATH} /usr/bin/cmake --build /home/iju/S08P31C208/ROS/robot_ws/build/nav2_msgs --target install -- -j6 -l6
