[0.024s] Invoking command in '/home/iju/S08P31C208/ROS/robot_ws/build/turtlebot3_bringup': AMENT_PREFIX_PATH=/home/iju/S08P31C208/ROS/robot_ws/install/turtlebot3_node:/home/iju/S08P31C208/ROS/robot_ws/install/turtlebot3_msgs:/home/iju/S08P31C208/ROS/robot_ws/install/turtlebot3_description:/home/iju/S08P31C208/ROS/robot_ws/install/dynamixel_sdk:${AMENT_PREFIX_PATH} CMAKE_PREFIX_PATH=/home/iju/S08P31C208/ROS/robot_ws/install/turtlebot3_node:/home/iju/S08P31C208/ROS/robot_ws/install/turtlebot3_msgs:/home/iju/S08P31C208/ROS/robot_ws/install/turtlebot3_description:/home/iju/S08P31C208/ROS/robot_ws/install/dynamixel_sdk:/opt/ros/dashing LD_LIBRARY_PATH=/home/iju/S08P31C208/ROS/robot_ws/install/turtlebot3_msgs/lib:/home/iju/S08P31C208/ROS/robot_ws/install/dynamixel_sdk/lib:${LD_LIBRARY_PATH} PS1=\u@\h \[\033[32m\]\w\[\033[33m\]$(parse_git_branch)\[\033[00m\] $ PYTHONPATH=/home/iju/S08P31C208/ROS/robot_ws/install/turtlebot3_msgs/lib/python3.6/site-packages:${PYTHONPATH} /usr/bin/cmake /home/iju/S08P31C208/ROS/robot_ws/src/turtlebot3/turtlebot3_bringup -DCMAKE_INSTALL_PREFIX=/home/iju/S08P31C208/ROS/robot_ws/install/turtlebot3_bringup
[0.072s] -- The C compiler identification is GNU 7.5.0
[0.125s] -- The CXX compiler identification is GNU 7.5.0
[0.129s] -- Check for working C compiler: /usr/bin/cc
[0.199s] -- Check for working C compiler: /usr/bin/cc -- works
[0.199s] -- Detecting C compiler ABI info
[0.263s] -- Detecting C compiler ABI info - done
[0.263s] -- Detecting C compile features
[0.463s] -- Detecting C compile features - done
[0.463s] -- Check for working CXX compiler: /usr/bin/c++
[0.535s] -- Check for working CXX compiler: /usr/bin/c++ -- works
[0.535s] -- Detecting CXX compiler ABI info
[0.614s] -- Detecting CXX compiler ABI info - done
[0.614s] -- Detecting CXX compile features
[0.920s] -- Detecting CXX compile features - done
[0.920s] -- Found ament_cmake: 0.7.6 (/opt/ros/dashing/share/ament_cmake/cmake)
[0.943s] -- Found PythonInterp: /usr/bin/python3 (found suitable version "3.6.9", minimum required is "3") 
[0.944s] -- Using PYTHON_EXECUTABLE: /usr/bin/python3
[1.230s] -- Configuring done
[1.232s] -- Generating done
[1.233s] -- Build files have been written to: /home/iju/S08P31C208/ROS/robot_ws/build/turtlebot3_bringup
[1.238s] Invoked command in '/home/iju/S08P31C208/ROS/robot_ws/build/turtlebot3_bringup' returned '0': AMENT_PREFIX_PATH=/home/iju/S08P31C208/ROS/robot_ws/install/turtlebot3_node:/home/iju/S08P31C208/ROS/robot_ws/install/turtlebot3_msgs:/home/iju/S08P31C208/ROS/robot_ws/install/turtlebot3_description:/home/iju/S08P31C208/ROS/robot_ws/install/dynamixel_sdk:${AMENT_PREFIX_PATH} CMAKE_PREFIX_PATH=/home/iju/S08P31C208/ROS/robot_ws/install/turtlebot3_node:/home/iju/S08P31C208/ROS/robot_ws/install/turtlebot3_msgs:/home/iju/S08P31C208/ROS/robot_ws/install/turtlebot3_description:/home/iju/S08P31C208/ROS/robot_ws/install/dynamixel_sdk:/opt/ros/dashing LD_LIBRARY_PATH=/home/iju/S08P31C208/ROS/robot_ws/install/turtlebot3_msgs/lib:/home/iju/S08P31C208/ROS/robot_ws/install/dynamixel_sdk/lib:${LD_LIBRARY_PATH} PS1=\u@\h \[\033[32m\]\w\[\033[33m\]$(parse_git_branch)\[\033[00m\] $ PYTHONPATH=/home/iju/S08P31C208/ROS/robot_ws/install/turtlebot3_msgs/lib/python3.6/site-packages:${PYTHONPATH} /usr/bin/cmake /home/iju/S08P31C208/ROS/robot_ws/src/turtlebot3/turtlebot3_bringup -DCMAKE_INSTALL_PREFIX=/home/iju/S08P31C208/ROS/robot_ws/install/turtlebot3_bringup
[1.239s] Invoking command in '/home/iju/S08P31C208/ROS/robot_ws/build/turtlebot3_bringup': AMENT_PREFIX_PATH=/home/iju/S08P31C208/ROS/robot_ws/install/turtlebot3_node:/home/iju/S08P31C208/ROS/robot_ws/install/turtlebot3_msgs:/home/iju/S08P31C208/ROS/robot_ws/install/turtlebot3_description:/home/iju/S08P31C208/ROS/robot_ws/install/dynamixel_sdk:${AMENT_PREFIX_PATH} CMAKE_PREFIX_PATH=/home/iju/S08P31C208/ROS/robot_ws/install/turtlebot3_node:/home/iju/S08P31C208/ROS/robot_ws/install/turtlebot3_msgs:/home/iju/S08P31C208/ROS/robot_ws/install/turtlebot3_description:/home/iju/S08P31C208/ROS/robot_ws/install/dynamixel_sdk:/opt/ros/dashing LD_LIBRARY_PATH=/home/iju/S08P31C208/ROS/robot_ws/install/turtlebot3_msgs/lib:/home/iju/S08P31C208/ROS/robot_ws/install/dynamixel_sdk/lib:${LD_LIBRARY_PATH} PS1=\u@\h \[\033[32m\]\w\[\033[33m\]$(parse_git_branch)\[\033[00m\] $ PYTHONPATH=/home/iju/S08P31C208/ROS/robot_ws/install/turtlebot3_msgs/lib/python3.6/site-packages:${PYTHONPATH} /usr/bin/cmake --build /home/iju/S08P31C208/ROS/robot_ws/build/turtlebot3_bringup -- -j6 -l6
[1.282s] Invoked command in '/home/iju/S08P31C208/ROS/robot_ws/build/turtlebot3_bringup' returned '0': AMENT_PREFIX_PATH=/home/iju/S08P31C208/ROS/robot_ws/install/turtlebot3_node:/home/iju/S08P31C208/ROS/robot_ws/install/turtlebot3_msgs:/home/iju/S08P31C208/ROS/robot_ws/install/turtlebot3_description:/home/iju/S08P31C208/ROS/robot_ws/install/dynamixel_sdk:${AMENT_PREFIX_PATH} CMAKE_PREFIX_PATH=/home/iju/S08P31C208/ROS/robot_ws/install/turtlebot3_node:/home/iju/S08P31C208/ROS/robot_ws/install/turtlebot3_msgs:/home/iju/S08P31C208/ROS/robot_ws/install/turtlebot3_description:/home/iju/S08P31C208/ROS/robot_ws/install/dynamixel_sdk:/opt/ros/dashing LD_LIBRARY_PATH=/home/iju/S08P31C208/ROS/robot_ws/install/turtlebot3_msgs/lib:/home/iju/S08P31C208/ROS/robot_ws/install/dynamixel_sdk/lib:${LD_LIBRARY_PATH} PS1=\u@\h \[\033[32m\]\w\[\033[33m\]$(parse_git_branch)\[\033[00m\] $ PYTHONPATH=/home/iju/S08P31C208/ROS/robot_ws/install/turtlebot3_msgs/lib/python3.6/site-packages:${PYTHONPATH} /usr/bin/cmake --build /home/iju/S08P31C208/ROS/robot_ws/build/turtlebot3_bringup -- -j6 -l6
[1.306s] Invoking command in '/home/iju/S08P31C208/ROS/robot_ws/build/turtlebot3_bringup': AMENT_PREFIX_PATH=/home/iju/S08P31C208/ROS/robot_ws/install/turtlebot3_node:/home/iju/S08P31C208/ROS/robot_ws/install/turtlebot3_msgs:/home/iju/S08P31C208/ROS/robot_ws/install/turtlebot3_description:/home/iju/S08P31C208/ROS/robot_ws/install/dynamixel_sdk:${AMENT_PREFIX_PATH} CMAKE_PREFIX_PATH=/home/iju/S08P31C208/ROS/robot_ws/install/turtlebot3_node:/home/iju/S08P31C208/ROS/robot_ws/install/turtlebot3_msgs:/home/iju/S08P31C208/ROS/robot_ws/install/turtlebot3_description:/home/iju/S08P31C208/ROS/robot_ws/install/dynamixel_sdk:/opt/ros/dashing LD_LIBRARY_PATH=/home/iju/S08P31C208/ROS/robot_ws/install/turtlebot3_msgs/lib:/home/iju/S08P31C208/ROS/robot_ws/install/dynamixel_sdk/lib:${LD_LIBRARY_PATH} PS1=\u@\h \[\033[32m\]\w\[\033[33m\]$(parse_git_branch)\[\033[00m\] $ PYTHONPATH=/home/iju/S08P31C208/ROS/robot_ws/install/turtlebot3_msgs/lib/python3.6/site-packages:${PYTHONPATH} /usr/bin/cmake --build /home/iju/S08P31C208/ROS/robot_ws/build/turtlebot3_bringup --target install -- -j6 -l6
[1.353s] [36mInstall the project...[0m
[1.362s] -- Install configuration: ""
[1.362s] -- Installing: /home/iju/S08P31C208/ROS/robot_ws/install/turtlebot3_bringup/share/turtlebot3_bringup/launch
[1.365s] -- Installing: /home/iju/S08P31C208/ROS/robot_ws/install/turtlebot3_bringup/share/turtlebot3_bringup/launch/robot.launch.py
[1.366s] -- Installing: /home/iju/S08P31C208/ROS/robot_ws/install/turtlebot3_bringup/share/turtlebot3_bringup/launch/rviz2.launch.py
[1.366s] -- Installing: /home/iju/S08P31C208/ROS/robot_ws/install/turtlebot3_bringup/share/turtlebot3_bringup/launch/turtlebot3_state_publisher.launch.py
[1.367s] -- Installing: /home/iju/S08P31C208/ROS/robot_ws/install/turtlebot3_bringup/share/turtlebot3_bringup/param
[1.367s] -- Installing: /home/iju/S08P31C208/ROS/robot_ws/install/turtlebot3_bringup/share/turtlebot3_bringup/param/burger.yaml
[1.368s] -- Installing: /home/iju/S08P31C208/ROS/robot_ws/install/turtlebot3_bringup/share/turtlebot3_bringup/param/waffle.yaml
[1.368s] -- Installing: /home/iju/S08P31C208/ROS/robot_ws/install/turtlebot3_bringup/share/turtlebot3_bringup/param/waffle_pi.yaml
[1.371s] -- Installing: /home/iju/S08P31C208/ROS/robot_ws/install/turtlebot3_bringup/share/ament_index/resource_index/package_run_dependencies/turtlebot3_bringup
[1.371s] -- Installing: /home/iju/S08P31C208/ROS/robot_ws/install/turtlebot3_bringup/share/ament_index/resource_index/parent_prefix_path/turtlebot3_bringup
[1.371s] -- Installing: /home/iju/S08P31C208/ROS/robot_ws/install/turtlebot3_bringup/share/turtlebot3_bringup/environment/ament_prefix_path.sh
[1.372s] -- Installing: /home/iju/S08P31C208/ROS/robot_ws/install/turtlebot3_bringup/share/turtlebot3_bringup/environment/path.sh
[1.372s] -- Installing: /home/iju/S08P31C208/ROS/robot_ws/install/turtlebot3_bringup/share/turtlebot3_bringup/local_setup.bash
[1.372s] -- Installing: /home/iju/S08P31C208/ROS/robot_ws/install/turtlebot3_bringup/share/turtlebot3_bringup/local_setup.sh
[1.372s] -- Installing: /home/iju/S08P31C208/ROS/robot_ws/install/turtlebot3_bringup/share/turtlebot3_bringup/local_setup.zsh
[1.373s] -- Installing: /home/iju/S08P31C208/ROS/robot_ws/install/turtlebot3_bringup/share/ament_index/resource_index/packages/turtlebot3_bringup
[1.373s] -- Installing: /home/iju/S08P31C208/ROS/robot_ws/install/turtlebot3_bringup/share/turtlebot3_bringup/cmake/turtlebot3_bringupConfig.cmake
[1.373s] -- Installing: /home/iju/S08P31C208/ROS/robot_ws/install/turtlebot3_bringup/share/turtlebot3_bringup/cmake/turtlebot3_bringupConfig-version.cmake
[1.373s] -- Installing: /home/iju/S08P31C208/ROS/robot_ws/install/turtlebot3_bringup/share/turtlebot3_bringup/package.xml
[1.385s] Invoked command in '/home/iju/S08P31C208/ROS/robot_ws/build/turtlebot3_bringup' returned '0': AMENT_PREFIX_PATH=/home/iju/S08P31C208/ROS/robot_ws/install/turtlebot3_node:/home/iju/S08P31C208/ROS/robot_ws/install/turtlebot3_msgs:/home/iju/S08P31C208/ROS/robot_ws/install/turtlebot3_description:/home/iju/S08P31C208/ROS/robot_ws/install/dynamixel_sdk:${AMENT_PREFIX_PATH} CMAKE_PREFIX_PATH=/home/iju/S08P31C208/ROS/robot_ws/install/turtlebot3_node:/home/iju/S08P31C208/ROS/robot_ws/install/turtlebot3_msgs:/home/iju/S08P31C208/ROS/robot_ws/install/turtlebot3_description:/home/iju/S08P31C208/ROS/robot_ws/install/dynamixel_sdk:/opt/ros/dashing LD_LIBRARY_PATH=/home/iju/S08P31C208/ROS/robot_ws/install/turtlebot3_msgs/lib:/home/iju/S08P31C208/ROS/robot_ws/install/dynamixel_sdk/lib:${LD_LIBRARY_PATH} PS1=\u@\h \[\033[32m\]\w\[\033[33m\]$(parse_git_branch)\[\033[00m\] $ PYTHONPATH=/home/iju/S08P31C208/ROS/robot_ws/install/turtlebot3_msgs/lib/python3.6/site-packages:${PYTHONPATH} /usr/bin/cmake --build /home/iju/S08P31C208/ROS/robot_ws/build/turtlebot3_bringup --target install -- -j6 -l6
