[0.886s] Invoking command in '/home/iju/S08P31C208/ROS/robot_ws/build/turtlebot3_teleop': PS1=\u@\h \[\033[32m\]\w\[\033[33m\]$(parse_git_branch)\[\033[00m\] $ PYTHONPATH=/home/iju/S08P31C208/ROS/robot_ws/build/turtlebot3_teleop/prefix_override:/home/iju/S08P31C208/ROS/robot_ws/install/turtlebot3_teleop/lib/python3.6/site-packages:${PYTHONPATH} /usr/bin/python3 setup.py develop --uninstall --editable --build-directory /home/iju/S08P31C208/ROS/robot_ws/build/turtlebot3_teleop/build
[1.197s] /home/iju/.local/lib/python3.6/site-packages/setuptools/dist.py:726: UserWarning: Usage of dash-separated 'script-dir' will not be supported in future versions. Please use the underscore name 'script_dir' instead
[1.198s]   % (opt, underscore_opt)
[1.243s] running develop
[1.246s] /home/iju/.local/lib/python3.6/site-packages/setuptools/command/easy_install.py:159: EasyInstallDeprecationWarning: easy_install command is deprecated. Use build and pip and other standards-based tools.
[1.246s]   EasyInstallDeprecationWarning,
[1.250s] /home/iju/.local/lib/python3.6/site-packages/setuptools/command/install.py:37: SetuptoolsDeprecationWarning: setup.py install is deprecated. Use build and pip and other standards-based tools.
[1.250s]   setuptools.SetuptoolsDeprecationWarning,
[1.303s] /home/iju/.local/lib/python3.6/site-packages/pkg_resources/__init__.py:119: PkgResourcesDeprecationWarning: 0.18ubuntu0.18.04.1 is an invalid version and will not be supported in a future release
[1.303s]   PkgResourcesDeprecationWarning,
[1.390s] Removing /home/iju/S08P31C208/ROS/robot_ws/install/turtlebot3_teleop/lib/python3.6/site-packages/turtlebot3-teleop.egg-link (link to .)
[1.417s] Invoked command in '/home/iju/S08P31C208/ROS/robot_ws/build/turtlebot3_teleop' returned '0': PS1=\u@\h \[\033[32m\]\w\[\033[33m\]$(parse_git_branch)\[\033[00m\] $ PYTHONPATH=/home/iju/S08P31C208/ROS/robot_ws/build/turtlebot3_teleop/prefix_override:/home/iju/S08P31C208/ROS/robot_ws/install/turtlebot3_teleop/lib/python3.6/site-packages:${PYTHONPATH} /usr/bin/python3 setup.py develop --uninstall --editable --build-directory /home/iju/S08P31C208/ROS/robot_ws/build/turtlebot3_teleop/build
[1.420s] Invoking command in '/home/iju/S08P31C208/ROS/robot_ws/src/turtlebot3/turtlebot3_teleop': PS1=\u@\h \[\033[32m\]\w\[\033[33m\]$(parse_git_branch)\[\033[00m\] $ PYTHONPATH=/home/iju/S08P31C208/ROS/robot_ws/build/turtlebot3_teleop/prefix_override:/home/iju/S08P31C208/ROS/robot_ws/install/turtlebot3_teleop/lib/python3.6/site-packages:${PYTHONPATH} /usr/bin/python3 setup.py egg_info --egg-base ../../../build/turtlebot3_teleop build --build-base /home/iju/S08P31C208/ROS/robot_ws/build/turtlebot3_teleop/build install --record /home/iju/S08P31C208/ROS/robot_ws/build/turtlebot3_teleop/install.log --install-scripts $base/lib/turtlebot3_teleop --single-version-externally-managed
[1.711s] /home/iju/.local/lib/python3.6/site-packages/setuptools/dist.py:726: UserWarning: Usage of dash-separated 'script-dir' will not be supported in future versions. Please use the underscore name 'script_dir' instead
[1.711s]   % (opt, underscore_opt)
[1.743s] running egg_info
[1.744s] writing ../../../build/turtlebot3_teleop/turtlebot3_teleop.egg-info/PKG-INFO
[1.744s] writing dependency_links to ../../../build/turtlebot3_teleop/turtlebot3_teleop.egg-info/dependency_links.txt
[1.744s] writing entry points to ../../../build/turtlebot3_teleop/turtlebot3_teleop.egg-info/entry_points.txt
[1.744s] writing requirements to ../../../build/turtlebot3_teleop/turtlebot3_teleop.egg-info/requires.txt
[1.744s] writing top-level names to ../../../build/turtlebot3_teleop/turtlebot3_teleop.egg-info/top_level.txt
[1.747s] reading manifest file '../../../build/turtlebot3_teleop/turtlebot3_teleop.egg-info/SOURCES.txt'
[1.748s] writing manifest file '../../../build/turtlebot3_teleop/turtlebot3_teleop.egg-info/SOURCES.txt'
[1.748s] running build
[1.748s] running build_py
[1.750s] running install
[1.750s] /home/iju/.local/lib/python3.6/site-packages/setuptools/command/install.py:37: SetuptoolsDeprecationWarning: setup.py install is deprecated. Use build and pip and other standards-based tools.
[1.751s]   setuptools.SetuptoolsDeprecationWarning,
[1.751s] running install_lib
[1.752s] creating /home/iju/S08P31C208/ROS/robot_ws/install/turtlebot3_teleop/lib/python3.6/site-packages/turtlebot3_teleop
[1.752s] creating /home/iju/S08P31C208/ROS/robot_ws/install/turtlebot3_teleop/lib/python3.6/site-packages/turtlebot3_teleop/script
[1.752s] copying /home/iju/S08P31C208/ROS/robot_ws/build/turtlebot3_teleop/build/lib/turtlebot3_teleop/script/__init__.py -> /home/iju/S08P31C208/ROS/robot_ws/install/turtlebot3_teleop/lib/python3.6/site-packages/turtlebot3_teleop/script
[1.753s] copying /home/iju/S08P31C208/ROS/robot_ws/build/turtlebot3_teleop/build/lib/turtlebot3_teleop/script/teleop_keyboard.py -> /home/iju/S08P31C208/ROS/robot_ws/install/turtlebot3_teleop/lib/python3.6/site-packages/turtlebot3_teleop/script
[1.758s] copying /home/iju/S08P31C208/ROS/robot_ws/build/turtlebot3_teleop/build/lib/turtlebot3_teleop/__init__.py -> /home/iju/S08P31C208/ROS/robot_ws/install/turtlebot3_teleop/lib/python3.6/site-packages/turtlebot3_teleop
[1.758s] byte-compiling /home/iju/S08P31C208/ROS/robot_ws/install/turtlebot3_teleop/lib/python3.6/site-packages/turtlebot3_teleop/script/__init__.py to __init__.cpython-36.pyc
[1.758s] byte-compiling /home/iju/S08P31C208/ROS/robot_ws/install/turtlebot3_teleop/lib/python3.6/site-packages/turtlebot3_teleop/script/teleop_keyboard.py to teleop_keyboard.cpython-36.pyc
[1.759s] byte-compiling /home/iju/S08P31C208/ROS/robot_ws/install/turtlebot3_teleop/lib/python3.6/site-packages/turtlebot3_teleop/__init__.py to __init__.cpython-36.pyc
[1.759s] running install_data
[1.759s] running install_egg_info
[1.760s] Copying ../../../build/turtlebot3_teleop/turtlebot3_teleop.egg-info to /home/iju/S08P31C208/ROS/robot_ws/install/turtlebot3_teleop/lib/python3.6/site-packages/turtlebot3_teleop-2.1.4-py3.6.egg-info
[1.761s] running install_scripts
[1.781s] Installing teleop_keyboard script to /home/iju/S08P31C208/ROS/robot_ws/install/turtlebot3_teleop/lib/turtlebot3_teleop
[1.781s] writing list of installed files to '/home/iju/S08P31C208/ROS/robot_ws/build/turtlebot3_teleop/install.log'
[1.873s] Invoked command in '/home/iju/S08P31C208/ROS/robot_ws/src/turtlebot3/turtlebot3_teleop' returned '0': PS1=\u@\h \[\033[32m\]\w\[\033[33m\]$(parse_git_branch)\[\033[00m\] $ PYTHONPATH=/home/iju/S08P31C208/ROS/robot_ws/build/turtlebot3_teleop/prefix_override:/home/iju/S08P31C208/ROS/robot_ws/install/turtlebot3_teleop/lib/python3.6/site-packages:${PYTHONPATH} /usr/bin/python3 setup.py egg_info --egg-base ../../../build/turtlebot3_teleop build --build-base /home/iju/S08P31C208/ROS/robot_ws/build/turtlebot3_teleop/build install --record /home/iju/S08P31C208/ROS/robot_ws/build/turtlebot3_teleop/install.log --install-scripts $base/lib/turtlebot3_teleop --single-version-externally-managed
