-- Found ament_cmake: 0.7.6 (/opt/ros/dashing/share/ament_cmake/cmake)
-- Using PYTHON_EXECUTABLE: /usr/bin/python3
-- Override CMake install command with custom implementation using symlinks instead of copying resources
-- Configuring done
-- Generating done
-- Build files have been written to: /home/iju/S08P31C208/ROS/robot_ws/build/vision_opencv
[36mInstall the project...[0m
-- Install configuration: ""
-- Execute custom install script
-- Symlinking: /home/iju/S08P31C208/ROS/robot_ws/install/vision_opencv/share/ament_index/resource_index/package_run_dependencies/vision_opencv
-- Symlinking: /home/iju/S08P31C208/ROS/robot_ws/install/vision_opencv/share/ament_index/resource_index/parent_prefix_path/vision_opencv
-- Symlinking: /home/iju/S08P31C208/ROS/robot_ws/install/vision_opencv/share/vision_opencv/environment/ament_prefix_path.sh
-- Symlinking: /home/iju/S08P31C208/ROS/robot_ws/install/vision_opencv/share/vision_opencv/environment/path.sh
-- Symlinking: /home/iju/S08P31C208/ROS/robot_ws/install/vision_opencv/share/vision_opencv/local_setup.bash
-- Symlinking: /home/iju/S08P31C208/ROS/robot_ws/install/vision_opencv/share/vision_opencv/local_setup.sh
-- Symlinking: /home/iju/S08P31C208/ROS/robot_ws/install/vision_opencv/share/vision_opencv/local_setup.zsh
-- Symlinking: /home/iju/S08P31C208/ROS/robot_ws/install/vision_opencv/share/ament_index/resource_index/packages/vision_opencv
-- Symlinking: /home/iju/S08P31C208/ROS/robot_ws/install/vision_opencv/share/vision_opencv/cmake/vision_opencvConfig.cmake
-- Symlinking: /home/iju/S08P31C208/ROS/robot_ws/install/vision_opencv/share/vision_opencv/cmake/vision_opencvConfig-version.cmake
-- Symlinking: /home/iju/S08P31C208/ROS/robot_ws/install/vision_opencv/share/vision_opencv/package.xml
