[0.925s] Invoking command in '/home/iju/S08P31C208/ROS/robot_ws/build/turtlebot3_example': CMAKE_PREFIX_PATH=/home/iju/S08P31C208/ROS/robot_ws/install/turtlebot3_msgs:/home/iju/S08P31C208/ROS/robot_ws/install/vision_opencv:/home/iju/S08P31C208/ROS/robot_ws/install/turtlebot3_simulations:/home/iju/S08P31C208/ROS/robot_ws/install/turtlebot3_gazebo:/home/iju/S08P31C208/ROS/robot_ws/install/turtlebot3:/home/iju/S08P31C208/ROS/robot_ws/install/turtlebot3_bringup:/home/iju/S08P31C208/ROS/robot_ws/install/turtlebot3_node:/home/iju/S08P31C208/ROS/robot_ws/install/turtlebot3_navigation2:/home/iju/S08P31C208/ROS/robot_ws/install/turtlebot3_fake_node:/home/iju/S08P31C208/ROS/robot_ws/install/turtlebot3_description:/home/iju/S08P31C208/ROS/robot_ws/install/turtlebot3_cartographer:/home/iju/S08P31C208/ROS/robot_ws/install/image_geometry:/home/iju/S08P31C208/ROS/robot_ws/install/gazebo_ros_pkgs:/home/iju/S08P31C208/ROS/robot_ws/install/aws_robomaker_hospital_world:/home/iju/S08P31C208/ROS/robot_ws/install/gazebo_plugins:/home/iju/S08P31C208/ROS/robot_ws/install/gazebo_ros:/home/iju/S08P31C208/ROS/robot_ws/install/gazebo_msgs:/home/iju/S08P31C208/ROS/robot_ws/install/gazebo_dev:/home/iju/S08P31C208/ROS/robot_ws/install/dynamixel_sdk_examples:/home/iju/S08P31C208/ROS/robot_ws/install/dynamixel_sdk_custom_interfaces:/home/iju/S08P31C208/ROS/robot_ws/install/dynamixel_sdk:/home/iju/S08P31C208/ROS/robot_ws/install/cv_bridge PS1=\u@\h \[\033[32m\]\w\[\033[33m\]$(parse_git_branch)\[\033[00m\] $ PYTHONPATH=/home/iju/S08P31C208/ROS/robot_ws/build/turtlebot3_example/prefix_override:/home/iju/S08P31C208/ROS/robot_ws/install/turtlebot3_example/lib/python3.6/site-packages:/home/iju/S08P31C208/ROS/robot_ws/install/turtlebot3_msgs/lib/python3.6/site-packages:/home/iju/S08P31C208/ROS/robot_ws/build/turtlebot3_teleop:/home/iju/S08P31C208/ROS/robot_ws/install/turtlebot3_teleop/lib/python3.6/site-packages:/home/iju/S08P31C208/ROS/robot_ws/build/turtlebot3_example:/home/iju/S08P31C208/ROS/robot_ws/install/turtlebot3_example/lib/python3.6/site-packages:/home/iju/S08P31C208/ROS/robot_ws/build/opencv_tests:/home/iju/S08P31C208/ROS/robot_ws/install/opencv_tests/lib/python3.6/site-packages:/home/iju/S08P31C208/ROS/robot_ws/install/image_geometry/lib/python3.6/site-packages:/home/iju/S08P31C208/ROS/robot_ws/install/gazebo_ros/lib/python3.6/site-packages:/home/iju/S08P31C208/ROS/robot_ws/install/gazebo_msgs/lib/python3.6/site-packages:/home/iju/S08P31C208/ROS/robot_ws/install/dynamixel_sdk_custom_interfaces/lib/python3.6/site-packages:/home/iju/S08P31C208/ROS/robot_ws/install/cv_bridge/lib/python3.6/site-packages:/opt/ros/dashing/lib/python3.6/site-packages /usr/bin/python3 setup.py develop --editable --build-directory /home/iju/S08P31C208/ROS/robot_ws/build/turtlebot3_example/build --no-deps install_data
[1.257s] /home/iju/.local/lib/python3.6/site-packages/setuptools/dist.py:726: UserWarning: Usage of dash-separated 'script-dir' will not be supported in future versions. Please use the underscore name 'script_dir' instead
[1.259s]   % (opt, underscore_opt)
[1.314s] running develop
[1.315s] /home/iju/.local/lib/python3.6/site-packages/setuptools/command/easy_install.py:159: EasyInstallDeprecationWarning: easy_install command is deprecated. Use build and pip and other standards-based tools.
[1.315s]   EasyInstallDeprecationWarning,
[1.316s] /home/iju/.local/lib/python3.6/site-packages/setuptools/command/install.py:37: SetuptoolsDeprecationWarning: setup.py install is deprecated. Use build and pip and other standards-based tools.
[1.316s]   setuptools.SetuptoolsDeprecationWarning,
[1.405s] /home/iju/.local/lib/python3.6/site-packages/pkg_resources/__init__.py:119: PkgResourcesDeprecationWarning: 0.18ubuntu0.18.04.1 is an invalid version and will not be supported in a future release
[1.405s]   PkgResourcesDeprecationWarning,
[1.489s] running egg_info
[1.490s] writing turtlebot3_example.egg-info/PKG-INFO
[1.490s] writing dependency_links to turtlebot3_example.egg-info/dependency_links.txt
[1.490s] writing entry points to turtlebot3_example.egg-info/entry_points.txt
[1.490s] writing requirements to turtlebot3_example.egg-info/requires.txt
[1.490s] writing top-level names to turtlebot3_example.egg-info/top_level.txt
[1.494s] reading manifest file 'turtlebot3_example.egg-info/SOURCES.txt'
[1.496s] writing manifest file 'turtlebot3_example.egg-info/SOURCES.txt'
[1.499s] running build_ext
[1.499s] Creating /home/iju/S08P31C208/ROS/robot_ws/install/turtlebot3_example/lib/python3.6/site-packages/turtlebot3-example.egg-link (link to .)
[1.500s] Installing turtlebot3_obstacle_detection script to /home/iju/S08P31C208/ROS/robot_ws/install/turtlebot3_example/lib/turtlebot3_example
[1.500s] Installing turtlebot3_patrol_client script to /home/iju/S08P31C208/ROS/robot_ws/install/turtlebot3_example/lib/turtlebot3_example
[1.500s] Installing turtlebot3_patrol_server script to /home/iju/S08P31C208/ROS/robot_ws/install/turtlebot3_example/lib/turtlebot3_example
[1.500s] Installing turtlebot3_position_control script to /home/iju/S08P31C208/ROS/robot_ws/install/turtlebot3_example/lib/turtlebot3_example
[1.501s] 
[1.501s] Installed /home/iju/S08P31C208/ROS/robot_ws/build/turtlebot3_example
[1.501s] running install_data
[1.539s] Invoked command in '/home/iju/S08P31C208/ROS/robot_ws/build/turtlebot3_example' returned '0': CMAKE_PREFIX_PATH=/home/iju/S08P31C208/ROS/robot_ws/install/turtlebot3_msgs:/home/iju/S08P31C208/ROS/robot_ws/install/vision_opencv:/home/iju/S08P31C208/ROS/robot_ws/install/turtlebot3_simulations:/home/iju/S08P31C208/ROS/robot_ws/install/turtlebot3_gazebo:/home/iju/S08P31C208/ROS/robot_ws/install/turtlebot3:/home/iju/S08P31C208/ROS/robot_ws/install/turtlebot3_bringup:/home/iju/S08P31C208/ROS/robot_ws/install/turtlebot3_node:/home/iju/S08P31C208/ROS/robot_ws/install/turtlebot3_navigation2:/home/iju/S08P31C208/ROS/robot_ws/install/turtlebot3_fake_node:/home/iju/S08P31C208/ROS/robot_ws/install/turtlebot3_description:/home/iju/S08P31C208/ROS/robot_ws/install/turtlebot3_cartographer:/home/iju/S08P31C208/ROS/robot_ws/install/image_geometry:/home/iju/S08P31C208/ROS/robot_ws/install/gazebo_ros_pkgs:/home/iju/S08P31C208/ROS/robot_ws/install/aws_robomaker_hospital_world:/home/iju/S08P31C208/ROS/robot_ws/install/gazebo_plugins:/home/iju/S08P31C208/ROS/robot_ws/install/gazebo_ros:/home/iju/S08P31C208/ROS/robot_ws/install/gazebo_msgs:/home/iju/S08P31C208/ROS/robot_ws/install/gazebo_dev:/home/iju/S08P31C208/ROS/robot_ws/install/dynamixel_sdk_examples:/home/iju/S08P31C208/ROS/robot_ws/install/dynamixel_sdk_custom_interfaces:/home/iju/S08P31C208/ROS/robot_ws/install/dynamixel_sdk:/home/iju/S08P31C208/ROS/robot_ws/install/cv_bridge PS1=\u@\h \[\033[32m\]\w\[\033[33m\]$(parse_git_branch)\[\033[00m\] $ PYTHONPATH=/home/iju/S08P31C208/ROS/robot_ws/build/turtlebot3_example/prefix_override:/home/iju/S08P31C208/ROS/robot_ws/install/turtlebot3_example/lib/python3.6/site-packages:/home/iju/S08P31C208/ROS/robot_ws/install/turtlebot3_msgs/lib/python3.6/site-packages:/home/iju/S08P31C208/ROS/robot_ws/build/turtlebot3_teleop:/home/iju/S08P31C208/ROS/robot_ws/install/turtlebot3_teleop/lib/python3.6/site-packages:/home/iju/S08P31C208/ROS/robot_ws/build/turtlebot3_example:/home/iju/S08P31C208/ROS/robot_ws/install/turtlebot3_example/lib/python3.6/site-packages:/home/iju/S08P31C208/ROS/robot_ws/build/opencv_tests:/home/iju/S08P31C208/ROS/robot_ws/install/opencv_tests/lib/python3.6/site-packages:/home/iju/S08P31C208/ROS/robot_ws/install/image_geometry/lib/python3.6/site-packages:/home/iju/S08P31C208/ROS/robot_ws/install/gazebo_ros/lib/python3.6/site-packages:/home/iju/S08P31C208/ROS/robot_ws/install/gazebo_msgs/lib/python3.6/site-packages:/home/iju/S08P31C208/ROS/robot_ws/install/dynamixel_sdk_custom_interfaces/lib/python3.6/site-packages:/home/iju/S08P31C208/ROS/robot_ws/install/cv_bridge/lib/python3.6/site-packages:/opt/ros/dashing/lib/python3.6/site-packages /usr/bin/python3 setup.py develop --editable --build-directory /home/iju/S08P31C208/ROS/robot_ws/build/turtlebot3_example/build --no-deps install_data
