[0.307s] Invoking command in '/home/iju/S08P31C208/ROS/robot_ws/build/dynamixel_sdk_custom_interfaces': CMAKE_PREFIX_PATH=${CMAKE_PREFIX_PATH}:/home/iju/S08P31C208/ROS/robot_ws/install/turtlebot3_teleop:/home/iju/S08P31C208/ROS/robot_ws/install/turtlebot3_example:/opt/ros/dashing PS1=\u@\h \[\033[32m\]\w\[\033[33m\]$(parse_git_branch)\[\033[00m\] $ /usr/bin/cmake --build /home/iju/S08P31C208/ROS/robot_ws/build/dynamixel_sdk_custom_interfaces -- -j6 -l6
[0.592s] [  2%] Built target dynamixel_sdk_custom_interfaces__cpp
[0.698s] [ 12%] Built target dynamixel_sdk_custom_interfaces__rosidl_generator_c
[0.851s] [ 23%] Built target dynamixel_sdk_custom_interfaces__rosidl_typesupport_fastrtps_cpp
[0.982s] [ 33%] Built target dynamixel_sdk_custom_interfaces__rosidl_typesupport_introspection_c
[1.118s] [ 43%] Built target dynamixel_sdk_custom_interfaces__rosidl_typesupport_fastrtps_c
[1.218s] [ 53%] Built target dynamixel_sdk_custom_interfaces__rosidl_typesupport_c
[1.368s] [ 64%] Built target dynamixel_sdk_custom_interfaces__rosidl_typesupport_introspection_cpp
[1.484s] [ 74%] Built target dynamixel_sdk_custom_interfaces__rosidl_typesupport_cpp
[1.620s] [ 74%] Built target dynamixel_sdk_custom_interfaces
[1.734s] [ 76%] Built target dynamixel_sdk_custom_interfaces__py
[1.909s] [ 84%] Built target dynamixel_sdk_custom_interfaces__python
[2.034s] [ 89%] Built target dynamixel_sdk_custom_interfaces__rosidl_typesupport_c__pyext
[2.173s] [ 94%] Built target dynamixel_sdk_custom_interfaces__rosidl_typesupport_fastrtps_c__pyext
[2.311s] [100%] Built target dynamixel_sdk_custom_interfaces__rosidl_typesupport_introspection_c__pyext
[2.390s] Invoked command in '/home/iju/S08P31C208/ROS/robot_ws/build/dynamixel_sdk_custom_interfaces' returned '0': CMAKE_PREFIX_PATH=${CMAKE_PREFIX_PATH}:/home/iju/S08P31C208/ROS/robot_ws/install/turtlebot3_teleop:/home/iju/S08P31C208/ROS/robot_ws/install/turtlebot3_example:/opt/ros/dashing PS1=\u@\h \[\033[32m\]\w\[\033[33m\]$(parse_git_branch)\[\033[00m\] $ /usr/bin/cmake --build /home/iju/S08P31C208/ROS/robot_ws/build/dynamixel_sdk_custom_interfaces -- -j6 -l6
[3.845s] Invoking command in '/home/iju/S08P31C208/ROS/robot_ws/build/dynamixel_sdk_custom_interfaces': CMAKE_PREFIX_PATH=${CMAKE_PREFIX_PATH}:/home/iju/S08P31C208/ROS/robot_ws/install/turtlebot3_teleop:/home/iju/S08P31C208/ROS/robot_ws/install/turtlebot3_example:/opt/ros/dashing PS1=\u@\h \[\033[32m\]\w\[\033[33m\]$(parse_git_branch)\[\033[00m\] $ /usr/bin/cmake --build /home/iju/S08P31C208/ROS/robot_ws/build/dynamixel_sdk_custom_interfaces --target install -- -j6 -l6
[4.106s] [  2%] Built target dynamixel_sdk_custom_interfaces__cpp
[4.203s] [ 12%] Built target dynamixel_sdk_custom_interfaces__rosidl_generator_c
[4.303s] [ 23%] Built target dynamixel_sdk_custom_interfaces__rosidl_typesupport_fastrtps_cpp
[4.439s] [ 33%] Built target dynamixel_sdk_custom_interfaces__rosidl_typesupport_introspection_c
[4.617s] [ 43%] Built target dynamixel_sdk_custom_interfaces__rosidl_typesupport_fastrtps_c
[4.754s] [ 53%] Built target dynamixel_sdk_custom_interfaces__rosidl_typesupport_c
[4.976s] [ 64%] Built target dynamixel_sdk_custom_interfaces__rosidl_typesupport_introspection_cpp
[5.037s] [ 74%] Built target dynamixel_sdk_custom_interfaces__rosidl_typesupport_cpp
[5.134s] [ 74%] Built target dynamixel_sdk_custom_interfaces
[5.234s] [ 76%] Built target dynamixel_sdk_custom_interfaces__py
[5.412s] [ 84%] Built target dynamixel_sdk_custom_interfaces__python
[5.558s] [ 89%] Built target dynamixel_sdk_custom_interfaces__rosidl_typesupport_c__pyext
[5.713s] [ 94%] Built target dynamixel_sdk_custom_interfaces__rosidl_typesupport_fastrtps_c__pyext
[5.880s] [100%] Built target dynamixel_sdk_custom_interfaces__rosidl_typesupport_introspection_c__pyext
[5.970s] [36mInstall the project...[0m
[6.002s] -- Install configuration: ""
[6.013s] -- Execute custom install script
[6.015s] -- Up-to-date symlink: /home/iju/S08P31C208/ROS/robot_ws/install/dynamixel_sdk_custom_interfaces/share/ament_index/resource_index/rosidl_interfaces/dynamixel_sdk_custom_interfaces
[6.015s] -- Up-to-date symlink: /home/iju/S08P31C208/ROS/robot_ws/install/dynamixel_sdk_custom_interfaces/include/dynamixel_sdk_custom_interfaces/msg/set_position.hpp
[6.015s] -- Up-to-date symlink: /home/iju/S08P31C208/ROS/robot_ws/install/dynamixel_sdk_custom_interfaces/include/dynamixel_sdk_custom_interfaces/msg/set_position__struct.hpp
[6.015s] -- Up-to-date symlink: /home/iju/S08P31C208/ROS/robot_ws/install/dynamixel_sdk_custom_interfaces/include/dynamixel_sdk_custom_interfaces/msg/set_position__traits.hpp
[6.017s] -- Up-to-date symlink: /home/iju/S08P31C208/ROS/robot_ws/install/dynamixel_sdk_custom_interfaces/include/dynamixel_sdk_custom_interfaces/srv/get_position.hpp
[6.017s] -- Up-to-date symlink: /home/iju/S08P31C208/ROS/robot_ws/install/dynamixel_sdk_custom_interfaces/include/dynamixel_sdk_custom_interfaces/srv/get_position__struct.hpp
[6.017s] -- Up-to-date symlink: /home/iju/S08P31C208/ROS/robot_ws/install/dynamixel_sdk_custom_interfaces/include/dynamixel_sdk_custom_interfaces/srv/get_position__traits.hpp
[6.017s] -- Up-to-date symlink: /home/iju/S08P31C208/ROS/robot_ws/install/dynamixel_sdk_custom_interfaces/include/dynamixel_sdk_custom_interfaces/msg/rosidl_generator_c__visibility_control.h
[6.018s] -- Up-to-date symlink: /home/iju/S08P31C208/ROS/robot_ws/install/dynamixel_sdk_custom_interfaces/include/dynamixel_sdk_custom_interfaces/msg/set_position.h
[6.018s] -- Up-to-date symlink: /home/iju/S08P31C208/ROS/robot_ws/install/dynamixel_sdk_custom_interfaces/include/dynamixel_sdk_custom_interfaces/msg/set_position__functions.h
[6.018s] -- Up-to-date symlink: /home/iju/S08P31C208/ROS/robot_ws/install/dynamixel_sdk_custom_interfaces/include/dynamixel_sdk_custom_interfaces/msg/set_position__struct.h
[6.018s] -- Up-to-date symlink: /home/iju/S08P31C208/ROS/robot_ws/install/dynamixel_sdk_custom_interfaces/include/dynamixel_sdk_custom_interfaces/msg/set_position__type_support.h
[6.019s] -- Up-to-date symlink: /home/iju/S08P31C208/ROS/robot_ws/install/dynamixel_sdk_custom_interfaces/include/dynamixel_sdk_custom_interfaces/srv/get_position.h
[6.019s] -- Up-to-date symlink: /home/iju/S08P31C208/ROS/robot_ws/install/dynamixel_sdk_custom_interfaces/include/dynamixel_sdk_custom_interfaces/srv/get_position__functions.h
[6.019s] -- Up-to-date symlink: /home/iju/S08P31C208/ROS/robot_ws/install/dynamixel_sdk_custom_interfaces/include/dynamixel_sdk_custom_interfaces/srv/get_position__struct.h
[6.019s] -- Up-to-date symlink: /home/iju/S08P31C208/ROS/robot_ws/install/dynamixel_sdk_custom_interfaces/include/dynamixel_sdk_custom_interfaces/srv/get_position__type_support.h
[6.020s] -- Up-to-date symlink: /home/iju/S08P31C208/ROS/robot_ws/install/dynamixel_sdk_custom_interfaces/share/dynamixel_sdk_custom_interfaces/environment/library_path.sh
[6.020s] -- Up-to-date symlink: /home/iju/S08P31C208/ROS/robot_ws/install/dynamixel_sdk_custom_interfaces/lib/libdynamixel_sdk_custom_interfaces__rosidl_generator_c.so
[6.037s] -- Up-to-date symlink: /home/iju/S08P31C208/ROS/robot_ws/install/dynamixel_sdk_custom_interfaces/lib/libdynamixel_sdk_custom_interfaces__rosidl_typesupport_c.so
[6.037s] -- Up-to-date symlink: /home/iju/S08P31C208/ROS/robot_ws/install/dynamixel_sdk_custom_interfaces/lib/libdynamixel_sdk_custom_interfaces__rosidl_typesupport_cpp.so
[6.042s] -- Up-to-date symlink: /home/iju/S08P31C208/ROS/robot_ws/install/dynamixel_sdk_custom_interfaces/include/dynamixel_sdk_custom_interfaces/msg/rosidl_typesupport_introspection_c__visibility_control.h
[6.043s] -- Up-to-date symlink: /home/iju/S08P31C208/ROS/robot_ws/install/dynamixel_sdk_custom_interfaces/include/dynamixel_sdk_custom_interfaces/msg/set_position__rosidl_typesupport_introspection_c.h
[6.043s] -- Up-to-date symlink: /home/iju/S08P31C208/ROS/robot_ws/install/dynamixel_sdk_custom_interfaces/include/dynamixel_sdk_custom_interfaces/srv/get_position__rosidl_typesupport_introspection_c.h
[6.043s] -- Up-to-date symlink: /home/iju/S08P31C208/ROS/robot_ws/install/dynamixel_sdk_custom_interfaces/lib/libdynamixel_sdk_custom_interfaces__rosidl_typesupport_introspection_c.so
[6.043s] -- Up-to-date symlink: /home/iju/S08P31C208/ROS/robot_ws/install/dynamixel_sdk_custom_interfaces/include/dynamixel_sdk_custom_interfaces/msg/set_position__rosidl_typesupport_introspection_cpp.hpp
[6.043s] -- Up-to-date symlink: /home/iju/S08P31C208/ROS/robot_ws/install/dynamixel_sdk_custom_interfaces/include/dynamixel_sdk_custom_interfaces/srv/get_position__rosidl_typesupport_introspection_cpp.hpp
[6.043s] -- Up-to-date symlink: /home/iju/S08P31C208/ROS/robot_ws/install/dynamixel_sdk_custom_interfaces/lib/libdynamixel_sdk_custom_interfaces__rosidl_typesupport_introspection_cpp.so
[6.052s] -- Up-to-date symlink: /home/iju/S08P31C208/ROS/robot_ws/install/dynamixel_sdk_custom_interfaces/include/dynamixel_sdk_custom_interfaces/msg/rosidl_typesupport_fastrtps_c__visibility_control.h
[6.052s] -- Up-to-date symlink: /home/iju/S08P31C208/ROS/robot_ws/install/dynamixel_sdk_custom_interfaces/include/dynamixel_sdk_custom_interfaces/msg/set_position__rosidl_typesupport_fastrtps_c.h
[6.052s] -- Up-to-date symlink: /home/iju/S08P31C208/ROS/robot_ws/install/dynamixel_sdk_custom_interfaces/include/dynamixel_sdk_custom_interfaces/srv/get_position__rosidl_typesupport_fastrtps_c.h
[6.052s] -- Up-to-date symlink: /home/iju/S08P31C208/ROS/robot_ws/install/dynamixel_sdk_custom_interfaces/lib/libdynamixel_sdk_custom_interfaces__rosidl_typesupport_fastrtps_c.so
[6.053s] -- Up-to-date symlink: /home/iju/S08P31C208/ROS/robot_ws/install/dynamixel_sdk_custom_interfaces/include/dynamixel_sdk_custom_interfaces/msg/rosidl_typesupport_fastrtps_cpp__visibility_control.h
[6.053s] -- Up-to-date symlink: /home/iju/S08P31C208/ROS/robot_ws/install/dynamixel_sdk_custom_interfaces/include/dynamixel_sdk_custom_interfaces/msg/set_position__rosidl_typesupport_fastrtps_cpp.hpp
[6.062s] -- Up-to-date symlink: /home/iju/S08P31C208/ROS/robot_ws/install/dynamixel_sdk_custom_interfaces/include/dynamixel_sdk_custom_interfaces/srv/get_position__rosidl_typesupport_fastrtps_cpp.hpp
[6.062s] -- Up-to-date symlink: /home/iju/S08P31C208/ROS/robot_ws/install/dynamixel_sdk_custom_interfaces/lib/libdynamixel_sdk_custom_interfaces__rosidl_typesupport_fastrtps_cpp.so
[6.062s] -- Up-to-date symlink: /home/iju/S08P31C208/ROS/robot_ws/install/dynamixel_sdk_custom_interfaces/share/dynamixel_sdk_custom_interfaces/environment/pythonpath.sh
[6.063s] -- Up-to-date symlink: /home/iju/S08P31C208/ROS/robot_ws/install/dynamixel_sdk_custom_interfaces/lib/python3.6/site-packages/dynamixel_sdk_custom_interfaces/__init__.py
[6.063s] -- Up-to-date symlink: /home/iju/S08P31C208/ROS/robot_ws/install/dynamixel_sdk_custom_interfaces/lib/python3.6/site-packages/dynamixel_sdk_custom_interfaces/msg/__init__.py
[6.063s] -- Up-to-date symlink: /home/iju/S08P31C208/ROS/robot_ws/install/dynamixel_sdk_custom_interfaces/lib/python3.6/site-packages/dynamixel_sdk_custom_interfaces/msg/_set_position.py
[6.063s] -- Up-to-date symlink: /home/iju/S08P31C208/ROS/robot_ws/install/dynamixel_sdk_custom_interfaces/lib/python3.6/site-packages/dynamixel_sdk_custom_interfaces/srv/__init__.py
[6.063s] -- Up-to-date symlink: /home/iju/S08P31C208/ROS/robot_ws/install/dynamixel_sdk_custom_interfaces/lib/python3.6/site-packages/dynamixel_sdk_custom_interfaces/srv/_get_position.py
[6.063s] -- Up-to-date symlink: /home/iju/S08P31C208/ROS/robot_ws/install/dynamixel_sdk_custom_interfaces/lib/python3.6/site-packages/dynamixel_sdk_custom_interfaces/dynamixel_sdk_custom_interfaces_s__rosidl_typesupport_c.cpython-36m-x86_64-linux-gnu.so
[6.063s] -- Up-to-date symlink: /home/iju/S08P31C208/ROS/robot_ws/install/dynamixel_sdk_custom_interfaces/lib/python3.6/site-packages/dynamixel_sdk_custom_interfaces/dynamixel_sdk_custom_interfaces_s__rosidl_typesupport_introspection_c.cpython-36m-x86_64-linux-gnu.so
[6.083s] -- Up-to-date symlink: /home/iju/S08P31C208/ROS/robot_ws/install/dynamixel_sdk_custom_interfaces/lib/python3.6/site-packages/dynamixel_sdk_custom_interfaces/dynamixel_sdk_custom_interfaces_s__rosidl_typesupport_fastrtps_c.cpython-36m-x86_64-linux-gnu.so
[6.113s] -- Up-to-date symlink: /home/iju/S08P31C208/ROS/robot_ws/install/dynamixel_sdk_custom_interfaces/lib/libdynamixel_sdk_custom_interfaces__python.so
[6.113s] -- Up-to-date symlink: /home/iju/S08P31C208/ROS/robot_ws/install/dynamixel_sdk_custom_interfaces/share/dynamixel_sdk_custom_interfaces/msg/SetPosition.idl
[6.114s] -- Up-to-date symlink: /home/iju/S08P31C208/ROS/robot_ws/install/dynamixel_sdk_custom_interfaces/share/dynamixel_sdk_custom_interfaces/srv/GetPosition.idl
[6.114s] -- Up-to-date symlink: /home/iju/S08P31C208/ROS/robot_ws/install/dynamixel_sdk_custom_interfaces/share/dynamixel_sdk_custom_interfaces/msg/SetPosition.msg
[6.114s] -- Up-to-date symlink: /home/iju/S08P31C208/ROS/robot_ws/install/dynamixel_sdk_custom_interfaces/share/dynamixel_sdk_custom_interfaces/srv/GetPosition.srv
[6.114s] -- Up-to-date symlink: /home/iju/S08P31C208/ROS/robot_ws/install/dynamixel_sdk_custom_interfaces/share/dynamixel_sdk_custom_interfaces/srv/GetPosition_Request.msg
[6.114s] -- Up-to-date symlink: /home/iju/S08P31C208/ROS/robot_ws/install/dynamixel_sdk_custom_interfaces/share/dynamixel_sdk_custom_interfaces/srv/GetPosition_Response.msg
[6.114s] -- Up-to-date symlink: /home/iju/S08P31C208/ROS/robot_ws/install/dynamixel_sdk_custom_interfaces/share/ament_index/resource_index/package_run_dependencies/dynamixel_sdk_custom_interfaces
[6.114s] -- Up-to-date symlink: /home/iju/S08P31C208/ROS/robot_ws/install/dynamixel_sdk_custom_interfaces/share/ament_index/resource_index/parent_prefix_path/dynamixel_sdk_custom_interfaces
[6.115s] -- Up-to-date symlink: /home/iju/S08P31C208/ROS/robot_ws/install/dynamixel_sdk_custom_interfaces/share/dynamixel_sdk_custom_interfaces/environment/ament_prefix_path.sh
[6.115s] -- Up-to-date symlink: /home/iju/S08P31C208/ROS/robot_ws/install/dynamixel_sdk_custom_interfaces/share/dynamixel_sdk_custom_interfaces/environment/path.sh
[6.115s] -- Up-to-date symlink: /home/iju/S08P31C208/ROS/robot_ws/install/dynamixel_sdk_custom_interfaces/share/dynamixel_sdk_custom_interfaces/local_setup.bash
[6.126s] -- Up-to-date symlink: /home/iju/S08P31C208/ROS/robot_ws/install/dynamixel_sdk_custom_interfaces/share/dynamixel_sdk_custom_interfaces/local_setup.sh
[6.126s] -- Up-to-date symlink: /home/iju/S08P31C208/ROS/robot_ws/install/dynamixel_sdk_custom_interfaces/share/dynamixel_sdk_custom_interfaces/local_setup.zsh
[6.126s] -- Up-to-date symlink: /home/iju/S08P31C208/ROS/robot_ws/install/dynamixel_sdk_custom_interfaces/share/ament_index/resource_index/packages/dynamixel_sdk_custom_interfaces
[6.126s] -- Up-to-date symlink: /home/iju/S08P31C208/ROS/robot_ws/install/dynamixel_sdk_custom_interfaces/share/dynamixel_sdk_custom_interfaces/cmake/rosidl_cmake-extras.cmake
[6.126s] -- Up-to-date symlink: /home/iju/S08P31C208/ROS/robot_ws/install/dynamixel_sdk_custom_interfaces/share/dynamixel_sdk_custom_interfaces/cmake/ament_cmake_export_dependencies-extras.cmake
[6.130s] -- Up-to-date symlink: /home/iju/S08P31C208/ROS/robot_ws/install/dynamixel_sdk_custom_interfaces/share/dynamixel_sdk_custom_interfaces/cmake/ament_cmake_export_include_directories-extras.cmake
[6.147s] -- Up-to-date symlink: /home/iju/S08P31C208/ROS/robot_ws/install/dynamixel_sdk_custom_interfaces/share/dynamixel_sdk_custom_interfaces/cmake/ament_cmake_export_libraries-extras.cmake
[6.147s] -- Up-to-date symlink: /home/iju/S08P31C208/ROS/robot_ws/install/dynamixel_sdk_custom_interfaces/share/dynamixel_sdk_custom_interfaces/cmake/dynamixel_sdk_custom_interfacesConfig.cmake
[6.147s] -- Up-to-date symlink: /home/iju/S08P31C208/ROS/robot_ws/install/dynamixel_sdk_custom_interfaces/share/dynamixel_sdk_custom_interfaces/cmake/dynamixel_sdk_custom_interfacesConfig-version.cmake
[6.147s] -- Up-to-date symlink: /home/iju/S08P31C208/ROS/robot_ws/install/dynamixel_sdk_custom_interfaces/share/dynamixel_sdk_custom_interfaces/package.xml
[6.301s] Invoked command in '/home/iju/S08P31C208/ROS/robot_ws/build/dynamixel_sdk_custom_interfaces' returned '0': CMAKE_PREFIX_PATH=${CMAKE_PREFIX_PATH}:/home/iju/S08P31C208/ROS/robot_ws/install/turtlebot3_teleop:/home/iju/S08P31C208/ROS/robot_ws/install/turtlebot3_example:/opt/ros/dashing PS1=\u@\h \[\033[32m\]\w\[\033[33m\]$(parse_git_branch)\[\033[00m\] $ /usr/bin/cmake --build /home/iju/S08P31C208/ROS/robot_ws/build/dynamixel_sdk_custom_interfaces --target install -- -j6 -l6
