[0.120s] Invoking command in '/home/iju/S08P31C208/ROS/robot_ws/build/cv_bridge': CMAKE_PREFIX_PATH=/opt/ros/dashing PS1=\u@\h \[\033[32m\]\w\[\033[33m\]$(parse_git_branch)\[\033[00m\] $ /usr/bin/cmake /home/iju/S08P31C208/ROS/robot_ws/src/vision_opencv/cv_bridge -DCMAKE_INSTALL_PREFIX=/home/iju/S08P31C208/ROS/robot_ws/install/cv_bridge
[0.357s] -- The C compiler identification is GNU 7.5.0
[0.511s] -- The CXX compiler identification is GNU 7.5.0
[0.522s] -- Check for working C compiler: /usr/bin/cc
[0.592s] -- Check for working C compiler: /usr/bin/cc -- works
[0.593s] -- Detecting C compiler ABI info
[0.669s] -- Detecting C compiler ABI info - done
[0.675s] -- Detecting C compile features
[0.935s] -- Detecting C compile features - done
[0.947s] -- Check for working CXX compiler: /usr/bin/c++
[1.039s] -- Check for working CXX compiler: /usr/bin/c++ -- works
[1.045s] -- Detecting CXX compiler ABI info
[1.138s] -- Detecting CXX compiler ABI info - done
[1.141s] -- Detecting CXX compile features
[1.595s] -- Detecting CXX compile features - done
[1.597s] -- Found ament_cmake_ros: 0.7.0 (/opt/ros/dashing/share/ament_cmake_ros/cmake)
[1.627s] -- Found PythonInterp: /usr/bin/python3 (found suitable version "3.6.9", minimum required is "3") 
[1.627s] -- Using PYTHON_EXECUTABLE: /usr/bin/python3
[1.907s] -- Found PythonLibs: /usr/lib/x86_64-linux-gnu/libpython3.6m.so (found version "3.6.9") 
[1.994s] -- Boost version: 1.65.1
[1.994s] -- Found the following Boost libraries:
[1.994s] --   python3
[1.997s] -- Found sensor_msgs: 0.7.1 (/opt/ros/dashing/share/sensor_msgs/cmake)
[2.013s] -- Found rosidl_adapter: 0.7.10 (/opt/ros/dashing/share/rosidl_adapter/cmake)
[2.113s] -- Found OpenCV: /usr (found suitable version "3.2.0", minimum required is "3") found components:  opencv_core opencv_imgproc opencv_imgcodecs 
[2.203s] -- Performing Test COMPILER_HAS_HIDDEN_VISIBILITY
[2.621s] -- Performing Test COMPILER_HAS_HIDDEN_VISIBILITY - Success
[2.621s] -- Performing Test COMPILER_HAS_HIDDEN_INLINE_VISIBILITY
[2.928s] -- Performing Test COMPILER_HAS_HIDDEN_INLINE_VISIBILITY - Success
[2.928s] -- Performing Test COMPILER_HAS_DEPRECATED_ATTR
[3.040s] -- Performing Test COMPILER_HAS_DEPRECATED_ATTR - Success
[3.077s] -- Found PythonInterp: /usr/bin/python3 (found version "3.6.9") 
[3.077s] -- Found PythonLibs: /usr/lib/x86_64-linux-gnu/libpython3.6m.so (found suitable version "3.6.9", minimum required is "3.6") 
[3.292s] -- Found ament_lint_auto: 0.7.12 (/opt/ros/dashing/share/ament_lint_auto/cmake)
[3.500s] -- Found gtest sources under '/opt/ros/dashing/src/gtest_vendor': C++ tests using 'Google Test' will be built
[3.508s] -- Looking for pthread.h
[3.590s] -- Looking for pthread.h - found
[3.594s] -- Looking for pthread_create
[3.706s] -- Looking for pthread_create - not found
[3.714s] -- Check if compiler accepts -pthread
[3.854s] -- Check if compiler accepts -pthread - yes
[3.855s] -- Found Threads: TRUE  
[6.212s] -- Configuring done
[6.294s] -- Generating done
[6.296s] -- Build files have been written to: /home/iju/S08P31C208/ROS/robot_ws/build/cv_bridge
[6.312s] Invoked command in '/home/iju/S08P31C208/ROS/robot_ws/build/cv_bridge' returned '0': CMAKE_PREFIX_PATH=/opt/ros/dashing PS1=\u@\h \[\033[32m\]\w\[\033[33m\]$(parse_git_branch)\[\033[00m\] $ /usr/bin/cmake /home/iju/S08P31C208/ROS/robot_ws/src/vision_opencv/cv_bridge -DCMAKE_INSTALL_PREFIX=/home/iju/S08P31C208/ROS/robot_ws/install/cv_bridge
[6.316s] Invoking command in '/home/iju/S08P31C208/ROS/robot_ws/build/cv_bridge': CMAKE_PREFIX_PATH=/opt/ros/dashing PS1=\u@\h \[\033[32m\]\w\[\033[33m\]$(parse_git_branch)\[\033[00m\] $ /usr/bin/cmake --build /home/iju/S08P31C208/ROS/robot_ws/build/cv_bridge -- -j6 -l6
[6.540s] [35m[1mScanning dependencies of target gtest_main[0m
[6.540s] [35m[1mScanning dependencies of target cv_bridge[0m
[6.541s] [35m[1mScanning dependencies of target gtest[0m
[6.599s] [  6%] [32mBuilding CXX object gtest/CMakeFiles/gtest.dir/src/gtest-all.cc.o[0m
[6.637s] [ 12%] [32mBuilding CXX object src/CMakeFiles/cv_bridge.dir/rgb_colors.cpp.o[0m
[6.652s] [ 18%] [32mBuilding CXX object src/CMakeFiles/cv_bridge.dir/cv_bridge.cpp.o[0m
[6.656s] [ 25%] [32mBuilding CXX object gtest/CMakeFiles/gtest_main.dir/src/gtest_main.cc.o[0m
[8.767s] [ 31%] [32m[1mLinking CXX static library libgtest_main.a[0m
[8.992s] [ 31%] Built target gtest_main
[12.156s] [ 37%] [32m[1mLinking CXX static library libgtest.a[0m
[12.342s] [ 37%] Built target gtest
[13.650s] [ 43%] [32m[1mLinking CXX shared library libcv_bridge.so[0m
[14.010s] [ 43%] Built target cv_bridge
[14.040s] [35m[1mScanning dependencies of target cv_bridge-utest[0m
[14.054s] [35m[1mScanning dependencies of target cv_bridge_boost[0m
[14.186s] [ 50%] [32mBuilding CXX object test/CMakeFiles/cv_bridge-utest.dir/utest.cpp.o[0m
[14.221s] [ 56%] [32mBuilding CXX object src/CMakeFiles/cv_bridge_boost.dir/module.cpp.o[0m
[14.221s] [ 62%] [32mBuilding CXX object test/CMakeFiles/cv_bridge-utest.dir/test_rgb_colors.cpp.o[0m
[14.221s] [ 68%] [32mBuilding CXX object test/CMakeFiles/cv_bridge-utest.dir/utest2.cpp.o[0m
[14.221s] [ 75%] [32mBuilding CXX object test/CMakeFiles/cv_bridge-utest.dir/test_compression.cpp.o[0m
[14.221s] [ 81%] [32mBuilding CXX object test/CMakeFiles/cv_bridge-utest.dir/test_endian.cpp.o[0m
[19.005s] [ 87%] [32mBuilding CXX object src/CMakeFiles/cv_bridge_boost.dir/module_opencv3.cpp.o[0m
[20.808s] [ 93%] [32m[1mLinking CXX executable cv_bridge-utest[0m
[22.164s] [ 93%] Built target cv_bridge-utest
[24.092s] [100%] [32m[1mLinking CXX shared library boost/cv_bridge_boost.so[0m
[24.542s] [100%] Built target cv_bridge_boost
[24.675s] Invoked command in '/home/iju/S08P31C208/ROS/robot_ws/build/cv_bridge' returned '0': CMAKE_PREFIX_PATH=/opt/ros/dashing PS1=\u@\h \[\033[32m\]\w\[\033[33m\]$(parse_git_branch)\[\033[00m\] $ /usr/bin/cmake --build /home/iju/S08P31C208/ROS/robot_ws/build/cv_bridge -- -j6 -l6
[24.921s] Invoking command in '/home/iju/S08P31C208/ROS/robot_ws/build/cv_bridge': CMAKE_PREFIX_PATH=/opt/ros/dashing PS1=\u@\h \[\033[32m\]\w\[\033[33m\]$(parse_git_branch)\[\033[00m\] $ /usr/bin/cmake --build /home/iju/S08P31C208/ROS/robot_ws/build/cv_bridge --target install -- -j6 -l6
[25.121s] [ 12%] Built target gtest
[25.138s] [ 25%] Built target gtest_main
[25.149s] [ 43%] Built target cv_bridge
[25.209s] [ 62%] Built target cv_bridge_boost
[25.236s] [100%] Built target cv_bridge-utest
[25.274s] [36mInstall the project...[0m
[25.312s] -- Install configuration: ""
[25.312s] -- Installing: /home/iju/S08P31C208/ROS/robot_ws/install/cv_bridge/share/cv_bridge/environment/library_path.sh
[25.312s] -- Installing: /home/iju/S08P31C208/ROS/robot_ws/install/cv_bridge/include/cv_bridge
[25.313s] -- Installing: /home/iju/S08P31C208/ROS/robot_ws/install/cv_bridge/include/cv_bridge/cv_bridge.h
[25.313s] -- Installing: /home/iju/S08P31C208/ROS/robot_ws/install/cv_bridge/include/cv_bridge/rgb_colors.h
[25.313s] -- Installing: /home/iju/S08P31C208/ROS/robot_ws/install/cv_bridge/share/ament_index/resource_index/package_run_dependencies/cv_bridge
[25.313s] -- Installing: /home/iju/S08P31C208/ROS/robot_ws/install/cv_bridge/share/ament_index/resource_index/parent_prefix_path/cv_bridge
[25.313s] -- Installing: /home/iju/S08P31C208/ROS/robot_ws/install/cv_bridge/share/cv_bridge/environment/ament_prefix_path.sh
[25.313s] -- Installing: /home/iju/S08P31C208/ROS/robot_ws/install/cv_bridge/share/cv_bridge/environment/path.sh
[25.313s] -- Installing: /home/iju/S08P31C208/ROS/robot_ws/install/cv_bridge/share/cv_bridge/local_setup.bash
[25.314s] -- Installing: /home/iju/S08P31C208/ROS/robot_ws/install/cv_bridge/share/cv_bridge/local_setup.sh
[25.314s] -- Installing: /home/iju/S08P31C208/ROS/robot_ws/install/cv_bridge/share/cv_bridge/local_setup.zsh
[25.314s] -- Installing: /home/iju/S08P31C208/ROS/robot_ws/install/cv_bridge/share/ament_index/resource_index/packages/cv_bridge
[25.314s] -- Installing: /home/iju/S08P31C208/ROS/robot_ws/install/cv_bridge/share/cv_bridge/cmake/cv_bridge-extras.cmake
[25.315s] -- Installing: /home/iju/S08P31C208/ROS/robot_ws/install/cv_bridge/share/cv_bridge/cmake/ament_cmake_export_dependencies-extras.cmake
[25.320s] -- Installing: /home/iju/S08P31C208/ROS/robot_ws/install/cv_bridge/share/cv_bridge/cmake/ament_cmake_export_include_directories-extras.cmake
[25.321s] -- Installing: /home/iju/S08P31C208/ROS/robot_ws/install/cv_bridge/share/cv_bridge/cmake/ament_cmake_export_libraries-extras.cmake
[25.321s] -- Installing: /home/iju/S08P31C208/ROS/robot_ws/install/cv_bridge/share/cv_bridge/cmake/cv_bridgeConfig.cmake
[25.321s] -- Installing: /home/iju/S08P31C208/ROS/robot_ws/install/cv_bridge/share/cv_bridge/cmake/cv_bridgeConfig-version.cmake
[25.321s] -- Installing: /home/iju/S08P31C208/ROS/robot_ws/install/cv_bridge/share/cv_bridge/package.xml
[25.321s] -- Installing: /home/iju/S08P31C208/ROS/robot_ws/install/cv_bridge/share/cv_bridge/environment/pythonpath.sh
[25.321s] -- Installing: /home/iju/S08P31C208/ROS/robot_ws/install/cv_bridge/lib/python3.6/site-packages/cv_bridge
[25.321s] -- Installing: /home/iju/S08P31C208/ROS/robot_ws/install/cv_bridge/lib/python3.6/site-packages/cv_bridge/core.py
[25.321s] -- Installing: /home/iju/S08P31C208/ROS/robot_ws/install/cv_bridge/lib/python3.6/site-packages/cv_bridge/__init__.py
[25.406s] Listing '/home/iju/S08P31C208/ROS/robot_ws/install/cv_bridge/lib/python3.6/site-packages/cv_bridge'...
[25.406s] Compiling '/home/iju/S08P31C208/ROS/robot_ws/install/cv_bridge/lib/python3.6/site-packages/cv_bridge/__init__.py'...
[25.406s] Compiling '/home/iju/S08P31C208/ROS/robot_ws/install/cv_bridge/lib/python3.6/site-packages/cv_bridge/core.py'...
[25.411s] -- Installing: /home/iju/S08P31C208/ROS/robot_ws/install/cv_bridge/lib/libcv_bridge.so
[25.413s] -- Set runtime path of "/home/iju/S08P31C208/ROS/robot_ws/install/cv_bridge/lib/libcv_bridge.so" to ""
[25.413s] -- Installing: /home/iju/S08P31C208/ROS/robot_ws/install/cv_bridge/include/cv_bridge/cv_bridge_export.h
[25.413s] -- Installing: /home/iju/S08P31C208/ROS/robot_ws/install/cv_bridge/lib/python3.6/site-packages/cv_bridge/boost/cv_bridge_boost.so
[25.414s] -- Set runtime path of "/home/iju/S08P31C208/ROS/robot_ws/install/cv_bridge/lib/python3.6/site-packages/cv_bridge/boost/cv_bridge_boost.so" to ""
[25.428s] Invoked command in '/home/iju/S08P31C208/ROS/robot_ws/build/cv_bridge' returned '0': CMAKE_PREFIX_PATH=/opt/ros/dashing PS1=\u@\h \[\033[32m\]\w\[\033[33m\]$(parse_git_branch)\[\033[00m\] $ /usr/bin/cmake --build /home/iju/S08P31C208/ROS/robot_ws/build/cv_bridge --target install -- -j6 -l6
