[0.241s] Invoking command in '/home/iju/S08P31C208/ROS/robot_ws/build/nav2_msgs': CMAKE_PREFIX_PATH=/home/iju/S08P31C208/ROS/robot_ws/install/nav2_common:/home/iju/S08P31C208/ROS/robot_ws/install/turtlebot3_simulations:/home/iju/S08P31C208/ROS/robot_ws/install/turtlebot3_gazebo:/home/iju/S08P31C208/ROS/robot_ws/install/turtlebot3:/home/iju/S08P31C208/ROS/robot_ws/install/turtlebot3_bringup:/home/iju/S08P31C208/ROS/robot_ws/install/turtlebot3_node:/home/iju/S08P31C208/ROS/robot_ws/install/turtlebot3_navigation2:/home/iju/S08P31C208/ROS/robot_ws/install/turtlebot3_fake_node:/home/iju/S08P31C208/ROS/robot_ws/install/turtlebot3_msgs:/home/iju/S08P31C208/ROS/robot_ws/install/turtlebot3_description:/home/iju/S08P31C208/ROS/robot_ws/install/turtlebot3_cartographer:/home/iju/S08P31C208/ROS/robot_ws/install/turtle_cpp:/home/iju/S08P31C208/ROS/robot_ws/install/nav2_system_tests:/home/iju/S08P31C208/ROS/robot_ws/install/nav2_bringup:/home/iju/S08P31C208/ROS/robot_ws/install/navigation2:/home/iju/S08P31C208/ROS/robot_ws/install/nav2_dwb_controller:/home/iju/S08P31C208/ROS/robot_ws/install/dwb_plugins:/home/iju/S08P31C208/ROS/robot_ws/install/dwb_critics:/home/iju/S08P31C208/ROS/robot_ws/install/dwb_controller:/home/iju/S08P31C208/ROS/robot_ws/install/dwb_core:/home/iju/S08P31C208/ROS/robot_ws/install/nav_2d_utils:/home/iju/S08P31C208/ROS/robot_ws/install/dwb_msgs:/home/iju/S08P31C208/ROS/robot_ws/install/nav_2d_msgs:/home/iju/S08P31C208/ROS/robot_ws/install/nav2_world_model:/home/iju/S08P31C208/ROS/robot_ws/install/nav2_recoveries:/home/iju/S08P31C208/ROS/robot_ws/install/costmap_queue:/home/iju/S08P31C208/ROS/robot_ws/install/nav2_costmap_2d:/home/iju/S08P31C208/ROS/robot_ws/install/nav2_voxel_grid:/home/iju/S08P31C208/ROS/robot_ws/install/nav2_rviz_plugins:/home/iju/S08P31C208/ROS/robot_ws/install/nav2_navfn_planner:/home/iju/S08P31C208/ROS/robot_ws/install/nav2_map_server:/home/iju/S08P31C208/ROS/robot_ws/install/nav2_lifecycle_manager:/home/iju/S08P31C208/ROS/robot_ws/install/nav2_bt_navigator:/home/iju/S08P31C208/ROS/robot_ws/install/nav2_behavior_tree:/home/iju/S08P31C208/ROS/robot_ws/install/nav2_amcl:/home/iju/S08P31C208/ROS/robot_ws/install/nav2_util:/home/iju/S08P31C208/ROS/robot_ws/install/nav2_msgs:/home/iju/S08P31C208/ROS/robot_ws/install/nav2_dynamic_params:/home/iju/S08P31C208/ROS/robot_ws/install/gazebo_ros_pkgs:/home/iju/S08P31C208/ROS/robot_ws/install/gazebo_plugins:/home/iju/S08P31C208/ROS/robot_ws/install/gazebo_ros:/home/iju/S08P31C208/ROS/robot_ws/install/gazebo_msgs:/home/iju/S08P31C208/ROS/robot_ws/install/gazebo_dev:/home/iju/S08P31C208/ROS/robot_ws/install/dynamixel_sdk_examples:/home/iju/S08P31C208/ROS/robot_ws/install/dynamixel_sdk_custom_interfaces:/home/iju/S08P31C208/ROS/robot_ws/install/dynamixel_sdk:/home/iju/S08P31C208/ROS/robot_ws/install/turtlebot3_teleop:/home/iju/S08P31C208/ROS/robot_ws/install/turtlebot3_example:/opt/ros/dashing PS1=\u@\h \[\033[32m\]\w\[\033[33m\]$(parse_git_branch)\[\033[00m\] $ PYTHONPATH=/home/iju/S08P31C208/ROS/robot_ws/install/nav2_common/lib/python3.6/site-packages:/home/iju/S08P31C208/ROS/robot_ws/install/turtlebot3_teleop/lib/python3.6/site-packages:/home/iju/S08P31C208/ROS/robot_ws/install/turtlebot3_example/lib/python3.6/site-packages:/home/iju/S08P31C208/ROS/robot_ws/install/turtlebot3_msgs/lib/python3.6/site-packages:/home/iju/S08P31C208/ROS/robot_ws/install/dwb_msgs/lib/python3.6/site-packages:/home/iju/S08P31C208/ROS/robot_ws/install/nav_2d_msgs/lib/python3.6/site-packages:/home/iju/S08P31C208/ROS/robot_ws/install/nav2_msgs/lib/python3.6/site-packages:/home/iju/S08P31C208/ROS/robot_ws/install/gazebo_ros/lib/python3.6/site-packages:/home/iju/S08P31C208/ROS/robot_ws/install/gazebo_msgs/lib/python3.6/site-packages:/home/iju/S08P31C208/ROS/robot_ws/install/dynamixel_sdk_custom_interfaces/lib/python3.6/site-packages:/opt/ros/dashing/lib/python3.6/site-packages /usr/bin/cmake --build /home/iju/S08P31C208/ROS/robot_ws/build/nav2_msgs -- -j6 -l6
[0.535s] [ 12%] Built target nav2_msgs__rosidl_generator_c
[0.675s] [ 12%] Built target nav2_msgs__cpp
[0.871s] [ 24%] Built target nav2_msgs__rosidl_typesupport_introspection_c
[1.025s] [ 36%] Built target nav2_msgs__rosidl_typesupport_fastrtps_cpp
[1.128s] [ 48%] Built target nav2_msgs__rosidl_typesupport_introspection_cpp
[1.280s] [ 60%] Built target nav2_msgs__rosidl_typesupport_fastrtps_c
[1.430s] [ 72%] Built target nav2_msgs__rosidl_typesupport_cpp
[1.626s] [ 84%] Built target nav2_msgs__rosidl_typesupport_c
[1.704s] [ 84%] Built target nav2_msgs
[1.854s] [ 85%] Built target nav2_msgs__py
[1.984s] [ 96%] Built target nav2_msgs__python
[2.173s] [ 97%] Built target nav2_msgs__rosidl_typesupport_c__pyext
[2.296s] [ 99%] Built target nav2_msgs__rosidl_typesupport_introspection_c__pyext
[2.509s] [100%] Built target nav2_msgs__rosidl_typesupport_fastrtps_c__pyext
[3.516s] Invoked command in '/home/iju/S08P31C208/ROS/robot_ws/build/nav2_msgs' returned '0': CMAKE_PREFIX_PATH=/home/iju/S08P31C208/ROS/robot_ws/install/nav2_common:/home/iju/S08P31C208/ROS/robot_ws/install/turtlebot3_simulations:/home/iju/S08P31C208/ROS/robot_ws/install/turtlebot3_gazebo:/home/iju/S08P31C208/ROS/robot_ws/install/turtlebot3:/home/iju/S08P31C208/ROS/robot_ws/install/turtlebot3_bringup:/home/iju/S08P31C208/ROS/robot_ws/install/turtlebot3_node:/home/iju/S08P31C208/ROS/robot_ws/install/turtlebot3_navigation2:/home/iju/S08P31C208/ROS/robot_ws/install/turtlebot3_fake_node:/home/iju/S08P31C208/ROS/robot_ws/install/turtlebot3_msgs:/home/iju/S08P31C208/ROS/robot_ws/install/turtlebot3_description:/home/iju/S08P31C208/ROS/robot_ws/install/turtlebot3_cartographer:/home/iju/S08P31C208/ROS/robot_ws/install/turtle_cpp:/home/iju/S08P31C208/ROS/robot_ws/install/nav2_system_tests:/home/iju/S08P31C208/ROS/robot_ws/install/nav2_bringup:/home/iju/S08P31C208/ROS/robot_ws/install/navigation2:/home/iju/S08P31C208/ROS/robot_ws/install/nav2_dwb_controller:/home/iju/S08P31C208/ROS/robot_ws/install/dwb_plugins:/home/iju/S08P31C208/ROS/robot_ws/install/dwb_critics:/home/iju/S08P31C208/ROS/robot_ws/install/dwb_controller:/home/iju/S08P31C208/ROS/robot_ws/install/dwb_core:/home/iju/S08P31C208/ROS/robot_ws/install/nav_2d_utils:/home/iju/S08P31C208/ROS/robot_ws/install/dwb_msgs:/home/iju/S08P31C208/ROS/robot_ws/install/nav_2d_msgs:/home/iju/S08P31C208/ROS/robot_ws/install/nav2_world_model:/home/iju/S08P31C208/ROS/robot_ws/install/nav2_recoveries:/home/iju/S08P31C208/ROS/robot_ws/install/costmap_queue:/home/iju/S08P31C208/ROS/robot_ws/install/nav2_costmap_2d:/home/iju/S08P31C208/ROS/robot_ws/install/nav2_voxel_grid:/home/iju/S08P31C208/ROS/robot_ws/install/nav2_rviz_plugins:/home/iju/S08P31C208/ROS/robot_ws/install/nav2_navfn_planner:/home/iju/S08P31C208/ROS/robot_ws/install/nav2_map_server:/home/iju/S08P31C208/ROS/robot_ws/install/nav2_lifecycle_manager:/home/iju/S08P31C208/ROS/robot_ws/install/nav2_bt_navigator:/home/iju/S08P31C208/ROS/robot_ws/install/nav2_behavior_tree:/home/iju/S08P31C208/ROS/robot_ws/install/nav2_amcl:/home/iju/S08P31C208/ROS/robot_ws/install/nav2_util:/home/iju/S08P31C208/ROS/robot_ws/install/nav2_msgs:/home/iju/S08P31C208/ROS/robot_ws/install/nav2_dynamic_params:/home/iju/S08P31C208/ROS/robot_ws/install/gazebo_ros_pkgs:/home/iju/S08P31C208/ROS/robot_ws/install/gazebo_plugins:/home/iju/S08P31C208/ROS/robot_ws/install/gazebo_ros:/home/iju/S08P31C208/ROS/robot_ws/install/gazebo_msgs:/home/iju/S08P31C208/ROS/robot_ws/install/gazebo_dev:/home/iju/S08P31C208/ROS/robot_ws/install/dynamixel_sdk_examples:/home/iju/S08P31C208/ROS/robot_ws/install/dynamixel_sdk_custom_interfaces:/home/iju/S08P31C208/ROS/robot_ws/install/dynamixel_sdk:/home/iju/S08P31C208/ROS/robot_ws/install/turtlebot3_teleop:/home/iju/S08P31C208/ROS/robot_ws/install/turtlebot3_example:/opt/ros/dashing PS1=\u@\h \[\033[32m\]\w\[\033[33m\]$(parse_git_branch)\[\033[00m\] $ PYTHONPATH=/home/iju/S08P31C208/ROS/robot_ws/install/nav2_common/lib/python3.6/site-packages:/home/iju/S08P31C208/ROS/robot_ws/install/turtlebot3_teleop/lib/python3.6/site-packages:/home/iju/S08P31C208/ROS/robot_ws/install/turtlebot3_example/lib/python3.6/site-packages:/home/iju/S08P31C208/ROS/robot_ws/install/turtlebot3_msgs/lib/python3.6/site-packages:/home/iju/S08P31C208/ROS/robot_ws/install/dwb_msgs/lib/python3.6/site-packages:/home/iju/S08P31C208/ROS/robot_ws/install/nav_2d_msgs/lib/python3.6/site-packages:/home/iju/S08P31C208/ROS/robot_ws/install/nav2_msgs/lib/python3.6/site-packages:/home/iju/S08P31C208/ROS/robot_ws/install/gazebo_ros/lib/python3.6/site-packages:/home/iju/S08P31C208/ROS/robot_ws/install/gazebo_msgs/lib/python3.6/site-packages:/home/iju/S08P31C208/ROS/robot_ws/install/dynamixel_sdk_custom_interfaces/lib/python3.6/site-packages:/opt/ros/dashing/lib/python3.6/site-packages /usr/bin/cmake --build /home/iju/S08P31C208/ROS/robot_ws/build/nav2_msgs -- -j6 -l6
[6.448s] Invoking command in '/home/iju/S08P31C208/ROS/robot_ws/build/nav2_msgs': CMAKE_PREFIX_PATH=/home/iju/S08P31C208/ROS/robot_ws/install/nav2_common:/home/iju/S08P31C208/ROS/robot_ws/install/turtlebot3_simulations:/home/iju/S08P31C208/ROS/robot_ws/install/turtlebot3_gazebo:/home/iju/S08P31C208/ROS/robot_ws/install/turtlebot3:/home/iju/S08P31C208/ROS/robot_ws/install/turtlebot3_bringup:/home/iju/S08P31C208/ROS/robot_ws/install/turtlebot3_node:/home/iju/S08P31C208/ROS/robot_ws/install/turtlebot3_navigation2:/home/iju/S08P31C208/ROS/robot_ws/install/turtlebot3_fake_node:/home/iju/S08P31C208/ROS/robot_ws/install/turtlebot3_msgs:/home/iju/S08P31C208/ROS/robot_ws/install/turtlebot3_description:/home/iju/S08P31C208/ROS/robot_ws/install/turtlebot3_cartographer:/home/iju/S08P31C208/ROS/robot_ws/install/turtle_cpp:/home/iju/S08P31C208/ROS/robot_ws/install/nav2_system_tests:/home/iju/S08P31C208/ROS/robot_ws/install/nav2_bringup:/home/iju/S08P31C208/ROS/robot_ws/install/navigation2:/home/iju/S08P31C208/ROS/robot_ws/install/nav2_dwb_controller:/home/iju/S08P31C208/ROS/robot_ws/install/dwb_plugins:/home/iju/S08P31C208/ROS/robot_ws/install/dwb_critics:/home/iju/S08P31C208/ROS/robot_ws/install/dwb_controller:/home/iju/S08P31C208/ROS/robot_ws/install/dwb_core:/home/iju/S08P31C208/ROS/robot_ws/install/nav_2d_utils:/home/iju/S08P31C208/ROS/robot_ws/install/dwb_msgs:/home/iju/S08P31C208/ROS/robot_ws/install/nav_2d_msgs:/home/iju/S08P31C208/ROS/robot_ws/install/nav2_world_model:/home/iju/S08P31C208/ROS/robot_ws/install/nav2_recoveries:/home/iju/S08P31C208/ROS/robot_ws/install/costmap_queue:/home/iju/S08P31C208/ROS/robot_ws/install/nav2_costmap_2d:/home/iju/S08P31C208/ROS/robot_ws/install/nav2_voxel_grid:/home/iju/S08P31C208/ROS/robot_ws/install/nav2_rviz_plugins:/home/iju/S08P31C208/ROS/robot_ws/install/nav2_navfn_planner:/home/iju/S08P31C208/ROS/robot_ws/install/nav2_map_server:/home/iju/S08P31C208/ROS/robot_ws/install/nav2_lifecycle_manager:/home/iju/S08P31C208/ROS/robot_ws/install/nav2_bt_navigator:/home/iju/S08P31C208/ROS/robot_ws/install/nav2_behavior_tree:/home/iju/S08P31C208/ROS/robot_ws/install/nav2_amcl:/home/iju/S08P31C208/ROS/robot_ws/install/nav2_util:/home/iju/S08P31C208/ROS/robot_ws/install/nav2_msgs:/home/iju/S08P31C208/ROS/robot_ws/install/nav2_dynamic_params:/home/iju/S08P31C208/ROS/robot_ws/install/gazebo_ros_pkgs:/home/iju/S08P31C208/ROS/robot_ws/install/gazebo_plugins:/home/iju/S08P31C208/ROS/robot_ws/install/gazebo_ros:/home/iju/S08P31C208/ROS/robot_ws/install/gazebo_msgs:/home/iju/S08P31C208/ROS/robot_ws/install/gazebo_dev:/home/iju/S08P31C208/ROS/robot_ws/install/dynamixel_sdk_examples:/home/iju/S08P31C208/ROS/robot_ws/install/dynamixel_sdk_custom_interfaces:/home/iju/S08P31C208/ROS/robot_ws/install/dynamixel_sdk:/home/iju/S08P31C208/ROS/robot_ws/install/turtlebot3_teleop:/home/iju/S08P31C208/ROS/robot_ws/install/turtlebot3_example:/opt/ros/dashing PS1=\u@\h \[\033[32m\]\w\[\033[33m\]$(parse_git_branch)\[\033[00m\] $ PYTHONPATH=/home/iju/S08P31C208/ROS/robot_ws/install/nav2_common/lib/python3.6/site-packages:/home/iju/S08P31C208/ROS/robot_ws/install/turtlebot3_teleop/lib/python3.6/site-packages:/home/iju/S08P31C208/ROS/robot_ws/install/turtlebot3_example/lib/python3.6/site-packages:/home/iju/S08P31C208/ROS/robot_ws/install/turtlebot3_msgs/lib/python3.6/site-packages:/home/iju/S08P31C208/ROS/robot_ws/install/dwb_msgs/lib/python3.6/site-packages:/home/iju/S08P31C208/ROS/robot_ws/install/nav_2d_msgs/lib/python3.6/site-packages:/home/iju/S08P31C208/ROS/robot_ws/install/nav2_msgs/lib/python3.6/site-packages:/home/iju/S08P31C208/ROS/robot_ws/install/gazebo_ros/lib/python3.6/site-packages:/home/iju/S08P31C208/ROS/robot_ws/install/gazebo_msgs/lib/python3.6/site-packages:/home/iju/S08P31C208/ROS/robot_ws/install/dynamixel_sdk_custom_interfaces/lib/python3.6/site-packages:/opt/ros/dashing/lib/python3.6/site-packages /usr/bin/cmake --build /home/iju/S08P31C208/ROS/robot_ws/build/nav2_msgs --target install -- -j6 -l6
[6.887s] [ 12%] Built target nav2_msgs__rosidl_generator_c
[6.983s] [ 12%] Built target nav2_msgs__cpp
[7.115s] [ 24%] Built target nav2_msgs__rosidl_typesupport_introspection_c
[7.295s] [ 36%] Built target nav2_msgs__rosidl_typesupport_fastrtps_cpp
[7.433s] [ 48%] Built target nav2_msgs__rosidl_typesupport_introspection_cpp
[7.626s] [ 60%] Built target nav2_msgs__rosidl_typesupport_fastrtps_c
[7.738s] [ 72%] Built target nav2_msgs__rosidl_typesupport_cpp
[7.898s] [ 84%] Built target nav2_msgs__rosidl_typesupport_c
[8.034s] [ 84%] Built target nav2_msgs
[8.135s] [ 85%] Built target nav2_msgs__py
[8.323s] [ 96%] Built target nav2_msgs__python
[8.480s] [ 97%] Built target nav2_msgs__rosidl_typesupport_c__pyext
[8.638s] [ 99%] Built target nav2_msgs__rosidl_typesupport_introspection_c__pyext
[8.803s] [100%] Built target nav2_msgs__rosidl_typesupport_fastrtps_c__pyext
[8.904s] [36mInstall the project...[0m
[8.939s] -- Install configuration: "Release"
[8.946s] -- Up-to-date: /home/iju/S08P31C208/ROS/robot_ws/install/nav2_msgs/share/ament_index/resource_index/rosidl_interfaces/nav2_msgs
[8.947s] -- Up-to-date: /home/iju/S08P31C208/ROS/robot_ws/install/nav2_msgs/include/nav2_msgs
[8.947s] -- Up-to-date: /home/iju/S08P31C208/ROS/robot_ws/install/nav2_msgs/include/nav2_msgs/action
[8.947s] -- Up-to-date: /home/iju/S08P31C208/ROS/robot_ws/install/nav2_msgs/include/nav2_msgs/action/back_up__traits.hpp
[8.948s] -- Up-to-date: /home/iju/S08P31C208/ROS/robot_ws/install/nav2_msgs/include/nav2_msgs/action/follow_path__struct.hpp
[8.948s] -- Up-to-date: /home/iju/S08P31C208/ROS/robot_ws/install/nav2_msgs/include/nav2_msgs/action/follow_path__traits.hpp
[8.948s] -- Up-to-date: /home/iju/S08P31C208/ROS/robot_ws/install/nav2_msgs/include/nav2_msgs/action/dummy_recovery.hpp
[8.948s] -- Up-to-date: /home/iju/S08P31C208/ROS/robot_ws/install/nav2_msgs/include/nav2_msgs/action/random_crawl.hpp
[8.948s] -- Up-to-date: /home/iju/S08P31C208/ROS/robot_ws/install/nav2_msgs/include/nav2_msgs/action/spin.hpp
[8.953s] -- Up-to-date: /home/iju/S08P31C208/ROS/robot_ws/install/nav2_msgs/include/nav2_msgs/action/random_crawl__traits.hpp
[8.954s] -- Up-to-date: /home/iju/S08P31C208/ROS/robot_ws/install/nav2_msgs/include/nav2_msgs/action/follow_path.hpp
[8.955s] -- Up-to-date: /home/iju/S08P31C208/ROS/robot_ws/install/nav2_msgs/include/nav2_msgs/action/compute_path_to_pose__struct.hpp
[8.955s] -- Up-to-date: /home/iju/S08P31C208/ROS/robot_ws/install/nav2_msgs/include/nav2_msgs/action/back_up.hpp
[8.956s] -- Up-to-date: /home/iju/S08P31C208/ROS/robot_ws/install/nav2_msgs/include/nav2_msgs/action/compute_path_to_pose__traits.hpp
[8.956s] -- Up-to-date: /home/iju/S08P31C208/ROS/robot_ws/install/nav2_msgs/include/nav2_msgs/action/navigate_to_pose__struct.hpp
[8.956s] -- Up-to-date: /home/iju/S08P31C208/ROS/robot_ws/install/nav2_msgs/include/nav2_msgs/action/compute_path_to_pose.hpp
[8.957s] -- Up-to-date: /home/iju/S08P31C208/ROS/robot_ws/install/nav2_msgs/include/nav2_msgs/action/spin__struct.hpp
[8.957s] -- Up-to-date: /home/iju/S08P31C208/ROS/robot_ws/install/nav2_msgs/include/nav2_msgs/action/spin__traits.hpp
[8.957s] -- Up-to-date: /home/iju/S08P31C208/ROS/robot_ws/install/nav2_msgs/include/nav2_msgs/action/navigate_to_pose.hpp
[8.958s] -- Up-to-date: /home/iju/S08P31C208/ROS/robot_ws/install/nav2_msgs/include/nav2_msgs/action/back_up__struct.hpp
[8.967s] -- Up-to-date: /home/iju/S08P31C208/ROS/robot_ws/install/nav2_msgs/include/nav2_msgs/action/dummy_recovery__traits.hpp
[8.967s] -- Up-to-date: /home/iju/S08P31C208/ROS/robot_ws/install/nav2_msgs/include/nav2_msgs/action/navigate_to_pose__traits.hpp
[8.968s] -- Up-to-date: /home/iju/S08P31C208/ROS/robot_ws/install/nav2_msgs/include/nav2_msgs/action/dummy_recovery__struct.hpp
[8.968s] -- Up-to-date: /home/iju/S08P31C208/ROS/robot_ws/install/nav2_msgs/include/nav2_msgs/action/random_crawl__struct.hpp
[8.968s] -- Up-to-date: /home/iju/S08P31C208/ROS/robot_ws/install/nav2_msgs/include/nav2_msgs/srv
[8.968s] -- Up-to-date: /home/iju/S08P31C208/ROS/robot_ws/install/nav2_msgs/include/nav2_msgs/srv/clear_entire_costmap__struct.hpp
[8.969s] -- Up-to-date: /home/iju/S08P31C208/ROS/robot_ws/install/nav2_msgs/include/nav2_msgs/srv/get_costmap__struct.hpp
[8.969s] -- Up-to-date: /home/iju/S08P31C208/ROS/robot_ws/install/nav2_msgs/include/nav2_msgs/srv/clear_costmap_around_robot__struct.hpp
[8.969s] -- Up-to-date: /home/iju/S08P31C208/ROS/robot_ws/install/nav2_msgs/include/nav2_msgs/srv/clear_entire_costmap__traits.hpp
[8.969s] -- Up-to-date: /home/iju/S08P31C208/ROS/robot_ws/install/nav2_msgs/include/nav2_msgs/srv/get_costmap__traits.hpp
[8.970s] -- Up-to-date: /home/iju/S08P31C208/ROS/robot_ws/install/nav2_msgs/include/nav2_msgs/srv/clear_costmap_except_region__traits.hpp
[8.970s] -- Up-to-date: /home/iju/S08P31C208/ROS/robot_ws/install/nav2_msgs/include/nav2_msgs/srv/clear_entire_costmap.hpp
[8.970s] -- Up-to-date: /home/iju/S08P31C208/ROS/robot_ws/install/nav2_msgs/include/nav2_msgs/srv/clear_costmap_except_region.hpp
[8.970s] -- Up-to-date: /home/iju/S08P31C208/ROS/robot_ws/install/nav2_msgs/include/nav2_msgs/srv/clear_costmap_around_robot.hpp
[8.970s] -- Up-to-date: /home/iju/S08P31C208/ROS/robot_ws/install/nav2_msgs/include/nav2_msgs/srv/clear_costmap_around_robot__traits.hpp
[8.970s] -- Up-to-date: /home/iju/S08P31C208/ROS/robot_ws/install/nav2_msgs/include/nav2_msgs/srv/get_costmap.hpp
[8.970s] -- Up-to-date: /home/iju/S08P31C208/ROS/robot_ws/install/nav2_msgs/include/nav2_msgs/srv/clear_costmap_except_region__struct.hpp
[8.971s] -- Up-to-date: /home/iju/S08P31C208/ROS/robot_ws/install/nav2_msgs/include/nav2_msgs/msg
[8.971s] -- Up-to-date: /home/iju/S08P31C208/ROS/robot_ws/install/nav2_msgs/include/nav2_msgs/msg/costmap_meta_data__traits.hpp
[8.971s] -- Up-to-date: /home/iju/S08P31C208/ROS/robot_ws/install/nav2_msgs/include/nav2_msgs/msg/path__traits.hpp
[8.971s] -- Up-to-date: /home/iju/S08P31C208/ROS/robot_ws/install/nav2_msgs/include/nav2_msgs/msg/costmap__struct.hpp
[8.972s] -- Up-to-date: /home/iju/S08P31C208/ROS/robot_ws/install/nav2_msgs/include/nav2_msgs/msg/path.hpp
[8.972s] -- Up-to-date: /home/iju/S08P31C208/ROS/robot_ws/install/nav2_msgs/include/nav2_msgs/msg/costmap_meta_data__struct.hpp
[8.973s] -- Up-to-date: /home/iju/S08P31C208/ROS/robot_ws/install/nav2_msgs/include/nav2_msgs/msg/costmap.hpp
[8.973s] -- Up-to-date: /home/iju/S08P31C208/ROS/robot_ws/install/nav2_msgs/include/nav2_msgs/msg/voxel_grid__struct.hpp
[8.974s] -- Up-to-date: /home/iju/S08P31C208/ROS/robot_ws/install/nav2_msgs/include/nav2_msgs/msg/costmap__traits.hpp
[8.975s] -- Up-to-date: /home/iju/S08P31C208/ROS/robot_ws/install/nav2_msgs/include/nav2_msgs/msg/costmap_meta_data.hpp
[8.975s] -- Up-to-date: /home/iju/S08P31C208/ROS/robot_ws/install/nav2_msgs/include/nav2_msgs/msg/voxel_grid.hpp
[8.975s] -- Up-to-date: /home/iju/S08P31C208/ROS/robot_ws/install/nav2_msgs/include/nav2_msgs/msg/path__struct.hpp
[8.975s] -- Up-to-date: /home/iju/S08P31C208/ROS/robot_ws/install/nav2_msgs/include/nav2_msgs/msg/voxel_grid__traits.hpp
[8.976s] -- Up-to-date: /home/iju/S08P31C208/ROS/robot_ws/install/nav2_msgs/include/nav2_msgs
[8.979s] -- Up-to-date: /home/iju/S08P31C208/ROS/robot_ws/install/nav2_msgs/include/nav2_msgs/action
[8.979s] -- Up-to-date: /home/iju/S08P31C208/ROS/robot_ws/install/nav2_msgs/include/nav2_msgs/action/follow_path__functions.c
[8.979s] -- Up-to-date: /home/iju/S08P31C208/ROS/robot_ws/install/nav2_msgs/include/nav2_msgs/action/back_up__functions.c
[8.979s] -- Up-to-date: /home/iju/S08P31C208/ROS/robot_ws/install/nav2_msgs/include/nav2_msgs/action/spin__functions.h
[8.979s] -- Up-to-date: /home/iju/S08P31C208/ROS/robot_ws/install/nav2_msgs/include/nav2_msgs/action/random_crawl__struct.h
[8.979s] -- Up-to-date: /home/iju/S08P31C208/ROS/robot_ws/install/nav2_msgs/include/nav2_msgs/action/random_crawl__functions.h
[8.980s] -- Up-to-date: /home/iju/S08P31C208/ROS/robot_ws/install/nav2_msgs/include/nav2_msgs/action/spin__type_support.h
[8.980s] -- Up-to-date: /home/iju/S08P31C208/ROS/robot_ws/install/nav2_msgs/include/nav2_msgs/action/navigate_to_pose.h
[8.980s] -- Up-to-date: /home/iju/S08P31C208/ROS/robot_ws/install/nav2_msgs/include/nav2_msgs/action/compute_path_to_pose__functions.h
[8.980s] -- Up-to-date: /home/iju/S08P31C208/ROS/robot_ws/install/nav2_msgs/include/nav2_msgs/action/random_crawl__type_support.h
[8.980s] -- Up-to-date: /home/iju/S08P31C208/ROS/robot_ws/install/nav2_msgs/include/nav2_msgs/action/spin__struct.h
[8.980s] -- Up-to-date: /home/iju/S08P31C208/ROS/robot_ws/install/nav2_msgs/include/nav2_msgs/action/dummy_recovery__struct.h
[8.980s] -- Up-to-date: /home/iju/S08P31C208/ROS/robot_ws/install/nav2_msgs/include/nav2_msgs/action/random_crawl__functions.c
[8.980s] -- Up-to-date: /home/iju/S08P31C208/ROS/robot_ws/install/nav2_msgs/include/nav2_msgs/action/navigate_to_pose__functions.h
[8.980s] -- Up-to-date: /home/iju/S08P31C208/ROS/robot_ws/install/nav2_msgs/include/nav2_msgs/action/dummy_recovery__functions.c
[8.980s] -- Up-to-date: /home/iju/S08P31C208/ROS/robot_ws/install/nav2_msgs/include/nav2_msgs/action/back_up.h
[8.980s] -- Up-to-date: /home/iju/S08P31C208/ROS/robot_ws/install/nav2_msgs/include/nav2_msgs/action/compute_path_to_pose__type_support.h
[8.980s] -- Up-to-date: /home/iju/S08P31C208/ROS/robot_ws/install/nav2_msgs/include/nav2_msgs/action/compute_path_to_pose__struct.h
[8.981s] -- Up-to-date: /home/iju/S08P31C208/ROS/robot_ws/install/nav2_msgs/include/nav2_msgs/action/navigate_to_pose__functions.c
[8.981s] -- Up-to-date: /home/iju/S08P31C208/ROS/robot_ws/install/nav2_msgs/include/nav2_msgs/action/compute_path_to_pose__functions.c
[8.982s] -- Up-to-date: /home/iju/S08P31C208/ROS/robot_ws/install/nav2_msgs/include/nav2_msgs/action/random_crawl.h
[8.982s] -- Up-to-date: /home/iju/S08P31C208/ROS/robot_ws/install/nav2_msgs/include/nav2_msgs/action/back_up__functions.h
[8.983s] -- Up-to-date: /home/iju/S08P31C208/ROS/robot_ws/install/nav2_msgs/include/nav2_msgs/action/follow_path__functions.h
[8.983s] -- Up-to-date: /home/iju/S08P31C208/ROS/robot_ws/install/nav2_msgs/include/nav2_msgs/action/follow_path.h
[8.984s] -- Up-to-date: /home/iju/S08P31C208/ROS/robot_ws/install/nav2_msgs/include/nav2_msgs/action/compute_path_to_pose.h
[8.984s] -- Up-to-date: /home/iju/S08P31C208/ROS/robot_ws/install/nav2_msgs/include/nav2_msgs/action/back_up__struct.h
[8.984s] -- Up-to-date: /home/iju/S08P31C208/ROS/robot_ws/install/nav2_msgs/include/nav2_msgs/action/spin__functions.c
[8.984s] -- Up-to-date: /home/iju/S08P31C208/ROS/robot_ws/install/nav2_msgs/include/nav2_msgs/action/spin.h
[8.984s] -- Up-to-date: /home/iju/S08P31C208/ROS/robot_ws/install/nav2_msgs/include/nav2_msgs/action/follow_path__struct.h
[8.984s] -- Up-to-date: /home/iju/S08P31C208/ROS/robot_ws/install/nav2_msgs/include/nav2_msgs/action/follow_path__type_support.h
[8.984s] -- Up-to-date: /home/iju/S08P31C208/ROS/robot_ws/install/nav2_msgs/include/nav2_msgs/action/dummy_recovery.h
[8.984s] -- Up-to-date: /home/iju/S08P31C208/ROS/robot_ws/install/nav2_msgs/include/nav2_msgs/action/back_up__type_support.h
[8.984s] -- Up-to-date: /home/iju/S08P31C208/ROS/robot_ws/install/nav2_msgs/include/nav2_msgs/action/dummy_recovery__type_support.h
[8.984s] -- Up-to-date: /home/iju/S08P31C208/ROS/robot_ws/install/nav2_msgs/include/nav2_msgs/action/dummy_recovery__functions.h
[8.984s] -- Up-to-date: /home/iju/S08P31C208/ROS/robot_ws/install/nav2_msgs/include/nav2_msgs/action/navigate_to_pose__type_support.h
[8.984s] -- Up-to-date: /home/iju/S08P31C208/ROS/robot_ws/install/nav2_msgs/include/nav2_msgs/action/navigate_to_pose__struct.h
[8.984s] -- Up-to-date: /home/iju/S08P31C208/ROS/robot_ws/install/nav2_msgs/include/nav2_msgs/srv
[8.985s] -- Up-to-date: /home/iju/S08P31C208/ROS/robot_ws/install/nav2_msgs/include/nav2_msgs/srv/clear_costmap_around_robot.h
[8.985s] -- Up-to-date: /home/iju/S08P31C208/ROS/robot_ws/install/nav2_msgs/include/nav2_msgs/srv/clear_costmap_around_robot__functions.h
[8.985s] -- Up-to-date: /home/iju/S08P31C208/ROS/robot_ws/install/nav2_msgs/include/nav2_msgs/srv/clear_costmap_except_region__type_support.h
[8.985s] -- Up-to-date: /home/iju/S08P31C208/ROS/robot_ws/install/nav2_msgs/include/nav2_msgs/srv/get_costmap__struct.h
[8.985s] -- Up-to-date: /home/iju/S08P31C208/ROS/robot_ws/install/nav2_msgs/include/nav2_msgs/srv/get_costmap__functions.c
[8.985s] -- Up-to-date: /home/iju/S08P31C208/ROS/robot_ws/install/nav2_msgs/include/nav2_msgs/srv/clear_costmap_except_region.h
[8.986s] -- Up-to-date: /home/iju/S08P31C208/ROS/robot_ws/install/nav2_msgs/include/nav2_msgs/srv/clear_costmap_around_robot__struct.h
[8.986s] -- Up-to-date: /home/iju/S08P31C208/ROS/robot_ws/install/nav2_msgs/include/nav2_msgs/srv/get_costmap__type_support.h
[8.986s] -- Up-to-date: /home/iju/S08P31C208/ROS/robot_ws/install/nav2_msgs/include/nav2_msgs/srv/clear_costmap_except_region__functions.h
[8.986s] -- Up-to-date: /home/iju/S08P31C208/ROS/robot_ws/install/nav2_msgs/include/nav2_msgs/srv/clear_costmap_around_robot__functions.c
[8.986s] -- Up-to-date: /home/iju/S08P31C208/ROS/robot_ws/install/nav2_msgs/include/nav2_msgs/srv/clear_entire_costmap__functions.c
[8.986s] -- Up-to-date: /home/iju/S08P31C208/ROS/robot_ws/install/nav2_msgs/include/nav2_msgs/srv/clear_entire_costmap__type_support.h
[8.986s] -- Up-to-date: /home/iju/S08P31C208/ROS/robot_ws/install/nav2_msgs/include/nav2_msgs/srv/clear_costmap_except_region__functions.c
[8.987s] -- Up-to-date: /home/iju/S08P31C208/ROS/robot_ws/install/nav2_msgs/include/nav2_msgs/srv/clear_costmap_except_region__struct.h
[8.987s] -- Up-to-date: /home/iju/S08P31C208/ROS/robot_ws/install/nav2_msgs/include/nav2_msgs/srv/clear_costmap_around_robot__type_support.h
[8.987s] -- Up-to-date: /home/iju/S08P31C208/ROS/robot_ws/install/nav2_msgs/include/nav2_msgs/srv/clear_entire_costmap__functions.h
[8.989s] -- Up-to-date: /home/iju/S08P31C208/ROS/robot_ws/install/nav2_msgs/include/nav2_msgs/srv/get_costmap__functions.h
[8.989s] -- Up-to-date: /home/iju/S08P31C208/ROS/robot_ws/install/nav2_msgs/include/nav2_msgs/srv/clear_entire_costmap.h
[8.989s] -- Up-to-date: /home/iju/S08P31C208/ROS/robot_ws/install/nav2_msgs/include/nav2_msgs/srv/clear_entire_costmap__struct.h
[8.989s] -- Up-to-date: /home/iju/S08P31C208/ROS/robot_ws/install/nav2_msgs/include/nav2_msgs/srv/get_costmap.h
[8.989s] -- Up-to-date: /home/iju/S08P31C208/ROS/robot_ws/install/nav2_msgs/include/nav2_msgs/msg
[8.989s] -- Up-to-date: /home/iju/S08P31C208/ROS/robot_ws/install/nav2_msgs/include/nav2_msgs/msg/costmap_meta_data__functions.c
[8.989s] -- Up-to-date: /home/iju/S08P31C208/ROS/robot_ws/install/nav2_msgs/include/nav2_msgs/msg/costmap__type_support.h
[8.990s] -- Up-to-date: /home/iju/S08P31C208/ROS/robot_ws/install/nav2_msgs/include/nav2_msgs/msg/costmap__functions.h
[8.990s] -- Up-to-date: /home/iju/S08P31C208/ROS/robot_ws/install/nav2_msgs/include/nav2_msgs/msg/costmap_meta_data__type_support.h
[8.990s] -- Up-to-date: /home/iju/S08P31C208/ROS/robot_ws/install/nav2_msgs/include/nav2_msgs/msg/costmap_meta_data__functions.h
[8.990s] -- Up-to-date: /home/iju/S08P31C208/ROS/robot_ws/install/nav2_msgs/include/nav2_msgs/msg/costmap_meta_data.h
[8.990s] -- Up-to-date: /home/iju/S08P31C208/ROS/robot_ws/install/nav2_msgs/include/nav2_msgs/msg/path__functions.c
[8.990s] -- Up-to-date: /home/iju/S08P31C208/ROS/robot_ws/install/nav2_msgs/include/nav2_msgs/msg/costmap_meta_data__struct.h
[8.990s] -- Up-to-date: /home/iju/S08P31C208/ROS/robot_ws/install/nav2_msgs/include/nav2_msgs/msg/path__type_support.h
[8.990s] -- Up-to-date: /home/iju/S08P31C208/ROS/robot_ws/install/nav2_msgs/include/nav2_msgs/msg/voxel_grid__functions.c
[8.990s] -- Up-to-date: /home/iju/S08P31C208/ROS/robot_ws/install/nav2_msgs/include/nav2_msgs/msg/voxel_grid__functions.h
[8.991s] -- Up-to-date: /home/iju/S08P31C208/ROS/robot_ws/install/nav2_msgs/include/nav2_msgs/msg/voxel_grid__type_support.h
[8.991s] -- Up-to-date: /home/iju/S08P31C208/ROS/robot_ws/install/nav2_msgs/include/nav2_msgs/msg/costmap__functions.c
[8.991s] -- Up-to-date: /home/iju/S08P31C208/ROS/robot_ws/install/nav2_msgs/include/nav2_msgs/msg/path__struct.h
[8.991s] -- Up-to-date: /home/iju/S08P31C208/ROS/robot_ws/install/nav2_msgs/include/nav2_msgs/msg/costmap__struct.h
[8.991s] -- Up-to-date: /home/iju/S08P31C208/ROS/robot_ws/install/nav2_msgs/include/nav2_msgs/msg/voxel_grid__struct.h
[8.991s] -- Up-to-date: /home/iju/S08P31C208/ROS/robot_ws/install/nav2_msgs/include/nav2_msgs/msg/path__functions.h
[8.991s] -- Up-to-date: /home/iju/S08P31C208/ROS/robot_ws/install/nav2_msgs/include/nav2_msgs/msg/rosidl_generator_c__visibility_control.h
[8.991s] -- Up-to-date: /home/iju/S08P31C208/ROS/robot_ws/install/nav2_msgs/include/nav2_msgs/msg/path.h
[8.992s] -- Up-to-date: /home/iju/S08P31C208/ROS/robot_ws/install/nav2_msgs/include/nav2_msgs/msg/costmap.h
[8.992s] -- Up-to-date: /home/iju/S08P31C208/ROS/robot_ws/install/nav2_msgs/include/nav2_msgs/msg/voxel_grid.h
[8.992s] -- Up-to-date: /home/iju/S08P31C208/ROS/robot_ws/install/nav2_msgs/share/nav2_msgs/environment/library_path.sh
[8.993s] -- Up-to-date: /home/iju/S08P31C208/ROS/robot_ws/install/nav2_msgs/lib/libnav2_msgs__rosidl_generator_c.so
[8.993s] -- Up-to-date: /home/iju/S08P31C208/ROS/robot_ws/install/nav2_msgs/lib/libnav2_msgs__rosidl_typesupport_c.so
[8.993s] -- Up-to-date: /home/iju/S08P31C208/ROS/robot_ws/install/nav2_msgs/lib/libnav2_msgs__rosidl_typesupport_cpp.so
[8.993s] -- Up-to-date: /home/iju/S08P31C208/ROS/robot_ws/install/nav2_msgs/include/nav2_msgs
[8.993s] -- Up-to-date: /home/iju/S08P31C208/ROS/robot_ws/install/nav2_msgs/include/nav2_msgs/action
[8.993s] -- Up-to-date: /home/iju/S08P31C208/ROS/robot_ws/install/nav2_msgs/include/nav2_msgs/action/spin__rosidl_typesupport_introspection_c.h
[8.993s] -- Up-to-date: /home/iju/S08P31C208/ROS/robot_ws/install/nav2_msgs/include/nav2_msgs/action/random_crawl__type_support.c
[8.993s] -- Up-to-date: /home/iju/S08P31C208/ROS/robot_ws/install/nav2_msgs/include/nav2_msgs/action/compute_path_to_pose__rosidl_typesupport_introspection_c.h
[8.993s] -- Up-to-date: /home/iju/S08P31C208/ROS/robot_ws/install/nav2_msgs/include/nav2_msgs/action/navigate_to_pose__type_support.c
[8.993s] -- Up-to-date: /home/iju/S08P31C208/ROS/robot_ws/install/nav2_msgs/include/nav2_msgs/action/navigate_to_pose__rosidl_typesupport_introspection_c.h
[8.994s] -- Up-to-date: /home/iju/S08P31C208/ROS/robot_ws/install/nav2_msgs/include/nav2_msgs/action/back_up__rosidl_typesupport_introspection_c.h
[8.994s] -- Up-to-date: /home/iju/S08P31C208/ROS/robot_ws/install/nav2_msgs/include/nav2_msgs/action/back_up__type_support.c
[8.994s] -- Up-to-date: /home/iju/S08P31C208/ROS/robot_ws/install/nav2_msgs/include/nav2_msgs/action/dummy_recovery__rosidl_typesupport_introspection_c.h
[8.994s] -- Up-to-date: /home/iju/S08P31C208/ROS/robot_ws/install/nav2_msgs/include/nav2_msgs/action/random_crawl__rosidl_typesupport_introspection_c.h
[8.994s] -- Up-to-date: /home/iju/S08P31C208/ROS/robot_ws/install/nav2_msgs/include/nav2_msgs/action/dummy_recovery__type_support.c
[8.994s] -- Up-to-date: /home/iju/S08P31C208/ROS/robot_ws/install/nav2_msgs/include/nav2_msgs/action/spin__type_support.c
[8.994s] -- Up-to-date: /home/iju/S08P31C208/ROS/robot_ws/install/nav2_msgs/include/nav2_msgs/action/compute_path_to_pose__type_support.c
[8.995s] -- Up-to-date: /home/iju/S08P31C208/ROS/robot_ws/install/nav2_msgs/include/nav2_msgs/action/follow_path__rosidl_typesupport_introspection_c.h
[8.995s] -- Up-to-date: /home/iju/S08P31C208/ROS/robot_ws/install/nav2_msgs/include/nav2_msgs/action/follow_path__type_support.c
[8.995s] -- Up-to-date: /home/iju/S08P31C208/ROS/robot_ws/install/nav2_msgs/include/nav2_msgs/srv
[8.995s] -- Up-to-date: /home/iju/S08P31C208/ROS/robot_ws/install/nav2_msgs/include/nav2_msgs/srv/clear_entire_costmap__rosidl_typesupport_introspection_c.h
[8.995s] -- Up-to-date: /home/iju/S08P31C208/ROS/robot_ws/install/nav2_msgs/include/nav2_msgs/srv/clear_costmap_around_robot__type_support.c
[9.003s] -- Up-to-date: /home/iju/S08P31C208/ROS/robot_ws/install/nav2_msgs/include/nav2_msgs/srv/clear_costmap_around_robot__rosidl_typesupport_introspection_c.h
[9.003s] -- Up-to-date: /home/iju/S08P31C208/ROS/robot_ws/install/nav2_msgs/include/nav2_msgs/srv/get_costmap__type_support.c
[9.003s] -- Up-to-date: /home/iju/S08P31C208/ROS/robot_ws/install/nav2_msgs/include/nav2_msgs/srv/get_costmap__rosidl_typesupport_introspection_c.h
[9.005s] -- Up-to-date: /home/iju/S08P31C208/ROS/robot_ws/install/nav2_msgs/include/nav2_msgs/srv/clear_costmap_except_region__rosidl_typesupport_introspection_c.h
[9.006s] -- Up-to-date: /home/iju/S08P31C208/ROS/robot_ws/install/nav2_msgs/include/nav2_msgs/srv/clear_entire_costmap__type_support.c
[9.006s] -- Up-to-date: /home/iju/S08P31C208/ROS/robot_ws/install/nav2_msgs/include/nav2_msgs/srv/clear_costmap_except_region__type_support.c
[9.006s] -- Up-to-date: /home/iju/S08P31C208/ROS/robot_ws/install/nav2_msgs/include/nav2_msgs/msg
[9.006s] -- Up-to-date: /home/iju/S08P31C208/ROS/robot_ws/install/nav2_msgs/include/nav2_msgs/msg/path__type_support.c
[9.006s] -- Up-to-date: /home/iju/S08P31C208/ROS/robot_ws/install/nav2_msgs/include/nav2_msgs/msg/path__rosidl_typesupport_introspection_c.h
[9.006s] -- Up-to-date: /home/iju/S08P31C208/ROS/robot_ws/install/nav2_msgs/include/nav2_msgs/msg/voxel_grid__rosidl_typesupport_introspection_c.h
[9.006s] -- Up-to-date: /home/iju/S08P31C208/ROS/robot_ws/install/nav2_msgs/include/nav2_msgs/msg/rosidl_typesupport_introspection_c__visibility_control.h
[9.006s] -- Up-to-date: /home/iju/S08P31C208/ROS/robot_ws/install/nav2_msgs/include/nav2_msgs/msg/costmap__rosidl_typesupport_introspection_c.h
[9.006s] -- Up-to-date: /home/iju/S08P31C208/ROS/robot_ws/install/nav2_msgs/include/nav2_msgs/msg/costmap__type_support.c
[9.007s] -- Up-to-date: /home/iju/S08P31C208/ROS/robot_ws/install/nav2_msgs/include/nav2_msgs/msg/voxel_grid__type_support.c
[9.007s] -- Up-to-date: /home/iju/S08P31C208/ROS/robot_ws/install/nav2_msgs/include/nav2_msgs/msg/costmap_meta_data__type_support.c
[9.007s] -- Up-to-date: /home/iju/S08P31C208/ROS/robot_ws/install/nav2_msgs/include/nav2_msgs/msg/costmap_meta_data__rosidl_typesupport_introspection_c.h
[9.007s] -- Up-to-date: /home/iju/S08P31C208/ROS/robot_ws/install/nav2_msgs/lib/libnav2_msgs__rosidl_typesupport_introspection_c.so
[9.007s] -- Up-to-date: /home/iju/S08P31C208/ROS/robot_ws/install/nav2_msgs/include/nav2_msgs
[9.007s] -- Up-to-date: /home/iju/S08P31C208/ROS/robot_ws/install/nav2_msgs/include/nav2_msgs/action
[9.008s] -- Up-to-date: /home/iju/S08P31C208/ROS/robot_ws/install/nav2_msgs/include/nav2_msgs/action/navigate_to_pose__rosidl_typesupport_introspection_cpp.hpp
[9.008s] -- Up-to-date: /home/iju/S08P31C208/ROS/robot_ws/install/nav2_msgs/include/nav2_msgs/action/random_crawl__rosidl_typesupport_introspection_cpp.hpp
[9.008s] -- Up-to-date: /home/iju/S08P31C208/ROS/robot_ws/install/nav2_msgs/include/nav2_msgs/action/dummy_recovery__rosidl_typesupport_introspection_cpp.hpp
[9.008s] -- Up-to-date: /home/iju/S08P31C208/ROS/robot_ws/install/nav2_msgs/include/nav2_msgs/action/back_up__type_support.cpp
[9.008s] -- Up-to-date: /home/iju/S08P31C208/ROS/robot_ws/install/nav2_msgs/include/nav2_msgs/action/compute_path_to_pose__rosidl_typesupport_introspection_cpp.hpp
[9.008s] -- Up-to-date: /home/iju/S08P31C208/ROS/robot_ws/install/nav2_msgs/include/nav2_msgs/action/compute_path_to_pose__type_support.cpp
[9.008s] -- Up-to-date: /home/iju/S08P31C208/ROS/robot_ws/install/nav2_msgs/include/nav2_msgs/action/spin__rosidl_typesupport_introspection_cpp.hpp
[9.008s] -- Up-to-date: /home/iju/S08P31C208/ROS/robot_ws/install/nav2_msgs/include/nav2_msgs/action/back_up__rosidl_typesupport_introspection_cpp.hpp
[9.009s] -- Up-to-date: /home/iju/S08P31C208/ROS/robot_ws/install/nav2_msgs/include/nav2_msgs/action/dummy_recovery__type_support.cpp
[9.009s] -- Up-to-date: /home/iju/S08P31C208/ROS/robot_ws/install/nav2_msgs/include/nav2_msgs/action/follow_path__type_support.cpp
[9.009s] -- Up-to-date: /home/iju/S08P31C208/ROS/robot_ws/install/nav2_msgs/include/nav2_msgs/action/navigate_to_pose__type_support.cpp
[9.009s] -- Up-to-date: /home/iju/S08P31C208/ROS/robot_ws/install/nav2_msgs/include/nav2_msgs/action/follow_path__rosidl_typesupport_introspection_cpp.hpp
[9.009s] -- Up-to-date: /home/iju/S08P31C208/ROS/robot_ws/install/nav2_msgs/include/nav2_msgs/action/spin__type_support.cpp
[9.009s] -- Up-to-date: /home/iju/S08P31C208/ROS/robot_ws/install/nav2_msgs/include/nav2_msgs/action/random_crawl__type_support.cpp
[9.009s] -- Up-to-date: /home/iju/S08P31C208/ROS/robot_ws/install/nav2_msgs/include/nav2_msgs/srv
[9.009s] -- Up-to-date: /home/iju/S08P31C208/ROS/robot_ws/install/nav2_msgs/include/nav2_msgs/srv/clear_costmap_around_robot__rosidl_typesupport_introspection_cpp.hpp
[9.009s] -- Up-to-date: /home/iju/S08P31C208/ROS/robot_ws/install/nav2_msgs/include/nav2_msgs/srv/clear_costmap_except_region__type_support.cpp
[9.009s] -- Up-to-date: /home/iju/S08P31C208/ROS/robot_ws/install/nav2_msgs/include/nav2_msgs/srv/get_costmap__type_support.cpp
[9.009s] -- Up-to-date: /home/iju/S08P31C208/ROS/robot_ws/install/nav2_msgs/include/nav2_msgs/srv/clear_entire_costmap__rosidl_typesupport_introspection_cpp.hpp
[9.009s] -- Up-to-date: /home/iju/S08P31C208/ROS/robot_ws/install/nav2_msgs/include/nav2_msgs/srv/clear_costmap_except_region__rosidl_typesupport_introspection_cpp.hpp
[9.010s] -- Up-to-date: /home/iju/S08P31C208/ROS/robot_ws/install/nav2_msgs/include/nav2_msgs/srv/get_costmap__rosidl_typesupport_introspection_cpp.hpp
[9.010s] -- Up-to-date: /home/iju/S08P31C208/ROS/robot_ws/install/nav2_msgs/include/nav2_msgs/srv/clear_entire_costmap__type_support.cpp
[9.013s] -- Up-to-date: /home/iju/S08P31C208/ROS/robot_ws/install/nav2_msgs/include/nav2_msgs/srv/clear_costmap_around_robot__type_support.cpp
[9.013s] -- Up-to-date: /home/iju/S08P31C208/ROS/robot_ws/install/nav2_msgs/include/nav2_msgs/msg
[9.013s] -- Up-to-date: /home/iju/S08P31C208/ROS/robot_ws/install/nav2_msgs/include/nav2_msgs/msg/path__type_support.cpp
[9.013s] -- Up-to-date: /home/iju/S08P31C208/ROS/robot_ws/install/nav2_msgs/include/nav2_msgs/msg/path__rosidl_typesupport_introspection_cpp.hpp
[9.014s] -- Up-to-date: /home/iju/S08P31C208/ROS/robot_ws/install/nav2_msgs/include/nav2_msgs/msg/costmap_meta_data__rosidl_typesupport_introspection_cpp.hpp
[9.014s] -- Up-to-date: /home/iju/S08P31C208/ROS/robot_ws/install/nav2_msgs/include/nav2_msgs/msg/voxel_grid__type_support.cpp
[9.014s] -- Up-to-date: /home/iju/S08P31C208/ROS/robot_ws/install/nav2_msgs/include/nav2_msgs/msg/voxel_grid__rosidl_typesupport_introspection_cpp.hpp
[9.014s] -- Up-to-date: /home/iju/S08P31C208/ROS/robot_ws/install/nav2_msgs/include/nav2_msgs/msg/costmap__rosidl_typesupport_introspection_cpp.hpp
[9.014s] -- Up-to-date: /home/iju/S08P31C208/ROS/robot_ws/install/nav2_msgs/include/nav2_msgs/msg/costmap__type_support.cpp
[9.014s] -- Up-to-date: /home/iju/S08P31C208/ROS/robot_ws/install/nav2_msgs/include/nav2_msgs/msg/costmap_meta_data__type_support.cpp
[9.014s] -- Up-to-date: /home/iju/S08P31C208/ROS/robot_ws/install/nav2_msgs/lib/libnav2_msgs__rosidl_typesupport_introspection_cpp.so
[9.015s] -- Up-to-date: /home/iju/S08P31C208/ROS/robot_ws/install/nav2_msgs/include/nav2_msgs
[9.015s] -- Up-to-date: /home/iju/S08P31C208/ROS/robot_ws/install/nav2_msgs/include/nav2_msgs/action
[9.015s] -- Up-to-date: /home/iju/S08P31C208/ROS/robot_ws/install/nav2_msgs/include/nav2_msgs/action/back_up__rosidl_typesupport_fastrtps_c.h
[9.017s] -- Up-to-date: /home/iju/S08P31C208/ROS/robot_ws/install/nav2_msgs/include/nav2_msgs/action/compute_path_to_pose__rosidl_typesupport_fastrtps_c.h
[9.017s] -- Up-to-date: /home/iju/S08P31C208/ROS/robot_ws/install/nav2_msgs/include/nav2_msgs/action/dummy_recovery__rosidl_typesupport_fastrtps_c.h
[9.017s] -- Up-to-date: /home/iju/S08P31C208/ROS/robot_ws/install/nav2_msgs/include/nav2_msgs/action/random_crawl__rosidl_typesupport_fastrtps_c.h
[9.017s] -- Up-to-date: /home/iju/S08P31C208/ROS/robot_ws/install/nav2_msgs/include/nav2_msgs/action/navigate_to_pose__rosidl_typesupport_fastrtps_c.h
[9.017s] -- Up-to-date: /home/iju/S08P31C208/ROS/robot_ws/install/nav2_msgs/include/nav2_msgs/action/follow_path__rosidl_typesupport_fastrtps_c.h
[9.018s] -- Up-to-date: /home/iju/S08P31C208/ROS/robot_ws/install/nav2_msgs/include/nav2_msgs/action/spin__rosidl_typesupport_fastrtps_c.h
[9.018s] -- Up-to-date: /home/iju/S08P31C208/ROS/robot_ws/install/nav2_msgs/include/nav2_msgs/srv
[9.018s] -- Up-to-date: /home/iju/S08P31C208/ROS/robot_ws/install/nav2_msgs/include/nav2_msgs/srv/clear_costmap_except_region__rosidl_typesupport_fastrtps_c.h
[9.018s] -- Up-to-date: /home/iju/S08P31C208/ROS/robot_ws/install/nav2_msgs/include/nav2_msgs/srv/get_costmap__rosidl_typesupport_fastrtps_c.h
[9.018s] -- Up-to-date: /home/iju/S08P31C208/ROS/robot_ws/install/nav2_msgs/include/nav2_msgs/srv/clear_costmap_around_robot__rosidl_typesupport_fastrtps_c.h
[9.018s] -- Up-to-date: /home/iju/S08P31C208/ROS/robot_ws/install/nav2_msgs/include/nav2_msgs/srv/clear_entire_costmap__rosidl_typesupport_fastrtps_c.h
[9.018s] -- Up-to-date: /home/iju/S08P31C208/ROS/robot_ws/install/nav2_msgs/include/nav2_msgs/msg
[9.018s] -- Up-to-date: /home/iju/S08P31C208/ROS/robot_ws/install/nav2_msgs/include/nav2_msgs/msg/path__rosidl_typesupport_fastrtps_c.h
[9.019s] -- Up-to-date: /home/iju/S08P31C208/ROS/robot_ws/install/nav2_msgs/include/nav2_msgs/msg/costmap__rosidl_typesupport_fastrtps_c.h
[9.019s] -- Up-to-date: /home/iju/S08P31C208/ROS/robot_ws/install/nav2_msgs/include/nav2_msgs/msg/voxel_grid__rosidl_typesupport_fastrtps_c.h
[9.019s] -- Up-to-date: /home/iju/S08P31C208/ROS/robot_ws/install/nav2_msgs/include/nav2_msgs/msg/costmap_meta_data__rosidl_typesupport_fastrtps_c.h
[9.019s] -- Up-to-date: /home/iju/S08P31C208/ROS/robot_ws/install/nav2_msgs/include/nav2_msgs/msg/rosidl_typesupport_fastrtps_c__visibility_control.h
[9.020s] -- Up-to-date: /home/iju/S08P31C208/ROS/robot_ws/install/nav2_msgs/lib/libnav2_msgs__rosidl_typesupport_fastrtps_c.so
[9.021s] -- Up-to-date: /home/iju/S08P31C208/ROS/robot_ws/install/nav2_msgs/include/nav2_msgs
[9.021s] -- Up-to-date: /home/iju/S08P31C208/ROS/robot_ws/install/nav2_msgs/include/nav2_msgs/action
[9.021s] -- Up-to-date: /home/iju/S08P31C208/ROS/robot_ws/install/nav2_msgs/include/nav2_msgs/action/dummy_recovery__rosidl_typesupport_fastrtps_cpp.hpp
[9.021s] -- Up-to-date: /home/iju/S08P31C208/ROS/robot_ws/install/nav2_msgs/include/nav2_msgs/action/spin__rosidl_typesupport_fastrtps_cpp.hpp
[9.021s] -- Up-to-date: /home/iju/S08P31C208/ROS/robot_ws/install/nav2_msgs/include/nav2_msgs/action/compute_path_to_pose__rosidl_typesupport_fastrtps_cpp.hpp
[9.022s] -- Up-to-date: /home/iju/S08P31C208/ROS/robot_ws/install/nav2_msgs/include/nav2_msgs/action/dds_fastrtps
[9.022s] -- Up-to-date: /home/iju/S08P31C208/ROS/robot_ws/install/nav2_msgs/include/nav2_msgs/action/follow_path__rosidl_typesupport_fastrtps_cpp.hpp
[9.022s] -- Up-to-date: /home/iju/S08P31C208/ROS/robot_ws/install/nav2_msgs/include/nav2_msgs/action/random_crawl__rosidl_typesupport_fastrtps_cpp.hpp
[9.022s] -- Up-to-date: /home/iju/S08P31C208/ROS/robot_ws/install/nav2_msgs/include/nav2_msgs/action/back_up__rosidl_typesupport_fastrtps_cpp.hpp
[9.022s] -- Up-to-date: /home/iju/S08P31C208/ROS/robot_ws/install/nav2_msgs/include/nav2_msgs/action/navigate_to_pose__rosidl_typesupport_fastrtps_cpp.hpp
[9.022s] -- Up-to-date: /home/iju/S08P31C208/ROS/robot_ws/install/nav2_msgs/include/nav2_msgs/srv
[9.022s] -- Up-to-date: /home/iju/S08P31C208/ROS/robot_ws/install/nav2_msgs/include/nav2_msgs/srv/clear_costmap_except_region__rosidl_typesupport_fastrtps_cpp.hpp
[9.022s] -- Up-to-date: /home/iju/S08P31C208/ROS/robot_ws/install/nav2_msgs/include/nav2_msgs/srv/clear_entire_costmap__rosidl_typesupport_fastrtps_cpp.hpp
[9.022s] -- Up-to-date: /home/iju/S08P31C208/ROS/robot_ws/install/nav2_msgs/include/nav2_msgs/srv/dds_fastrtps
[9.022s] -- Up-to-date: /home/iju/S08P31C208/ROS/robot_ws/install/nav2_msgs/include/nav2_msgs/srv/get_costmap__rosidl_typesupport_fastrtps_cpp.hpp
[9.022s] -- Up-to-date: /home/iju/S08P31C208/ROS/robot_ws/install/nav2_msgs/include/nav2_msgs/srv/clear_costmap_around_robot__rosidl_typesupport_fastrtps_cpp.hpp
[9.022s] -- Up-to-date: /home/iju/S08P31C208/ROS/robot_ws/install/nav2_msgs/include/nav2_msgs/msg
[9.023s] -- Up-to-date: /home/iju/S08P31C208/ROS/robot_ws/install/nav2_msgs/include/nav2_msgs/msg/dds_fastrtps
[9.023s] -- Up-to-date: /home/iju/S08P31C208/ROS/robot_ws/install/nav2_msgs/include/nav2_msgs/msg/voxel_grid__rosidl_typesupport_fastrtps_cpp.hpp
[9.023s] -- Up-to-date: /home/iju/S08P31C208/ROS/robot_ws/install/nav2_msgs/include/nav2_msgs/msg/rosidl_typesupport_fastrtps_cpp__visibility_control.h
[9.023s] -- Up-to-date: /home/iju/S08P31C208/ROS/robot_ws/install/nav2_msgs/include/nav2_msgs/msg/costmap_meta_data__rosidl_typesupport_fastrtps_cpp.hpp
[9.023s] -- Up-to-date: /home/iju/S08P31C208/ROS/robot_ws/install/nav2_msgs/include/nav2_msgs/msg/path__rosidl_typesupport_fastrtps_cpp.hpp
[9.023s] -- Up-to-date: /home/iju/S08P31C208/ROS/robot_ws/install/nav2_msgs/include/nav2_msgs/msg/costmap__rosidl_typesupport_fastrtps_cpp.hpp
[9.028s] -- Up-to-date: /home/iju/S08P31C208/ROS/robot_ws/install/nav2_msgs/lib/libnav2_msgs__rosidl_typesupport_fastrtps_cpp.so
[9.028s] -- Up-to-date: /home/iju/S08P31C208/ROS/robot_ws/install/nav2_msgs/share/nav2_msgs/environment/pythonpath.sh
[9.028s] -- Up-to-date: /home/iju/S08P31C208/ROS/robot_ws/install/nav2_msgs/lib/python3.6/site-packages/nav2_msgs/__init__.py
[9.031s] -- Up-to-date: /home/iju/S08P31C208/ROS/robot_ws/install/nav2_msgs/lib/python3.6/site-packages/nav2_msgs/msg
[9.032s] -- Up-to-date: /home/iju/S08P31C208/ROS/robot_ws/install/nav2_msgs/lib/python3.6/site-packages/nav2_msgs/msg/_costmap_s.c
[9.032s] -- Up-to-date: /home/iju/S08P31C208/ROS/robot_ws/install/nav2_msgs/lib/python3.6/site-packages/nav2_msgs/msg/_costmap.py
[9.032s] -- Up-to-date: /home/iju/S08P31C208/ROS/robot_ws/install/nav2_msgs/lib/python3.6/site-packages/nav2_msgs/msg/_costmap_meta_data.py
[9.032s] -- Up-to-date: /home/iju/S08P31C208/ROS/robot_ws/install/nav2_msgs/lib/python3.6/site-packages/nav2_msgs/msg/_voxel_grid.py
[9.032s] -- Up-to-date: /home/iju/S08P31C208/ROS/robot_ws/install/nav2_msgs/lib/python3.6/site-packages/nav2_msgs/msg/_path_s.c
[9.032s] -- Up-to-date: /home/iju/S08P31C208/ROS/robot_ws/install/nav2_msgs/lib/python3.6/site-packages/nav2_msgs/msg/_voxel_grid_s.c
[9.035s] -- Up-to-date: /home/iju/S08P31C208/ROS/robot_ws/install/nav2_msgs/lib/python3.6/site-packages/nav2_msgs/msg/_costmap_meta_data_s.c
[9.035s] -- Up-to-date: /home/iju/S08P31C208/ROS/robot_ws/install/nav2_msgs/lib/python3.6/site-packages/nav2_msgs/msg/_path.py
[9.036s] -- Up-to-date: /home/iju/S08P31C208/ROS/robot_ws/install/nav2_msgs/lib/python3.6/site-packages/nav2_msgs/msg/__init__.py
[9.036s] -- Up-to-date: /home/iju/S08P31C208/ROS/robot_ws/install/nav2_msgs/lib/python3.6/site-packages/nav2_msgs/srv
[9.036s] -- Up-to-date: /home/iju/S08P31C208/ROS/robot_ws/install/nav2_msgs/lib/python3.6/site-packages/nav2_msgs/srv/_clear_costmap_around_robot.py
[9.036s] -- Up-to-date: /home/iju/S08P31C208/ROS/robot_ws/install/nav2_msgs/lib/python3.6/site-packages/nav2_msgs/srv/_clear_costmap_except_region_s.c
[9.036s] -- Up-to-date: /home/iju/S08P31C208/ROS/robot_ws/install/nav2_msgs/lib/python3.6/site-packages/nav2_msgs/srv/_get_costmap.py
[9.036s] -- Up-to-date: /home/iju/S08P31C208/ROS/robot_ws/install/nav2_msgs/lib/python3.6/site-packages/nav2_msgs/srv/_clear_costmap_except_region.py
[9.036s] -- Up-to-date: /home/iju/S08P31C208/ROS/robot_ws/install/nav2_msgs/lib/python3.6/site-packages/nav2_msgs/srv/_clear_entire_costmap_s.c
[9.036s] -- Up-to-date: /home/iju/S08P31C208/ROS/robot_ws/install/nav2_msgs/lib/python3.6/site-packages/nav2_msgs/srv/__init__.py
[9.036s] -- Up-to-date: /home/iju/S08P31C208/ROS/robot_ws/install/nav2_msgs/lib/python3.6/site-packages/nav2_msgs/srv/_clear_entire_costmap.py
[9.036s] -- Up-to-date: /home/iju/S08P31C208/ROS/robot_ws/install/nav2_msgs/lib/python3.6/site-packages/nav2_msgs/srv/_get_costmap_s.c
[9.036s] -- Up-to-date: /home/iju/S08P31C208/ROS/robot_ws/install/nav2_msgs/lib/python3.6/site-packages/nav2_msgs/srv/_clear_costmap_around_robot_s.c
[9.036s] -- Up-to-date: /home/iju/S08P31C208/ROS/robot_ws/install/nav2_msgs/lib/python3.6/site-packages/nav2_msgs/action
[9.037s] -- Up-to-date: /home/iju/S08P31C208/ROS/robot_ws/install/nav2_msgs/lib/python3.6/site-packages/nav2_msgs/action/_back_up.py
[9.038s] -- Up-to-date: /home/iju/S08P31C208/ROS/robot_ws/install/nav2_msgs/lib/python3.6/site-packages/nav2_msgs/action/_dummy_recovery_s.c
[9.038s] -- Up-to-date: /home/iju/S08P31C208/ROS/robot_ws/install/nav2_msgs/lib/python3.6/site-packages/nav2_msgs/action/_random_crawl_s.c
[9.038s] -- Up-to-date: /home/iju/S08P31C208/ROS/robot_ws/install/nav2_msgs/lib/python3.6/site-packages/nav2_msgs/action/_spin_s.c
[9.038s] -- Up-to-date: /home/iju/S08P31C208/ROS/robot_ws/install/nav2_msgs/lib/python3.6/site-packages/nav2_msgs/action/_navigate_to_pose.py
[9.039s] -- Up-to-date: /home/iju/S08P31C208/ROS/robot_ws/install/nav2_msgs/lib/python3.6/site-packages/nav2_msgs/action/_follow_path_s.c
[9.039s] -- Up-to-date: /home/iju/S08P31C208/ROS/robot_ws/install/nav2_msgs/lib/python3.6/site-packages/nav2_msgs/action/_compute_path_to_pose.py
[9.039s] -- Up-to-date: /home/iju/S08P31C208/ROS/robot_ws/install/nav2_msgs/lib/python3.6/site-packages/nav2_msgs/action/_compute_path_to_pose_s.c
[9.039s] -- Up-to-date: /home/iju/S08P31C208/ROS/robot_ws/install/nav2_msgs/lib/python3.6/site-packages/nav2_msgs/action/_follow_path.py
[9.039s] -- Up-to-date: /home/iju/S08P31C208/ROS/robot_ws/install/nav2_msgs/lib/python3.6/site-packages/nav2_msgs/action/_spin.py
[9.039s] -- Up-to-date: /home/iju/S08P31C208/ROS/robot_ws/install/nav2_msgs/lib/python3.6/site-packages/nav2_msgs/action/__init__.py
[9.039s] -- Up-to-date: /home/iju/S08P31C208/ROS/robot_ws/install/nav2_msgs/lib/python3.6/site-packages/nav2_msgs/action/_navigate_to_pose_s.c
[9.039s] -- Up-to-date: /home/iju/S08P31C208/ROS/robot_ws/install/nav2_msgs/lib/python3.6/site-packages/nav2_msgs/action/_random_crawl.py
[9.039s] -- Up-to-date: /home/iju/S08P31C208/ROS/robot_ws/install/nav2_msgs/lib/python3.6/site-packages/nav2_msgs/action/_back_up_s.c
[9.039s] -- Up-to-date: /home/iju/S08P31C208/ROS/robot_ws/install/nav2_msgs/lib/python3.6/site-packages/nav2_msgs/action/_dummy_recovery.py
[9.039s] -- Up-to-date: /home/iju/S08P31C208/ROS/robot_ws/install/nav2_msgs/lib/python3.6/site-packages/nav2_msgs/nav2_msgs_s__rosidl_typesupport_c.cpython-36m-x86_64-linux-gnu.so
[9.040s] -- Up-to-date: /home/iju/S08P31C208/ROS/robot_ws/install/nav2_msgs/lib/python3.6/site-packages/nav2_msgs/nav2_msgs_s__rosidl_typesupport_introspection_c.cpython-36m-x86_64-linux-gnu.so
[9.040s] -- Up-to-date: /home/iju/S08P31C208/ROS/robot_ws/install/nav2_msgs/lib/python3.6/site-packages/nav2_msgs/nav2_msgs_s__rosidl_typesupport_fastrtps_c.cpython-36m-x86_64-linux-gnu.so
[9.050s] -- Up-to-date: /home/iju/S08P31C208/ROS/robot_ws/install/nav2_msgs/lib/libnav2_msgs__python.so
[9.050s] -- Up-to-date: /home/iju/S08P31C208/ROS/robot_ws/install/nav2_msgs/share/nav2_msgs/msg/Costmap.idl
[9.050s] -- Up-to-date: /home/iju/S08P31C208/ROS/robot_ws/install/nav2_msgs/share/nav2_msgs/msg/CostmapMetaData.idl
[9.050s] -- Up-to-date: /home/iju/S08P31C208/ROS/robot_ws/install/nav2_msgs/share/nav2_msgs/msg/Path.idl
[9.050s] -- Up-to-date: /home/iju/S08P31C208/ROS/robot_ws/install/nav2_msgs/share/nav2_msgs/msg/VoxelGrid.idl
[9.050s] -- Up-to-date: /home/iju/S08P31C208/ROS/robot_ws/install/nav2_msgs/share/nav2_msgs/srv/GetCostmap.idl
[9.050s] -- Up-to-date: /home/iju/S08P31C208/ROS/robot_ws/install/nav2_msgs/share/nav2_msgs/srv/ClearCostmapExceptRegion.idl
[9.050s] -- Up-to-date: /home/iju/S08P31C208/ROS/robot_ws/install/nav2_msgs/share/nav2_msgs/srv/ClearCostmapAroundRobot.idl
[9.050s] -- Up-to-date: /home/iju/S08P31C208/ROS/robot_ws/install/nav2_msgs/share/nav2_msgs/srv/ClearEntireCostmap.idl
[9.051s] -- Up-to-date: /home/iju/S08P31C208/ROS/robot_ws/install/nav2_msgs/share/nav2_msgs/action/BackUp.idl
[9.052s] -- Up-to-date: /home/iju/S08P31C208/ROS/robot_ws/install/nav2_msgs/share/nav2_msgs/action/ComputePathToPose.idl
[9.052s] -- Up-to-date: /home/iju/S08P31C208/ROS/robot_ws/install/nav2_msgs/share/nav2_msgs/action/FollowPath.idl
[9.052s] -- Up-to-date: /home/iju/S08P31C208/ROS/robot_ws/install/nav2_msgs/share/nav2_msgs/action/NavigateToPose.idl
[9.071s] -- Up-to-date: /home/iju/S08P31C208/ROS/robot_ws/install/nav2_msgs/share/nav2_msgs/action/Spin.idl
[9.071s] -- Up-to-date: /home/iju/S08P31C208/ROS/robot_ws/install/nav2_msgs/share/nav2_msgs/action/DummyRecovery.idl
[9.072s] -- Up-to-date: /home/iju/S08P31C208/ROS/robot_ws/install/nav2_msgs/share/nav2_msgs/action/RandomCrawl.idl
[9.073s] -- Up-to-date: /home/iju/S08P31C208/ROS/robot_ws/install/nav2_msgs/share/nav2_msgs/msg/Costmap.msg
[9.073s] -- Up-to-date: /home/iju/S08P31C208/ROS/robot_ws/install/nav2_msgs/share/nav2_msgs/msg/CostmapMetaData.msg
[9.074s] -- Up-to-date: /home/iju/S08P31C208/ROS/robot_ws/install/nav2_msgs/share/nav2_msgs/msg/Path.msg
[9.074s] -- Up-to-date: /home/iju/S08P31C208/ROS/robot_ws/install/nav2_msgs/share/nav2_msgs/msg/VoxelGrid.msg
[9.074s] -- Up-to-date: /home/iju/S08P31C208/ROS/robot_ws/install/nav2_msgs/share/nav2_msgs/srv/GetCostmap.srv
[9.074s] -- Up-to-date: /home/iju/S08P31C208/ROS/robot_ws/install/nav2_msgs/share/nav2_msgs/srv/GetCostmap_Request.msg
[9.074s] -- Up-to-date: /home/iju/S08P31C208/ROS/robot_ws/install/nav2_msgs/share/nav2_msgs/srv/GetCostmap_Response.msg
[9.074s] -- Up-to-date: /home/iju/S08P31C208/ROS/robot_ws/install/nav2_msgs/share/nav2_msgs/srv/ClearCostmapExceptRegion.srv
[9.075s] -- Up-to-date: /home/iju/S08P31C208/ROS/robot_ws/install/nav2_msgs/share/nav2_msgs/srv/ClearCostmapExceptRegion_Request.msg
[9.075s] -- Up-to-date: /home/iju/S08P31C208/ROS/robot_ws/install/nav2_msgs/share/nav2_msgs/srv/ClearCostmapExceptRegion_Response.msg
[9.075s] -- Up-to-date: /home/iju/S08P31C208/ROS/robot_ws/install/nav2_msgs/share/nav2_msgs/srv/ClearCostmapAroundRobot.srv
[9.077s] -- Up-to-date: /home/iju/S08P31C208/ROS/robot_ws/install/nav2_msgs/share/nav2_msgs/srv/ClearCostmapAroundRobot_Request.msg
[9.078s] -- Up-to-date: /home/iju/S08P31C208/ROS/robot_ws/install/nav2_msgs/share/nav2_msgs/srv/ClearCostmapAroundRobot_Response.msg
[9.078s] -- Up-to-date: /home/iju/S08P31C208/ROS/robot_ws/install/nav2_msgs/share/nav2_msgs/srv/ClearEntireCostmap.srv
[9.078s] -- Up-to-date: /home/iju/S08P31C208/ROS/robot_ws/install/nav2_msgs/share/nav2_msgs/srv/ClearEntireCostmap_Request.msg
[9.080s] -- Up-to-date: /home/iju/S08P31C208/ROS/robot_ws/install/nav2_msgs/share/nav2_msgs/srv/ClearEntireCostmap_Response.msg
[9.093s] -- Up-to-date: /home/iju/S08P31C208/ROS/robot_ws/install/nav2_msgs/share/nav2_msgs/action/BackUp.action
[9.094s] -- Up-to-date: /home/iju/S08P31C208/ROS/robot_ws/install/nav2_msgs/share/nav2_msgs/action/ComputePathToPose.action
[9.095s] -- Up-to-date: /home/iju/S08P31C208/ROS/robot_ws/install/nav2_msgs/share/nav2_msgs/action/FollowPath.action
[9.095s] -- Up-to-date: /home/iju/S08P31C208/ROS/robot_ws/install/nav2_msgs/share/nav2_msgs/action/NavigateToPose.action
[9.096s] -- Up-to-date: /home/iju/S08P31C208/ROS/robot_ws/install/nav2_msgs/share/nav2_msgs/action/Spin.action
[9.096s] -- Up-to-date: /home/iju/S08P31C208/ROS/robot_ws/install/nav2_msgs/share/nav2_msgs/action/DummyRecovery.action
[9.096s] -- Up-to-date: /home/iju/S08P31C208/ROS/robot_ws/install/nav2_msgs/share/nav2_msgs/action/RandomCrawl.action
[9.096s] -- Up-to-date: /home/iju/S08P31C208/ROS/robot_ws/install/nav2_msgs/share/ament_index/resource_index/package_run_dependencies/nav2_msgs
[9.097s] -- Up-to-date: /home/iju/S08P31C208/ROS/robot_ws/install/nav2_msgs/share/ament_index/resource_index/parent_prefix_path/nav2_msgs
[9.118s] -- Up-to-date: /home/iju/S08P31C208/ROS/robot_ws/install/nav2_msgs/share/nav2_msgs/environment/ament_prefix_path.sh
[9.119s] -- Up-to-date: /home/iju/S08P31C208/ROS/robot_ws/install/nav2_msgs/share/nav2_msgs/environment/path.sh
[9.119s] -- Up-to-date: /home/iju/S08P31C208/ROS/robot_ws/install/nav2_msgs/share/nav2_msgs/local_setup.bash
[9.119s] -- Up-to-date: /home/iju/S08P31C208/ROS/robot_ws/install/nav2_msgs/share/nav2_msgs/local_setup.sh
[9.119s] -- Up-to-date: /home/iju/S08P31C208/ROS/robot_ws/install/nav2_msgs/share/nav2_msgs/local_setup.zsh
[9.119s] -- Up-to-date: /home/iju/S08P31C208/ROS/robot_ws/install/nav2_msgs/share/ament_index/resource_index/packages/nav2_msgs
[9.120s] -- Up-to-date: /home/iju/S08P31C208/ROS/robot_ws/install/nav2_msgs/share/nav2_msgs/cmake/rosidl_cmake-extras.cmake
[9.120s] -- Up-to-date: /home/iju/S08P31C208/ROS/robot_ws/install/nav2_msgs/share/nav2_msgs/cmake/ament_cmake_export_dependencies-extras.cmake
[9.120s] -- Up-to-date: /home/iju/S08P31C208/ROS/robot_ws/install/nav2_msgs/share/nav2_msgs/cmake/ament_cmake_export_include_directories-extras.cmake
[9.120s] -- Up-to-date: /home/iju/S08P31C208/ROS/robot_ws/install/nav2_msgs/share/nav2_msgs/cmake/ament_cmake_export_libraries-extras.cmake
[9.120s] -- Up-to-date: /home/iju/S08P31C208/ROS/robot_ws/install/nav2_msgs/share/nav2_msgs/cmake/nav2_msgsConfig.cmake
[9.120s] -- Up-to-date: /home/iju/S08P31C208/ROS/robot_ws/install/nav2_msgs/share/nav2_msgs/cmake/nav2_msgsConfig-version.cmake
[9.120s] -- Up-to-date: /home/iju/S08P31C208/ROS/robot_ws/install/nav2_msgs/share/nav2_msgs/package.xml
[9.121s] Invoked command in '/home/iju/S08P31C208/ROS/robot_ws/build/nav2_msgs' returned '0': CMAKE_PREFIX_PATH=/home/iju/S08P31C208/ROS/robot_ws/install/nav2_common:/home/iju/S08P31C208/ROS/robot_ws/install/turtlebot3_simulations:/home/iju/S08P31C208/ROS/robot_ws/install/turtlebot3_gazebo:/home/iju/S08P31C208/ROS/robot_ws/install/turtlebot3:/home/iju/S08P31C208/ROS/robot_ws/install/turtlebot3_bringup:/home/iju/S08P31C208/ROS/robot_ws/install/turtlebot3_node:/home/iju/S08P31C208/ROS/robot_ws/install/turtlebot3_navigation2:/home/iju/S08P31C208/ROS/robot_ws/install/turtlebot3_fake_node:/home/iju/S08P31C208/ROS/robot_ws/install/turtlebot3_msgs:/home/iju/S08P31C208/ROS/robot_ws/install/turtlebot3_description:/home/iju/S08P31C208/ROS/robot_ws/install/turtlebot3_cartographer:/home/iju/S08P31C208/ROS/robot_ws/install/turtle_cpp:/home/iju/S08P31C208/ROS/robot_ws/install/nav2_system_tests:/home/iju/S08P31C208/ROS/robot_ws/install/nav2_bringup:/home/iju/S08P31C208/ROS/robot_ws/install/navigation2:/home/iju/S08P31C208/ROS/robot_ws/install/nav2_dwb_controller:/home/iju/S08P31C208/ROS/robot_ws/install/dwb_plugins:/home/iju/S08P31C208/ROS/robot_ws/install/dwb_critics:/home/iju/S08P31C208/ROS/robot_ws/install/dwb_controller:/home/iju/S08P31C208/ROS/robot_ws/install/dwb_core:/home/iju/S08P31C208/ROS/robot_ws/install/nav_2d_utils:/home/iju/S08P31C208/ROS/robot_ws/install/dwb_msgs:/home/iju/S08P31C208/ROS/robot_ws/install/nav_2d_msgs:/home/iju/S08P31C208/ROS/robot_ws/install/nav2_world_model:/home/iju/S08P31C208/ROS/robot_ws/install/nav2_recoveries:/home/iju/S08P31C208/ROS/robot_ws/install/costmap_queue:/home/iju/S08P31C208/ROS/robot_ws/install/nav2_costmap_2d:/home/iju/S08P31C208/ROS/robot_ws/install/nav2_voxel_grid:/home/iju/S08P31C208/ROS/robot_ws/install/nav2_rviz_plugins:/home/iju/S08P31C208/ROS/robot_ws/install/nav2_navfn_planner:/home/iju/S08P31C208/ROS/robot_ws/install/nav2_map_server:/home/iju/S08P31C208/ROS/robot_ws/install/nav2_lifecycle_manager:/home/iju/S08P31C208/ROS/robot_ws/install/nav2_bt_navigator:/home/iju/S08P31C208/ROS/robot_ws/install/nav2_behavior_tree:/home/iju/S08P31C208/ROS/robot_ws/install/nav2_amcl:/home/iju/S08P31C208/ROS/robot_ws/install/nav2_util:/home/iju/S08P31C208/ROS/robot_ws/install/nav2_msgs:/home/iju/S08P31C208/ROS/robot_ws/install/nav2_dynamic_params:/home/iju/S08P31C208/ROS/robot_ws/install/gazebo_ros_pkgs:/home/iju/S08P31C208/ROS/robot_ws/install/gazebo_plugins:/home/iju/S08P31C208/ROS/robot_ws/install/gazebo_ros:/home/iju/S08P31C208/ROS/robot_ws/install/gazebo_msgs:/home/iju/S08P31C208/ROS/robot_ws/install/gazebo_dev:/home/iju/S08P31C208/ROS/robot_ws/install/dynamixel_sdk_examples:/home/iju/S08P31C208/ROS/robot_ws/install/dynamixel_sdk_custom_interfaces:/home/iju/S08P31C208/ROS/robot_ws/install/dynamixel_sdk:/home/iju/S08P31C208/ROS/robot_ws/install/turtlebot3_teleop:/home/iju/S08P31C208/ROS/robot_ws/install/turtlebot3_example:/opt/ros/dashing PS1=\u@\h \[\033[32m\]\w\[\033[33m\]$(parse_git_branch)\[\033[00m\] $ PYTHONPATH=/home/iju/S08P31C208/ROS/robot_ws/install/nav2_common/lib/python3.6/site-packages:/home/iju/S08P31C208/ROS/robot_ws/install/turtlebot3_teleop/lib/python3.6/site-packages:/home/iju/S08P31C208/ROS/robot_ws/install/turtlebot3_example/lib/python3.6/site-packages:/home/iju/S08P31C208/ROS/robot_ws/install/turtlebot3_msgs/lib/python3.6/site-packages:/home/iju/S08P31C208/ROS/robot_ws/install/dwb_msgs/lib/python3.6/site-packages:/home/iju/S08P31C208/ROS/robot_ws/install/nav_2d_msgs/lib/python3.6/site-packages:/home/iju/S08P31C208/ROS/robot_ws/install/nav2_msgs/lib/python3.6/site-packages:/home/iju/S08P31C208/ROS/robot_ws/install/gazebo_ros/lib/python3.6/site-packages:/home/iju/S08P31C208/ROS/robot_ws/install/gazebo_msgs/lib/python3.6/site-packages:/home/iju/S08P31C208/ROS/robot_ws/install/dynamixel_sdk_custom_interfaces/lib/python3.6/site-packages:/opt/ros/dashing/lib/python3.6/site-packages /usr/bin/cmake --build /home/iju/S08P31C208/ROS/robot_ws/build/nav2_msgs --target install -- -j6 -l6
