[0.036s] Invoking command in '/home/iju/S08P31C208/ROS/robot_ws/build/gazebo_plugins': CMAKE_PREFIX_PATH=/home/iju/S08P31C208/ROS/robot_ws/install/gazebo_ros:/home/iju/S08P31C208/ROS/robot_ws/install/gazebo_msgs:/home/iju/S08P31C208/ROS/robot_ws/install/gazebo_dev:/home/iju/S08P31C208/ROS/robot_ws/install/cv_bridge:/home/iju/S08P31C208/ROS/robot_ws/install/vision_opencv:/home/iju/S08P31C208/ROS/robot_ws/install/turtlebot3_simulations:/home/iju/S08P31C208/ROS/robot_ws/install/turtlebot3_gazebo:/home/iju/S08P31C208/ROS/robot_ws/install/turtlebot3:/home/iju/S08P31C208/ROS/robot_ws/install/turtlebot3_bringup:/home/iju/S08P31C208/ROS/robot_ws/install/turtlebot3_node:/home/iju/S08P31C208/ROS/robot_ws/install/turtlebot3_navigation2:/home/iju/S08P31C208/ROS/robot_ws/install/turtlebot3_fake_node:/home/iju/S08P31C208/ROS/robot_ws/install/turtlebot3_msgs:/home/iju/S08P31C208/ROS/robot_ws/install/turtlebot3_description:/home/iju/S08P31C208/ROS/robot_ws/install/turtlebot3_cartographer:/home/iju/S08P31C208/ROS/robot_ws/install/image_geometry:/home/iju/S08P31C208/ROS/robot_ws/install/gazebo_ros_pkgs:/home/iju/S08P31C208/ROS/robot_ws/install/turtlebot3_teleop:/home/iju/S08P31C208/ROS/robot_ws/install/turtlebot3_example:/home/iju/S08P31C208/ROS/robot_ws/install/opencv_tests:/opt/ros/dashing:/home/iju/S08P31C208/ROS/robot_ws/install/aws_robomaker_hospital_world:/home/iju/S08P31C208/ROS/robot_ws/install/gazebo_plugins:/home/iju/S08P31C208/ROS/robot_ws/install/dynamixel_sdk_examples:/home/iju/S08P31C208/ROS/robot_ws/install/dynamixel_sdk_custom_interfaces:/home/iju/S08P31C208/ROS/robot_ws/install/dynamixel_sdk LD_LIBRARY_PATH=/home/iju/S08P31C208/ROS/robot_ws/install/gazebo_ros/lib:/home/iju/S08P31C208/ROS/robot_ws/install/gazebo_msgs/lib:/home/iju/S08P31C208/ROS/robot_ws/install/cv_bridge/lib:/home/iju/S08P31C208/ROS/robot_ws/install/turtlebot3_msgs/lib:/home/iju/S08P31C208/ROS/robot_ws/install/image_geometry/lib:/home/iju/S08P31C208/ROS/robot_ws/install/gazebo_plugins/lib:/home/iju/S08P31C208/ROS/robot_ws/install/dynamixel_sdk_custom_interfaces/lib:/home/iju/S08P31C208/ROS/robot_ws/install/dynamixel_sdk/lib:/usr/lib/x86_64-linux-gnu/gazebo-9/plugins:/opt/ros/dashing/opt/yaml_cpp_vendor/lib:/opt/ros/dashing/opt/rviz_ogre_vendor/lib:/opt/ros/dashing/lib PS1=\u@\h \[\033[32m\]\w\[\033[33m\]$(parse_git_branch)\[\033[00m\] $ PYTHONPATH=/home/iju/S08P31C208/ROS/robot_ws/install/gazebo_ros/lib/python3.6/site-packages:/home/iju/S08P31C208/ROS/robot_ws/install/gazebo_msgs/lib/python3.6/site-packages:/home/iju/S08P31C208/ROS/robot_ws/install/cv_bridge/lib/python3.6/site-packages:/home/iju/S08P31C208/ROS/robot_ws/build/turtlebot3_teleop:/home/iju/S08P31C208/ROS/robot_ws/install/turtlebot3_teleop/lib/python3.6/site-packages:/home/iju/S08P31C208/ROS/robot_ws/build/turtlebot3_example:/home/iju/S08P31C208/ROS/robot_ws/install/turtlebot3_example/lib/python3.6/site-packages:/home/iju/S08P31C208/ROS/robot_ws/install/turtlebot3_msgs/lib/python3.6/site-packages:/home/iju/S08P31C208/ROS/robot_ws/build/opencv_tests:/home/iju/S08P31C208/ROS/robot_ws/install/opencv_tests/lib/python3.6/site-packages:/home/iju/S08P31C208/ROS/robot_ws/install/image_geometry/lib/python3.6/site-packages:/home/iju/S08P31C208/ROS/robot_ws/install/dynamixel_sdk_custom_interfaces/lib/python3.6/site-packages:/opt/ros/dashing/lib/python3.6/site-packages /usr/bin/cmake --build /home/iju/S08P31C208/ROS/robot_ws/build/gazebo_plugins -- -j6 -l6
[0.146s] [  2%] Built target gazebo_ros_planar_move
[0.151s] [  4%] Built target gazebo_ros_bumper
[0.152s] [  6%] Built target gazebo_ros_projector
[0.154s] [  9%] Built target gazebo_ros_joint_pose_trajectory
[0.158s] [ 11%] Built target gazebo_ros_ackermann_drive
[0.164s] [ 13%] Built target gazebo_ros_vacuum_gripper
[0.203s] [ 15%] Built target gazebo_ros_force
[0.206s] [ 18%] Built target gazebo_ros_template
[0.211s] [ 20%] Built target gazebo_ros_hand_of_god
[0.212s] [ 22%] Built target gazebo_ros_logical_camera
[0.217s] [ 25%] Built target gazebo_ros_diff_drive
[0.226s] [ 27%] Built target gazebo_ros_joint_state_publisher
[0.255s] [ 29%] Built target multi_camera_plugin
[0.260s] [ 31%] Built target gazebo_ros_ray_sensor
[0.266s] [ 34%] Built target gazebo_ros_depth_camera
[0.275s] [ 36%] Built target gazebo_ros_elevator
[0.277s] [ 38%] Built target gazebo_ros_imu_sensor
[0.301s] [ 40%] Built target gazebo_ros_video
[0.313s] [ 43%] Built target gazebo_ros_gps_sensor
[0.326s] [ 47%] Built target gazebo_ros_multi_camera
[0.326s] [ 47%] Built target gazebo_ros_p3d
[0.336s] [ 50%] Built target gazebo_ros_harness
[0.339s] [ 52%] Built target gazebo_ros_ft_sensor
[0.350s] [ 54%] Built target gtest
[0.354s] [ 56%] Built target gazebo_ros_tricycle_drive
[0.354s] [ 59%] Built target gtest_main
[0.384s] [ 61%] Built target gazebo_ros_camera
[0.413s] [ 63%] Built target test_gazebo_ros_diff_drive
[0.418s] [ 65%] Built target test_gazebo_ros_vacuum_gripper
[0.418s] [ 68%] Built target test_gazebo_ros_force
[0.418s] [ 70%] Built target test_gazebo_ros_ft_sensor
[0.435s] [ 72%] Built target test_gazebo_ros_elevator
[0.446s] [ 75%] Built target test_gazebo_ros_ackermann_drive
[0.479s] [ 77%] Built target test_gazebo_ros_joint_pose_trajectory
[0.481s] [ 79%] Built target test_gazebo_ros_imu_sensor
[0.484s] [ 81%] Built target test_gazebo_ros_harness
[0.488s] [ 84%] Built target test_gazebo_ros_hand_of_god
[0.511s] [ 86%] Built target test_gazebo_ros_gps_sensor
[0.521s] [ 88%] Built target test_gazebo_ros_planar_move
[0.545s] [ 90%] Built target test_gazebo_ros_p3d
[0.547s] [ 93%] Built target test_gazebo_ros_joint_state_publisher
[0.548s] [ 95%] Built target test_gazebo_ros_bumper
[0.552s] [ 97%] Built target test_gazebo_ros_ray_sensor
[0.578s] [100%] Built target test_gazebo_ros_tricycle_drive
[0.593s] Invoked command in '/home/iju/S08P31C208/ROS/robot_ws/build/gazebo_plugins' returned '0': CMAKE_PREFIX_PATH=/home/iju/S08P31C208/ROS/robot_ws/install/gazebo_ros:/home/iju/S08P31C208/ROS/robot_ws/install/gazebo_msgs:/home/iju/S08P31C208/ROS/robot_ws/install/gazebo_dev:/home/iju/S08P31C208/ROS/robot_ws/install/cv_bridge:/home/iju/S08P31C208/ROS/robot_ws/install/vision_opencv:/home/iju/S08P31C208/ROS/robot_ws/install/turtlebot3_simulations:/home/iju/S08P31C208/ROS/robot_ws/install/turtlebot3_gazebo:/home/iju/S08P31C208/ROS/robot_ws/install/turtlebot3:/home/iju/S08P31C208/ROS/robot_ws/install/turtlebot3_bringup:/home/iju/S08P31C208/ROS/robot_ws/install/turtlebot3_node:/home/iju/S08P31C208/ROS/robot_ws/install/turtlebot3_navigation2:/home/iju/S08P31C208/ROS/robot_ws/install/turtlebot3_fake_node:/home/iju/S08P31C208/ROS/robot_ws/install/turtlebot3_msgs:/home/iju/S08P31C208/ROS/robot_ws/install/turtlebot3_description:/home/iju/S08P31C208/ROS/robot_ws/install/turtlebot3_cartographer:/home/iju/S08P31C208/ROS/robot_ws/install/image_geometry:/home/iju/S08P31C208/ROS/robot_ws/install/gazebo_ros_pkgs:/home/iju/S08P31C208/ROS/robot_ws/install/turtlebot3_teleop:/home/iju/S08P31C208/ROS/robot_ws/install/turtlebot3_example:/home/iju/S08P31C208/ROS/robot_ws/install/opencv_tests:/opt/ros/dashing:/home/iju/S08P31C208/ROS/robot_ws/install/aws_robomaker_hospital_world:/home/iju/S08P31C208/ROS/robot_ws/install/gazebo_plugins:/home/iju/S08P31C208/ROS/robot_ws/install/dynamixel_sdk_examples:/home/iju/S08P31C208/ROS/robot_ws/install/dynamixel_sdk_custom_interfaces:/home/iju/S08P31C208/ROS/robot_ws/install/dynamixel_sdk LD_LIBRARY_PATH=/home/iju/S08P31C208/ROS/robot_ws/install/gazebo_ros/lib:/home/iju/S08P31C208/ROS/robot_ws/install/gazebo_msgs/lib:/home/iju/S08P31C208/ROS/robot_ws/install/cv_bridge/lib:/home/iju/S08P31C208/ROS/robot_ws/install/turtlebot3_msgs/lib:/home/iju/S08P31C208/ROS/robot_ws/install/image_geometry/lib:/home/iju/S08P31C208/ROS/robot_ws/install/gazebo_plugins/lib:/home/iju/S08P31C208/ROS/robot_ws/install/dynamixel_sdk_custom_interfaces/lib:/home/iju/S08P31C208/ROS/robot_ws/install/dynamixel_sdk/lib:/usr/lib/x86_64-linux-gnu/gazebo-9/plugins:/opt/ros/dashing/opt/yaml_cpp_vendor/lib:/opt/ros/dashing/opt/rviz_ogre_vendor/lib:/opt/ros/dashing/lib PS1=\u@\h \[\033[32m\]\w\[\033[33m\]$(parse_git_branch)\[\033[00m\] $ PYTHONPATH=/home/iju/S08P31C208/ROS/robot_ws/install/gazebo_ros/lib/python3.6/site-packages:/home/iju/S08P31C208/ROS/robot_ws/install/gazebo_msgs/lib/python3.6/site-packages:/home/iju/S08P31C208/ROS/robot_ws/install/cv_bridge/lib/python3.6/site-packages:/home/iju/S08P31C208/ROS/robot_ws/build/turtlebot3_teleop:/home/iju/S08P31C208/ROS/robot_ws/install/turtlebot3_teleop/lib/python3.6/site-packages:/home/iju/S08P31C208/ROS/robot_ws/build/turtlebot3_example:/home/iju/S08P31C208/ROS/robot_ws/install/turtlebot3_example/lib/python3.6/site-packages:/home/iju/S08P31C208/ROS/robot_ws/install/turtlebot3_msgs/lib/python3.6/site-packages:/home/iju/S08P31C208/ROS/robot_ws/build/opencv_tests:/home/iju/S08P31C208/ROS/robot_ws/install/opencv_tests/lib/python3.6/site-packages:/home/iju/S08P31C208/ROS/robot_ws/install/image_geometry/lib/python3.6/site-packages:/home/iju/S08P31C208/ROS/robot_ws/install/dynamixel_sdk_custom_interfaces/lib/python3.6/site-packages:/opt/ros/dashing/lib/python3.6/site-packages /usr/bin/cmake --build /home/iju/S08P31C208/ROS/robot_ws/build/gazebo_plugins -- -j6 -l6
[0.715s] Invoking command in '/home/iju/S08P31C208/ROS/robot_ws/build/gazebo_plugins': CMAKE_PREFIX_PATH=/home/iju/S08P31C208/ROS/robot_ws/install/gazebo_ros:/home/iju/S08P31C208/ROS/robot_ws/install/gazebo_msgs:/home/iju/S08P31C208/ROS/robot_ws/install/gazebo_dev:/home/iju/S08P31C208/ROS/robot_ws/install/cv_bridge:/home/iju/S08P31C208/ROS/robot_ws/install/vision_opencv:/home/iju/S08P31C208/ROS/robot_ws/install/turtlebot3_simulations:/home/iju/S08P31C208/ROS/robot_ws/install/turtlebot3_gazebo:/home/iju/S08P31C208/ROS/robot_ws/install/turtlebot3:/home/iju/S08P31C208/ROS/robot_ws/install/turtlebot3_bringup:/home/iju/S08P31C208/ROS/robot_ws/install/turtlebot3_node:/home/iju/S08P31C208/ROS/robot_ws/install/turtlebot3_navigation2:/home/iju/S08P31C208/ROS/robot_ws/install/turtlebot3_fake_node:/home/iju/S08P31C208/ROS/robot_ws/install/turtlebot3_msgs:/home/iju/S08P31C208/ROS/robot_ws/install/turtlebot3_description:/home/iju/S08P31C208/ROS/robot_ws/install/turtlebot3_cartographer:/home/iju/S08P31C208/ROS/robot_ws/install/image_geometry:/home/iju/S08P31C208/ROS/robot_ws/install/gazebo_ros_pkgs:/home/iju/S08P31C208/ROS/robot_ws/install/turtlebot3_teleop:/home/iju/S08P31C208/ROS/robot_ws/install/turtlebot3_example:/home/iju/S08P31C208/ROS/robot_ws/install/opencv_tests:/opt/ros/dashing:/home/iju/S08P31C208/ROS/robot_ws/install/aws_robomaker_hospital_world:/home/iju/S08P31C208/ROS/robot_ws/install/gazebo_plugins:/home/iju/S08P31C208/ROS/robot_ws/install/dynamixel_sdk_examples:/home/iju/S08P31C208/ROS/robot_ws/install/dynamixel_sdk_custom_interfaces:/home/iju/S08P31C208/ROS/robot_ws/install/dynamixel_sdk LD_LIBRARY_PATH=/home/iju/S08P31C208/ROS/robot_ws/install/gazebo_ros/lib:/home/iju/S08P31C208/ROS/robot_ws/install/gazebo_msgs/lib:/home/iju/S08P31C208/ROS/robot_ws/install/cv_bridge/lib:/home/iju/S08P31C208/ROS/robot_ws/install/turtlebot3_msgs/lib:/home/iju/S08P31C208/ROS/robot_ws/install/image_geometry/lib:/home/iju/S08P31C208/ROS/robot_ws/install/gazebo_plugins/lib:/home/iju/S08P31C208/ROS/robot_ws/install/dynamixel_sdk_custom_interfaces/lib:/home/iju/S08P31C208/ROS/robot_ws/install/dynamixel_sdk/lib:/usr/lib/x86_64-linux-gnu/gazebo-9/plugins:/opt/ros/dashing/opt/yaml_cpp_vendor/lib:/opt/ros/dashing/opt/rviz_ogre_vendor/lib:/opt/ros/dashing/lib PS1=\u@\h \[\033[32m\]\w\[\033[33m\]$(parse_git_branch)\[\033[00m\] $ PYTHONPATH=/home/iju/S08P31C208/ROS/robot_ws/install/gazebo_ros/lib/python3.6/site-packages:/home/iju/S08P31C208/ROS/robot_ws/install/gazebo_msgs/lib/python3.6/site-packages:/home/iju/S08P31C208/ROS/robot_ws/install/cv_bridge/lib/python3.6/site-packages:/home/iju/S08P31C208/ROS/robot_ws/build/turtlebot3_teleop:/home/iju/S08P31C208/ROS/robot_ws/install/turtlebot3_teleop/lib/python3.6/site-packages:/home/iju/S08P31C208/ROS/robot_ws/build/turtlebot3_example:/home/iju/S08P31C208/ROS/robot_ws/install/turtlebot3_example/lib/python3.6/site-packages:/home/iju/S08P31C208/ROS/robot_ws/install/turtlebot3_msgs/lib/python3.6/site-packages:/home/iju/S08P31C208/ROS/robot_ws/build/opencv_tests:/home/iju/S08P31C208/ROS/robot_ws/install/opencv_tests/lib/python3.6/site-packages:/home/iju/S08P31C208/ROS/robot_ws/install/image_geometry/lib/python3.6/site-packages:/home/iju/S08P31C208/ROS/robot_ws/install/dynamixel_sdk_custom_interfaces/lib/python3.6/site-packages:/opt/ros/dashing/lib/python3.6/site-packages /usr/bin/cmake --build /home/iju/S08P31C208/ROS/robot_ws/build/gazebo_plugins --target install -- -j6 -l6
[0.794s] [  4%] Built target gazebo_ros_joint_pose_trajectory
[0.794s] [  4%] Built target gazebo_ros_planar_move
[0.794s] [  6%] Built target gazebo_ros_projector
[0.796s] [  9%] Built target gazebo_ros_bumper
[0.800s] [ 11%] Built target gazebo_ros_ackermann_drive
[0.804s] [ 13%] Built target gazebo_ros_vacuum_gripper
[0.838s] [ 15%] Built target gazebo_ros_force
[0.845s] [ 18%] Built target gazebo_ros_hand_of_god
[0.846s] [ 20%] Built target gazebo_ros_diff_drive
[0.850s] [ 22%] Built target gazebo_ros_template
[0.854s] [ 25%] Built target gazebo_ros_joint_state_publisher
[0.857s] [ 27%] Built target gazebo_ros_logical_camera
[0.889s] [ 29%] Built target multi_camera_plugin
[0.894s] [ 31%] Built target gazebo_ros_depth_camera
[0.896s] [ 34%] Built target gazebo_ros_ray_sensor
[0.909s] [ 36%] Built target gazebo_ros_video
[0.913s] [ 38%] Built target gazebo_ros_imu_sensor
[0.920s] [ 40%] Built target gazebo_ros_elevator
[0.941s] [ 43%] Built target gazebo_ros_gps_sensor
[0.945s] [ 45%] Built target gazebo_ros_multi_camera
[0.948s] [ 47%] Built target gazebo_ros_p3d
[0.957s] [ 50%] Built target gazebo_ros_harness
[0.963s] [ 52%] Built target gazebo_ros_ft_sensor
[0.974s] [ 56%] Built target gtest
[0.974s] [ 56%] Built target gazebo_ros_tricycle_drive
[0.975s] [ 59%] Built target gtest_main
[1.002s] [ 61%] Built target gazebo_ros_camera
[1.025s] [ 65%] Built target test_gazebo_ros_elevator
[1.025s] [ 65%] Built target test_gazebo_ros_vacuum_gripper
[1.028s] [ 68%] Built target test_gazebo_ros_diff_drive
[1.035s] [ 70%] Built target test_gazebo_ros_force
[1.039s] [ 72%] Built target test_gazebo_ros_ft_sensor
[1.057s] [ 75%] Built target test_gazebo_ros_ackermann_drive
[1.081s] [ 77%] Built target test_gazebo_ros_joint_pose_trajectory
[1.081s] [ 79%] Built target test_gazebo_ros_hand_of_god
[1.081s] [ 81%] Built target test_gazebo_ros_harness
[1.096s] [ 84%] Built target test_gazebo_ros_gps_sensor
[1.098s] [ 86%] Built target test_gazebo_ros_imu_sensor
[1.111s] [ 88%] Built target test_gazebo_ros_planar_move
[1.134s] [ 90%] Built target test_gazebo_ros_p3d
[1.137s] [ 93%] Built target test_gazebo_ros_joint_state_publisher
[1.138s] [ 95%] Built target test_gazebo_ros_bumper
[1.147s] [ 97%] Built target test_gazebo_ros_ray_sensor
[1.153s] [100%] Built target test_gazebo_ros_tricycle_drive
[1.175s] [36mInstall the project...[0m
[1.193s] -- Install configuration: ""
[1.194s] -- Execute custom install script
[1.195s] -- Up-to-date symlink: /home/iju/S08P31C208/ROS/robot_ws/install/gazebo_plugins/share/gazebo_plugins/environment/library_path.sh
[1.195s] -- Up-to-date symlink: /home/iju/S08P31C208/ROS/robot_ws/install/gazebo_plugins/share/gazebo_plugins/environment/gazebo_plugins.sh
[1.196s] -- Up-to-date symlink: /home/iju/S08P31C208/ROS/robot_ws/install/gazebo_plugins/share/ament_index/resource_index/package_run_dependencies/gazebo_plugins
[1.197s] -- Up-to-date symlink: /home/iju/S08P31C208/ROS/robot_ws/install/gazebo_plugins/share/ament_index/resource_index/parent_prefix_path/gazebo_plugins
[1.198s] -- Up-to-date symlink: /home/iju/S08P31C208/ROS/robot_ws/install/gazebo_plugins/share/gazebo_plugins/environment/ament_prefix_path.sh
[1.199s] -- Up-to-date symlink: /home/iju/S08P31C208/ROS/robot_ws/install/gazebo_plugins/share/gazebo_plugins/environment/path.sh
[1.199s] -- Up-to-date symlink: /home/iju/S08P31C208/ROS/robot_ws/install/gazebo_plugins/share/gazebo_plugins/local_setup.bash
[1.199s] -- Up-to-date symlink: /home/iju/S08P31C208/ROS/robot_ws/install/gazebo_plugins/share/gazebo_plugins/local_setup.sh
[1.200s] -- Up-to-date symlink: /home/iju/S08P31C208/ROS/robot_ws/install/gazebo_plugins/share/gazebo_plugins/local_setup.zsh
[1.201s] -- Up-to-date symlink: /home/iju/S08P31C208/ROS/robot_ws/install/gazebo_plugins/share/ament_index/resource_index/packages/gazebo_plugins
[1.202s] -- Up-to-date symlink: /home/iju/S08P31C208/ROS/robot_ws/install/gazebo_plugins/share/gazebo_plugins/cmake/ament_cmake_export_libraries-extras.cmake
[1.203s] -- Up-to-date symlink: /home/iju/S08P31C208/ROS/robot_ws/install/gazebo_plugins/share/gazebo_plugins/cmake/ament_cmake_export_include_directories-extras.cmake
[1.204s] -- Up-to-date symlink: /home/iju/S08P31C208/ROS/robot_ws/install/gazebo_plugins/share/gazebo_plugins/cmake/ament_cmake_export_dependencies-extras.cmake
[1.205s] -- Up-to-date symlink: /home/iju/S08P31C208/ROS/robot_ws/install/gazebo_plugins/share/gazebo_plugins/cmake/gazebo_pluginsConfig.cmake
[1.205s] -- Up-to-date symlink: /home/iju/S08P31C208/ROS/robot_ws/install/gazebo_plugins/share/gazebo_plugins/cmake/gazebo_pluginsConfig-version.cmake
[1.206s] -- Up-to-date symlink: /home/iju/S08P31C208/ROS/robot_ws/install/gazebo_plugins/share/gazebo_plugins/package.xml
[1.208s] -- Up-to-date symlink: /home/iju/S08P31C208/ROS/robot_ws/install/gazebo_plugins/include/gazebo_plugins/gazebo_ros_ackermann_drive.hpp
[1.209s] -- Up-to-date symlink: /home/iju/S08P31C208/ROS/robot_ws/install/gazebo_plugins/include/gazebo_plugins/gazebo_ros_bumper.hpp
[1.209s] -- Up-to-date symlink: /home/iju/S08P31C208/ROS/robot_ws/install/gazebo_plugins/include/gazebo_plugins/gazebo_ros_camera.hpp
[1.211s] -- Up-to-date symlink: /home/iju/S08P31C208/ROS/robot_ws/install/gazebo_plugins/include/gazebo_plugins/gazebo_ros_diff_drive.hpp
[1.211s] -- Up-to-date symlink: /home/iju/S08P31C208/ROS/robot_ws/install/gazebo_plugins/include/gazebo_plugins/gazebo_ros_elevator.hpp
[1.212s] -- Up-to-date symlink: /home/iju/S08P31C208/ROS/robot_ws/install/gazebo_plugins/include/gazebo_plugins/gazebo_ros_force.hpp
[1.213s] -- Up-to-date symlink: /home/iju/S08P31C208/ROS/robot_ws/install/gazebo_plugins/include/gazebo_plugins/gazebo_ros_ft_sensor.hpp
[1.214s] -- Up-to-date symlink: /home/iju/S08P31C208/ROS/robot_ws/install/gazebo_plugins/include/gazebo_plugins/gazebo_ros_gps_sensor.hpp
[1.215s] -- Up-to-date symlink: /home/iju/S08P31C208/ROS/robot_ws/install/gazebo_plugins/include/gazebo_plugins/gazebo_ros_hand_of_god.hpp
[1.216s] -- Up-to-date symlink: /home/iju/S08P31C208/ROS/robot_ws/install/gazebo_plugins/include/gazebo_plugins/gazebo_ros_harness.hpp
[1.217s] -- Up-to-date symlink: /home/iju/S08P31C208/ROS/robot_ws/install/gazebo_plugins/include/gazebo_plugins/gazebo_ros_imu_sensor.hpp
[1.218s] -- Up-to-date symlink: /home/iju/S08P31C208/ROS/robot_ws/install/gazebo_plugins/include/gazebo_plugins/gazebo_ros_joint_pose_trajectory.hpp
[1.219s] -- Up-to-date symlink: /home/iju/S08P31C208/ROS/robot_ws/install/gazebo_plugins/include/gazebo_plugins/gazebo_ros_joint_state_publisher.hpp
[1.220s] -- Up-to-date symlink: /home/iju/S08P31C208/ROS/robot_ws/install/gazebo_plugins/include/gazebo_plugins/gazebo_ros_logical_camera.hpp
[1.220s] -- Up-to-date symlink: /home/iju/S08P31C208/ROS/robot_ws/install/gazebo_plugins/include/gazebo_plugins/gazebo_ros_p3d.hpp
[1.221s] -- Up-to-date symlink: /home/iju/S08P31C208/ROS/robot_ws/install/gazebo_plugins/include/gazebo_plugins/gazebo_ros_planar_move.hpp
[1.222s] -- Up-to-date symlink: /home/iju/S08P31C208/ROS/robot_ws/install/gazebo_plugins/include/gazebo_plugins/gazebo_ros_projector.hpp
[1.222s] -- Up-to-date symlink: /home/iju/S08P31C208/ROS/robot_ws/install/gazebo_plugins/include/gazebo_plugins/gazebo_ros_ray_sensor.hpp
[1.223s] -- Up-to-date symlink: /home/iju/S08P31C208/ROS/robot_ws/install/gazebo_plugins/include/gazebo_plugins/gazebo_ros_template.hpp
[1.224s] -- Up-to-date symlink: /home/iju/S08P31C208/ROS/robot_ws/install/gazebo_plugins/include/gazebo_plugins/gazebo_ros_tricycle_drive.hpp
[1.225s] -- Up-to-date symlink: /home/iju/S08P31C208/ROS/robot_ws/install/gazebo_plugins/include/gazebo_plugins/gazebo_ros_vacuum_gripper.hpp
[1.226s] -- Up-to-date symlink: /home/iju/S08P31C208/ROS/robot_ws/install/gazebo_plugins/include/gazebo_plugins/gazebo_ros_video.hpp
[1.226s] -- Up-to-date symlink: /home/iju/S08P31C208/ROS/robot_ws/install/gazebo_plugins/include/gazebo_plugins/multi_camera_plugin.hpp
[1.227s] -- Up-to-date symlink: /home/iju/S08P31C208/ROS/robot_ws/install/gazebo_plugins/lib/libgazebo_ros_ackermann_drive.so
[1.228s] -- Up-to-date symlink: /home/iju/S08P31C208/ROS/robot_ws/install/gazebo_plugins/lib/libgazebo_ros_bumper.so
[1.229s] -- Up-to-date symlink: /home/iju/S08P31C208/ROS/robot_ws/install/gazebo_plugins/lib/libgazebo_ros_camera.so
[1.229s] -- Up-to-date symlink: /home/iju/S08P31C208/ROS/robot_ws/install/gazebo_plugins/lib/libgazebo_ros_depth_camera.so
[1.230s] -- Up-to-date symlink: /home/iju/S08P31C208/ROS/robot_ws/install/gazebo_plugins/lib/libgazebo_ros_diff_drive.so
[1.231s] -- Up-to-date symlink: /home/iju/S08P31C208/ROS/robot_ws/install/gazebo_plugins/lib/libgazebo_ros_elevator.so
[1.231s] -- Up-to-date symlink: /home/iju/S08P31C208/ROS/robot_ws/install/gazebo_plugins/lib/libgazebo_ros_force.so
[1.232s] -- Up-to-date symlink: /home/iju/S08P31C208/ROS/robot_ws/install/gazebo_plugins/lib/libgazebo_ros_ft_sensor.so
[1.233s] -- Up-to-date symlink: /home/iju/S08P31C208/ROS/robot_ws/install/gazebo_plugins/lib/libgazebo_ros_hand_of_god.so
[1.233s] -- Up-to-date symlink: /home/iju/S08P31C208/ROS/robot_ws/install/gazebo_plugins/lib/libgazebo_ros_harness.so
[1.234s] -- Up-to-date symlink: /home/iju/S08P31C208/ROS/robot_ws/install/gazebo_plugins/lib/libgazebo_ros_imu_sensor.so
[1.234s] -- Up-to-date symlink: /home/iju/S08P31C208/ROS/robot_ws/install/gazebo_plugins/lib/libgazebo_ros_gps_sensor.so
[1.235s] -- Up-to-date symlink: /home/iju/S08P31C208/ROS/robot_ws/install/gazebo_plugins/lib/libgazebo_ros_joint_pose_trajectory.so
[1.236s] -- Up-to-date symlink: /home/iju/S08P31C208/ROS/robot_ws/install/gazebo_plugins/lib/libgazebo_ros_joint_state_publisher.so
[1.236s] -- Up-to-date symlink: /home/iju/S08P31C208/ROS/robot_ws/install/gazebo_plugins/lib/libgazebo_ros_logical_camera.so
[1.237s] -- Up-to-date symlink: /home/iju/S08P31C208/ROS/robot_ws/install/gazebo_plugins/lib/libgazebo_ros_multi_camera.so
[1.238s] -- Up-to-date symlink: /home/iju/S08P31C208/ROS/robot_ws/install/gazebo_plugins/lib/libgazebo_ros_planar_move.so
[1.238s] -- Up-to-date symlink: /home/iju/S08P31C208/ROS/robot_ws/install/gazebo_plugins/lib/libgazebo_ros_projector.so
[1.239s] -- Up-to-date symlink: /home/iju/S08P31C208/ROS/robot_ws/install/gazebo_plugins/lib/libgazebo_ros_ray_sensor.so
[1.240s] -- Up-to-date symlink: /home/iju/S08P31C208/ROS/robot_ws/install/gazebo_plugins/lib/libgazebo_ros_p3d.so
[1.240s] -- Up-to-date symlink: /home/iju/S08P31C208/ROS/robot_ws/install/gazebo_plugins/lib/libgazebo_ros_template.so
[1.241s] -- Up-to-date symlink: /home/iju/S08P31C208/ROS/robot_ws/install/gazebo_plugins/lib/libgazebo_ros_tricycle_drive.so
[1.242s] -- Up-to-date symlink: /home/iju/S08P31C208/ROS/robot_ws/install/gazebo_plugins/lib/libgazebo_ros_vacuum_gripper.so
[1.242s] -- Up-to-date symlink: /home/iju/S08P31C208/ROS/robot_ws/install/gazebo_plugins/lib/libgazebo_ros_video.so
[1.243s] -- Up-to-date symlink: /home/iju/S08P31C208/ROS/robot_ws/install/gazebo_plugins/lib/libmulti_camera_plugin.so
[1.245s] -- Up-to-date symlink: /home/iju/S08P31C208/ROS/robot_ws/install/gazebo_plugins/share/gazebo_plugins//worlds/gazebo_ros_ackermann_drive_demo.world
[1.245s] -- Up-to-date symlink: /home/iju/S08P31C208/ROS/robot_ws/install/gazebo_plugins/share/gazebo_plugins//worlds/gazebo_ros_bumper_demo.world
[1.246s] -- Up-to-date symlink: /home/iju/S08P31C208/ROS/robot_ws/install/gazebo_plugins/share/gazebo_plugins//worlds/gazebo_ros_camera_demo.world
[1.246s] -- Up-to-date symlink: /home/iju/S08P31C208/ROS/robot_ws/install/gazebo_plugins/share/gazebo_plugins//worlds/gazebo_ros_camera_distortion_barrel_demo.world
[1.246s] -- Up-to-date symlink: /home/iju/S08P31C208/ROS/robot_ws/install/gazebo_plugins/share/gazebo_plugins//worlds/gazebo_ros_camera_distortion_pincushion_demo.world
[1.247s] -- Up-to-date symlink: /home/iju/S08P31C208/ROS/robot_ws/install/gazebo_plugins/share/gazebo_plugins//worlds/gazebo_ros_camera_triggered_demo.world
[1.247s] -- Up-to-date symlink: /home/iju/S08P31C208/ROS/robot_ws/install/gazebo_plugins/share/gazebo_plugins//worlds/gazebo_ros_depth_camera_demo.world
[1.248s] -- Up-to-date symlink: /home/iju/S08P31C208/ROS/robot_ws/install/gazebo_plugins/share/gazebo_plugins//worlds/gazebo_ros_diff_drive_demo.world
[1.248s] -- Up-to-date symlink: /home/iju/S08P31C208/ROS/robot_ws/install/gazebo_plugins/share/gazebo_plugins//worlds/gazebo_ros_elevator_demo.world
[1.249s] -- Up-to-date symlink: /home/iju/S08P31C208/ROS/robot_ws/install/gazebo_plugins/share/gazebo_plugins//worlds/gazebo_ros_force_demo.world
[1.249s] -- Up-to-date symlink: /home/iju/S08P31C208/ROS/robot_ws/install/gazebo_plugins/share/gazebo_plugins//worlds/gazebo_ros_ft_sensor_demo.world
[1.249s] -- Up-to-date symlink: /home/iju/S08P31C208/ROS/robot_ws/install/gazebo_plugins/share/gazebo_plugins//worlds/gazebo_ros_gps_sensor_demo.world
[1.250s] -- Up-to-date symlink: /home/iju/S08P31C208/ROS/robot_ws/install/gazebo_plugins/share/gazebo_plugins//worlds/gazebo_ros_hand_of_god_demo.world
[1.250s] -- Up-to-date symlink: /home/iju/S08P31C208/ROS/robot_ws/install/gazebo_plugins/share/gazebo_plugins//worlds/gazebo_ros_harness_demo.world
[1.251s] -- Up-to-date symlink: /home/iju/S08P31C208/ROS/robot_ws/install/gazebo_plugins/share/gazebo_plugins//worlds/gazebo_ros_joint_pose_trajectory_demo.world
[1.252s] -- Up-to-date symlink: /home/iju/S08P31C208/ROS/robot_ws/install/gazebo_plugins/share/gazebo_plugins//worlds/gazebo_ros_joint_state_publisher_demo.world
[1.252s] -- Up-to-date symlink: /home/iju/S08P31C208/ROS/robot_ws/install/gazebo_plugins/share/gazebo_plugins//worlds/gazebo_ros_logical_camera_demo.world
[1.253s] -- Up-to-date symlink: /home/iju/S08P31C208/ROS/robot_ws/install/gazebo_plugins/share/gazebo_plugins//worlds/gazebo_ros_multi_camera_demo.world
[1.253s] -- Up-to-date symlink: /home/iju/S08P31C208/ROS/robot_ws/install/gazebo_plugins/share/gazebo_plugins//worlds/gazebo_ros_p3d_demo.world
[1.254s] -- Up-to-date symlink: /home/iju/S08P31C208/ROS/robot_ws/install/gazebo_plugins/share/gazebo_plugins//worlds/gazebo_ros_planar_move_demo.world
[1.254s] -- Up-to-date symlink: /home/iju/S08P31C208/ROS/robot_ws/install/gazebo_plugins/share/gazebo_plugins//worlds/gazebo_ros_projector_demo.world
[1.255s] -- Up-to-date symlink: /home/iju/S08P31C208/ROS/robot_ws/install/gazebo_plugins/share/gazebo_plugins//worlds/gazebo_ros_ray_sensor_demo.world
[1.255s] -- Up-to-date symlink: /home/iju/S08P31C208/ROS/robot_ws/install/gazebo_plugins/share/gazebo_plugins//worlds/gazebo_ros_skid_steer_drive_demo.world
[1.256s] -- Up-to-date symlink: /home/iju/S08P31C208/ROS/robot_ws/install/gazebo_plugins/share/gazebo_plugins//worlds/gazebo_ros_template_demo.world
[1.256s] -- Up-to-date symlink: /home/iju/S08P31C208/ROS/robot_ws/install/gazebo_plugins/share/gazebo_plugins//worlds/gazebo_ros_tricycle_drive_demo.world
[1.256s] -- Up-to-date symlink: /home/iju/S08P31C208/ROS/robot_ws/install/gazebo_plugins/share/gazebo_plugins//worlds/gazebo_ros_vacuum_gripper_demo.world
[1.257s] -- Up-to-date symlink: /home/iju/S08P31C208/ROS/robot_ws/install/gazebo_plugins/share/gazebo_plugins//worlds/gazebo_ros_video_demo.world
[1.266s] Invoked command in '/home/iju/S08P31C208/ROS/robot_ws/build/gazebo_plugins' returned '0': CMAKE_PREFIX_PATH=/home/iju/S08P31C208/ROS/robot_ws/install/gazebo_ros:/home/iju/S08P31C208/ROS/robot_ws/install/gazebo_msgs:/home/iju/S08P31C208/ROS/robot_ws/install/gazebo_dev:/home/iju/S08P31C208/ROS/robot_ws/install/cv_bridge:/home/iju/S08P31C208/ROS/robot_ws/install/vision_opencv:/home/iju/S08P31C208/ROS/robot_ws/install/turtlebot3_simulations:/home/iju/S08P31C208/ROS/robot_ws/install/turtlebot3_gazebo:/home/iju/S08P31C208/ROS/robot_ws/install/turtlebot3:/home/iju/S08P31C208/ROS/robot_ws/install/turtlebot3_bringup:/home/iju/S08P31C208/ROS/robot_ws/install/turtlebot3_node:/home/iju/S08P31C208/ROS/robot_ws/install/turtlebot3_navigation2:/home/iju/S08P31C208/ROS/robot_ws/install/turtlebot3_fake_node:/home/iju/S08P31C208/ROS/robot_ws/install/turtlebot3_msgs:/home/iju/S08P31C208/ROS/robot_ws/install/turtlebot3_description:/home/iju/S08P31C208/ROS/robot_ws/install/turtlebot3_cartographer:/home/iju/S08P31C208/ROS/robot_ws/install/image_geometry:/home/iju/S08P31C208/ROS/robot_ws/install/gazebo_ros_pkgs:/home/iju/S08P31C208/ROS/robot_ws/install/turtlebot3_teleop:/home/iju/S08P31C208/ROS/robot_ws/install/turtlebot3_example:/home/iju/S08P31C208/ROS/robot_ws/install/opencv_tests:/opt/ros/dashing:/home/iju/S08P31C208/ROS/robot_ws/install/aws_robomaker_hospital_world:/home/iju/S08P31C208/ROS/robot_ws/install/gazebo_plugins:/home/iju/S08P31C208/ROS/robot_ws/install/dynamixel_sdk_examples:/home/iju/S08P31C208/ROS/robot_ws/install/dynamixel_sdk_custom_interfaces:/home/iju/S08P31C208/ROS/robot_ws/install/dynamixel_sdk LD_LIBRARY_PATH=/home/iju/S08P31C208/ROS/robot_ws/install/gazebo_ros/lib:/home/iju/S08P31C208/ROS/robot_ws/install/gazebo_msgs/lib:/home/iju/S08P31C208/ROS/robot_ws/install/cv_bridge/lib:/home/iju/S08P31C208/ROS/robot_ws/install/turtlebot3_msgs/lib:/home/iju/S08P31C208/ROS/robot_ws/install/image_geometry/lib:/home/iju/S08P31C208/ROS/robot_ws/install/gazebo_plugins/lib:/home/iju/S08P31C208/ROS/robot_ws/install/dynamixel_sdk_custom_interfaces/lib:/home/iju/S08P31C208/ROS/robot_ws/install/dynamixel_sdk/lib:/usr/lib/x86_64-linux-gnu/gazebo-9/plugins:/opt/ros/dashing/opt/yaml_cpp_vendor/lib:/opt/ros/dashing/opt/rviz_ogre_vendor/lib:/opt/ros/dashing/lib PS1=\u@\h \[\033[32m\]\w\[\033[33m\]$(parse_git_branch)\[\033[00m\] $ PYTHONPATH=/home/iju/S08P31C208/ROS/robot_ws/install/gazebo_ros/lib/python3.6/site-packages:/home/iju/S08P31C208/ROS/robot_ws/install/gazebo_msgs/lib/python3.6/site-packages:/home/iju/S08P31C208/ROS/robot_ws/install/cv_bridge/lib/python3.6/site-packages:/home/iju/S08P31C208/ROS/robot_ws/build/turtlebot3_teleop:/home/iju/S08P31C208/ROS/robot_ws/install/turtlebot3_teleop/lib/python3.6/site-packages:/home/iju/S08P31C208/ROS/robot_ws/build/turtlebot3_example:/home/iju/S08P31C208/ROS/robot_ws/install/turtlebot3_example/lib/python3.6/site-packages:/home/iju/S08P31C208/ROS/robot_ws/install/turtlebot3_msgs/lib/python3.6/site-packages:/home/iju/S08P31C208/ROS/robot_ws/build/opencv_tests:/home/iju/S08P31C208/ROS/robot_ws/install/opencv_tests/lib/python3.6/site-packages:/home/iju/S08P31C208/ROS/robot_ws/install/image_geometry/lib/python3.6/site-packages:/home/iju/S08P31C208/ROS/robot_ws/install/dynamixel_sdk_custom_interfaces/lib/python3.6/site-packages:/opt/ros/dashing/lib/python3.6/site-packages /usr/bin/cmake --build /home/iju/S08P31C208/ROS/robot_ws/build/gazebo_plugins --target install -- -j6 -l6
