[0.607s] Invoking command in '/home/moon/S08P31C208/ROS/buruemi_ws/build/cartographer_ros_msgs': CMAKE_PREFIX_PATH=${CMAKE_PREFIX_PATH}:/home/moon/S08P31C208/ROS/buruemi_ws/install/lidar_filter:/home/moon/S08P31C208/ROS/buruemi_ws/install/turtlebot3_teleop:/home/moon/S08P31C208/ROS/buruemi_ws/install/turtlebot3_example:/opt/ros/dashing /usr/bin/cmake --build /home/moon/S08P31C208/ROS/buruemi_ws/build/cartographer_ros_msgs -- -j4 -l4
[2.924s] [  0%] Built target cartographer_ros_msgs__cpp
[2.925s] [ 12%] Built target cartographer_ros_msgs__rosidl_generator_c
[2.926s] [ 24%] Built target cartographer_ros_msgs__rosidl_typesupport_cpp
[2.927s] [ 36%] Built target cartographer_ros_msgs__rosidl_typesupport_introspection_cpp
[2.927s] [ 48%] Built target cartographer_ros_msgs__rosidl_typesupport_fastrtps_cpp
[2.928s] [ 60%] Built target cartographer_ros_msgs__rosidl_typesupport_c
[2.928s] [ 72%] Built target cartographer_ros_msgs__rosidl_typesupport_introspection_c
[2.929s] [ 84%] Built target cartographer_ros_msgs__rosidl_typesupport_fastrtps_c
[2.929s] [ 84%] Built target cartographer_ros_msgs
[2.930s] [ 85%] Built target cartographer_ros_msgs__py
[2.930s] [ 96%] Built target cartographer_ros_msgs__python
[2.931s] [ 97%] Built target cartographer_ros_msgs__rosidl_typesupport_fastrtps_c__pyext
[2.932s] [ 98%] Built target cartographer_ros_msgs__rosidl_typesupport_c__pyext
[2.932s] [100%] Built target cartographer_ros_msgs__rosidl_typesupport_introspection_c__pyext
[2.959s] Invoked command in '/home/moon/S08P31C208/ROS/buruemi_ws/build/cartographer_ros_msgs' returned '0': CMAKE_PREFIX_PATH=${CMAKE_PREFIX_PATH}:/home/moon/S08P31C208/ROS/buruemi_ws/install/lidar_filter:/home/moon/S08P31C208/ROS/buruemi_ws/install/turtlebot3_teleop:/home/moon/S08P31C208/ROS/buruemi_ws/install/turtlebot3_example:/opt/ros/dashing /usr/bin/cmake --build /home/moon/S08P31C208/ROS/buruemi_ws/build/cartographer_ros_msgs -- -j4 -l4
[9.177s] Invoking command in '/home/moon/S08P31C208/ROS/buruemi_ws/build/cartographer_ros_msgs': CMAKE_PREFIX_PATH=${CMAKE_PREFIX_PATH}:/home/moon/S08P31C208/ROS/buruemi_ws/install/lidar_filter:/home/moon/S08P31C208/ROS/buruemi_ws/install/turtlebot3_teleop:/home/moon/S08P31C208/ROS/buruemi_ws/install/turtlebot3_example:/opt/ros/dashing /usr/bin/cmake --build /home/moon/S08P31C208/ROS/buruemi_ws/build/cartographer_ros_msgs --target install -- -j4 -l4
[9.849s] [  0%] Built target cartographer_ros_msgs__cpp
[9.850s] [ 12%] Built target cartographer_ros_msgs__rosidl_generator_c
[9.850s] [ 24%] Built target cartographer_ros_msgs__rosidl_typesupport_introspection_cpp
[9.900s] [ 36%] Built target cartographer_ros_msgs__rosidl_typesupport_cpp
[9.957s] [ 48%] Built target cartographer_ros_msgs__rosidl_typesupport_c
[9.992s] [ 60%] Built target cartographer_ros_msgs__rosidl_typesupport_fastrtps_cpp
[10.091s] [ 72%] Built target cartographer_ros_msgs__rosidl_typesupport_introspection_c
[10.581s] [ 84%] Built target cartographer_ros_msgs__rosidl_typesupport_fastrtps_c
[10.819s] [ 84%] Built target cartographer_ros_msgs
[11.077s] [ 85%] Built target cartographer_ros_msgs__py
[11.570s] [ 96%] Built target cartographer_ros_msgs__python
[11.967s] [ 97%] Built target cartographer_ros_msgs__rosidl_typesupport_c__pyext
[11.977s] [ 99%] Built target cartographer_ros_msgs__rosidl_typesupport_introspection_c__pyext
[11.986s] [100%] Built target cartographer_ros_msgs__rosidl_typesupport_fastrtps_c__pyext
[12.212s] [36mInstall the project...[0m
[12.303s] -- Install configuration: ""
[12.308s] -- Execute custom install script
[12.311s] -- Up-to-date symlink: /home/moon/S08P31C208/ROS/buruemi_ws/install/cartographer_ros_msgs/share/ament_index/resource_index/rosidl_interfaces/cartographer_ros_msgs
[12.319s] -- Up-to-date symlink: /home/moon/S08P31C208/ROS/buruemi_ws/install/cartographer_ros_msgs/include/cartographer_ros_msgs/msg/landmark_entry.hpp
[12.322s] -- Up-to-date symlink: /home/moon/S08P31C208/ROS/buruemi_ws/install/cartographer_ros_msgs/include/cartographer_ros_msgs/msg/landmark_entry__struct.hpp
[12.325s] -- Up-to-date symlink: /home/moon/S08P31C208/ROS/buruemi_ws/install/cartographer_ros_msgs/include/cartographer_ros_msgs/msg/landmark_entry__traits.hpp
[12.329s] -- Up-to-date symlink: /home/moon/S08P31C208/ROS/buruemi_ws/install/cartographer_ros_msgs/include/cartographer_ros_msgs/msg/landmark_list.hpp
[12.332s] -- Up-to-date symlink: /home/moon/S08P31C208/ROS/buruemi_ws/install/cartographer_ros_msgs/include/cartographer_ros_msgs/msg/landmark_list__struct.hpp
[12.347s] -- Up-to-date symlink: /home/moon/S08P31C208/ROS/buruemi_ws/install/cartographer_ros_msgs/include/cartographer_ros_msgs/msg/landmark_list__traits.hpp
[12.351s] -- Up-to-date symlink: /home/moon/S08P31C208/ROS/buruemi_ws/install/cartographer_ros_msgs/include/cartographer_ros_msgs/msg/sensor_topics.hpp
[12.354s] -- Up-to-date symlink: /home/moon/S08P31C208/ROS/buruemi_ws/install/cartographer_ros_msgs/include/cartographer_ros_msgs/msg/sensor_topics__struct.hpp
[12.356s] -- Up-to-date symlink: /home/moon/S08P31C208/ROS/buruemi_ws/install/cartographer_ros_msgs/include/cartographer_ros_msgs/msg/sensor_topics__traits.hpp
[12.357s] -- Up-to-date symlink: /home/moon/S08P31C208/ROS/buruemi_ws/install/cartographer_ros_msgs/include/cartographer_ros_msgs/msg/status_code.hpp
[12.363s] -- Up-to-date symlink: /home/moon/S08P31C208/ROS/buruemi_ws/install/cartographer_ros_msgs/include/cartographer_ros_msgs/msg/status_code__struct.hpp
[12.364s] -- Up-to-date symlink: /home/moon/S08P31C208/ROS/buruemi_ws/install/cartographer_ros_msgs/include/cartographer_ros_msgs/msg/status_code__traits.hpp
[12.364s] -- Up-to-date symlink: /home/moon/S08P31C208/ROS/buruemi_ws/install/cartographer_ros_msgs/include/cartographer_ros_msgs/msg/status_response.hpp
[12.370s] -- Up-to-date symlink: /home/moon/S08P31C208/ROS/buruemi_ws/install/cartographer_ros_msgs/include/cartographer_ros_msgs/msg/status_response__struct.hpp
[12.397s] -- Up-to-date symlink: /home/moon/S08P31C208/ROS/buruemi_ws/install/cartographer_ros_msgs/include/cartographer_ros_msgs/msg/status_response__traits.hpp
[12.397s] -- Up-to-date symlink: /home/moon/S08P31C208/ROS/buruemi_ws/install/cartographer_ros_msgs/include/cartographer_ros_msgs/msg/submap_entry.hpp
[12.398s] -- Up-to-date symlink: /home/moon/S08P31C208/ROS/buruemi_ws/install/cartographer_ros_msgs/include/cartographer_ros_msgs/msg/submap_entry__struct.hpp
[12.398s] -- Up-to-date symlink: /home/moon/S08P31C208/ROS/buruemi_ws/install/cartographer_ros_msgs/include/cartographer_ros_msgs/msg/submap_entry__traits.hpp
[12.399s] -- Up-to-date symlink: /home/moon/S08P31C208/ROS/buruemi_ws/install/cartographer_ros_msgs/include/cartographer_ros_msgs/msg/submap_list.hpp
[12.413s] -- Up-to-date symlink: /home/moon/S08P31C208/ROS/buruemi_ws/install/cartographer_ros_msgs/include/cartographer_ros_msgs/msg/submap_list__struct.hpp
[12.414s] -- Up-to-date symlink: /home/moon/S08P31C208/ROS/buruemi_ws/install/cartographer_ros_msgs/include/cartographer_ros_msgs/msg/submap_list__traits.hpp
[12.414s] -- Up-to-date symlink: /home/moon/S08P31C208/ROS/buruemi_ws/install/cartographer_ros_msgs/include/cartographer_ros_msgs/msg/submap_texture.hpp
[12.415s] -- Up-to-date symlink: /home/moon/S08P31C208/ROS/buruemi_ws/install/cartographer_ros_msgs/include/cartographer_ros_msgs/msg/submap_texture__struct.hpp
[12.416s] -- Up-to-date symlink: /home/moon/S08P31C208/ROS/buruemi_ws/install/cartographer_ros_msgs/include/cartographer_ros_msgs/msg/submap_texture__traits.hpp
[12.416s] -- Up-to-date symlink: /home/moon/S08P31C208/ROS/buruemi_ws/install/cartographer_ros_msgs/include/cartographer_ros_msgs/msg/trajectory_options.hpp
[12.417s] -- Up-to-date symlink: /home/moon/S08P31C208/ROS/buruemi_ws/install/cartographer_ros_msgs/include/cartographer_ros_msgs/msg/trajectory_options__struct.hpp
[12.418s] -- Up-to-date symlink: /home/moon/S08P31C208/ROS/buruemi_ws/install/cartographer_ros_msgs/include/cartographer_ros_msgs/msg/trajectory_options__traits.hpp
[12.418s] -- Up-to-date symlink: /home/moon/S08P31C208/ROS/buruemi_ws/install/cartographer_ros_msgs/include/cartographer_ros_msgs/srv/finish_trajectory.hpp
[12.419s] -- Up-to-date symlink: /home/moon/S08P31C208/ROS/buruemi_ws/install/cartographer_ros_msgs/include/cartographer_ros_msgs/srv/finish_trajectory__struct.hpp
[12.419s] -- Up-to-date symlink: /home/moon/S08P31C208/ROS/buruemi_ws/install/cartographer_ros_msgs/include/cartographer_ros_msgs/srv/finish_trajectory__traits.hpp
[12.420s] -- Up-to-date symlink: /home/moon/S08P31C208/ROS/buruemi_ws/install/cartographer_ros_msgs/include/cartographer_ros_msgs/srv/start_trajectory.hpp
[12.470s] -- Up-to-date symlink: /home/moon/S08P31C208/ROS/buruemi_ws/install/cartographer_ros_msgs/include/cartographer_ros_msgs/srv/start_trajectory__struct.hpp
[12.471s] -- Up-to-date symlink: /home/moon/S08P31C208/ROS/buruemi_ws/install/cartographer_ros_msgs/include/cartographer_ros_msgs/srv/start_trajectory__traits.hpp
[12.471s] -- Up-to-date symlink: /home/moon/S08P31C208/ROS/buruemi_ws/install/cartographer_ros_msgs/include/cartographer_ros_msgs/srv/submap_query.hpp
[12.472s] -- Up-to-date symlink: /home/moon/S08P31C208/ROS/buruemi_ws/install/cartographer_ros_msgs/include/cartographer_ros_msgs/srv/submap_query__struct.hpp
[12.472s] -- Up-to-date symlink: /home/moon/S08P31C208/ROS/buruemi_ws/install/cartographer_ros_msgs/include/cartographer_ros_msgs/srv/submap_query__traits.hpp
[12.473s] -- Up-to-date symlink: /home/moon/S08P31C208/ROS/buruemi_ws/install/cartographer_ros_msgs/include/cartographer_ros_msgs/srv/write_state.hpp
[12.473s] -- Up-to-date symlink: /home/moon/S08P31C208/ROS/buruemi_ws/install/cartographer_ros_msgs/include/cartographer_ros_msgs/srv/write_state__struct.hpp
[12.474s] -- Up-to-date symlink: /home/moon/S08P31C208/ROS/buruemi_ws/install/cartographer_ros_msgs/include/cartographer_ros_msgs/srv/write_state__traits.hpp
[12.485s] -- Up-to-date symlink: /home/moon/S08P31C208/ROS/buruemi_ws/install/cartographer_ros_msgs/include/cartographer_ros_msgs/msg/landmark_entry.h
[12.486s] -- Up-to-date symlink: /home/moon/S08P31C208/ROS/buruemi_ws/install/cartographer_ros_msgs/include/cartographer_ros_msgs/msg/landmark_entry__functions.h
[12.487s] -- Up-to-date symlink: /home/moon/S08P31C208/ROS/buruemi_ws/install/cartographer_ros_msgs/include/cartographer_ros_msgs/msg/landmark_entry__struct.h
[12.487s] -- Up-to-date symlink: /home/moon/S08P31C208/ROS/buruemi_ws/install/cartographer_ros_msgs/include/cartographer_ros_msgs/msg/landmark_entry__type_support.h
[12.504s] -- Up-to-date symlink: /home/moon/S08P31C208/ROS/buruemi_ws/install/cartographer_ros_msgs/include/cartographer_ros_msgs/msg/landmark_list.h
[12.505s] -- Up-to-date symlink: /home/moon/S08P31C208/ROS/buruemi_ws/install/cartographer_ros_msgs/include/cartographer_ros_msgs/msg/landmark_list__functions.h
[12.505s] -- Up-to-date symlink: /home/moon/S08P31C208/ROS/buruemi_ws/install/cartographer_ros_msgs/include/cartographer_ros_msgs/msg/landmark_list__struct.h
[12.506s] -- Up-to-date symlink: /home/moon/S08P31C208/ROS/buruemi_ws/install/cartographer_ros_msgs/include/cartographer_ros_msgs/msg/landmark_list__type_support.h
[12.507s] -- Up-to-date symlink: /home/moon/S08P31C208/ROS/buruemi_ws/install/cartographer_ros_msgs/include/cartographer_ros_msgs/msg/rosidl_generator_c__visibility_control.h
[12.511s] -- Up-to-date symlink: /home/moon/S08P31C208/ROS/buruemi_ws/install/cartographer_ros_msgs/include/cartographer_ros_msgs/msg/sensor_topics.h
[12.517s] -- Up-to-date symlink: /home/moon/S08P31C208/ROS/buruemi_ws/install/cartographer_ros_msgs/include/cartographer_ros_msgs/msg/sensor_topics__functions.h
[12.518s] -- Up-to-date symlink: /home/moon/S08P31C208/ROS/buruemi_ws/install/cartographer_ros_msgs/include/cartographer_ros_msgs/msg/sensor_topics__struct.h
[12.519s] -- Up-to-date symlink: /home/moon/S08P31C208/ROS/buruemi_ws/install/cartographer_ros_msgs/include/cartographer_ros_msgs/msg/sensor_topics__type_support.h
[12.523s] -- Up-to-date symlink: /home/moon/S08P31C208/ROS/buruemi_ws/install/cartographer_ros_msgs/include/cartographer_ros_msgs/msg/status_code.h
[12.524s] -- Up-to-date symlink: /home/moon/S08P31C208/ROS/buruemi_ws/install/cartographer_ros_msgs/include/cartographer_ros_msgs/msg/status_code__functions.h
[12.524s] -- Up-to-date symlink: /home/moon/S08P31C208/ROS/buruemi_ws/install/cartographer_ros_msgs/include/cartographer_ros_msgs/msg/status_code__struct.h
[12.526s] -- Up-to-date symlink: /home/moon/S08P31C208/ROS/buruemi_ws/install/cartographer_ros_msgs/include/cartographer_ros_msgs/msg/status_code__type_support.h
[12.534s] -- Up-to-date symlink: /home/moon/S08P31C208/ROS/buruemi_ws/install/cartographer_ros_msgs/include/cartographer_ros_msgs/msg/status_response.h
[12.535s] -- Up-to-date symlink: /home/moon/S08P31C208/ROS/buruemi_ws/install/cartographer_ros_msgs/include/cartographer_ros_msgs/msg/status_response__functions.h
[12.543s] -- Up-to-date symlink: /home/moon/S08P31C208/ROS/buruemi_ws/install/cartographer_ros_msgs/include/cartographer_ros_msgs/msg/status_response__struct.h
[12.545s] -- Up-to-date symlink: /home/moon/S08P31C208/ROS/buruemi_ws/install/cartographer_ros_msgs/include/cartographer_ros_msgs/msg/status_response__type_support.h
[12.546s] -- Up-to-date symlink: /home/moon/S08P31C208/ROS/buruemi_ws/install/cartographer_ros_msgs/include/cartographer_ros_msgs/msg/submap_entry.h
[12.566s] -- Up-to-date symlink: /home/moon/S08P31C208/ROS/buruemi_ws/install/cartographer_ros_msgs/include/cartographer_ros_msgs/msg/submap_entry__functions.h
[12.567s] -- Up-to-date symlink: /home/moon/S08P31C208/ROS/buruemi_ws/install/cartographer_ros_msgs/include/cartographer_ros_msgs/msg/submap_entry__struct.h
[12.568s] -- Up-to-date symlink: /home/moon/S08P31C208/ROS/buruemi_ws/install/cartographer_ros_msgs/include/cartographer_ros_msgs/msg/submap_entry__type_support.h
[12.568s] -- Up-to-date symlink: /home/moon/S08P31C208/ROS/buruemi_ws/install/cartographer_ros_msgs/include/cartographer_ros_msgs/msg/submap_list.h
[12.569s] -- Up-to-date symlink: /home/moon/S08P31C208/ROS/buruemi_ws/install/cartographer_ros_msgs/include/cartographer_ros_msgs/msg/submap_list__functions.h
[12.570s] -- Up-to-date symlink: /home/moon/S08P31C208/ROS/buruemi_ws/install/cartographer_ros_msgs/include/cartographer_ros_msgs/msg/submap_list__struct.h
[12.571s] -- Up-to-date symlink: /home/moon/S08P31C208/ROS/buruemi_ws/install/cartographer_ros_msgs/include/cartographer_ros_msgs/msg/submap_list__type_support.h
[12.571s] -- Up-to-date symlink: /home/moon/S08P31C208/ROS/buruemi_ws/install/cartographer_ros_msgs/include/cartographer_ros_msgs/msg/submap_texture.h
[12.579s] -- Up-to-date symlink: /home/moon/S08P31C208/ROS/buruemi_ws/install/cartographer_ros_msgs/include/cartographer_ros_msgs/msg/submap_texture__functions.h
[12.580s] -- Up-to-date symlink: /home/moon/S08P31C208/ROS/buruemi_ws/install/cartographer_ros_msgs/include/cartographer_ros_msgs/msg/submap_texture__struct.h
[12.590s] -- Up-to-date symlink: /home/moon/S08P31C208/ROS/buruemi_ws/install/cartographer_ros_msgs/include/cartographer_ros_msgs/msg/submap_texture__type_support.h
[12.609s] -- Up-to-date symlink: /home/moon/S08P31C208/ROS/buruemi_ws/install/cartographer_ros_msgs/include/cartographer_ros_msgs/msg/trajectory_options.h
[12.616s] -- Up-to-date symlink: /home/moon/S08P31C208/ROS/buruemi_ws/install/cartographer_ros_msgs/include/cartographer_ros_msgs/msg/trajectory_options__functions.h
[12.617s] -- Up-to-date symlink: /home/moon/S08P31C208/ROS/buruemi_ws/install/cartographer_ros_msgs/include/cartographer_ros_msgs/msg/trajectory_options__struct.h
[12.618s] -- Up-to-date symlink: /home/moon/S08P31C208/ROS/buruemi_ws/install/cartographer_ros_msgs/include/cartographer_ros_msgs/msg/trajectory_options__type_support.h
[12.629s] -- Up-to-date symlink: /home/moon/S08P31C208/ROS/buruemi_ws/install/cartographer_ros_msgs/include/cartographer_ros_msgs/srv/finish_trajectory.h
[12.630s] -- Up-to-date symlink: /home/moon/S08P31C208/ROS/buruemi_ws/install/cartographer_ros_msgs/include/cartographer_ros_msgs/srv/finish_trajectory__functions.h
[12.638s] -- Up-to-date symlink: /home/moon/S08P31C208/ROS/buruemi_ws/install/cartographer_ros_msgs/include/cartographer_ros_msgs/srv/finish_trajectory__struct.h
[12.639s] -- Up-to-date symlink: /home/moon/S08P31C208/ROS/buruemi_ws/install/cartographer_ros_msgs/include/cartographer_ros_msgs/srv/finish_trajectory__type_support.h
[12.650s] -- Up-to-date symlink: /home/moon/S08P31C208/ROS/buruemi_ws/install/cartographer_ros_msgs/include/cartographer_ros_msgs/srv/start_trajectory.h
[12.662s] -- Up-to-date symlink: /home/moon/S08P31C208/ROS/buruemi_ws/install/cartographer_ros_msgs/include/cartographer_ros_msgs/srv/start_trajectory__functions.h
[12.669s] -- Up-to-date symlink: /home/moon/S08P31C208/ROS/buruemi_ws/install/cartographer_ros_msgs/include/cartographer_ros_msgs/srv/start_trajectory__struct.h
[12.672s] -- Up-to-date symlink: /home/moon/S08P31C208/ROS/buruemi_ws/install/cartographer_ros_msgs/include/cartographer_ros_msgs/srv/start_trajectory__type_support.h
[12.672s] -- Up-to-date symlink: /home/moon/S08P31C208/ROS/buruemi_ws/install/cartographer_ros_msgs/include/cartographer_ros_msgs/srv/submap_query.h
[12.673s] -- Up-to-date symlink: /home/moon/S08P31C208/ROS/buruemi_ws/install/cartographer_ros_msgs/include/cartographer_ros_msgs/srv/submap_query__functions.h
[12.673s] -- Up-to-date symlink: /home/moon/S08P31C208/ROS/buruemi_ws/install/cartographer_ros_msgs/include/cartographer_ros_msgs/srv/submap_query__struct.h
[12.674s] -- Up-to-date symlink: /home/moon/S08P31C208/ROS/buruemi_ws/install/cartographer_ros_msgs/include/cartographer_ros_msgs/srv/submap_query__type_support.h
[12.674s] -- Up-to-date symlink: /home/moon/S08P31C208/ROS/buruemi_ws/install/cartographer_ros_msgs/include/cartographer_ros_msgs/srv/write_state.h
[12.675s] -- Up-to-date symlink: /home/moon/S08P31C208/ROS/buruemi_ws/install/cartographer_ros_msgs/include/cartographer_ros_msgs/srv/write_state__functions.h
[12.677s] -- Up-to-date symlink: /home/moon/S08P31C208/ROS/buruemi_ws/install/cartographer_ros_msgs/include/cartographer_ros_msgs/srv/write_state__struct.h
[12.696s] -- Up-to-date symlink: /home/moon/S08P31C208/ROS/buruemi_ws/install/cartographer_ros_msgs/include/cartographer_ros_msgs/srv/write_state__type_support.h
[12.697s] -- Up-to-date symlink: /home/moon/S08P31C208/ROS/buruemi_ws/install/cartographer_ros_msgs/share/cartographer_ros_msgs/environment/library_path.sh
[12.698s] -- Up-to-date symlink: /home/moon/S08P31C208/ROS/buruemi_ws/install/cartographer_ros_msgs/lib/libcartographer_ros_msgs__rosidl_generator_c.so
[12.699s] -- Up-to-date symlink: /home/moon/S08P31C208/ROS/buruemi_ws/install/cartographer_ros_msgs/lib/libcartographer_ros_msgs__rosidl_typesupport_c.so
[12.702s] -- Up-to-date symlink: /home/moon/S08P31C208/ROS/buruemi_ws/install/cartographer_ros_msgs/lib/libcartographer_ros_msgs__rosidl_typesupport_cpp.so
[12.703s] -- Up-to-date symlink: /home/moon/S08P31C208/ROS/buruemi_ws/install/cartographer_ros_msgs/include/cartographer_ros_msgs/msg/landmark_entry__rosidl_typesupport_introspection_c.h
[12.703s] -- Up-to-date symlink: /home/moon/S08P31C208/ROS/buruemi_ws/install/cartographer_ros_msgs/include/cartographer_ros_msgs/msg/landmark_list__rosidl_typesupport_introspection_c.h
[12.704s] -- Up-to-date symlink: /home/moon/S08P31C208/ROS/buruemi_ws/install/cartographer_ros_msgs/include/cartographer_ros_msgs/msg/rosidl_typesupport_introspection_c__visibility_control.h
[12.705s] -- Up-to-date symlink: /home/moon/S08P31C208/ROS/buruemi_ws/install/cartographer_ros_msgs/include/cartographer_ros_msgs/msg/sensor_topics__rosidl_typesupport_introspection_c.h
[12.710s] -- Up-to-date symlink: /home/moon/S08P31C208/ROS/buruemi_ws/install/cartographer_ros_msgs/include/cartographer_ros_msgs/msg/status_code__rosidl_typesupport_introspection_c.h
[12.711s] -- Up-to-date symlink: /home/moon/S08P31C208/ROS/buruemi_ws/install/cartographer_ros_msgs/include/cartographer_ros_msgs/msg/status_response__rosidl_typesupport_introspection_c.h
[12.712s] -- Up-to-date symlink: /home/moon/S08P31C208/ROS/buruemi_ws/install/cartographer_ros_msgs/include/cartographer_ros_msgs/msg/submap_entry__rosidl_typesupport_introspection_c.h
[12.712s] -- Up-to-date symlink: /home/moon/S08P31C208/ROS/buruemi_ws/install/cartographer_ros_msgs/include/cartographer_ros_msgs/msg/submap_list__rosidl_typesupport_introspection_c.h
[12.713s] -- Up-to-date symlink: /home/moon/S08P31C208/ROS/buruemi_ws/install/cartographer_ros_msgs/include/cartographer_ros_msgs/msg/submap_texture__rosidl_typesupport_introspection_c.h
[12.714s] -- Up-to-date symlink: /home/moon/S08P31C208/ROS/buruemi_ws/install/cartographer_ros_msgs/include/cartographer_ros_msgs/msg/trajectory_options__rosidl_typesupport_introspection_c.h
[12.721s] -- Up-to-date symlink: /home/moon/S08P31C208/ROS/buruemi_ws/install/cartographer_ros_msgs/include/cartographer_ros_msgs/srv/finish_trajectory__rosidl_typesupport_introspection_c.h
[12.722s] -- Up-to-date symlink: /home/moon/S08P31C208/ROS/buruemi_ws/install/cartographer_ros_msgs/include/cartographer_ros_msgs/srv/start_trajectory__rosidl_typesupport_introspection_c.h
[12.723s] -- Up-to-date symlink: /home/moon/S08P31C208/ROS/buruemi_ws/install/cartographer_ros_msgs/include/cartographer_ros_msgs/srv/submap_query__rosidl_typesupport_introspection_c.h
[12.724s] -- Up-to-date symlink: /home/moon/S08P31C208/ROS/buruemi_ws/install/cartographer_ros_msgs/include/cartographer_ros_msgs/srv/write_state__rosidl_typesupport_introspection_c.h
[12.724s] -- Up-to-date symlink: /home/moon/S08P31C208/ROS/buruemi_ws/install/cartographer_ros_msgs/lib/libcartographer_ros_msgs__rosidl_typesupport_introspection_c.so
[12.725s] -- Up-to-date symlink: /home/moon/S08P31C208/ROS/buruemi_ws/install/cartographer_ros_msgs/include/cartographer_ros_msgs/msg/landmark_entry__rosidl_typesupport_introspection_cpp.hpp
[12.726s] -- Up-to-date symlink: /home/moon/S08P31C208/ROS/buruemi_ws/install/cartographer_ros_msgs/include/cartographer_ros_msgs/msg/landmark_list__rosidl_typesupport_introspection_cpp.hpp
[12.727s] -- Up-to-date symlink: /home/moon/S08P31C208/ROS/buruemi_ws/install/cartographer_ros_msgs/include/cartographer_ros_msgs/msg/sensor_topics__rosidl_typesupport_introspection_cpp.hpp
[12.727s] -- Up-to-date symlink: /home/moon/S08P31C208/ROS/buruemi_ws/install/cartographer_ros_msgs/include/cartographer_ros_msgs/msg/status_code__rosidl_typesupport_introspection_cpp.hpp
[12.728s] -- Up-to-date symlink: /home/moon/S08P31C208/ROS/buruemi_ws/install/cartographer_ros_msgs/include/cartographer_ros_msgs/msg/status_response__rosidl_typesupport_introspection_cpp.hpp
[12.729s] -- Up-to-date symlink: /home/moon/S08P31C208/ROS/buruemi_ws/install/cartographer_ros_msgs/include/cartographer_ros_msgs/msg/submap_entry__rosidl_typesupport_introspection_cpp.hpp
[12.749s] -- Up-to-date symlink: /home/moon/S08P31C208/ROS/buruemi_ws/install/cartographer_ros_msgs/include/cartographer_ros_msgs/msg/submap_list__rosidl_typesupport_introspection_cpp.hpp
[12.750s] -- Up-to-date symlink: /home/moon/S08P31C208/ROS/buruemi_ws/install/cartographer_ros_msgs/include/cartographer_ros_msgs/msg/submap_texture__rosidl_typesupport_introspection_cpp.hpp
[12.750s] -- Up-to-date symlink: /home/moon/S08P31C208/ROS/buruemi_ws/install/cartographer_ros_msgs/include/cartographer_ros_msgs/msg/trajectory_options__rosidl_typesupport_introspection_cpp.hpp
[12.752s] -- Up-to-date symlink: /home/moon/S08P31C208/ROS/buruemi_ws/install/cartographer_ros_msgs/include/cartographer_ros_msgs/srv/finish_trajectory__rosidl_typesupport_introspection_cpp.hpp
[12.752s] -- Up-to-date symlink: /home/moon/S08P31C208/ROS/buruemi_ws/install/cartographer_ros_msgs/include/cartographer_ros_msgs/srv/start_trajectory__rosidl_typesupport_introspection_cpp.hpp
[12.758s] -- Up-to-date symlink: /home/moon/S08P31C208/ROS/buruemi_ws/install/cartographer_ros_msgs/include/cartographer_ros_msgs/srv/submap_query__rosidl_typesupport_introspection_cpp.hpp
[12.759s] -- Up-to-date symlink: /home/moon/S08P31C208/ROS/buruemi_ws/install/cartographer_ros_msgs/include/cartographer_ros_msgs/srv/write_state__rosidl_typesupport_introspection_cpp.hpp
[12.760s] -- Up-to-date symlink: /home/moon/S08P31C208/ROS/buruemi_ws/install/cartographer_ros_msgs/lib/libcartographer_ros_msgs__rosidl_typesupport_introspection_cpp.so
[12.760s] -- Up-to-date symlink: /home/moon/S08P31C208/ROS/buruemi_ws/install/cartographer_ros_msgs/include/cartographer_ros_msgs/msg/landmark_entry__rosidl_typesupport_fastrtps_c.h
[12.761s] -- Up-to-date symlink: /home/moon/S08P31C208/ROS/buruemi_ws/install/cartographer_ros_msgs/include/cartographer_ros_msgs/msg/landmark_list__rosidl_typesupport_fastrtps_c.h
[12.761s] -- Up-to-date symlink: /home/moon/S08P31C208/ROS/buruemi_ws/install/cartographer_ros_msgs/include/cartographer_ros_msgs/msg/rosidl_typesupport_fastrtps_c__visibility_control.h
[12.768s] -- Up-to-date symlink: /home/moon/S08P31C208/ROS/buruemi_ws/install/cartographer_ros_msgs/include/cartographer_ros_msgs/msg/sensor_topics__rosidl_typesupport_fastrtps_c.h
[12.769s] -- Up-to-date symlink: /home/moon/S08P31C208/ROS/buruemi_ws/install/cartographer_ros_msgs/include/cartographer_ros_msgs/msg/status_code__rosidl_typesupport_fastrtps_c.h
[12.775s] -- Up-to-date symlink: /home/moon/S08P31C208/ROS/buruemi_ws/install/cartographer_ros_msgs/include/cartographer_ros_msgs/msg/status_response__rosidl_typesupport_fastrtps_c.h
[12.775s] -- Up-to-date symlink: /home/moon/S08P31C208/ROS/buruemi_ws/install/cartographer_ros_msgs/include/cartographer_ros_msgs/msg/submap_entry__rosidl_typesupport_fastrtps_c.h
[12.776s] -- Up-to-date symlink: /home/moon/S08P31C208/ROS/buruemi_ws/install/cartographer_ros_msgs/include/cartographer_ros_msgs/msg/submap_list__rosidl_typesupport_fastrtps_c.h
[12.776s] -- Up-to-date symlink: /home/moon/S08P31C208/ROS/buruemi_ws/install/cartographer_ros_msgs/include/cartographer_ros_msgs/msg/submap_texture__rosidl_typesupport_fastrtps_c.h
[12.777s] -- Up-to-date symlink: /home/moon/S08P31C208/ROS/buruemi_ws/install/cartographer_ros_msgs/include/cartographer_ros_msgs/msg/trajectory_options__rosidl_typesupport_fastrtps_c.h
[12.777s] -- Up-to-date symlink: /home/moon/S08P31C208/ROS/buruemi_ws/install/cartographer_ros_msgs/include/cartographer_ros_msgs/srv/finish_trajectory__rosidl_typesupport_fastrtps_c.h
[12.778s] -- Up-to-date symlink: /home/moon/S08P31C208/ROS/buruemi_ws/install/cartographer_ros_msgs/include/cartographer_ros_msgs/srv/start_trajectory__rosidl_typesupport_fastrtps_c.h
[12.779s] -- Up-to-date symlink: /home/moon/S08P31C208/ROS/buruemi_ws/install/cartographer_ros_msgs/include/cartographer_ros_msgs/srv/submap_query__rosidl_typesupport_fastrtps_c.h
[12.779s] -- Up-to-date symlink: /home/moon/S08P31C208/ROS/buruemi_ws/install/cartographer_ros_msgs/include/cartographer_ros_msgs/srv/write_state__rosidl_typesupport_fastrtps_c.h
[12.780s] -- Up-to-date symlink: /home/moon/S08P31C208/ROS/buruemi_ws/install/cartographer_ros_msgs/lib/libcartographer_ros_msgs__rosidl_typesupport_fastrtps_c.so
[12.780s] -- Up-to-date symlink: /home/moon/S08P31C208/ROS/buruemi_ws/install/cartographer_ros_msgs/include/cartographer_ros_msgs/msg/landmark_entry__rosidl_typesupport_fastrtps_cpp.hpp
[12.781s] -- Up-to-date symlink: /home/moon/S08P31C208/ROS/buruemi_ws/install/cartographer_ros_msgs/include/cartographer_ros_msgs/msg/landmark_list__rosidl_typesupport_fastrtps_cpp.hpp
[12.781s] -- Up-to-date symlink: /home/moon/S08P31C208/ROS/buruemi_ws/install/cartographer_ros_msgs/include/cartographer_ros_msgs/msg/rosidl_typesupport_fastrtps_cpp__visibility_control.h
[12.782s] -- Up-to-date symlink: /home/moon/S08P31C208/ROS/buruemi_ws/install/cartographer_ros_msgs/include/cartographer_ros_msgs/msg/sensor_topics__rosidl_typesupport_fastrtps_cpp.hpp
[12.782s] -- Up-to-date symlink: /home/moon/S08P31C208/ROS/buruemi_ws/install/cartographer_ros_msgs/include/cartographer_ros_msgs/msg/status_code__rosidl_typesupport_fastrtps_cpp.hpp
[12.783s] -- Up-to-date symlink: /home/moon/S08P31C208/ROS/buruemi_ws/install/cartographer_ros_msgs/include/cartographer_ros_msgs/msg/status_response__rosidl_typesupport_fastrtps_cpp.hpp
[12.783s] -- Up-to-date symlink: /home/moon/S08P31C208/ROS/buruemi_ws/install/cartographer_ros_msgs/include/cartographer_ros_msgs/msg/submap_entry__rosidl_typesupport_fastrtps_cpp.hpp
[12.789s] -- Up-to-date symlink: /home/moon/S08P31C208/ROS/buruemi_ws/install/cartographer_ros_msgs/include/cartographer_ros_msgs/msg/submap_list__rosidl_typesupport_fastrtps_cpp.hpp
[12.790s] -- Up-to-date symlink: /home/moon/S08P31C208/ROS/buruemi_ws/install/cartographer_ros_msgs/include/cartographer_ros_msgs/msg/submap_texture__rosidl_typesupport_fastrtps_cpp.hpp
[12.790s] -- Up-to-date symlink: /home/moon/S08P31C208/ROS/buruemi_ws/install/cartographer_ros_msgs/include/cartographer_ros_msgs/msg/trajectory_options__rosidl_typesupport_fastrtps_cpp.hpp
[12.791s] -- Up-to-date symlink: /home/moon/S08P31C208/ROS/buruemi_ws/install/cartographer_ros_msgs/include/cartographer_ros_msgs/srv/finish_trajectory__rosidl_typesupport_fastrtps_cpp.hpp
[12.791s] -- Up-to-date symlink: /home/moon/S08P31C208/ROS/buruemi_ws/install/cartographer_ros_msgs/include/cartographer_ros_msgs/srv/start_trajectory__rosidl_typesupport_fastrtps_cpp.hpp
[12.792s] -- Up-to-date symlink: /home/moon/S08P31C208/ROS/buruemi_ws/install/cartographer_ros_msgs/include/cartographer_ros_msgs/srv/submap_query__rosidl_typesupport_fastrtps_cpp.hpp
[12.798s] -- Up-to-date symlink: /home/moon/S08P31C208/ROS/buruemi_ws/install/cartographer_ros_msgs/include/cartographer_ros_msgs/srv/write_state__rosidl_typesupport_fastrtps_cpp.hpp
[12.798s] -- Up-to-date symlink: /home/moon/S08P31C208/ROS/buruemi_ws/install/cartographer_ros_msgs/lib/libcartographer_ros_msgs__rosidl_typesupport_fastrtps_cpp.so
[12.799s] -- Up-to-date symlink: /home/moon/S08P31C208/ROS/buruemi_ws/install/cartographer_ros_msgs/share/cartographer_ros_msgs/environment/pythonpath.sh
[12.799s] -- Up-to-date symlink: /home/moon/S08P31C208/ROS/buruemi_ws/install/cartographer_ros_msgs/lib/python3.6/site-packages/cartographer_ros_msgs/__init__.py
[12.800s] -- Up-to-date symlink: /home/moon/S08P31C208/ROS/buruemi_ws/install/cartographer_ros_msgs/lib/python3.6/site-packages/cartographer_ros_msgs/msg/__init__.py
[12.800s] -- Up-to-date symlink: /home/moon/S08P31C208/ROS/buruemi_ws/install/cartographer_ros_msgs/lib/python3.6/site-packages/cartographer_ros_msgs/msg/_landmark_entry.py
[12.801s] -- Up-to-date symlink: /home/moon/S08P31C208/ROS/buruemi_ws/install/cartographer_ros_msgs/lib/python3.6/site-packages/cartographer_ros_msgs/msg/_landmark_list.py
[12.807s] -- Up-to-date symlink: /home/moon/S08P31C208/ROS/buruemi_ws/install/cartographer_ros_msgs/lib/python3.6/site-packages/cartographer_ros_msgs/msg/_sensor_topics.py
[12.808s] -- Up-to-date symlink: /home/moon/S08P31C208/ROS/buruemi_ws/install/cartographer_ros_msgs/lib/python3.6/site-packages/cartographer_ros_msgs/msg/_status_code.py
[12.808s] -- Up-to-date symlink: /home/moon/S08P31C208/ROS/buruemi_ws/install/cartographer_ros_msgs/lib/python3.6/site-packages/cartographer_ros_msgs/msg/_status_response.py
[12.809s] -- Up-to-date symlink: /home/moon/S08P31C208/ROS/buruemi_ws/install/cartographer_ros_msgs/lib/python3.6/site-packages/cartographer_ros_msgs/msg/_submap_entry.py
[12.809s] -- Up-to-date symlink: /home/moon/S08P31C208/ROS/buruemi_ws/install/cartographer_ros_msgs/lib/python3.6/site-packages/cartographer_ros_msgs/msg/_submap_list.py
[12.810s] -- Up-to-date symlink: /home/moon/S08P31C208/ROS/buruemi_ws/install/cartographer_ros_msgs/lib/python3.6/site-packages/cartographer_ros_msgs/msg/_submap_texture.py
[12.810s] -- Up-to-date symlink: /home/moon/S08P31C208/ROS/buruemi_ws/install/cartographer_ros_msgs/lib/python3.6/site-packages/cartographer_ros_msgs/msg/_trajectory_options.py
[12.811s] -- Up-to-date symlink: /home/moon/S08P31C208/ROS/buruemi_ws/install/cartographer_ros_msgs/lib/python3.6/site-packages/cartographer_ros_msgs/srv/__init__.py
[12.812s] -- Up-to-date symlink: /home/moon/S08P31C208/ROS/buruemi_ws/install/cartographer_ros_msgs/lib/python3.6/site-packages/cartographer_ros_msgs/srv/_finish_trajectory.py
[12.812s] -- Up-to-date symlink: /home/moon/S08P31C208/ROS/buruemi_ws/install/cartographer_ros_msgs/lib/python3.6/site-packages/cartographer_ros_msgs/srv/_start_trajectory.py
[12.813s] -- Up-to-date symlink: /home/moon/S08P31C208/ROS/buruemi_ws/install/cartographer_ros_msgs/lib/python3.6/site-packages/cartographer_ros_msgs/srv/_submap_query.py
[12.813s] -- Up-to-date symlink: /home/moon/S08P31C208/ROS/buruemi_ws/install/cartographer_ros_msgs/lib/python3.6/site-packages/cartographer_ros_msgs/srv/_write_state.py
[12.814s] -- Up-to-date symlink: /home/moon/S08P31C208/ROS/buruemi_ws/install/cartographer_ros_msgs/lib/python3.6/site-packages/cartographer_ros_msgs/cartographer_ros_msgs_s__rosidl_typesupport_c.cpython-36m-aarch64-linux-gnu.so
[12.814s] -- Up-to-date symlink: /home/moon/S08P31C208/ROS/buruemi_ws/install/cartographer_ros_msgs/lib/python3.6/site-packages/cartographer_ros_msgs/cartographer_ros_msgs_s__rosidl_typesupport_introspection_c.cpython-36m-aarch64-linux-gnu.so
[12.815s] -- Up-to-date symlink: /home/moon/S08P31C208/ROS/buruemi_ws/install/cartographer_ros_msgs/lib/python3.6/site-packages/cartographer_ros_msgs/cartographer_ros_msgs_s__rosidl_typesupport_fastrtps_c.cpython-36m-aarch64-linux-gnu.so
[12.815s] -- Up-to-date symlink: /home/moon/S08P31C208/ROS/buruemi_ws/install/cartographer_ros_msgs/lib/libcartographer_ros_msgs__python.so
[12.816s] -- Up-to-date symlink: /home/moon/S08P31C208/ROS/buruemi_ws/install/cartographer_ros_msgs/share/cartographer_ros_msgs/msg/LandmarkEntry.idl
[12.836s] -- Up-to-date symlink: /home/moon/S08P31C208/ROS/buruemi_ws/install/cartographer_ros_msgs/share/cartographer_ros_msgs/msg/LandmarkList.idl
[12.836s] -- Up-to-date symlink: /home/moon/S08P31C208/ROS/buruemi_ws/install/cartographer_ros_msgs/share/cartographer_ros_msgs/msg/SensorTopics.idl
[12.837s] -- Up-to-date symlink: /home/moon/S08P31C208/ROS/buruemi_ws/install/cartographer_ros_msgs/share/cartographer_ros_msgs/msg/StatusCode.idl
[12.838s] -- Up-to-date symlink: /home/moon/S08P31C208/ROS/buruemi_ws/install/cartographer_ros_msgs/share/cartographer_ros_msgs/msg/StatusResponse.idl
[12.838s] -- Up-to-date symlink: /home/moon/S08P31C208/ROS/buruemi_ws/install/cartographer_ros_msgs/share/cartographer_ros_msgs/msg/SubmapEntry.idl
[12.839s] -- Up-to-date symlink: /home/moon/S08P31C208/ROS/buruemi_ws/install/cartographer_ros_msgs/share/cartographer_ros_msgs/msg/SubmapList.idl
[12.839s] -- Up-to-date symlink: /home/moon/S08P31C208/ROS/buruemi_ws/install/cartographer_ros_msgs/share/cartographer_ros_msgs/msg/SubmapTexture.idl
[12.844s] -- Up-to-date symlink: /home/moon/S08P31C208/ROS/buruemi_ws/install/cartographer_ros_msgs/share/cartographer_ros_msgs/msg/TrajectoryOptions.idl
[12.845s] -- Up-to-date symlink: /home/moon/S08P31C208/ROS/buruemi_ws/install/cartographer_ros_msgs/share/cartographer_ros_msgs/srv/FinishTrajectory.idl
[12.846s] -- Up-to-date symlink: /home/moon/S08P31C208/ROS/buruemi_ws/install/cartographer_ros_msgs/share/cartographer_ros_msgs/srv/StartTrajectory.idl
[12.846s] -- Up-to-date symlink: /home/moon/S08P31C208/ROS/buruemi_ws/install/cartographer_ros_msgs/share/cartographer_ros_msgs/srv/SubmapQuery.idl
[12.847s] -- Up-to-date symlink: /home/moon/S08P31C208/ROS/buruemi_ws/install/cartographer_ros_msgs/share/cartographer_ros_msgs/srv/WriteState.idl
[12.847s] -- Up-to-date symlink: /home/moon/S08P31C208/ROS/buruemi_ws/install/cartographer_ros_msgs/share/cartographer_ros_msgs/msg/LandmarkEntry.msg
[12.848s] -- Up-to-date symlink: /home/moon/S08P31C208/ROS/buruemi_ws/install/cartographer_ros_msgs/share/cartographer_ros_msgs/msg/LandmarkList.msg
[12.857s] -- Up-to-date symlink: /home/moon/S08P31C208/ROS/buruemi_ws/install/cartographer_ros_msgs/share/cartographer_ros_msgs/msg/SensorTopics.msg
[12.859s] -- Up-to-date symlink: /home/moon/S08P31C208/ROS/buruemi_ws/install/cartographer_ros_msgs/share/cartographer_ros_msgs/msg/StatusCode.msg
[12.870s] -- Up-to-date symlink: /home/moon/S08P31C208/ROS/buruemi_ws/install/cartographer_ros_msgs/share/cartographer_ros_msgs/msg/StatusResponse.msg
[12.871s] -- Up-to-date symlink: /home/moon/S08P31C208/ROS/buruemi_ws/install/cartographer_ros_msgs/share/cartographer_ros_msgs/msg/SubmapEntry.msg
[12.872s] -- Up-to-date symlink: /home/moon/S08P31C208/ROS/buruemi_ws/install/cartographer_ros_msgs/share/cartographer_ros_msgs/msg/SubmapList.msg
[12.872s] -- Up-to-date symlink: /home/moon/S08P31C208/ROS/buruemi_ws/install/cartographer_ros_msgs/share/cartographer_ros_msgs/msg/SubmapTexture.msg
[12.873s] -- Up-to-date symlink: /home/moon/S08P31C208/ROS/buruemi_ws/install/cartographer_ros_msgs/share/cartographer_ros_msgs/msg/TrajectoryOptions.msg
[12.874s] -- Up-to-date symlink: /home/moon/S08P31C208/ROS/buruemi_ws/install/cartographer_ros_msgs/share/cartographer_ros_msgs/srv/FinishTrajectory.srv
[12.874s] -- Up-to-date symlink: /home/moon/S08P31C208/ROS/buruemi_ws/install/cartographer_ros_msgs/share/cartographer_ros_msgs/srv/FinishTrajectory_Request.msg
[12.875s] -- Up-to-date symlink: /home/moon/S08P31C208/ROS/buruemi_ws/install/cartographer_ros_msgs/share/cartographer_ros_msgs/srv/FinishTrajectory_Response.msg
[12.885s] -- Up-to-date symlink: /home/moon/S08P31C208/ROS/buruemi_ws/install/cartographer_ros_msgs/share/cartographer_ros_msgs/srv/StartTrajectory.srv
[12.886s] -- Up-to-date symlink: /home/moon/S08P31C208/ROS/buruemi_ws/install/cartographer_ros_msgs/share/cartographer_ros_msgs/srv/StartTrajectory_Request.msg
[12.887s] -- Up-to-date symlink: /home/moon/S08P31C208/ROS/buruemi_ws/install/cartographer_ros_msgs/share/cartographer_ros_msgs/srv/StartTrajectory_Response.msg
[12.888s] -- Up-to-date symlink: /home/moon/S08P31C208/ROS/buruemi_ws/install/cartographer_ros_msgs/share/cartographer_ros_msgs/srv/SubmapQuery.srv
[12.888s] -- Up-to-date symlink: /home/moon/S08P31C208/ROS/buruemi_ws/install/cartographer_ros_msgs/share/cartographer_ros_msgs/srv/SubmapQuery_Request.msg
[12.889s] -- Up-to-date symlink: /home/moon/S08P31C208/ROS/buruemi_ws/install/cartographer_ros_msgs/share/cartographer_ros_msgs/srv/SubmapQuery_Response.msg
[12.890s] -- Up-to-date symlink: /home/moon/S08P31C208/ROS/buruemi_ws/install/cartographer_ros_msgs/share/cartographer_ros_msgs/srv/WriteState.srv
[12.890s] -- Up-to-date symlink: /home/moon/S08P31C208/ROS/buruemi_ws/install/cartographer_ros_msgs/share/cartographer_ros_msgs/srv/WriteState_Request.msg
[12.890s] -- Up-to-date symlink: /home/moon/S08P31C208/ROS/buruemi_ws/install/cartographer_ros_msgs/share/cartographer_ros_msgs/srv/WriteState_Response.msg
[12.891s] -- Up-to-date symlink: /home/moon/S08P31C208/ROS/buruemi_ws/install/cartographer_ros_msgs/share/ament_index/resource_index/package_run_dependencies/cartographer_ros_msgs
[12.892s] -- Up-to-date symlink: /home/moon/S08P31C208/ROS/buruemi_ws/install/cartographer_ros_msgs/share/ament_index/resource_index/parent_prefix_path/cartographer_ros_msgs
[12.892s] -- Up-to-date symlink: /home/moon/S08P31C208/ROS/buruemi_ws/install/cartographer_ros_msgs/share/cartographer_ros_msgs/environment/ament_prefix_path.sh
[12.893s] -- Up-to-date symlink: /home/moon/S08P31C208/ROS/buruemi_ws/install/cartographer_ros_msgs/share/cartographer_ros_msgs/environment/path.sh
[12.909s] -- Up-to-date symlink: /home/moon/S08P31C208/ROS/buruemi_ws/install/cartographer_ros_msgs/share/cartographer_ros_msgs/local_setup.bash
[12.910s] -- Up-to-date symlink: /home/moon/S08P31C208/ROS/buruemi_ws/install/cartographer_ros_msgs/share/cartographer_ros_msgs/local_setup.sh
[12.910s] -- Up-to-date symlink: /home/moon/S08P31C208/ROS/buruemi_ws/install/cartographer_ros_msgs/share/cartographer_ros_msgs/local_setup.zsh
[12.911s] -- Up-to-date symlink: /home/moon/S08P31C208/ROS/buruemi_ws/install/cartographer_ros_msgs/share/ament_index/resource_index/packages/cartographer_ros_msgs
[12.911s] -- Up-to-date symlink: /home/moon/S08P31C208/ROS/buruemi_ws/install/cartographer_ros_msgs/share/cartographer_ros_msgs/cmake/rosidl_cmake-extras.cmake
[12.912s] -- Up-to-date symlink: /home/moon/S08P31C208/ROS/buruemi_ws/install/cartographer_ros_msgs/share/cartographer_ros_msgs/cmake/ament_cmake_export_dependencies-extras.cmake
[12.912s] -- Up-to-date symlink: /home/moon/S08P31C208/ROS/buruemi_ws/install/cartographer_ros_msgs/share/cartographer_ros_msgs/cmake/ament_cmake_export_include_directories-extras.cmake
[12.913s] -- Up-to-date symlink: /home/moon/S08P31C208/ROS/buruemi_ws/install/cartographer_ros_msgs/share/cartographer_ros_msgs/cmake/ament_cmake_export_libraries-extras.cmake
[12.913s] -- Up-to-date symlink: /home/moon/S08P31C208/ROS/buruemi_ws/install/cartographer_ros_msgs/share/cartographer_ros_msgs/cmake/cartographer_ros_msgsConfig.cmake
[12.920s] -- Up-to-date symlink: /home/moon/S08P31C208/ROS/buruemi_ws/install/cartographer_ros_msgs/share/cartographer_ros_msgs/cmake/cartographer_ros_msgsConfig-version.cmake
[12.921s] -- Up-to-date symlink: /home/moon/S08P31C208/ROS/buruemi_ws/install/cartographer_ros_msgs/share/cartographer_ros_msgs/package.xml
[15.360s] Invoked command in '/home/moon/S08P31C208/ROS/buruemi_ws/build/cartographer_ros_msgs' returned '0': CMAKE_PREFIX_PATH=${CMAKE_PREFIX_PATH}:/home/moon/S08P31C208/ROS/buruemi_ws/install/lidar_filter:/home/moon/S08P31C208/ROS/buruemi_ws/install/turtlebot3_teleop:/home/moon/S08P31C208/ROS/buruemi_ws/install/turtlebot3_example:/opt/ros/dashing /usr/bin/cmake --build /home/moon/S08P31C208/ROS/buruemi_ws/build/cartographer_ros_msgs --target install -- -j4 -l4
