[0.037s] Invoking command in '/home/iju/S08P31C208/ROS/robot_ws/build/turtle_cpp': CMAKE_PREFIX_PATH=${CMAKE_PREFIX_PATH}:/home/iju/S08P31C208/ROS/robot_ws/install/turtlebot3_teleop:/home/iju/S08P31C208/ROS/robot_ws/install/turtlebot3_example:/opt/ros/dashing PS1=\u@\h \[\033[32m\]\w\[\033[33m\]$(parse_git_branch)\[\033[00m\] $ /usr/bin/cmake --build /home/iju/S08P31C208/ROS/robot_ws/build/turtle_cpp -- -j6 -l6
[0.150s] [ 33%] Built target pub
[0.183s] [35m[1mScanning dependencies of target lidar[0m
[0.222s] [ 50%] [32mBuilding CXX object CMakeFiles/lidar.dir/src/lidar.cpp.o[0m
[3.461s] [ 66%] [32m[1mLinking CXX executable lidar[0m
[3.736s] [ 66%] Built target lidar
[3.770s] [100%] Built target sub
[3.788s] Invoked command in '/home/iju/S08P31C208/ROS/robot_ws/build/turtle_cpp' returned '0': CMAKE_PREFIX_PATH=${CMAKE_PREFIX_PATH}:/home/iju/S08P31C208/ROS/robot_ws/install/turtlebot3_teleop:/home/iju/S08P31C208/ROS/robot_ws/install/turtlebot3_example:/opt/ros/dashing PS1=\u@\h \[\033[32m\]\w\[\033[33m\]$(parse_git_branch)\[\033[00m\] $ /usr/bin/cmake --build /home/iju/S08P31C208/ROS/robot_ws/build/turtle_cpp -- -j6 -l6
[3.857s] Invoking command in '/home/iju/S08P31C208/ROS/robot_ws/build/turtle_cpp': CMAKE_PREFIX_PATH=${CMAKE_PREFIX_PATH}:/home/iju/S08P31C208/ROS/robot_ws/install/turtlebot3_teleop:/home/iju/S08P31C208/ROS/robot_ws/install/turtlebot3_example:/opt/ros/dashing PS1=\u@\h \[\033[32m\]\w\[\033[33m\]$(parse_git_branch)\[\033[00m\] $ /usr/bin/cmake --build /home/iju/S08P31C208/ROS/robot_ws/build/turtle_cpp --target install -- -j6 -l6
[3.947s] [ 33%] Built target pub
[3.987s] [ 66%] Built target lidar
[4.030s] [100%] Built target sub
[4.061s] [36mInstall the project...[0m
[4.073s] -- Install configuration: ""
[4.073s] -- Execute custom install script
[4.074s] -- Up-to-date symlink: /home/iju/S08P31C208/ROS/robot_ws/install/turtle_cpp/lib/turtle_cpp/pub
[4.074s] -- Up-to-date symlink: /home/iju/S08P31C208/ROS/robot_ws/install/turtle_cpp/lib/turtle_cpp/sub
[4.074s] -- Up-to-date symlink: /home/iju/S08P31C208/ROS/robot_ws/install/turtle_cpp/lib/turtle_cpp/lidar
[4.075s] -- Up-to-date symlink: /home/iju/S08P31C208/ROS/robot_ws/install/turtle_cpp/share/ament_index/resource_index/package_run_dependencies/turtle_cpp
[4.075s] -- Up-to-date symlink: /home/iju/S08P31C208/ROS/robot_ws/install/turtle_cpp/share/ament_index/resource_index/parent_prefix_path/turtle_cpp
[4.075s] -- Up-to-date symlink: /home/iju/S08P31C208/ROS/robot_ws/install/turtle_cpp/share/turtle_cpp/environment/ament_prefix_path.sh
[4.076s] -- Up-to-date symlink: /home/iju/S08P31C208/ROS/robot_ws/install/turtle_cpp/share/turtle_cpp/environment/path.sh
[4.076s] -- Up-to-date symlink: /home/iju/S08P31C208/ROS/robot_ws/install/turtle_cpp/share/turtle_cpp/local_setup.bash
[4.076s] -- Up-to-date symlink: /home/iju/S08P31C208/ROS/robot_ws/install/turtle_cpp/share/turtle_cpp/local_setup.sh
[4.076s] -- Up-to-date symlink: /home/iju/S08P31C208/ROS/robot_ws/install/turtle_cpp/share/turtle_cpp/local_setup.zsh
[4.077s] -- Up-to-date symlink: /home/iju/S08P31C208/ROS/robot_ws/install/turtle_cpp/share/ament_index/resource_index/packages/turtle_cpp
[4.077s] -- Up-to-date symlink: /home/iju/S08P31C208/ROS/robot_ws/install/turtle_cpp/share/turtle_cpp/cmake/turtle_cppConfig.cmake
[4.077s] -- Up-to-date symlink: /home/iju/S08P31C208/ROS/robot_ws/install/turtle_cpp/share/turtle_cpp/cmake/turtle_cppConfig-version.cmake
[4.078s] -- Up-to-date symlink: /home/iju/S08P31C208/ROS/robot_ws/install/turtle_cpp/share/turtle_cpp/package.xml
[4.084s] Invoked command in '/home/iju/S08P31C208/ROS/robot_ws/build/turtle_cpp' returned '0': CMAKE_PREFIX_PATH=${CMAKE_PREFIX_PATH}:/home/iju/S08P31C208/ROS/robot_ws/install/turtlebot3_teleop:/home/iju/S08P31C208/ROS/robot_ws/install/turtlebot3_example:/opt/ros/dashing PS1=\u@\h \[\033[32m\]\w\[\033[33m\]$(parse_git_branch)\[\033[00m\] $ /usr/bin/cmake --build /home/iju/S08P31C208/ROS/robot_ws/build/turtle_cpp --target install -- -j6 -l6
