-- The C compiler identification is GNU 7.5.0
-- The CXX compiler identification is GNU 7.5.0
-- Check for working C compiler: /usr/bin/cc
-- Check for working C compiler: /usr/bin/cc -- works
-- Detecting C compiler ABI info
-- Detecting C compiler ABI info - done
-- Detecting C compile features
-- Detecting C compile features - done
-- Check for working CXX compiler: /usr/bin/c++
-- Check for working CXX compiler: /usr/bin/c++ -- works
-- Detecting CXX compiler ABI info
-- Detecting CXX compiler ABI info - done
-- Detecting CXX compile features
-- Detecting CXX compile features - done
-- Found ament_cmake: 0.7.6 (/opt/ros/dashing/share/ament_cmake/cmake)
-- Found PythonInterp: /usr/bin/python3 (found suitable version "3.6.9", minimum required is "3") 
-- Using PYTHON_EXECUTABLE: /usr/bin/python3
-- Found nav2_common: 0.2.6 (/home/iju/S08P31C208/ROS/robot_ws/install/nav2_common/share/nav2_common/cmake)
-- Found rclcpp: 0.7.16 (/opt/ros/dashing/share/rclcpp/cmake)
-- Found rosidl_adapter: 0.7.10 (/opt/ros/dashing/share/rosidl_adapter/cmake)
-- Found rmw_implementation_cmake: 0.7.2 (/opt/ros/dashing/share/rmw_implementation_cmake/cmake)
-- Using RMW implementation 'rmw_fastrtps_cpp' as default
-- Looking for pthread.h
-- Looking for pthread.h - found
-- Looking for pthread_create
-- Looking for pthread_create - not found
-- Looking for pthread_create in pthreads
-- Looking for pthread_create in pthreads - not found
-- Looking for pthread_create in pthread
-- Looking for pthread_create in pthread - found
-- Found Threads: TRUE  
-- Found rclcpp_lifecycle: 0.7.16 (/opt/ros/dashing/share/rclcpp_lifecycle/cmake)
-- Found nav2_util: 0.2.6 (/home/iju/S08P31C208/ROS/robot_ws/install/nav2_util/share/nav2_util/cmake)
-- Found eigen3_cmake_module: 0.1.1 (/opt/ros/dashing/share/eigen3_cmake_module/cmake)
-- Found Eigen3: TRUE (found version "3.3.4") 
-- Setting build type to Release as none was specified.
-- Found ament_lint_auto: 0.7.12 (/opt/ros/dashing/share/ament_lint_auto/cmake)
-- Found gtest sources under '/opt/ros/dashing/src/gtest_vendor': C++ tests using 'Google Test' will be built
-- Check if compiler accepts -pthread
-- Check if compiler accepts -pthread - yes
-- Added test 'copyright' to check for copyright in CMake / C / C++ / Python code
-- Added test 'cppcheck' to perform static code analysis on C / C++ code
-- Configured cppcheck include dirs: /home/iju/S08P31C208/ROS/robot_ws/src/navigation2/nav2_dynamic_params/include
-- Added test 'cpplint' to check C / C++ code against the Google style
-- Added test 'flake8' to check Python code syntax and style conventions
-- Added test 'lint_cmake' to check CMake code style
-- Added test 'pep257' to check Python code against some of the style conventions in PEP 257
-- Added test 'uncrustify' to check C / C++ code style
-- Added test 'xmllint' to check XML markup files
-- Configuring done
-- Generating done
-- Build files have been written to: /home/iju/S08P31C208/ROS/robot_ws/build/nav2_dynamic_params
[35m[1mScanning dependencies of target nav2_dynamic_params[0m
[  6%] [32mBuilding CXX object CMakeFiles/nav2_dynamic_params.dir/src/dynamic_params_validator.cpp.o[0m
[ 12%] [32m[1mLinking CXX shared library libnav2_dynamic_params.so[0m
[ 12%] Built target nav2_dynamic_params
[35m[1mScanning dependencies of target gtest_main[0m
[ 18%] [32mBuilding CXX object gtest/CMakeFiles/gtest_main.dir/src/gtest_main.cc.o[0m
[ 25%] [32m[1mLinking CXX static library libgtest_main.a[0m
[ 25%] Built target gtest_main
[35m[1mScanning dependencies of target test_dynamic_params_helper[0m
[ 31%] [32mBuilding CXX object test/CMakeFiles/test_dynamic_params_helper.dir/test_dynamic_params_helper.cpp.o[0m
[ 37%] [32m[1mLinking CXX executable test_dynamic_params_helper[0m
[ 37%] Built target test_dynamic_params_helper
[35m[1mScanning dependencies of target example_nav2_dynamic_params_client[0m
[ 43%] [32mBuilding CXX object CMakeFiles/example_nav2_dynamic_params_client.dir/src/example_dynamic_params_client.cpp.o[0m
[ 50%] [32m[1mLinking CXX executable example_nav2_dynamic_params_client[0m
[ 50%] Built target example_nav2_dynamic_params_client
[35m[1mScanning dependencies of target example_nav2_dynamic_params_validator[0m
[ 56%] [32mBuilding CXX object CMakeFiles/example_nav2_dynamic_params_validator.dir/src/example_dynamic_params_validator.cpp.o[0m
[ 62%] [32m[1mLinking CXX executable example_nav2_dynamic_params_validator[0m
[ 62%] Built target example_nav2_dynamic_params_validator
[35m[1mScanning dependencies of target gtest[0m
[ 68%] [32mBuilding CXX object gtest/CMakeFiles/gtest.dir/src/gtest-all.cc.o[0m
[ 75%] [32m[1mLinking CXX static library libgtest.a[0m
[ 75%] Built target gtest
[35m[1mScanning dependencies of target test_dynamic_params_validator[0m
[ 81%] [32mBuilding CXX object test/CMakeFiles/test_dynamic_params_validator.dir/test_dynamic_params_validator.cpp.o[0m
[ 87%] [32m[1mLinking CXX executable test_dynamic_params_validator[0m
[ 87%] Built target test_dynamic_params_validator
[35m[1mScanning dependencies of target test_dynamic_params_client_exec[0m
[ 93%] [32mBuilding CXX object test/CMakeFiles/test_dynamic_params_client_exec.dir/test_dynamic_params_client.cpp.o[0m
[100%] [32m[1mLinking CXX executable test_dynamic_params_client_exec[0m
[100%] Built target test_dynamic_params_client_exec
[ 12%] Built target nav2_dynamic_params
[ 25%] Built target gtest_main
[ 37%] Built target test_dynamic_params_helper
[ 50%] Built target example_nav2_dynamic_params_client
[ 62%] Built target example_nav2_dynamic_params_validator
[ 75%] Built target gtest
[ 87%] Built target test_dynamic_params_validator
[100%] Built target test_dynamic_params_client_exec
[36mInstall the project...[0m
-- Install configuration: "Release"
-- Installing: /home/iju/S08P31C208/ROS/robot_ws/install/nav2_dynamic_params/lib/libnav2_dynamic_params.so
-- Set runtime path of "/home/iju/S08P31C208/ROS/robot_ws/install/nav2_dynamic_params/lib/libnav2_dynamic_params.so" to ""
-- Installing: /home/iju/S08P31C208/ROS/robot_ws/install/nav2_dynamic_params/lib/nav2_dynamic_params/example_nav2_dynamic_params_validator
-- Set runtime path of "/home/iju/S08P31C208/ROS/robot_ws/install/nav2_dynamic_params/lib/nav2_dynamic_params/example_nav2_dynamic_params_validator" to ""
-- Installing: /home/iju/S08P31C208/ROS/robot_ws/install/nav2_dynamic_params/lib/nav2_dynamic_params/example_nav2_dynamic_params_client
-- Set runtime path of "/home/iju/S08P31C208/ROS/robot_ws/install/nav2_dynamic_params/lib/nav2_dynamic_params/example_nav2_dynamic_params_client" to ""
-- Installing: /home/iju/S08P31C208/ROS/robot_ws/install/nav2_dynamic_params/include/
-- Installing: /home/iju/S08P31C208/ROS/robot_ws/install/nav2_dynamic_params/include//nav2_dynamic_params
-- Installing: /home/iju/S08P31C208/ROS/robot_ws/install/nav2_dynamic_params/include//nav2_dynamic_params/dynamic_params_client.hpp
-- Installing: /home/iju/S08P31C208/ROS/robot_ws/install/nav2_dynamic_params/include//nav2_dynamic_params/dynamic_params_validator.hpp
-- Installing: /home/iju/S08P31C208/ROS/robot_ws/install/nav2_dynamic_params/share/nav2_dynamic_params/environment/library_path.sh
-- Installing: /home/iju/S08P31C208/ROS/robot_ws/install/nav2_dynamic_params/share/ament_index/resource_index/package_run_dependencies/nav2_dynamic_params
-- Installing: /home/iju/S08P31C208/ROS/robot_ws/install/nav2_dynamic_params/share/ament_index/resource_index/parent_prefix_path/nav2_dynamic_params
-- Installing: /home/iju/S08P31C208/ROS/robot_ws/install/nav2_dynamic_params/share/nav2_dynamic_params/environment/ament_prefix_path.sh
-- Installing: /home/iju/S08P31C208/ROS/robot_ws/install/nav2_dynamic_params/share/nav2_dynamic_params/environment/path.sh
-- Installing: /home/iju/S08P31C208/ROS/robot_ws/install/nav2_dynamic_params/share/nav2_dynamic_params/local_setup.bash
-- Installing: /home/iju/S08P31C208/ROS/robot_ws/install/nav2_dynamic_params/share/nav2_dynamic_params/local_setup.sh
-- Installing: /home/iju/S08P31C208/ROS/robot_ws/install/nav2_dynamic_params/share/nav2_dynamic_params/local_setup.zsh
-- Installing: /home/iju/S08P31C208/ROS/robot_ws/install/nav2_dynamic_params/share/ament_index/resource_index/packages/nav2_dynamic_params
-- Installing: /home/iju/S08P31C208/ROS/robot_ws/install/nav2_dynamic_params/share/nav2_dynamic_params/cmake/ament_cmake_export_include_directories-extras.cmake
-- Installing: /home/iju/S08P31C208/ROS/robot_ws/install/nav2_dynamic_params/share/nav2_dynamic_params/cmake/ament_cmake_export_libraries-extras.cmake
-- Installing: /home/iju/S08P31C208/ROS/robot_ws/install/nav2_dynamic_params/share/nav2_dynamic_params/cmake/nav2_dynamic_paramsConfig.cmake
-- Installing: /home/iju/S08P31C208/ROS/robot_ws/install/nav2_dynamic_params/share/nav2_dynamic_params/cmake/nav2_dynamic_paramsConfig-version.cmake
-- Installing: /home/iju/S08P31C208/ROS/robot_ws/install/nav2_dynamic_params/share/nav2_dynamic_params/package.xml
-- Installing: /home/iju/S08P31C208/ROS/robot_ws/install/nav2_dynamic_params/lib/nav2_dynamic_params/test_dynamic_params_helper
-- Set runtime path of "/home/iju/S08P31C208/ROS/robot_ws/install/nav2_dynamic_params/lib/nav2_dynamic_params/test_dynamic_params_helper" to ""
