-- Found geometry_msgs: 0.7.1 (/opt/ros/dashing/share/geometry_msgs/cmake)
-- Found PythonInterp: /usr/bin/python3 (found suitable version "3.6.9", minimum required is "3") 
-- Using PYTHON_EXECUTABLE: /usr/bin/python3
-- Override CMake install command with custom implementation using symlinks instead of copying resources
-- Found rosidl_adapter: 0.7.10 (/opt/ros/dashing/share/rosidl_adapter/cmake)
-- Found rosidl_default_generators: 0.7.0 (/opt/ros/dashing/share/rosidl_default_generators/cmake)
-- Found PythonInterp: /usr/bin/python3 (found version "3.6.9") 
-- Using all available rosidl_typesupport_c: rosidl_typesupport_fastrtps_c;rosidl_typesupport_introspection_c
-- Using all available rosidl_typesupport_cpp: rosidl_typesupport_fastrtps_cpp;rosidl_typesupport_introspection_cpp
-- Found rmw_implementation_cmake: 0.7.2 (/opt/ros/dashing/share/rmw_implementation_cmake/cmake)
-- Found PythonInterp: /usr/bin/python3 (found suitable version "3.6.9", minimum required is "3.5") 
-- Found python_cmake_module: 0.7.11 (/opt/ros/dashing/share/python_cmake_module/cmake)
-- Using PYTHON_EXECUTABLE: /usr/bin/python3
-- Using PYTHON_INCLUDE_DIRS: /usr/include/python3.6m
-- Using PYTHON_LIBRARIES: /usr/lib/x86_64-linux-gnu/libpython3.6m.so
-- Configuring done
-- Generating done
-- Build files have been written to: /home/iju/S08P31C208/ROS/robot_ws/build/nav_2d_msgs
[  1%] Built target nav_2d_msgs__cpp
[ 12%] Built target nav_2d_msgs__rosidl_generator_c
[ 23%] Built target nav_2d_msgs__rosidl_typesupport_introspection_c
[ 35%] Built target nav_2d_msgs__rosidl_typesupport_fastrtps_cpp
[ 46%] Built target nav_2d_msgs__rosidl_typesupport_c
[ 57%] Built target nav_2d_msgs__rosidl_typesupport_introspection_cpp
[ 69%] Built target nav_2d_msgs__rosidl_typesupport_fastrtps_c
[ 80%] Built target nav_2d_msgs__rosidl_typesupport_cpp
[ 80%] Built target nav_2d_msgs
[ 81%] Built target nav_2d_msgs__py
[ 91%] Built target nav_2d_msgs__python
[ 94%] Built target nav_2d_msgs__rosidl_typesupport_c__pyext
[ 97%] Built target nav_2d_msgs__rosidl_typesupport_fastrtps_c__pyext
[100%] Built target nav_2d_msgs__rosidl_typesupport_introspection_c__pyext
[ 11%] Built target nav_2d_msgs__rosidl_generator_c
[ 12%] Built target nav_2d_msgs__cpp
[ 23%] Built target nav_2d_msgs__rosidl_typesupport_introspection_c
[ 35%] Built target nav_2d_msgs__rosidl_typesupport_c
[ 46%] Built target nav_2d_msgs__rosidl_typesupport_fastrtps_cpp
[ 57%] Built target nav_2d_msgs__rosidl_typesupport_cpp
[ 69%] Built target nav_2d_msgs__rosidl_typesupport_introspection_cpp
[ 80%] Built target nav_2d_msgs__rosidl_typesupport_fastrtps_c
[ 80%] Built target nav_2d_msgs
[ 81%] Built target nav_2d_msgs__py
[ 91%] Built target nav_2d_msgs__python
[ 94%] Built target nav_2d_msgs__rosidl_typesupport_fastrtps_c__pyext
[ 97%] Built target nav_2d_msgs__rosidl_typesupport_c__pyext
[100%] Built target nav_2d_msgs__rosidl_typesupport_introspection_c__pyext
[36mInstall the project...[0m
-- Install configuration: ""
-- Execute custom install script
-- Up-to-date symlink: /home/iju/S08P31C208/ROS/robot_ws/install/nav_2d_msgs/share/ament_index/resource_index/rosidl_interfaces/nav_2d_msgs
-- Up-to-date symlink: /home/iju/S08P31C208/ROS/robot_ws/install/nav_2d_msgs/include/nav_2d_msgs/msg/path2_d.hpp
-- Up-to-date symlink: /home/iju/S08P31C208/ROS/robot_ws/install/nav_2d_msgs/include/nav_2d_msgs/msg/path2_d__struct.hpp
-- Up-to-date symlink: /home/iju/S08P31C208/ROS/robot_ws/install/nav_2d_msgs/include/nav_2d_msgs/msg/path2_d__traits.hpp
-- Up-to-date symlink: /home/iju/S08P31C208/ROS/robot_ws/install/nav_2d_msgs/include/nav_2d_msgs/msg/pose2_d32.hpp
-- Up-to-date symlink: /home/iju/S08P31C208/ROS/robot_ws/install/nav_2d_msgs/include/nav_2d_msgs/msg/pose2_d32__struct.hpp
-- Up-to-date symlink: /home/iju/S08P31C208/ROS/robot_ws/install/nav_2d_msgs/include/nav_2d_msgs/msg/pose2_d32__traits.hpp
-- Up-to-date symlink: /home/iju/S08P31C208/ROS/robot_ws/install/nav_2d_msgs/include/nav_2d_msgs/msg/pose2_d_stamped.hpp
-- Up-to-date symlink: /home/iju/S08P31C208/ROS/robot_ws/install/nav_2d_msgs/include/nav_2d_msgs/msg/pose2_d_stamped__struct.hpp
-- Up-to-date symlink: /home/iju/S08P31C208/ROS/robot_ws/install/nav_2d_msgs/include/nav_2d_msgs/msg/pose2_d_stamped__traits.hpp
-- Up-to-date symlink: /home/iju/S08P31C208/ROS/robot_ws/install/nav_2d_msgs/include/nav_2d_msgs/msg/twist2_d.hpp
-- Up-to-date symlink: /home/iju/S08P31C208/ROS/robot_ws/install/nav_2d_msgs/include/nav_2d_msgs/msg/twist2_d32.hpp
-- Up-to-date symlink: /home/iju/S08P31C208/ROS/robot_ws/install/nav_2d_msgs/include/nav_2d_msgs/msg/twist2_d32__struct.hpp
-- Up-to-date symlink: /home/iju/S08P31C208/ROS/robot_ws/install/nav_2d_msgs/include/nav_2d_msgs/msg/twist2_d32__traits.hpp
-- Up-to-date symlink: /home/iju/S08P31C208/ROS/robot_ws/install/nav_2d_msgs/include/nav_2d_msgs/msg/twist2_d__struct.hpp
-- Up-to-date symlink: /home/iju/S08P31C208/ROS/robot_ws/install/nav_2d_msgs/include/nav_2d_msgs/msg/twist2_d__traits.hpp
-- Up-to-date symlink: /home/iju/S08P31C208/ROS/robot_ws/install/nav_2d_msgs/include/nav_2d_msgs/msg/twist2_d_stamped.hpp
-- Up-to-date symlink: /home/iju/S08P31C208/ROS/robot_ws/install/nav_2d_msgs/include/nav_2d_msgs/msg/twist2_d_stamped__struct.hpp
-- Up-to-date symlink: /home/iju/S08P31C208/ROS/robot_ws/install/nav_2d_msgs/include/nav_2d_msgs/msg/twist2_d_stamped__traits.hpp
-- Up-to-date symlink: /home/iju/S08P31C208/ROS/robot_ws/install/nav_2d_msgs/include/nav_2d_msgs/msg/path2_d.h
-- Up-to-date symlink: /home/iju/S08P31C208/ROS/robot_ws/install/nav_2d_msgs/include/nav_2d_msgs/msg/path2_d__functions.h
-- Up-to-date symlink: /home/iju/S08P31C208/ROS/robot_ws/install/nav_2d_msgs/include/nav_2d_msgs/msg/path2_d__struct.h
-- Up-to-date symlink: /home/iju/S08P31C208/ROS/robot_ws/install/nav_2d_msgs/include/nav_2d_msgs/msg/path2_d__type_support.h
-- Up-to-date symlink: /home/iju/S08P31C208/ROS/robot_ws/install/nav_2d_msgs/include/nav_2d_msgs/msg/pose2_d32.h
-- Up-to-date symlink: /home/iju/S08P31C208/ROS/robot_ws/install/nav_2d_msgs/include/nav_2d_msgs/msg/pose2_d32__functions.h
-- Up-to-date symlink: /home/iju/S08P31C208/ROS/robot_ws/install/nav_2d_msgs/include/nav_2d_msgs/msg/pose2_d32__struct.h
-- Up-to-date symlink: /home/iju/S08P31C208/ROS/robot_ws/install/nav_2d_msgs/include/nav_2d_msgs/msg/pose2_d32__type_support.h
-- Up-to-date symlink: /home/iju/S08P31C208/ROS/robot_ws/install/nav_2d_msgs/include/nav_2d_msgs/msg/pose2_d_stamped.h
-- Up-to-date symlink: /home/iju/S08P31C208/ROS/robot_ws/install/nav_2d_msgs/include/nav_2d_msgs/msg/pose2_d_stamped__functions.h
-- Up-to-date symlink: /home/iju/S08P31C208/ROS/robot_ws/install/nav_2d_msgs/include/nav_2d_msgs/msg/pose2_d_stamped__struct.h
-- Up-to-date symlink: /home/iju/S08P31C208/ROS/robot_ws/install/nav_2d_msgs/include/nav_2d_msgs/msg/pose2_d_stamped__type_support.h
-- Up-to-date symlink: /home/iju/S08P31C208/ROS/robot_ws/install/nav_2d_msgs/include/nav_2d_msgs/msg/rosidl_generator_c__visibility_control.h
-- Up-to-date symlink: /home/iju/S08P31C208/ROS/robot_ws/install/nav_2d_msgs/include/nav_2d_msgs/msg/twist2_d.h
-- Up-to-date symlink: /home/iju/S08P31C208/ROS/robot_ws/install/nav_2d_msgs/include/nav_2d_msgs/msg/twist2_d32.h
-- Up-to-date symlink: /home/iju/S08P31C208/ROS/robot_ws/install/nav_2d_msgs/include/nav_2d_msgs/msg/twist2_d32__functions.h
-- Up-to-date symlink: /home/iju/S08P31C208/ROS/robot_ws/install/nav_2d_msgs/include/nav_2d_msgs/msg/twist2_d32__struct.h
-- Up-to-date symlink: /home/iju/S08P31C208/ROS/robot_ws/install/nav_2d_msgs/include/nav_2d_msgs/msg/twist2_d32__type_support.h
-- Up-to-date symlink: /home/iju/S08P31C208/ROS/robot_ws/install/nav_2d_msgs/include/nav_2d_msgs/msg/twist2_d__functions.h
-- Up-to-date symlink: /home/iju/S08P31C208/ROS/robot_ws/install/nav_2d_msgs/include/nav_2d_msgs/msg/twist2_d__struct.h
-- Up-to-date symlink: /home/iju/S08P31C208/ROS/robot_ws/install/nav_2d_msgs/include/nav_2d_msgs/msg/twist2_d__type_support.h
-- Up-to-date symlink: /home/iju/S08P31C208/ROS/robot_ws/install/nav_2d_msgs/include/nav_2d_msgs/msg/twist2_d_stamped.h
-- Up-to-date symlink: /home/iju/S08P31C208/ROS/robot_ws/install/nav_2d_msgs/include/nav_2d_msgs/msg/twist2_d_stamped__functions.h
-- Up-to-date symlink: /home/iju/S08P31C208/ROS/robot_ws/install/nav_2d_msgs/include/nav_2d_msgs/msg/twist2_d_stamped__struct.h
-- Up-to-date symlink: /home/iju/S08P31C208/ROS/robot_ws/install/nav_2d_msgs/include/nav_2d_msgs/msg/twist2_d_stamped__type_support.h
-- Up-to-date symlink: /home/iju/S08P31C208/ROS/robot_ws/install/nav_2d_msgs/share/nav_2d_msgs/environment/library_path.sh
-- Up-to-date symlink: /home/iju/S08P31C208/ROS/robot_ws/install/nav_2d_msgs/lib/libnav_2d_msgs__rosidl_generator_c.so
-- Up-to-date symlink: /home/iju/S08P31C208/ROS/robot_ws/install/nav_2d_msgs/lib/libnav_2d_msgs__rosidl_typesupport_c.so
-- Up-to-date symlink: /home/iju/S08P31C208/ROS/robot_ws/install/nav_2d_msgs/lib/libnav_2d_msgs__rosidl_typesupport_cpp.so
-- Up-to-date symlink: /home/iju/S08P31C208/ROS/robot_ws/install/nav_2d_msgs/include/nav_2d_msgs/msg/path2_d__rosidl_typesupport_introspection_c.h
-- Up-to-date symlink: /home/iju/S08P31C208/ROS/robot_ws/install/nav_2d_msgs/include/nav_2d_msgs/msg/pose2_d32__rosidl_typesupport_introspection_c.h
-- Up-to-date symlink: /home/iju/S08P31C208/ROS/robot_ws/install/nav_2d_msgs/include/nav_2d_msgs/msg/pose2_d_stamped__rosidl_typesupport_introspection_c.h
-- Up-to-date symlink: /home/iju/S08P31C208/ROS/robot_ws/install/nav_2d_msgs/include/nav_2d_msgs/msg/rosidl_typesupport_introspection_c__visibility_control.h
-- Up-to-date symlink: /home/iju/S08P31C208/ROS/robot_ws/install/nav_2d_msgs/include/nav_2d_msgs/msg/twist2_d32__rosidl_typesupport_introspection_c.h
-- Up-to-date symlink: /home/iju/S08P31C208/ROS/robot_ws/install/nav_2d_msgs/include/nav_2d_msgs/msg/twist2_d__rosidl_typesupport_introspection_c.h
-- Up-to-date symlink: /home/iju/S08P31C208/ROS/robot_ws/install/nav_2d_msgs/include/nav_2d_msgs/msg/twist2_d_stamped__rosidl_typesupport_introspection_c.h
-- Up-to-date symlink: /home/iju/S08P31C208/ROS/robot_ws/install/nav_2d_msgs/lib/libnav_2d_msgs__rosidl_typesupport_introspection_c.so
-- Up-to-date symlink: /home/iju/S08P31C208/ROS/robot_ws/install/nav_2d_msgs/include/nav_2d_msgs/msg/path2_d__rosidl_typesupport_introspection_cpp.hpp
-- Up-to-date symlink: /home/iju/S08P31C208/ROS/robot_ws/install/nav_2d_msgs/include/nav_2d_msgs/msg/pose2_d32__rosidl_typesupport_introspection_cpp.hpp
-- Up-to-date symlink: /home/iju/S08P31C208/ROS/robot_ws/install/nav_2d_msgs/include/nav_2d_msgs/msg/pose2_d_stamped__rosidl_typesupport_introspection_cpp.hpp
-- Up-to-date symlink: /home/iju/S08P31C208/ROS/robot_ws/install/nav_2d_msgs/include/nav_2d_msgs/msg/twist2_d32__rosidl_typesupport_introspection_cpp.hpp
-- Up-to-date symlink: /home/iju/S08P31C208/ROS/robot_ws/install/nav_2d_msgs/include/nav_2d_msgs/msg/twist2_d__rosidl_typesupport_introspection_cpp.hpp
-- Up-to-date symlink: /home/iju/S08P31C208/ROS/robot_ws/install/nav_2d_msgs/include/nav_2d_msgs/msg/twist2_d_stamped__rosidl_typesupport_introspection_cpp.hpp
-- Up-to-date symlink: /home/iju/S08P31C208/ROS/robot_ws/install/nav_2d_msgs/lib/libnav_2d_msgs__rosidl_typesupport_introspection_cpp.so
-- Up-to-date symlink: /home/iju/S08P31C208/ROS/robot_ws/install/nav_2d_msgs/include/nav_2d_msgs/msg/path2_d__rosidl_typesupport_fastrtps_c.h
-- Up-to-date symlink: /home/iju/S08P31C208/ROS/robot_ws/install/nav_2d_msgs/include/nav_2d_msgs/msg/pose2_d32__rosidl_typesupport_fastrtps_c.h
-- Up-to-date symlink: /home/iju/S08P31C208/ROS/robot_ws/install/nav_2d_msgs/include/nav_2d_msgs/msg/pose2_d_stamped__rosidl_typesupport_fastrtps_c.h
-- Up-to-date symlink: /home/iju/S08P31C208/ROS/robot_ws/install/nav_2d_msgs/include/nav_2d_msgs/msg/rosidl_typesupport_fastrtps_c__visibility_control.h
-- Up-to-date symlink: /home/iju/S08P31C208/ROS/robot_ws/install/nav_2d_msgs/include/nav_2d_msgs/msg/twist2_d32__rosidl_typesupport_fastrtps_c.h
-- Up-to-date symlink: /home/iju/S08P31C208/ROS/robot_ws/install/nav_2d_msgs/include/nav_2d_msgs/msg/twist2_d__rosidl_typesupport_fastrtps_c.h
-- Up-to-date symlink: /home/iju/S08P31C208/ROS/robot_ws/install/nav_2d_msgs/include/nav_2d_msgs/msg/twist2_d_stamped__rosidl_typesupport_fastrtps_c.h
-- Up-to-date symlink: /home/iju/S08P31C208/ROS/robot_ws/install/nav_2d_msgs/lib/libnav_2d_msgs__rosidl_typesupport_fastrtps_c.so
-- Up-to-date symlink: /home/iju/S08P31C208/ROS/robot_ws/install/nav_2d_msgs/include/nav_2d_msgs/msg/path2_d__rosidl_typesupport_fastrtps_cpp.hpp
-- Up-to-date symlink: /home/iju/S08P31C208/ROS/robot_ws/install/nav_2d_msgs/include/nav_2d_msgs/msg/pose2_d32__rosidl_typesupport_fastrtps_cpp.hpp
-- Up-to-date symlink: /home/iju/S08P31C208/ROS/robot_ws/install/nav_2d_msgs/include/nav_2d_msgs/msg/pose2_d_stamped__rosidl_typesupport_fastrtps_cpp.hpp
-- Up-to-date symlink: /home/iju/S08P31C208/ROS/robot_ws/install/nav_2d_msgs/include/nav_2d_msgs/msg/rosidl_typesupport_fastrtps_cpp__visibility_control.h
-- Up-to-date symlink: /home/iju/S08P31C208/ROS/robot_ws/install/nav_2d_msgs/include/nav_2d_msgs/msg/twist2_d32__rosidl_typesupport_fastrtps_cpp.hpp
-- Up-to-date symlink: /home/iju/S08P31C208/ROS/robot_ws/install/nav_2d_msgs/include/nav_2d_msgs/msg/twist2_d__rosidl_typesupport_fastrtps_cpp.hpp
-- Up-to-date symlink: /home/iju/S08P31C208/ROS/robot_ws/install/nav_2d_msgs/include/nav_2d_msgs/msg/twist2_d_stamped__rosidl_typesupport_fastrtps_cpp.hpp
-- Up-to-date symlink: /home/iju/S08P31C208/ROS/robot_ws/install/nav_2d_msgs/lib/libnav_2d_msgs__rosidl_typesupport_fastrtps_cpp.so
-- Up-to-date symlink: /home/iju/S08P31C208/ROS/robot_ws/install/nav_2d_msgs/share/nav_2d_msgs/environment/pythonpath.sh
-- Up-to-date symlink: /home/iju/S08P31C208/ROS/robot_ws/install/nav_2d_msgs/lib/python3.6/site-packages/nav_2d_msgs/__init__.py
-- Up-to-date symlink: /home/iju/S08P31C208/ROS/robot_ws/install/nav_2d_msgs/lib/python3.6/site-packages/nav_2d_msgs/msg/__init__.py
-- Up-to-date symlink: /home/iju/S08P31C208/ROS/robot_ws/install/nav_2d_msgs/lib/python3.6/site-packages/nav_2d_msgs/msg/_path2_d.py
-- Up-to-date symlink: /home/iju/S08P31C208/ROS/robot_ws/install/nav_2d_msgs/lib/python3.6/site-packages/nav_2d_msgs/msg/_pose2_d32.py
-- Up-to-date symlink: /home/iju/S08P31C208/ROS/robot_ws/install/nav_2d_msgs/lib/python3.6/site-packages/nav_2d_msgs/msg/_pose2_d_stamped.py
-- Up-to-date symlink: /home/iju/S08P31C208/ROS/robot_ws/install/nav_2d_msgs/lib/python3.6/site-packages/nav_2d_msgs/msg/_twist2_d.py
-- Up-to-date symlink: /home/iju/S08P31C208/ROS/robot_ws/install/nav_2d_msgs/lib/python3.6/site-packages/nav_2d_msgs/msg/_twist2_d32.py
-- Up-to-date symlink: /home/iju/S08P31C208/ROS/robot_ws/install/nav_2d_msgs/lib/python3.6/site-packages/nav_2d_msgs/msg/_twist2_d_stamped.py
-- Up-to-date symlink: /home/iju/S08P31C208/ROS/robot_ws/install/nav_2d_msgs/lib/python3.6/site-packages/nav_2d_msgs/nav_2d_msgs_s__rosidl_typesupport_c.cpython-36m-x86_64-linux-gnu.so
-- Up-to-date symlink: /home/iju/S08P31C208/ROS/robot_ws/install/nav_2d_msgs/lib/python3.6/site-packages/nav_2d_msgs/nav_2d_msgs_s__rosidl_typesupport_introspection_c.cpython-36m-x86_64-linux-gnu.so
-- Up-to-date symlink: /home/iju/S08P31C208/ROS/robot_ws/install/nav_2d_msgs/lib/python3.6/site-packages/nav_2d_msgs/nav_2d_msgs_s__rosidl_typesupport_fastrtps_c.cpython-36m-x86_64-linux-gnu.so
-- Up-to-date symlink: /home/iju/S08P31C208/ROS/robot_ws/install/nav_2d_msgs/lib/libnav_2d_msgs__python.so
-- Up-to-date symlink: /home/iju/S08P31C208/ROS/robot_ws/install/nav_2d_msgs/share/nav_2d_msgs/msg/Path2D.idl
-- Up-to-date symlink: /home/iju/S08P31C208/ROS/robot_ws/install/nav_2d_msgs/share/nav_2d_msgs/msg/Pose2D32.idl
-- Up-to-date symlink: /home/iju/S08P31C208/ROS/robot_ws/install/nav_2d_msgs/share/nav_2d_msgs/msg/Pose2DStamped.idl
-- Up-to-date symlink: /home/iju/S08P31C208/ROS/robot_ws/install/nav_2d_msgs/share/nav_2d_msgs/msg/Twist2D.idl
-- Up-to-date symlink: /home/iju/S08P31C208/ROS/robot_ws/install/nav_2d_msgs/share/nav_2d_msgs/msg/Twist2D32.idl
-- Up-to-date symlink: /home/iju/S08P31C208/ROS/robot_ws/install/nav_2d_msgs/share/nav_2d_msgs/msg/Twist2DStamped.idl
-- Up-to-date symlink: /home/iju/S08P31C208/ROS/robot_ws/install/nav_2d_msgs/share/nav_2d_msgs/msg/Path2D.msg
-- Up-to-date symlink: /home/iju/S08P31C208/ROS/robot_ws/install/nav_2d_msgs/share/nav_2d_msgs/msg/Pose2D32.msg
-- Up-to-date symlink: /home/iju/S08P31C208/ROS/robot_ws/install/nav_2d_msgs/share/nav_2d_msgs/msg/Pose2DStamped.msg
-- Up-to-date symlink: /home/iju/S08P31C208/ROS/robot_ws/install/nav_2d_msgs/share/nav_2d_msgs/msg/Twist2D.msg
-- Up-to-date symlink: /home/iju/S08P31C208/ROS/robot_ws/install/nav_2d_msgs/share/nav_2d_msgs/msg/Twist2D32.msg
-- Up-to-date symlink: /home/iju/S08P31C208/ROS/robot_ws/install/nav_2d_msgs/share/nav_2d_msgs/msg/Twist2DStamped.msg
-- Up-to-date symlink: /home/iju/S08P31C208/ROS/robot_ws/install/nav_2d_msgs/share/ament_index/resource_index/package_run_dependencies/nav_2d_msgs
-- Up-to-date symlink: /home/iju/S08P31C208/ROS/robot_ws/install/nav_2d_msgs/share/ament_index/resource_index/parent_prefix_path/nav_2d_msgs
-- Up-to-date symlink: /home/iju/S08P31C208/ROS/robot_ws/install/nav_2d_msgs/share/nav_2d_msgs/environment/ament_prefix_path.sh
-- Up-to-date symlink: /home/iju/S08P31C208/ROS/robot_ws/install/nav_2d_msgs/share/nav_2d_msgs/environment/path.sh
-- Up-to-date symlink: /home/iju/S08P31C208/ROS/robot_ws/install/nav_2d_msgs/share/nav_2d_msgs/local_setup.bash
-- Up-to-date symlink: /home/iju/S08P31C208/ROS/robot_ws/install/nav_2d_msgs/share/nav_2d_msgs/local_setup.sh
-- Up-to-date symlink: /home/iju/S08P31C208/ROS/robot_ws/install/nav_2d_msgs/share/nav_2d_msgs/local_setup.zsh
-- Up-to-date symlink: /home/iju/S08P31C208/ROS/robot_ws/install/nav_2d_msgs/share/ament_index/resource_index/packages/nav_2d_msgs
-- Up-to-date symlink: /home/iju/S08P31C208/ROS/robot_ws/install/nav_2d_msgs/share/nav_2d_msgs/cmake/rosidl_cmake-extras.cmake
-- Up-to-date symlink: /home/iju/S08P31C208/ROS/robot_ws/install/nav_2d_msgs/share/nav_2d_msgs/cmake/ament_cmake_export_dependencies-extras.cmake
-- Up-to-date symlink: /home/iju/S08P31C208/ROS/robot_ws/install/nav_2d_msgs/share/nav_2d_msgs/cmake/ament_cmake_export_include_directories-extras.cmake
-- Up-to-date symlink: /home/iju/S08P31C208/ROS/robot_ws/install/nav_2d_msgs/share/nav_2d_msgs/cmake/ament_cmake_export_libraries-extras.cmake
-- Up-to-date symlink: /home/iju/S08P31C208/ROS/robot_ws/install/nav_2d_msgs/share/nav_2d_msgs/cmake/nav_2d_msgsConfig.cmake
-- Up-to-date symlink: /home/iju/S08P31C208/ROS/robot_ws/install/nav_2d_msgs/share/nav_2d_msgs/cmake/nav_2d_msgsConfig-version.cmake
-- Up-to-date symlink: /home/iju/S08P31C208/ROS/robot_ws/install/nav_2d_msgs/share/nav_2d_msgs/package.xml
Compiling '/home/iju/S08P31C208/ROS/robot_ws/install/nav_2d_msgs/lib/python3.6/site-packages/nav_2d_msgs/__init__.py'...
