[0.179s] Invoking command in '/home/iju/S08P31C208/ROS/robot_ws/build/nav_2d_msgs': CMAKE_PREFIX_PATH=${CMAKE_PREFIX_PATH}:/home/iju/S08P31C208/ROS/robot_ws/install/turtlebot3_teleop:/home/iju/S08P31C208/ROS/robot_ws/install/turtlebot3_example:/opt/ros/dashing PS1=\u@\h \[\033[32m\]\w\[\033[33m\]$(parse_git_branch)\[\033[00m\] $ /usr/bin/cmake /home/iju/S08P31C208/ROS/robot_ws/src/navigation2/nav2_dwb_controller/nav_2d_msgs -DCMAKE_INSTALL_PREFIX=/home/iju/S08P31C208/ROS/robot_ws/install/nav_2d_msgs
[0.220s] -- Found geometry_msgs: 0.7.1 (/opt/ros/dashing/share/geometry_msgs/cmake)
[0.290s] -- Found PythonInterp: /usr/bin/python3 (found suitable version "3.6.9", minimum required is "3") 
[0.291s] -- Using PYTHON_EXECUTABLE: /usr/bin/python3
[0.842s] -- Override CMake install command with custom implementation using symlinks instead of copying resources
[0.860s] -- Found rosidl_adapter: 0.7.10 (/opt/ros/dashing/share/rosidl_adapter/cmake)
[0.959s] -- Found rosidl_default_generators: 0.7.0 (/opt/ros/dashing/share/rosidl_default_generators/cmake)
[1.240s] -- Found PythonInterp: /usr/bin/python3 (found version "3.6.9") 
[1.901s] -- Using all available rosidl_typesupport_c: rosidl_typesupport_fastrtps_c;rosidl_typesupport_introspection_c
[2.008s] -- Using all available rosidl_typesupport_cpp: rosidl_typesupport_fastrtps_cpp;rosidl_typesupport_introspection_cpp
[2.503s] -- Found rmw_implementation_cmake: 0.7.2 (/opt/ros/dashing/share/rmw_implementation_cmake/cmake)
[2.548s] -- Found PythonInterp: /usr/bin/python3 (found suitable version "3.6.9", minimum required is "3.5") 
[2.548s] -- Found python_cmake_module: 0.7.11 (/opt/ros/dashing/share/python_cmake_module/cmake)
[2.658s] -- Using PYTHON_EXECUTABLE: /usr/bin/python3
[2.658s] -- Using PYTHON_INCLUDE_DIRS: /usr/include/python3.6m
[2.658s] -- Using PYTHON_LIBRARIES: /usr/lib/x86_64-linux-gnu/libpython3.6m.so
[3.091s] -- Configuring done
[3.371s] -- Generating done
[3.384s] -- Build files have been written to: /home/iju/S08P31C208/ROS/robot_ws/build/nav_2d_msgs
[3.394s] Invoked command in '/home/iju/S08P31C208/ROS/robot_ws/build/nav_2d_msgs' returned '0': CMAKE_PREFIX_PATH=${CMAKE_PREFIX_PATH}:/home/iju/S08P31C208/ROS/robot_ws/install/turtlebot3_teleop:/home/iju/S08P31C208/ROS/robot_ws/install/turtlebot3_example:/opt/ros/dashing PS1=\u@\h \[\033[32m\]\w\[\033[33m\]$(parse_git_branch)\[\033[00m\] $ /usr/bin/cmake /home/iju/S08P31C208/ROS/robot_ws/src/navigation2/nav2_dwb_controller/nav_2d_msgs -DCMAKE_INSTALL_PREFIX=/home/iju/S08P31C208/ROS/robot_ws/install/nav_2d_msgs
[3.406s] Invoking command in '/home/iju/S08P31C208/ROS/robot_ws/build/nav_2d_msgs': CMAKE_PREFIX_PATH=${CMAKE_PREFIX_PATH}:/home/iju/S08P31C208/ROS/robot_ws/install/turtlebot3_teleop:/home/iju/S08P31C208/ROS/robot_ws/install/turtlebot3_example:/opt/ros/dashing PS1=\u@\h \[\033[32m\]\w\[\033[33m\]$(parse_git_branch)\[\033[00m\] $ /usr/bin/cmake --build /home/iju/S08P31C208/ROS/robot_ws/build/nav_2d_msgs -- -j6 -l6
[3.743s] [  1%] Built target nav_2d_msgs__cpp
[3.752s] [ 12%] Built target nav_2d_msgs__rosidl_generator_c
[3.888s] [ 23%] Built target nav_2d_msgs__rosidl_typesupport_introspection_c
[3.899s] [ 35%] Built target nav_2d_msgs__rosidl_typesupport_fastrtps_cpp
[3.975s] [ 46%] Built target nav_2d_msgs__rosidl_typesupport_c
[4.025s] [ 57%] Built target nav_2d_msgs__rosidl_typesupport_introspection_cpp
[4.119s] [ 69%] Built target nav_2d_msgs__rosidl_typesupport_fastrtps_c
[4.171s] [ 80%] Built target nav_2d_msgs__rosidl_typesupport_cpp
[4.314s] [ 80%] Built target nav_2d_msgs
[4.415s] [ 81%] Built target nav_2d_msgs__py
[4.540s] [ 91%] Built target nav_2d_msgs__python
[4.682s] [ 94%] Built target nav_2d_msgs__rosidl_typesupport_c__pyext
[4.695s] [ 97%] Built target nav_2d_msgs__rosidl_typesupport_fastrtps_c__pyext
[4.701s] [100%] Built target nav_2d_msgs__rosidl_typesupport_introspection_c__pyext
[4.868s] Invoked command in '/home/iju/S08P31C208/ROS/robot_ws/build/nav_2d_msgs' returned '0': CMAKE_PREFIX_PATH=${CMAKE_PREFIX_PATH}:/home/iju/S08P31C208/ROS/robot_ws/install/turtlebot3_teleop:/home/iju/S08P31C208/ROS/robot_ws/install/turtlebot3_example:/opt/ros/dashing PS1=\u@\h \[\033[32m\]\w\[\033[33m\]$(parse_git_branch)\[\033[00m\] $ /usr/bin/cmake --build /home/iju/S08P31C208/ROS/robot_ws/build/nav_2d_msgs -- -j6 -l6
[6.530s] Invoking command in '/home/iju/S08P31C208/ROS/robot_ws/build/nav_2d_msgs': CMAKE_PREFIX_PATH=${CMAKE_PREFIX_PATH}:/home/iju/S08P31C208/ROS/robot_ws/install/turtlebot3_teleop:/home/iju/S08P31C208/ROS/robot_ws/install/turtlebot3_example:/opt/ros/dashing PS1=\u@\h \[\033[32m\]\w\[\033[33m\]$(parse_git_branch)\[\033[00m\] $ /usr/bin/cmake --build /home/iju/S08P31C208/ROS/robot_ws/build/nav_2d_msgs --target install -- -j6 -l6
[6.781s] [ 11%] Built target nav_2d_msgs__rosidl_generator_c
[6.808s] [ 12%] Built target nav_2d_msgs__cpp
[6.901s] [ 23%] Built target nav_2d_msgs__rosidl_typesupport_introspection_c
[6.902s] [ 35%] Built target nav_2d_msgs__rosidl_typesupport_c
[6.971s] [ 46%] Built target nav_2d_msgs__rosidl_typesupport_fastrtps_cpp
[7.051s] [ 57%] Built target nav_2d_msgs__rosidl_typesupport_cpp
[7.059s] [ 69%] Built target nav_2d_msgs__rosidl_typesupport_introspection_cpp
[7.132s] [ 80%] Built target nav_2d_msgs__rosidl_typesupport_fastrtps_c
[7.211s] [ 80%] Built target nav_2d_msgs
[7.324s] [ 81%] Built target nav_2d_msgs__py
[7.399s] [ 91%] Built target nav_2d_msgs__python
[7.498s] [ 94%] Built target nav_2d_msgs__rosidl_typesupport_fastrtps_c__pyext
[7.541s] [ 97%] Built target nav_2d_msgs__rosidl_typesupport_c__pyext
[7.558s] [100%] Built target nav_2d_msgs__rosidl_typesupport_introspection_c__pyext
[7.635s] [36mInstall the project...[0m
[7.686s] -- Install configuration: ""
[7.692s] -- Execute custom install script
[7.692s] -- Up-to-date symlink: /home/iju/S08P31C208/ROS/robot_ws/install/nav_2d_msgs/share/ament_index/resource_index/rosidl_interfaces/nav_2d_msgs
[7.692s] -- Up-to-date symlink: /home/iju/S08P31C208/ROS/robot_ws/install/nav_2d_msgs/include/nav_2d_msgs/msg/path2_d.hpp
[7.692s] -- Up-to-date symlink: /home/iju/S08P31C208/ROS/robot_ws/install/nav_2d_msgs/include/nav_2d_msgs/msg/path2_d__struct.hpp
[7.693s] -- Up-to-date symlink: /home/iju/S08P31C208/ROS/robot_ws/install/nav_2d_msgs/include/nav_2d_msgs/msg/path2_d__traits.hpp
[7.693s] -- Up-to-date symlink: /home/iju/S08P31C208/ROS/robot_ws/install/nav_2d_msgs/include/nav_2d_msgs/msg/pose2_d32.hpp
[7.693s] -- Up-to-date symlink: /home/iju/S08P31C208/ROS/robot_ws/install/nav_2d_msgs/include/nav_2d_msgs/msg/pose2_d32__struct.hpp
[7.693s] -- Up-to-date symlink: /home/iju/S08P31C208/ROS/robot_ws/install/nav_2d_msgs/include/nav_2d_msgs/msg/pose2_d32__traits.hpp
[7.693s] -- Up-to-date symlink: /home/iju/S08P31C208/ROS/robot_ws/install/nav_2d_msgs/include/nav_2d_msgs/msg/pose2_d_stamped.hpp
[7.693s] -- Up-to-date symlink: /home/iju/S08P31C208/ROS/robot_ws/install/nav_2d_msgs/include/nav_2d_msgs/msg/pose2_d_stamped__struct.hpp
[7.693s] -- Up-to-date symlink: /home/iju/S08P31C208/ROS/robot_ws/install/nav_2d_msgs/include/nav_2d_msgs/msg/pose2_d_stamped__traits.hpp
[7.693s] -- Up-to-date symlink: /home/iju/S08P31C208/ROS/robot_ws/install/nav_2d_msgs/include/nav_2d_msgs/msg/twist2_d.hpp
[7.693s] -- Up-to-date symlink: /home/iju/S08P31C208/ROS/robot_ws/install/nav_2d_msgs/include/nav_2d_msgs/msg/twist2_d32.hpp
[7.693s] -- Up-to-date symlink: /home/iju/S08P31C208/ROS/robot_ws/install/nav_2d_msgs/include/nav_2d_msgs/msg/twist2_d32__struct.hpp
[7.694s] -- Up-to-date symlink: /home/iju/S08P31C208/ROS/robot_ws/install/nav_2d_msgs/include/nav_2d_msgs/msg/twist2_d32__traits.hpp
[7.694s] -- Up-to-date symlink: /home/iju/S08P31C208/ROS/robot_ws/install/nav_2d_msgs/include/nav_2d_msgs/msg/twist2_d__struct.hpp
[7.694s] -- Up-to-date symlink: /home/iju/S08P31C208/ROS/robot_ws/install/nav_2d_msgs/include/nav_2d_msgs/msg/twist2_d__traits.hpp
[7.695s] -- Up-to-date symlink: /home/iju/S08P31C208/ROS/robot_ws/install/nav_2d_msgs/include/nav_2d_msgs/msg/twist2_d_stamped.hpp
[7.695s] -- Up-to-date symlink: /home/iju/S08P31C208/ROS/robot_ws/install/nav_2d_msgs/include/nav_2d_msgs/msg/twist2_d_stamped__struct.hpp
[7.696s] -- Up-to-date symlink: /home/iju/S08P31C208/ROS/robot_ws/install/nav_2d_msgs/include/nav_2d_msgs/msg/twist2_d_stamped__traits.hpp
[7.698s] -- Up-to-date symlink: /home/iju/S08P31C208/ROS/robot_ws/install/nav_2d_msgs/include/nav_2d_msgs/msg/path2_d.h
[7.698s] -- Up-to-date symlink: /home/iju/S08P31C208/ROS/robot_ws/install/nav_2d_msgs/include/nav_2d_msgs/msg/path2_d__functions.h
[7.698s] -- Up-to-date symlink: /home/iju/S08P31C208/ROS/robot_ws/install/nav_2d_msgs/include/nav_2d_msgs/msg/path2_d__struct.h
[7.698s] -- Up-to-date symlink: /home/iju/S08P31C208/ROS/robot_ws/install/nav_2d_msgs/include/nav_2d_msgs/msg/path2_d__type_support.h
[7.698s] -- Up-to-date symlink: /home/iju/S08P31C208/ROS/robot_ws/install/nav_2d_msgs/include/nav_2d_msgs/msg/pose2_d32.h
[7.704s] -- Up-to-date symlink: /home/iju/S08P31C208/ROS/robot_ws/install/nav_2d_msgs/include/nav_2d_msgs/msg/pose2_d32__functions.h
[7.704s] -- Up-to-date symlink: /home/iju/S08P31C208/ROS/robot_ws/install/nav_2d_msgs/include/nav_2d_msgs/msg/pose2_d32__struct.h
[7.705s] -- Up-to-date symlink: /home/iju/S08P31C208/ROS/robot_ws/install/nav_2d_msgs/include/nav_2d_msgs/msg/pose2_d32__type_support.h
[7.705s] -- Up-to-date symlink: /home/iju/S08P31C208/ROS/robot_ws/install/nav_2d_msgs/include/nav_2d_msgs/msg/pose2_d_stamped.h
[7.705s] -- Up-to-date symlink: /home/iju/S08P31C208/ROS/robot_ws/install/nav_2d_msgs/include/nav_2d_msgs/msg/pose2_d_stamped__functions.h
[7.705s] -- Up-to-date symlink: /home/iju/S08P31C208/ROS/robot_ws/install/nav_2d_msgs/include/nav_2d_msgs/msg/pose2_d_stamped__struct.h
[7.705s] -- Up-to-date symlink: /home/iju/S08P31C208/ROS/robot_ws/install/nav_2d_msgs/include/nav_2d_msgs/msg/pose2_d_stamped__type_support.h
[7.705s] -- Up-to-date symlink: /home/iju/S08P31C208/ROS/robot_ws/install/nav_2d_msgs/include/nav_2d_msgs/msg/rosidl_generator_c__visibility_control.h
[7.705s] -- Up-to-date symlink: /home/iju/S08P31C208/ROS/robot_ws/install/nav_2d_msgs/include/nav_2d_msgs/msg/twist2_d.h
[7.705s] -- Up-to-date symlink: /home/iju/S08P31C208/ROS/robot_ws/install/nav_2d_msgs/include/nav_2d_msgs/msg/twist2_d32.h
[7.705s] -- Up-to-date symlink: /home/iju/S08P31C208/ROS/robot_ws/install/nav_2d_msgs/include/nav_2d_msgs/msg/twist2_d32__functions.h
[7.705s] -- Up-to-date symlink: /home/iju/S08P31C208/ROS/robot_ws/install/nav_2d_msgs/include/nav_2d_msgs/msg/twist2_d32__struct.h
[7.710s] -- Up-to-date symlink: /home/iju/S08P31C208/ROS/robot_ws/install/nav_2d_msgs/include/nav_2d_msgs/msg/twist2_d32__type_support.h
[7.710s] -- Up-to-date symlink: /home/iju/S08P31C208/ROS/robot_ws/install/nav_2d_msgs/include/nav_2d_msgs/msg/twist2_d__functions.h
[7.710s] -- Up-to-date symlink: /home/iju/S08P31C208/ROS/robot_ws/install/nav_2d_msgs/include/nav_2d_msgs/msg/twist2_d__struct.h
[7.710s] -- Up-to-date symlink: /home/iju/S08P31C208/ROS/robot_ws/install/nav_2d_msgs/include/nav_2d_msgs/msg/twist2_d__type_support.h
[7.710s] -- Up-to-date symlink: /home/iju/S08P31C208/ROS/robot_ws/install/nav_2d_msgs/include/nav_2d_msgs/msg/twist2_d_stamped.h
[7.711s] -- Up-to-date symlink: /home/iju/S08P31C208/ROS/robot_ws/install/nav_2d_msgs/include/nav_2d_msgs/msg/twist2_d_stamped__functions.h
[7.711s] -- Up-to-date symlink: /home/iju/S08P31C208/ROS/robot_ws/install/nav_2d_msgs/include/nav_2d_msgs/msg/twist2_d_stamped__struct.h
[7.711s] -- Up-to-date symlink: /home/iju/S08P31C208/ROS/robot_ws/install/nav_2d_msgs/include/nav_2d_msgs/msg/twist2_d_stamped__type_support.h
[7.712s] -- Up-to-date symlink: /home/iju/S08P31C208/ROS/robot_ws/install/nav_2d_msgs/share/nav_2d_msgs/environment/library_path.sh
[7.712s] -- Up-to-date symlink: /home/iju/S08P31C208/ROS/robot_ws/install/nav_2d_msgs/lib/libnav_2d_msgs__rosidl_generator_c.so
[7.712s] -- Up-to-date symlink: /home/iju/S08P31C208/ROS/robot_ws/install/nav_2d_msgs/lib/libnav_2d_msgs__rosidl_typesupport_c.so
[7.718s] -- Up-to-date symlink: /home/iju/S08P31C208/ROS/robot_ws/install/nav_2d_msgs/lib/libnav_2d_msgs__rosidl_typesupport_cpp.so
[7.718s] -- Up-to-date symlink: /home/iju/S08P31C208/ROS/robot_ws/install/nav_2d_msgs/include/nav_2d_msgs/msg/path2_d__rosidl_typesupport_introspection_c.h
[7.718s] -- Up-to-date symlink: /home/iju/S08P31C208/ROS/robot_ws/install/nav_2d_msgs/include/nav_2d_msgs/msg/pose2_d32__rosidl_typesupport_introspection_c.h
[7.718s] -- Up-to-date symlink: /home/iju/S08P31C208/ROS/robot_ws/install/nav_2d_msgs/include/nav_2d_msgs/msg/pose2_d_stamped__rosidl_typesupport_introspection_c.h
[7.718s] -- Up-to-date symlink: /home/iju/S08P31C208/ROS/robot_ws/install/nav_2d_msgs/include/nav_2d_msgs/msg/rosidl_typesupport_introspection_c__visibility_control.h
[7.718s] -- Up-to-date symlink: /home/iju/S08P31C208/ROS/robot_ws/install/nav_2d_msgs/include/nav_2d_msgs/msg/twist2_d32__rosidl_typesupport_introspection_c.h
[7.718s] -- Up-to-date symlink: /home/iju/S08P31C208/ROS/robot_ws/install/nav_2d_msgs/include/nav_2d_msgs/msg/twist2_d__rosidl_typesupport_introspection_c.h
[7.719s] -- Up-to-date symlink: /home/iju/S08P31C208/ROS/robot_ws/install/nav_2d_msgs/include/nav_2d_msgs/msg/twist2_d_stamped__rosidl_typesupport_introspection_c.h
[7.719s] -- Up-to-date symlink: /home/iju/S08P31C208/ROS/robot_ws/install/nav_2d_msgs/lib/libnav_2d_msgs__rosidl_typesupport_introspection_c.so
[7.719s] -- Up-to-date symlink: /home/iju/S08P31C208/ROS/robot_ws/install/nav_2d_msgs/include/nav_2d_msgs/msg/path2_d__rosidl_typesupport_introspection_cpp.hpp
[7.719s] -- Up-to-date symlink: /home/iju/S08P31C208/ROS/robot_ws/install/nav_2d_msgs/include/nav_2d_msgs/msg/pose2_d32__rosidl_typesupport_introspection_cpp.hpp
[7.719s] -- Up-to-date symlink: /home/iju/S08P31C208/ROS/robot_ws/install/nav_2d_msgs/include/nav_2d_msgs/msg/pose2_d_stamped__rosidl_typesupport_introspection_cpp.hpp
[7.719s] -- Up-to-date symlink: /home/iju/S08P31C208/ROS/robot_ws/install/nav_2d_msgs/include/nav_2d_msgs/msg/twist2_d32__rosidl_typesupport_introspection_cpp.hpp
[7.719s] -- Up-to-date symlink: /home/iju/S08P31C208/ROS/robot_ws/install/nav_2d_msgs/include/nav_2d_msgs/msg/twist2_d__rosidl_typesupport_introspection_cpp.hpp
[7.719s] -- Up-to-date symlink: /home/iju/S08P31C208/ROS/robot_ws/install/nav_2d_msgs/include/nav_2d_msgs/msg/twist2_d_stamped__rosidl_typesupport_introspection_cpp.hpp
[7.723s] -- Up-to-date symlink: /home/iju/S08P31C208/ROS/robot_ws/install/nav_2d_msgs/lib/libnav_2d_msgs__rosidl_typesupport_introspection_cpp.so
[7.724s] -- Up-to-date symlink: /home/iju/S08P31C208/ROS/robot_ws/install/nav_2d_msgs/include/nav_2d_msgs/msg/path2_d__rosidl_typesupport_fastrtps_c.h
[7.724s] -- Up-to-date symlink: /home/iju/S08P31C208/ROS/robot_ws/install/nav_2d_msgs/include/nav_2d_msgs/msg/pose2_d32__rosidl_typesupport_fastrtps_c.h
[7.725s] -- Up-to-date symlink: /home/iju/S08P31C208/ROS/robot_ws/install/nav_2d_msgs/include/nav_2d_msgs/msg/pose2_d_stamped__rosidl_typesupport_fastrtps_c.h
[7.725s] -- Up-to-date symlink: /home/iju/S08P31C208/ROS/robot_ws/install/nav_2d_msgs/include/nav_2d_msgs/msg/rosidl_typesupport_fastrtps_c__visibility_control.h
[7.725s] -- Up-to-date symlink: /home/iju/S08P31C208/ROS/robot_ws/install/nav_2d_msgs/include/nav_2d_msgs/msg/twist2_d32__rosidl_typesupport_fastrtps_c.h
[7.725s] -- Up-to-date symlink: /home/iju/S08P31C208/ROS/robot_ws/install/nav_2d_msgs/include/nav_2d_msgs/msg/twist2_d__rosidl_typesupport_fastrtps_c.h
[7.726s] -- Up-to-date symlink: /home/iju/S08P31C208/ROS/robot_ws/install/nav_2d_msgs/include/nav_2d_msgs/msg/twist2_d_stamped__rosidl_typesupport_fastrtps_c.h
[7.726s] -- Up-to-date symlink: /home/iju/S08P31C208/ROS/robot_ws/install/nav_2d_msgs/lib/libnav_2d_msgs__rosidl_typesupport_fastrtps_c.so
[7.727s] -- Up-to-date symlink: /home/iju/S08P31C208/ROS/robot_ws/install/nav_2d_msgs/include/nav_2d_msgs/msg/path2_d__rosidl_typesupport_fastrtps_cpp.hpp
[7.727s] -- Up-to-date symlink: /home/iju/S08P31C208/ROS/robot_ws/install/nav_2d_msgs/include/nav_2d_msgs/msg/pose2_d32__rosidl_typesupport_fastrtps_cpp.hpp
[7.727s] -- Up-to-date symlink: /home/iju/S08P31C208/ROS/robot_ws/install/nav_2d_msgs/include/nav_2d_msgs/msg/pose2_d_stamped__rosidl_typesupport_fastrtps_cpp.hpp
[7.728s] -- Up-to-date symlink: /home/iju/S08P31C208/ROS/robot_ws/install/nav_2d_msgs/include/nav_2d_msgs/msg/rosidl_typesupport_fastrtps_cpp__visibility_control.h
[7.728s] -- Up-to-date symlink: /home/iju/S08P31C208/ROS/robot_ws/install/nav_2d_msgs/include/nav_2d_msgs/msg/twist2_d32__rosidl_typesupport_fastrtps_cpp.hpp
[7.728s] -- Up-to-date symlink: /home/iju/S08P31C208/ROS/robot_ws/install/nav_2d_msgs/include/nav_2d_msgs/msg/twist2_d__rosidl_typesupport_fastrtps_cpp.hpp
[7.728s] -- Up-to-date symlink: /home/iju/S08P31C208/ROS/robot_ws/install/nav_2d_msgs/include/nav_2d_msgs/msg/twist2_d_stamped__rosidl_typesupport_fastrtps_cpp.hpp
[7.729s] -- Up-to-date symlink: /home/iju/S08P31C208/ROS/robot_ws/install/nav_2d_msgs/lib/libnav_2d_msgs__rosidl_typesupport_fastrtps_cpp.so
[7.729s] -- Up-to-date symlink: /home/iju/S08P31C208/ROS/robot_ws/install/nav_2d_msgs/share/nav_2d_msgs/environment/pythonpath.sh
[7.729s] -- Up-to-date symlink: /home/iju/S08P31C208/ROS/robot_ws/install/nav_2d_msgs/lib/python3.6/site-packages/nav_2d_msgs/__init__.py
[7.730s] -- Up-to-date symlink: /home/iju/S08P31C208/ROS/robot_ws/install/nav_2d_msgs/lib/python3.6/site-packages/nav_2d_msgs/msg/__init__.py
[7.730s] -- Up-to-date symlink: /home/iju/S08P31C208/ROS/robot_ws/install/nav_2d_msgs/lib/python3.6/site-packages/nav_2d_msgs/msg/_path2_d.py
[7.731s] -- Up-to-date symlink: /home/iju/S08P31C208/ROS/robot_ws/install/nav_2d_msgs/lib/python3.6/site-packages/nav_2d_msgs/msg/_pose2_d32.py
[7.731s] -- Up-to-date symlink: /home/iju/S08P31C208/ROS/robot_ws/install/nav_2d_msgs/lib/python3.6/site-packages/nav_2d_msgs/msg/_pose2_d_stamped.py
[7.732s] -- Up-to-date symlink: /home/iju/S08P31C208/ROS/robot_ws/install/nav_2d_msgs/lib/python3.6/site-packages/nav_2d_msgs/msg/_twist2_d.py
[7.732s] -- Up-to-date symlink: /home/iju/S08P31C208/ROS/robot_ws/install/nav_2d_msgs/lib/python3.6/site-packages/nav_2d_msgs/msg/_twist2_d32.py
[7.732s] -- Up-to-date symlink: /home/iju/S08P31C208/ROS/robot_ws/install/nav_2d_msgs/lib/python3.6/site-packages/nav_2d_msgs/msg/_twist2_d_stamped.py
[7.732s] -- Up-to-date symlink: /home/iju/S08P31C208/ROS/robot_ws/install/nav_2d_msgs/lib/python3.6/site-packages/nav_2d_msgs/nav_2d_msgs_s__rosidl_typesupport_c.cpython-36m-x86_64-linux-gnu.so
[7.733s] -- Up-to-date symlink: /home/iju/S08P31C208/ROS/robot_ws/install/nav_2d_msgs/lib/python3.6/site-packages/nav_2d_msgs/nav_2d_msgs_s__rosidl_typesupport_introspection_c.cpython-36m-x86_64-linux-gnu.so
[7.733s] -- Up-to-date symlink: /home/iju/S08P31C208/ROS/robot_ws/install/nav_2d_msgs/lib/python3.6/site-packages/nav_2d_msgs/nav_2d_msgs_s__rosidl_typesupport_fastrtps_c.cpython-36m-x86_64-linux-gnu.so
[7.733s] -- Up-to-date symlink: /home/iju/S08P31C208/ROS/robot_ws/install/nav_2d_msgs/lib/libnav_2d_msgs__python.so
[7.734s] -- Up-to-date symlink: /home/iju/S08P31C208/ROS/robot_ws/install/nav_2d_msgs/share/nav_2d_msgs/msg/Path2D.idl
[7.734s] -- Up-to-date symlink: /home/iju/S08P31C208/ROS/robot_ws/install/nav_2d_msgs/share/nav_2d_msgs/msg/Pose2D32.idl
[7.741s] -- Up-to-date symlink: /home/iju/S08P31C208/ROS/robot_ws/install/nav_2d_msgs/share/nav_2d_msgs/msg/Pose2DStamped.idl
[7.742s] -- Up-to-date symlink: /home/iju/S08P31C208/ROS/robot_ws/install/nav_2d_msgs/share/nav_2d_msgs/msg/Twist2D.idl
[7.742s] -- Up-to-date symlink: /home/iju/S08P31C208/ROS/robot_ws/install/nav_2d_msgs/share/nav_2d_msgs/msg/Twist2D32.idl
[7.742s] -- Up-to-date symlink: /home/iju/S08P31C208/ROS/robot_ws/install/nav_2d_msgs/share/nav_2d_msgs/msg/Twist2DStamped.idl
[7.743s] -- Up-to-date symlink: /home/iju/S08P31C208/ROS/robot_ws/install/nav_2d_msgs/share/nav_2d_msgs/msg/Path2D.msg
[7.743s] -- Up-to-date symlink: /home/iju/S08P31C208/ROS/robot_ws/install/nav_2d_msgs/share/nav_2d_msgs/msg/Pose2D32.msg
[7.743s] -- Up-to-date symlink: /home/iju/S08P31C208/ROS/robot_ws/install/nav_2d_msgs/share/nav_2d_msgs/msg/Pose2DStamped.msg
[7.744s] -- Up-to-date symlink: /home/iju/S08P31C208/ROS/robot_ws/install/nav_2d_msgs/share/nav_2d_msgs/msg/Twist2D.msg
[7.744s] -- Up-to-date symlink: /home/iju/S08P31C208/ROS/robot_ws/install/nav_2d_msgs/share/nav_2d_msgs/msg/Twist2D32.msg
[7.744s] -- Up-to-date symlink: /home/iju/S08P31C208/ROS/robot_ws/install/nav_2d_msgs/share/nav_2d_msgs/msg/Twist2DStamped.msg
[7.745s] -- Up-to-date symlink: /home/iju/S08P31C208/ROS/robot_ws/install/nav_2d_msgs/share/ament_index/resource_index/package_run_dependencies/nav_2d_msgs
[7.745s] -- Up-to-date symlink: /home/iju/S08P31C208/ROS/robot_ws/install/nav_2d_msgs/share/ament_index/resource_index/parent_prefix_path/nav_2d_msgs
[7.745s] -- Up-to-date symlink: /home/iju/S08P31C208/ROS/robot_ws/install/nav_2d_msgs/share/nav_2d_msgs/environment/ament_prefix_path.sh
[7.745s] -- Up-to-date symlink: /home/iju/S08P31C208/ROS/robot_ws/install/nav_2d_msgs/share/nav_2d_msgs/environment/path.sh
[7.746s] -- Up-to-date symlink: /home/iju/S08P31C208/ROS/robot_ws/install/nav_2d_msgs/share/nav_2d_msgs/local_setup.bash
[7.746s] -- Up-to-date symlink: /home/iju/S08P31C208/ROS/robot_ws/install/nav_2d_msgs/share/nav_2d_msgs/local_setup.sh
[7.747s] -- Up-to-date symlink: /home/iju/S08P31C208/ROS/robot_ws/install/nav_2d_msgs/share/nav_2d_msgs/local_setup.zsh
[7.747s] -- Up-to-date symlink: /home/iju/S08P31C208/ROS/robot_ws/install/nav_2d_msgs/share/ament_index/resource_index/packages/nav_2d_msgs
[7.748s] -- Up-to-date symlink: /home/iju/S08P31C208/ROS/robot_ws/install/nav_2d_msgs/share/nav_2d_msgs/cmake/rosidl_cmake-extras.cmake
[7.748s] -- Up-to-date symlink: /home/iju/S08P31C208/ROS/robot_ws/install/nav_2d_msgs/share/nav_2d_msgs/cmake/ament_cmake_export_dependencies-extras.cmake
[7.748s] -- Up-to-date symlink: /home/iju/S08P31C208/ROS/robot_ws/install/nav_2d_msgs/share/nav_2d_msgs/cmake/ament_cmake_export_include_directories-extras.cmake
[7.749s] -- Up-to-date symlink: /home/iju/S08P31C208/ROS/robot_ws/install/nav_2d_msgs/share/nav_2d_msgs/cmake/ament_cmake_export_libraries-extras.cmake
[7.749s] -- Up-to-date symlink: /home/iju/S08P31C208/ROS/robot_ws/install/nav_2d_msgs/share/nav_2d_msgs/cmake/nav_2d_msgsConfig.cmake
[7.749s] -- Up-to-date symlink: /home/iju/S08P31C208/ROS/robot_ws/install/nav_2d_msgs/share/nav_2d_msgs/cmake/nav_2d_msgsConfig-version.cmake
[7.750s] -- Up-to-date symlink: /home/iju/S08P31C208/ROS/robot_ws/install/nav_2d_msgs/share/nav_2d_msgs/package.xml
[7.846s] Compiling '/home/iju/S08P31C208/ROS/robot_ws/install/nav_2d_msgs/lib/python3.6/site-packages/nav_2d_msgs/__init__.py'...
[7.868s] Invoked command in '/home/iju/S08P31C208/ROS/robot_ws/build/nav_2d_msgs' returned '0': CMAKE_PREFIX_PATH=${CMAKE_PREFIX_PATH}:/home/iju/S08P31C208/ROS/robot_ws/install/turtlebot3_teleop:/home/iju/S08P31C208/ROS/robot_ws/install/turtlebot3_example:/opt/ros/dashing PS1=\u@\h \[\033[32m\]\w\[\033[33m\]$(parse_git_branch)\[\033[00m\] $ /usr/bin/cmake --build /home/iju/S08P31C208/ROS/robot_ws/build/nav_2d_msgs --target install -- -j6 -l6
