[0.040s] Invoking command in '/home/iju/S08P31C208/ROS/robot_ws/build/gazebo_ros': CMAKE_PREFIX_PATH=/home/iju/S08P31C208/ROS/robot_ws/install/gazebo_msgs:/home/iju/S08P31C208/ROS/robot_ws/install/gazebo_dev:/home/iju/S08P31C208/ROS/robot_ws/install/vision_opencv:/home/iju/S08P31C208/ROS/robot_ws/install/turtlebot3_simulations:/home/iju/S08P31C208/ROS/robot_ws/install/turtlebot3_gazebo:/home/iju/S08P31C208/ROS/robot_ws/install/turtlebot3:/home/iju/S08P31C208/ROS/robot_ws/install/turtlebot3_bringup:/home/iju/S08P31C208/ROS/robot_ws/install/turtlebot3_node:/home/iju/S08P31C208/ROS/robot_ws/install/turtlebot3_navigation2:/home/iju/S08P31C208/ROS/robot_ws/install/turtlebot3_fake_node:/home/iju/S08P31C208/ROS/robot_ws/install/turtlebot3_msgs:/home/iju/S08P31C208/ROS/robot_ws/install/turtlebot3_description:/home/iju/S08P31C208/ROS/robot_ws/install/turtlebot3_cartographer:/home/iju/S08P31C208/ROS/robot_ws/install/image_geometry:/home/iju/S08P31C208/ROS/robot_ws/install/gazebo_ros_pkgs:/home/iju/S08P31C208/ROS/robot_ws/install/turtlebot3_teleop:/home/iju/S08P31C208/ROS/robot_ws/install/turtlebot3_example:/home/iju/S08P31C208/ROS/robot_ws/install/opencv_tests:/opt/ros/dashing:/home/iju/S08P31C208/ROS/robot_ws/install/aws_robomaker_hospital_world:/home/iju/S08P31C208/ROS/robot_ws/install/gazebo_plugins:/home/iju/S08P31C208/ROS/robot_ws/install/gazebo_ros:/home/iju/S08P31C208/ROS/robot_ws/install/dynamixel_sdk_examples:/home/iju/S08P31C208/ROS/robot_ws/install/dynamixel_sdk_custom_interfaces:/home/iju/S08P31C208/ROS/robot_ws/install/dynamixel_sdk:/home/iju/S08P31C208/ROS/robot_ws/install/cv_bridge LD_LIBRARY_PATH=/home/iju/S08P31C208/ROS/robot_ws/install/gazebo_msgs/lib:/home/iju/S08P31C208/ROS/robot_ws/install/turtlebot3_msgs/lib:/home/iju/S08P31C208/ROS/robot_ws/install/image_geometry/lib:/home/iju/S08P31C208/ROS/robot_ws/install/gazebo_plugins/lib:/home/iju/S08P31C208/ROS/robot_ws/install/gazebo_ros/lib:/home/iju/S08P31C208/ROS/robot_ws/install/dynamixel_sdk_custom_interfaces/lib:/home/iju/S08P31C208/ROS/robot_ws/install/dynamixel_sdk/lib:/home/iju/S08P31C208/ROS/robot_ws/install/cv_bridge/lib:/usr/lib/x86_64-linux-gnu/gazebo-9/plugins:/opt/ros/dashing/opt/yaml_cpp_vendor/lib:/opt/ros/dashing/opt/rviz_ogre_vendor/lib:/opt/ros/dashing/lib PS1=\u@\h \[\033[32m\]\w\[\033[33m\]$(parse_git_branch)\[\033[00m\] $ PYTHONPATH=/home/iju/S08P31C208/ROS/robot_ws/install/gazebo_msgs/lib/python3.6/site-packages:/home/iju/S08P31C208/ROS/robot_ws/build/turtlebot3_teleop:/home/iju/S08P31C208/ROS/robot_ws/install/turtlebot3_teleop/lib/python3.6/site-packages:/home/iju/S08P31C208/ROS/robot_ws/build/turtlebot3_example:/home/iju/S08P31C208/ROS/robot_ws/install/turtlebot3_example/lib/python3.6/site-packages:/home/iju/S08P31C208/ROS/robot_ws/install/turtlebot3_msgs/lib/python3.6/site-packages:/home/iju/S08P31C208/ROS/robot_ws/build/opencv_tests:/home/iju/S08P31C208/ROS/robot_ws/install/opencv_tests/lib/python3.6/site-packages:/home/iju/S08P31C208/ROS/robot_ws/install/image_geometry/lib/python3.6/site-packages:/home/iju/S08P31C208/ROS/robot_ws/install/gazebo_ros/lib/python3.6/site-packages:/home/iju/S08P31C208/ROS/robot_ws/install/dynamixel_sdk_custom_interfaces/lib/python3.6/site-packages:/home/iju/S08P31C208/ROS/robot_ws/install/cv_bridge/lib/python3.6/site-packages:/opt/ros/dashing/lib/python3.6/site-packages /usr/bin/cmake --build /home/iju/S08P31C208/ROS/robot_ws/build/gazebo_ros -- -j6 -l6
[0.109s] [  4%] Built target gtest
[0.112s] [  8%] Built target gtest_main
[0.117s] [ 15%] Built target gazebo_ros_node
[0.118s] [ 20%] Built target gazebo_ros_utils
[0.161s] [ 24%] Built target ros_world_plugin
[0.165s] [ 28%] Built target multiple_nodes
[0.174s] [ 33%] Built target gazebo_ros_state
[0.179s] [ 37%] Built target gazebo_ros_properties
[0.207s] [ 42%] Built target sdf_node
[0.218s] [ 46%] Built target create_node_without_init
[0.227s] [ 51%] Built target test_sim_time
[0.237s] [ 55%] Built target test_gazebo_ros_properties
[0.264s] [ 60%] Built target test_gazebo_ros_factory
[0.280s] [ 64%] Built target test_gazebo_ros_init
[0.281s] [ 68%] Built target test_node
[0.283s] [ 73%] Built target test_gazebo_ros_state
[0.326s] [ 77%] Built target test_conversions
[0.336s] [ 82%] Built target gazebo_ros_factory
[0.337s] [ 86%] Built target test_utils
[0.337s] [ 91%] Built target gazebo_ros_init
[0.373s] [ 95%] Built target args_init
[0.373s] [100%] Built target test_plugins
[0.409s] Invoked command in '/home/iju/S08P31C208/ROS/robot_ws/build/gazebo_ros' returned '0': CMAKE_PREFIX_PATH=/home/iju/S08P31C208/ROS/robot_ws/install/gazebo_msgs:/home/iju/S08P31C208/ROS/robot_ws/install/gazebo_dev:/home/iju/S08P31C208/ROS/robot_ws/install/vision_opencv:/home/iju/S08P31C208/ROS/robot_ws/install/turtlebot3_simulations:/home/iju/S08P31C208/ROS/robot_ws/install/turtlebot3_gazebo:/home/iju/S08P31C208/ROS/robot_ws/install/turtlebot3:/home/iju/S08P31C208/ROS/robot_ws/install/turtlebot3_bringup:/home/iju/S08P31C208/ROS/robot_ws/install/turtlebot3_node:/home/iju/S08P31C208/ROS/robot_ws/install/turtlebot3_navigation2:/home/iju/S08P31C208/ROS/robot_ws/install/turtlebot3_fake_node:/home/iju/S08P31C208/ROS/robot_ws/install/turtlebot3_msgs:/home/iju/S08P31C208/ROS/robot_ws/install/turtlebot3_description:/home/iju/S08P31C208/ROS/robot_ws/install/turtlebot3_cartographer:/home/iju/S08P31C208/ROS/robot_ws/install/image_geometry:/home/iju/S08P31C208/ROS/robot_ws/install/gazebo_ros_pkgs:/home/iju/S08P31C208/ROS/robot_ws/install/turtlebot3_teleop:/home/iju/S08P31C208/ROS/robot_ws/install/turtlebot3_example:/home/iju/S08P31C208/ROS/robot_ws/install/opencv_tests:/opt/ros/dashing:/home/iju/S08P31C208/ROS/robot_ws/install/aws_robomaker_hospital_world:/home/iju/S08P31C208/ROS/robot_ws/install/gazebo_plugins:/home/iju/S08P31C208/ROS/robot_ws/install/gazebo_ros:/home/iju/S08P31C208/ROS/robot_ws/install/dynamixel_sdk_examples:/home/iju/S08P31C208/ROS/robot_ws/install/dynamixel_sdk_custom_interfaces:/home/iju/S08P31C208/ROS/robot_ws/install/dynamixel_sdk:/home/iju/S08P31C208/ROS/robot_ws/install/cv_bridge LD_LIBRARY_PATH=/home/iju/S08P31C208/ROS/robot_ws/install/gazebo_msgs/lib:/home/iju/S08P31C208/ROS/robot_ws/install/turtlebot3_msgs/lib:/home/iju/S08P31C208/ROS/robot_ws/install/image_geometry/lib:/home/iju/S08P31C208/ROS/robot_ws/install/gazebo_plugins/lib:/home/iju/S08P31C208/ROS/robot_ws/install/gazebo_ros/lib:/home/iju/S08P31C208/ROS/robot_ws/install/dynamixel_sdk_custom_interfaces/lib:/home/iju/S08P31C208/ROS/robot_ws/install/dynamixel_sdk/lib:/home/iju/S08P31C208/ROS/robot_ws/install/cv_bridge/lib:/usr/lib/x86_64-linux-gnu/gazebo-9/plugins:/opt/ros/dashing/opt/yaml_cpp_vendor/lib:/opt/ros/dashing/opt/rviz_ogre_vendor/lib:/opt/ros/dashing/lib PS1=\u@\h \[\033[32m\]\w\[\033[33m\]$(parse_git_branch)\[\033[00m\] $ PYTHONPATH=/home/iju/S08P31C208/ROS/robot_ws/install/gazebo_msgs/lib/python3.6/site-packages:/home/iju/S08P31C208/ROS/robot_ws/build/turtlebot3_teleop:/home/iju/S08P31C208/ROS/robot_ws/install/turtlebot3_teleop/lib/python3.6/site-packages:/home/iju/S08P31C208/ROS/robot_ws/build/turtlebot3_example:/home/iju/S08P31C208/ROS/robot_ws/install/turtlebot3_example/lib/python3.6/site-packages:/home/iju/S08P31C208/ROS/robot_ws/install/turtlebot3_msgs/lib/python3.6/site-packages:/home/iju/S08P31C208/ROS/robot_ws/build/opencv_tests:/home/iju/S08P31C208/ROS/robot_ws/install/opencv_tests/lib/python3.6/site-packages:/home/iju/S08P31C208/ROS/robot_ws/install/image_geometry/lib/python3.6/site-packages:/home/iju/S08P31C208/ROS/robot_ws/install/gazebo_ros/lib/python3.6/site-packages:/home/iju/S08P31C208/ROS/robot_ws/install/dynamixel_sdk_custom_interfaces/lib/python3.6/site-packages:/home/iju/S08P31C208/ROS/robot_ws/install/cv_bridge/lib/python3.6/site-packages:/opt/ros/dashing/lib/python3.6/site-packages /usr/bin/cmake --build /home/iju/S08P31C208/ROS/robot_ws/build/gazebo_ros -- -j6 -l6
[0.474s] Invoking command in '/home/iju/S08P31C208/ROS/robot_ws/build/gazebo_ros': CMAKE_PREFIX_PATH=/home/iju/S08P31C208/ROS/robot_ws/install/gazebo_msgs:/home/iju/S08P31C208/ROS/robot_ws/install/gazebo_dev:/home/iju/S08P31C208/ROS/robot_ws/install/vision_opencv:/home/iju/S08P31C208/ROS/robot_ws/install/turtlebot3_simulations:/home/iju/S08P31C208/ROS/robot_ws/install/turtlebot3_gazebo:/home/iju/S08P31C208/ROS/robot_ws/install/turtlebot3:/home/iju/S08P31C208/ROS/robot_ws/install/turtlebot3_bringup:/home/iju/S08P31C208/ROS/robot_ws/install/turtlebot3_node:/home/iju/S08P31C208/ROS/robot_ws/install/turtlebot3_navigation2:/home/iju/S08P31C208/ROS/robot_ws/install/turtlebot3_fake_node:/home/iju/S08P31C208/ROS/robot_ws/install/turtlebot3_msgs:/home/iju/S08P31C208/ROS/robot_ws/install/turtlebot3_description:/home/iju/S08P31C208/ROS/robot_ws/install/turtlebot3_cartographer:/home/iju/S08P31C208/ROS/robot_ws/install/image_geometry:/home/iju/S08P31C208/ROS/robot_ws/install/gazebo_ros_pkgs:/home/iju/S08P31C208/ROS/robot_ws/install/turtlebot3_teleop:/home/iju/S08P31C208/ROS/robot_ws/install/turtlebot3_example:/home/iju/S08P31C208/ROS/robot_ws/install/opencv_tests:/opt/ros/dashing:/home/iju/S08P31C208/ROS/robot_ws/install/aws_robomaker_hospital_world:/home/iju/S08P31C208/ROS/robot_ws/install/gazebo_plugins:/home/iju/S08P31C208/ROS/robot_ws/install/gazebo_ros:/home/iju/S08P31C208/ROS/robot_ws/install/dynamixel_sdk_examples:/home/iju/S08P31C208/ROS/robot_ws/install/dynamixel_sdk_custom_interfaces:/home/iju/S08P31C208/ROS/robot_ws/install/dynamixel_sdk:/home/iju/S08P31C208/ROS/robot_ws/install/cv_bridge LD_LIBRARY_PATH=/home/iju/S08P31C208/ROS/robot_ws/install/gazebo_msgs/lib:/home/iju/S08P31C208/ROS/robot_ws/install/turtlebot3_msgs/lib:/home/iju/S08P31C208/ROS/robot_ws/install/image_geometry/lib:/home/iju/S08P31C208/ROS/robot_ws/install/gazebo_plugins/lib:/home/iju/S08P31C208/ROS/robot_ws/install/gazebo_ros/lib:/home/iju/S08P31C208/ROS/robot_ws/install/dynamixel_sdk_custom_interfaces/lib:/home/iju/S08P31C208/ROS/robot_ws/install/dynamixel_sdk/lib:/home/iju/S08P31C208/ROS/robot_ws/install/cv_bridge/lib:/usr/lib/x86_64-linux-gnu/gazebo-9/plugins:/opt/ros/dashing/opt/yaml_cpp_vendor/lib:/opt/ros/dashing/opt/rviz_ogre_vendor/lib:/opt/ros/dashing/lib PS1=\u@\h \[\033[32m\]\w\[\033[33m\]$(parse_git_branch)\[\033[00m\] $ PYTHONPATH=/home/iju/S08P31C208/ROS/robot_ws/install/gazebo_msgs/lib/python3.6/site-packages:/home/iju/S08P31C208/ROS/robot_ws/build/turtlebot3_teleop:/home/iju/S08P31C208/ROS/robot_ws/install/turtlebot3_teleop/lib/python3.6/site-packages:/home/iju/S08P31C208/ROS/robot_ws/build/turtlebot3_example:/home/iju/S08P31C208/ROS/robot_ws/install/turtlebot3_example/lib/python3.6/site-packages:/home/iju/S08P31C208/ROS/robot_ws/install/turtlebot3_msgs/lib/python3.6/site-packages:/home/iju/S08P31C208/ROS/robot_ws/build/opencv_tests:/home/iju/S08P31C208/ROS/robot_ws/install/opencv_tests/lib/python3.6/site-packages:/home/iju/S08P31C208/ROS/robot_ws/install/image_geometry/lib/python3.6/site-packages:/home/iju/S08P31C208/ROS/robot_ws/install/gazebo_ros/lib/python3.6/site-packages:/home/iju/S08P31C208/ROS/robot_ws/install/dynamixel_sdk_custom_interfaces/lib/python3.6/site-packages:/home/iju/S08P31C208/ROS/robot_ws/install/cv_bridge/lib/python3.6/site-packages:/opt/ros/dashing/lib/python3.6/site-packages /usr/bin/cmake --build /home/iju/S08P31C208/ROS/robot_ws/build/gazebo_ros --target install -- -j6 -l6
[0.538s] [  4%] Built target gtest
[0.538s] [  8%] Built target gtest_main
[0.546s] [ 20%] Built target gazebo_ros_utils
[0.547s] [ 20%] Built target gazebo_ros_node
[0.590s] [ 24%] Built target gazebo_ros_init
[0.591s] [ 33%] Built target gazebo_ros_factory
[0.591s] [ 33%] Built target gazebo_ros_state
[0.625s] [ 42%] Built target test_plugins
[0.625s] [ 42%] Built target multiple_nodes
[0.628s] [ 46%] Built target test_utils
[0.656s] [ 51%] Built target test_conversions
[0.658s] [ 55%] Built target args_init
[0.661s] [ 60%] Built target sdf_node
[0.694s] [ 64%] Built target create_node_without_init
[0.697s] [ 68%] Built target test_sim_time
[0.704s] [ 73%] Built target test_gazebo_ros_properties
[0.743s] [ 82%] Built target test_gazebo_ros_state
[0.743s] [ 82%] Built target test_gazebo_ros_factory
[0.748s] [ 86%] Built target test_gazebo_ros_init
[0.780s] [ 91%] Built target ros_world_plugin
[0.782s] [ 95%] Built target test_node
[0.795s] [100%] Built target gazebo_ros_properties
[0.819s] [36mInstall the project...[0m
[0.836s] -- Install configuration: ""
[0.838s] -- Execute custom install script
[0.839s] -- Up-to-date symlink: /home/iju/S08P31C208/ROS/robot_ws/install/gazebo_ros/share/gazebo_ros/environment/pythonpath.sh
[0.840s] -- Up-to-date symlink: /home/iju/S08P31C208/ROS/robot_ws/install/gazebo_ros/lib/python3.6/site-packages/scripts//__init__.py
[0.841s] -- Up-to-date symlink: /home/iju/S08P31C208/ROS/robot_ws/install/gazebo_ros/lib/python3.6/site-packages/scripts//gazebo_ros_paths.py
[0.841s] -- Up-to-date symlink: /home/iju/S08P31C208/ROS/robot_ws/install/gazebo_ros/lib/python3.6/site-packages/scripts//spawn_entity.py
[0.842s] -- Up-to-date symlink: /home/iju/S08P31C208/ROS/robot_ws/install/gazebo_ros/share/gazebo_ros/environment/library_path.sh
[0.843s] -- Up-to-date symlink: /home/iju/S08P31C208/ROS/robot_ws/install/gazebo_ros/share/ament_index/resource_index/package_run_dependencies/gazebo_ros
[0.844s] -- Up-to-date symlink: /home/iju/S08P31C208/ROS/robot_ws/install/gazebo_ros/share/ament_index/resource_index/parent_prefix_path/gazebo_ros
[0.845s] -- Up-to-date symlink: /home/iju/S08P31C208/ROS/robot_ws/install/gazebo_ros/share/gazebo_ros/environment/ament_prefix_path.sh
[0.845s] -- Up-to-date symlink: /home/iju/S08P31C208/ROS/robot_ws/install/gazebo_ros/share/gazebo_ros/environment/path.sh
[0.846s] -- Up-to-date symlink: /home/iju/S08P31C208/ROS/robot_ws/install/gazebo_ros/share/gazebo_ros/local_setup.bash
[0.847s] -- Up-to-date symlink: /home/iju/S08P31C208/ROS/robot_ws/install/gazebo_ros/share/gazebo_ros/local_setup.sh
[0.848s] -- Up-to-date symlink: /home/iju/S08P31C208/ROS/robot_ws/install/gazebo_ros/share/gazebo_ros/local_setup.zsh
[0.849s] -- Up-to-date symlink: /home/iju/S08P31C208/ROS/robot_ws/install/gazebo_ros/share/ament_index/resource_index/packages/gazebo_ros
[0.850s] -- Up-to-date symlink: /home/iju/S08P31C208/ROS/robot_ws/install/gazebo_ros/share/gazebo_ros/cmake/ament_cmake_export_libraries-extras.cmake
[0.851s] -- Up-to-date symlink: /home/iju/S08P31C208/ROS/robot_ws/install/gazebo_ros/share/gazebo_ros/cmake/ament_cmake_export_include_directories-extras.cmake
[0.851s] -- Up-to-date symlink: /home/iju/S08P31C208/ROS/robot_ws/install/gazebo_ros/share/gazebo_ros/cmake/ament_cmake_export_dependencies-extras.cmake
[0.852s] -- Up-to-date symlink: /home/iju/S08P31C208/ROS/robot_ws/install/gazebo_ros/share/gazebo_ros/cmake/gazebo_rosConfig.cmake
[0.853s] -- Up-to-date symlink: /home/iju/S08P31C208/ROS/robot_ws/install/gazebo_ros/share/gazebo_ros/cmake/gazebo_rosConfig-version.cmake
[0.854s] -- Up-to-date symlink: /home/iju/S08P31C208/ROS/robot_ws/install/gazebo_ros/share/gazebo_ros/package.xml
[0.855s] -- Up-to-date symlink: /home/iju/S08P31C208/ROS/robot_ws/install/gazebo_ros/include/gazebo_ros/conversions/builtin_interfaces.hpp
[0.856s] -- Up-to-date symlink: /home/iju/S08P31C208/ROS/robot_ws/install/gazebo_ros/include/gazebo_ros/conversions/gazebo_msgs.hpp
[0.856s] -- Up-to-date symlink: /home/iju/S08P31C208/ROS/robot_ws/install/gazebo_ros/include/gazebo_ros/conversions/generic.hpp
[0.857s] -- Up-to-date symlink: /home/iju/S08P31C208/ROS/robot_ws/install/gazebo_ros/include/gazebo_ros/conversions/geometry_msgs.hpp
[0.858s] -- Up-to-date symlink: /home/iju/S08P31C208/ROS/robot_ws/install/gazebo_ros/include/gazebo_ros/conversions/sensor_msgs.hpp
[0.858s] -- Up-to-date symlink: /home/iju/S08P31C208/ROS/robot_ws/install/gazebo_ros/include/gazebo_ros/executor.hpp
[0.859s] -- Up-to-date symlink: /home/iju/S08P31C208/ROS/robot_ws/install/gazebo_ros/include/gazebo_ros/gazebo_ros_factory.hpp
[0.860s] -- Up-to-date symlink: /home/iju/S08P31C208/ROS/robot_ws/install/gazebo_ros/include/gazebo_ros/gazebo_ros_init.hpp
[0.861s] -- Up-to-date symlink: /home/iju/S08P31C208/ROS/robot_ws/install/gazebo_ros/include/gazebo_ros/gazebo_ros_properties.hpp
[0.861s] -- Up-to-date symlink: /home/iju/S08P31C208/ROS/robot_ws/install/gazebo_ros/include/gazebo_ros/gazebo_ros_state.hpp
[0.862s] -- Up-to-date symlink: /home/iju/S08P31C208/ROS/robot_ws/install/gazebo_ros/include/gazebo_ros/node.hpp
[0.863s] -- Up-to-date symlink: /home/iju/S08P31C208/ROS/robot_ws/install/gazebo_ros/include/gazebo_ros/testing_utils.hpp
[0.863s] -- Up-to-date symlink: /home/iju/S08P31C208/ROS/robot_ws/install/gazebo_ros/include/gazebo_ros/utils.hpp
[0.864s] -- Up-to-date symlink: /home/iju/S08P31C208/ROS/robot_ws/install/gazebo_ros/lib/gazebo_ros//gazebo_ros_paths.py
[0.866s] -- Up-to-date symlink: /home/iju/S08P31C208/ROS/robot_ws/install/gazebo_ros/lib/libgazebo_ros_factory.so
[0.866s] -- Up-to-date symlink: /home/iju/S08P31C208/ROS/robot_ws/install/gazebo_ros/lib/libgazebo_ros_init.so
[0.867s] -- Up-to-date symlink: /home/iju/S08P31C208/ROS/robot_ws/install/gazebo_ros/lib/libgazebo_ros_node.so
[0.868s] -- Up-to-date symlink: /home/iju/S08P31C208/ROS/robot_ws/install/gazebo_ros/lib/libgazebo_ros_properties.so
[0.869s] -- Up-to-date symlink: /home/iju/S08P31C208/ROS/robot_ws/install/gazebo_ros/lib/libgazebo_ros_state.so
[0.869s] -- Up-to-date symlink: /home/iju/S08P31C208/ROS/robot_ws/install/gazebo_ros/lib/libgazebo_ros_utils.so
[0.870s] -- Up-to-date symlink: /home/iju/S08P31C208/ROS/robot_ws/install/gazebo_ros/lib/gazebo_ros//spawn_entity.py
[0.871s] -- Up-to-date symlink: /home/iju/S08P31C208/ROS/robot_ws/install/gazebo_ros/share/gazebo_ros//launch/empty_world.launch.py
[0.872s] -- Up-to-date symlink: /home/iju/S08P31C208/ROS/robot_ws/install/gazebo_ros/share/gazebo_ros//launch/gazebo.launch.py
[0.873s] -- Up-to-date symlink: /home/iju/S08P31C208/ROS/robot_ws/install/gazebo_ros/share/gazebo_ros//launch/gzclient.launch.py
[0.873s] -- Up-to-date symlink: /home/iju/S08P31C208/ROS/robot_ws/install/gazebo_ros/share/gazebo_ros//launch/gzserver.launch.py
[0.874s] -- Up-to-date symlink: /home/iju/S08P31C208/ROS/robot_ws/install/gazebo_ros/share/gazebo_ros//launch/spawn_entity_demo.launch.py
[0.910s] Listing '/home/iju/S08P31C208/ROS/robot_ws/install/gazebo_ros/lib/python3.6/site-packages/scripts/'...
[0.928s] Invoked command in '/home/iju/S08P31C208/ROS/robot_ws/build/gazebo_ros' returned '0': CMAKE_PREFIX_PATH=/home/iju/S08P31C208/ROS/robot_ws/install/gazebo_msgs:/home/iju/S08P31C208/ROS/robot_ws/install/gazebo_dev:/home/iju/S08P31C208/ROS/robot_ws/install/vision_opencv:/home/iju/S08P31C208/ROS/robot_ws/install/turtlebot3_simulations:/home/iju/S08P31C208/ROS/robot_ws/install/turtlebot3_gazebo:/home/iju/S08P31C208/ROS/robot_ws/install/turtlebot3:/home/iju/S08P31C208/ROS/robot_ws/install/turtlebot3_bringup:/home/iju/S08P31C208/ROS/robot_ws/install/turtlebot3_node:/home/iju/S08P31C208/ROS/robot_ws/install/turtlebot3_navigation2:/home/iju/S08P31C208/ROS/robot_ws/install/turtlebot3_fake_node:/home/iju/S08P31C208/ROS/robot_ws/install/turtlebot3_msgs:/home/iju/S08P31C208/ROS/robot_ws/install/turtlebot3_description:/home/iju/S08P31C208/ROS/robot_ws/install/turtlebot3_cartographer:/home/iju/S08P31C208/ROS/robot_ws/install/image_geometry:/home/iju/S08P31C208/ROS/robot_ws/install/gazebo_ros_pkgs:/home/iju/S08P31C208/ROS/robot_ws/install/turtlebot3_teleop:/home/iju/S08P31C208/ROS/robot_ws/install/turtlebot3_example:/home/iju/S08P31C208/ROS/robot_ws/install/opencv_tests:/opt/ros/dashing:/home/iju/S08P31C208/ROS/robot_ws/install/aws_robomaker_hospital_world:/home/iju/S08P31C208/ROS/robot_ws/install/gazebo_plugins:/home/iju/S08P31C208/ROS/robot_ws/install/gazebo_ros:/home/iju/S08P31C208/ROS/robot_ws/install/dynamixel_sdk_examples:/home/iju/S08P31C208/ROS/robot_ws/install/dynamixel_sdk_custom_interfaces:/home/iju/S08P31C208/ROS/robot_ws/install/dynamixel_sdk:/home/iju/S08P31C208/ROS/robot_ws/install/cv_bridge LD_LIBRARY_PATH=/home/iju/S08P31C208/ROS/robot_ws/install/gazebo_msgs/lib:/home/iju/S08P31C208/ROS/robot_ws/install/turtlebot3_msgs/lib:/home/iju/S08P31C208/ROS/robot_ws/install/image_geometry/lib:/home/iju/S08P31C208/ROS/robot_ws/install/gazebo_plugins/lib:/home/iju/S08P31C208/ROS/robot_ws/install/gazebo_ros/lib:/home/iju/S08P31C208/ROS/robot_ws/install/dynamixel_sdk_custom_interfaces/lib:/home/iju/S08P31C208/ROS/robot_ws/install/dynamixel_sdk/lib:/home/iju/S08P31C208/ROS/robot_ws/install/cv_bridge/lib:/usr/lib/x86_64-linux-gnu/gazebo-9/plugins:/opt/ros/dashing/opt/yaml_cpp_vendor/lib:/opt/ros/dashing/opt/rviz_ogre_vendor/lib:/opt/ros/dashing/lib PS1=\u@\h \[\033[32m\]\w\[\033[33m\]$(parse_git_branch)\[\033[00m\] $ PYTHONPATH=/home/iju/S08P31C208/ROS/robot_ws/install/gazebo_msgs/lib/python3.6/site-packages:/home/iju/S08P31C208/ROS/robot_ws/build/turtlebot3_teleop:/home/iju/S08P31C208/ROS/robot_ws/install/turtlebot3_teleop/lib/python3.6/site-packages:/home/iju/S08P31C208/ROS/robot_ws/build/turtlebot3_example:/home/iju/S08P31C208/ROS/robot_ws/install/turtlebot3_example/lib/python3.6/site-packages:/home/iju/S08P31C208/ROS/robot_ws/install/turtlebot3_msgs/lib/python3.6/site-packages:/home/iju/S08P31C208/ROS/robot_ws/build/opencv_tests:/home/iju/S08P31C208/ROS/robot_ws/install/opencv_tests/lib/python3.6/site-packages:/home/iju/S08P31C208/ROS/robot_ws/install/image_geometry/lib/python3.6/site-packages:/home/iju/S08P31C208/ROS/robot_ws/install/gazebo_ros/lib/python3.6/site-packages:/home/iju/S08P31C208/ROS/robot_ws/install/dynamixel_sdk_custom_interfaces/lib/python3.6/site-packages:/home/iju/S08P31C208/ROS/robot_ws/install/cv_bridge/lib/python3.6/site-packages:/opt/ros/dashing/lib/python3.6/site-packages /usr/bin/cmake --build /home/iju/S08P31C208/ROS/robot_ws/build/gazebo_ros --target install -- -j6 -l6
