[0.210s] Invoking command in '/home/iju/S08P31C208/ROS/robot_ws/src/build/turtlebot3_msgs': CMAKE_PREFIX_PATH=/opt/ros/dashing PS1=\u@\h \[\033[32m\]\w\[\033[33m\]$(parse_git_branch)\[\033[00m\] $ /usr/bin/cmake /home/iju/S08P31C208/ROS/robot_ws/src/turtlebot3_msgs -DAMENT_CMAKE_SYMLINK_INSTALL=1 -DCMAKE_INSTALL_PREFIX=/home/iju/S08P31C208/ROS/robot_ws/src/install/turtlebot3_msgs
[0.469s] -- The C compiler identification is GNU 7.5.0
[0.638s] -- The CXX compiler identification is GNU 7.5.0
[0.645s] -- Check for working C compiler: /usr/bin/cc
[0.766s] -- Check for working C compiler: /usr/bin/cc -- works
[0.767s] -- Detecting C compiler ABI info
[0.883s] -- Detecting C compiler ABI info - done
[0.896s] -- Detecting C compile features
[1.315s] -- Detecting C compile features - done
[1.323s] -- Check for working CXX compiler: /usr/bin/c++
[1.501s] -- Check for working CXX compiler: /usr/bin/c++ -- works
[1.502s] -- Detecting CXX compiler ABI info
[1.656s] -- Detecting CXX compiler ABI info - done
[1.666s] -- Detecting CXX compile features
[2.335s] -- Detecting CXX compile features - done
[2.340s] -- Found action_msgs: 0.7.4 (/opt/ros/dashing/share/action_msgs/cmake)
[2.403s] -- Found PythonInterp: /usr/bin/python3 (found suitable version "3.6.9", minimum required is "3") 
[2.403s] -- Using PYTHON_EXECUTABLE: /usr/bin/python3
[2.814s] -- Override CMake install command with custom implementation using symlinks instead of copying resources
[2.847s] -- Found rosidl_adapter: 0.7.10 (/opt/ros/dashing/share/rosidl_adapter/cmake)
[2.962s] -- Found ament_cmake: 0.7.6 (/opt/ros/dashing/share/ament_cmake/cmake)
[3.000s] -- Found rosidl_default_generators: 0.7.0 (/opt/ros/dashing/share/rosidl_default_generators/cmake)
[3.161s] -- Found OpenSSL: /usr/lib/x86_64-linux-gnu/libcrypto.so (found version "1.1.1") 
[3.236s] -- Found FastRTPS: /opt/ros/dashing/include  
[3.436s] -- Found std_msgs: 0.7.1 (/opt/ros/dashing/share/std_msgs/cmake)
[3.615s] -- Found PythonInterp: /usr/bin/python3 (found version "3.6.9") 
[4.608s] -- Found ament_cmake_cppcheck: 0.7.12 (/opt/ros/dashing/share/ament_cmake_cppcheck/cmake)
[4.649s] -- Found ament_cmake_cpplint: 0.7.12 (/opt/ros/dashing/share/ament_cmake_cpplint/cmake)
[4.650s] -- Found ament_cmake_uncrustify: 0.7.12 (/opt/ros/dashing/share/ament_cmake_uncrustify/cmake)
[4.771s] -- Using all available rosidl_typesupport_c: rosidl_typesupport_fastrtps_c;rosidl_typesupport_introspection_c
[4.847s] -- Using all available rosidl_typesupport_cpp: rosidl_typesupport_fastrtps_cpp;rosidl_typesupport_introspection_cpp
[5.279s] -- Found rmw_implementation_cmake: 0.7.2 (/opt/ros/dashing/share/rmw_implementation_cmake/cmake)
[5.327s] -- Found PythonInterp: /usr/bin/python3 (found suitable version "3.6.9", minimum required is "3.5") 
[5.331s] -- Found python_cmake_module: 0.7.11 (/opt/ros/dashing/share/python_cmake_module/cmake)
[5.383s] -- Found PythonLibs: /usr/lib/x86_64-linux-gnu/libpython3.6m.so (found suitable version "3.6.9", minimum required is "3.5") 
[5.383s] -- Using PYTHON_EXECUTABLE: /usr/bin/python3
[5.383s] -- Using PYTHON_INCLUDE_DIRS: /usr/include/python3.6m
[5.383s] -- Using PYTHON_LIBRARIES: /usr/lib/x86_64-linux-gnu/libpython3.6m.so
[5.430s] -- Found PythonExtra: .so  
[5.813s] -- Found ament_cmake_flake8: 0.7.12 (/opt/ros/dashing/share/ament_cmake_flake8/cmake)
[5.816s] -- Found ament_cmake_pep257: 0.7.12 (/opt/ros/dashing/share/ament_cmake_pep257/cmake)
[5.843s] -- Configuring done
[6.230s] -- Generating done
[6.236s] -- Build files have been written to: /home/iju/S08P31C208/ROS/robot_ws/src/build/turtlebot3_msgs
[6.901s] Invoked command in '/home/iju/S08P31C208/ROS/robot_ws/src/build/turtlebot3_msgs' returned '0': CMAKE_PREFIX_PATH=/opt/ros/dashing PS1=\u@\h \[\033[32m\]\w\[\033[33m\]$(parse_git_branch)\[\033[00m\] $ /usr/bin/cmake /home/iju/S08P31C208/ROS/robot_ws/src/turtlebot3_msgs -DAMENT_CMAKE_SYMLINK_INSTALL=1 -DCMAKE_INSTALL_PREFIX=/home/iju/S08P31C208/ROS/robot_ws/src/install/turtlebot3_msgs
[6.905s] Invoking command in '/home/iju/S08P31C208/ROS/robot_ws/src/build/turtlebot3_msgs': CMAKE_PREFIX_PATH=/opt/ros/dashing PS1=\u@\h \[\033[32m\]\w\[\033[33m\]$(parse_git_branch)\[\033[00m\] $ /usr/bin/cmake --build /home/iju/S08P31C208/ROS/robot_ws/src/build/turtlebot3_msgs -- -j6 -l6
[7.019s] [35m[1mScanning dependencies of target turtlebot3_msgs__cpp[0m
[7.034s] [  1%] [34m[1mGenerating C code for ROS interfaces[0m
[7.084s] [  2%] [34m[1mGenerating C++ code for ROS interfaces[0m
[9.533s] [  2%] Built target turtlebot3_msgs__cpp
[9.659s] [  4%] [34m[1mGenerating C++ type support dispatch for ROS interfaces[0m
[10.031s] [  5%] [34m[1mGenerating C++ introspection for ROS interfaces[0m
[10.042s] [  7%] [34m[1mGenerating C++ type support for eProsima Fast-RTPS[0m
[10.138s] [35m[1mScanning dependencies of target turtlebot3_msgs__rosidl_generator_c[0m
[10.346s] [  8%] [32mBuilding C object CMakeFiles/turtlebot3_msgs__rosidl_generator_c.dir/rosidl_generator_c/turtlebot3_msgs/msg/sound__functions.c.o[0m
[10.362s] [  9%] [32mBuilding C object CMakeFiles/turtlebot3_msgs__rosidl_generator_c.dir/rosidl_generator_c/turtlebot3_msgs/msg/sensor_state__functions.c.o[0m
[10.421s] [ 11%] [32mBuilding C object CMakeFiles/turtlebot3_msgs__rosidl_generator_c.dir/rosidl_generator_c/turtlebot3_msgs/msg/version_info__functions.c.o[0m
[10.658s] [ 12%] [32mBuilding C object CMakeFiles/turtlebot3_msgs__rosidl_generator_c.dir/rosidl_generator_c/turtlebot3_msgs/srv/sound__functions.c.o[0m
[10.693s] [ 14%] [32mBuilding C object CMakeFiles/turtlebot3_msgs__rosidl_generator_c.dir/rosidl_generator_c/turtlebot3_msgs/srv/dqn__functions.c.o[0m
[10.803s] [ 15%] [32mBuilding C object CMakeFiles/turtlebot3_msgs__rosidl_generator_c.dir/rosidl_generator_c/turtlebot3_msgs/action/patrol__functions.c.o[0m
[11.225s] [ 16%] [32m[1mLinking C shared library libturtlebot3_msgs__rosidl_generator_c.so[0m
[11.638s] [ 16%] Built target turtlebot3_msgs__rosidl_generator_c
[11.749s] [ 18%] [34m[1mGenerating C introspection for ROS interfaces[0m
[11.751s] [ 19%] [34m[1mGenerating C type support dispatch for ROS interfaces[0m
[13.518s] [35m[1mScanning dependencies of target turtlebot3_msgs__rosidl_typesupport_cpp[0m
[13.643s] [ 21%] [32mBuilding CXX object CMakeFiles/turtlebot3_msgs__rosidl_typesupport_cpp.dir/rosidl_typesupport_cpp/turtlebot3_msgs/msg/sound__type_support.cpp.o[0m
[13.665s] [ 22%] [32mBuilding CXX object CMakeFiles/turtlebot3_msgs__rosidl_typesupport_cpp.dir/rosidl_typesupport_cpp/turtlebot3_msgs/msg/sensor_state__type_support.cpp.o[0m
[14.524s] [ 23%] [32mBuilding CXX object CMakeFiles/turtlebot3_msgs__rosidl_typesupport_cpp.dir/rosidl_typesupport_cpp/turtlebot3_msgs/msg/version_info__type_support.cpp.o[0m
[14.650s] [ 25%] [32mBuilding CXX object CMakeFiles/turtlebot3_msgs__rosidl_typesupport_cpp.dir/rosidl_typesupport_cpp/turtlebot3_msgs/srv/sound__type_support.cpp.o[0m
[14.984s] [35m[1mScanning dependencies of target turtlebot3_msgs__rosidl_typesupport_introspection_cpp[0m
[15.101s] [ 26%] [32mBuilding CXX object CMakeFiles/turtlebot3_msgs__rosidl_typesupport_introspection_cpp.dir/rosidl_typesupport_introspection_cpp/turtlebot3_msgs/msg/sensor_state__type_support.cpp.o[0m
[15.181s] [35m[1mScanning dependencies of target turtlebot3_msgs__rosidl_typesupport_c[0m
[15.251s] [ 28%] [32mBuilding CXX object CMakeFiles/turtlebot3_msgs__rosidl_typesupport_cpp.dir/rosidl_typesupport_cpp/turtlebot3_msgs/srv/dqn__type_support.cpp.o[0m
[15.282s] [ 29%] [32mBuilding CXX object CMakeFiles/turtlebot3_msgs__rosidl_typesupport_c.dir/rosidl_typesupport_c/turtlebot3_msgs/msg/sensor_state__type_support.cpp.o[0m
[15.288s] [35m[1mScanning dependencies of target turtlebot3_msgs__rosidl_typesupport_fastrtps_cpp[0m
[15.343s] [ 30%] [32mBuilding CXX object CMakeFiles/turtlebot3_msgs__rosidl_typesupport_cpp.dir/rosidl_typesupport_cpp/turtlebot3_msgs/action/patrol__type_support.cpp.o[0m
[15.478s] [ 32%] [32mBuilding CXX object CMakeFiles/turtlebot3_msgs__rosidl_typesupport_c.dir/rosidl_typesupport_c/turtlebot3_msgs/msg/sound__type_support.cpp.o[0m
[15.482s] [ 33%] [32mBuilding CXX object CMakeFiles/turtlebot3_msgs__rosidl_typesupport_fastrtps_cpp.dir/rosidl_typesupport_fastrtps_cpp/turtlebot3_msgs/msg/dds_fastrtps/sensor_state__type_support.cpp.o[0m
[15.698s] [ 35%] [32mBuilding CXX object CMakeFiles/turtlebot3_msgs__rosidl_typesupport_c.dir/rosidl_typesupport_c/turtlebot3_msgs/msg/version_info__type_support.cpp.o[0m
[15.938s] [ 36%] [32mBuilding CXX object CMakeFiles/turtlebot3_msgs__rosidl_typesupport_introspection_cpp.dir/rosidl_typesupport_introspection_cpp/turtlebot3_msgs/msg/sound__type_support.cpp.o[0m
[15.972s] [ 38%] [32mBuilding CXX object CMakeFiles/turtlebot3_msgs__rosidl_typesupport_c.dir/rosidl_typesupport_c/turtlebot3_msgs/srv/sound__type_support.cpp.o[0m
[16.088s] [ 39%] [32mBuilding CXX object CMakeFiles/turtlebot3_msgs__rosidl_typesupport_c.dir/rosidl_typesupport_c/turtlebot3_msgs/srv/dqn__type_support.cpp.o[0m
[16.166s] [35m[1mScanning dependencies of target turtlebot3_msgs__rosidl_typesupport_introspection_c[0m
[16.212s] [ 40%] [32m[1mLinking CXX shared library libturtlebot3_msgs__rosidl_typesupport_cpp.so[0m
[16.319s] [ 42%] [32mBuilding CXX object CMakeFiles/turtlebot3_msgs__rosidl_typesupport_fastrtps_cpp.dir/rosidl_typesupport_fastrtps_cpp/turtlebot3_msgs/msg/dds_fastrtps/sound__type_support.cpp.o[0m
[16.332s] [ 43%] [32mBuilding CXX object CMakeFiles/turtlebot3_msgs__rosidl_typesupport_c.dir/rosidl_typesupport_c/turtlebot3_msgs/action/patrol__type_support.cpp.o[0m
[16.336s] [ 45%] [32mBuilding C object CMakeFiles/turtlebot3_msgs__rosidl_typesupport_introspection_c.dir/rosidl_typesupport_introspection_c/turtlebot3_msgs/msg/sensor_state__type_support.c.o[0m
[16.584s] [ 46%] [32m[1mLinking CXX shared library libturtlebot3_msgs__rosidl_typesupport_c.so[0m
[16.608s] [ 47%] [32mBuilding C object CMakeFiles/turtlebot3_msgs__rosidl_typesupport_introspection_c.dir/rosidl_typesupport_introspection_c/turtlebot3_msgs/msg/sound__type_support.c.o[0m
[16.747s] [ 49%] [32mBuilding CXX object CMakeFiles/turtlebot3_msgs__rosidl_typesupport_introspection_cpp.dir/rosidl_typesupport_introspection_cpp/turtlebot3_msgs/msg/version_info__type_support.cpp.o[0m
[16.750s] [ 49%] Built target turtlebot3_msgs__rosidl_typesupport_cpp
[16.850s] [ 50%] [32mBuilding C object CMakeFiles/turtlebot3_msgs__rosidl_typesupport_introspection_c.dir/rosidl_typesupport_introspection_c/turtlebot3_msgs/srv/sound__type_support.c.o[0m
[16.857s] [ 52%] [32mBuilding C object CMakeFiles/turtlebot3_msgs__rosidl_typesupport_introspection_c.dir/rosidl_typesupport_introspection_c/turtlebot3_msgs/msg/version_info__type_support.c.o[0m
[17.014s] [ 53%] [32mBuilding C object CMakeFiles/turtlebot3_msgs__rosidl_typesupport_introspection_c.dir/rosidl_typesupport_introspection_c/turtlebot3_msgs/srv/dqn__type_support.c.o[0m
[17.023s] [ 53%] Built target turtlebot3_msgs__rosidl_typesupport_c
[17.143s] [ 54%] [32mBuilding CXX object CMakeFiles/turtlebot3_msgs__rosidl_typesupport_fastrtps_cpp.dir/rosidl_typesupport_fastrtps_cpp/turtlebot3_msgs/msg/dds_fastrtps/version_info__type_support.cpp.o[0m
[17.176s] [ 57%] [32mBuilding CXX object CMakeFiles/turtlebot3_msgs__rosidl_typesupport_fastrtps_cpp.dir/rosidl_typesupport_fastrtps_cpp/turtlebot3_msgs/srv/dds_fastrtps/sound__type_support.cpp.o[0m
[17.178s] [ 57%] [32mBuilding CXX object CMakeFiles/turtlebot3_msgs__rosidl_typesupport_fastrtps_cpp.dir/rosidl_typesupport_fastrtps_cpp/turtlebot3_msgs/srv/dds_fastrtps/dqn__type_support.cpp.o[0m
[17.305s] [ 59%] [32mBuilding C object CMakeFiles/turtlebot3_msgs__rosidl_typesupport_introspection_c.dir/rosidl_typesupport_introspection_c/turtlebot3_msgs/action/patrol__type_support.c.o[0m
[17.370s] [ 60%] [32mBuilding CXX object CMakeFiles/turtlebot3_msgs__rosidl_typesupport_fastrtps_cpp.dir/rosidl_typesupport_fastrtps_cpp/turtlebot3_msgs/action/dds_fastrtps/patrol__type_support.cpp.o[0m
[17.542s] [ 61%] [32m[1mLinking C shared library libturtlebot3_msgs__rosidl_typesupport_introspection_c.so[0m
[17.759s] [ 61%] Built target turtlebot3_msgs__rosidl_typesupport_introspection_c
[17.807s] [ 63%] [32mBuilding CXX object CMakeFiles/turtlebot3_msgs__rosidl_typesupport_introspection_cpp.dir/rosidl_typesupport_introspection_cpp/turtlebot3_msgs/srv/sound__type_support.cpp.o[0m
[17.844s] [ 64%] [32mBuilding CXX object CMakeFiles/turtlebot3_msgs__rosidl_typesupport_introspection_cpp.dir/rosidl_typesupport_introspection_cpp/turtlebot3_msgs/srv/dqn__type_support.cpp.o[0m
[18.370s] [ 66%] [32mBuilding CXX object CMakeFiles/turtlebot3_msgs__rosidl_typesupport_introspection_cpp.dir/rosidl_typesupport_introspection_cpp/turtlebot3_msgs/action/patrol__type_support.cpp.o[0m
[18.835s] [ 67%] [32m[1mLinking CXX shared library libturtlebot3_msgs__rosidl_typesupport_fastrtps_cpp.so[0m
[19.055s] [ 67%] Built target turtlebot3_msgs__rosidl_typesupport_fastrtps_cpp
[19.089s] [ 69%] [34m[1mGenerating C type support for eProsima Fast-RTPS[0m
[19.126s] [ 70%] [32m[1mLinking CXX shared library libturtlebot3_msgs__rosidl_typesupport_introspection_cpp.so[0m
[19.368s] [ 70%] Built target turtlebot3_msgs__rosidl_typesupport_introspection_cpp
[23.398s] [35m[1mScanning dependencies of target turtlebot3_msgs__rosidl_typesupport_fastrtps_c[0m
[23.659s] [ 71%] [32mBuilding CXX object CMakeFiles/turtlebot3_msgs__rosidl_typesupport_fastrtps_c.dir/rosidl_typesupport_fastrtps_c/turtlebot3_msgs/msg/sound__type_support_c.cpp.o[0m
[23.721s] [ 73%] [32mBuilding CXX object CMakeFiles/turtlebot3_msgs__rosidl_typesupport_fastrtps_c.dir/rosidl_typesupport_fastrtps_c/turtlebot3_msgs/msg/version_info__type_support_c.cpp.o[0m
[23.723s] [ 74%] [32mBuilding CXX object CMakeFiles/turtlebot3_msgs__rosidl_typesupport_fastrtps_c.dir/rosidl_typesupport_fastrtps_c/turtlebot3_msgs/srv/sound__type_support_c.cpp.o[0m
[23.743s] [ 76%] [32mBuilding CXX object CMakeFiles/turtlebot3_msgs__rosidl_typesupport_fastrtps_c.dir/rosidl_typesupport_fastrtps_c/turtlebot3_msgs/action/patrol__type_support_c.cpp.o[0m
[23.746s] [ 77%] [32mBuilding CXX object CMakeFiles/turtlebot3_msgs__rosidl_typesupport_fastrtps_c.dir/rosidl_typesupport_fastrtps_c/turtlebot3_msgs/msg/sensor_state__type_support_c.cpp.o[0m
[23.762s] [ 78%] [32mBuilding CXX object CMakeFiles/turtlebot3_msgs__rosidl_typesupport_fastrtps_c.dir/rosidl_typesupport_fastrtps_c/turtlebot3_msgs/srv/dqn__type_support_c.cpp.o[0m
[26.927s] [ 80%] [32m[1mLinking CXX shared library libturtlebot3_msgs__rosidl_typesupport_fastrtps_c.so[0m
[27.534s] [ 80%] Built target turtlebot3_msgs__rosidl_typesupport_fastrtps_c
[27.594s] [35m[1mScanning dependencies of target turtlebot3_msgs[0m
[27.665s] [ 80%] Built target turtlebot3_msgs
[27.776s] [35m[1mScanning dependencies of target turtlebot3_msgs__py[0m
[27.892s] [ 81%] [34m[1mGenerating Python code for ROS interfaces[0m
[33.817s] [ 81%] Built target turtlebot3_msgs__py
[33.841s] [35m[1mScanning dependencies of target turtlebot3_msgs__python[0m
[33.899s] [ 83%] [32mBuilding C object CMakeFiles/turtlebot3_msgs__python.dir/rosidl_generator_py/turtlebot3_msgs/msg/_sensor_state_s.c.o[0m
[34.078s] [ 84%] [32mBuilding C object CMakeFiles/turtlebot3_msgs__python.dir/rosidl_generator_py/turtlebot3_msgs/action/_patrol_s.c.o[0m
[34.335s] [ 85%] [32mBuilding C object CMakeFiles/turtlebot3_msgs__python.dir/rosidl_generator_py/turtlebot3_msgs/srv/_dqn_s.c.o[0m
[34.522s] [ 87%] [32mBuilding C object CMakeFiles/turtlebot3_msgs__python.dir/rosidl_generator_py/turtlebot3_msgs/srv/_sound_s.c.o[0m
[34.681s] [ 88%] [32mBuilding C object CMakeFiles/turtlebot3_msgs__python.dir/rosidl_generator_py/turtlebot3_msgs/msg/_version_info_s.c.o[0m
[34.854s] [ 90%] [32mBuilding C object CMakeFiles/turtlebot3_msgs__python.dir/rosidl_generator_py/turtlebot3_msgs/msg/_sound_s.c.o[0m
[35.021s] [ 91%] [32m[1mLinking C shared library rosidl_generator_py/turtlebot3_msgs/libturtlebot3_msgs__python.so[0m
[35.127s] [ 91%] Built target turtlebot3_msgs__python
[35.153s] [35m[1mScanning dependencies of target turtlebot3_msgs__rosidl_typesupport_c__pyext[0m
[35.195s] [ 92%] [32mBuilding C object CMakeFiles/turtlebot3_msgs__rosidl_typesupport_c__pyext.dir/rosidl_generator_py/turtlebot3_msgs/_turtlebot3_msgs_s.ep.rosidl_typesupport_c.c.o[0m
[35.472s] [ 94%] [32m[1mLinking C shared library rosidl_generator_py/turtlebot3_msgs/turtlebot3_msgs_s__rosidl_typesupport_c.cpython-36m-x86_64-linux-gnu.so[0m
[35.592s] [ 94%] Built target turtlebot3_msgs__rosidl_typesupport_c__pyext
[35.614s] [35m[1mScanning dependencies of target turtlebot3_msgs__rosidl_typesupport_fastrtps_c__pyext[0m
[35.663s] [ 95%] [32mBuilding C object CMakeFiles/turtlebot3_msgs__rosidl_typesupport_fastrtps_c__pyext.dir/rosidl_generator_py/turtlebot3_msgs/_turtlebot3_msgs_s.ep.rosidl_typesupport_fastrtps_c.c.o[0m
[35.932s] [ 97%] [32m[1mLinking C shared library rosidl_generator_py/turtlebot3_msgs/turtlebot3_msgs_s__rosidl_typesupport_fastrtps_c.cpython-36m-x86_64-linux-gnu.so[0m
[36.102s] [ 97%] Built target turtlebot3_msgs__rosidl_typesupport_fastrtps_c__pyext
[36.126s] [35m[1mScanning dependencies of target turtlebot3_msgs__rosidl_typesupport_introspection_c__pyext[0m
[36.183s] [ 98%] [32mBuilding C object CMakeFiles/turtlebot3_msgs__rosidl_typesupport_introspection_c__pyext.dir/rosidl_generator_py/turtlebot3_msgs/_turtlebot3_msgs_s.ep.rosidl_typesupport_introspection_c.c.o[0m
[36.435s] [100%] [32m[1mLinking C shared library rosidl_generator_py/turtlebot3_msgs/turtlebot3_msgs_s__rosidl_typesupport_introspection_c.cpython-36m-x86_64-linux-gnu.so[0m
[36.569s] [100%] Built target turtlebot3_msgs__rosidl_typesupport_introspection_c__pyext
[36.593s] Invoked command in '/home/iju/S08P31C208/ROS/robot_ws/src/build/turtlebot3_msgs' returned '0': CMAKE_PREFIX_PATH=/opt/ros/dashing PS1=\u@\h \[\033[32m\]\w\[\033[33m\]$(parse_git_branch)\[\033[00m\] $ /usr/bin/cmake --build /home/iju/S08P31C208/ROS/robot_ws/src/build/turtlebot3_msgs -- -j6 -l6
[37.138s] Invoking command in '/home/iju/S08P31C208/ROS/robot_ws/src/build/turtlebot3_msgs': CMAKE_PREFIX_PATH=/opt/ros/dashing PS1=\u@\h \[\033[32m\]\w\[\033[33m\]$(parse_git_branch)\[\033[00m\] $ /usr/bin/cmake --build /home/iju/S08P31C208/ROS/robot_ws/src/build/turtlebot3_msgs --target install -- -j6 -l6
[37.286s] [  1%] Built target turtlebot3_msgs__cpp
[37.344s] [ 12%] Built target turtlebot3_msgs__rosidl_generator_c
[37.409s] [ 23%] Built target turtlebot3_msgs__rosidl_typesupport_introspection_cpp
[37.466s] [ 35%] Built target turtlebot3_msgs__rosidl_typesupport_introspection_c
[37.518s] [ 46%] Built target turtlebot3_msgs__rosidl_typesupport_c
[37.583s] [ 57%] Built target turtlebot3_msgs__rosidl_typesupport_fastrtps_cpp
[37.649s] [ 69%] Built target turtlebot3_msgs__rosidl_typesupport_cpp
[37.710s] [ 80%] Built target turtlebot3_msgs__rosidl_typesupport_fastrtps_c
[37.749s] [ 80%] Built target turtlebot3_msgs
[37.798s] [ 81%] Built target turtlebot3_msgs__py
[37.871s] [ 91%] Built target turtlebot3_msgs__python
[37.930s] [ 94%] Built target turtlebot3_msgs__rosidl_typesupport_c__pyext
[37.995s] [ 97%] Built target turtlebot3_msgs__rosidl_typesupport_fastrtps_c__pyext
[38.054s] [100%] Built target turtlebot3_msgs__rosidl_typesupport_introspection_c__pyext
[38.092s] [36mInstall the project...[0m
[38.109s] -- Install configuration: ""
[38.109s] -- Execute custom install script
[38.111s] -- Symlinking: /home/iju/S08P31C208/ROS/robot_ws/src/install/turtlebot3_msgs/share/ament_index/resource_index/rosidl_interfaces/turtlebot3_msgs
[38.131s] -- Symlinking: /home/iju/S08P31C208/ROS/robot_ws/src/install/turtlebot3_msgs/include/turtlebot3_msgs/action/patrol.hpp
[38.150s] -- Symlinking: /home/iju/S08P31C208/ROS/robot_ws/src/install/turtlebot3_msgs/include/turtlebot3_msgs/action/patrol__struct.hpp
[38.172s] -- Symlinking: /home/iju/S08P31C208/ROS/robot_ws/src/install/turtlebot3_msgs/include/turtlebot3_msgs/action/patrol__traits.hpp
[38.194s] -- Symlinking: /home/iju/S08P31C208/ROS/robot_ws/src/install/turtlebot3_msgs/include/turtlebot3_msgs/msg/sensor_state.hpp
[38.217s] -- Symlinking: /home/iju/S08P31C208/ROS/robot_ws/src/install/turtlebot3_msgs/include/turtlebot3_msgs/msg/sensor_state__struct.hpp
[38.237s] -- Symlinking: /home/iju/S08P31C208/ROS/robot_ws/src/install/turtlebot3_msgs/include/turtlebot3_msgs/msg/sensor_state__traits.hpp
[38.260s] -- Symlinking: /home/iju/S08P31C208/ROS/robot_ws/src/install/turtlebot3_msgs/include/turtlebot3_msgs/msg/sound.hpp
[38.293s] -- Symlinking: /home/iju/S08P31C208/ROS/robot_ws/src/install/turtlebot3_msgs/include/turtlebot3_msgs/msg/sound__struct.hpp
[38.313s] -- Symlinking: /home/iju/S08P31C208/ROS/robot_ws/src/install/turtlebot3_msgs/include/turtlebot3_msgs/msg/sound__traits.hpp
[38.317s] -- Symlinking: /home/iju/S08P31C208/ROS/robot_ws/src/install/turtlebot3_msgs/include/turtlebot3_msgs/msg/version_info.hpp
[38.333s] -- Symlinking: /home/iju/S08P31C208/ROS/robot_ws/src/install/turtlebot3_msgs/include/turtlebot3_msgs/msg/version_info__struct.hpp
[38.353s] -- Symlinking: /home/iju/S08P31C208/ROS/robot_ws/src/install/turtlebot3_msgs/include/turtlebot3_msgs/msg/version_info__traits.hpp
[38.373s] -- Symlinking: /home/iju/S08P31C208/ROS/robot_ws/src/install/turtlebot3_msgs/include/turtlebot3_msgs/srv/dqn.hpp
[38.390s] -- Symlinking: /home/iju/S08P31C208/ROS/robot_ws/src/install/turtlebot3_msgs/include/turtlebot3_msgs/srv/dqn__struct.hpp
[38.408s] -- Symlinking: /home/iju/S08P31C208/ROS/robot_ws/src/install/turtlebot3_msgs/include/turtlebot3_msgs/srv/dqn__traits.hpp
[38.427s] -- Symlinking: /home/iju/S08P31C208/ROS/robot_ws/src/install/turtlebot3_msgs/include/turtlebot3_msgs/srv/sound.hpp
[38.446s] -- Symlinking: /home/iju/S08P31C208/ROS/robot_ws/src/install/turtlebot3_msgs/include/turtlebot3_msgs/srv/sound__struct.hpp
[38.465s] -- Symlinking: /home/iju/S08P31C208/ROS/robot_ws/src/install/turtlebot3_msgs/include/turtlebot3_msgs/srv/sound__traits.hpp
[38.485s] -- Symlinking: /home/iju/S08P31C208/ROS/robot_ws/src/install/turtlebot3_msgs/include/turtlebot3_msgs/action/patrol.h
[38.505s] -- Symlinking: /home/iju/S08P31C208/ROS/robot_ws/src/install/turtlebot3_msgs/include/turtlebot3_msgs/action/patrol__functions.h
[38.522s] -- Symlinking: /home/iju/S08P31C208/ROS/robot_ws/src/install/turtlebot3_msgs/include/turtlebot3_msgs/action/patrol__struct.h
[38.545s] -- Symlinking: /home/iju/S08P31C208/ROS/robot_ws/src/install/turtlebot3_msgs/include/turtlebot3_msgs/action/patrol__type_support.h
[38.583s] -- Symlinking: /home/iju/S08P31C208/ROS/robot_ws/src/install/turtlebot3_msgs/include/turtlebot3_msgs/msg/rosidl_generator_c__visibility_control.h
[38.584s] -- Symlinking: /home/iju/S08P31C208/ROS/robot_ws/src/install/turtlebot3_msgs/include/turtlebot3_msgs/msg/sensor_state.h
[38.603s] -- Symlinking: /home/iju/S08P31C208/ROS/robot_ws/src/install/turtlebot3_msgs/include/turtlebot3_msgs/msg/sensor_state__functions.h
[38.622s] -- Symlinking: /home/iju/S08P31C208/ROS/robot_ws/src/install/turtlebot3_msgs/include/turtlebot3_msgs/msg/sensor_state__struct.h
[38.640s] -- Symlinking: /home/iju/S08P31C208/ROS/robot_ws/src/install/turtlebot3_msgs/include/turtlebot3_msgs/msg/sensor_state__type_support.h
[38.660s] -- Symlinking: /home/iju/S08P31C208/ROS/robot_ws/src/install/turtlebot3_msgs/include/turtlebot3_msgs/msg/sound.h
[38.686s] -- Symlinking: /home/iju/S08P31C208/ROS/robot_ws/src/install/turtlebot3_msgs/include/turtlebot3_msgs/msg/sound__functions.h
[38.709s] -- Symlinking: /home/iju/S08P31C208/ROS/robot_ws/src/install/turtlebot3_msgs/include/turtlebot3_msgs/msg/sound__struct.h
[38.728s] -- Symlinking: /home/iju/S08P31C208/ROS/robot_ws/src/install/turtlebot3_msgs/include/turtlebot3_msgs/msg/sound__type_support.h
[38.744s] -- Symlinking: /home/iju/S08P31C208/ROS/robot_ws/src/install/turtlebot3_msgs/include/turtlebot3_msgs/msg/version_info.h
[38.770s] -- Symlinking: /home/iju/S08P31C208/ROS/robot_ws/src/install/turtlebot3_msgs/include/turtlebot3_msgs/msg/version_info__functions.h
[38.789s] -- Symlinking: /home/iju/S08P31C208/ROS/robot_ws/src/install/turtlebot3_msgs/include/turtlebot3_msgs/msg/version_info__struct.h
[38.809s] -- Symlinking: /home/iju/S08P31C208/ROS/robot_ws/src/install/turtlebot3_msgs/include/turtlebot3_msgs/msg/version_info__type_support.h
[38.826s] -- Symlinking: /home/iju/S08P31C208/ROS/robot_ws/src/install/turtlebot3_msgs/include/turtlebot3_msgs/srv/dqn.h
[38.844s] -- Symlinking: /home/iju/S08P31C208/ROS/robot_ws/src/install/turtlebot3_msgs/include/turtlebot3_msgs/srv/dqn__functions.h
[38.868s] -- Symlinking: /home/iju/S08P31C208/ROS/robot_ws/src/install/turtlebot3_msgs/include/turtlebot3_msgs/srv/dqn__struct.h
[38.890s] -- Symlinking: /home/iju/S08P31C208/ROS/robot_ws/src/install/turtlebot3_msgs/include/turtlebot3_msgs/srv/dqn__type_support.h
[38.908s] -- Symlinking: /home/iju/S08P31C208/ROS/robot_ws/src/install/turtlebot3_msgs/include/turtlebot3_msgs/srv/sound.h
[38.925s] -- Symlinking: /home/iju/S08P31C208/ROS/robot_ws/src/install/turtlebot3_msgs/include/turtlebot3_msgs/srv/sound__functions.h
[38.942s] -- Symlinking: /home/iju/S08P31C208/ROS/robot_ws/src/install/turtlebot3_msgs/include/turtlebot3_msgs/srv/sound__struct.h
[38.963s] -- Symlinking: /home/iju/S08P31C208/ROS/robot_ws/src/install/turtlebot3_msgs/include/turtlebot3_msgs/srv/sound__type_support.h
[38.977s] -- Symlinking: /home/iju/S08P31C208/ROS/robot_ws/src/install/turtlebot3_msgs/share/turtlebot3_msgs/environment/library_path.sh
[39.006s] -- Symlinking: /home/iju/S08P31C208/ROS/robot_ws/src/install/turtlebot3_msgs/lib/libturtlebot3_msgs__rosidl_generator_c.so
[39.024s] -- Symlinking: /home/iju/S08P31C208/ROS/robot_ws/src/install/turtlebot3_msgs/lib/libturtlebot3_msgs__rosidl_typesupport_c.so
[39.043s] -- Symlinking: /home/iju/S08P31C208/ROS/robot_ws/src/install/turtlebot3_msgs/lib/libturtlebot3_msgs__rosidl_typesupport_cpp.so
[39.061s] -- Symlinking: /home/iju/S08P31C208/ROS/robot_ws/src/install/turtlebot3_msgs/include/turtlebot3_msgs/action/patrol__rosidl_typesupport_introspection_c.h
[39.080s] -- Symlinking: /home/iju/S08P31C208/ROS/robot_ws/src/install/turtlebot3_msgs/include/turtlebot3_msgs/msg/rosidl_typesupport_introspection_c__visibility_control.h
[39.098s] -- Symlinking: /home/iju/S08P31C208/ROS/robot_ws/src/install/turtlebot3_msgs/include/turtlebot3_msgs/msg/sensor_state__rosidl_typesupport_introspection_c.h
[39.116s] -- Symlinking: /home/iju/S08P31C208/ROS/robot_ws/src/install/turtlebot3_msgs/include/turtlebot3_msgs/msg/sound__rosidl_typesupport_introspection_c.h
[39.132s] -- Symlinking: /home/iju/S08P31C208/ROS/robot_ws/src/install/turtlebot3_msgs/include/turtlebot3_msgs/msg/version_info__rosidl_typesupport_introspection_c.h
[39.150s] -- Symlinking: /home/iju/S08P31C208/ROS/robot_ws/src/install/turtlebot3_msgs/include/turtlebot3_msgs/srv/dqn__rosidl_typesupport_introspection_c.h
[39.166s] -- Symlinking: /home/iju/S08P31C208/ROS/robot_ws/src/install/turtlebot3_msgs/include/turtlebot3_msgs/srv/sound__rosidl_typesupport_introspection_c.h
[39.187s] -- Symlinking: /home/iju/S08P31C208/ROS/robot_ws/src/install/turtlebot3_msgs/lib/libturtlebot3_msgs__rosidl_typesupport_introspection_c.so
[39.207s] -- Symlinking: /home/iju/S08P31C208/ROS/robot_ws/src/install/turtlebot3_msgs/include/turtlebot3_msgs/action/patrol__rosidl_typesupport_introspection_cpp.hpp
[39.225s] -- Symlinking: /home/iju/S08P31C208/ROS/robot_ws/src/install/turtlebot3_msgs/include/turtlebot3_msgs/msg/sensor_state__rosidl_typesupport_introspection_cpp.hpp
[39.247s] -- Symlinking: /home/iju/S08P31C208/ROS/robot_ws/src/install/turtlebot3_msgs/include/turtlebot3_msgs/msg/sound__rosidl_typesupport_introspection_cpp.hpp
[39.265s] -- Symlinking: /home/iju/S08P31C208/ROS/robot_ws/src/install/turtlebot3_msgs/include/turtlebot3_msgs/msg/version_info__rosidl_typesupport_introspection_cpp.hpp
[39.283s] -- Symlinking: /home/iju/S08P31C208/ROS/robot_ws/src/install/turtlebot3_msgs/include/turtlebot3_msgs/srv/dqn__rosidl_typesupport_introspection_cpp.hpp
[39.300s] -- Symlinking: /home/iju/S08P31C208/ROS/robot_ws/src/install/turtlebot3_msgs/include/turtlebot3_msgs/srv/sound__rosidl_typesupport_introspection_cpp.hpp
[39.318s] -- Symlinking: /home/iju/S08P31C208/ROS/robot_ws/src/install/turtlebot3_msgs/lib/libturtlebot3_msgs__rosidl_typesupport_introspection_cpp.so
[39.339s] -- Symlinking: /home/iju/S08P31C208/ROS/robot_ws/src/install/turtlebot3_msgs/include/turtlebot3_msgs/action/patrol__rosidl_typesupport_fastrtps_c.h
[39.357s] -- Symlinking: /home/iju/S08P31C208/ROS/robot_ws/src/install/turtlebot3_msgs/include/turtlebot3_msgs/msg/rosidl_typesupport_fastrtps_c__visibility_control.h
[39.377s] -- Symlinking: /home/iju/S08P31C208/ROS/robot_ws/src/install/turtlebot3_msgs/include/turtlebot3_msgs/msg/sensor_state__rosidl_typesupport_fastrtps_c.h
[39.395s] -- Symlinking: /home/iju/S08P31C208/ROS/robot_ws/src/install/turtlebot3_msgs/include/turtlebot3_msgs/msg/sound__rosidl_typesupport_fastrtps_c.h
[39.412s] -- Symlinking: /home/iju/S08P31C208/ROS/robot_ws/src/install/turtlebot3_msgs/include/turtlebot3_msgs/msg/version_info__rosidl_typesupport_fastrtps_c.h
[39.429s] -- Symlinking: /home/iju/S08P31C208/ROS/robot_ws/src/install/turtlebot3_msgs/include/turtlebot3_msgs/srv/dqn__rosidl_typesupport_fastrtps_c.h
[39.448s] -- Symlinking: /home/iju/S08P31C208/ROS/robot_ws/src/install/turtlebot3_msgs/include/turtlebot3_msgs/srv/sound__rosidl_typesupport_fastrtps_c.h
[39.476s] -- Symlinking: /home/iju/S08P31C208/ROS/robot_ws/src/install/turtlebot3_msgs/lib/libturtlebot3_msgs__rosidl_typesupport_fastrtps_c.so
[39.493s] -- Symlinking: /home/iju/S08P31C208/ROS/robot_ws/src/install/turtlebot3_msgs/include/turtlebot3_msgs/action/patrol__rosidl_typesupport_fastrtps_cpp.hpp
[39.511s] -- Symlinking: /home/iju/S08P31C208/ROS/robot_ws/src/install/turtlebot3_msgs/include/turtlebot3_msgs/msg/rosidl_typesupport_fastrtps_cpp__visibility_control.h
[39.529s] -- Symlinking: /home/iju/S08P31C208/ROS/robot_ws/src/install/turtlebot3_msgs/include/turtlebot3_msgs/msg/sensor_state__rosidl_typesupport_fastrtps_cpp.hpp
[39.546s] -- Symlinking: /home/iju/S08P31C208/ROS/robot_ws/src/install/turtlebot3_msgs/include/turtlebot3_msgs/msg/sound__rosidl_typesupport_fastrtps_cpp.hpp
[39.563s] -- Symlinking: /home/iju/S08P31C208/ROS/robot_ws/src/install/turtlebot3_msgs/include/turtlebot3_msgs/msg/version_info__rosidl_typesupport_fastrtps_cpp.hpp
[39.583s] -- Symlinking: /home/iju/S08P31C208/ROS/robot_ws/src/install/turtlebot3_msgs/include/turtlebot3_msgs/srv/dqn__rosidl_typesupport_fastrtps_cpp.hpp
[39.609s] -- Symlinking: /home/iju/S08P31C208/ROS/robot_ws/src/install/turtlebot3_msgs/include/turtlebot3_msgs/srv/sound__rosidl_typesupport_fastrtps_cpp.hpp
[39.626s] -- Symlinking: /home/iju/S08P31C208/ROS/robot_ws/src/install/turtlebot3_msgs/lib/libturtlebot3_msgs__rosidl_typesupport_fastrtps_cpp.so
[39.645s] -- Symlinking: /home/iju/S08P31C208/ROS/robot_ws/src/install/turtlebot3_msgs/share/turtlebot3_msgs/environment/pythonpath.sh
[39.664s] -- Symlinking: /home/iju/S08P31C208/ROS/robot_ws/src/install/turtlebot3_msgs/lib/python3.6/site-packages/turtlebot3_msgs/__init__.py
[39.685s] -- Symlinking: /home/iju/S08P31C208/ROS/robot_ws/src/install/turtlebot3_msgs/lib/python3.6/site-packages/turtlebot3_msgs/msg/__init__.py
[39.702s] -- Symlinking: /home/iju/S08P31C208/ROS/robot_ws/src/install/turtlebot3_msgs/lib/python3.6/site-packages/turtlebot3_msgs/msg/_sensor_state.py
[39.720s] -- Symlinking: /home/iju/S08P31C208/ROS/robot_ws/src/install/turtlebot3_msgs/lib/python3.6/site-packages/turtlebot3_msgs/msg/_sound.py
[39.737s] -- Symlinking: /home/iju/S08P31C208/ROS/robot_ws/src/install/turtlebot3_msgs/lib/python3.6/site-packages/turtlebot3_msgs/msg/_version_info.py
[39.758s] -- Symlinking: /home/iju/S08P31C208/ROS/robot_ws/src/install/turtlebot3_msgs/lib/python3.6/site-packages/turtlebot3_msgs/srv/__init__.py
[39.777s] -- Symlinking: /home/iju/S08P31C208/ROS/robot_ws/src/install/turtlebot3_msgs/lib/python3.6/site-packages/turtlebot3_msgs/srv/_dqn.py
[39.796s] -- Symlinking: /home/iju/S08P31C208/ROS/robot_ws/src/install/turtlebot3_msgs/lib/python3.6/site-packages/turtlebot3_msgs/srv/_sound.py
[39.815s] -- Symlinking: /home/iju/S08P31C208/ROS/robot_ws/src/install/turtlebot3_msgs/lib/python3.6/site-packages/turtlebot3_msgs/action/__init__.py
[39.833s] -- Symlinking: /home/iju/S08P31C208/ROS/robot_ws/src/install/turtlebot3_msgs/lib/python3.6/site-packages/turtlebot3_msgs/action/_patrol.py
[39.852s] -- Symlinking: /home/iju/S08P31C208/ROS/robot_ws/src/install/turtlebot3_msgs/lib/python3.6/site-packages/turtlebot3_msgs/turtlebot3_msgs_s__rosidl_typesupport_c.cpython-36m-x86_64-linux-gnu.so
[39.874s] -- Symlinking: /home/iju/S08P31C208/ROS/robot_ws/src/install/turtlebot3_msgs/lib/python3.6/site-packages/turtlebot3_msgs/turtlebot3_msgs_s__rosidl_typesupport_introspection_c.cpython-36m-x86_64-linux-gnu.so
[39.894s] -- Symlinking: /home/iju/S08P31C208/ROS/robot_ws/src/install/turtlebot3_msgs/lib/python3.6/site-packages/turtlebot3_msgs/turtlebot3_msgs_s__rosidl_typesupport_fastrtps_c.cpython-36m-x86_64-linux-gnu.so
[39.911s] -- Symlinking: /home/iju/S08P31C208/ROS/robot_ws/src/install/turtlebot3_msgs/lib/libturtlebot3_msgs__python.so
[39.929s] -- Symlinking: /home/iju/S08P31C208/ROS/robot_ws/src/install/turtlebot3_msgs/share/turtlebot3_msgs/msg/SensorState.idl
[39.948s] -- Symlinking: /home/iju/S08P31C208/ROS/robot_ws/src/install/turtlebot3_msgs/share/turtlebot3_msgs/msg/Sound.idl
[39.966s] -- Symlinking: /home/iju/S08P31C208/ROS/robot_ws/src/install/turtlebot3_msgs/share/turtlebot3_msgs/msg/VersionInfo.idl
[39.987s] -- Symlinking: /home/iju/S08P31C208/ROS/robot_ws/src/install/turtlebot3_msgs/share/turtlebot3_msgs/srv/Sound.idl
[40.005s] -- Symlinking: /home/iju/S08P31C208/ROS/robot_ws/src/install/turtlebot3_msgs/share/turtlebot3_msgs/srv/Dqn.idl
[40.028s] -- Symlinking: /home/iju/S08P31C208/ROS/robot_ws/src/install/turtlebot3_msgs/share/turtlebot3_msgs/action/Patrol.idl
[40.045s] -- Symlinking: /home/iju/S08P31C208/ROS/robot_ws/src/install/turtlebot3_msgs/share/turtlebot3_msgs/msg/SensorState.msg
[40.064s] -- Symlinking: /home/iju/S08P31C208/ROS/robot_ws/src/install/turtlebot3_msgs/share/turtlebot3_msgs/msg/Sound.msg
[40.081s] -- Symlinking: /home/iju/S08P31C208/ROS/robot_ws/src/install/turtlebot3_msgs/share/turtlebot3_msgs/msg/VersionInfo.msg
[40.099s] -- Symlinking: /home/iju/S08P31C208/ROS/robot_ws/src/install/turtlebot3_msgs/share/turtlebot3_msgs/srv/Sound.srv
[40.117s] -- Symlinking: /home/iju/S08P31C208/ROS/robot_ws/src/install/turtlebot3_msgs/share/turtlebot3_msgs/srv/Sound_Request.msg
[40.136s] -- Symlinking: /home/iju/S08P31C208/ROS/robot_ws/src/install/turtlebot3_msgs/share/turtlebot3_msgs/srv/Sound_Response.msg
[40.156s] -- Symlinking: /home/iju/S08P31C208/ROS/robot_ws/src/install/turtlebot3_msgs/share/turtlebot3_msgs/srv/Dqn.srv
[40.177s] -- Symlinking: /home/iju/S08P31C208/ROS/robot_ws/src/install/turtlebot3_msgs/share/turtlebot3_msgs/srv/Dqn_Request.msg
[40.195s] -- Symlinking: /home/iju/S08P31C208/ROS/robot_ws/src/install/turtlebot3_msgs/share/turtlebot3_msgs/srv/Dqn_Response.msg
[40.213s] -- Symlinking: /home/iju/S08P31C208/ROS/robot_ws/src/install/turtlebot3_msgs/share/turtlebot3_msgs/action/Patrol.action
[40.231s] -- Symlinking: /home/iju/S08P31C208/ROS/robot_ws/src/install/turtlebot3_msgs/share/ament_index/resource_index/package_run_dependencies/turtlebot3_msgs
[40.249s] -- Symlinking: /home/iju/S08P31C208/ROS/robot_ws/src/install/turtlebot3_msgs/share/ament_index/resource_index/parent_prefix_path/turtlebot3_msgs
[40.268s] -- Symlinking: /home/iju/S08P31C208/ROS/robot_ws/src/install/turtlebot3_msgs/share/turtlebot3_msgs/environment/ament_prefix_path.sh
[40.290s] -- Symlinking: /home/iju/S08P31C208/ROS/robot_ws/src/install/turtlebot3_msgs/share/turtlebot3_msgs/environment/path.sh
[40.308s] -- Symlinking: /home/iju/S08P31C208/ROS/robot_ws/src/install/turtlebot3_msgs/share/turtlebot3_msgs/local_setup.bash
[40.325s] -- Symlinking: /home/iju/S08P31C208/ROS/robot_ws/src/install/turtlebot3_msgs/share/turtlebot3_msgs/local_setup.sh
[40.344s] -- Symlinking: /home/iju/S08P31C208/ROS/robot_ws/src/install/turtlebot3_msgs/share/turtlebot3_msgs/local_setup.zsh
[40.362s] -- Symlinking: /home/iju/S08P31C208/ROS/robot_ws/src/install/turtlebot3_msgs/share/ament_index/resource_index/packages/turtlebot3_msgs
[40.384s] -- Symlinking: /home/iju/S08P31C208/ROS/robot_ws/src/install/turtlebot3_msgs/share/turtlebot3_msgs/cmake/rosidl_cmake-extras.cmake
[40.413s] -- Symlinking: /home/iju/S08P31C208/ROS/robot_ws/src/install/turtlebot3_msgs/share/turtlebot3_msgs/cmake/ament_cmake_export_dependencies-extras.cmake
[40.430s] -- Symlinking: /home/iju/S08P31C208/ROS/robot_ws/src/install/turtlebot3_msgs/share/turtlebot3_msgs/cmake/ament_cmake_export_include_directories-extras.cmake
[40.443s] -- Symlinking: /home/iju/S08P31C208/ROS/robot_ws/src/install/turtlebot3_msgs/share/turtlebot3_msgs/cmake/ament_cmake_export_libraries-extras.cmake
[40.472s] -- Symlinking: /home/iju/S08P31C208/ROS/robot_ws/src/install/turtlebot3_msgs/share/turtlebot3_msgs/cmake/turtlebot3_msgsConfig.cmake
[40.491s] -- Symlinking: /home/iju/S08P31C208/ROS/robot_ws/src/install/turtlebot3_msgs/share/turtlebot3_msgs/cmake/turtlebot3_msgsConfig-version.cmake
[40.508s] -- Symlinking: /home/iju/S08P31C208/ROS/robot_ws/src/install/turtlebot3_msgs/share/turtlebot3_msgs/package.xml
[40.588s] Compiling '/home/iju/S08P31C208/ROS/robot_ws/src/install/turtlebot3_msgs/lib/python3.6/site-packages/turtlebot3_msgs/__init__.py'...
[40.604s] Invoked command in '/home/iju/S08P31C208/ROS/robot_ws/src/build/turtlebot3_msgs' returned '0': CMAKE_PREFIX_PATH=/opt/ros/dashing PS1=\u@\h \[\033[32m\]\w\[\033[33m\]$(parse_git_branch)\[\033[00m\] $ /usr/bin/cmake --build /home/iju/S08P31C208/ROS/robot_ws/src/build/turtlebot3_msgs --target install -- -j6 -l6
