-- The C compiler identification is GNU 7.5.0
-- The CXX compiler identification is GNU 7.5.0
-- Check for working C compiler: /usr/bin/cc
-- Check for working C compiler: /usr/bin/cc -- works
-- Detecting C compiler ABI info
-- Detecting C compiler ABI info - done
-- Detecting C compile features
-- Detecting C compile features - done
-- Check for working CXX compiler: /usr/bin/c++
-- Check for working CXX compiler: /usr/bin/c++ -- works
-- Detecting CXX compiler ABI info
-- Detecting CXX compiler ABI info - done
-- Detecting CXX compile features
-- Detecting CXX compile features - done
-- Found ament_cmake: 0.7.6 (/opt/ros/dashing/share/ament_cmake/cmake)
-- Found PythonInterp: /usr/bin/python3 (found suitable version "3.6.9", minimum required is "3") 
-- Using PYTHON_EXECUTABLE: /usr/bin/python3
-- Found nav2_common: 0.2.6 (/home/iju/S08P31C208/ROS/robot_ws/install/nav2_common/share/nav2_common/cmake)
-- Found rclcpp: 0.7.16 (/opt/ros/dashing/share/rclcpp/cmake)
-- Found rosidl_adapter: 0.7.10 (/opt/ros/dashing/share/rosidl_adapter/cmake)
-- Found rmw_implementation_cmake: 0.7.2 (/opt/ros/dashing/share/rmw_implementation_cmake/cmake)
-- Using RMW implementation 'rmw_fastrtps_cpp' as default
-- Looking for pthread.h
-- Looking for pthread.h - found
-- Looking for pthread_create
-- Looking for pthread_create - not found
-- Looking for pthread_create in pthreads
-- Looking for pthread_create in pthreads - not found
-- Looking for pthread_create in pthread
-- Looking for pthread_create in pthread - found
-- Found Threads: TRUE  
-- Found rclcpp_lifecycle: 0.7.16 (/opt/ros/dashing/share/rclcpp_lifecycle/cmake)
-- Found message_filters: 3.1.3 (/opt/ros/dashing/share/message_filters/cmake)
-- Found tf2_geometry_msgs: 0.11.6 (/opt/ros/dashing/share/tf2_geometry_msgs/cmake)
-- Found eigen3_cmake_module: 0.1.1 (/opt/ros/dashing/share/eigen3_cmake_module/cmake)
-- Found Eigen3: TRUE (found version "3.3.4") 
-- Found nav_msgs: 0.7.1 (/opt/ros/dashing/share/nav_msgs/cmake)
-- Found sensor_msgs: 0.7.1 (/opt/ros/dashing/share/sensor_msgs/cmake)
-- Found std_srvs: 0.7.1 (/opt/ros/dashing/share/std_srvs/cmake)
-- Found nav2_util: 0.2.6 (/home/iju/S08P31C208/ROS/robot_ws/install/nav2_util/share/nav2_util/cmake)
-- Setting build type to Release as none was specified.
-- Found ament_lint_auto: 0.7.12 (/opt/ros/dashing/share/ament_lint_auto/cmake)
-- Found gtest sources under '/opt/ros/dashing/src/gtest_vendor': C++ tests using 'Google Test' will be built
-- Check if compiler accepts -pthread
-- Check if compiler accepts -pthread - yes
-- Added test 'cppcheck' to perform static code analysis on C / C++ code
-- Configured cppcheck include dirs: /home/iju/S08P31C208/ROS/robot_ws/src/navigation2/nav2_amcl/include
-- Added test 'flake8' to check Python code syntax and style conventions
-- Added test 'lint_cmake' to check CMake code style
-- Added test 'pep257' to check Python code against some of the style conventions in PEP 257
-- Added test 'uncrustify' to check C / C++ code style
-- Added test 'xmllint' to check XML markup files
-- Configuring done
-- Generating done
-- Build files have been written to: /home/iju/S08P31C208/ROS/robot_ws/build/nav2_amcl
[35m[1mScanning dependencies of target pf_lib[0m
[  3%] [32mBuilding C object src/pf/CMakeFiles/pf_lib.dir/pf.c.o[0m
[  6%] [32mBuilding C object src/pf/CMakeFiles/pf_lib.dir/pf_pdf.c.o[0m
[  9%] [32mBuilding C object src/pf/CMakeFiles/pf_lib.dir/pf_vector.c.o[0m
[ 12%] [32mBuilding C object src/pf/CMakeFiles/pf_lib.dir/eig3.c.o[0m
[ 15%] [32mBuilding C object src/pf/CMakeFiles/pf_lib.dir/pf_draw.c.o[0m
[ 18%] [32mBuilding C object src/pf/CMakeFiles/pf_lib.dir/pf_kdtree.c.o[0m
[ 21%] [32m[1mLinking C shared library libpf_lib.so[0m
[ 21%] Built target pf_lib
[35m[1mScanning dependencies of target gtest_main[0m
[ 25%] [32mBuilding CXX object gtest/CMakeFiles/gtest_main.dir/src/gtest_main.cc.o[0m
[ 28%] [32m[1mLinking CXX static library libgtest_main.a[0m
[ 28%] Built target gtest_main
[35m[1mScanning dependencies of target motions_lib[0m
[ 31%] [32mBuilding CXX object src/motion_model/CMakeFiles/motions_lib.dir/omni_motion_model.cpp.o[0m
[ 34%] [32mBuilding CXX object src/motion_model/CMakeFiles/motions_lib.dir/motion_model.cpp.o[0m
[ 37%] [32mBuilding CXX object src/motion_model/CMakeFiles/motions_lib.dir/differential_motion_model.cpp.o[0m
[ 40%] [32m[1mLinking CXX shared library libmotions_lib.so[0m
[ 40%] Built target motions_lib
[35m[1mScanning dependencies of target sensors_lib[0m
[ 43%] [32mBuilding CXX object src/sensors/CMakeFiles/sensors_lib.dir/laser/laser.cpp.o[0m
[ 46%] [32mBuilding CXX object src/sensors/CMakeFiles/sensors_lib.dir/laser/likelihood_field_model_prob.cpp.o[0m
[ 50%] [32mBuilding CXX object src/sensors/CMakeFiles/sensors_lib.dir/laser/likelihood_field_model.cpp.o[0m
[ 53%] [32mBuilding CXX object src/sensors/CMakeFiles/sensors_lib.dir/laser/beam_model.cpp.o[0m
[ 56%] [32m[1mLinking CXX shared library libsensors_lib.so[0m
[ 56%] Built target sensors_lib
[35m[1mScanning dependencies of target gtest[0m
[ 59%] [32mBuilding CXX object gtest/CMakeFiles/gtest.dir/src/gtest-all.cc.o[0m
[ 62%] [32m[1mLinking CXX static library libgtest.a[0m
[ 62%] Built target gtest
[35m[1mScanning dependencies of target map_lib[0m
[ 65%] [32mBuilding C object src/map/CMakeFiles/map_lib.dir/map.c.o[0m
[ 68%] [32mBuilding CXX object src/map/CMakeFiles/map_lib.dir/map_cspace.cpp.o[0m
[ 71%] [32mBuilding C object src/map/CMakeFiles/map_lib.dir/map_draw.c.o[0m
[ 75%] [32mBuilding C object src/map/CMakeFiles/map_lib.dir/map_range.c.o[0m
[ 78%] [32mBuilding C object src/map/CMakeFiles/map_lib.dir/map_store.c.o[0m
[ 81%] [32m[1mLinking CXX shared library libmap_lib.so[0m
[ 81%] Built target map_lib
[35m[1mScanning dependencies of target test_localization_amcl[0m
[ 84%] [32mBuilding CXX object test/unit/CMakeFiles/test_localization_amcl.dir/test_localization_amcl.cpp.o[0m
[ 87%] [32m[1mLinking CXX executable test_localization_amcl[0m
[ 87%] Built target test_localization_amcl
[35m[1mScanning dependencies of target amcl_core[0m
[ 90%] [32mBuilding CXX object CMakeFiles/amcl_core.dir/src/amcl_node.cpp.o[0m
[ 93%] [32m[1mLinking CXX shared library libamcl_core.so[0m
[ 93%] Built target amcl_core
[35m[1mScanning dependencies of target amcl[0m
[ 96%] [32mBuilding CXX object CMakeFiles/amcl.dir/src/main.cpp.o[0m
[100%] [32m[1mLinking CXX executable amcl[0m
[100%] Built target amcl
[ 21%] Built target pf_lib
[ 28%] Built target gtest_main
[ 40%] Built target motions_lib
[ 56%] Built target sensors_lib
[ 62%] Built target gtest
[ 81%] Built target map_lib
[ 87%] Built target test_localization_amcl
[ 93%] Built target amcl_core
[100%] Built target amcl
[36mInstall the project...[0m
-- Install configuration: "Release"
-- Installing: /home/iju/S08P31C208/ROS/robot_ws/install/nav2_amcl/lib/nav2_amcl/amcl
-- Set runtime path of "/home/iju/S08P31C208/ROS/robot_ws/install/nav2_amcl/lib/nav2_amcl/amcl" to ""
-- Installing: /home/iju/S08P31C208/ROS/robot_ws/install/nav2_amcl/lib/libamcl_core.so
-- Set runtime path of "/home/iju/S08P31C208/ROS/robot_ws/install/nav2_amcl/lib/libamcl_core.so" to ""
-- Installing: /home/iju/S08P31C208/ROS/robot_ws/install/nav2_amcl/include/
-- Installing: /home/iju/S08P31C208/ROS/robot_ws/install/nav2_amcl/include//nav2_amcl
-- Installing: /home/iju/S08P31C208/ROS/robot_ws/install/nav2_amcl/include//nav2_amcl/angleutils.hpp
-- Installing: /home/iju/S08P31C208/ROS/robot_ws/install/nav2_amcl/include//nav2_amcl/sensors
-- Installing: /home/iju/S08P31C208/ROS/robot_ws/install/nav2_amcl/include//nav2_amcl/sensors/laser
-- Installing: /home/iju/S08P31C208/ROS/robot_ws/install/nav2_amcl/include//nav2_amcl/sensors/laser/laser.hpp
-- Installing: /home/iju/S08P31C208/ROS/robot_ws/install/nav2_amcl/include//nav2_amcl/pf
-- Installing: /home/iju/S08P31C208/ROS/robot_ws/install/nav2_amcl/include//nav2_amcl/pf/pf_vector.hpp
-- Installing: /home/iju/S08P31C208/ROS/robot_ws/install/nav2_amcl/include//nav2_amcl/pf/pf_pdf.hpp
-- Installing: /home/iju/S08P31C208/ROS/robot_ws/install/nav2_amcl/include//nav2_amcl/pf/eig3.hpp
-- Installing: /home/iju/S08P31C208/ROS/robot_ws/install/nav2_amcl/include//nav2_amcl/pf/pf.hpp
-- Installing: /home/iju/S08P31C208/ROS/robot_ws/install/nav2_amcl/include//nav2_amcl/pf/pf_kdtree.hpp
-- Installing: /home/iju/S08P31C208/ROS/robot_ws/install/nav2_amcl/include//nav2_amcl/map
-- Installing: /home/iju/S08P31C208/ROS/robot_ws/install/nav2_amcl/include//nav2_amcl/map/map.hpp
-- Installing: /home/iju/S08P31C208/ROS/robot_ws/install/nav2_amcl/include//nav2_amcl/amcl_node.hpp
-- Installing: /home/iju/S08P31C208/ROS/robot_ws/install/nav2_amcl/include//nav2_amcl/motion_model
-- Installing: /home/iju/S08P31C208/ROS/robot_ws/install/nav2_amcl/include//nav2_amcl/motion_model/motion_model.hpp
-- Installing: /home/iju/S08P31C208/ROS/robot_ws/install/nav2_amcl/share/nav2_amcl/environment/library_path.sh
-- Installing: /home/iju/S08P31C208/ROS/robot_ws/install/nav2_amcl/share/ament_index/resource_index/package_run_dependencies/nav2_amcl
-- Installing: /home/iju/S08P31C208/ROS/robot_ws/install/nav2_amcl/share/ament_index/resource_index/parent_prefix_path/nav2_amcl
-- Installing: /home/iju/S08P31C208/ROS/robot_ws/install/nav2_amcl/share/nav2_amcl/environment/ament_prefix_path.sh
-- Installing: /home/iju/S08P31C208/ROS/robot_ws/install/nav2_amcl/share/nav2_amcl/environment/path.sh
-- Installing: /home/iju/S08P31C208/ROS/robot_ws/install/nav2_amcl/share/nav2_amcl/local_setup.bash
-- Installing: /home/iju/S08P31C208/ROS/robot_ws/install/nav2_amcl/share/nav2_amcl/local_setup.sh
-- Installing: /home/iju/S08P31C208/ROS/robot_ws/install/nav2_amcl/share/nav2_amcl/local_setup.zsh
-- Installing: /home/iju/S08P31C208/ROS/robot_ws/install/nav2_amcl/share/ament_index/resource_index/packages/nav2_amcl
-- Installing: /home/iju/S08P31C208/ROS/robot_ws/install/nav2_amcl/share/nav2_amcl/cmake/ament_cmake_export_include_directories-extras.cmake
-- Installing: /home/iju/S08P31C208/ROS/robot_ws/install/nav2_amcl/share/nav2_amcl/cmake/ament_cmake_export_libraries-extras.cmake
-- Installing: /home/iju/S08P31C208/ROS/robot_ws/install/nav2_amcl/share/nav2_amcl/cmake/ament_cmake_export_dependencies-extras.cmake
-- Installing: /home/iju/S08P31C208/ROS/robot_ws/install/nav2_amcl/share/nav2_amcl/cmake/nav2_amclConfig.cmake
-- Installing: /home/iju/S08P31C208/ROS/robot_ws/install/nav2_amcl/share/nav2_amcl/cmake/nav2_amclConfig-version.cmake
-- Installing: /home/iju/S08P31C208/ROS/robot_ws/install/nav2_amcl/share/nav2_amcl/package.xml
-- Installing: /home/iju/S08P31C208/ROS/robot_ws/install/nav2_amcl/lib/libpf_lib.so
-- Installing: /home/iju/S08P31C208/ROS/robot_ws/install/nav2_amcl/lib/libmap_lib.so
-- Installing: /home/iju/S08P31C208/ROS/robot_ws/install/nav2_amcl/lib/libmotions_lib.so
-- Set runtime path of "/home/iju/S08P31C208/ROS/robot_ws/install/nav2_amcl/lib/libmotions_lib.so" to ""
-- Installing: /home/iju/S08P31C208/ROS/robot_ws/install/nav2_amcl/lib/libsensors_lib.so
-- Set runtime path of "/home/iju/S08P31C208/ROS/robot_ws/install/nav2_amcl/lib/libsensors_lib.so" to ""
