[ 18%] Built target map_lib
[ 40%] Built target pf_lib
[ 46%] Built target gtest_main
[ 53%] Built target gtest
[ 68%] Built target sensors_lib
[ 81%] Built target motions_lib
[ 87%] Built target test_localization_amcl
[ 93%] Built target amcl_core
[100%] Built target amcl
[ 18%] Built target map_lib
[ 25%] Built target gtest_main
[ 31%] Built target gtest
[ 53%] Built target pf_lib
[ 65%] Built target motions_lib
[ 71%] Built target test_localization_amcl
[ 87%] Built target sensors_lib
[ 93%] Built target amcl_core
[100%] Built target amcl
[36mInstall the project...[0m
-- Install configuration: "Release"
-- Up-to-date: /home/iju/S08P31C208/ROS/robot_ws/install/nav2_amcl/lib/nav2_amcl/amcl
-- Up-to-date: /home/iju/S08P31C208/ROS/robot_ws/install/nav2_amcl/lib/libamcl_core.so
-- Up-to-date: /home/iju/S08P31C208/ROS/robot_ws/install/nav2_amcl/include/
-- Up-to-date: /home/iju/S08P31C208/ROS/robot_ws/install/nav2_amcl/include//nav2_amcl
-- Up-to-date: /home/iju/S08P31C208/ROS/robot_ws/install/nav2_amcl/include//nav2_amcl/angleutils.hpp
-- Up-to-date: /home/iju/S08P31C208/ROS/robot_ws/install/nav2_amcl/include//nav2_amcl/sensors
-- Up-to-date: /home/iju/S08P31C208/ROS/robot_ws/install/nav2_amcl/include//nav2_amcl/sensors/laser
-- Up-to-date: /home/iju/S08P31C208/ROS/robot_ws/install/nav2_amcl/include//nav2_amcl/sensors/laser/laser.hpp
-- Up-to-date: /home/iju/S08P31C208/ROS/robot_ws/install/nav2_amcl/include//nav2_amcl/pf
-- Up-to-date: /home/iju/S08P31C208/ROS/robot_ws/install/nav2_amcl/include//nav2_amcl/pf/pf_vector.hpp
-- Up-to-date: /home/iju/S08P31C208/ROS/robot_ws/install/nav2_amcl/include//nav2_amcl/pf/pf_pdf.hpp
-- Up-to-date: /home/iju/S08P31C208/ROS/robot_ws/install/nav2_amcl/include//nav2_amcl/pf/eig3.hpp
-- Up-to-date: /home/iju/S08P31C208/ROS/robot_ws/install/nav2_amcl/include//nav2_amcl/pf/pf.hpp
-- Up-to-date: /home/iju/S08P31C208/ROS/robot_ws/install/nav2_amcl/include//nav2_amcl/pf/pf_kdtree.hpp
-- Up-to-date: /home/iju/S08P31C208/ROS/robot_ws/install/nav2_amcl/include//nav2_amcl/map
-- Up-to-date: /home/iju/S08P31C208/ROS/robot_ws/install/nav2_amcl/include//nav2_amcl/map/map.hpp
-- Up-to-date: /home/iju/S08P31C208/ROS/robot_ws/install/nav2_amcl/include//nav2_amcl/amcl_node.hpp
-- Up-to-date: /home/iju/S08P31C208/ROS/robot_ws/install/nav2_amcl/include//nav2_amcl/motion_model
-- Up-to-date: /home/iju/S08P31C208/ROS/robot_ws/install/nav2_amcl/include//nav2_amcl/motion_model/motion_model.hpp
-- Up-to-date: /home/iju/S08P31C208/ROS/robot_ws/install/nav2_amcl/share/nav2_amcl/environment/library_path.sh
-- Up-to-date: /home/iju/S08P31C208/ROS/robot_ws/install/nav2_amcl/share/ament_index/resource_index/package_run_dependencies/nav2_amcl
-- Up-to-date: /home/iju/S08P31C208/ROS/robot_ws/install/nav2_amcl/share/ament_index/resource_index/parent_prefix_path/nav2_amcl
-- Up-to-date: /home/iju/S08P31C208/ROS/robot_ws/install/nav2_amcl/share/nav2_amcl/environment/ament_prefix_path.sh
-- Up-to-date: /home/iju/S08P31C208/ROS/robot_ws/install/nav2_amcl/share/nav2_amcl/environment/path.sh
-- Up-to-date: /home/iju/S08P31C208/ROS/robot_ws/install/nav2_amcl/share/nav2_amcl/local_setup.bash
-- Up-to-date: /home/iju/S08P31C208/ROS/robot_ws/install/nav2_amcl/share/nav2_amcl/local_setup.sh
-- Up-to-date: /home/iju/S08P31C208/ROS/robot_ws/install/nav2_amcl/share/nav2_amcl/local_setup.zsh
-- Up-to-date: /home/iju/S08P31C208/ROS/robot_ws/install/nav2_amcl/share/ament_index/resource_index/packages/nav2_amcl
-- Up-to-date: /home/iju/S08P31C208/ROS/robot_ws/install/nav2_amcl/share/nav2_amcl/cmake/ament_cmake_export_include_directories-extras.cmake
-- Up-to-date: /home/iju/S08P31C208/ROS/robot_ws/install/nav2_amcl/share/nav2_amcl/cmake/ament_cmake_export_libraries-extras.cmake
-- Up-to-date: /home/iju/S08P31C208/ROS/robot_ws/install/nav2_amcl/share/nav2_amcl/cmake/ament_cmake_export_dependencies-extras.cmake
-- Up-to-date: /home/iju/S08P31C208/ROS/robot_ws/install/nav2_amcl/share/nav2_amcl/cmake/nav2_amclConfig.cmake
-- Up-to-date: /home/iju/S08P31C208/ROS/robot_ws/install/nav2_amcl/share/nav2_amcl/cmake/nav2_amclConfig-version.cmake
-- Up-to-date: /home/iju/S08P31C208/ROS/robot_ws/install/nav2_amcl/share/nav2_amcl/package.xml
-- Up-to-date: /home/iju/S08P31C208/ROS/robot_ws/install/nav2_amcl/lib/libpf_lib.so
-- Up-to-date: /home/iju/S08P31C208/ROS/robot_ws/install/nav2_amcl/lib/libmap_lib.so
-- Up-to-date: /home/iju/S08P31C208/ROS/robot_ws/install/nav2_amcl/lib/libmotions_lib.so
-- Up-to-date: /home/iju/S08P31C208/ROS/robot_ws/install/nav2_amcl/lib/libsensors_lib.so
