-- Found ament_cmake: 0.7.6 (/opt/ros/dashing/share/ament_cmake/cmake)
-- Using PYTHON_EXECUTABLE: /usr/bin/python3
-- Override CMake install command with custom implementation using symlinks instead of copying resources
-- Found dynamixel_sdk: 3.7.40 (/opt/ros/dashing/share/dynamixel_sdk/cmake)
-- Found geometry_msgs: 0.7.1 (/opt/ros/dashing/share/geometry_msgs/cmake)
-- Found rosidl_adapter: 0.7.10 (/opt/ros/dashing/share/rosidl_adapter/cmake)
-- Found message_filters: 3.1.3 (/opt/ros/dashing/share/message_filters/cmake)
-- Found nav_msgs: 0.7.1 (/opt/ros/dashing/share/nav_msgs/cmake)
-- Found rclcpp: 0.7.16 (/opt/ros/dashing/share/rclcpp/cmake)
-- Found rmw_implementation_cmake: 0.7.2 (/opt/ros/dashing/share/rmw_implementation_cmake/cmake)
-- Using RMW implementation 'rmw_fastrtps_cpp' as default
-- Looking for pthread.h
-- Looking for pthread.h - found
-- Looking for pthread_create
-- Looking for pthread_create - not found
-- Looking for pthread_create in pthreads
-- Looking for pthread_create in pthreads - not found
-- Looking for pthread_create in pthread
-- Looking for pthread_create in pthread - found
-- Found Threads: TRUE  
-- Found sensor_msgs: 0.7.1 (/opt/ros/dashing/share/sensor_msgs/cmake)
-- Found std_srvs: 0.7.1 (/opt/ros/dashing/share/std_srvs/cmake)
-- Found tf2: 0.11.6 (/opt/ros/dashing/share/tf2/cmake)
-- Found tf2_ros: 0.11.6 (/opt/ros/dashing/share/tf2_ros/cmake)
CMake Error at CMakeLists.txt:30 (find_package):
  By not providing "Findturtlebot3_msgs.cmake" in CMAKE_MODULE_PATH this
  project has asked CMake to find a package configuration file provided by
  "turtlebot3_msgs", but CMake did not find one.

  Could not find a package configuration file provided by "turtlebot3_msgs"
  with any of the following names:

    turtlebot3_msgsConfig.cmake
    turtlebot3_msgs-config.cmake

  Add the installation prefix of "turtlebot3_msgs" to CMAKE_PREFIX_PATH or
  set "turtlebot3_msgs_DIR" to a directory containing one of the above files.
  If "turtlebot3_msgs" provides a separate development package or SDK, be
  sure it has been installed.


-- Configuring incomplete, errors occurred!
See also "/home/moon/S08P31C208/ROS/buruemi_ws/build/turtlebot3_node/CMakeFiles/CMakeOutput.log".
See also "/home/moon/S08P31C208/ROS/buruemi_ws/build/turtlebot3_node/CMakeFiles/CMakeError.log".
