[0.442s] Invoking command in '/home/moon/S08P31C208/ROS/buruemi_ws/build/turtlebot3_node': CMAKE_PREFIX_PATH=${CMAKE_PREFIX_PATH}:/home/moon/S08P31C208/ROS/buruemi_ws/install/turtlebot3_teleop:/home/moon/S08P31C208/ROS/buruemi_ws/install/turtlebot3_example:/home/moon/S08P31C208/ROS/buruemi_ws/install/lidar_filter:/opt/ros/dashing /usr/bin/cmake /home/moon/S08P31C208/ROS/buruemi_ws/src/turtlebot3/turtlebot3_node -DAMENT_CMAKE_SYMLINK_INSTALL=1 -DCMAKE_INSTALL_PREFIX=/home/moon/S08P31C208/ROS/buruemi_ws/install/turtlebot3_node
[3.994s] -- Found ament_cmake: 0.7.6 (/opt/ros/dashing/share/ament_cmake/cmake)
[3.995s] -- Using PYTHON_EXECUTABLE: /usr/bin/python3
[3.997s] -- Override CMake install command with custom implementation using symlinks instead of copying resources
[3.998s] -- Found dynamixel_sdk: 3.7.40 (/opt/ros/dashing/share/dynamixel_sdk/cmake)
[3.999s] -- Found geometry_msgs: 0.7.1 (/opt/ros/dashing/share/geometry_msgs/cmake)
[4.000s] -- Found rosidl_adapter: 0.7.10 (/opt/ros/dashing/share/rosidl_adapter/cmake)
[4.003s] -- Found message_filters: 3.1.3 (/opt/ros/dashing/share/message_filters/cmake)
[4.004s] -- Found nav_msgs: 0.7.1 (/opt/ros/dashing/share/nav_msgs/cmake)
[4.006s] -- Found rclcpp: 0.7.16 (/opt/ros/dashing/share/rclcpp/cmake)
[4.010s] -- Found rmw_implementation_cmake: 0.7.2 (/opt/ros/dashing/share/rmw_implementation_cmake/cmake)
[4.011s] -- Using RMW implementation 'rmw_fastrtps_cpp' as default
[4.012s] -- Looking for pthread.h
[4.012s] -- Looking for pthread.h - found
[4.013s] -- Looking for pthread_create
[4.013s] -- Looking for pthread_create - not found
[4.015s] -- Looking for pthread_create in pthreads
[4.016s] -- Looking for pthread_create in pthreads - not found
[4.017s] -- Looking for pthread_create in pthread
[4.022s] -- Looking for pthread_create in pthread - found
[4.024s] -- Found Threads: TRUE  
[4.025s] -- Found sensor_msgs: 0.7.1 (/opt/ros/dashing/share/sensor_msgs/cmake)
[4.026s] -- Found std_srvs: 0.7.1 (/opt/ros/dashing/share/std_srvs/cmake)
[4.028s] -- Found tf2: 0.11.6 (/opt/ros/dashing/share/tf2/cmake)
[4.033s] -- Found tf2_ros: 0.11.6 (/opt/ros/dashing/share/tf2_ros/cmake)
[4.035s] CMake Error at CMakeLists.txt:30 (find_package):
[4.036s]   By not providing "Findturtlebot3_msgs.cmake" in CMAKE_MODULE_PATH this
[4.036s]   project has asked CMake to find a package configuration file provided by
[4.037s]   "turtlebot3_msgs", but CMake did not find one.
[4.041s] 
[4.043s]   Could not find a package configuration file provided by "turtlebot3_msgs"
[4.044s]   with any of the following names:
[4.045s] 
[4.046s]     turtlebot3_msgsConfig.cmake
[4.048s]     turtlebot3_msgs-config.cmake
[4.049s] 
[4.054s]   Add the installation prefix of "turtlebot3_msgs" to CMAKE_PREFIX_PATH or
[4.056s]   set "turtlebot3_msgs_DIR" to a directory containing one of the above files.
[4.056s]   If "turtlebot3_msgs" provides a separate development package or SDK, be
[4.057s]   sure it has been installed.
[4.057s] 
[4.058s] 
[4.059s] -- Configuring incomplete, errors occurred!
[4.071s] See also "/home/moon/S08P31C208/ROS/buruemi_ws/build/turtlebot3_node/CMakeFiles/CMakeOutput.log".
[4.073s] See also "/home/moon/S08P31C208/ROS/buruemi_ws/build/turtlebot3_node/CMakeFiles/CMakeError.log".
[4.078s] Invoked command in '/home/moon/S08P31C208/ROS/buruemi_ws/build/turtlebot3_node' returned '1': CMAKE_PREFIX_PATH=${CMAKE_PREFIX_PATH}:/home/moon/S08P31C208/ROS/buruemi_ws/install/turtlebot3_teleop:/home/moon/S08P31C208/ROS/buruemi_ws/install/turtlebot3_example:/home/moon/S08P31C208/ROS/buruemi_ws/install/lidar_filter:/opt/ros/dashing /usr/bin/cmake /home/moon/S08P31C208/ROS/buruemi_ws/src/turtlebot3/turtlebot3_node -DAMENT_CMAKE_SYMLINK_INSTALL=1 -DCMAKE_INSTALL_PREFIX=/home/moon/S08P31C208/ROS/buruemi_ws/install/turtlebot3_node
