[6.005s] Invoking command in '/home/moon/S08P31C208/ROS/buruemi_ws/build/turtlebot3_example': PYTHONPATH=/home/moon/S08P31C208/ROS/buruemi_ws/build/turtlebot3_example/prefix_override:/home/moon/S08P31C208/ROS/buruemi_ws/install/turtlebot3_example/lib/python3.6/site-packages:${PYTHONPATH} /usr/bin/python3 setup.py develop --editable --build-directory /home/moon/S08P31C208/ROS/buruemi_ws/build/turtlebot3_example/build --no-deps install_data
[7.751s] /home/moon/.local/lib/python3.6/site-packages/setuptools/dist.py:726: UserWarning: Usage of dash-separated 'script-dir' will not be supported in future versions. Please use the underscore name 'script_dir' instead
[7.752s]   % (opt, underscore_opt)
[8.095s] running develop
[8.097s] /home/moon/.local/lib/python3.6/site-packages/setuptools/command/easy_install.py:159: EasyInstallDeprecationWarning: easy_install command is deprecated. Use build and pip and other standards-based tools.
[8.098s]   EasyInstallDeprecationWarning,
[8.105s] /home/moon/.local/lib/python3.6/site-packages/setuptools/command/install.py:37: SetuptoolsDeprecationWarning: setup.py install is deprecated. Use build and pip and other standards-based tools.
[8.107s]   setuptools.SetuptoolsDeprecationWarning,
[8.482s] /home/moon/.local/lib/python3.6/site-packages/pkg_resources/__init__.py:119: PkgResourcesDeprecationWarning: 0.18ubuntu0.18.04.1 is an invalid version and will not be supported in a future release
[8.483s]   PkgResourcesDeprecationWarning,
[9.163s] running egg_info
[9.167s] writing turtlebot3_example.egg-info/PKG-INFO
[9.168s] writing dependency_links to turtlebot3_example.egg-info/dependency_links.txt
[9.168s] writing entry points to turtlebot3_example.egg-info/entry_points.txt
[9.169s] writing requirements to turtlebot3_example.egg-info/requires.txt
[9.170s] writing top-level names to turtlebot3_example.egg-info/top_level.txt
[9.208s] reading manifest file 'turtlebot3_example.egg-info/SOURCES.txt'
[9.210s] writing manifest file 'turtlebot3_example.egg-info/SOURCES.txt'
[9.211s] running build_ext
[9.211s] Creating /home/moon/S08P31C208/ROS/buruemi_ws/install/turtlebot3_example/lib/python3.6/site-packages/turtlebot3-example.egg-link (link to .)
[9.246s] Installing turtlebot3_obstacle_detection script to /home/moon/S08P31C208/ROS/buruemi_ws/install/turtlebot3_example/lib/turtlebot3_example
[9.250s] Installing turtlebot3_patrol_client script to /home/moon/S08P31C208/ROS/buruemi_ws/install/turtlebot3_example/lib/turtlebot3_example
[9.252s] Installing turtlebot3_patrol_server script to /home/moon/S08P31C208/ROS/buruemi_ws/install/turtlebot3_example/lib/turtlebot3_example
[9.254s] Installing turtlebot3_position_control script to /home/moon/S08P31C208/ROS/buruemi_ws/install/turtlebot3_example/lib/turtlebot3_example
[9.255s] 
[9.256s] Installed /home/moon/S08P31C208/ROS/buruemi_ws/build/turtlebot3_example
[9.256s] running install_data
[9.397s] Invoked command in '/home/moon/S08P31C208/ROS/buruemi_ws/build/turtlebot3_example' returned '0': PYTHONPATH=/home/moon/S08P31C208/ROS/buruemi_ws/build/turtlebot3_example/prefix_override:/home/moon/S08P31C208/ROS/buruemi_ws/install/turtlebot3_example/lib/python3.6/site-packages:${PYTHONPATH} /usr/bin/python3 setup.py develop --editable --build-directory /home/moon/S08P31C208/ROS/buruemi_ws/build/turtlebot3_example/build --no-deps install_data
