[0.075s] Invoking command in '/home/iju/S08P31C208/ROS/robot_ws/src/build/turtlebot3_description': CMAKE_PREFIX_PATH=/opt/ros/dashing PS1=\u@\h \[\033[32m\]\w\[\033[33m\]$(parse_git_branch)\[\033[00m\] $ /usr/bin/cmake /home/iju/S08P31C208/ROS/robot_ws/src/turtlebot3/turtlebot3_description -DAMENT_CMAKE_SYMLINK_INSTALL=1 -DCMAKE_INSTALL_PREFIX=/home/iju/S08P31C208/ROS/robot_ws/src/install/turtlebot3_description
[0.285s] -- The C compiler identification is GNU 7.5.0
[0.471s] -- The CXX compiler identification is GNU 7.5.0
[0.477s] -- Check for working C compiler: /usr/bin/cc
[0.613s] -- Check for working C compiler: /usr/bin/cc -- works
[0.614s] -- Detecting C compiler ABI info
[0.773s] -- Detecting C compiler ABI info - done
[0.782s] -- Detecting C compile features
[1.211s] -- Detecting C compile features - done
[1.214s] -- Check for working CXX compiler: /usr/bin/c++
[1.388s] -- Check for working CXX compiler: /usr/bin/c++ -- works
[1.389s] -- Detecting CXX compiler ABI info
[1.545s] -- Detecting CXX compiler ABI info - done
[1.555s] -- Detecting CXX compile features
[2.230s] -- Detecting CXX compile features - done
[2.233s] -- Found ament_cmake: 0.7.6 (/opt/ros/dashing/share/ament_cmake/cmake)
[2.280s] -- Found PythonInterp: /usr/bin/python3 (found suitable version "3.6.9", minimum required is "3") 
[2.280s] -- Using PYTHON_EXECUTABLE: /usr/bin/python3
[2.689s] -- Override CMake install command with custom implementation using symlinks instead of copying resources
[2.724s] -- Found urdf: 2.2.0 (/opt/ros/dashing/share/urdf/cmake)
[2.980s] -- Configuring done
[2.984s] -- Generating done
[2.986s] -- Build files have been written to: /home/iju/S08P31C208/ROS/robot_ws/src/build/turtlebot3_description
[2.991s] Invoked command in '/home/iju/S08P31C208/ROS/robot_ws/src/build/turtlebot3_description' returned '0': CMAKE_PREFIX_PATH=/opt/ros/dashing PS1=\u@\h \[\033[32m\]\w\[\033[33m\]$(parse_git_branch)\[\033[00m\] $ /usr/bin/cmake /home/iju/S08P31C208/ROS/robot_ws/src/turtlebot3/turtlebot3_description -DAMENT_CMAKE_SYMLINK_INSTALL=1 -DCMAKE_INSTALL_PREFIX=/home/iju/S08P31C208/ROS/robot_ws/src/install/turtlebot3_description
[2.997s] Invoking command in '/home/iju/S08P31C208/ROS/robot_ws/src/build/turtlebot3_description': CMAKE_PREFIX_PATH=/opt/ros/dashing PS1=\u@\h \[\033[32m\]\w\[\033[33m\]$(parse_git_branch)\[\033[00m\] $ /usr/bin/cmake --build /home/iju/S08P31C208/ROS/robot_ws/src/build/turtlebot3_description -- -j6 -l6
[3.122s] Invoked command in '/home/iju/S08P31C208/ROS/robot_ws/src/build/turtlebot3_description' returned '0': CMAKE_PREFIX_PATH=/opt/ros/dashing PS1=\u@\h \[\033[32m\]\w\[\033[33m\]$(parse_git_branch)\[\033[00m\] $ /usr/bin/cmake --build /home/iju/S08P31C208/ROS/robot_ws/src/build/turtlebot3_description -- -j6 -l6
[3.353s] Invoking command in '/home/iju/S08P31C208/ROS/robot_ws/src/build/turtlebot3_description': CMAKE_PREFIX_PATH=/opt/ros/dashing PS1=\u@\h \[\033[32m\]\w\[\033[33m\]$(parse_git_branch)\[\033[00m\] $ /usr/bin/cmake --build /home/iju/S08P31C208/ROS/robot_ws/src/build/turtlebot3_description --target install -- -j6 -l6
[3.817s] [36mInstall the project...[0m
[3.937s] -- Install configuration: ""
[3.938s] -- Execute custom install script
[3.959s] -- Symlinking: /home/iju/S08P31C208/ROS/robot_ws/src/install/turtlebot3_description/share/turtlebot3_description/meshes/bases/burger_base.stl
[4.050s] -- Symlinking: /home/iju/S08P31C208/ROS/robot_ws/src/install/turtlebot3_description/share/turtlebot3_description/meshes/bases/waffle_base.stl
[4.106s] -- Symlinking: /home/iju/S08P31C208/ROS/robot_ws/src/install/turtlebot3_description/share/turtlebot3_description/meshes/bases/waffle_pi_base.stl
[4.127s] -- Symlinking: /home/iju/S08P31C208/ROS/robot_ws/src/install/turtlebot3_description/share/turtlebot3_description/meshes/sensors/astra.dae
[4.153s] -- Symlinking: /home/iju/S08P31C208/ROS/robot_ws/src/install/turtlebot3_description/share/turtlebot3_description/meshes/sensors/astra.jpg
[4.209s] -- Symlinking: /home/iju/S08P31C208/ROS/robot_ws/src/install/turtlebot3_description/share/turtlebot3_description/meshes/sensors/lds.stl
[4.261s] -- Symlinking: /home/iju/S08P31C208/ROS/robot_ws/src/install/turtlebot3_description/share/turtlebot3_description/meshes/sensors/r200.dae
[4.279s] -- Symlinking: /home/iju/S08P31C208/ROS/robot_ws/src/install/turtlebot3_description/share/turtlebot3_description/meshes/sensors/r200.jpg
[4.299s] -- Symlinking: /home/iju/S08P31C208/ROS/robot_ws/src/install/turtlebot3_description/share/turtlebot3_description/meshes/wheels/left_tire.stl
[4.316s] -- Symlinking: /home/iju/S08P31C208/ROS/robot_ws/src/install/turtlebot3_description/share/turtlebot3_description/meshes/wheels/right_tire.stl
[4.335s] -- Symlinking: /home/iju/S08P31C208/ROS/robot_ws/src/install/turtlebot3_description/share/turtlebot3_description/rviz/model.rviz
[4.357s] -- Symlinking: /home/iju/S08P31C208/ROS/robot_ws/src/install/turtlebot3_description/share/turtlebot3_description/urdf/common_properties.urdf
[4.369s] -- Symlinking: /home/iju/S08P31C208/ROS/robot_ws/src/install/turtlebot3_description/share/turtlebot3_description/urdf/turtlebot3_burger.urdf
[4.387s] -- Symlinking: /home/iju/S08P31C208/ROS/robot_ws/src/install/turtlebot3_description/share/turtlebot3_description/urdf/turtlebot3_waffle.urdf
[4.406s] -- Symlinking: /home/iju/S08P31C208/ROS/robot_ws/src/install/turtlebot3_description/share/turtlebot3_description/urdf/turtlebot3_waffle_pi.urdf
[4.426s] -- Symlinking: /home/iju/S08P31C208/ROS/robot_ws/src/install/turtlebot3_description/share/ament_index/resource_index/package_run_dependencies/turtlebot3_description
[4.447s] -- Symlinking: /home/iju/S08P31C208/ROS/robot_ws/src/install/turtlebot3_description/share/ament_index/resource_index/parent_prefix_path/turtlebot3_description
[4.475s] -- Symlinking: /home/iju/S08P31C208/ROS/robot_ws/src/install/turtlebot3_description/share/turtlebot3_description/environment/ament_prefix_path.sh
[4.494s] -- Symlinking: /home/iju/S08P31C208/ROS/robot_ws/src/install/turtlebot3_description/share/turtlebot3_description/environment/path.sh
[4.513s] -- Symlinking: /home/iju/S08P31C208/ROS/robot_ws/src/install/turtlebot3_description/share/turtlebot3_description/local_setup.bash
[4.520s] -- Symlinking: /home/iju/S08P31C208/ROS/robot_ws/src/install/turtlebot3_description/share/turtlebot3_description/local_setup.sh
[4.550s] -- Symlinking: /home/iju/S08P31C208/ROS/robot_ws/src/install/turtlebot3_description/share/turtlebot3_description/local_setup.zsh
[4.570s] -- Symlinking: /home/iju/S08P31C208/ROS/robot_ws/src/install/turtlebot3_description/share/ament_index/resource_index/packages/turtlebot3_description
[4.574s] -- Symlinking: /home/iju/S08P31C208/ROS/robot_ws/src/install/turtlebot3_description/share/turtlebot3_description/cmake/turtlebot3_descriptionConfig.cmake
[4.599s] -- Symlinking: /home/iju/S08P31C208/ROS/robot_ws/src/install/turtlebot3_description/share/turtlebot3_description/cmake/turtlebot3_descriptionConfig-version.cmake
[4.627s] -- Symlinking: /home/iju/S08P31C208/ROS/robot_ws/src/install/turtlebot3_description/share/turtlebot3_description/package.xml
[4.654s] Invoked command in '/home/iju/S08P31C208/ROS/robot_ws/src/build/turtlebot3_description' returned '0': CMAKE_PREFIX_PATH=/opt/ros/dashing PS1=\u@\h \[\033[32m\]\w\[\033[33m\]$(parse_git_branch)\[\033[00m\] $ /usr/bin/cmake --build /home/iju/S08P31C208/ROS/robot_ws/src/build/turtlebot3_description --target install -- -j6 -l6
