[0.477s] Invoking command in '/home/iju/S08P31C208/ROS/robot_ws/src/build/dynamixel_sdk_custom_interfaces': CMAKE_PREFIX_PATH=/home/iju/S08P31C208/ROS/robot_ws/install/vision_opencv:/home/iju/S08P31C208/ROS/robot_ws/install/turtlebot3_simulations:/home/iju/S08P31C208/ROS/robot_ws/install/turtlebot3_gazebo:/home/iju/S08P31C208/ROS/robot_ws/install/turtlebot3:/home/iju/S08P31C208/ROS/robot_ws/install/turtlebot3_bringup:/home/iju/S08P31C208/ROS/robot_ws/install/turtlebot3_node:/home/iju/S08P31C208/ROS/robot_ws/install/turtlebot3_navigation2:/home/iju/S08P31C208/ROS/robot_ws/install/turtlebot3_fake_node:/home/iju/S08P31C208/ROS/robot_ws/install/turtlebot3_msgs:/home/iju/S08P31C208/ROS/robot_ws/install/turtlebot3_description:/home/iju/S08P31C208/ROS/robot_ws/install/turtlebot3_cartographer:/home/iju/S08P31C208/ROS/robot_ws/install/image_geometry:/home/iju/S08P31C208/ROS/robot_ws/install/gazebo_ros_pkgs:/home/iju/S08P31C208/ROS/robot_ws/install/turtlebot3_teleop:/home/iju/S08P31C208/ROS/robot_ws/install/turtlebot3_example:/home/iju/S08P31C208/ROS/robot_ws/install/opencv_tests:/opt/ros/dashing:/home/iju/S08P31C208/ROS/robot_ws/install/aws_robomaker_hospital_world:/home/iju/S08P31C208/ROS/robot_ws/install/gazebo_plugins:/home/iju/S08P31C208/ROS/robot_ws/install/gazebo_ros:/home/iju/S08P31C208/ROS/robot_ws/install/gazebo_msgs:/home/iju/S08P31C208/ROS/robot_ws/install/gazebo_dev:/home/iju/S08P31C208/ROS/robot_ws/install/dynamixel_sdk_examples:/home/iju/S08P31C208/ROS/robot_ws/install/dynamixel_sdk_custom_interfaces:/home/iju/S08P31C208/ROS/robot_ws/install/dynamixel_sdk:/home/iju/S08P31C208/ROS/robot_ws/install/cv_bridge PS1=\u@\h \[\033[32m\]\w\[\033[33m\]$(parse_git_branch)\[\033[00m\] $ /usr/bin/cmake --build /home/iju/S08P31C208/ROS/robot_ws/src/build/dynamixel_sdk_custom_interfaces -- -j6 -l6
[0.539s] -- Found ament_cmake: 0.7.6 (/opt/ros/dashing/share/ament_cmake/cmake)
[0.563s] -- Found PythonInterp: /usr/bin/python3 (found suitable version "3.6.9", minimum required is "3") 
[0.564s] -- Using PYTHON_EXECUTABLE: /usr/bin/python3
[0.849s] -- Override CMake install command with custom implementation using symlinks instead of copying resources
[0.856s] -- Found builtin_interfaces: 0.7.4 (/opt/ros/dashing/share/builtin_interfaces/cmake)
[0.881s] -- Found rosidl_adapter: 0.7.10 (/opt/ros/dashing/share/rosidl_adapter/cmake)
[0.916s] -- Found rosidl_default_generators: 0.7.0 (/opt/ros/dashing/share/rosidl_default_generators/cmake)
[1.125s] -- Found PythonInterp: /usr/bin/python3 (found version "3.6.9") 
[1.634s] -- Using all available rosidl_typesupport_c: rosidl_typesupport_fastrtps_c;rosidl_typesupport_introspection_c
[1.660s] -- Using all available rosidl_typesupport_cpp: rosidl_typesupport_fastrtps_cpp;rosidl_typesupport_introspection_cpp
[1.965s] -- Found rmw_implementation_cmake: 0.7.2 (/opt/ros/dashing/share/rmw_implementation_cmake/cmake)
[2.044s] -- Found PythonInterp: /usr/bin/python3 (found suitable version "3.6.9", minimum required is "3.5") 
[2.044s] -- Found python_cmake_module: 0.7.11 (/opt/ros/dashing/share/python_cmake_module/cmake)
[2.093s] -- Using PYTHON_EXECUTABLE: /usr/bin/python3
[2.093s] -- Using PYTHON_INCLUDE_DIRS: /usr/include/python3.6m
[2.093s] -- Using PYTHON_LIBRARIES: /usr/lib/x86_64-linux-gnu/libpython3.6m.so
[2.509s] -- Configuring done
[2.704s] -- Generating done
[2.722s] -- Build files have been written to: /home/iju/S08P31C208/ROS/robot_ws/src/build/dynamixel_sdk_custom_interfaces
[2.855s] [35m[1mScanning dependencies of target dynamixel_sdk_custom_interfaces__rosidl_generator_c[0m
[2.902s] [  2%] [32mBuilding C object CMakeFiles/dynamixel_sdk_custom_interfaces__rosidl_generator_c.dir/rosidl_generator_c/dynamixel_sdk_custom_interfaces/srv/get_position__functions.c.o[0m
[2.956s] [  5%] [32mBuilding C object CMakeFiles/dynamixel_sdk_custom_interfaces__rosidl_generator_c.dir/rosidl_generator_c/dynamixel_sdk_custom_interfaces/msg/set_position__functions.c.o[0m
[2.964s] [  7%] Built target dynamixel_sdk_custom_interfaces__cpp
[3.052s] [35m[1mScanning dependencies of target dynamixel_sdk_custom_interfaces__rosidl_typesupport_introspection_cpp[0m
[3.070s] [35m[1mScanning dependencies of target dynamixel_sdk_custom_interfaces__rosidl_typesupport_fastrtps_cpp[0m
[3.082s] [35m[1mScanning dependencies of target dynamixel_sdk_custom_interfaces__rosidl_typesupport_cpp[0m
[3.137s] [ 10%] [32mBuilding CXX object CMakeFiles/dynamixel_sdk_custom_interfaces__rosidl_typesupport_cpp.dir/rosidl_typesupport_cpp/dynamixel_sdk_custom_interfaces/msg/set_position__type_support.cpp.o[0m
[3.151s] [ 12%] [32mBuilding CXX object CMakeFiles/dynamixel_sdk_custom_interfaces__rosidl_typesupport_introspection_cpp.dir/rosidl_typesupport_introspection_cpp/dynamixel_sdk_custom_interfaces/srv/get_position__type_support.cpp.o[0m
[3.156s] [ 15%] [32mBuilding CXX object CMakeFiles/dynamixel_sdk_custom_interfaces__rosidl_typesupport_introspection_cpp.dir/rosidl_typesupport_introspection_cpp/dynamixel_sdk_custom_interfaces/msg/set_position__type_support.cpp.o[0m
[3.163s] [ 17%] [32mBuilding CXX object CMakeFiles/dynamixel_sdk_custom_interfaces__rosidl_typesupport_fastrtps_cpp.dir/rosidl_typesupport_fastrtps_cpp/dynamixel_sdk_custom_interfaces/msg/dds_fastrtps/set_position__type_support.cpp.o[0m
[3.167s] [ 20%] [32mBuilding CXX object CMakeFiles/dynamixel_sdk_custom_interfaces__rosidl_typesupport_fastrtps_cpp.dir/rosidl_typesupport_fastrtps_cpp/dynamixel_sdk_custom_interfaces/srv/dds_fastrtps/get_position__type_support.cpp.o[0m
[3.267s] [ 23%] [32m[1mLinking C shared library libdynamixel_sdk_custom_interfaces__rosidl_generator_c.so[0m
[3.436s] [ 25%] [32mBuilding CXX object CMakeFiles/dynamixel_sdk_custom_interfaces__rosidl_typesupport_cpp.dir/rosidl_typesupport_cpp/dynamixel_sdk_custom_interfaces/srv/get_position__type_support.cpp.o[0m
[3.512s] [ 28%] Built target dynamixel_sdk_custom_interfaces__rosidl_generator_c
[3.599s] [35m[1mScanning dependencies of target dynamixel_sdk_custom_interfaces__rosidl_typesupport_c[0m
[3.718s] [ 30%] [32mBuilding CXX object CMakeFiles/dynamixel_sdk_custom_interfaces__rosidl_typesupport_c.dir/rosidl_typesupport_c/dynamixel_sdk_custom_interfaces/msg/set_position__type_support.cpp.o[0m
[3.818s] [ 33%] [32m[1mLinking CXX shared library libdynamixel_sdk_custom_interfaces__rosidl_typesupport_introspection_cpp.so[0m
[3.891s] [ 35%] [32mBuilding CXX object CMakeFiles/dynamixel_sdk_custom_interfaces__rosidl_typesupport_c.dir/rosidl_typesupport_c/dynamixel_sdk_custom_interfaces/srv/get_position__type_support.cpp.o[0m
[4.037s] [ 38%] [32m[1mLinking CXX shared library libdynamixel_sdk_custom_interfaces__rosidl_typesupport_c.so[0m
[4.038s] [35m[1mScanning dependencies of target dynamixel_sdk_custom_interfaces__rosidl_typesupport_introspection_c[0m
[4.058s] [ 41%] Built target dynamixel_sdk_custom_interfaces__rosidl_typesupport_introspection_cpp
[4.102s] [ 43%] [32mBuilding C object CMakeFiles/dynamixel_sdk_custom_interfaces__rosidl_typesupport_introspection_c.dir/rosidl_typesupport_introspection_c/dynamixel_sdk_custom_interfaces/srv/get_position__type_support.c.o[0m
[4.123s] [ 46%] [32mBuilding C object CMakeFiles/dynamixel_sdk_custom_interfaces__rosidl_typesupport_introspection_c.dir/rosidl_typesupport_introspection_c/dynamixel_sdk_custom_interfaces/msg/set_position__type_support.c.o[0m
[4.152s] [ 48%] [32m[1mLinking CXX shared library libdynamixel_sdk_custom_interfaces__rosidl_typesupport_cpp.so[0m
[4.310s] [ 51%] [32m[1mLinking C shared library libdynamixel_sdk_custom_interfaces__rosidl_typesupport_introspection_c.so[0m
[4.319s] [ 53%] Built target dynamixel_sdk_custom_interfaces__rosidl_typesupport_c
[4.410s] [ 56%] Built target dynamixel_sdk_custom_interfaces__rosidl_typesupport_cpp
[4.486s] [ 58%] Built target dynamixel_sdk_custom_interfaces__rosidl_typesupport_introspection_c
[4.583s] [ 61%] [32m[1mLinking CXX shared library libdynamixel_sdk_custom_interfaces__rosidl_typesupport_fastrtps_cpp.so[0m
[4.833s] [ 64%] Built target dynamixel_sdk_custom_interfaces__rosidl_typesupport_fastrtps_cpp
[4.920s] [35m[1mScanning dependencies of target dynamixel_sdk_custom_interfaces__rosidl_typesupport_fastrtps_c[0m
[5.008s] [ 66%] [32mBuilding CXX object CMakeFiles/dynamixel_sdk_custom_interfaces__rosidl_typesupport_fastrtps_c.dir/rosidl_typesupport_fastrtps_c/dynamixel_sdk_custom_interfaces/msg/set_position__type_support_c.cpp.o[0m
[5.037s] [ 69%] [32mBuilding CXX object CMakeFiles/dynamixel_sdk_custom_interfaces__rosidl_typesupport_fastrtps_c.dir/rosidl_typesupport_fastrtps_c/dynamixel_sdk_custom_interfaces/srv/get_position__type_support_c.cpp.o[0m
[6.203s] [ 71%] [32m[1mLinking CXX shared library libdynamixel_sdk_custom_interfaces__rosidl_typesupport_fastrtps_c.so[0m
[6.547s] [ 74%] Built target dynamixel_sdk_custom_interfaces__rosidl_typesupport_fastrtps_c
[6.643s] [ 74%] Built target dynamixel_sdk_custom_interfaces
[6.770s] [ 76%] Built target dynamixel_sdk_custom_interfaces__py
[6.856s] [35m[1mScanning dependencies of target dynamixel_sdk_custom_interfaces__python[0m
[6.930s] [ 79%] [32mBuilding C object CMakeFiles/dynamixel_sdk_custom_interfaces__python.dir/rosidl_generator_py/dynamixel_sdk_custom_interfaces/msg/_set_position_s.c.o[0m
[6.945s] [ 82%] [32mBuilding C object CMakeFiles/dynamixel_sdk_custom_interfaces__python.dir/rosidl_generator_py/dynamixel_sdk_custom_interfaces/srv/_get_position_s.c.o[0m
[7.386s] [ 84%] [32m[1mLinking C shared library rosidl_generator_py/dynamixel_sdk_custom_interfaces/libdynamixel_sdk_custom_interfaces__python.so[0m
[7.550s] [ 84%] Built target dynamixel_sdk_custom_interfaces__python
[7.582s] [35m[1mScanning dependencies of target dynamixel_sdk_custom_interfaces__rosidl_typesupport_introspection_c__pyext[0m
[7.607s] [35m[1mScanning dependencies of target dynamixel_sdk_custom_interfaces__rosidl_typesupport_fastrtps_c__pyext[0m
[7.608s] [35m[1mScanning dependencies of target dynamixel_sdk_custom_interfaces__rosidl_typesupport_c__pyext[0m
[7.629s] [ 87%] [32mBuilding C object CMakeFiles/dynamixel_sdk_custom_interfaces__rosidl_typesupport_introspection_c__pyext.dir/rosidl_generator_py/dynamixel_sdk_custom_interfaces/_dynamixel_sdk_custom_interfaces_s.ep.rosidl_typesupport_introspection_c.c.o[0m
[7.669s] [ 89%] [32mBuilding C object CMakeFiles/dynamixel_sdk_custom_interfaces__rosidl_typesupport_fastrtps_c__pyext.dir/rosidl_generator_py/dynamixel_sdk_custom_interfaces/_dynamixel_sdk_custom_interfaces_s.ep.rosidl_typesupport_fastrtps_c.c.o[0m
[7.684s] [ 92%] [32mBuilding C object CMakeFiles/dynamixel_sdk_custom_interfaces__rosidl_typesupport_c__pyext.dir/rosidl_generator_py/dynamixel_sdk_custom_interfaces/_dynamixel_sdk_custom_interfaces_s.ep.rosidl_typesupport_c.c.o[0m
[7.836s] [ 94%] [32m[1mLinking C shared library rosidl_generator_py/dynamixel_sdk_custom_interfaces/dynamixel_sdk_custom_interfaces_s__rosidl_typesupport_introspection_c.cpython-36m-x86_64-linux-gnu.so[0m
[7.958s] [ 97%] [32m[1mLinking C shared library rosidl_generator_py/dynamixel_sdk_custom_interfaces/dynamixel_sdk_custom_interfaces_s__rosidl_typesupport_fastrtps_c.cpython-36m-x86_64-linux-gnu.so[0m
[8.003s] [100%] [32m[1mLinking C shared library rosidl_generator_py/dynamixel_sdk_custom_interfaces/dynamixel_sdk_custom_interfaces_s__rosidl_typesupport_c.cpython-36m-x86_64-linux-gnu.so[0m
[8.063s] [100%] Built target dynamixel_sdk_custom_interfaces__rosidl_typesupport_introspection_c__pyext
[8.237s] [100%] Built target dynamixel_sdk_custom_interfaces__rosidl_typesupport_fastrtps_c__pyext
[8.247s] [100%] Built target dynamixel_sdk_custom_interfaces__rosidl_typesupport_c__pyext
[8.274s] Invoked command in '/home/iju/S08P31C208/ROS/robot_ws/src/build/dynamixel_sdk_custom_interfaces' returned '0': CMAKE_PREFIX_PATH=/home/iju/S08P31C208/ROS/robot_ws/install/vision_opencv:/home/iju/S08P31C208/ROS/robot_ws/install/turtlebot3_simulations:/home/iju/S08P31C208/ROS/robot_ws/install/turtlebot3_gazebo:/home/iju/S08P31C208/ROS/robot_ws/install/turtlebot3:/home/iju/S08P31C208/ROS/robot_ws/install/turtlebot3_bringup:/home/iju/S08P31C208/ROS/robot_ws/install/turtlebot3_node:/home/iju/S08P31C208/ROS/robot_ws/install/turtlebot3_navigation2:/home/iju/S08P31C208/ROS/robot_ws/install/turtlebot3_fake_node:/home/iju/S08P31C208/ROS/robot_ws/install/turtlebot3_msgs:/home/iju/S08P31C208/ROS/robot_ws/install/turtlebot3_description:/home/iju/S08P31C208/ROS/robot_ws/install/turtlebot3_cartographer:/home/iju/S08P31C208/ROS/robot_ws/install/image_geometry:/home/iju/S08P31C208/ROS/robot_ws/install/gazebo_ros_pkgs:/home/iju/S08P31C208/ROS/robot_ws/install/turtlebot3_teleop:/home/iju/S08P31C208/ROS/robot_ws/install/turtlebot3_example:/home/iju/S08P31C208/ROS/robot_ws/install/opencv_tests:/opt/ros/dashing:/home/iju/S08P31C208/ROS/robot_ws/install/aws_robomaker_hospital_world:/home/iju/S08P31C208/ROS/robot_ws/install/gazebo_plugins:/home/iju/S08P31C208/ROS/robot_ws/install/gazebo_ros:/home/iju/S08P31C208/ROS/robot_ws/install/gazebo_msgs:/home/iju/S08P31C208/ROS/robot_ws/install/gazebo_dev:/home/iju/S08P31C208/ROS/robot_ws/install/dynamixel_sdk_examples:/home/iju/S08P31C208/ROS/robot_ws/install/dynamixel_sdk_custom_interfaces:/home/iju/S08P31C208/ROS/robot_ws/install/dynamixel_sdk:/home/iju/S08P31C208/ROS/robot_ws/install/cv_bridge PS1=\u@\h \[\033[32m\]\w\[\033[33m\]$(parse_git_branch)\[\033[00m\] $ /usr/bin/cmake --build /home/iju/S08P31C208/ROS/robot_ws/src/build/dynamixel_sdk_custom_interfaces -- -j6 -l6
[9.053s] Invoking command in '/home/iju/S08P31C208/ROS/robot_ws/src/build/dynamixel_sdk_custom_interfaces': CMAKE_PREFIX_PATH=/home/iju/S08P31C208/ROS/robot_ws/install/vision_opencv:/home/iju/S08P31C208/ROS/robot_ws/install/turtlebot3_simulations:/home/iju/S08P31C208/ROS/robot_ws/install/turtlebot3_gazebo:/home/iju/S08P31C208/ROS/robot_ws/install/turtlebot3:/home/iju/S08P31C208/ROS/robot_ws/install/turtlebot3_bringup:/home/iju/S08P31C208/ROS/robot_ws/install/turtlebot3_node:/home/iju/S08P31C208/ROS/robot_ws/install/turtlebot3_navigation2:/home/iju/S08P31C208/ROS/robot_ws/install/turtlebot3_fake_node:/home/iju/S08P31C208/ROS/robot_ws/install/turtlebot3_msgs:/home/iju/S08P31C208/ROS/robot_ws/install/turtlebot3_description:/home/iju/S08P31C208/ROS/robot_ws/install/turtlebot3_cartographer:/home/iju/S08P31C208/ROS/robot_ws/install/image_geometry:/home/iju/S08P31C208/ROS/robot_ws/install/gazebo_ros_pkgs:/home/iju/S08P31C208/ROS/robot_ws/install/turtlebot3_teleop:/home/iju/S08P31C208/ROS/robot_ws/install/turtlebot3_example:/home/iju/S08P31C208/ROS/robot_ws/install/opencv_tests:/opt/ros/dashing:/home/iju/S08P31C208/ROS/robot_ws/install/aws_robomaker_hospital_world:/home/iju/S08P31C208/ROS/robot_ws/install/gazebo_plugins:/home/iju/S08P31C208/ROS/robot_ws/install/gazebo_ros:/home/iju/S08P31C208/ROS/robot_ws/install/gazebo_msgs:/home/iju/S08P31C208/ROS/robot_ws/install/gazebo_dev:/home/iju/S08P31C208/ROS/robot_ws/install/dynamixel_sdk_examples:/home/iju/S08P31C208/ROS/robot_ws/install/dynamixel_sdk_custom_interfaces:/home/iju/S08P31C208/ROS/robot_ws/install/dynamixel_sdk:/home/iju/S08P31C208/ROS/robot_ws/install/cv_bridge PS1=\u@\h \[\033[32m\]\w\[\033[33m\]$(parse_git_branch)\[\033[00m\] $ /usr/bin/cmake --build /home/iju/S08P31C208/ROS/robot_ws/src/build/dynamixel_sdk_custom_interfaces --target install -- -j6 -l6
[9.257s] [  2%] Built target dynamixel_sdk_custom_interfaces__cpp
[9.327s] [ 12%] Built target dynamixel_sdk_custom_interfaces__rosidl_generator_c
[9.429s] [ 23%] Built target dynamixel_sdk_custom_interfaces__rosidl_typesupport_cpp
[9.433s] [ 33%] Built target dynamixel_sdk_custom_interfaces__rosidl_typesupport_fastrtps_cpp
[9.437s] [ 43%] Built target dynamixel_sdk_custom_interfaces__rosidl_typesupport_introspection_cpp
[9.471s] [ 64%] Built target dynamixel_sdk_custom_interfaces__rosidl_typesupport_c
[9.471s] [ 64%] Built target dynamixel_sdk_custom_interfaces__rosidl_typesupport_introspection_c
[9.541s] [ 74%] Built target dynamixel_sdk_custom_interfaces__rosidl_typesupport_fastrtps_c
[9.690s] [ 74%] Built target dynamixel_sdk_custom_interfaces
[9.767s] [ 76%] Built target dynamixel_sdk_custom_interfaces__py
[9.814s] [ 84%] Built target dynamixel_sdk_custom_interfaces__python
[9.892s] [ 89%] Built target dynamixel_sdk_custom_interfaces__rosidl_typesupport_c__pyext
[9.908s] [ 94%] Built target dynamixel_sdk_custom_interfaces__rosidl_typesupport_fastrtps_c__pyext
[9.911s] [100%] Built target dynamixel_sdk_custom_interfaces__rosidl_typesupport_introspection_c__pyext
[9.985s] [36mInstall the project...[0m
[10.040s] -- Install configuration: ""
[10.041s] -- Execute custom install script
[10.062s] -- Up-to-date symlink: /home/iju/S08P31C208/ROS/robot_ws/src/install/dynamixel_sdk_custom_interfaces/share/ament_index/resource_index/rosidl_interfaces/dynamixel_sdk_custom_interfaces
[10.074s] -- Up-to-date symlink: /home/iju/S08P31C208/ROS/robot_ws/src/install/dynamixel_sdk_custom_interfaces/include/dynamixel_sdk_custom_interfaces/msg/set_position.hpp
[10.075s] -- Up-to-date symlink: /home/iju/S08P31C208/ROS/robot_ws/src/install/dynamixel_sdk_custom_interfaces/include/dynamixel_sdk_custom_interfaces/msg/set_position__struct.hpp
[10.075s] -- Up-to-date symlink: /home/iju/S08P31C208/ROS/robot_ws/src/install/dynamixel_sdk_custom_interfaces/include/dynamixel_sdk_custom_interfaces/msg/set_position__traits.hpp
[10.078s] -- Up-to-date symlink: /home/iju/S08P31C208/ROS/robot_ws/src/install/dynamixel_sdk_custom_interfaces/include/dynamixel_sdk_custom_interfaces/srv/get_position.hpp
[10.079s] -- Up-to-date symlink: /home/iju/S08P31C208/ROS/robot_ws/src/install/dynamixel_sdk_custom_interfaces/include/dynamixel_sdk_custom_interfaces/srv/get_position__struct.hpp
[10.080s] -- Up-to-date symlink: /home/iju/S08P31C208/ROS/robot_ws/src/install/dynamixel_sdk_custom_interfaces/include/dynamixel_sdk_custom_interfaces/srv/get_position__traits.hpp
[10.086s] -- Up-to-date symlink: /home/iju/S08P31C208/ROS/robot_ws/src/install/dynamixel_sdk_custom_interfaces/include/dynamixel_sdk_custom_interfaces/msg/rosidl_generator_c__visibility_control.h
[10.090s] -- Up-to-date symlink: /home/iju/S08P31C208/ROS/robot_ws/src/install/dynamixel_sdk_custom_interfaces/include/dynamixel_sdk_custom_interfaces/msg/set_position.h
[10.094s] -- Up-to-date symlink: /home/iju/S08P31C208/ROS/robot_ws/src/install/dynamixel_sdk_custom_interfaces/include/dynamixel_sdk_custom_interfaces/msg/set_position__functions.h
[10.095s] -- Up-to-date symlink: /home/iju/S08P31C208/ROS/robot_ws/src/install/dynamixel_sdk_custom_interfaces/include/dynamixel_sdk_custom_interfaces/msg/set_position__struct.h
[10.095s] -- Up-to-date symlink: /home/iju/S08P31C208/ROS/robot_ws/src/install/dynamixel_sdk_custom_interfaces/include/dynamixel_sdk_custom_interfaces/msg/set_position__type_support.h
[10.096s] -- Up-to-date symlink: /home/iju/S08P31C208/ROS/robot_ws/src/install/dynamixel_sdk_custom_interfaces/include/dynamixel_sdk_custom_interfaces/srv/get_position.h
[10.096s] -- Up-to-date symlink: /home/iju/S08P31C208/ROS/robot_ws/src/install/dynamixel_sdk_custom_interfaces/include/dynamixel_sdk_custom_interfaces/srv/get_position__functions.h
[10.097s] -- Up-to-date symlink: /home/iju/S08P31C208/ROS/robot_ws/src/install/dynamixel_sdk_custom_interfaces/include/dynamixel_sdk_custom_interfaces/srv/get_position__struct.h
[10.097s] -- Up-to-date symlink: /home/iju/S08P31C208/ROS/robot_ws/src/install/dynamixel_sdk_custom_interfaces/include/dynamixel_sdk_custom_interfaces/srv/get_position__type_support.h
[10.099s] -- Up-to-date symlink: /home/iju/S08P31C208/ROS/robot_ws/src/install/dynamixel_sdk_custom_interfaces/share/dynamixel_sdk_custom_interfaces/environment/library_path.sh
[10.100s] -- Up-to-date symlink: /home/iju/S08P31C208/ROS/robot_ws/src/install/dynamixel_sdk_custom_interfaces/lib/libdynamixel_sdk_custom_interfaces__rosidl_generator_c.so
[10.100s] -- Up-to-date symlink: /home/iju/S08P31C208/ROS/robot_ws/src/install/dynamixel_sdk_custom_interfaces/lib/libdynamixel_sdk_custom_interfaces__rosidl_typesupport_c.so
[10.102s] -- Up-to-date symlink: /home/iju/S08P31C208/ROS/robot_ws/src/install/dynamixel_sdk_custom_interfaces/lib/libdynamixel_sdk_custom_interfaces__rosidl_typesupport_cpp.so
[10.104s] -- Up-to-date symlink: /home/iju/S08P31C208/ROS/robot_ws/src/install/dynamixel_sdk_custom_interfaces/include/dynamixel_sdk_custom_interfaces/msg/rosidl_typesupport_introspection_c__visibility_control.h
[10.105s] -- Up-to-date symlink: /home/iju/S08P31C208/ROS/robot_ws/src/install/dynamixel_sdk_custom_interfaces/include/dynamixel_sdk_custom_interfaces/msg/set_position__rosidl_typesupport_introspection_c.h
[10.106s] -- Up-to-date symlink: /home/iju/S08P31C208/ROS/robot_ws/src/install/dynamixel_sdk_custom_interfaces/include/dynamixel_sdk_custom_interfaces/srv/get_position__rosidl_typesupport_introspection_c.h
[10.108s] -- Up-to-date symlink: /home/iju/S08P31C208/ROS/robot_ws/src/install/dynamixel_sdk_custom_interfaces/lib/libdynamixel_sdk_custom_interfaces__rosidl_typesupport_introspection_c.so
[10.110s] -- Up-to-date symlink: /home/iju/S08P31C208/ROS/robot_ws/src/install/dynamixel_sdk_custom_interfaces/include/dynamixel_sdk_custom_interfaces/msg/set_position__rosidl_typesupport_introspection_cpp.hpp
[10.114s] -- Up-to-date symlink: /home/iju/S08P31C208/ROS/robot_ws/src/install/dynamixel_sdk_custom_interfaces/include/dynamixel_sdk_custom_interfaces/srv/get_position__rosidl_typesupport_introspection_cpp.hpp
[10.118s] -- Up-to-date symlink: /home/iju/S08P31C208/ROS/robot_ws/src/install/dynamixel_sdk_custom_interfaces/lib/libdynamixel_sdk_custom_interfaces__rosidl_typesupport_introspection_cpp.so
[10.122s] -- Up-to-date symlink: /home/iju/S08P31C208/ROS/robot_ws/src/install/dynamixel_sdk_custom_interfaces/include/dynamixel_sdk_custom_interfaces/msg/rosidl_typesupport_fastrtps_c__visibility_control.h
[10.126s] -- Up-to-date symlink: /home/iju/S08P31C208/ROS/robot_ws/src/install/dynamixel_sdk_custom_interfaces/include/dynamixel_sdk_custom_interfaces/msg/set_position__rosidl_typesupport_fastrtps_c.h
[10.127s] -- Up-to-date symlink: /home/iju/S08P31C208/ROS/robot_ws/src/install/dynamixel_sdk_custom_interfaces/include/dynamixel_sdk_custom_interfaces/srv/get_position__rosidl_typesupport_fastrtps_c.h
[10.131s] -- Up-to-date symlink: /home/iju/S08P31C208/ROS/robot_ws/src/install/dynamixel_sdk_custom_interfaces/lib/libdynamixel_sdk_custom_interfaces__rosidl_typesupport_fastrtps_c.so
[10.134s] -- Up-to-date symlink: /home/iju/S08P31C208/ROS/robot_ws/src/install/dynamixel_sdk_custom_interfaces/include/dynamixel_sdk_custom_interfaces/msg/rosidl_typesupport_fastrtps_cpp__visibility_control.h
[10.135s] -- Up-to-date symlink: /home/iju/S08P31C208/ROS/robot_ws/src/install/dynamixel_sdk_custom_interfaces/include/dynamixel_sdk_custom_interfaces/msg/set_position__rosidl_typesupport_fastrtps_cpp.hpp
[10.141s] -- Up-to-date symlink: /home/iju/S08P31C208/ROS/robot_ws/src/install/dynamixel_sdk_custom_interfaces/include/dynamixel_sdk_custom_interfaces/srv/get_position__rosidl_typesupport_fastrtps_cpp.hpp
[10.146s] -- Up-to-date symlink: /home/iju/S08P31C208/ROS/robot_ws/src/install/dynamixel_sdk_custom_interfaces/lib/libdynamixel_sdk_custom_interfaces__rosidl_typesupport_fastrtps_cpp.so
[10.147s] -- Up-to-date symlink: /home/iju/S08P31C208/ROS/robot_ws/src/install/dynamixel_sdk_custom_interfaces/share/dynamixel_sdk_custom_interfaces/environment/pythonpath.sh
[10.154s] -- Up-to-date symlink: /home/iju/S08P31C208/ROS/robot_ws/src/install/dynamixel_sdk_custom_interfaces/lib/python3.6/site-packages/dynamixel_sdk_custom_interfaces/__init__.py
[10.156s] -- Up-to-date symlink: /home/iju/S08P31C208/ROS/robot_ws/src/install/dynamixel_sdk_custom_interfaces/lib/python3.6/site-packages/dynamixel_sdk_custom_interfaces/msg/__init__.py
[10.156s] -- Up-to-date symlink: /home/iju/S08P31C208/ROS/robot_ws/src/install/dynamixel_sdk_custom_interfaces/lib/python3.6/site-packages/dynamixel_sdk_custom_interfaces/msg/_set_position.py
[10.158s] -- Up-to-date symlink: /home/iju/S08P31C208/ROS/robot_ws/src/install/dynamixel_sdk_custom_interfaces/lib/python3.6/site-packages/dynamixel_sdk_custom_interfaces/srv/__init__.py
[10.158s] -- Up-to-date symlink: /home/iju/S08P31C208/ROS/robot_ws/src/install/dynamixel_sdk_custom_interfaces/lib/python3.6/site-packages/dynamixel_sdk_custom_interfaces/srv/_get_position.py
[10.159s] -- Up-to-date symlink: /home/iju/S08P31C208/ROS/robot_ws/src/install/dynamixel_sdk_custom_interfaces/lib/python3.6/site-packages/dynamixel_sdk_custom_interfaces/dynamixel_sdk_custom_interfaces_s__rosidl_typesupport_c.cpython-36m-x86_64-linux-gnu.so
[10.162s] -- Up-to-date symlink: /home/iju/S08P31C208/ROS/robot_ws/src/install/dynamixel_sdk_custom_interfaces/lib/python3.6/site-packages/dynamixel_sdk_custom_interfaces/dynamixel_sdk_custom_interfaces_s__rosidl_typesupport_introspection_c.cpython-36m-x86_64-linux-gnu.so
[10.166s] -- Up-to-date symlink: /home/iju/S08P31C208/ROS/robot_ws/src/install/dynamixel_sdk_custom_interfaces/lib/python3.6/site-packages/dynamixel_sdk_custom_interfaces/dynamixel_sdk_custom_interfaces_s__rosidl_typesupport_fastrtps_c.cpython-36m-x86_64-linux-gnu.so
[10.170s] -- Up-to-date symlink: /home/iju/S08P31C208/ROS/robot_ws/src/install/dynamixel_sdk_custom_interfaces/lib/libdynamixel_sdk_custom_interfaces__python.so
[10.170s] -- Up-to-date symlink: /home/iju/S08P31C208/ROS/robot_ws/src/install/dynamixel_sdk_custom_interfaces/share/dynamixel_sdk_custom_interfaces/msg/SetPosition.idl
[10.171s] -- Up-to-date symlink: /home/iju/S08P31C208/ROS/robot_ws/src/install/dynamixel_sdk_custom_interfaces/share/dynamixel_sdk_custom_interfaces/srv/GetPosition.idl
[10.172s] -- Up-to-date symlink: /home/iju/S08P31C208/ROS/robot_ws/src/install/dynamixel_sdk_custom_interfaces/share/dynamixel_sdk_custom_interfaces/msg/SetPosition.msg
[10.173s] -- Up-to-date symlink: /home/iju/S08P31C208/ROS/robot_ws/src/install/dynamixel_sdk_custom_interfaces/share/dynamixel_sdk_custom_interfaces/srv/GetPosition.srv
[10.174s] -- Up-to-date symlink: /home/iju/S08P31C208/ROS/robot_ws/src/install/dynamixel_sdk_custom_interfaces/share/dynamixel_sdk_custom_interfaces/srv/GetPosition_Request.msg
[10.178s] -- Up-to-date symlink: /home/iju/S08P31C208/ROS/robot_ws/src/install/dynamixel_sdk_custom_interfaces/share/dynamixel_sdk_custom_interfaces/srv/GetPosition_Response.msg
[10.180s] -- Up-to-date symlink: /home/iju/S08P31C208/ROS/robot_ws/src/install/dynamixel_sdk_custom_interfaces/share/ament_index/resource_index/package_run_dependencies/dynamixel_sdk_custom_interfaces
[10.181s] -- Up-to-date symlink: /home/iju/S08P31C208/ROS/robot_ws/src/install/dynamixel_sdk_custom_interfaces/share/ament_index/resource_index/parent_prefix_path/dynamixel_sdk_custom_interfaces
[10.182s] -- Up-to-date symlink: /home/iju/S08P31C208/ROS/robot_ws/src/install/dynamixel_sdk_custom_interfaces/share/dynamixel_sdk_custom_interfaces/environment/ament_prefix_path.sh
[10.182s] -- Up-to-date symlink: /home/iju/S08P31C208/ROS/robot_ws/src/install/dynamixel_sdk_custom_interfaces/share/dynamixel_sdk_custom_interfaces/environment/path.sh
[10.183s] -- Up-to-date symlink: /home/iju/S08P31C208/ROS/robot_ws/src/install/dynamixel_sdk_custom_interfaces/share/dynamixel_sdk_custom_interfaces/local_setup.bash
[10.184s] -- Up-to-date symlink: /home/iju/S08P31C208/ROS/robot_ws/src/install/dynamixel_sdk_custom_interfaces/share/dynamixel_sdk_custom_interfaces/local_setup.sh
[10.184s] -- Up-to-date symlink: /home/iju/S08P31C208/ROS/robot_ws/src/install/dynamixel_sdk_custom_interfaces/share/dynamixel_sdk_custom_interfaces/local_setup.zsh
[10.185s] -- Up-to-date symlink: /home/iju/S08P31C208/ROS/robot_ws/src/install/dynamixel_sdk_custom_interfaces/share/ament_index/resource_index/packages/dynamixel_sdk_custom_interfaces
[10.187s] -- Up-to-date symlink: /home/iju/S08P31C208/ROS/robot_ws/src/install/dynamixel_sdk_custom_interfaces/share/dynamixel_sdk_custom_interfaces/cmake/rosidl_cmake-extras.cmake
[10.187s] -- Up-to-date symlink: /home/iju/S08P31C208/ROS/robot_ws/src/install/dynamixel_sdk_custom_interfaces/share/dynamixel_sdk_custom_interfaces/cmake/ament_cmake_export_dependencies-extras.cmake
[10.188s] -- Up-to-date symlink: /home/iju/S08P31C208/ROS/robot_ws/src/install/dynamixel_sdk_custom_interfaces/share/dynamixel_sdk_custom_interfaces/cmake/ament_cmake_export_include_directories-extras.cmake
[10.191s] -- Up-to-date symlink: /home/iju/S08P31C208/ROS/robot_ws/src/install/dynamixel_sdk_custom_interfaces/share/dynamixel_sdk_custom_interfaces/cmake/ament_cmake_export_libraries-extras.cmake
[10.192s] -- Up-to-date symlink: /home/iju/S08P31C208/ROS/robot_ws/src/install/dynamixel_sdk_custom_interfaces/share/dynamixel_sdk_custom_interfaces/cmake/dynamixel_sdk_custom_interfacesConfig.cmake
[10.193s] -- Up-to-date symlink: /home/iju/S08P31C208/ROS/robot_ws/src/install/dynamixel_sdk_custom_interfaces/share/dynamixel_sdk_custom_interfaces/cmake/dynamixel_sdk_custom_interfacesConfig-version.cmake
[10.194s] -- Up-to-date symlink: /home/iju/S08P31C208/ROS/robot_ws/src/install/dynamixel_sdk_custom_interfaces/share/dynamixel_sdk_custom_interfaces/package.xml
[10.343s] Compiling '/home/iju/S08P31C208/ROS/robot_ws/src/install/dynamixel_sdk_custom_interfaces/lib/python3.6/site-packages/dynamixel_sdk_custom_interfaces/__init__.py'...
[10.357s] Invoked command in '/home/iju/S08P31C208/ROS/robot_ws/src/build/dynamixel_sdk_custom_interfaces' returned '0': CMAKE_PREFIX_PATH=/home/iju/S08P31C208/ROS/robot_ws/install/vision_opencv:/home/iju/S08P31C208/ROS/robot_ws/install/turtlebot3_simulations:/home/iju/S08P31C208/ROS/robot_ws/install/turtlebot3_gazebo:/home/iju/S08P31C208/ROS/robot_ws/install/turtlebot3:/home/iju/S08P31C208/ROS/robot_ws/install/turtlebot3_bringup:/home/iju/S08P31C208/ROS/robot_ws/install/turtlebot3_node:/home/iju/S08P31C208/ROS/robot_ws/install/turtlebot3_navigation2:/home/iju/S08P31C208/ROS/robot_ws/install/turtlebot3_fake_node:/home/iju/S08P31C208/ROS/robot_ws/install/turtlebot3_msgs:/home/iju/S08P31C208/ROS/robot_ws/install/turtlebot3_description:/home/iju/S08P31C208/ROS/robot_ws/install/turtlebot3_cartographer:/home/iju/S08P31C208/ROS/robot_ws/install/image_geometry:/home/iju/S08P31C208/ROS/robot_ws/install/gazebo_ros_pkgs:/home/iju/S08P31C208/ROS/robot_ws/install/turtlebot3_teleop:/home/iju/S08P31C208/ROS/robot_ws/install/turtlebot3_example:/home/iju/S08P31C208/ROS/robot_ws/install/opencv_tests:/opt/ros/dashing:/home/iju/S08P31C208/ROS/robot_ws/install/aws_robomaker_hospital_world:/home/iju/S08P31C208/ROS/robot_ws/install/gazebo_plugins:/home/iju/S08P31C208/ROS/robot_ws/install/gazebo_ros:/home/iju/S08P31C208/ROS/robot_ws/install/gazebo_msgs:/home/iju/S08P31C208/ROS/robot_ws/install/gazebo_dev:/home/iju/S08P31C208/ROS/robot_ws/install/dynamixel_sdk_examples:/home/iju/S08P31C208/ROS/robot_ws/install/dynamixel_sdk_custom_interfaces:/home/iju/S08P31C208/ROS/robot_ws/install/dynamixel_sdk:/home/iju/S08P31C208/ROS/robot_ws/install/cv_bridge PS1=\u@\h \[\033[32m\]\w\[\033[33m\]$(parse_git_branch)\[\033[00m\] $ /usr/bin/cmake --build /home/iju/S08P31C208/ROS/robot_ws/src/build/dynamixel_sdk_custom_interfaces --target install -- -j6 -l6
