[0.106s] Invoking command in '/home/iju/S08P31C208/ROS/robot_ws/build/dwb_msgs': CMAKE_PREFIX_PATH=/home/iju/S08P31C208/ROS/robot_ws/install/nav_2d_msgs:/home/iju/S08P31C208/ROS/robot_ws/install/turtlebot3_simulations:/home/iju/S08P31C208/ROS/robot_ws/install/turtlebot3_gazebo:/home/iju/S08P31C208/ROS/robot_ws/install/turtlebot3:/home/iju/S08P31C208/ROS/robot_ws/install/turtlebot3_bringup:/home/iju/S08P31C208/ROS/robot_ws/install/turtlebot3_node:/home/iju/S08P31C208/ROS/robot_ws/install/turtlebot3_navigation2:/home/iju/S08P31C208/ROS/robot_ws/install/turtlebot3_fake_node:/home/iju/S08P31C208/ROS/robot_ws/install/turtlebot3_msgs:/home/iju/S08P31C208/ROS/robot_ws/install/turtlebot3_description:/home/iju/S08P31C208/ROS/robot_ws/install/turtlebot3_cartographer:/home/iju/S08P31C208/ROS/robot_ws/install/turtle_cpp:/home/iju/S08P31C208/ROS/robot_ws/install/nav2_system_tests:/home/iju/S08P31C208/ROS/robot_ws/install/nav2_bringup:/home/iju/S08P31C208/ROS/robot_ws/install/navigation2:/home/iju/S08P31C208/ROS/robot_ws/install/nav2_dwb_controller:/home/iju/S08P31C208/ROS/robot_ws/install/dwb_plugins:/home/iju/S08P31C208/ROS/robot_ws/install/dwb_critics:/home/iju/S08P31C208/ROS/robot_ws/install/dwb_controller:/home/iju/S08P31C208/ROS/robot_ws/install/dwb_core:/home/iju/S08P31C208/ROS/robot_ws/install/nav_2d_utils:/home/iju/S08P31C208/ROS/robot_ws/install/dwb_msgs:/home/iju/S08P31C208/ROS/robot_ws/install/nav2_world_model:/home/iju/S08P31C208/ROS/robot_ws/install/nav2_recoveries:/home/iju/S08P31C208/ROS/robot_ws/install/costmap_queue:/home/iju/S08P31C208/ROS/robot_ws/install/nav2_costmap_2d:/home/iju/S08P31C208/ROS/robot_ws/install/nav2_voxel_grid:/home/iju/S08P31C208/ROS/robot_ws/install/nav2_rviz_plugins:/home/iju/S08P31C208/ROS/robot_ws/install/nav2_navfn_planner:/home/iju/S08P31C208/ROS/robot_ws/install/nav2_map_server:/home/iju/S08P31C208/ROS/robot_ws/install/nav2_lifecycle_manager:/home/iju/S08P31C208/ROS/robot_ws/install/nav2_bt_navigator:/home/iju/S08P31C208/ROS/robot_ws/install/nav2_behavior_tree:/home/iju/S08P31C208/ROS/robot_ws/install/nav2_amcl:/home/iju/S08P31C208/ROS/robot_ws/install/nav2_util:/home/iju/S08P31C208/ROS/robot_ws/install/nav2_msgs:/home/iju/S08P31C208/ROS/robot_ws/install/nav2_dynamic_params:/home/iju/S08P31C208/ROS/robot_ws/install/nav2_common:/home/iju/S08P31C208/ROS/robot_ws/install/gazebo_ros_pkgs:/home/iju/S08P31C208/ROS/robot_ws/install/gazebo_plugins:/home/iju/S08P31C208/ROS/robot_ws/install/gazebo_ros:/home/iju/S08P31C208/ROS/robot_ws/install/gazebo_msgs:/home/iju/S08P31C208/ROS/robot_ws/install/gazebo_dev:/home/iju/S08P31C208/ROS/robot_ws/install/dynamixel_sdk_examples:/home/iju/S08P31C208/ROS/robot_ws/install/dynamixel_sdk_custom_interfaces:/home/iju/S08P31C208/ROS/robot_ws/install/dynamixel_sdk:/home/iju/S08P31C208/ROS/robot_ws/install/turtlebot3_teleop:/home/iju/S08P31C208/ROS/robot_ws/install/turtlebot3_example:/opt/ros/dashing LD_LIBRARY_PATH=/home/iju/S08P31C208/ROS/robot_ws/install/nav_2d_msgs/lib:/home/iju/S08P31C208/ROS/robot_ws/install/turtlebot3_msgs/lib:/home/iju/S08P31C208/ROS/robot_ws/install/dwb_plugins/lib:/home/iju/S08P31C208/ROS/robot_ws/install/dwb_critics/lib:/home/iju/S08P31C208/ROS/robot_ws/install/dwb_controller/lib:/home/iju/S08P31C208/ROS/robot_ws/install/dwb_core/lib:/home/iju/S08P31C208/ROS/robot_ws/install/nav_2d_utils/lib:/home/iju/S08P31C208/ROS/robot_ws/install/dwb_msgs/lib:/home/iju/S08P31C208/ROS/robot_ws/install/nav2_world_model/lib:/home/iju/S08P31C208/ROS/robot_ws/install/nav2_recoveries/lib:/home/iju/S08P31C208/ROS/robot_ws/install/costmap_queue/lib:/home/iju/S08P31C208/ROS/robot_ws/install/nav2_costmap_2d/lib:/home/iju/S08P31C208/ROS/robot_ws/install/nav2_voxel_grid/lib:/home/iju/S08P31C208/ROS/robot_ws/install/nav2_rviz_plugins/lib:/home/iju/S08P31C208/ROS/robot_ws/install/nav2_navfn_planner/lib:/home/iju/S08P31C208/ROS/robot_ws/install/nav2_map_server/lib:/home/iju/S08P31C208/ROS/robot_ws/install/nav2_lifecycle_manager/lib:/home/iju/S08P31C208/ROS/robot_ws/install/nav2_bt_navigator/lib:/home/iju/S08P31C208/ROS/robot_ws/install/nav2_behavior_tree/lib:/home/iju/S08P31C208/ROS/robot_ws/install/nav2_amcl/lib:/home/iju/S08P31C208/ROS/robot_ws/install/nav2_util/lib:/home/iju/S08P31C208/ROS/robot_ws/install/nav2_msgs/lib:/home/iju/S08P31C208/ROS/robot_ws/install/nav2_dynamic_params/lib:/home/iju/S08P31C208/ROS/robot_ws/install/gazebo_plugins/lib:/home/iju/S08P31C208/ROS/robot_ws/install/gazebo_ros/lib:/home/iju/S08P31C208/ROS/robot_ws/install/gazebo_msgs/lib:/home/iju/S08P31C208/ROS/robot_ws/install/dynamixel_sdk_custom_interfaces/lib:/home/iju/S08P31C208/ROS/robot_ws/install/dynamixel_sdk/lib:/usr/lib/x86_64-linux-gnu/gazebo-9/plugins:/opt/ros/dashing/opt/yaml_cpp_vendor/lib:/opt/ros/dashing/opt/rviz_ogre_vendor/lib:/opt/ros/dashing/lib PS1=\u@\h \[\033[32m\]\w\[\033[33m\]$(parse_git_branch)\[\033[00m\] $ PYTHONPATH=/home/iju/S08P31C208/ROS/robot_ws/install/nav_2d_msgs/lib/python3.6/site-packages:/home/iju/S08P31C208/ROS/robot_ws/install/turtlebot3_teleop/lib/python3.6/site-packages:/home/iju/S08P31C208/ROS/robot_ws/install/turtlebot3_example/lib/python3.6/site-packages:/home/iju/S08P31C208/ROS/robot_ws/install/turtlebot3_msgs/lib/python3.6/site-packages:/home/iju/S08P31C208/ROS/robot_ws/install/dwb_msgs/lib/python3.6/site-packages:/home/iju/S08P31C208/ROS/robot_ws/install/nav2_msgs/lib/python3.6/site-packages:/home/iju/S08P31C208/ROS/robot_ws/install/nav2_common/lib/python3.6/site-packages:/home/iju/S08P31C208/ROS/robot_ws/install/gazebo_ros/lib/python3.6/site-packages:/home/iju/S08P31C208/ROS/robot_ws/install/gazebo_msgs/lib/python3.6/site-packages:/home/iju/S08P31C208/ROS/robot_ws/install/dynamixel_sdk_custom_interfaces/lib/python3.6/site-packages:/opt/ros/dashing/lib/python3.6/site-packages /usr/bin/cmake --build /home/iju/S08P31C208/ROS/robot_ws/build/dwb_msgs -- -j6 -l6
[0.305s] [  1%] Built target dwb_msgs__cpp
[0.313s] [ 12%] Built target dwb_msgs__rosidl_generator_c
[0.447s] [ 24%] Built target dwb_msgs__rosidl_typesupport_fastrtps_cpp
[0.450s] [ 35%] Built target dwb_msgs__rosidl_typesupport_cpp
[0.489s] [ 47%] Built target dwb_msgs__rosidl_typesupport_introspection_cpp
[0.516s] [ 58%] Built target dwb_msgs__rosidl_typesupport_c
[0.539s] [ 70%] Built target dwb_msgs__rosidl_typesupport_introspection_c
[0.592s] [ 82%] Built target dwb_msgs__rosidl_typesupport_fastrtps_c
[0.663s] [ 82%] Built target dwb_msgs
[0.717s] [ 83%] Built target dwb_msgs__py
[0.772s] [ 93%] Built target dwb_msgs__python
[0.906s] [ 95%] Built target dwb_msgs__rosidl_typesupport_fastrtps_c__pyext
[0.912s] [ 97%] Built target dwb_msgs__rosidl_typesupport_c__pyext
[0.929s] [100%] Built target dwb_msgs__rosidl_typesupport_introspection_c__pyext
[1.414s] Invoked command in '/home/iju/S08P31C208/ROS/robot_ws/build/dwb_msgs' returned '0': CMAKE_PREFIX_PATH=/home/iju/S08P31C208/ROS/robot_ws/install/nav_2d_msgs:/home/iju/S08P31C208/ROS/robot_ws/install/turtlebot3_simulations:/home/iju/S08P31C208/ROS/robot_ws/install/turtlebot3_gazebo:/home/iju/S08P31C208/ROS/robot_ws/install/turtlebot3:/home/iju/S08P31C208/ROS/robot_ws/install/turtlebot3_bringup:/home/iju/S08P31C208/ROS/robot_ws/install/turtlebot3_node:/home/iju/S08P31C208/ROS/robot_ws/install/turtlebot3_navigation2:/home/iju/S08P31C208/ROS/robot_ws/install/turtlebot3_fake_node:/home/iju/S08P31C208/ROS/robot_ws/install/turtlebot3_msgs:/home/iju/S08P31C208/ROS/robot_ws/install/turtlebot3_description:/home/iju/S08P31C208/ROS/robot_ws/install/turtlebot3_cartographer:/home/iju/S08P31C208/ROS/robot_ws/install/turtle_cpp:/home/iju/S08P31C208/ROS/robot_ws/install/nav2_system_tests:/home/iju/S08P31C208/ROS/robot_ws/install/nav2_bringup:/home/iju/S08P31C208/ROS/robot_ws/install/navigation2:/home/iju/S08P31C208/ROS/robot_ws/install/nav2_dwb_controller:/home/iju/S08P31C208/ROS/robot_ws/install/dwb_plugins:/home/iju/S08P31C208/ROS/robot_ws/install/dwb_critics:/home/iju/S08P31C208/ROS/robot_ws/install/dwb_controller:/home/iju/S08P31C208/ROS/robot_ws/install/dwb_core:/home/iju/S08P31C208/ROS/robot_ws/install/nav_2d_utils:/home/iju/S08P31C208/ROS/robot_ws/install/dwb_msgs:/home/iju/S08P31C208/ROS/robot_ws/install/nav2_world_model:/home/iju/S08P31C208/ROS/robot_ws/install/nav2_recoveries:/home/iju/S08P31C208/ROS/robot_ws/install/costmap_queue:/home/iju/S08P31C208/ROS/robot_ws/install/nav2_costmap_2d:/home/iju/S08P31C208/ROS/robot_ws/install/nav2_voxel_grid:/home/iju/S08P31C208/ROS/robot_ws/install/nav2_rviz_plugins:/home/iju/S08P31C208/ROS/robot_ws/install/nav2_navfn_planner:/home/iju/S08P31C208/ROS/robot_ws/install/nav2_map_server:/home/iju/S08P31C208/ROS/robot_ws/install/nav2_lifecycle_manager:/home/iju/S08P31C208/ROS/robot_ws/install/nav2_bt_navigator:/home/iju/S08P31C208/ROS/robot_ws/install/nav2_behavior_tree:/home/iju/S08P31C208/ROS/robot_ws/install/nav2_amcl:/home/iju/S08P31C208/ROS/robot_ws/install/nav2_util:/home/iju/S08P31C208/ROS/robot_ws/install/nav2_msgs:/home/iju/S08P31C208/ROS/robot_ws/install/nav2_dynamic_params:/home/iju/S08P31C208/ROS/robot_ws/install/nav2_common:/home/iju/S08P31C208/ROS/robot_ws/install/gazebo_ros_pkgs:/home/iju/S08P31C208/ROS/robot_ws/install/gazebo_plugins:/home/iju/S08P31C208/ROS/robot_ws/install/gazebo_ros:/home/iju/S08P31C208/ROS/robot_ws/install/gazebo_msgs:/home/iju/S08P31C208/ROS/robot_ws/install/gazebo_dev:/home/iju/S08P31C208/ROS/robot_ws/install/dynamixel_sdk_examples:/home/iju/S08P31C208/ROS/robot_ws/install/dynamixel_sdk_custom_interfaces:/home/iju/S08P31C208/ROS/robot_ws/install/dynamixel_sdk:/home/iju/S08P31C208/ROS/robot_ws/install/turtlebot3_teleop:/home/iju/S08P31C208/ROS/robot_ws/install/turtlebot3_example:/opt/ros/dashing LD_LIBRARY_PATH=/home/iju/S08P31C208/ROS/robot_ws/install/nav_2d_msgs/lib:/home/iju/S08P31C208/ROS/robot_ws/install/turtlebot3_msgs/lib:/home/iju/S08P31C208/ROS/robot_ws/install/dwb_plugins/lib:/home/iju/S08P31C208/ROS/robot_ws/install/dwb_critics/lib:/home/iju/S08P31C208/ROS/robot_ws/install/dwb_controller/lib:/home/iju/S08P31C208/ROS/robot_ws/install/dwb_core/lib:/home/iju/S08P31C208/ROS/robot_ws/install/nav_2d_utils/lib:/home/iju/S08P31C208/ROS/robot_ws/install/dwb_msgs/lib:/home/iju/S08P31C208/ROS/robot_ws/install/nav2_world_model/lib:/home/iju/S08P31C208/ROS/robot_ws/install/nav2_recoveries/lib:/home/iju/S08P31C208/ROS/robot_ws/install/costmap_queue/lib:/home/iju/S08P31C208/ROS/robot_ws/install/nav2_costmap_2d/lib:/home/iju/S08P31C208/ROS/robot_ws/install/nav2_voxel_grid/lib:/home/iju/S08P31C208/ROS/robot_ws/install/nav2_rviz_plugins/lib:/home/iju/S08P31C208/ROS/robot_ws/install/nav2_navfn_planner/lib:/home/iju/S08P31C208/ROS/robot_ws/install/nav2_map_server/lib:/home/iju/S08P31C208/ROS/robot_ws/install/nav2_lifecycle_manager/lib:/home/iju/S08P31C208/ROS/robot_ws/install/nav2_bt_navigator/lib:/home/iju/S08P31C208/ROS/robot_ws/install/nav2_behavior_tree/lib:/home/iju/S08P31C208/ROS/robot_ws/install/nav2_amcl/lib:/home/iju/S08P31C208/ROS/robot_ws/install/nav2_util/lib:/home/iju/S08P31C208/ROS/robot_ws/install/nav2_msgs/lib:/home/iju/S08P31C208/ROS/robot_ws/install/nav2_dynamic_params/lib:/home/iju/S08P31C208/ROS/robot_ws/install/gazebo_plugins/lib:/home/iju/S08P31C208/ROS/robot_ws/install/gazebo_ros/lib:/home/iju/S08P31C208/ROS/robot_ws/install/gazebo_msgs/lib:/home/iju/S08P31C208/ROS/robot_ws/install/dynamixel_sdk_custom_interfaces/lib:/home/iju/S08P31C208/ROS/robot_ws/install/dynamixel_sdk/lib:/usr/lib/x86_64-linux-gnu/gazebo-9/plugins:/opt/ros/dashing/opt/yaml_cpp_vendor/lib:/opt/ros/dashing/opt/rviz_ogre_vendor/lib:/opt/ros/dashing/lib PS1=\u@\h \[\033[32m\]\w\[\033[33m\]$(parse_git_branch)\[\033[00m\] $ PYTHONPATH=/home/iju/S08P31C208/ROS/robot_ws/install/nav_2d_msgs/lib/python3.6/site-packages:/home/iju/S08P31C208/ROS/robot_ws/install/turtlebot3_teleop/lib/python3.6/site-packages:/home/iju/S08P31C208/ROS/robot_ws/install/turtlebot3_example/lib/python3.6/site-packages:/home/iju/S08P31C208/ROS/robot_ws/install/turtlebot3_msgs/lib/python3.6/site-packages:/home/iju/S08P31C208/ROS/robot_ws/install/dwb_msgs/lib/python3.6/site-packages:/home/iju/S08P31C208/ROS/robot_ws/install/nav2_msgs/lib/python3.6/site-packages:/home/iju/S08P31C208/ROS/robot_ws/install/nav2_common/lib/python3.6/site-packages:/home/iju/S08P31C208/ROS/robot_ws/install/gazebo_ros/lib/python3.6/site-packages:/home/iju/S08P31C208/ROS/robot_ws/install/gazebo_msgs/lib/python3.6/site-packages:/home/iju/S08P31C208/ROS/robot_ws/install/dynamixel_sdk_custom_interfaces/lib/python3.6/site-packages:/opt/ros/dashing/lib/python3.6/site-packages /usr/bin/cmake --build /home/iju/S08P31C208/ROS/robot_ws/build/dwb_msgs -- -j6 -l6
[2.069s] Invoking command in '/home/iju/S08P31C208/ROS/robot_ws/build/dwb_msgs': CMAKE_PREFIX_PATH=/home/iju/S08P31C208/ROS/robot_ws/install/nav_2d_msgs:/home/iju/S08P31C208/ROS/robot_ws/install/turtlebot3_simulations:/home/iju/S08P31C208/ROS/robot_ws/install/turtlebot3_gazebo:/home/iju/S08P31C208/ROS/robot_ws/install/turtlebot3:/home/iju/S08P31C208/ROS/robot_ws/install/turtlebot3_bringup:/home/iju/S08P31C208/ROS/robot_ws/install/turtlebot3_node:/home/iju/S08P31C208/ROS/robot_ws/install/turtlebot3_navigation2:/home/iju/S08P31C208/ROS/robot_ws/install/turtlebot3_fake_node:/home/iju/S08P31C208/ROS/robot_ws/install/turtlebot3_msgs:/home/iju/S08P31C208/ROS/robot_ws/install/turtlebot3_description:/home/iju/S08P31C208/ROS/robot_ws/install/turtlebot3_cartographer:/home/iju/S08P31C208/ROS/robot_ws/install/turtle_cpp:/home/iju/S08P31C208/ROS/robot_ws/install/nav2_system_tests:/home/iju/S08P31C208/ROS/robot_ws/install/nav2_bringup:/home/iju/S08P31C208/ROS/robot_ws/install/navigation2:/home/iju/S08P31C208/ROS/robot_ws/install/nav2_dwb_controller:/home/iju/S08P31C208/ROS/robot_ws/install/dwb_plugins:/home/iju/S08P31C208/ROS/robot_ws/install/dwb_critics:/home/iju/S08P31C208/ROS/robot_ws/install/dwb_controller:/home/iju/S08P31C208/ROS/robot_ws/install/dwb_core:/home/iju/S08P31C208/ROS/robot_ws/install/nav_2d_utils:/home/iju/S08P31C208/ROS/robot_ws/install/dwb_msgs:/home/iju/S08P31C208/ROS/robot_ws/install/nav2_world_model:/home/iju/S08P31C208/ROS/robot_ws/install/nav2_recoveries:/home/iju/S08P31C208/ROS/robot_ws/install/costmap_queue:/home/iju/S08P31C208/ROS/robot_ws/install/nav2_costmap_2d:/home/iju/S08P31C208/ROS/robot_ws/install/nav2_voxel_grid:/home/iju/S08P31C208/ROS/robot_ws/install/nav2_rviz_plugins:/home/iju/S08P31C208/ROS/robot_ws/install/nav2_navfn_planner:/home/iju/S08P31C208/ROS/robot_ws/install/nav2_map_server:/home/iju/S08P31C208/ROS/robot_ws/install/nav2_lifecycle_manager:/home/iju/S08P31C208/ROS/robot_ws/install/nav2_bt_navigator:/home/iju/S08P31C208/ROS/robot_ws/install/nav2_behavior_tree:/home/iju/S08P31C208/ROS/robot_ws/install/nav2_amcl:/home/iju/S08P31C208/ROS/robot_ws/install/nav2_util:/home/iju/S08P31C208/ROS/robot_ws/install/nav2_msgs:/home/iju/S08P31C208/ROS/robot_ws/install/nav2_dynamic_params:/home/iju/S08P31C208/ROS/robot_ws/install/nav2_common:/home/iju/S08P31C208/ROS/robot_ws/install/gazebo_ros_pkgs:/home/iju/S08P31C208/ROS/robot_ws/install/gazebo_plugins:/home/iju/S08P31C208/ROS/robot_ws/install/gazebo_ros:/home/iju/S08P31C208/ROS/robot_ws/install/gazebo_msgs:/home/iju/S08P31C208/ROS/robot_ws/install/gazebo_dev:/home/iju/S08P31C208/ROS/robot_ws/install/dynamixel_sdk_examples:/home/iju/S08P31C208/ROS/robot_ws/install/dynamixel_sdk_custom_interfaces:/home/iju/S08P31C208/ROS/robot_ws/install/dynamixel_sdk:/home/iju/S08P31C208/ROS/robot_ws/install/turtlebot3_teleop:/home/iju/S08P31C208/ROS/robot_ws/install/turtlebot3_example:/opt/ros/dashing LD_LIBRARY_PATH=/home/iju/S08P31C208/ROS/robot_ws/install/nav_2d_msgs/lib:/home/iju/S08P31C208/ROS/robot_ws/install/turtlebot3_msgs/lib:/home/iju/S08P31C208/ROS/robot_ws/install/dwb_plugins/lib:/home/iju/S08P31C208/ROS/robot_ws/install/dwb_critics/lib:/home/iju/S08P31C208/ROS/robot_ws/install/dwb_controller/lib:/home/iju/S08P31C208/ROS/robot_ws/install/dwb_core/lib:/home/iju/S08P31C208/ROS/robot_ws/install/nav_2d_utils/lib:/home/iju/S08P31C208/ROS/robot_ws/install/dwb_msgs/lib:/home/iju/S08P31C208/ROS/robot_ws/install/nav2_world_model/lib:/home/iju/S08P31C208/ROS/robot_ws/install/nav2_recoveries/lib:/home/iju/S08P31C208/ROS/robot_ws/install/costmap_queue/lib:/home/iju/S08P31C208/ROS/robot_ws/install/nav2_costmap_2d/lib:/home/iju/S08P31C208/ROS/robot_ws/install/nav2_voxel_grid/lib:/home/iju/S08P31C208/ROS/robot_ws/install/nav2_rviz_plugins/lib:/home/iju/S08P31C208/ROS/robot_ws/install/nav2_navfn_planner/lib:/home/iju/S08P31C208/ROS/robot_ws/install/nav2_map_server/lib:/home/iju/S08P31C208/ROS/robot_ws/install/nav2_lifecycle_manager/lib:/home/iju/S08P31C208/ROS/robot_ws/install/nav2_bt_navigator/lib:/home/iju/S08P31C208/ROS/robot_ws/install/nav2_behavior_tree/lib:/home/iju/S08P31C208/ROS/robot_ws/install/nav2_amcl/lib:/home/iju/S08P31C208/ROS/robot_ws/install/nav2_util/lib:/home/iju/S08P31C208/ROS/robot_ws/install/nav2_msgs/lib:/home/iju/S08P31C208/ROS/robot_ws/install/nav2_dynamic_params/lib:/home/iju/S08P31C208/ROS/robot_ws/install/gazebo_plugins/lib:/home/iju/S08P31C208/ROS/robot_ws/install/gazebo_ros/lib:/home/iju/S08P31C208/ROS/robot_ws/install/gazebo_msgs/lib:/home/iju/S08P31C208/ROS/robot_ws/install/dynamixel_sdk_custom_interfaces/lib:/home/iju/S08P31C208/ROS/robot_ws/install/dynamixel_sdk/lib:/usr/lib/x86_64-linux-gnu/gazebo-9/plugins:/opt/ros/dashing/opt/yaml_cpp_vendor/lib:/opt/ros/dashing/opt/rviz_ogre_vendor/lib:/opt/ros/dashing/lib PS1=\u@\h \[\033[32m\]\w\[\033[33m\]$(parse_git_branch)\[\033[00m\] $ PYTHONPATH=/home/iju/S08P31C208/ROS/robot_ws/install/nav_2d_msgs/lib/python3.6/site-packages:/home/iju/S08P31C208/ROS/robot_ws/install/turtlebot3_teleop/lib/python3.6/site-packages:/home/iju/S08P31C208/ROS/robot_ws/install/turtlebot3_example/lib/python3.6/site-packages:/home/iju/S08P31C208/ROS/robot_ws/install/turtlebot3_msgs/lib/python3.6/site-packages:/home/iju/S08P31C208/ROS/robot_ws/install/dwb_msgs/lib/python3.6/site-packages:/home/iju/S08P31C208/ROS/robot_ws/install/nav2_msgs/lib/python3.6/site-packages:/home/iju/S08P31C208/ROS/robot_ws/install/nav2_common/lib/python3.6/site-packages:/home/iju/S08P31C208/ROS/robot_ws/install/gazebo_ros/lib/python3.6/site-packages:/home/iju/S08P31C208/ROS/robot_ws/install/gazebo_msgs/lib/python3.6/site-packages:/home/iju/S08P31C208/ROS/robot_ws/install/dynamixel_sdk_custom_interfaces/lib/python3.6/site-packages:/opt/ros/dashing/lib/python3.6/site-packages /usr/bin/cmake --build /home/iju/S08P31C208/ROS/robot_ws/build/dwb_msgs --target install -- -j6 -l6
[2.261s] [  1%] Built target dwb_msgs__cpp
[2.320s] [ 12%] Built target dwb_msgs__rosidl_generator_c
[2.351s] [ 24%] Built target dwb_msgs__rosidl_typesupport_cpp
[2.400s] [ 35%] Built target dwb_msgs__rosidl_typesupport_fastrtps_cpp
[2.418s] [ 47%] Built target dwb_msgs__rosidl_typesupport_introspection_cpp
[2.440s] [ 58%] Built target dwb_msgs__rosidl_typesupport_introspection_c
[2.441s] [ 70%] Built target dwb_msgs__rosidl_typesupport_c
[2.484s] [ 82%] Built target dwb_msgs__rosidl_typesupport_fastrtps_c
[2.572s] [ 82%] Built target dwb_msgs
[2.653s] [ 83%] Built target dwb_msgs__py
[2.768s] [ 93%] Built target dwb_msgs__python
[2.890s] [ 95%] Built target dwb_msgs__rosidl_typesupport_c__pyext
[2.894s] [ 97%] Built target dwb_msgs__rosidl_typesupport_introspection_c__pyext
[2.928s] [100%] Built target dwb_msgs__rosidl_typesupport_fastrtps_c__pyext
[3.002s] [36mInstall the project...[0m
[3.024s] -- Install configuration: ""
[3.025s] -- Execute custom install script
[3.025s] -- Up-to-date symlink: /home/iju/S08P31C208/ROS/robot_ws/install/dwb_msgs/share/ament_index/resource_index/rosidl_interfaces/dwb_msgs
[3.027s] -- Up-to-date symlink: /home/iju/S08P31C208/ROS/robot_ws/install/dwb_msgs/include/dwb_msgs/msg/critic_score.hpp
[3.027s] -- Up-to-date symlink: /home/iju/S08P31C208/ROS/robot_ws/install/dwb_msgs/include/dwb_msgs/msg/critic_score__struct.hpp
[3.027s] -- Up-to-date symlink: /home/iju/S08P31C208/ROS/robot_ws/install/dwb_msgs/include/dwb_msgs/msg/critic_score__traits.hpp
[3.028s] -- Up-to-date symlink: /home/iju/S08P31C208/ROS/robot_ws/install/dwb_msgs/include/dwb_msgs/msg/local_plan_evaluation.hpp
[3.028s] -- Up-to-date symlink: /home/iju/S08P31C208/ROS/robot_ws/install/dwb_msgs/include/dwb_msgs/msg/local_plan_evaluation__struct.hpp
[3.028s] -- Up-to-date symlink: /home/iju/S08P31C208/ROS/robot_ws/install/dwb_msgs/include/dwb_msgs/msg/local_plan_evaluation__traits.hpp
[3.028s] -- Up-to-date symlink: /home/iju/S08P31C208/ROS/robot_ws/install/dwb_msgs/include/dwb_msgs/msg/trajectory2_d.hpp
[3.028s] -- Up-to-date symlink: /home/iju/S08P31C208/ROS/robot_ws/install/dwb_msgs/include/dwb_msgs/msg/trajectory2_d__struct.hpp
[3.029s] -- Up-to-date symlink: /home/iju/S08P31C208/ROS/robot_ws/install/dwb_msgs/include/dwb_msgs/msg/trajectory2_d__traits.hpp
[3.029s] -- Up-to-date symlink: /home/iju/S08P31C208/ROS/robot_ws/install/dwb_msgs/include/dwb_msgs/msg/trajectory_score.hpp
[3.029s] -- Up-to-date symlink: /home/iju/S08P31C208/ROS/robot_ws/install/dwb_msgs/include/dwb_msgs/msg/trajectory_score__struct.hpp
[3.029s] -- Up-to-date symlink: /home/iju/S08P31C208/ROS/robot_ws/install/dwb_msgs/include/dwb_msgs/msg/trajectory_score__traits.hpp
[3.030s] -- Up-to-date symlink: /home/iju/S08P31C208/ROS/robot_ws/install/dwb_msgs/include/dwb_msgs/srv/debug_local_plan.hpp
[3.030s] -- Up-to-date symlink: /home/iju/S08P31C208/ROS/robot_ws/install/dwb_msgs/include/dwb_msgs/srv/debug_local_plan__struct.hpp
[3.031s] -- Up-to-date symlink: /home/iju/S08P31C208/ROS/robot_ws/install/dwb_msgs/include/dwb_msgs/srv/debug_local_plan__traits.hpp
[3.031s] -- Up-to-date symlink: /home/iju/S08P31C208/ROS/robot_ws/install/dwb_msgs/include/dwb_msgs/srv/generate_trajectory.hpp
[3.031s] -- Up-to-date symlink: /home/iju/S08P31C208/ROS/robot_ws/install/dwb_msgs/include/dwb_msgs/srv/generate_trajectory__struct.hpp
[3.032s] -- Up-to-date symlink: /home/iju/S08P31C208/ROS/robot_ws/install/dwb_msgs/include/dwb_msgs/srv/generate_trajectory__traits.hpp
[3.033s] -- Up-to-date symlink: /home/iju/S08P31C208/ROS/robot_ws/install/dwb_msgs/include/dwb_msgs/srv/generate_twists.hpp
[3.033s] -- Up-to-date symlink: /home/iju/S08P31C208/ROS/robot_ws/install/dwb_msgs/include/dwb_msgs/srv/generate_twists__struct.hpp
[3.033s] -- Up-to-date symlink: /home/iju/S08P31C208/ROS/robot_ws/install/dwb_msgs/include/dwb_msgs/srv/generate_twists__traits.hpp
[3.033s] -- Up-to-date symlink: /home/iju/S08P31C208/ROS/robot_ws/install/dwb_msgs/include/dwb_msgs/srv/get_critic_score.hpp
[3.034s] -- Up-to-date symlink: /home/iju/S08P31C208/ROS/robot_ws/install/dwb_msgs/include/dwb_msgs/srv/get_critic_score__struct.hpp
[3.034s] -- Up-to-date symlink: /home/iju/S08P31C208/ROS/robot_ws/install/dwb_msgs/include/dwb_msgs/srv/get_critic_score__traits.hpp
[3.034s] -- Up-to-date symlink: /home/iju/S08P31C208/ROS/robot_ws/install/dwb_msgs/include/dwb_msgs/srv/score_trajectory.hpp
[3.034s] -- Up-to-date symlink: /home/iju/S08P31C208/ROS/robot_ws/install/dwb_msgs/include/dwb_msgs/srv/score_trajectory__struct.hpp
[3.034s] -- Up-to-date symlink: /home/iju/S08P31C208/ROS/robot_ws/install/dwb_msgs/include/dwb_msgs/srv/score_trajectory__traits.hpp
[3.035s] -- Up-to-date symlink: /home/iju/S08P31C208/ROS/robot_ws/install/dwb_msgs/include/dwb_msgs/msg/critic_score.h
[3.035s] -- Up-to-date symlink: /home/iju/S08P31C208/ROS/robot_ws/install/dwb_msgs/include/dwb_msgs/msg/critic_score__functions.h
[3.035s] -- Up-to-date symlink: /home/iju/S08P31C208/ROS/robot_ws/install/dwb_msgs/include/dwb_msgs/msg/critic_score__struct.h
[3.035s] -- Up-to-date symlink: /home/iju/S08P31C208/ROS/robot_ws/install/dwb_msgs/include/dwb_msgs/msg/critic_score__type_support.h
[3.037s] -- Up-to-date symlink: /home/iju/S08P31C208/ROS/robot_ws/install/dwb_msgs/include/dwb_msgs/msg/local_plan_evaluation.h
[3.037s] -- Up-to-date symlink: /home/iju/S08P31C208/ROS/robot_ws/install/dwb_msgs/include/dwb_msgs/msg/local_plan_evaluation__functions.h
[3.037s] -- Up-to-date symlink: /home/iju/S08P31C208/ROS/robot_ws/install/dwb_msgs/include/dwb_msgs/msg/local_plan_evaluation__struct.h
[3.037s] -- Up-to-date symlink: /home/iju/S08P31C208/ROS/robot_ws/install/dwb_msgs/include/dwb_msgs/msg/local_plan_evaluation__type_support.h
[3.038s] -- Up-to-date symlink: /home/iju/S08P31C208/ROS/robot_ws/install/dwb_msgs/include/dwb_msgs/msg/rosidl_generator_c__visibility_control.h
[3.038s] -- Up-to-date symlink: /home/iju/S08P31C208/ROS/robot_ws/install/dwb_msgs/include/dwb_msgs/msg/trajectory2_d.h
[3.039s] -- Up-to-date symlink: /home/iju/S08P31C208/ROS/robot_ws/install/dwb_msgs/include/dwb_msgs/msg/trajectory2_d__functions.h
[3.042s] -- Up-to-date symlink: /home/iju/S08P31C208/ROS/robot_ws/install/dwb_msgs/include/dwb_msgs/msg/trajectory2_d__struct.h
[3.042s] -- Up-to-date symlink: /home/iju/S08P31C208/ROS/robot_ws/install/dwb_msgs/include/dwb_msgs/msg/trajectory2_d__type_support.h
[3.043s] -- Up-to-date symlink: /home/iju/S08P31C208/ROS/robot_ws/install/dwb_msgs/include/dwb_msgs/msg/trajectory_score.h
[3.043s] -- Up-to-date symlink: /home/iju/S08P31C208/ROS/robot_ws/install/dwb_msgs/include/dwb_msgs/msg/trajectory_score__functions.h
[3.045s] -- Up-to-date symlink: /home/iju/S08P31C208/ROS/robot_ws/install/dwb_msgs/include/dwb_msgs/msg/trajectory_score__struct.h
[3.045s] -- Up-to-date symlink: /home/iju/S08P31C208/ROS/robot_ws/install/dwb_msgs/include/dwb_msgs/msg/trajectory_score__type_support.h
[3.045s] -- Up-to-date symlink: /home/iju/S08P31C208/ROS/robot_ws/install/dwb_msgs/include/dwb_msgs/srv/debug_local_plan.h
[3.045s] -- Up-to-date symlink: /home/iju/S08P31C208/ROS/robot_ws/install/dwb_msgs/include/dwb_msgs/srv/debug_local_plan__functions.h
[3.045s] -- Up-to-date symlink: /home/iju/S08P31C208/ROS/robot_ws/install/dwb_msgs/include/dwb_msgs/srv/debug_local_plan__struct.h
[3.050s] -- Up-to-date symlink: /home/iju/S08P31C208/ROS/robot_ws/install/dwb_msgs/include/dwb_msgs/srv/debug_local_plan__type_support.h
[3.050s] -- Up-to-date symlink: /home/iju/S08P31C208/ROS/robot_ws/install/dwb_msgs/include/dwb_msgs/srv/generate_trajectory.h
[3.050s] -- Up-to-date symlink: /home/iju/S08P31C208/ROS/robot_ws/install/dwb_msgs/include/dwb_msgs/srv/generate_trajectory__functions.h
[3.051s] -- Up-to-date symlink: /home/iju/S08P31C208/ROS/robot_ws/install/dwb_msgs/include/dwb_msgs/srv/generate_trajectory__struct.h
[3.051s] -- Up-to-date symlink: /home/iju/S08P31C208/ROS/robot_ws/install/dwb_msgs/include/dwb_msgs/srv/generate_trajectory__type_support.h
[3.051s] -- Up-to-date symlink: /home/iju/S08P31C208/ROS/robot_ws/install/dwb_msgs/include/dwb_msgs/srv/generate_twists.h
[3.051s] -- Up-to-date symlink: /home/iju/S08P31C208/ROS/robot_ws/install/dwb_msgs/include/dwb_msgs/srv/generate_twists__functions.h
[3.051s] -- Up-to-date symlink: /home/iju/S08P31C208/ROS/robot_ws/install/dwb_msgs/include/dwb_msgs/srv/generate_twists__struct.h
[3.051s] -- Up-to-date symlink: /home/iju/S08P31C208/ROS/robot_ws/install/dwb_msgs/include/dwb_msgs/srv/generate_twists__type_support.h
[3.054s] -- Up-to-date symlink: /home/iju/S08P31C208/ROS/robot_ws/install/dwb_msgs/include/dwb_msgs/srv/get_critic_score.h
[3.054s] -- Up-to-date symlink: /home/iju/S08P31C208/ROS/robot_ws/install/dwb_msgs/include/dwb_msgs/srv/get_critic_score__functions.h
[3.055s] -- Up-to-date symlink: /home/iju/S08P31C208/ROS/robot_ws/install/dwb_msgs/include/dwb_msgs/srv/get_critic_score__struct.h
[3.055s] -- Up-to-date symlink: /home/iju/S08P31C208/ROS/robot_ws/install/dwb_msgs/include/dwb_msgs/srv/get_critic_score__type_support.h
[3.055s] -- Up-to-date symlink: /home/iju/S08P31C208/ROS/robot_ws/install/dwb_msgs/include/dwb_msgs/srv/score_trajectory.h
[3.055s] -- Up-to-date symlink: /home/iju/S08P31C208/ROS/robot_ws/install/dwb_msgs/include/dwb_msgs/srv/score_trajectory__functions.h
[3.056s] -- Up-to-date symlink: /home/iju/S08P31C208/ROS/robot_ws/install/dwb_msgs/include/dwb_msgs/srv/score_trajectory__struct.h
[3.056s] -- Up-to-date symlink: /home/iju/S08P31C208/ROS/robot_ws/install/dwb_msgs/include/dwb_msgs/srv/score_trajectory__type_support.h
[3.056s] -- Up-to-date symlink: /home/iju/S08P31C208/ROS/robot_ws/install/dwb_msgs/share/dwb_msgs/environment/library_path.sh
[3.058s] -- Up-to-date symlink: /home/iju/S08P31C208/ROS/robot_ws/install/dwb_msgs/lib/libdwb_msgs__rosidl_generator_c.so
[3.058s] -- Up-to-date symlink: /home/iju/S08P31C208/ROS/robot_ws/install/dwb_msgs/lib/libdwb_msgs__rosidl_typesupport_c.so
[3.058s] -- Up-to-date symlink: /home/iju/S08P31C208/ROS/robot_ws/install/dwb_msgs/lib/libdwb_msgs__rosidl_typesupport_cpp.so
[3.059s] -- Up-to-date symlink: /home/iju/S08P31C208/ROS/robot_ws/install/dwb_msgs/include/dwb_msgs/msg/critic_score__rosidl_typesupport_introspection_c.h
[3.059s] -- Up-to-date symlink: /home/iju/S08P31C208/ROS/robot_ws/install/dwb_msgs/include/dwb_msgs/msg/local_plan_evaluation__rosidl_typesupport_introspection_c.h
[3.059s] -- Up-to-date symlink: /home/iju/S08P31C208/ROS/robot_ws/install/dwb_msgs/include/dwb_msgs/msg/rosidl_typesupport_introspection_c__visibility_control.h
[3.059s] -- Up-to-date symlink: /home/iju/S08P31C208/ROS/robot_ws/install/dwb_msgs/include/dwb_msgs/msg/trajectory2_d__rosidl_typesupport_introspection_c.h
[3.065s] -- Up-to-date symlink: /home/iju/S08P31C208/ROS/robot_ws/install/dwb_msgs/include/dwb_msgs/msg/trajectory_score__rosidl_typesupport_introspection_c.h
[3.065s] -- Up-to-date symlink: /home/iju/S08P31C208/ROS/robot_ws/install/dwb_msgs/include/dwb_msgs/srv/debug_local_plan__rosidl_typesupport_introspection_c.h
[3.070s] -- Up-to-date symlink: /home/iju/S08P31C208/ROS/robot_ws/install/dwb_msgs/include/dwb_msgs/srv/generate_trajectory__rosidl_typesupport_introspection_c.h
[3.071s] -- Up-to-date symlink: /home/iju/S08P31C208/ROS/robot_ws/install/dwb_msgs/include/dwb_msgs/srv/generate_twists__rosidl_typesupport_introspection_c.h
[3.071s] -- Up-to-date symlink: /home/iju/S08P31C208/ROS/robot_ws/install/dwb_msgs/include/dwb_msgs/srv/get_critic_score__rosidl_typesupport_introspection_c.h
[3.071s] -- Up-to-date symlink: /home/iju/S08P31C208/ROS/robot_ws/install/dwb_msgs/include/dwb_msgs/srv/score_trajectory__rosidl_typesupport_introspection_c.h
[3.071s] -- Up-to-date symlink: /home/iju/S08P31C208/ROS/robot_ws/install/dwb_msgs/lib/libdwb_msgs__rosidl_typesupport_introspection_c.so
[3.071s] -- Up-to-date symlink: /home/iju/S08P31C208/ROS/robot_ws/install/dwb_msgs/include/dwb_msgs/msg/critic_score__rosidl_typesupport_introspection_cpp.hpp
[3.071s] -- Up-to-date symlink: /home/iju/S08P31C208/ROS/robot_ws/install/dwb_msgs/include/dwb_msgs/msg/local_plan_evaluation__rosidl_typesupport_introspection_cpp.hpp
[3.071s] -- Up-to-date symlink: /home/iju/S08P31C208/ROS/robot_ws/install/dwb_msgs/include/dwb_msgs/msg/trajectory2_d__rosidl_typesupport_introspection_cpp.hpp
[3.071s] -- Up-to-date symlink: /home/iju/S08P31C208/ROS/robot_ws/install/dwb_msgs/include/dwb_msgs/msg/trajectory_score__rosidl_typesupport_introspection_cpp.hpp
[3.071s] -- Up-to-date symlink: /home/iju/S08P31C208/ROS/robot_ws/install/dwb_msgs/include/dwb_msgs/srv/debug_local_plan__rosidl_typesupport_introspection_cpp.hpp
[3.071s] -- Up-to-date symlink: /home/iju/S08P31C208/ROS/robot_ws/install/dwb_msgs/include/dwb_msgs/srv/generate_trajectory__rosidl_typesupport_introspection_cpp.hpp
[3.071s] -- Up-to-date symlink: /home/iju/S08P31C208/ROS/robot_ws/install/dwb_msgs/include/dwb_msgs/srv/generate_twists__rosidl_typesupport_introspection_cpp.hpp
[3.072s] -- Up-to-date symlink: /home/iju/S08P31C208/ROS/robot_ws/install/dwb_msgs/include/dwb_msgs/srv/get_critic_score__rosidl_typesupport_introspection_cpp.hpp
[3.072s] -- Up-to-date symlink: /home/iju/S08P31C208/ROS/robot_ws/install/dwb_msgs/include/dwb_msgs/srv/score_trajectory__rosidl_typesupport_introspection_cpp.hpp
[3.072s] -- Up-to-date symlink: /home/iju/S08P31C208/ROS/robot_ws/install/dwb_msgs/lib/libdwb_msgs__rosidl_typesupport_introspection_cpp.so
[3.072s] -- Up-to-date symlink: /home/iju/S08P31C208/ROS/robot_ws/install/dwb_msgs/include/dwb_msgs/msg/critic_score__rosidl_typesupport_fastrtps_c.h
[3.072s] -- Up-to-date symlink: /home/iju/S08P31C208/ROS/robot_ws/install/dwb_msgs/include/dwb_msgs/msg/local_plan_evaluation__rosidl_typesupport_fastrtps_c.h
[3.072s] -- Up-to-date symlink: /home/iju/S08P31C208/ROS/robot_ws/install/dwb_msgs/include/dwb_msgs/msg/rosidl_typesupport_fastrtps_c__visibility_control.h
[3.072s] -- Up-to-date symlink: /home/iju/S08P31C208/ROS/robot_ws/install/dwb_msgs/include/dwb_msgs/msg/trajectory2_d__rosidl_typesupport_fastrtps_c.h
[3.072s] -- Up-to-date symlink: /home/iju/S08P31C208/ROS/robot_ws/install/dwb_msgs/include/dwb_msgs/msg/trajectory_score__rosidl_typesupport_fastrtps_c.h
[3.072s] -- Up-to-date symlink: /home/iju/S08P31C208/ROS/robot_ws/install/dwb_msgs/include/dwb_msgs/srv/debug_local_plan__rosidl_typesupport_fastrtps_c.h
[3.072s] -- Up-to-date symlink: /home/iju/S08P31C208/ROS/robot_ws/install/dwb_msgs/include/dwb_msgs/srv/generate_trajectory__rosidl_typesupport_fastrtps_c.h
[3.072s] -- Up-to-date symlink: /home/iju/S08P31C208/ROS/robot_ws/install/dwb_msgs/include/dwb_msgs/srv/generate_twists__rosidl_typesupport_fastrtps_c.h
[3.072s] -- Up-to-date symlink: /home/iju/S08P31C208/ROS/robot_ws/install/dwb_msgs/include/dwb_msgs/srv/get_critic_score__rosidl_typesupport_fastrtps_c.h
[3.072s] -- Up-to-date symlink: /home/iju/S08P31C208/ROS/robot_ws/install/dwb_msgs/include/dwb_msgs/srv/score_trajectory__rosidl_typesupport_fastrtps_c.h
[3.073s] -- Up-to-date symlink: /home/iju/S08P31C208/ROS/robot_ws/install/dwb_msgs/lib/libdwb_msgs__rosidl_typesupport_fastrtps_c.so
[3.073s] -- Up-to-date symlink: /home/iju/S08P31C208/ROS/robot_ws/install/dwb_msgs/include/dwb_msgs/msg/critic_score__rosidl_typesupport_fastrtps_cpp.hpp
[3.073s] -- Up-to-date symlink: /home/iju/S08P31C208/ROS/robot_ws/install/dwb_msgs/include/dwb_msgs/msg/local_plan_evaluation__rosidl_typesupport_fastrtps_cpp.hpp
[3.073s] -- Up-to-date symlink: /home/iju/S08P31C208/ROS/robot_ws/install/dwb_msgs/include/dwb_msgs/msg/rosidl_typesupport_fastrtps_cpp__visibility_control.h
[3.073s] -- Up-to-date symlink: /home/iju/S08P31C208/ROS/robot_ws/install/dwb_msgs/include/dwb_msgs/msg/trajectory2_d__rosidl_typesupport_fastrtps_cpp.hpp
[3.073s] -- Up-to-date symlink: /home/iju/S08P31C208/ROS/robot_ws/install/dwb_msgs/include/dwb_msgs/msg/trajectory_score__rosidl_typesupport_fastrtps_cpp.hpp
[3.073s] -- Up-to-date symlink: /home/iju/S08P31C208/ROS/robot_ws/install/dwb_msgs/include/dwb_msgs/srv/debug_local_plan__rosidl_typesupport_fastrtps_cpp.hpp
[3.073s] -- Up-to-date symlink: /home/iju/S08P31C208/ROS/robot_ws/install/dwb_msgs/include/dwb_msgs/srv/generate_trajectory__rosidl_typesupport_fastrtps_cpp.hpp
[3.073s] -- Up-to-date symlink: /home/iju/S08P31C208/ROS/robot_ws/install/dwb_msgs/include/dwb_msgs/srv/generate_twists__rosidl_typesupport_fastrtps_cpp.hpp
[3.074s] -- Up-to-date symlink: /home/iju/S08P31C208/ROS/robot_ws/install/dwb_msgs/include/dwb_msgs/srv/get_critic_score__rosidl_typesupport_fastrtps_cpp.hpp
[3.074s] -- Up-to-date symlink: /home/iju/S08P31C208/ROS/robot_ws/install/dwb_msgs/include/dwb_msgs/srv/score_trajectory__rosidl_typesupport_fastrtps_cpp.hpp
[3.074s] -- Up-to-date symlink: /home/iju/S08P31C208/ROS/robot_ws/install/dwb_msgs/lib/libdwb_msgs__rosidl_typesupport_fastrtps_cpp.so
[3.074s] -- Up-to-date symlink: /home/iju/S08P31C208/ROS/robot_ws/install/dwb_msgs/share/dwb_msgs/environment/pythonpath.sh
[3.076s] -- Up-to-date symlink: /home/iju/S08P31C208/ROS/robot_ws/install/dwb_msgs/lib/python3.6/site-packages/dwb_msgs/__init__.py
[3.077s] -- Up-to-date symlink: /home/iju/S08P31C208/ROS/robot_ws/install/dwb_msgs/lib/python3.6/site-packages/dwb_msgs/msg/__init__.py
[3.077s] -- Up-to-date symlink: /home/iju/S08P31C208/ROS/robot_ws/install/dwb_msgs/lib/python3.6/site-packages/dwb_msgs/msg/_critic_score.py
[3.077s] -- Up-to-date symlink: /home/iju/S08P31C208/ROS/robot_ws/install/dwb_msgs/lib/python3.6/site-packages/dwb_msgs/msg/_local_plan_evaluation.py
[3.077s] -- Up-to-date symlink: /home/iju/S08P31C208/ROS/robot_ws/install/dwb_msgs/lib/python3.6/site-packages/dwb_msgs/msg/_trajectory2_d.py
[3.077s] -- Up-to-date symlink: /home/iju/S08P31C208/ROS/robot_ws/install/dwb_msgs/lib/python3.6/site-packages/dwb_msgs/msg/_trajectory_score.py
[3.077s] -- Up-to-date symlink: /home/iju/S08P31C208/ROS/robot_ws/install/dwb_msgs/lib/python3.6/site-packages/dwb_msgs/srv/__init__.py
[3.077s] -- Up-to-date symlink: /home/iju/S08P31C208/ROS/robot_ws/install/dwb_msgs/lib/python3.6/site-packages/dwb_msgs/srv/_debug_local_plan.py
[3.077s] -- Up-to-date symlink: /home/iju/S08P31C208/ROS/robot_ws/install/dwb_msgs/lib/python3.6/site-packages/dwb_msgs/srv/_generate_trajectory.py
[3.078s] -- Up-to-date symlink: /home/iju/S08P31C208/ROS/robot_ws/install/dwb_msgs/lib/python3.6/site-packages/dwb_msgs/srv/_generate_twists.py
[3.078s] -- Up-to-date symlink: /home/iju/S08P31C208/ROS/robot_ws/install/dwb_msgs/lib/python3.6/site-packages/dwb_msgs/srv/_get_critic_score.py
[3.078s] -- Up-to-date symlink: /home/iju/S08P31C208/ROS/robot_ws/install/dwb_msgs/lib/python3.6/site-packages/dwb_msgs/srv/_score_trajectory.py
[3.078s] -- Up-to-date symlink: /home/iju/S08P31C208/ROS/robot_ws/install/dwb_msgs/lib/python3.6/site-packages/dwb_msgs/dwb_msgs_s__rosidl_typesupport_c.cpython-36m-x86_64-linux-gnu.so
[3.078s] -- Up-to-date symlink: /home/iju/S08P31C208/ROS/robot_ws/install/dwb_msgs/lib/python3.6/site-packages/dwb_msgs/dwb_msgs_s__rosidl_typesupport_introspection_c.cpython-36m-x86_64-linux-gnu.so
[3.078s] -- Up-to-date symlink: /home/iju/S08P31C208/ROS/robot_ws/install/dwb_msgs/lib/python3.6/site-packages/dwb_msgs/dwb_msgs_s__rosidl_typesupport_fastrtps_c.cpython-36m-x86_64-linux-gnu.so
[3.078s] -- Up-to-date symlink: /home/iju/S08P31C208/ROS/robot_ws/install/dwb_msgs/lib/libdwb_msgs__python.so
[3.078s] -- Up-to-date symlink: /home/iju/S08P31C208/ROS/robot_ws/install/dwb_msgs/share/dwb_msgs/msg/CriticScore.idl
[3.078s] -- Up-to-date symlink: /home/iju/S08P31C208/ROS/robot_ws/install/dwb_msgs/share/dwb_msgs/msg/LocalPlanEvaluation.idl
[3.078s] -- Up-to-date symlink: /home/iju/S08P31C208/ROS/robot_ws/install/dwb_msgs/share/dwb_msgs/msg/Trajectory2D.idl
[3.097s] -- Up-to-date symlink: /home/iju/S08P31C208/ROS/robot_ws/install/dwb_msgs/share/dwb_msgs/msg/TrajectoryScore.idl
[3.097s] -- Up-to-date symlink: /home/iju/S08P31C208/ROS/robot_ws/install/dwb_msgs/share/dwb_msgs/srv/DebugLocalPlan.idl
[3.097s] -- Up-to-date symlink: /home/iju/S08P31C208/ROS/robot_ws/install/dwb_msgs/share/dwb_msgs/srv/GenerateTrajectory.idl
[3.097s] -- Up-to-date symlink: /home/iju/S08P31C208/ROS/robot_ws/install/dwb_msgs/share/dwb_msgs/srv/GenerateTwists.idl
[3.097s] -- Up-to-date symlink: /home/iju/S08P31C208/ROS/robot_ws/install/dwb_msgs/share/dwb_msgs/srv/GetCriticScore.idl
[3.097s] -- Up-to-date symlink: /home/iju/S08P31C208/ROS/robot_ws/install/dwb_msgs/share/dwb_msgs/srv/ScoreTrajectory.idl
[3.098s] -- Up-to-date symlink: /home/iju/S08P31C208/ROS/robot_ws/install/dwb_msgs/share/dwb_msgs/msg/CriticScore.msg
[3.098s] -- Up-to-date symlink: /home/iju/S08P31C208/ROS/robot_ws/install/dwb_msgs/share/dwb_msgs/msg/LocalPlanEvaluation.msg
[3.098s] -- Up-to-date symlink: /home/iju/S08P31C208/ROS/robot_ws/install/dwb_msgs/share/dwb_msgs/msg/Trajectory2D.msg
[3.098s] -- Up-to-date symlink: /home/iju/S08P31C208/ROS/robot_ws/install/dwb_msgs/share/dwb_msgs/msg/TrajectoryScore.msg
[3.099s] -- Up-to-date symlink: /home/iju/S08P31C208/ROS/robot_ws/install/dwb_msgs/share/dwb_msgs/srv/DebugLocalPlan.srv
[3.099s] -- Up-to-date symlink: /home/iju/S08P31C208/ROS/robot_ws/install/dwb_msgs/share/dwb_msgs/srv/DebugLocalPlan_Request.msg
[3.099s] -- Up-to-date symlink: /home/iju/S08P31C208/ROS/robot_ws/install/dwb_msgs/share/dwb_msgs/srv/DebugLocalPlan_Response.msg
[3.099s] -- Up-to-date symlink: /home/iju/S08P31C208/ROS/robot_ws/install/dwb_msgs/share/dwb_msgs/srv/GenerateTrajectory.srv
[3.099s] -- Up-to-date symlink: /home/iju/S08P31C208/ROS/robot_ws/install/dwb_msgs/share/dwb_msgs/srv/GenerateTrajectory_Request.msg
[3.099s] -- Up-to-date symlink: /home/iju/S08P31C208/ROS/robot_ws/install/dwb_msgs/share/dwb_msgs/srv/GenerateTrajectory_Response.msg
[3.099s] -- Up-to-date symlink: /home/iju/S08P31C208/ROS/robot_ws/install/dwb_msgs/share/dwb_msgs/srv/GenerateTwists.srv
[3.100s] -- Up-to-date symlink: /home/iju/S08P31C208/ROS/robot_ws/install/dwb_msgs/share/dwb_msgs/srv/GenerateTwists_Request.msg
[3.100s] -- Up-to-date symlink: /home/iju/S08P31C208/ROS/robot_ws/install/dwb_msgs/share/dwb_msgs/srv/GenerateTwists_Response.msg
[3.100s] -- Up-to-date symlink: /home/iju/S08P31C208/ROS/robot_ws/install/dwb_msgs/share/dwb_msgs/srv/GetCriticScore.srv
[3.100s] -- Up-to-date symlink: /home/iju/S08P31C208/ROS/robot_ws/install/dwb_msgs/share/dwb_msgs/srv/GetCriticScore_Request.msg
[3.100s] -- Up-to-date symlink: /home/iju/S08P31C208/ROS/robot_ws/install/dwb_msgs/share/dwb_msgs/srv/GetCriticScore_Response.msg
[3.100s] -- Up-to-date symlink: /home/iju/S08P31C208/ROS/robot_ws/install/dwb_msgs/share/dwb_msgs/srv/ScoreTrajectory.srv
[3.101s] -- Up-to-date symlink: /home/iju/S08P31C208/ROS/robot_ws/install/dwb_msgs/share/dwb_msgs/srv/ScoreTrajectory_Request.msg
[3.101s] -- Up-to-date symlink: /home/iju/S08P31C208/ROS/robot_ws/install/dwb_msgs/share/dwb_msgs/srv/ScoreTrajectory_Response.msg
[3.101s] -- Up-to-date symlink: /home/iju/S08P31C208/ROS/robot_ws/install/dwb_msgs/share/ament_index/resource_index/package_run_dependencies/dwb_msgs
[3.101s] -- Up-to-date symlink: /home/iju/S08P31C208/ROS/robot_ws/install/dwb_msgs/share/ament_index/resource_index/parent_prefix_path/dwb_msgs
[3.101s] -- Up-to-date symlink: /home/iju/S08P31C208/ROS/robot_ws/install/dwb_msgs/share/dwb_msgs/environment/ament_prefix_path.sh
[3.101s] -- Up-to-date symlink: /home/iju/S08P31C208/ROS/robot_ws/install/dwb_msgs/share/dwb_msgs/environment/path.sh
[3.101s] -- Up-to-date symlink: /home/iju/S08P31C208/ROS/robot_ws/install/dwb_msgs/share/dwb_msgs/local_setup.bash
[3.101s] -- Up-to-date symlink: /home/iju/S08P31C208/ROS/robot_ws/install/dwb_msgs/share/dwb_msgs/local_setup.sh
[3.101s] -- Up-to-date symlink: /home/iju/S08P31C208/ROS/robot_ws/install/dwb_msgs/share/dwb_msgs/local_setup.zsh
[3.101s] -- Up-to-date symlink: /home/iju/S08P31C208/ROS/robot_ws/install/dwb_msgs/share/ament_index/resource_index/packages/dwb_msgs
[3.101s] -- Up-to-date symlink: /home/iju/S08P31C208/ROS/robot_ws/install/dwb_msgs/share/dwb_msgs/cmake/rosidl_cmake-extras.cmake
[3.102s] -- Up-to-date symlink: /home/iju/S08P31C208/ROS/robot_ws/install/dwb_msgs/share/dwb_msgs/cmake/ament_cmake_export_dependencies-extras.cmake
[3.102s] -- Up-to-date symlink: /home/iju/S08P31C208/ROS/robot_ws/install/dwb_msgs/share/dwb_msgs/cmake/ament_cmake_export_include_directories-extras.cmake
[3.102s] -- Up-to-date symlink: /home/iju/S08P31C208/ROS/robot_ws/install/dwb_msgs/share/dwb_msgs/cmake/ament_cmake_export_libraries-extras.cmake
[3.102s] -- Up-to-date symlink: /home/iju/S08P31C208/ROS/robot_ws/install/dwb_msgs/share/dwb_msgs/cmake/dwb_msgsConfig.cmake
[3.103s] -- Up-to-date symlink: /home/iju/S08P31C208/ROS/robot_ws/install/dwb_msgs/share/dwb_msgs/cmake/dwb_msgsConfig-version.cmake
[3.103s] -- Up-to-date symlink: /home/iju/S08P31C208/ROS/robot_ws/install/dwb_msgs/share/dwb_msgs/package.xml
[3.149s] Invoked command in '/home/iju/S08P31C208/ROS/robot_ws/build/dwb_msgs' returned '0': CMAKE_PREFIX_PATH=/home/iju/S08P31C208/ROS/robot_ws/install/nav_2d_msgs:/home/iju/S08P31C208/ROS/robot_ws/install/turtlebot3_simulations:/home/iju/S08P31C208/ROS/robot_ws/install/turtlebot3_gazebo:/home/iju/S08P31C208/ROS/robot_ws/install/turtlebot3:/home/iju/S08P31C208/ROS/robot_ws/install/turtlebot3_bringup:/home/iju/S08P31C208/ROS/robot_ws/install/turtlebot3_node:/home/iju/S08P31C208/ROS/robot_ws/install/turtlebot3_navigation2:/home/iju/S08P31C208/ROS/robot_ws/install/turtlebot3_fake_node:/home/iju/S08P31C208/ROS/robot_ws/install/turtlebot3_msgs:/home/iju/S08P31C208/ROS/robot_ws/install/turtlebot3_description:/home/iju/S08P31C208/ROS/robot_ws/install/turtlebot3_cartographer:/home/iju/S08P31C208/ROS/robot_ws/install/turtle_cpp:/home/iju/S08P31C208/ROS/robot_ws/install/nav2_system_tests:/home/iju/S08P31C208/ROS/robot_ws/install/nav2_bringup:/home/iju/S08P31C208/ROS/robot_ws/install/navigation2:/home/iju/S08P31C208/ROS/robot_ws/install/nav2_dwb_controller:/home/iju/S08P31C208/ROS/robot_ws/install/dwb_plugins:/home/iju/S08P31C208/ROS/robot_ws/install/dwb_critics:/home/iju/S08P31C208/ROS/robot_ws/install/dwb_controller:/home/iju/S08P31C208/ROS/robot_ws/install/dwb_core:/home/iju/S08P31C208/ROS/robot_ws/install/nav_2d_utils:/home/iju/S08P31C208/ROS/robot_ws/install/dwb_msgs:/home/iju/S08P31C208/ROS/robot_ws/install/nav2_world_model:/home/iju/S08P31C208/ROS/robot_ws/install/nav2_recoveries:/home/iju/S08P31C208/ROS/robot_ws/install/costmap_queue:/home/iju/S08P31C208/ROS/robot_ws/install/nav2_costmap_2d:/home/iju/S08P31C208/ROS/robot_ws/install/nav2_voxel_grid:/home/iju/S08P31C208/ROS/robot_ws/install/nav2_rviz_plugins:/home/iju/S08P31C208/ROS/robot_ws/install/nav2_navfn_planner:/home/iju/S08P31C208/ROS/robot_ws/install/nav2_map_server:/home/iju/S08P31C208/ROS/robot_ws/install/nav2_lifecycle_manager:/home/iju/S08P31C208/ROS/robot_ws/install/nav2_bt_navigator:/home/iju/S08P31C208/ROS/robot_ws/install/nav2_behavior_tree:/home/iju/S08P31C208/ROS/robot_ws/install/nav2_amcl:/home/iju/S08P31C208/ROS/robot_ws/install/nav2_util:/home/iju/S08P31C208/ROS/robot_ws/install/nav2_msgs:/home/iju/S08P31C208/ROS/robot_ws/install/nav2_dynamic_params:/home/iju/S08P31C208/ROS/robot_ws/install/nav2_common:/home/iju/S08P31C208/ROS/robot_ws/install/gazebo_ros_pkgs:/home/iju/S08P31C208/ROS/robot_ws/install/gazebo_plugins:/home/iju/S08P31C208/ROS/robot_ws/install/gazebo_ros:/home/iju/S08P31C208/ROS/robot_ws/install/gazebo_msgs:/home/iju/S08P31C208/ROS/robot_ws/install/gazebo_dev:/home/iju/S08P31C208/ROS/robot_ws/install/dynamixel_sdk_examples:/home/iju/S08P31C208/ROS/robot_ws/install/dynamixel_sdk_custom_interfaces:/home/iju/S08P31C208/ROS/robot_ws/install/dynamixel_sdk:/home/iju/S08P31C208/ROS/robot_ws/install/turtlebot3_teleop:/home/iju/S08P31C208/ROS/robot_ws/install/turtlebot3_example:/opt/ros/dashing LD_LIBRARY_PATH=/home/iju/S08P31C208/ROS/robot_ws/install/nav_2d_msgs/lib:/home/iju/S08P31C208/ROS/robot_ws/install/turtlebot3_msgs/lib:/home/iju/S08P31C208/ROS/robot_ws/install/dwb_plugins/lib:/home/iju/S08P31C208/ROS/robot_ws/install/dwb_critics/lib:/home/iju/S08P31C208/ROS/robot_ws/install/dwb_controller/lib:/home/iju/S08P31C208/ROS/robot_ws/install/dwb_core/lib:/home/iju/S08P31C208/ROS/robot_ws/install/nav_2d_utils/lib:/home/iju/S08P31C208/ROS/robot_ws/install/dwb_msgs/lib:/home/iju/S08P31C208/ROS/robot_ws/install/nav2_world_model/lib:/home/iju/S08P31C208/ROS/robot_ws/install/nav2_recoveries/lib:/home/iju/S08P31C208/ROS/robot_ws/install/costmap_queue/lib:/home/iju/S08P31C208/ROS/robot_ws/install/nav2_costmap_2d/lib:/home/iju/S08P31C208/ROS/robot_ws/install/nav2_voxel_grid/lib:/home/iju/S08P31C208/ROS/robot_ws/install/nav2_rviz_plugins/lib:/home/iju/S08P31C208/ROS/robot_ws/install/nav2_navfn_planner/lib:/home/iju/S08P31C208/ROS/robot_ws/install/nav2_map_server/lib:/home/iju/S08P31C208/ROS/robot_ws/install/nav2_lifecycle_manager/lib:/home/iju/S08P31C208/ROS/robot_ws/install/nav2_bt_navigator/lib:/home/iju/S08P31C208/ROS/robot_ws/install/nav2_behavior_tree/lib:/home/iju/S08P31C208/ROS/robot_ws/install/nav2_amcl/lib:/home/iju/S08P31C208/ROS/robot_ws/install/nav2_util/lib:/home/iju/S08P31C208/ROS/robot_ws/install/nav2_msgs/lib:/home/iju/S08P31C208/ROS/robot_ws/install/nav2_dynamic_params/lib:/home/iju/S08P31C208/ROS/robot_ws/install/gazebo_plugins/lib:/home/iju/S08P31C208/ROS/robot_ws/install/gazebo_ros/lib:/home/iju/S08P31C208/ROS/robot_ws/install/gazebo_msgs/lib:/home/iju/S08P31C208/ROS/robot_ws/install/dynamixel_sdk_custom_interfaces/lib:/home/iju/S08P31C208/ROS/robot_ws/install/dynamixel_sdk/lib:/usr/lib/x86_64-linux-gnu/gazebo-9/plugins:/opt/ros/dashing/opt/yaml_cpp_vendor/lib:/opt/ros/dashing/opt/rviz_ogre_vendor/lib:/opt/ros/dashing/lib PS1=\u@\h \[\033[32m\]\w\[\033[33m\]$(parse_git_branch)\[\033[00m\] $ PYTHONPATH=/home/iju/S08P31C208/ROS/robot_ws/install/nav_2d_msgs/lib/python3.6/site-packages:/home/iju/S08P31C208/ROS/robot_ws/install/turtlebot3_teleop/lib/python3.6/site-packages:/home/iju/S08P31C208/ROS/robot_ws/install/turtlebot3_example/lib/python3.6/site-packages:/home/iju/S08P31C208/ROS/robot_ws/install/turtlebot3_msgs/lib/python3.6/site-packages:/home/iju/S08P31C208/ROS/robot_ws/install/dwb_msgs/lib/python3.6/site-packages:/home/iju/S08P31C208/ROS/robot_ws/install/nav2_msgs/lib/python3.6/site-packages:/home/iju/S08P31C208/ROS/robot_ws/install/nav2_common/lib/python3.6/site-packages:/home/iju/S08P31C208/ROS/robot_ws/install/gazebo_ros/lib/python3.6/site-packages:/home/iju/S08P31C208/ROS/robot_ws/install/gazebo_msgs/lib/python3.6/site-packages:/home/iju/S08P31C208/ROS/robot_ws/install/dynamixel_sdk_custom_interfaces/lib/python3.6/site-packages:/opt/ros/dashing/lib/python3.6/site-packages /usr/bin/cmake --build /home/iju/S08P31C208/ROS/robot_ws/build/dwb_msgs --target install -- -j6 -l6
