[0.043s] Invoking command in '/home/iju/S08P31C208/ROS/robot_ws/build/gazebo_plugins': AMENT_PREFIX_PATH=/home/iju/S08P31C208/ROS/robot_ws/install/gazebo_ros:/home/iju/S08P31C208/ROS/robot_ws/install/gazebo_msgs:/home/iju/S08P31C208/ROS/robot_ws/install/gazebo_dev:${AMENT_PREFIX_PATH} CMAKE_PREFIX_PATH=/home/iju/S08P31C208/ROS/robot_ws/install/gazebo_ros:/home/iju/S08P31C208/ROS/robot_ws/install/gazebo_msgs:/home/iju/S08P31C208/ROS/robot_ws/install/gazebo_dev:/opt/ros/dashing LD_LIBRARY_PATH=/home/iju/S08P31C208/ROS/robot_ws/install/gazebo_ros/lib:/home/iju/S08P31C208/ROS/robot_ws/install/gazebo_msgs/lib:${LD_LIBRARY_PATH} PS1=\u@\h \[\033[32m\]\w\[\033[33m\]$(parse_git_branch)\[\033[00m\] $ PYTHONPATH=/home/iju/S08P31C208/ROS/robot_ws/install/gazebo_ros/lib/python3.6/site-packages:/home/iju/S08P31C208/ROS/robot_ws/install/gazebo_msgs/lib/python3.6/site-packages:${PYTHONPATH} /usr/bin/cmake --build /home/iju/S08P31C208/ROS/robot_ws/build/gazebo_plugins -- -j6 -l6
[0.093s] -- Found ament_cmake: 0.7.6 (/opt/ros/dashing/share/ament_cmake/cmake)
[0.140s] -- Using PYTHON_EXECUTABLE: /usr/bin/python3
[0.468s] -- Override CMake install command with custom implementation using symlinks instead of copying resources
[0.492s] -- Found camera_info_manager: 2.1.1 (/opt/ros/dashing/share/camera_info_manager/cmake)
[0.495s] -- Found gazebo_dev: 3.3.5 (/home/iju/S08P31C208/ROS/robot_ws/install/gazebo_dev/share/gazebo_dev/cmake)
[0.543s] -- Boost version: 1.65.1
[0.543s] -- Found the following Boost libraries:
[0.543s] --   thread
[0.543s] --   system
[0.543s] --   filesystem
[0.543s] --   program_options
[0.543s] --   regex
[0.543s] --   iostreams
[0.544s] --   date_time
[0.544s] --   chrono
[0.544s] --   atomic
[0.554s] -- Found Protobuf: /usr/lib/x86_64-linux-gnu/libprotobuf.so;-pthread (found version "3.0.0") 
[0.580s] -- Boost version: 1.65.1
[0.583s] -- Looking for OGRE...
[0.588s] -- Found Ogre Ghadamon (1.9.0)
[0.588s] -- Found OGRE: optimized;/usr/lib/x86_64-linux-gnu/libOgreMain.so;debug;/usr/lib/x86_64-linux-gnu/libOgreMain.so
[0.632s] -- Looking for OGRE_Paging...
[0.633s] -- Found OGRE_Paging: optimized;/usr/lib/x86_64-linux-gnu/libOgrePaging.so;debug;/usr/lib/x86_64-linux-gnu/libOgrePaging.so
[0.633s] -- Looking for OGRE_Terrain...
[0.633s] -- Found OGRE_Terrain: optimized;/usr/lib/x86_64-linux-gnu/libOgreTerrain.so;debug;/usr/lib/x86_64-linux-gnu/libOgreTerrain.so
[0.633s] -- Looking for OGRE_Property...
[0.633s] -- Found OGRE_Property: optimized;/usr/lib/x86_64-linux-gnu/libOgreProperty.so;debug;/usr/lib/x86_64-linux-gnu/libOgreProperty.so
[0.633s] -- Looking for OGRE_RTShaderSystem...
[0.633s] -- Found OGRE_RTShaderSystem: optimized;/usr/lib/x86_64-linux-gnu/libOgreRTShaderSystem.so;debug;/usr/lib/x86_64-linux-gnu/libOgreRTShaderSystem.so
[0.634s] -- Looking for OGRE_Volume...
[0.634s] -- Found OGRE_Volume: optimized;/usr/lib/x86_64-linux-gnu/libOgreVolume.so;debug;/usr/lib/x86_64-linux-gnu/libOgreVolume.so
[0.634s] -- Looking for OGRE_Overlay...
[0.634s] -- Found OGRE_Overlay: optimized;/usr/lib/x86_64-linux-gnu/libOgreOverlay.so;debug;/usr/lib/x86_64-linux-gnu/libOgreOverlay.so
[0.745s] -- Found Protobuf: /usr/lib/x86_64-linux-gnu/libprotobuf.so;-pthread;-pthread (found suitable version "3.0.0", minimum required is "2.3.0") 
[0.755s] -- Config-file not installed for ZeroMQ -- checking for pkg-config
[0.760s] -- Checking for module 'libzmq >= 4'
[0.773s] --   Found libzmq , version 4.2.5
[0.818s] -- Checking for module 'uuid'
[0.830s] --   Found uuid, version 2.31.1
[0.880s] -- Checking for module 'tinyxml2'
[0.893s] --   Found tinyxml2, version 6.0.0
[0.927s] -- Looking for dlfcn.h - found
[0.927s] -- Looking for libdl - found
[0.931s] -- FreeImage.pc not found, we will search for FreeImage_INCLUDE_DIRS and FreeImage_LIBRARIES
[1.024s] -- Checking for module 'gts'
[1.038s] --   Found gts, version 0.7.6
[1.083s] -- Checking for module 'libswscale'
[1.097s] --   Found libswscale, version 4.8.100
[1.142s] -- Checking for module 'libavdevice >= 56.4.100'
[1.155s] --   Found libavdevice , version 57.10.100
[1.208s] -- Checking for module 'libavformat'
[1.222s] --   Found libavformat, version 57.83.100
[1.284s] -- Checking for module 'libavcodec'
[1.291s] --   Found libavcodec, version 57.107.100
[1.338s] -- Checking for module 'libavutil'
[1.353s] --   Found libavutil, version 55.78.100
[1.407s] -- Checking for module 'jsoncpp'
[1.420s] --   Found jsoncpp, version 1.7.4
[1.469s] -- Checking for module 'libzip'
[1.482s] --   Found libzip, version 1.1.2
[1.522s] -- Gazebo version: 9.19
[1.522s] -- Found gazebo_msgs: 3.3.5 (/home/iju/S08P31C208/ROS/robot_ws/install/gazebo_msgs/share/gazebo_msgs/cmake)
[1.539s] -- Found rosidl_adapter: 0.7.10 (/opt/ros/dashing/share/rosidl_adapter/cmake)
[1.631s] -- Found gazebo_ros: 3.3.5 (/home/iju/S08P31C208/ROS/robot_ws/install/gazebo_ros/share/gazebo_ros/cmake)
[1.653s] -- Found rmw_implementation_cmake: 0.7.2 (/opt/ros/dashing/share/rmw_implementation_cmake/cmake)
[1.656s] -- Using RMW implementation 'rmw_fastrtps_cpp' as default
[1.706s] -- Found image_transport: 2.1.1 (/opt/ros/dashing/share/image_transport/cmake)
[1.745s] -- Found tinyxml2_vendor:  (/opt/ros/dashing/share/tinyxml2_vendor/cmake)
[1.763s] -- Found poco_vendor:  (/opt/ros/dashing/share/poco_vendor/cmake)
[1.776s] -- Found cv_bridge: 2.1.4 (/opt/ros/dashing/share/cv_bridge/cmake)
[1.793s] -- Found nav_msgs: 0.7.1 (/opt/ros/dashing/share/nav_msgs/cmake)
[1.808s] -- Found std_srvs: 0.7.1 (/opt/ros/dashing/share/std_srvs/cmake)
[1.815s] -- Found tf2: 0.11.6 (/opt/ros/dashing/share/tf2/cmake)
[1.819s] -- Found tf2_geometry_msgs: 0.11.6 (/opt/ros/dashing/share/tf2_geometry_msgs/cmake)
[1.825s] -- Found eigen3_cmake_module: 0.1.1 (/opt/ros/dashing/share/eigen3_cmake_module/cmake)
[3.720s] -- Found ament_cmake_gtest: 0.7.6 (/opt/ros/dashing/share/ament_cmake_gtest/cmake)
[3.725s] -- Found gtest sources under '/opt/ros/dashing/src/gtest_vendor': C++ tests using 'Google Test' will be built
[10.797s] -- Found ament_lint_auto: 0.7.12 (/opt/ros/dashing/share/ament_lint_auto/cmake)
[10.956s] -- Added test 'copyright' to check for copyright in CMake / C / C++ / Python code
[10.961s] -- Added test 'cppcheck' to perform static code analysis on C / C++ code
[10.976s] -- Configured cppcheck include dirs: /home/iju/S08P31C208/ROS/robot_ws/src/gazebo_ros_pkgs/gazebo_plugins/include
[10.981s] -- Added test 'cpplint' to check C / C++ code against the Google style
[10.984s] -- Added test 'lint_cmake' to check CMake code style
[10.990s] -- Added test 'uncrustify' to check C / C++ code style
[10.991s] -- Added test 'xmllint' to check XML markup files
[11.000s] -- Configuring done
[12.764s] -- Generating done
[12.775s] -- Build files have been written to: /home/iju/S08P31C208/ROS/robot_ws/build/gazebo_plugins
[12.823s] [35m[1mScanning dependencies of target gazebo_ros_joint_pose_trajectory[0m
[12.840s] [35m[1mScanning dependencies of target gazebo_ros_planar_move[0m
[12.840s] [35m[1mScanning dependencies of target gazebo_ros_ackermann_drive[0m
[12.895s] [  1%] [32mBuilding CXX object CMakeFiles/gazebo_ros_joint_pose_trajectory.dir/src/gazebo_ros_joint_pose_trajectory.cpp.o[0m
[12.919s] [  2%] [32mBuilding CXX object CMakeFiles/gazebo_ros_planar_move.dir/src/gazebo_ros_planar_move.cpp.o[0m
[12.946s] [  3%] [32mBuilding CXX object CMakeFiles/gazebo_ros_ackermann_drive.dir/src/gazebo_ros_ackermann_drive.cpp.o[0m
[13.950s] [35m[1mScanning dependencies of target gazebo_ros_vacuum_gripper[0m
[14.154s] [  4%] [32mBuilding CXX object CMakeFiles/gazebo_ros_vacuum_gripper.dir/src/gazebo_ros_vacuum_gripper.cpp.o[0m
[15.159s] [35m[1mScanning dependencies of target gazebo_ros_bumper[0m
[15.427s] [35m[1mScanning dependencies of target gazebo_ros_projector[0m
[15.439s] [  5%] [32mBuilding CXX object CMakeFiles/gazebo_ros_bumper.dir/src/gazebo_ros_bumper.cpp.o[0m
[15.638s] [  6%] [32mBuilding CXX object CMakeFiles/gazebo_ros_projector.dir/src/gazebo_ros_projector.cpp.o[0m
[32.606s] [  7%] [32m[1mLinking CXX shared library libgazebo_ros_joint_pose_trajectory.so[0m
[33.703s] [  7%] Built target gazebo_ros_joint_pose_trajectory
[34.697s] [  9%] [32m[1mLinking CXX shared library libgazebo_ros_vacuum_gripper.so[0m
[35.529s] [ 10%] [32m[1mLinking CXX shared library libgazebo_ros_planar_move.so[0m
[35.641s] [ 10%] Built target gazebo_ros_vacuum_gripper
[36.197s] [ 11%] [32m[1mLinking CXX shared library libgazebo_ros_bumper.so[0m
[36.349s] [ 11%] Built target gazebo_ros_planar_move
[36.410s] [ 12%] [32m[1mLinking CXX shared library libgazebo_ros_projector.so[0m
[36.413s] [ 13%] [32m[1mLinking CXX shared library libgazebo_ros_ackermann_drive.so[0m
[36.966s] [ 13%] Built target gazebo_ros_bumper
[37.142s] [ 13%] Built target gazebo_ros_projector
[37.238s] [ 13%] Built target gazebo_ros_ackermann_drive
[37.269s] [35m[1mScanning dependencies of target gazebo_ros_logical_camera[0m
[37.344s] [ 14%] [32mBuilding CXX object CMakeFiles/gazebo_ros_logical_camera.dir/src/gazebo_ros_logical_camera.cpp.o[0m
[43.544s] [ 15%] [32m[1mLinking CXX shared library libgazebo_ros_logical_camera.so[0m
[43.977s] [ 15%] Built target gazebo_ros_logical_camera
[43.999s] [35m[1mScanning dependencies of target gazebo_ros_joint_state_publisher[0m
[44.069s] [ 17%] [32mBuilding CXX object CMakeFiles/gazebo_ros_joint_state_publisher.dir/src/gazebo_ros_joint_state_publisher.cpp.o[0m
[51.264s] [ 18%] [32m[1mLinking CXX shared library libgazebo_ros_joint_state_publisher.so[0m
[51.635s] [ 18%] Built target gazebo_ros_joint_state_publisher
[51.663s] [35m[1mScanning dependencies of target multi_camera_plugin[0m
[51.724s] [ 19%] [32mBuilding CXX object CMakeFiles/multi_camera_plugin.dir/src/multi_camera_plugin.cpp.o[0m
[53.725s] [35m[1mScanning dependencies of target gazebo_ros_ray_sensor[0m
[53.804s] [ 20%] [32mBuilding CXX object CMakeFiles/gazebo_ros_ray_sensor.dir/src/gazebo_ros_ray_sensor.cpp.o[0m
[55.807s] [35m[1mScanning dependencies of target gazebo_ros_template[0m
[55.897s] [ 21%] [32mBuilding CXX object CMakeFiles/gazebo_ros_template.dir/src/gazebo_ros_template.cpp.o[0m
[57.975s] [35m[1mScanning dependencies of target gazebo_ros_diff_drive[0m
[58.245s] [ 22%] [32mBuilding CXX object CMakeFiles/gazebo_ros_diff_drive.dir/src/gazebo_ros_diff_drive.cpp.o[0m
[67.538s] [ 23%] [32m[1mLinking CXX shared library libgazebo_ros_template.so[0m
[68.037s] [ 23%] Built target gazebo_ros_template
[68.807s] [ 25%] [32m[1mLinking CXX shared library libmulti_camera_plugin.so[0m
[69.006s] [ 26%] [32m[1mLinking CXX shared library libgazebo_ros_ray_sensor.so[0m
[69.128s] [ 26%] Built target multi_camera_plugin
[69.696s] [ 26%] Built target gazebo_ros_ray_sensor
[72.755s] [ 27%] [32m[1mLinking CXX shared library libgazebo_ros_diff_drive.so[0m
[73.247s] [ 27%] Built target gazebo_ros_diff_drive
[73.271s] [35m[1mScanning dependencies of target gazebo_ros_imu_sensor[0m
[73.354s] [ 28%] [32mBuilding CXX object CMakeFiles/gazebo_ros_imu_sensor.dir/src/gazebo_ros_imu_sensor.cpp.o[0m
[81.439s] [ 29%] [32m[1mLinking CXX shared library libgazebo_ros_imu_sensor.so[0m
[81.753s] [ 29%] Built target gazebo_ros_imu_sensor
[81.773s] [35m[1mScanning dependencies of target gazebo_ros_video[0m
[81.850s] [ 30%] [32mBuilding CXX object CMakeFiles/gazebo_ros_video.dir/src/gazebo_ros_video.cpp.o[0m
[88.850s] [35m[1mScanning dependencies of target gazebo_ros_gps_sensor[0m
[88.933s] [ 31%] [32mBuilding CXX object CMakeFiles/gazebo_ros_gps_sensor.dir/src/gazebo_ros_gps_sensor.cpp.o[0m
[90.936s] [35m[1mScanning dependencies of target gazebo_ros_elevator[0m
[91.015s] [ 32%] [32mBuilding CXX object CMakeFiles/gazebo_ros_elevator.dir/src/gazebo_ros_elevator.cpp.o[0m
[93.070s] [35m[1mScanning dependencies of target gazebo_ros_depth_camera[0m
[93.281s] [ 34%] [32mBuilding CXX object CMakeFiles/gazebo_ros_depth_camera.dir/src/gazebo_ros_depth_camera.cpp.o[0m
[97.879s] [ 35%] [32m[1mLinking CXX shared library libgazebo_ros_gps_sensor.so[0m
[98.490s] [ 35%] Built target gazebo_ros_gps_sensor
[98.807s] [ 36%] [32m[1mLinking CXX shared library libgazebo_ros_elevator.so[0m
[99.223s] [ 36%] Built target gazebo_ros_elevator
[101.443s] [ 37%] [32m[1mLinking CXX shared library libgazebo_ros_video.so[0m
[102.184s] [ 37%] Built target gazebo_ros_video
[111.988s] [ 38%] [32m[1mLinking CXX shared library libgazebo_ros_depth_camera.so[0m
[112.496s] [ 38%] Built target gazebo_ros_depth_camera
[112.519s] [35m[1mScanning dependencies of target gazebo_ros_harness[0m
[112.585s] [ 39%] [32mBuilding CXX object CMakeFiles/gazebo_ros_harness.dir/src/gazebo_ros_harness.cpp.o[0m
[120.302s] [ 40%] [32m[1mLinking CXX shared library libgazebo_ros_harness.so[0m
[120.671s] [ 40%] Built target gazebo_ros_harness
[120.698s] [35m[1mScanning dependencies of target gazebo_ros_ft_sensor[0m
[120.771s] [ 42%] [32mBuilding CXX object CMakeFiles/gazebo_ros_ft_sensor.dir/src/gazebo_ros_ft_sensor.cpp.o[0m
[127.999s] [ 43%] [32m[1mLinking CXX shared library libgazebo_ros_ft_sensor.so[0m
[128.343s] [ 43%] Built target gazebo_ros_ft_sensor
[128.366s] [35m[1mScanning dependencies of target gazebo_ros_tricycle_drive[0m
[128.451s] [ 44%] [32mBuilding CXX object CMakeFiles/gazebo_ros_tricycle_drive.dir/src/gazebo_ros_tricycle_drive.cpp.o[0m
[138.141s] [ 45%] [32m[1mLinking CXX shared library libgazebo_ros_tricycle_drive.so[0m
[138.459s] [ 47%] Built target gtest
[138.482s] [35m[1mScanning dependencies of target gazebo_ros_p3d[0m
[138.565s] [ 48%] [32mBuilding CXX object CMakeFiles/gazebo_ros_p3d.dir/src/gazebo_ros_p3d.cpp.o[0m
[138.726s] [ 48%] Built target gazebo_ros_tricycle_drive
[138.758s] [ 51%] Built target gtest_main
[138.781s] [35m[1mScanning dependencies of target gazebo_ros_multi_camera[0m
[138.868s] [ 52%] [32mBuilding CXX object CMakeFiles/gazebo_ros_multi_camera.dir/src/gazebo_ros_multi_camera.cpp.o[0m
[140.865s] [35m[1mScanning dependencies of target test_gazebo_ros_force[0m
[140.993s] [ 53%] [32mBuilding CXX object test/CMakeFiles/test_gazebo_ros_force.dir/test_gazebo_ros_force.cpp.o[0m
[143.074s] [35m[1mScanning dependencies of target test_gazebo_ros_vacuum_gripper[0m
[143.394s] [ 54%] [32mBuilding CXX object test/CMakeFiles/test_gazebo_ros_vacuum_gripper.dir/test_gazebo_ros_vacuum_gripper.cpp.o[0m
[151.135s] [ 55%] [32m[1mLinking CXX shared library libgazebo_ros_p3d.so[0m
[152.085s] [ 55%] Built target gazebo_ros_p3d
[160.457s] [ 56%] [32m[1mLinking CXX shared library libgazebo_ros_multi_camera.so[0m
[161.309s] [ 56%] Built target gazebo_ros_multi_camera
[162.495s] [ 57%] [32m[1mLinking CXX executable test_gazebo_ros_force[0m
[164.365s] [ 57%] Built target test_gazebo_ros_force
[165.227s] [ 59%] [32m[1mLinking CXX executable test_gazebo_ros_vacuum_gripper[0m
[167.092s] [ 59%] Built target test_gazebo_ros_vacuum_gripper
[167.124s] [35m[1mScanning dependencies of target test_gazebo_ros_diff_drive[0m
[167.221s] [ 60%] [32mBuilding CXX object test/CMakeFiles/test_gazebo_ros_diff_drive.dir/test_gazebo_ros_diff_drive.cpp.o[0m
[179.228s] [35m[1mScanning dependencies of target test_gazebo_ros_ackermann_drive[0m
[179.323s] [ 61%] [32mBuilding CXX object test/CMakeFiles/test_gazebo_ros_ackermann_drive.dir/test_gazebo_ros_ackermann_drive.cpp.o[0m
[180.366s] [35m[1mScanning dependencies of target test_gazebo_ros_elevator[0m
[180.515s] [35m[1mScanning dependencies of target test_gazebo_ros_ft_sensor[0m
[180.522s] [ 62%] [32mBuilding CXX object test/CMakeFiles/test_gazebo_ros_elevator.dir/test_gazebo_ros_elevator.cpp.o[0m
[180.748s] [ 63%] [32mBuilding CXX object test/CMakeFiles/test_gazebo_ros_ft_sensor.dir/test_gazebo_ros_ft_sensor.cpp.o[0m
[181.726s] [35m[1mScanning dependencies of target gazebo_ros_hand_of_god[0m
[181.911s] [ 64%] [32mBuilding CXX object CMakeFiles/gazebo_ros_hand_of_god.dir/src/gazebo_ros_hand_of_god.cpp.o[0m
[182.912s] [35m[1mScanning dependencies of target gazebo_ros_force[0m
[183.082s] [ 65%] [32mBuilding CXX object CMakeFiles/gazebo_ros_force.dir/src/gazebo_ros_force.cpp.o[0m
[187.623s] [ 67%] [32m[1mLinking CXX executable test_gazebo_ros_diff_drive[0m
[191.960s] [ 67%] Built target test_gazebo_ros_diff_drive
[200.038s] [ 68%] [32m[1mLinking CXX shared library libgazebo_ros_force.so[0m
[201.196s] [ 68%] Built target gazebo_ros_force
[202.133s] [ 69%] [32m[1mLinking CXX shared library libgazebo_ros_hand_of_god.so[0m
[203.115s] [ 69%] Built target gazebo_ros_hand_of_god
[208.580s] [ 70%] [32m[1mLinking CXX executable test_gazebo_ros_elevator[0m
[210.192s] [ 71%] [32m[1mLinking CXX executable test_gazebo_ros_ackermann_drive[0m
[210.411s] [ 72%] [32m[1mLinking CXX executable test_gazebo_ros_ft_sensor[0m
[210.888s] [ 72%] Built target test_gazebo_ros_elevator
[212.530s] [ 72%] Built target test_gazebo_ros_ackermann_drive
[212.624s] [ 72%] Built target test_gazebo_ros_ft_sensor
[212.650s] [35m[1mScanning dependencies of target test_gazebo_ros_gps_sensor[0m
[212.744s] [ 73%] [32mBuilding CXX object test/CMakeFiles/test_gazebo_ros_gps_sensor.dir/test_gazebo_ros_gps_sensor.cpp.o[0m
[228.465s] [ 75%] [32m[1mLinking CXX executable test_gazebo_ros_gps_sensor[0m
[230.167s] [ 75%] Built target test_gazebo_ros_gps_sensor
[230.192s] [35m[1mScanning dependencies of target test_gazebo_ros_planar_move[0m
[230.290s] [ 76%] [32mBuilding CXX object test/CMakeFiles/test_gazebo_ros_planar_move.dir/test_gazebo_ros_planar_move.cpp.o[0m
[234.289s] [35m[1mScanning dependencies of target test_gazebo_ros_joint_state_publisher[0m
[234.383s] [ 77%] [32mBuilding CXX object test/CMakeFiles/test_gazebo_ros_joint_state_publisher.dir/test_gazebo_ros_joint_state_publisher.cpp.o[0m
[234.389s] [35m[1mScanning dependencies of target test_gazebo_ros_imu_sensor[0m
[234.521s] [ 78%] [32mBuilding CXX object test/CMakeFiles/test_gazebo_ros_imu_sensor.dir/test_gazebo_ros_imu_sensor.cpp.o[0m
[235.532s] [35m[1mScanning dependencies of target test_gazebo_ros_harness[0m
[235.735s] [ 79%] [32mBuilding CXX object test/CMakeFiles/test_gazebo_ros_harness.dir/test_gazebo_ros_harness.cpp.o[0m
[236.737s] [35m[1mScanning dependencies of target test_gazebo_ros_joint_pose_trajectory[0m
[236.948s] [ 80%] [32mBuilding CXX object test/CMakeFiles/test_gazebo_ros_joint_pose_trajectory.dir/test_gazebo_ros_joint_pose_trajectory.cpp.o[0m
[237.991s] [35m[1mScanning dependencies of target test_gazebo_ros_hand_of_god[0m
[238.405s] [ 81%] [32mBuilding CXX object test/CMakeFiles/test_gazebo_ros_hand_of_god.dir/test_gazebo_ros_hand_of_god.cpp.o[0m
[265.179s] [ 82%] [32m[1mLinking CXX executable test_gazebo_ros_planar_move[0m
[271.287s] [ 82%] Built target test_gazebo_ros_planar_move
[276.156s] [ 84%] [32m[1mLinking CXX executable test_gazebo_ros_imu_sensor[0m
[277.009s] [ 85%] [32m[1mLinking CXX executable test_gazebo_ros_joint_state_publisher[0m
[277.900s] [ 86%] [32m[1mLinking CXX executable test_gazebo_ros_joint_pose_trajectory[0m
[280.030s] [ 87%] [32m[1mLinking CXX executable test_gazebo_ros_hand_of_god[0m
[280.045s] [ 88%] [32m[1mLinking CXX executable test_gazebo_ros_harness[0m
[282.475s] [ 88%] Built target test_gazebo_ros_imu_sensor
[282.611s] [ 88%] Built target test_gazebo_ros_joint_pose_trajectory
[282.756s] [ 88%] Built target test_gazebo_ros_joint_state_publisher
[283.530s] [ 88%] Built target test_gazebo_ros_hand_of_god
[283.625s] [ 88%] Built target test_gazebo_ros_harness
[283.696s] [35m[1mScanning dependencies of target gazebo_ros_camera[0m
[283.824s] [ 89%] [32mBuilding CXX object CMakeFiles/gazebo_ros_camera.dir/src/gazebo_ros_camera.cpp.o[0m
[303.296s] [ 90%] [32m[1mLinking CXX shared library libgazebo_ros_camera.so[0m
[304.008s] [ 90%] Built target gazebo_ros_camera
[304.039s] [35m[1mScanning dependencies of target test_gazebo_ros_tricycle_drive[0m
[304.139s] [ 92%] [32mBuilding CXX object test/CMakeFiles/test_gazebo_ros_tricycle_drive.dir/test_gazebo_ros_tricycle_drive.cpp.o[0m
[320.867s] [ 93%] [32m[1mLinking CXX executable test_gazebo_ros_tricycle_drive[0m
[322.551s] [ 93%] Built target test_gazebo_ros_tricycle_drive
[322.578s] [35m[1mScanning dependencies of target test_gazebo_ros_ray_sensor[0m
[322.670s] [ 94%] [32mBuilding CXX object test/CMakeFiles/test_gazebo_ros_ray_sensor.dir/test_gazebo_ros_ray_sensor.cpp.o[0m
[340.079s] [ 95%] [32m[1mLinking CXX executable test_gazebo_ros_ray_sensor[0m
[341.898s] [ 95%] Built target test_gazebo_ros_ray_sensor
[341.924s] [35m[1mScanning dependencies of target test_gazebo_ros_bumper[0m
[342.012s] [ 96%] [32mBuilding CXX object test/CMakeFiles/test_gazebo_ros_bumper.dir/test_gazebo_ros_bumper.cpp.o[0m
[357.664s] [ 97%] [32m[1mLinking CXX executable test_gazebo_ros_bumper[0m
[359.701s] [ 97%] Built target test_gazebo_ros_bumper
[359.726s] [35m[1mScanning dependencies of target test_gazebo_ros_p3d[0m
[359.816s] [ 98%] [32mBuilding CXX object test/CMakeFiles/test_gazebo_ros_p3d.dir/test_gazebo_ros_p3d.cpp.o[0m
[375.603s] [100%] [32m[1mLinking CXX executable test_gazebo_ros_p3d[0m
[377.261s] [100%] Built target test_gazebo_ros_p3d
[377.286s] Invoked command in '/home/iju/S08P31C208/ROS/robot_ws/build/gazebo_plugins' returned '0': AMENT_PREFIX_PATH=/home/iju/S08P31C208/ROS/robot_ws/install/gazebo_ros:/home/iju/S08P31C208/ROS/robot_ws/install/gazebo_msgs:/home/iju/S08P31C208/ROS/robot_ws/install/gazebo_dev:${AMENT_PREFIX_PATH} CMAKE_PREFIX_PATH=/home/iju/S08P31C208/ROS/robot_ws/install/gazebo_ros:/home/iju/S08P31C208/ROS/robot_ws/install/gazebo_msgs:/home/iju/S08P31C208/ROS/robot_ws/install/gazebo_dev:/opt/ros/dashing LD_LIBRARY_PATH=/home/iju/S08P31C208/ROS/robot_ws/install/gazebo_ros/lib:/home/iju/S08P31C208/ROS/robot_ws/install/gazebo_msgs/lib:${LD_LIBRARY_PATH} PS1=\u@\h \[\033[32m\]\w\[\033[33m\]$(parse_git_branch)\[\033[00m\] $ PYTHONPATH=/home/iju/S08P31C208/ROS/robot_ws/install/gazebo_ros/lib/python3.6/site-packages:/home/iju/S08P31C208/ROS/robot_ws/install/gazebo_msgs/lib/python3.6/site-packages:${PYTHONPATH} /usr/bin/cmake --build /home/iju/S08P31C208/ROS/robot_ws/build/gazebo_plugins -- -j6 -l6
[377.429s] Invoking command in '/home/iju/S08P31C208/ROS/robot_ws/build/gazebo_plugins': AMENT_PREFIX_PATH=/home/iju/S08P31C208/ROS/robot_ws/install/gazebo_ros:/home/iju/S08P31C208/ROS/robot_ws/install/gazebo_msgs:/home/iju/S08P31C208/ROS/robot_ws/install/gazebo_dev:${AMENT_PREFIX_PATH} CMAKE_PREFIX_PATH=/home/iju/S08P31C208/ROS/robot_ws/install/gazebo_ros:/home/iju/S08P31C208/ROS/robot_ws/install/gazebo_msgs:/home/iju/S08P31C208/ROS/robot_ws/install/gazebo_dev:/opt/ros/dashing LD_LIBRARY_PATH=/home/iju/S08P31C208/ROS/robot_ws/install/gazebo_ros/lib:/home/iju/S08P31C208/ROS/robot_ws/install/gazebo_msgs/lib:${LD_LIBRARY_PATH} PS1=\u@\h \[\033[32m\]\w\[\033[33m\]$(parse_git_branch)\[\033[00m\] $ PYTHONPATH=/home/iju/S08P31C208/ROS/robot_ws/install/gazebo_ros/lib/python3.6/site-packages:/home/iju/S08P31C208/ROS/robot_ws/install/gazebo_msgs/lib/python3.6/site-packages:${PYTHONPATH} /usr/bin/cmake --build /home/iju/S08P31C208/ROS/robot_ws/build/gazebo_plugins --target install -- -j6 -l6
[377.593s] [  2%] Built target gazebo_ros_joint_pose_trajectory
[377.594s] [  4%] Built target gazebo_ros_planar_move
[377.608s] [  6%] Built target gazebo_ros_ackermann_drive
[377.644s] [  9%] Built target gazebo_ros_vacuum_gripper
[377.662s] [ 11%] Built target gazebo_ros_force
[377.680s] [ 13%] Built target gazebo_ros_hand_of_god
[377.709s] [ 15%] Built target gazebo_ros_diff_drive
[377.742s] [ 18%] Built target gazebo_ros_template
[377.755s] [ 20%] Built target gazebo_ros_logical_camera
[377.774s] [ 22%] Built target gazebo_ros_joint_state_publisher
[377.795s] [ 25%] Built target multi_camera_plugin
[377.813s] [ 27%] Built target gazebo_ros_ray_sensor
[377.854s] [ 29%] Built target gazebo_ros_elevator
[377.859s] [ 31%] Built target gazebo_ros_depth_camera
[377.880s] [ 34%] Built target gazebo_ros_imu_sensor
[377.910s] [ 36%] Built target gazebo_ros_gps_sensor
[377.914s] [ 38%] Built target gazebo_ros_video
[377.965s] [ 40%] Built target gazebo_ros_multi_camera
[377.967s] [ 43%] Built target gazebo_ros_harness
[377.978s] [ 45%] Built target gazebo_ros_p3d
[378.028s] [ 47%] Built target gazebo_ros_ft_sensor
[378.035s] [ 50%] Built target gtest
[378.039s] [ 52%] Built target gazebo_ros_tricycle_drive
[378.082s] [ 54%] Built target gtest_main
[378.094s] [ 56%] Built target gazebo_ros_camera
[378.109s] [ 59%] Built target gazebo_ros_bumper
[378.157s] [ 61%] Built target test_gazebo_ros_ft_sensor
[378.159s] [ 63%] Built target gazebo_ros_projector
[378.205s] [ 65%] Built target test_gazebo_ros_elevator
[378.217s] [ 68%] Built target test_gazebo_ros_diff_drive
[378.221s] [ 70%] Built target test_gazebo_ros_ackermann_drive
[378.276s] [ 72%] Built target test_gazebo_ros_hand_of_god
[378.281s] [ 75%] Built target test_gazebo_ros_harness
[378.297s] [ 77%] Built target test_gazebo_ros_joint_pose_trajectory
[378.346s] [ 79%] Built target test_gazebo_ros_imu_sensor
[378.370s] [ 81%] Built target test_gazebo_ros_gps_sensor
[378.389s] [ 84%] Built target test_gazebo_ros_force
[378.390s] [ 86%] Built target test_gazebo_ros_planar_move
[378.440s] [ 88%] Built target test_gazebo_ros_joint_state_publisher
[378.461s] [ 90%] Built target test_gazebo_ros_p3d
[378.462s] [ 93%] Built target test_gazebo_ros_vacuum_gripper
[378.477s] [ 95%] Built target test_gazebo_ros_ray_sensor
[378.494s] [ 97%] Built target test_gazebo_ros_bumper
[378.511s] [100%] Built target test_gazebo_ros_tricycle_drive
[378.536s] [36mInstall the project...[0m
[378.547s] -- Install configuration: ""
[378.548s] -- Execute custom install script
[378.548s] -- Up-to-date symlink: /home/iju/S08P31C208/ROS/robot_ws/install/gazebo_plugins/share/gazebo_plugins/environment/library_path.sh
[378.549s] -- Up-to-date symlink: /home/iju/S08P31C208/ROS/robot_ws/install/gazebo_plugins/share/gazebo_plugins/environment/gazebo_plugins.sh
[378.549s] -- Up-to-date symlink: /home/iju/S08P31C208/ROS/robot_ws/install/gazebo_plugins/share/ament_index/resource_index/package_run_dependencies/gazebo_plugins
[378.550s] -- Up-to-date symlink: /home/iju/S08P31C208/ROS/robot_ws/install/gazebo_plugins/share/ament_index/resource_index/parent_prefix_path/gazebo_plugins
[378.550s] -- Up-to-date symlink: /home/iju/S08P31C208/ROS/robot_ws/install/gazebo_plugins/share/gazebo_plugins/environment/ament_prefix_path.sh
[378.550s] -- Up-to-date symlink: /home/iju/S08P31C208/ROS/robot_ws/install/gazebo_plugins/share/gazebo_plugins/environment/path.sh
[378.551s] -- Up-to-date symlink: /home/iju/S08P31C208/ROS/robot_ws/install/gazebo_plugins/share/gazebo_plugins/local_setup.bash
[378.551s] -- Up-to-date symlink: /home/iju/S08P31C208/ROS/robot_ws/install/gazebo_plugins/share/gazebo_plugins/local_setup.sh
[378.551s] -- Up-to-date symlink: /home/iju/S08P31C208/ROS/robot_ws/install/gazebo_plugins/share/gazebo_plugins/local_setup.zsh
[378.552s] -- Up-to-date symlink: /home/iju/S08P31C208/ROS/robot_ws/install/gazebo_plugins/share/ament_index/resource_index/packages/gazebo_plugins
[378.552s] -- Up-to-date symlink: /home/iju/S08P31C208/ROS/robot_ws/install/gazebo_plugins/share/gazebo_plugins/cmake/ament_cmake_export_libraries-extras.cmake
[378.552s] -- Up-to-date symlink: /home/iju/S08P31C208/ROS/robot_ws/install/gazebo_plugins/share/gazebo_plugins/cmake/ament_cmake_export_include_directories-extras.cmake
[378.553s] -- Up-to-date symlink: /home/iju/S08P31C208/ROS/robot_ws/install/gazebo_plugins/share/gazebo_plugins/cmake/ament_cmake_export_dependencies-extras.cmake
[378.553s] -- Up-to-date symlink: /home/iju/S08P31C208/ROS/robot_ws/install/gazebo_plugins/share/gazebo_plugins/cmake/gazebo_pluginsConfig.cmake
[378.553s] -- Up-to-date symlink: /home/iju/S08P31C208/ROS/robot_ws/install/gazebo_plugins/share/gazebo_plugins/cmake/gazebo_pluginsConfig-version.cmake
[378.553s] -- Up-to-date symlink: /home/iju/S08P31C208/ROS/robot_ws/install/gazebo_plugins/share/gazebo_plugins/package.xml
[378.554s] -- Up-to-date symlink: /home/iju/S08P31C208/ROS/robot_ws/install/gazebo_plugins/include/gazebo_plugins/gazebo_ros_ackermann_drive.hpp
[378.555s] -- Up-to-date symlink: /home/iju/S08P31C208/ROS/robot_ws/install/gazebo_plugins/include/gazebo_plugins/gazebo_ros_bumper.hpp
[378.555s] -- Up-to-date symlink: /home/iju/S08P31C208/ROS/robot_ws/install/gazebo_plugins/include/gazebo_plugins/gazebo_ros_camera.hpp
[378.555s] -- Up-to-date symlink: /home/iju/S08P31C208/ROS/robot_ws/install/gazebo_plugins/include/gazebo_plugins/gazebo_ros_diff_drive.hpp
[378.555s] -- Up-to-date symlink: /home/iju/S08P31C208/ROS/robot_ws/install/gazebo_plugins/include/gazebo_plugins/gazebo_ros_elevator.hpp
[378.555s] -- Up-to-date symlink: /home/iju/S08P31C208/ROS/robot_ws/install/gazebo_plugins/include/gazebo_plugins/gazebo_ros_force.hpp
[378.556s] -- Up-to-date symlink: /home/iju/S08P31C208/ROS/robot_ws/install/gazebo_plugins/include/gazebo_plugins/gazebo_ros_ft_sensor.hpp
[378.556s] -- Up-to-date symlink: /home/iju/S08P31C208/ROS/robot_ws/install/gazebo_plugins/include/gazebo_plugins/gazebo_ros_gps_sensor.hpp
[378.556s] -- Up-to-date symlink: /home/iju/S08P31C208/ROS/robot_ws/install/gazebo_plugins/include/gazebo_plugins/gazebo_ros_hand_of_god.hpp
[378.557s] -- Up-to-date symlink: /home/iju/S08P31C208/ROS/robot_ws/install/gazebo_plugins/include/gazebo_plugins/gazebo_ros_harness.hpp
[378.557s] -- Up-to-date symlink: /home/iju/S08P31C208/ROS/robot_ws/install/gazebo_plugins/include/gazebo_plugins/gazebo_ros_imu_sensor.hpp
[378.557s] -- Up-to-date symlink: /home/iju/S08P31C208/ROS/robot_ws/install/gazebo_plugins/include/gazebo_plugins/gazebo_ros_joint_pose_trajectory.hpp
[378.557s] -- Up-to-date symlink: /home/iju/S08P31C208/ROS/robot_ws/install/gazebo_plugins/include/gazebo_plugins/gazebo_ros_joint_state_publisher.hpp
[378.558s] -- Up-to-date symlink: /home/iju/S08P31C208/ROS/robot_ws/install/gazebo_plugins/include/gazebo_plugins/gazebo_ros_logical_camera.hpp
[378.558s] -- Up-to-date symlink: /home/iju/S08P31C208/ROS/robot_ws/install/gazebo_plugins/include/gazebo_plugins/gazebo_ros_p3d.hpp
[378.558s] -- Up-to-date symlink: /home/iju/S08P31C208/ROS/robot_ws/install/gazebo_plugins/include/gazebo_plugins/gazebo_ros_planar_move.hpp
[378.558s] -- Up-to-date symlink: /home/iju/S08P31C208/ROS/robot_ws/install/gazebo_plugins/include/gazebo_plugins/gazebo_ros_projector.hpp
[378.558s] -- Up-to-date symlink: /home/iju/S08P31C208/ROS/robot_ws/install/gazebo_plugins/include/gazebo_plugins/gazebo_ros_ray_sensor.hpp
[378.559s] -- Up-to-date symlink: /home/iju/S08P31C208/ROS/robot_ws/install/gazebo_plugins/include/gazebo_plugins/gazebo_ros_template.hpp
[378.559s] -- Up-to-date symlink: /home/iju/S08P31C208/ROS/robot_ws/install/gazebo_plugins/include/gazebo_plugins/gazebo_ros_tricycle_drive.hpp
[378.559s] -- Up-to-date symlink: /home/iju/S08P31C208/ROS/robot_ws/install/gazebo_plugins/include/gazebo_plugins/gazebo_ros_vacuum_gripper.hpp
[378.559s] -- Up-to-date symlink: /home/iju/S08P31C208/ROS/robot_ws/install/gazebo_plugins/include/gazebo_plugins/gazebo_ros_video.hpp
[378.559s] -- Up-to-date symlink: /home/iju/S08P31C208/ROS/robot_ws/install/gazebo_plugins/include/gazebo_plugins/multi_camera_plugin.hpp
[378.560s] -- Up-to-date symlink: /home/iju/S08P31C208/ROS/robot_ws/install/gazebo_plugins/lib/libgazebo_ros_ackermann_drive.so
[378.561s] -- Up-to-date symlink: /home/iju/S08P31C208/ROS/robot_ws/install/gazebo_plugins/lib/libgazebo_ros_bumper.so
[378.561s] -- Up-to-date symlink: /home/iju/S08P31C208/ROS/robot_ws/install/gazebo_plugins/lib/libgazebo_ros_camera.so
[378.561s] -- Up-to-date symlink: /home/iju/S08P31C208/ROS/robot_ws/install/gazebo_plugins/lib/libgazebo_ros_depth_camera.so
[378.561s] -- Up-to-date symlink: /home/iju/S08P31C208/ROS/robot_ws/install/gazebo_plugins/lib/libgazebo_ros_diff_drive.so
[378.562s] -- Up-to-date symlink: /home/iju/S08P31C208/ROS/robot_ws/install/gazebo_plugins/lib/libgazebo_ros_elevator.so
[378.562s] -- Up-to-date symlink: /home/iju/S08P31C208/ROS/robot_ws/install/gazebo_plugins/lib/libgazebo_ros_force.so
[378.562s] -- Up-to-date symlink: /home/iju/S08P31C208/ROS/robot_ws/install/gazebo_plugins/lib/libgazebo_ros_ft_sensor.so
[378.562s] -- Up-to-date symlink: /home/iju/S08P31C208/ROS/robot_ws/install/gazebo_plugins/lib/libgazebo_ros_hand_of_god.so
[378.563s] -- Up-to-date symlink: /home/iju/S08P31C208/ROS/robot_ws/install/gazebo_plugins/lib/libgazebo_ros_harness.so
[378.564s] -- Up-to-date symlink: /home/iju/S08P31C208/ROS/robot_ws/install/gazebo_plugins/lib/libgazebo_ros_imu_sensor.so
[378.564s] -- Up-to-date symlink: /home/iju/S08P31C208/ROS/robot_ws/install/gazebo_plugins/lib/libgazebo_ros_gps_sensor.so
[378.564s] -- Up-to-date symlink: /home/iju/S08P31C208/ROS/robot_ws/install/gazebo_plugins/lib/libgazebo_ros_joint_pose_trajectory.so
[378.564s] -- Up-to-date symlink: /home/iju/S08P31C208/ROS/robot_ws/install/gazebo_plugins/lib/libgazebo_ros_joint_state_publisher.so
[378.565s] -- Up-to-date symlink: /home/iju/S08P31C208/ROS/robot_ws/install/gazebo_plugins/lib/libgazebo_ros_logical_camera.so
[378.565s] -- Up-to-date symlink: /home/iju/S08P31C208/ROS/robot_ws/install/gazebo_plugins/lib/libgazebo_ros_multi_camera.so
[378.565s] -- Up-to-date symlink: /home/iju/S08P31C208/ROS/robot_ws/install/gazebo_plugins/lib/libgazebo_ros_planar_move.so
[378.565s] -- Up-to-date symlink: /home/iju/S08P31C208/ROS/robot_ws/install/gazebo_plugins/lib/libgazebo_ros_projector.so
[378.566s] -- Up-to-date symlink: /home/iju/S08P31C208/ROS/robot_ws/install/gazebo_plugins/lib/libgazebo_ros_ray_sensor.so
[378.566s] -- Up-to-date symlink: /home/iju/S08P31C208/ROS/robot_ws/install/gazebo_plugins/lib/libgazebo_ros_p3d.so
[378.566s] -- Up-to-date symlink: /home/iju/S08P31C208/ROS/robot_ws/install/gazebo_plugins/lib/libgazebo_ros_template.so
[378.566s] -- Up-to-date symlink: /home/iju/S08P31C208/ROS/robot_ws/install/gazebo_plugins/lib/libgazebo_ros_tricycle_drive.so
[378.567s] -- Up-to-date symlink: /home/iju/S08P31C208/ROS/robot_ws/install/gazebo_plugins/lib/libgazebo_ros_vacuum_gripper.so
[378.567s] -- Up-to-date symlink: /home/iju/S08P31C208/ROS/robot_ws/install/gazebo_plugins/lib/libgazebo_ros_video.so
[378.567s] -- Up-to-date symlink: /home/iju/S08P31C208/ROS/robot_ws/install/gazebo_plugins/lib/libmulti_camera_plugin.so
[378.568s] -- Up-to-date symlink: /home/iju/S08P31C208/ROS/robot_ws/install/gazebo_plugins/share/gazebo_plugins//worlds/gazebo_ros_ackermann_drive_demo.world
[378.568s] -- Up-to-date symlink: /home/iju/S08P31C208/ROS/robot_ws/install/gazebo_plugins/share/gazebo_plugins//worlds/gazebo_ros_bumper_demo.world
[378.569s] -- Up-to-date symlink: /home/iju/S08P31C208/ROS/robot_ws/install/gazebo_plugins/share/gazebo_plugins//worlds/gazebo_ros_camera_demo.world
[378.569s] -- Up-to-date symlink: /home/iju/S08P31C208/ROS/robot_ws/install/gazebo_plugins/share/gazebo_plugins//worlds/gazebo_ros_camera_distortion_barrel_demo.world
[378.569s] -- Up-to-date symlink: /home/iju/S08P31C208/ROS/robot_ws/install/gazebo_plugins/share/gazebo_plugins//worlds/gazebo_ros_camera_distortion_pincushion_demo.world
[378.569s] -- Up-to-date symlink: /home/iju/S08P31C208/ROS/robot_ws/install/gazebo_plugins/share/gazebo_plugins//worlds/gazebo_ros_camera_triggered_demo.world
[378.569s] -- Up-to-date symlink: /home/iju/S08P31C208/ROS/robot_ws/install/gazebo_plugins/share/gazebo_plugins//worlds/gazebo_ros_depth_camera_demo.world
[378.570s] -- Up-to-date symlink: /home/iju/S08P31C208/ROS/robot_ws/install/gazebo_plugins/share/gazebo_plugins//worlds/gazebo_ros_diff_drive_demo.world
[378.570s] -- Up-to-date symlink: /home/iju/S08P31C208/ROS/robot_ws/install/gazebo_plugins/share/gazebo_plugins//worlds/gazebo_ros_elevator_demo.world
[378.570s] -- Up-to-date symlink: /home/iju/S08P31C208/ROS/robot_ws/install/gazebo_plugins/share/gazebo_plugins//worlds/gazebo_ros_force_demo.world
[378.570s] -- Up-to-date symlink: /home/iju/S08P31C208/ROS/robot_ws/install/gazebo_plugins/share/gazebo_plugins//worlds/gazebo_ros_ft_sensor_demo.world
[378.571s] -- Up-to-date symlink: /home/iju/S08P31C208/ROS/robot_ws/install/gazebo_plugins/share/gazebo_plugins//worlds/gazebo_ros_gps_sensor_demo.world
[378.571s] -- Up-to-date symlink: /home/iju/S08P31C208/ROS/robot_ws/install/gazebo_plugins/share/gazebo_plugins//worlds/gazebo_ros_hand_of_god_demo.world
[378.571s] -- Up-to-date symlink: /home/iju/S08P31C208/ROS/robot_ws/install/gazebo_plugins/share/gazebo_plugins//worlds/gazebo_ros_harness_demo.world
[378.572s] -- Up-to-date symlink: /home/iju/S08P31C208/ROS/robot_ws/install/gazebo_plugins/share/gazebo_plugins//worlds/gazebo_ros_joint_pose_trajectory_demo.world
[378.572s] -- Up-to-date symlink: /home/iju/S08P31C208/ROS/robot_ws/install/gazebo_plugins/share/gazebo_plugins//worlds/gazebo_ros_joint_state_publisher_demo.world
[378.572s] -- Up-to-date symlink: /home/iju/S08P31C208/ROS/robot_ws/install/gazebo_plugins/share/gazebo_plugins//worlds/gazebo_ros_logical_camera_demo.world
[378.572s] -- Up-to-date symlink: /home/iju/S08P31C208/ROS/robot_ws/install/gazebo_plugins/share/gazebo_plugins//worlds/gazebo_ros_multi_camera_demo.world
[378.572s] -- Up-to-date symlink: /home/iju/S08P31C208/ROS/robot_ws/install/gazebo_plugins/share/gazebo_plugins//worlds/gazebo_ros_p3d_demo.world
[378.572s] -- Up-to-date symlink: /home/iju/S08P31C208/ROS/robot_ws/install/gazebo_plugins/share/gazebo_plugins//worlds/gazebo_ros_planar_move_demo.world
[378.573s] -- Up-to-date symlink: /home/iju/S08P31C208/ROS/robot_ws/install/gazebo_plugins/share/gazebo_plugins//worlds/gazebo_ros_projector_demo.world
[378.573s] -- Up-to-date symlink: /home/iju/S08P31C208/ROS/robot_ws/install/gazebo_plugins/share/gazebo_plugins//worlds/gazebo_ros_ray_sensor_demo.world
[378.573s] -- Up-to-date symlink: /home/iju/S08P31C208/ROS/robot_ws/install/gazebo_plugins/share/gazebo_plugins//worlds/gazebo_ros_skid_steer_drive_demo.world
[378.573s] -- Up-to-date symlink: /home/iju/S08P31C208/ROS/robot_ws/install/gazebo_plugins/share/gazebo_plugins//worlds/gazebo_ros_template_demo.world
[378.573s] -- Up-to-date symlink: /home/iju/S08P31C208/ROS/robot_ws/install/gazebo_plugins/share/gazebo_plugins//worlds/gazebo_ros_tricycle_drive_demo.world
[378.574s] -- Up-to-date symlink: /home/iju/S08P31C208/ROS/robot_ws/install/gazebo_plugins/share/gazebo_plugins//worlds/gazebo_ros_vacuum_gripper_demo.world
[378.574s] -- Up-to-date symlink: /home/iju/S08P31C208/ROS/robot_ws/install/gazebo_plugins/share/gazebo_plugins//worlds/gazebo_ros_video_demo.world
[378.585s] Invoked command in '/home/iju/S08P31C208/ROS/robot_ws/build/gazebo_plugins' returned '0': AMENT_PREFIX_PATH=/home/iju/S08P31C208/ROS/robot_ws/install/gazebo_ros:/home/iju/S08P31C208/ROS/robot_ws/install/gazebo_msgs:/home/iju/S08P31C208/ROS/robot_ws/install/gazebo_dev:${AMENT_PREFIX_PATH} CMAKE_PREFIX_PATH=/home/iju/S08P31C208/ROS/robot_ws/install/gazebo_ros:/home/iju/S08P31C208/ROS/robot_ws/install/gazebo_msgs:/home/iju/S08P31C208/ROS/robot_ws/install/gazebo_dev:/opt/ros/dashing LD_LIBRARY_PATH=/home/iju/S08P31C208/ROS/robot_ws/install/gazebo_ros/lib:/home/iju/S08P31C208/ROS/robot_ws/install/gazebo_msgs/lib:${LD_LIBRARY_PATH} PS1=\u@\h \[\033[32m\]\w\[\033[33m\]$(parse_git_branch)\[\033[00m\] $ PYTHONPATH=/home/iju/S08P31C208/ROS/robot_ws/install/gazebo_ros/lib/python3.6/site-packages:/home/iju/S08P31C208/ROS/robot_ws/install/gazebo_msgs/lib/python3.6/site-packages:${PYTHONPATH} /usr/bin/cmake --build /home/iju/S08P31C208/ROS/robot_ws/build/gazebo_plugins --target install -- -j6 -l6
