[0.153s] Invoking command in '/home/iju/S08P31C208/ROS/robot_ws/src/build/dynamixel_sdk': CMAKE_PREFIX_PATH=/opt/ros/dashing PS1=\u@\h \[\033[32m\]\w\[\033[33m\]$(parse_git_branch)\[\033[00m\] $ /usr/bin/cmake /home/iju/S08P31C208/ROS/robot_ws/src/DynamixelSDK/dynamixel_sdk -DAMENT_CMAKE_SYMLINK_INSTALL=1 -DCMAKE_INSTALL_PREFIX=/home/iju/S08P31C208/ROS/robot_ws/src/install/dynamixel_sdk
[0.381s] -- The C compiler identification is GNU 7.5.0
[0.557s] -- The CXX compiler identification is GNU 7.5.0
[0.569s] -- Check for working C compiler: /usr/bin/cc
[0.701s] -- Check for working C compiler: /usr/bin/cc -- works
[0.702s] -- Detecting C compiler ABI info
[0.838s] -- Detecting C compiler ABI info - done
[0.847s] -- Detecting C compile features
[1.271s] -- Detecting C compile features - done
[1.276s] -- Check for working CXX compiler: /usr/bin/c++
[1.438s] -- Check for working CXX compiler: /usr/bin/c++ -- works
[1.438s] -- Detecting CXX compiler ABI info
[1.612s] -- Detecting CXX compiler ABI info - done
[1.613s] -- Detecting CXX compile features
[2.224s] -- Detecting CXX compile features - done
[2.228s] -- Found ament_cmake: 0.7.6 (/opt/ros/dashing/share/ament_cmake/cmake)
[2.284s] -- Found PythonInterp: /usr/bin/python3 (found suitable version "3.6.9", minimum required is "3") 
[2.284s] -- Using PYTHON_EXECUTABLE: /usr/bin/python3
[2.706s] -- Override CMake install command with custom implementation using symlinks instead of copying resources
[2.961s] -- Configuring done
[2.973s] -- Generating done
[2.974s] -- Build files have been written to: /home/iju/S08P31C208/ROS/robot_ws/src/build/dynamixel_sdk
[2.978s] Invoked command in '/home/iju/S08P31C208/ROS/robot_ws/src/build/dynamixel_sdk' returned '0': CMAKE_PREFIX_PATH=/opt/ros/dashing PS1=\u@\h \[\033[32m\]\w\[\033[33m\]$(parse_git_branch)\[\033[00m\] $ /usr/bin/cmake /home/iju/S08P31C208/ROS/robot_ws/src/DynamixelSDK/dynamixel_sdk -DAMENT_CMAKE_SYMLINK_INSTALL=1 -DCMAKE_INSTALL_PREFIX=/home/iju/S08P31C208/ROS/robot_ws/src/install/dynamixel_sdk
[2.985s] Invoking command in '/home/iju/S08P31C208/ROS/robot_ws/src/build/dynamixel_sdk': CMAKE_PREFIX_PATH=/opt/ros/dashing PS1=\u@\h \[\033[32m\]\w\[\033[33m\]$(parse_git_branch)\[\033[00m\] $ /usr/bin/cmake --build /home/iju/S08P31C208/ROS/robot_ws/src/build/dynamixel_sdk -- -j6 -l6
[3.068s] [35m[1mScanning dependencies of target dynamixel_sdk[0m
[3.120s] [ 10%] [32mBuilding CXX object CMakeFiles/dynamixel_sdk.dir/src/dynamixel_sdk/protocol2_packet_handler.cpp.o[0m
[3.123s] [ 20%] [32mBuilding CXX object CMakeFiles/dynamixel_sdk.dir/src/dynamixel_sdk/packet_handler.cpp.o[0m
[3.129s] [ 30%] [32mBuilding CXX object CMakeFiles/dynamixel_sdk.dir/src/dynamixel_sdk/group_bulk_read.cpp.o[0m
[3.131s] [ 40%] [32mBuilding CXX object CMakeFiles/dynamixel_sdk.dir/src/dynamixel_sdk/group_sync_read.cpp.o[0m
[3.161s] [ 50%] [32mBuilding CXX object CMakeFiles/dynamixel_sdk.dir/src/dynamixel_sdk/protocol1_packet_handler.cpp.o[0m
[3.167s] [ 60%] [32mBuilding CXX object CMakeFiles/dynamixel_sdk.dir/src/dynamixel_sdk/group_sync_write.cpp.o[0m
[3.521s] [ 70%] [32mBuilding CXX object CMakeFiles/dynamixel_sdk.dir/src/dynamixel_sdk/group_bulk_write.cpp.o[0m
[3.906s] [ 80%] [32mBuilding CXX object CMakeFiles/dynamixel_sdk.dir/src/dynamixel_sdk/port_handler.cpp.o[0m
[3.909s] [ 90%] [32mBuilding CXX object CMakeFiles/dynamixel_sdk.dir/src/dynamixel_sdk/port_handler_linux.cpp.o[0m
[4.687s] [100%] [32m[1mLinking CXX shared library libdynamixel_sdk.so[0m
[4.849s] [100%] Built target dynamixel_sdk
[5.006s] Invoked command in '/home/iju/S08P31C208/ROS/robot_ws/src/build/dynamixel_sdk' returned '0': CMAKE_PREFIX_PATH=/opt/ros/dashing PS1=\u@\h \[\033[32m\]\w\[\033[33m\]$(parse_git_branch)\[\033[00m\] $ /usr/bin/cmake --build /home/iju/S08P31C208/ROS/robot_ws/src/build/dynamixel_sdk -- -j6 -l6
[5.100s] Invoking command in '/home/iju/S08P31C208/ROS/robot_ws/src/build/dynamixel_sdk': CMAKE_PREFIX_PATH=/opt/ros/dashing PS1=\u@\h \[\033[32m\]\w\[\033[33m\]$(parse_git_branch)\[\033[00m\] $ /usr/bin/cmake --build /home/iju/S08P31C208/ROS/robot_ws/src/build/dynamixel_sdk --target install -- -j6 -l6
[5.211s] [100%] Built target dynamixel_sdk
[5.251s] [36mInstall the project...[0m
[5.267s] -- Install configuration: ""
[5.267s] -- Execute custom install script
[5.269s] -- Symlinking: /home/iju/S08P31C208/ROS/robot_ws/src/install/dynamixel_sdk/include//dynamixel_sdk/dynamixel_sdk.h
[5.286s] -- Symlinking: /home/iju/S08P31C208/ROS/robot_ws/src/install/dynamixel_sdk/include//dynamixel_sdk/group_bulk_read.h
[5.304s] -- Symlinking: /home/iju/S08P31C208/ROS/robot_ws/src/install/dynamixel_sdk/include//dynamixel_sdk/group_bulk_write.h
[5.320s] -- Symlinking: /home/iju/S08P31C208/ROS/robot_ws/src/install/dynamixel_sdk/include//dynamixel_sdk/group_sync_read.h
[5.337s] -- Symlinking: /home/iju/S08P31C208/ROS/robot_ws/src/install/dynamixel_sdk/include//dynamixel_sdk/group_sync_write.h
[5.353s] -- Symlinking: /home/iju/S08P31C208/ROS/robot_ws/src/install/dynamixel_sdk/include//dynamixel_sdk/packet_handler.h
[5.370s] -- Symlinking: /home/iju/S08P31C208/ROS/robot_ws/src/install/dynamixel_sdk/include//dynamixel_sdk/port_handler.h
[5.386s] -- Symlinking: /home/iju/S08P31C208/ROS/robot_ws/src/install/dynamixel_sdk/include//dynamixel_sdk/port_handler_arduino.h
[5.406s] -- Symlinking: /home/iju/S08P31C208/ROS/robot_ws/src/install/dynamixel_sdk/include//dynamixel_sdk/port_handler_linux.h
[5.423s] -- Symlinking: /home/iju/S08P31C208/ROS/robot_ws/src/install/dynamixel_sdk/include//dynamixel_sdk/port_handler_mac.h
[5.441s] -- Symlinking: /home/iju/S08P31C208/ROS/robot_ws/src/install/dynamixel_sdk/include//dynamixel_sdk/port_handler_windows.h
[5.459s] -- Symlinking: /home/iju/S08P31C208/ROS/robot_ws/src/install/dynamixel_sdk/include//dynamixel_sdk/protocol1_packet_handler.h
[5.478s] -- Symlinking: /home/iju/S08P31C208/ROS/robot_ws/src/install/dynamixel_sdk/include//dynamixel_sdk/protocol2_packet_handler.h
[5.497s] -- Symlinking: /home/iju/S08P31C208/ROS/robot_ws/src/install/dynamixel_sdk/lib/libdynamixel_sdk.so
[5.514s] -- Symlinking: /home/iju/S08P31C208/ROS/robot_ws/src/install/dynamixel_sdk/share/dynamixel_sdk/environment/library_path.sh
[5.531s] -- Symlinking: /home/iju/S08P31C208/ROS/robot_ws/src/install/dynamixel_sdk/share/ament_index/resource_index/package_run_dependencies/dynamixel_sdk
[5.550s] -- Symlinking: /home/iju/S08P31C208/ROS/robot_ws/src/install/dynamixel_sdk/share/ament_index/resource_index/parent_prefix_path/dynamixel_sdk
[5.582s] -- Symlinking: /home/iju/S08P31C208/ROS/robot_ws/src/install/dynamixel_sdk/share/dynamixel_sdk/environment/ament_prefix_path.sh
[5.610s] -- Symlinking: /home/iju/S08P31C208/ROS/robot_ws/src/install/dynamixel_sdk/share/dynamixel_sdk/environment/path.sh
[5.628s] -- Symlinking: /home/iju/S08P31C208/ROS/robot_ws/src/install/dynamixel_sdk/share/dynamixel_sdk/local_setup.bash
[5.645s] -- Symlinking: /home/iju/S08P31C208/ROS/robot_ws/src/install/dynamixel_sdk/share/dynamixel_sdk/local_setup.sh
[5.661s] -- Symlinking: /home/iju/S08P31C208/ROS/robot_ws/src/install/dynamixel_sdk/share/dynamixel_sdk/local_setup.zsh
[5.680s] -- Symlinking: /home/iju/S08P31C208/ROS/robot_ws/src/install/dynamixel_sdk/share/ament_index/resource_index/packages/dynamixel_sdk
[5.699s] -- Symlinking: /home/iju/S08P31C208/ROS/robot_ws/src/install/dynamixel_sdk/share/dynamixel_sdk/cmake/ament_cmake_export_include_directories-extras.cmake
[5.723s] -- Symlinking: /home/iju/S08P31C208/ROS/robot_ws/src/install/dynamixel_sdk/share/dynamixel_sdk/cmake/ament_cmake_export_libraries-extras.cmake
[5.741s] -- Symlinking: /home/iju/S08P31C208/ROS/robot_ws/src/install/dynamixel_sdk/share/dynamixel_sdk/cmake/dynamixel_sdkConfig.cmake
[5.758s] -- Symlinking: /home/iju/S08P31C208/ROS/robot_ws/src/install/dynamixel_sdk/share/dynamixel_sdk/cmake/dynamixel_sdkConfig-version.cmake
[5.777s] -- Symlinking: /home/iju/S08P31C208/ROS/robot_ws/src/install/dynamixel_sdk/share/dynamixel_sdk/package.xml
[5.803s] Invoked command in '/home/iju/S08P31C208/ROS/robot_ws/src/build/dynamixel_sdk' returned '0': CMAKE_PREFIX_PATH=/opt/ros/dashing PS1=\u@\h \[\033[32m\]\w\[\033[33m\]$(parse_git_branch)\[\033[00m\] $ /usr/bin/cmake --build /home/iju/S08P31C208/ROS/robot_ws/src/build/dynamixel_sdk --target install -- -j6 -l6
