-- Found builtin_interfaces: 0.7.4 (/opt/ros/dashing/share/builtin_interfaces/cmake)
-- Found PythonInterp: /usr/bin/python3 (found suitable version "3.6.9", minimum required is "3") 
-- Using PYTHON_EXECUTABLE: /usr/bin/python3
-- Override CMake install command with custom implementation using symlinks instead of copying resources
-- Found rosidl_adapter: 0.7.10 (/opt/ros/dashing/share/rosidl_adapter/cmake)
-- Found geometry_msgs: 0.7.1 (/opt/ros/dashing/share/geometry_msgs/cmake)
-- Found nav_2d_msgs: 0.2.6 (/home/iju/S08P31C208/ROS/robot_ws/install/nav_2d_msgs/share/nav_2d_msgs/cmake)
-- Found nav_msgs: 0.7.1 (/opt/ros/dashing/share/nav_msgs/cmake)
-- Found rosidl_default_generators: 0.7.0 (/opt/ros/dashing/share/rosidl_default_generators/cmake)
-- Found PythonInterp: /usr/bin/python3 (found version "3.6.9") 
-- Using all available rosidl_typesupport_c: rosidl_typesupport_fastrtps_c;rosidl_typesupport_introspection_c
-- Using all available rosidl_typesupport_cpp: rosidl_typesupport_fastrtps_cpp;rosidl_typesupport_introspection_cpp
-- Found rmw_implementation_cmake: 0.7.2 (/opt/ros/dashing/share/rmw_implementation_cmake/cmake)
-- Found PythonInterp: /usr/bin/python3 (found suitable version "3.6.9", minimum required is "3.5") 
-- Found python_cmake_module: 0.7.11 (/opt/ros/dashing/share/python_cmake_module/cmake)
-- Using PYTHON_EXECUTABLE: /usr/bin/python3
-- Using PYTHON_INCLUDE_DIRS: /usr/include/python3.6m
-- Using PYTHON_LIBRARIES: /usr/lib/x86_64-linux-gnu/libpython3.6m.so
-- Configuring done
-- Generating done
-- Build files have been written to: /home/iju/S08P31C208/ROS/robot_ws/build/dwb_msgs
[  1%] [32m[1mLinking C shared library libdwb_msgs__rosidl_generator_c.so[0m
[ 11%] Built target dwb_msgs__rosidl_generator_c
[ 12%] Built target dwb_msgs__cpp
[ 13%] [32m[1mLinking C shared library libdwb_msgs__rosidl_typesupport_introspection_c.so[0m
[ 24%] Built target dwb_msgs__rosidl_typesupport_introspection_c
[ 25%] [32m[1mLinking CXX shared library libdwb_msgs__rosidl_typesupport_introspection_cpp.so[0m
[ 35%] Built target dwb_msgs__rosidl_typesupport_introspection_cpp
[ 36%] [32m[1mLinking CXX shared library libdwb_msgs__rosidl_typesupport_fastrtps_cpp.so[0m
[ 47%] Built target dwb_msgs__rosidl_typesupport_fastrtps_cpp
[ 48%] [32m[1mLinking CXX shared library libdwb_msgs__rosidl_typesupport_cpp.so[0m
[ 58%] Built target dwb_msgs__rosidl_typesupport_cpp
[ 60%] [32m[1mLinking CXX shared library libdwb_msgs__rosidl_typesupport_fastrtps_c.so[0m
[ 70%] Built target dwb_msgs__rosidl_typesupport_fastrtps_c
[ 71%] [32m[1mLinking CXX shared library libdwb_msgs__rosidl_typesupport_c.so[0m
[ 82%] Built target dwb_msgs__rosidl_typesupport_c
[ 82%] Built target dwb_msgs
[ 83%] Built target dwb_msgs__py
[ 84%] [32m[1mLinking C shared library rosidl_generator_py/dwb_msgs/libdwb_msgs__python.so[0m
[ 93%] Built target dwb_msgs__python
[ 94%] [32m[1mLinking C shared library rosidl_generator_py/dwb_msgs/dwb_msgs_s__rosidl_typesupport_fastrtps_c.cpython-36m-x86_64-linux-gnu.so[0m
[ 95%] Built target dwb_msgs__rosidl_typesupport_fastrtps_c__pyext
[ 96%] [32m[1mLinking C shared library rosidl_generator_py/dwb_msgs/dwb_msgs_s__rosidl_typesupport_introspection_c.cpython-36m-x86_64-linux-gnu.so[0m
[ 97%] Built target dwb_msgs__rosidl_typesupport_introspection_c__pyext
[ 98%] [32m[1mLinking C shared library rosidl_generator_py/dwb_msgs/dwb_msgs_s__rosidl_typesupport_c.cpython-36m-x86_64-linux-gnu.so[0m
[100%] Built target dwb_msgs__rosidl_typesupport_c__pyext
[ 11%] Built target dwb_msgs__rosidl_generator_c
[ 12%] Built target dwb_msgs__cpp
[ 24%] Built target dwb_msgs__rosidl_typesupport_introspection_c
[ 35%] Built target dwb_msgs__rosidl_typesupport_introspection_cpp
[ 47%] Built target dwb_msgs__rosidl_typesupport_fastrtps_cpp
[ 58%] Built target dwb_msgs__rosidl_typesupport_cpp
[ 70%] Built target dwb_msgs__rosidl_typesupport_fastrtps_c
[ 82%] Built target dwb_msgs__rosidl_typesupport_c
[ 82%] Built target dwb_msgs
[ 83%] Built target dwb_msgs__py
[ 93%] Built target dwb_msgs__python
[ 95%] Built target dwb_msgs__rosidl_typesupport_fastrtps_c__pyext
[ 97%] Built target dwb_msgs__rosidl_typesupport_introspection_c__pyext
[100%] Built target dwb_msgs__rosidl_typesupport_c__pyext
[36mInstall the project...[0m
-- Install configuration: ""
-- Execute custom install script
-- Symlinking: /home/iju/S08P31C208/ROS/robot_ws/install/dwb_msgs/share/ament_index/resource_index/rosidl_interfaces/dwb_msgs
-- Symlinking: /home/iju/S08P31C208/ROS/robot_ws/install/dwb_msgs/include/dwb_msgs/msg/critic_score.hpp
-- Symlinking: /home/iju/S08P31C208/ROS/robot_ws/install/dwb_msgs/include/dwb_msgs/msg/critic_score__struct.hpp
-- Symlinking: /home/iju/S08P31C208/ROS/robot_ws/install/dwb_msgs/include/dwb_msgs/msg/critic_score__traits.hpp
-- Symlinking: /home/iju/S08P31C208/ROS/robot_ws/install/dwb_msgs/include/dwb_msgs/msg/local_plan_evaluation.hpp
-- Symlinking: /home/iju/S08P31C208/ROS/robot_ws/install/dwb_msgs/include/dwb_msgs/msg/local_plan_evaluation__struct.hpp
-- Symlinking: /home/iju/S08P31C208/ROS/robot_ws/install/dwb_msgs/include/dwb_msgs/msg/local_plan_evaluation__traits.hpp
-- Symlinking: /home/iju/S08P31C208/ROS/robot_ws/install/dwb_msgs/include/dwb_msgs/msg/trajectory2_d.hpp
-- Symlinking: /home/iju/S08P31C208/ROS/robot_ws/install/dwb_msgs/include/dwb_msgs/msg/trajectory2_d__struct.hpp
-- Symlinking: /home/iju/S08P31C208/ROS/robot_ws/install/dwb_msgs/include/dwb_msgs/msg/trajectory2_d__traits.hpp
-- Symlinking: /home/iju/S08P31C208/ROS/robot_ws/install/dwb_msgs/include/dwb_msgs/msg/trajectory_score.hpp
-- Symlinking: /home/iju/S08P31C208/ROS/robot_ws/install/dwb_msgs/include/dwb_msgs/msg/trajectory_score__struct.hpp
-- Symlinking: /home/iju/S08P31C208/ROS/robot_ws/install/dwb_msgs/include/dwb_msgs/msg/trajectory_score__traits.hpp
-- Symlinking: /home/iju/S08P31C208/ROS/robot_ws/install/dwb_msgs/include/dwb_msgs/srv/debug_local_plan.hpp
-- Symlinking: /home/iju/S08P31C208/ROS/robot_ws/install/dwb_msgs/include/dwb_msgs/srv/debug_local_plan__struct.hpp
-- Symlinking: /home/iju/S08P31C208/ROS/robot_ws/install/dwb_msgs/include/dwb_msgs/srv/debug_local_plan__traits.hpp
-- Symlinking: /home/iju/S08P31C208/ROS/robot_ws/install/dwb_msgs/include/dwb_msgs/srv/generate_trajectory.hpp
-- Symlinking: /home/iju/S08P31C208/ROS/robot_ws/install/dwb_msgs/include/dwb_msgs/srv/generate_trajectory__struct.hpp
-- Symlinking: /home/iju/S08P31C208/ROS/robot_ws/install/dwb_msgs/include/dwb_msgs/srv/generate_trajectory__traits.hpp
-- Symlinking: /home/iju/S08P31C208/ROS/robot_ws/install/dwb_msgs/include/dwb_msgs/srv/generate_twists.hpp
-- Symlinking: /home/iju/S08P31C208/ROS/robot_ws/install/dwb_msgs/include/dwb_msgs/srv/generate_twists__struct.hpp
-- Symlinking: /home/iju/S08P31C208/ROS/robot_ws/install/dwb_msgs/include/dwb_msgs/srv/generate_twists__traits.hpp
-- Symlinking: /home/iju/S08P31C208/ROS/robot_ws/install/dwb_msgs/include/dwb_msgs/srv/get_critic_score.hpp
-- Symlinking: /home/iju/S08P31C208/ROS/robot_ws/install/dwb_msgs/include/dwb_msgs/srv/get_critic_score__struct.hpp
-- Symlinking: /home/iju/S08P31C208/ROS/robot_ws/install/dwb_msgs/include/dwb_msgs/srv/get_critic_score__traits.hpp
-- Symlinking: /home/iju/S08P31C208/ROS/robot_ws/install/dwb_msgs/include/dwb_msgs/srv/score_trajectory.hpp
-- Symlinking: /home/iju/S08P31C208/ROS/robot_ws/install/dwb_msgs/include/dwb_msgs/srv/score_trajectory__struct.hpp
-- Symlinking: /home/iju/S08P31C208/ROS/robot_ws/install/dwb_msgs/include/dwb_msgs/srv/score_trajectory__traits.hpp
-- Symlinking: /home/iju/S08P31C208/ROS/robot_ws/install/dwb_msgs/include/dwb_msgs/msg/critic_score.h
-- Symlinking: /home/iju/S08P31C208/ROS/robot_ws/install/dwb_msgs/include/dwb_msgs/msg/critic_score__functions.h
-- Symlinking: /home/iju/S08P31C208/ROS/robot_ws/install/dwb_msgs/include/dwb_msgs/msg/critic_score__struct.h
-- Symlinking: /home/iju/S08P31C208/ROS/robot_ws/install/dwb_msgs/include/dwb_msgs/msg/critic_score__type_support.h
-- Symlinking: /home/iju/S08P31C208/ROS/robot_ws/install/dwb_msgs/include/dwb_msgs/msg/local_plan_evaluation.h
-- Symlinking: /home/iju/S08P31C208/ROS/robot_ws/install/dwb_msgs/include/dwb_msgs/msg/local_plan_evaluation__functions.h
-- Symlinking: /home/iju/S08P31C208/ROS/robot_ws/install/dwb_msgs/include/dwb_msgs/msg/local_plan_evaluation__struct.h
-- Symlinking: /home/iju/S08P31C208/ROS/robot_ws/install/dwb_msgs/include/dwb_msgs/msg/local_plan_evaluation__type_support.h
-- Symlinking: /home/iju/S08P31C208/ROS/robot_ws/install/dwb_msgs/include/dwb_msgs/msg/rosidl_generator_c__visibility_control.h
-- Symlinking: /home/iju/S08P31C208/ROS/robot_ws/install/dwb_msgs/include/dwb_msgs/msg/trajectory2_d.h
-- Symlinking: /home/iju/S08P31C208/ROS/robot_ws/install/dwb_msgs/include/dwb_msgs/msg/trajectory2_d__functions.h
-- Symlinking: /home/iju/S08P31C208/ROS/robot_ws/install/dwb_msgs/include/dwb_msgs/msg/trajectory2_d__struct.h
-- Symlinking: /home/iju/S08P31C208/ROS/robot_ws/install/dwb_msgs/include/dwb_msgs/msg/trajectory2_d__type_support.h
-- Symlinking: /home/iju/S08P31C208/ROS/robot_ws/install/dwb_msgs/include/dwb_msgs/msg/trajectory_score.h
-- Symlinking: /home/iju/S08P31C208/ROS/robot_ws/install/dwb_msgs/include/dwb_msgs/msg/trajectory_score__functions.h
-- Symlinking: /home/iju/S08P31C208/ROS/robot_ws/install/dwb_msgs/include/dwb_msgs/msg/trajectory_score__struct.h
-- Symlinking: /home/iju/S08P31C208/ROS/robot_ws/install/dwb_msgs/include/dwb_msgs/msg/trajectory_score__type_support.h
-- Symlinking: /home/iju/S08P31C208/ROS/robot_ws/install/dwb_msgs/include/dwb_msgs/srv/debug_local_plan.h
-- Symlinking: /home/iju/S08P31C208/ROS/robot_ws/install/dwb_msgs/include/dwb_msgs/srv/debug_local_plan__functions.h
-- Symlinking: /home/iju/S08P31C208/ROS/robot_ws/install/dwb_msgs/include/dwb_msgs/srv/debug_local_plan__struct.h
-- Symlinking: /home/iju/S08P31C208/ROS/robot_ws/install/dwb_msgs/include/dwb_msgs/srv/debug_local_plan__type_support.h
-- Symlinking: /home/iju/S08P31C208/ROS/robot_ws/install/dwb_msgs/include/dwb_msgs/srv/generate_trajectory.h
-- Symlinking: /home/iju/S08P31C208/ROS/robot_ws/install/dwb_msgs/include/dwb_msgs/srv/generate_trajectory__functions.h
-- Symlinking: /home/iju/S08P31C208/ROS/robot_ws/install/dwb_msgs/include/dwb_msgs/srv/generate_trajectory__struct.h
-- Symlinking: /home/iju/S08P31C208/ROS/robot_ws/install/dwb_msgs/include/dwb_msgs/srv/generate_trajectory__type_support.h
-- Symlinking: /home/iju/S08P31C208/ROS/robot_ws/install/dwb_msgs/include/dwb_msgs/srv/generate_twists.h
-- Symlinking: /home/iju/S08P31C208/ROS/robot_ws/install/dwb_msgs/include/dwb_msgs/srv/generate_twists__functions.h
-- Symlinking: /home/iju/S08P31C208/ROS/robot_ws/install/dwb_msgs/include/dwb_msgs/srv/generate_twists__struct.h
-- Symlinking: /home/iju/S08P31C208/ROS/robot_ws/install/dwb_msgs/include/dwb_msgs/srv/generate_twists__type_support.h
-- Symlinking: /home/iju/S08P31C208/ROS/robot_ws/install/dwb_msgs/include/dwb_msgs/srv/get_critic_score.h
-- Symlinking: /home/iju/S08P31C208/ROS/robot_ws/install/dwb_msgs/include/dwb_msgs/srv/get_critic_score__functions.h
-- Symlinking: /home/iju/S08P31C208/ROS/robot_ws/install/dwb_msgs/include/dwb_msgs/srv/get_critic_score__struct.h
-- Symlinking: /home/iju/S08P31C208/ROS/robot_ws/install/dwb_msgs/include/dwb_msgs/srv/get_critic_score__type_support.h
-- Symlinking: /home/iju/S08P31C208/ROS/robot_ws/install/dwb_msgs/include/dwb_msgs/srv/score_trajectory.h
-- Symlinking: /home/iju/S08P31C208/ROS/robot_ws/install/dwb_msgs/include/dwb_msgs/srv/score_trajectory__functions.h
-- Symlinking: /home/iju/S08P31C208/ROS/robot_ws/install/dwb_msgs/include/dwb_msgs/srv/score_trajectory__struct.h
-- Symlinking: /home/iju/S08P31C208/ROS/robot_ws/install/dwb_msgs/include/dwb_msgs/srv/score_trajectory__type_support.h
-- Symlinking: /home/iju/S08P31C208/ROS/robot_ws/install/dwb_msgs/share/dwb_msgs/environment/library_path.sh
-- Symlinking: /home/iju/S08P31C208/ROS/robot_ws/install/dwb_msgs/lib/libdwb_msgs__rosidl_generator_c.so
-- Symlinking: /home/iju/S08P31C208/ROS/robot_ws/install/dwb_msgs/lib/libdwb_msgs__rosidl_typesupport_c.so
-- Symlinking: /home/iju/S08P31C208/ROS/robot_ws/install/dwb_msgs/lib/libdwb_msgs__rosidl_typesupport_cpp.so
-- Symlinking: /home/iju/S08P31C208/ROS/robot_ws/install/dwb_msgs/include/dwb_msgs/msg/critic_score__rosidl_typesupport_introspection_c.h
-- Symlinking: /home/iju/S08P31C208/ROS/robot_ws/install/dwb_msgs/include/dwb_msgs/msg/local_plan_evaluation__rosidl_typesupport_introspection_c.h
-- Symlinking: /home/iju/S08P31C208/ROS/robot_ws/install/dwb_msgs/include/dwb_msgs/msg/rosidl_typesupport_introspection_c__visibility_control.h
-- Symlinking: /home/iju/S08P31C208/ROS/robot_ws/install/dwb_msgs/include/dwb_msgs/msg/trajectory2_d__rosidl_typesupport_introspection_c.h
-- Symlinking: /home/iju/S08P31C208/ROS/robot_ws/install/dwb_msgs/include/dwb_msgs/msg/trajectory_score__rosidl_typesupport_introspection_c.h
-- Symlinking: /home/iju/S08P31C208/ROS/robot_ws/install/dwb_msgs/include/dwb_msgs/srv/debug_local_plan__rosidl_typesupport_introspection_c.h
-- Symlinking: /home/iju/S08P31C208/ROS/robot_ws/install/dwb_msgs/include/dwb_msgs/srv/generate_trajectory__rosidl_typesupport_introspection_c.h
-- Symlinking: /home/iju/S08P31C208/ROS/robot_ws/install/dwb_msgs/include/dwb_msgs/srv/generate_twists__rosidl_typesupport_introspection_c.h
-- Symlinking: /home/iju/S08P31C208/ROS/robot_ws/install/dwb_msgs/include/dwb_msgs/srv/get_critic_score__rosidl_typesupport_introspection_c.h
-- Symlinking: /home/iju/S08P31C208/ROS/robot_ws/install/dwb_msgs/include/dwb_msgs/srv/score_trajectory__rosidl_typesupport_introspection_c.h
-- Symlinking: /home/iju/S08P31C208/ROS/robot_ws/install/dwb_msgs/lib/libdwb_msgs__rosidl_typesupport_introspection_c.so
-- Symlinking: /home/iju/S08P31C208/ROS/robot_ws/install/dwb_msgs/include/dwb_msgs/msg/critic_score__rosidl_typesupport_introspection_cpp.hpp
-- Symlinking: /home/iju/S08P31C208/ROS/robot_ws/install/dwb_msgs/include/dwb_msgs/msg/local_plan_evaluation__rosidl_typesupport_introspection_cpp.hpp
-- Symlinking: /home/iju/S08P31C208/ROS/robot_ws/install/dwb_msgs/include/dwb_msgs/msg/trajectory2_d__rosidl_typesupport_introspection_cpp.hpp
-- Symlinking: /home/iju/S08P31C208/ROS/robot_ws/install/dwb_msgs/include/dwb_msgs/msg/trajectory_score__rosidl_typesupport_introspection_cpp.hpp
-- Symlinking: /home/iju/S08P31C208/ROS/robot_ws/install/dwb_msgs/include/dwb_msgs/srv/debug_local_plan__rosidl_typesupport_introspection_cpp.hpp
-- Symlinking: /home/iju/S08P31C208/ROS/robot_ws/install/dwb_msgs/include/dwb_msgs/srv/generate_trajectory__rosidl_typesupport_introspection_cpp.hpp
-- Symlinking: /home/iju/S08P31C208/ROS/robot_ws/install/dwb_msgs/include/dwb_msgs/srv/generate_twists__rosidl_typesupport_introspection_cpp.hpp
-- Symlinking: /home/iju/S08P31C208/ROS/robot_ws/install/dwb_msgs/include/dwb_msgs/srv/get_critic_score__rosidl_typesupport_introspection_cpp.hpp
-- Symlinking: /home/iju/S08P31C208/ROS/robot_ws/install/dwb_msgs/include/dwb_msgs/srv/score_trajectory__rosidl_typesupport_introspection_cpp.hpp
-- Symlinking: /home/iju/S08P31C208/ROS/robot_ws/install/dwb_msgs/lib/libdwb_msgs__rosidl_typesupport_introspection_cpp.so
-- Symlinking: /home/iju/S08P31C208/ROS/robot_ws/install/dwb_msgs/include/dwb_msgs/msg/critic_score__rosidl_typesupport_fastrtps_c.h
-- Symlinking: /home/iju/S08P31C208/ROS/robot_ws/install/dwb_msgs/include/dwb_msgs/msg/local_plan_evaluation__rosidl_typesupport_fastrtps_c.h
-- Symlinking: /home/iju/S08P31C208/ROS/robot_ws/install/dwb_msgs/include/dwb_msgs/msg/rosidl_typesupport_fastrtps_c__visibility_control.h
-- Symlinking: /home/iju/S08P31C208/ROS/robot_ws/install/dwb_msgs/include/dwb_msgs/msg/trajectory2_d__rosidl_typesupport_fastrtps_c.h
-- Symlinking: /home/iju/S08P31C208/ROS/robot_ws/install/dwb_msgs/include/dwb_msgs/msg/trajectory_score__rosidl_typesupport_fastrtps_c.h
-- Symlinking: /home/iju/S08P31C208/ROS/robot_ws/install/dwb_msgs/include/dwb_msgs/srv/debug_local_plan__rosidl_typesupport_fastrtps_c.h
-- Symlinking: /home/iju/S08P31C208/ROS/robot_ws/install/dwb_msgs/include/dwb_msgs/srv/generate_trajectory__rosidl_typesupport_fastrtps_c.h
-- Symlinking: /home/iju/S08P31C208/ROS/robot_ws/install/dwb_msgs/include/dwb_msgs/srv/generate_twists__rosidl_typesupport_fastrtps_c.h
-- Symlinking: /home/iju/S08P31C208/ROS/robot_ws/install/dwb_msgs/include/dwb_msgs/srv/get_critic_score__rosidl_typesupport_fastrtps_c.h
-- Symlinking: /home/iju/S08P31C208/ROS/robot_ws/install/dwb_msgs/include/dwb_msgs/srv/score_trajectory__rosidl_typesupport_fastrtps_c.h
-- Symlinking: /home/iju/S08P31C208/ROS/robot_ws/install/dwb_msgs/lib/libdwb_msgs__rosidl_typesupport_fastrtps_c.so
-- Symlinking: /home/iju/S08P31C208/ROS/robot_ws/install/dwb_msgs/include/dwb_msgs/msg/critic_score__rosidl_typesupport_fastrtps_cpp.hpp
-- Symlinking: /home/iju/S08P31C208/ROS/robot_ws/install/dwb_msgs/include/dwb_msgs/msg/local_plan_evaluation__rosidl_typesupport_fastrtps_cpp.hpp
-- Symlinking: /home/iju/S08P31C208/ROS/robot_ws/install/dwb_msgs/include/dwb_msgs/msg/rosidl_typesupport_fastrtps_cpp__visibility_control.h
-- Symlinking: /home/iju/S08P31C208/ROS/robot_ws/install/dwb_msgs/include/dwb_msgs/msg/trajectory2_d__rosidl_typesupport_fastrtps_cpp.hpp
-- Symlinking: /home/iju/S08P31C208/ROS/robot_ws/install/dwb_msgs/include/dwb_msgs/msg/trajectory_score__rosidl_typesupport_fastrtps_cpp.hpp
-- Symlinking: /home/iju/S08P31C208/ROS/robot_ws/install/dwb_msgs/include/dwb_msgs/srv/debug_local_plan__rosidl_typesupport_fastrtps_cpp.hpp
-- Symlinking: /home/iju/S08P31C208/ROS/robot_ws/install/dwb_msgs/include/dwb_msgs/srv/generate_trajectory__rosidl_typesupport_fastrtps_cpp.hpp
-- Symlinking: /home/iju/S08P31C208/ROS/robot_ws/install/dwb_msgs/include/dwb_msgs/srv/generate_twists__rosidl_typesupport_fastrtps_cpp.hpp
-- Symlinking: /home/iju/S08P31C208/ROS/robot_ws/install/dwb_msgs/include/dwb_msgs/srv/get_critic_score__rosidl_typesupport_fastrtps_cpp.hpp
-- Symlinking: /home/iju/S08P31C208/ROS/robot_ws/install/dwb_msgs/include/dwb_msgs/srv/score_trajectory__rosidl_typesupport_fastrtps_cpp.hpp
-- Symlinking: /home/iju/S08P31C208/ROS/robot_ws/install/dwb_msgs/lib/libdwb_msgs__rosidl_typesupport_fastrtps_cpp.so
-- Symlinking: /home/iju/S08P31C208/ROS/robot_ws/install/dwb_msgs/share/dwb_msgs/environment/pythonpath.sh
-- Symlinking: /home/iju/S08P31C208/ROS/robot_ws/install/dwb_msgs/lib/python3.6/site-packages/dwb_msgs/__init__.py
-- Symlinking: /home/iju/S08P31C208/ROS/robot_ws/install/dwb_msgs/lib/python3.6/site-packages/dwb_msgs/msg/__init__.py
-- Symlinking: /home/iju/S08P31C208/ROS/robot_ws/install/dwb_msgs/lib/python3.6/site-packages/dwb_msgs/msg/_critic_score.py
-- Symlinking: /home/iju/S08P31C208/ROS/robot_ws/install/dwb_msgs/lib/python3.6/site-packages/dwb_msgs/msg/_local_plan_evaluation.py
-- Symlinking: /home/iju/S08P31C208/ROS/robot_ws/install/dwb_msgs/lib/python3.6/site-packages/dwb_msgs/msg/_trajectory2_d.py
-- Symlinking: /home/iju/S08P31C208/ROS/robot_ws/install/dwb_msgs/lib/python3.6/site-packages/dwb_msgs/msg/_trajectory_score.py
-- Symlinking: /home/iju/S08P31C208/ROS/robot_ws/install/dwb_msgs/lib/python3.6/site-packages/dwb_msgs/srv/__init__.py
-- Symlinking: /home/iju/S08P31C208/ROS/robot_ws/install/dwb_msgs/lib/python3.6/site-packages/dwb_msgs/srv/_debug_local_plan.py
-- Symlinking: /home/iju/S08P31C208/ROS/robot_ws/install/dwb_msgs/lib/python3.6/site-packages/dwb_msgs/srv/_generate_trajectory.py
-- Symlinking: /home/iju/S08P31C208/ROS/robot_ws/install/dwb_msgs/lib/python3.6/site-packages/dwb_msgs/srv/_generate_twists.py
-- Symlinking: /home/iju/S08P31C208/ROS/robot_ws/install/dwb_msgs/lib/python3.6/site-packages/dwb_msgs/srv/_get_critic_score.py
-- Symlinking: /home/iju/S08P31C208/ROS/robot_ws/install/dwb_msgs/lib/python3.6/site-packages/dwb_msgs/srv/_score_trajectory.py
-- Symlinking: /home/iju/S08P31C208/ROS/robot_ws/install/dwb_msgs/lib/python3.6/site-packages/dwb_msgs/dwb_msgs_s__rosidl_typesupport_c.cpython-36m-x86_64-linux-gnu.so
-- Symlinking: /home/iju/S08P31C208/ROS/robot_ws/install/dwb_msgs/lib/python3.6/site-packages/dwb_msgs/dwb_msgs_s__rosidl_typesupport_introspection_c.cpython-36m-x86_64-linux-gnu.so
-- Symlinking: /home/iju/S08P31C208/ROS/robot_ws/install/dwb_msgs/lib/python3.6/site-packages/dwb_msgs/dwb_msgs_s__rosidl_typesupport_fastrtps_c.cpython-36m-x86_64-linux-gnu.so
-- Symlinking: /home/iju/S08P31C208/ROS/robot_ws/install/dwb_msgs/lib/libdwb_msgs__python.so
-- Symlinking: /home/iju/S08P31C208/ROS/robot_ws/install/dwb_msgs/share/dwb_msgs/msg/CriticScore.idl
-- Symlinking: /home/iju/S08P31C208/ROS/robot_ws/install/dwb_msgs/share/dwb_msgs/msg/LocalPlanEvaluation.idl
-- Symlinking: /home/iju/S08P31C208/ROS/robot_ws/install/dwb_msgs/share/dwb_msgs/msg/Trajectory2D.idl
-- Symlinking: /home/iju/S08P31C208/ROS/robot_ws/install/dwb_msgs/share/dwb_msgs/msg/TrajectoryScore.idl
-- Symlinking: /home/iju/S08P31C208/ROS/robot_ws/install/dwb_msgs/share/dwb_msgs/srv/DebugLocalPlan.idl
-- Symlinking: /home/iju/S08P31C208/ROS/robot_ws/install/dwb_msgs/share/dwb_msgs/srv/GenerateTrajectory.idl
-- Symlinking: /home/iju/S08P31C208/ROS/robot_ws/install/dwb_msgs/share/dwb_msgs/srv/GenerateTwists.idl
-- Symlinking: /home/iju/S08P31C208/ROS/robot_ws/install/dwb_msgs/share/dwb_msgs/srv/GetCriticScore.idl
-- Symlinking: /home/iju/S08P31C208/ROS/robot_ws/install/dwb_msgs/share/dwb_msgs/srv/ScoreTrajectory.idl
-- Symlinking: /home/iju/S08P31C208/ROS/robot_ws/install/dwb_msgs/share/dwb_msgs/msg/CriticScore.msg
-- Symlinking: /home/iju/S08P31C208/ROS/robot_ws/install/dwb_msgs/share/dwb_msgs/msg/LocalPlanEvaluation.msg
-- Symlinking: /home/iju/S08P31C208/ROS/robot_ws/install/dwb_msgs/share/dwb_msgs/msg/Trajectory2D.msg
-- Symlinking: /home/iju/S08P31C208/ROS/robot_ws/install/dwb_msgs/share/dwb_msgs/msg/TrajectoryScore.msg
-- Symlinking: /home/iju/S08P31C208/ROS/robot_ws/install/dwb_msgs/share/dwb_msgs/srv/DebugLocalPlan.srv
-- Symlinking: /home/iju/S08P31C208/ROS/robot_ws/install/dwb_msgs/share/dwb_msgs/srv/DebugLocalPlan_Request.msg
-- Symlinking: /home/iju/S08P31C208/ROS/robot_ws/install/dwb_msgs/share/dwb_msgs/srv/DebugLocalPlan_Response.msg
-- Symlinking: /home/iju/S08P31C208/ROS/robot_ws/install/dwb_msgs/share/dwb_msgs/srv/GenerateTrajectory.srv
-- Symlinking: /home/iju/S08P31C208/ROS/robot_ws/install/dwb_msgs/share/dwb_msgs/srv/GenerateTrajectory_Request.msg
-- Symlinking: /home/iju/S08P31C208/ROS/robot_ws/install/dwb_msgs/share/dwb_msgs/srv/GenerateTrajectory_Response.msg
-- Symlinking: /home/iju/S08P31C208/ROS/robot_ws/install/dwb_msgs/share/dwb_msgs/srv/GenerateTwists.srv
-- Symlinking: /home/iju/S08P31C208/ROS/robot_ws/install/dwb_msgs/share/dwb_msgs/srv/GenerateTwists_Request.msg
-- Symlinking: /home/iju/S08P31C208/ROS/robot_ws/install/dwb_msgs/share/dwb_msgs/srv/GenerateTwists_Response.msg
-- Symlinking: /home/iju/S08P31C208/ROS/robot_ws/install/dwb_msgs/share/dwb_msgs/srv/GetCriticScore.srv
-- Symlinking: /home/iju/S08P31C208/ROS/robot_ws/install/dwb_msgs/share/dwb_msgs/srv/GetCriticScore_Request.msg
-- Symlinking: /home/iju/S08P31C208/ROS/robot_ws/install/dwb_msgs/share/dwb_msgs/srv/GetCriticScore_Response.msg
-- Symlinking: /home/iju/S08P31C208/ROS/robot_ws/install/dwb_msgs/share/dwb_msgs/srv/ScoreTrajectory.srv
-- Symlinking: /home/iju/S08P31C208/ROS/robot_ws/install/dwb_msgs/share/dwb_msgs/srv/ScoreTrajectory_Request.msg
-- Symlinking: /home/iju/S08P31C208/ROS/robot_ws/install/dwb_msgs/share/dwb_msgs/srv/ScoreTrajectory_Response.msg
-- Symlinking: /home/iju/S08P31C208/ROS/robot_ws/install/dwb_msgs/share/ament_index/resource_index/package_run_dependencies/dwb_msgs
-- Symlinking: /home/iju/S08P31C208/ROS/robot_ws/install/dwb_msgs/share/ament_index/resource_index/parent_prefix_path/dwb_msgs
-- Symlinking: /home/iju/S08P31C208/ROS/robot_ws/install/dwb_msgs/share/dwb_msgs/environment/ament_prefix_path.sh
-- Symlinking: /home/iju/S08P31C208/ROS/robot_ws/install/dwb_msgs/share/dwb_msgs/environment/path.sh
-- Symlinking: /home/iju/S08P31C208/ROS/robot_ws/install/dwb_msgs/share/dwb_msgs/local_setup.bash
-- Symlinking: /home/iju/S08P31C208/ROS/robot_ws/install/dwb_msgs/share/dwb_msgs/local_setup.sh
-- Symlinking: /home/iju/S08P31C208/ROS/robot_ws/install/dwb_msgs/share/dwb_msgs/local_setup.zsh
-- Symlinking: /home/iju/S08P31C208/ROS/robot_ws/install/dwb_msgs/share/ament_index/resource_index/packages/dwb_msgs
-- Symlinking: /home/iju/S08P31C208/ROS/robot_ws/install/dwb_msgs/share/dwb_msgs/cmake/rosidl_cmake-extras.cmake
-- Symlinking: /home/iju/S08P31C208/ROS/robot_ws/install/dwb_msgs/share/dwb_msgs/cmake/ament_cmake_export_dependencies-extras.cmake
-- Symlinking: /home/iju/S08P31C208/ROS/robot_ws/install/dwb_msgs/share/dwb_msgs/cmake/ament_cmake_export_include_directories-extras.cmake
-- Symlinking: /home/iju/S08P31C208/ROS/robot_ws/install/dwb_msgs/share/dwb_msgs/cmake/ament_cmake_export_libraries-extras.cmake
-- Symlinking: /home/iju/S08P31C208/ROS/robot_ws/install/dwb_msgs/share/dwb_msgs/cmake/dwb_msgsConfig.cmake
-- Symlinking: /home/iju/S08P31C208/ROS/robot_ws/install/dwb_msgs/share/dwb_msgs/cmake/dwb_msgsConfig-version.cmake
-- Symlinking: /home/iju/S08P31C208/ROS/robot_ws/install/dwb_msgs/share/dwb_msgs/package.xml
Compiling '/home/iju/S08P31C208/ROS/robot_ws/install/dwb_msgs/lib/python3.6/site-packages/dwb_msgs/__init__.py'...
