-- The C compiler identification is GNU 7.5.0
-- The CXX compiler identification is GNU 7.5.0
-- Check for working C compiler: /usr/bin/cc
-- Check for working C compiler: /usr/bin/cc -- works
-- Detecting C compiler ABI info
-- Detecting C compiler ABI info - done
-- Detecting C compile features
-- Detecting C compile features - done
-- Check for working CXX compiler: /usr/bin/c++
-- Check for working CXX compiler: /usr/bin/c++ -- works
-- Detecting CXX compiler ABI info
-- Detecting CXX compiler ABI info - done
-- Detecting CXX compile features
-- Detecting CXX compile features - done
-- Found ament_cmake: 0.7.6 (/opt/ros/dashing/share/ament_cmake/cmake)
-- Found PythonInterp: /usr/bin/python3 (found suitable version "3.6.9", minimum required is "3") 
-- Using PYTHON_EXECUTABLE: /usr/bin/python3
-- Found nav2_common: 0.2.6 (/home/iju/S08P31C208/ROS/robot_ws/install/nav2_common/share/nav2_common/cmake)
-- Found rclcpp: 0.7.16 (/opt/ros/dashing/share/rclcpp/cmake)
-- Found rosidl_adapter: 0.7.10 (/opt/ros/dashing/share/rosidl_adapter/cmake)
-- Found rmw_implementation_cmake: 0.7.2 (/opt/ros/dashing/share/rmw_implementation_cmake/cmake)
-- Using RMW implementation 'rmw_fastrtps_cpp' as default
-- Looking for pthread.h
-- Looking for pthread.h - found
-- Looking for pthread_create
-- Looking for pthread_create - not found
-- Looking for pthread_create in pthreads
-- Looking for pthread_create in pthreads - not found
-- Looking for pthread_create in pthread
-- Looking for pthread_create in pthread - found
-- Found Threads: TRUE  
-- Found rclcpp_lifecycle: 0.7.16 (/opt/ros/dashing/share/rclcpp_lifecycle/cmake)
-- Found nav_msgs: 0.7.1 (/opt/ros/dashing/share/nav_msgs/cmake)
-- Found yaml_cpp_vendor: 6.0.1 (/opt/ros/dashing/share/yaml_cpp_vendor/cmake)
-- Setting yaml-cpp_DIR to: '/opt/ros/dashing/share/yaml_cpp_vendor/cmake/../../../opt/yaml_cpp_vendor/lib/cmake/yaml-cpp'
-- Found tf2: 0.11.6 (/opt/ros/dashing/share/tf2/cmake)
-- Found nav2_util: 0.2.6 (/home/iju/S08P31C208/ROS/robot_ws/install/nav2_util/share/nav2_util/cmake)
-- Found eigen3_cmake_module: 0.1.1 (/opt/ros/dashing/share/eigen3_cmake_module/cmake)
-- Found Eigen3: TRUE (found version "3.3.4") 
-- Found GRAPHICSMAGICKCPP: /usr/include/GraphicsMagick  
-- Setting build type to Release as none was specified.
-- Found ament_lint_auto: 0.7.12 (/opt/ros/dashing/share/ament_lint_auto/cmake)
-- Found gtest sources under '/opt/ros/dashing/src/gtest_vendor': C++ tests using 'Google Test' will be built
-- Check if compiler accepts -pthread
-- Check if compiler accepts -pthread - yes
-- Found gtest sources under '/opt/ros/dashing/src/gtest_vendor': C++ tests using 'Google Test' will be built
-- Added test 'cppcheck' to perform static code analysis on C / C++ code
-- Configured cppcheck include dirs: /home/iju/S08P31C208/ROS/robot_ws/src/navigation2/nav2_map_server/include
-- Added test 'cpplint' to check C / C++ code against the Google style
-- Added test 'flake8' to check Python code syntax and style conventions
-- Added test 'lint_cmake' to check CMake code style
-- Added test 'pep257' to check Python code against some of the style conventions in PEP 257
-- Added test 'uncrustify' to check C / C++ code style
-- Added test 'xmllint' to check XML markup files
-- Configuring done
-- Generating done
-- Build files have been written to: /home/iju/S08P31C208/ROS/robot_ws/build/nav2_map_server
[35m[1mScanning dependencies of target gtest_main[0m
[35m[1mScanning dependencies of target map_server_core[0m
[35m[1mScanning dependencies of target gtest[0m
[  5%] [32mBuilding CXX object gtest/CMakeFiles/gtest_main.dir/src/gtest_main.cc.o[0m
[ 10%] [32mBuilding CXX object gtest/CMakeFiles/gtest.dir/src/gtest-all.cc.o[0m
[ 15%] [32mBuilding CXX object CMakeFiles/map_server_core.dir/src/occ_grid_loader.cpp.o[0m
[ 21%] [32m[1mLinking CXX static library libgtest_main.a[0m
[ 21%] Built target gtest_main
[ 26%] [32mBuilding CXX object CMakeFiles/map_server_core.dir/src/map_mode.cpp.o[0m
[ 31%] [32mBuilding CXX object CMakeFiles/map_server_core.dir/src/map_saver.cpp.o[0m
[ 36%] [32m[1mLinking CXX static library libgtest.a[0m
[ 36%] Built target gtest
[ 42%] [32mBuilding CXX object CMakeFiles/map_server_core.dir/src/map_server.cpp.o[0m
[ 47%] [32m[1mLinking CXX shared library libmap_server_core.so[0m
[ 47%] Built target map_server_core
[35m[1mScanning dependencies of target map_server[0m
[ 52%] [32mBuilding CXX object CMakeFiles/map_server.dir/src/main.cpp.o[0m
[ 57%] [32m[1mLinking CXX executable map_server[0m
[ 57%] Built target map_server
[35m[1mScanning dependencies of target test_occ_grid_node[0m
[ 63%] [32mBuilding CXX object test/component/CMakeFiles/test_occ_grid_node.dir/test_occ_grid_node.cpp.o[0m
[ 68%] [32mBuilding CXX object test/component/CMakeFiles/test_occ_grid_node.dir/__/test_constants.cpp.o[0m
[ 73%] [32m[1mLinking CXX executable test_occ_grid_node[0m
[ 73%] Built target test_occ_grid_node
[35m[1mScanning dependencies of target test_occ_grid[0m
[ 78%] [32mBuilding CXX object test/unit/CMakeFiles/test_occ_grid.dir/test_occ_grid.cpp.o[0m
[ 84%] [32mBuilding CXX object test/unit/CMakeFiles/test_occ_grid.dir/__/test_constants.cpp.o[0m
[ 89%] [32m[1mLinking CXX executable test_occ_grid[0m
[ 89%] Built target test_occ_grid
[35m[1mScanning dependencies of target map_saver[0m
[ 94%] [32mBuilding CXX object CMakeFiles/map_saver.dir/src/map_saver_cli.cpp.o[0m
[100%] [32m[1mLinking CXX executable map_saver[0m
[100%] Built target map_saver
[ 26%] Built target map_server_core
[ 36%] Built target gtest_main
[ 47%] Built target map_saver
[ 57%] Built target map_server
[ 68%] Built target gtest
[ 84%] Built target test_occ_grid
[100%] Built target test_occ_grid_node
[36mInstall the project...[0m
-- Install configuration: "Release"
-- Installing: /home/iju/S08P31C208/ROS/robot_ws/install/nav2_map_server/lib/nav2_map_server/map_server
-- Set runtime path of "/home/iju/S08P31C208/ROS/robot_ws/install/nav2_map_server/lib/nav2_map_server/map_server" to ""
-- Installing: /home/iju/S08P31C208/ROS/robot_ws/install/nav2_map_server/lib/libmap_server_core.so
-- Set runtime path of "/home/iju/S08P31C208/ROS/robot_ws/install/nav2_map_server/lib/libmap_server_core.so" to ""
-- Installing: /home/iju/S08P31C208/ROS/robot_ws/install/nav2_map_server/lib/nav2_map_server/map_saver
-- Set runtime path of "/home/iju/S08P31C208/ROS/robot_ws/install/nav2_map_server/lib/nav2_map_server/map_saver" to ""
-- Installing: /home/iju/S08P31C208/ROS/robot_ws/install/nav2_map_server/include/
-- Installing: /home/iju/S08P31C208/ROS/robot_ws/install/nav2_map_server/include//nav2_map_server
-- Installing: /home/iju/S08P31C208/ROS/robot_ws/install/nav2_map_server/include//nav2_map_server/map_loader.hpp
-- Installing: /home/iju/S08P31C208/ROS/robot_ws/install/nav2_map_server/include//nav2_map_server/map_server.hpp
-- Installing: /home/iju/S08P31C208/ROS/robot_ws/install/nav2_map_server/include//nav2_map_server/occ_grid_loader.hpp
-- Installing: /home/iju/S08P31C208/ROS/robot_ws/install/nav2_map_server/include//nav2_map_server/map_mode.hpp
-- Installing: /home/iju/S08P31C208/ROS/robot_ws/install/nav2_map_server/include//nav2_map_server/map_saver.hpp
-- Installing: /home/iju/S08P31C208/ROS/robot_ws/install/nav2_map_server/share/ament_index/resource_index/package_run_dependencies/nav2_map_server
-- Installing: /home/iju/S08P31C208/ROS/robot_ws/install/nav2_map_server/share/ament_index/resource_index/parent_prefix_path/nav2_map_server
-- Installing: /home/iju/S08P31C208/ROS/robot_ws/install/nav2_map_server/share/nav2_map_server/environment/ament_prefix_path.sh
-- Installing: /home/iju/S08P31C208/ROS/robot_ws/install/nav2_map_server/share/nav2_map_server/environment/path.sh
-- Installing: /home/iju/S08P31C208/ROS/robot_ws/install/nav2_map_server/share/nav2_map_server/local_setup.bash
-- Installing: /home/iju/S08P31C208/ROS/robot_ws/install/nav2_map_server/share/nav2_map_server/local_setup.sh
-- Installing: /home/iju/S08P31C208/ROS/robot_ws/install/nav2_map_server/share/nav2_map_server/local_setup.zsh
-- Installing: /home/iju/S08P31C208/ROS/robot_ws/install/nav2_map_server/share/ament_index/resource_index/packages/nav2_map_server
-- Installing: /home/iju/S08P31C208/ROS/robot_ws/install/nav2_map_server/share/nav2_map_server/cmake/ament_cmake_export_include_directories-extras.cmake
-- Installing: /home/iju/S08P31C208/ROS/robot_ws/install/nav2_map_server/share/nav2_map_server/cmake/nav2_map_serverConfig.cmake
-- Installing: /home/iju/S08P31C208/ROS/robot_ws/install/nav2_map_server/share/nav2_map_server/cmake/nav2_map_serverConfig-version.cmake
-- Installing: /home/iju/S08P31C208/ROS/robot_ws/install/nav2_map_server/share/nav2_map_server/package.xml
