[0.133s] Invoking command in '/home/iju/S08P31C208/ROS/robot_ws/build/nav2_msgs': CMAKE_PREFIX_PATH=/home/iju/S08P31C208/ROS/robot_ws/install/nav2_common:/home/iju/S08P31C208/ROS/robot_ws/install/turtlebot3_simulations:/home/iju/S08P31C208/ROS/robot_ws/install/turtlebot3_gazebo:/home/iju/S08P31C208/ROS/robot_ws/install/turtlebot3:/home/iju/S08P31C208/ROS/robot_ws/install/turtlebot3_bringup:/home/iju/S08P31C208/ROS/robot_ws/install/turtlebot3_node:/home/iju/S08P31C208/ROS/robot_ws/install/turtlebot3_navigation2:/home/iju/S08P31C208/ROS/robot_ws/install/turtlebot3_fake_node:/home/iju/S08P31C208/ROS/robot_ws/install/turtlebot3_msgs:/home/iju/S08P31C208/ROS/robot_ws/install/turtlebot3_description:/home/iju/S08P31C208/ROS/robot_ws/install/turtlebot3_cartographer:/home/iju/S08P31C208/ROS/robot_ws/install/turtle_cpp:/home/iju/S08P31C208/ROS/robot_ws/install/nav2_system_tests:/home/iju/S08P31C208/ROS/robot_ws/install/nav2_bringup:/home/iju/S08P31C208/ROS/robot_ws/install/navigation2:/home/iju/S08P31C208/ROS/robot_ws/install/nav2_dwb_controller:/home/iju/S08P31C208/ROS/robot_ws/install/dwb_plugins:/home/iju/S08P31C208/ROS/robot_ws/install/dwb_critics:/home/iju/S08P31C208/ROS/robot_ws/install/dwb_controller:/home/iju/S08P31C208/ROS/robot_ws/install/dwb_core:/home/iju/S08P31C208/ROS/robot_ws/install/nav_2d_utils:/home/iju/S08P31C208/ROS/robot_ws/install/dwb_msgs:/home/iju/S08P31C208/ROS/robot_ws/install/nav_2d_msgs:/home/iju/S08P31C208/ROS/robot_ws/install/nav2_world_model:/home/iju/S08P31C208/ROS/robot_ws/install/nav2_recoveries:/home/iju/S08P31C208/ROS/robot_ws/install/costmap_queue:/home/iju/S08P31C208/ROS/robot_ws/install/nav2_costmap_2d:/home/iju/S08P31C208/ROS/robot_ws/install/nav2_voxel_grid:/home/iju/S08P31C208/ROS/robot_ws/install/nav2_rviz_plugins:/home/iju/S08P31C208/ROS/robot_ws/install/nav2_navfn_planner:/home/iju/S08P31C208/ROS/robot_ws/install/nav2_map_server:/home/iju/S08P31C208/ROS/robot_ws/install/nav2_lifecycle_manager:/home/iju/S08P31C208/ROS/robot_ws/install/nav2_bt_navigator:/home/iju/S08P31C208/ROS/robot_ws/install/nav2_behavior_tree:/home/iju/S08P31C208/ROS/robot_ws/install/nav2_amcl:/home/iju/S08P31C208/ROS/robot_ws/install/nav2_util:/home/iju/S08P31C208/ROS/robot_ws/install/nav2_msgs:/home/iju/S08P31C208/ROS/robot_ws/install/nav2_dynamic_params:/home/iju/S08P31C208/ROS/robot_ws/install/gazebo_ros_pkgs:/home/iju/S08P31C208/ROS/robot_ws/install/gazebo_plugins:/home/iju/S08P31C208/ROS/robot_ws/install/gazebo_ros:/home/iju/S08P31C208/ROS/robot_ws/install/gazebo_msgs:/home/iju/S08P31C208/ROS/robot_ws/install/gazebo_dev:/home/iju/S08P31C208/ROS/robot_ws/install/dynamixel_sdk_examples:/home/iju/S08P31C208/ROS/robot_ws/install/dynamixel_sdk_custom_interfaces:/home/iju/S08P31C208/ROS/robot_ws/install/dynamixel_sdk:/home/iju/S08P31C208/ROS/robot_ws/install/turtlebot3_teleop:/home/iju/S08P31C208/ROS/robot_ws/install/turtlebot3_example:/opt/ros/dashing PS1=\u@\h \[\033[32m\]\w\[\033[33m\]$(parse_git_branch)\[\033[00m\] $ PYTHONPATH=/home/iju/S08P31C208/ROS/robot_ws/install/nav2_common/lib/python3.6/site-packages:/home/iju/S08P31C208/ROS/robot_ws/install/turtlebot3_teleop/lib/python3.6/site-packages:/home/iju/S08P31C208/ROS/robot_ws/install/turtlebot3_example/lib/python3.6/site-packages:/home/iju/S08P31C208/ROS/robot_ws/install/turtlebot3_msgs/lib/python3.6/site-packages:/home/iju/S08P31C208/ROS/robot_ws/install/dwb_msgs/lib/python3.6/site-packages:/home/iju/S08P31C208/ROS/robot_ws/install/nav_2d_msgs/lib/python3.6/site-packages:/home/iju/S08P31C208/ROS/robot_ws/install/nav2_msgs/lib/python3.6/site-packages:/home/iju/S08P31C208/ROS/robot_ws/install/gazebo_ros/lib/python3.6/site-packages:/home/iju/S08P31C208/ROS/robot_ws/install/gazebo_msgs/lib/python3.6/site-packages:/home/iju/S08P31C208/ROS/robot_ws/install/dynamixel_sdk_custom_interfaces/lib/python3.6/site-packages:/opt/ros/dashing/lib/python3.6/site-packages /usr/bin/cmake --build /home/iju/S08P31C208/ROS/robot_ws/build/nav2_msgs -- -j6 -l6
[0.284s] [  0%] Built target nav2_msgs__cpp
[0.294s] [ 12%] Built target nav2_msgs__rosidl_generator_c
[0.346s] [ 24%] Built target nav2_msgs__rosidl_typesupport_cpp
[0.375s] [ 36%] Built target nav2_msgs__rosidl_typesupport_introspection_cpp
[0.385s] [ 48%] Built target nav2_msgs__rosidl_typesupport_introspection_c
[0.396s] [ 60%] Built target nav2_msgs__rosidl_typesupport_fastrtps_cpp
[0.407s] [ 72%] Built target nav2_msgs__rosidl_typesupport_c
[0.490s] [ 84%] Built target nav2_msgs__rosidl_typesupport_fastrtps_c
[0.542s] [ 84%] Built target nav2_msgs
[0.602s] [ 85%] Built target nav2_msgs__py
[0.692s] [ 96%] Built target nav2_msgs__python
[0.771s] [ 97%] Built target nav2_msgs__rosidl_typesupport_fastrtps_c__pyext
[0.785s] [ 99%] Built target nav2_msgs__rosidl_typesupport_introspection_c__pyext
[0.806s] [100%] Built target nav2_msgs__rosidl_typesupport_c__pyext
[0.824s] Invoked command in '/home/iju/S08P31C208/ROS/robot_ws/build/nav2_msgs' returned '0': CMAKE_PREFIX_PATH=/home/iju/S08P31C208/ROS/robot_ws/install/nav2_common:/home/iju/S08P31C208/ROS/robot_ws/install/turtlebot3_simulations:/home/iju/S08P31C208/ROS/robot_ws/install/turtlebot3_gazebo:/home/iju/S08P31C208/ROS/robot_ws/install/turtlebot3:/home/iju/S08P31C208/ROS/robot_ws/install/turtlebot3_bringup:/home/iju/S08P31C208/ROS/robot_ws/install/turtlebot3_node:/home/iju/S08P31C208/ROS/robot_ws/install/turtlebot3_navigation2:/home/iju/S08P31C208/ROS/robot_ws/install/turtlebot3_fake_node:/home/iju/S08P31C208/ROS/robot_ws/install/turtlebot3_msgs:/home/iju/S08P31C208/ROS/robot_ws/install/turtlebot3_description:/home/iju/S08P31C208/ROS/robot_ws/install/turtlebot3_cartographer:/home/iju/S08P31C208/ROS/robot_ws/install/turtle_cpp:/home/iju/S08P31C208/ROS/robot_ws/install/nav2_system_tests:/home/iju/S08P31C208/ROS/robot_ws/install/nav2_bringup:/home/iju/S08P31C208/ROS/robot_ws/install/navigation2:/home/iju/S08P31C208/ROS/robot_ws/install/nav2_dwb_controller:/home/iju/S08P31C208/ROS/robot_ws/install/dwb_plugins:/home/iju/S08P31C208/ROS/robot_ws/install/dwb_critics:/home/iju/S08P31C208/ROS/robot_ws/install/dwb_controller:/home/iju/S08P31C208/ROS/robot_ws/install/dwb_core:/home/iju/S08P31C208/ROS/robot_ws/install/nav_2d_utils:/home/iju/S08P31C208/ROS/robot_ws/install/dwb_msgs:/home/iju/S08P31C208/ROS/robot_ws/install/nav_2d_msgs:/home/iju/S08P31C208/ROS/robot_ws/install/nav2_world_model:/home/iju/S08P31C208/ROS/robot_ws/install/nav2_recoveries:/home/iju/S08P31C208/ROS/robot_ws/install/costmap_queue:/home/iju/S08P31C208/ROS/robot_ws/install/nav2_costmap_2d:/home/iju/S08P31C208/ROS/robot_ws/install/nav2_voxel_grid:/home/iju/S08P31C208/ROS/robot_ws/install/nav2_rviz_plugins:/home/iju/S08P31C208/ROS/robot_ws/install/nav2_navfn_planner:/home/iju/S08P31C208/ROS/robot_ws/install/nav2_map_server:/home/iju/S08P31C208/ROS/robot_ws/install/nav2_lifecycle_manager:/home/iju/S08P31C208/ROS/robot_ws/install/nav2_bt_navigator:/home/iju/S08P31C208/ROS/robot_ws/install/nav2_behavior_tree:/home/iju/S08P31C208/ROS/robot_ws/install/nav2_amcl:/home/iju/S08P31C208/ROS/robot_ws/install/nav2_util:/home/iju/S08P31C208/ROS/robot_ws/install/nav2_msgs:/home/iju/S08P31C208/ROS/robot_ws/install/nav2_dynamic_params:/home/iju/S08P31C208/ROS/robot_ws/install/gazebo_ros_pkgs:/home/iju/S08P31C208/ROS/robot_ws/install/gazebo_plugins:/home/iju/S08P31C208/ROS/robot_ws/install/gazebo_ros:/home/iju/S08P31C208/ROS/robot_ws/install/gazebo_msgs:/home/iju/S08P31C208/ROS/robot_ws/install/gazebo_dev:/home/iju/S08P31C208/ROS/robot_ws/install/dynamixel_sdk_examples:/home/iju/S08P31C208/ROS/robot_ws/install/dynamixel_sdk_custom_interfaces:/home/iju/S08P31C208/ROS/robot_ws/install/dynamixel_sdk:/home/iju/S08P31C208/ROS/robot_ws/install/turtlebot3_teleop:/home/iju/S08P31C208/ROS/robot_ws/install/turtlebot3_example:/opt/ros/dashing PS1=\u@\h \[\033[32m\]\w\[\033[33m\]$(parse_git_branch)\[\033[00m\] $ PYTHONPATH=/home/iju/S08P31C208/ROS/robot_ws/install/nav2_common/lib/python3.6/site-packages:/home/iju/S08P31C208/ROS/robot_ws/install/turtlebot3_teleop/lib/python3.6/site-packages:/home/iju/S08P31C208/ROS/robot_ws/install/turtlebot3_example/lib/python3.6/site-packages:/home/iju/S08P31C208/ROS/robot_ws/install/turtlebot3_msgs/lib/python3.6/site-packages:/home/iju/S08P31C208/ROS/robot_ws/install/dwb_msgs/lib/python3.6/site-packages:/home/iju/S08P31C208/ROS/robot_ws/install/nav_2d_msgs/lib/python3.6/site-packages:/home/iju/S08P31C208/ROS/robot_ws/install/nav2_msgs/lib/python3.6/site-packages:/home/iju/S08P31C208/ROS/robot_ws/install/gazebo_ros/lib/python3.6/site-packages:/home/iju/S08P31C208/ROS/robot_ws/install/gazebo_msgs/lib/python3.6/site-packages:/home/iju/S08P31C208/ROS/robot_ws/install/dynamixel_sdk_custom_interfaces/lib/python3.6/site-packages:/opt/ros/dashing/lib/python3.6/site-packages /usr/bin/cmake --build /home/iju/S08P31C208/ROS/robot_ws/build/nav2_msgs -- -j6 -l6
[1.865s] Invoking command in '/home/iju/S08P31C208/ROS/robot_ws/build/nav2_msgs': CMAKE_PREFIX_PATH=/home/iju/S08P31C208/ROS/robot_ws/install/nav2_common:/home/iju/S08P31C208/ROS/robot_ws/install/turtlebot3_simulations:/home/iju/S08P31C208/ROS/robot_ws/install/turtlebot3_gazebo:/home/iju/S08P31C208/ROS/robot_ws/install/turtlebot3:/home/iju/S08P31C208/ROS/robot_ws/install/turtlebot3_bringup:/home/iju/S08P31C208/ROS/robot_ws/install/turtlebot3_node:/home/iju/S08P31C208/ROS/robot_ws/install/turtlebot3_navigation2:/home/iju/S08P31C208/ROS/robot_ws/install/turtlebot3_fake_node:/home/iju/S08P31C208/ROS/robot_ws/install/turtlebot3_msgs:/home/iju/S08P31C208/ROS/robot_ws/install/turtlebot3_description:/home/iju/S08P31C208/ROS/robot_ws/install/turtlebot3_cartographer:/home/iju/S08P31C208/ROS/robot_ws/install/turtle_cpp:/home/iju/S08P31C208/ROS/robot_ws/install/nav2_system_tests:/home/iju/S08P31C208/ROS/robot_ws/install/nav2_bringup:/home/iju/S08P31C208/ROS/robot_ws/install/navigation2:/home/iju/S08P31C208/ROS/robot_ws/install/nav2_dwb_controller:/home/iju/S08P31C208/ROS/robot_ws/install/dwb_plugins:/home/iju/S08P31C208/ROS/robot_ws/install/dwb_critics:/home/iju/S08P31C208/ROS/robot_ws/install/dwb_controller:/home/iju/S08P31C208/ROS/robot_ws/install/dwb_core:/home/iju/S08P31C208/ROS/robot_ws/install/nav_2d_utils:/home/iju/S08P31C208/ROS/robot_ws/install/dwb_msgs:/home/iju/S08P31C208/ROS/robot_ws/install/nav_2d_msgs:/home/iju/S08P31C208/ROS/robot_ws/install/nav2_world_model:/home/iju/S08P31C208/ROS/robot_ws/install/nav2_recoveries:/home/iju/S08P31C208/ROS/robot_ws/install/costmap_queue:/home/iju/S08P31C208/ROS/robot_ws/install/nav2_costmap_2d:/home/iju/S08P31C208/ROS/robot_ws/install/nav2_voxel_grid:/home/iju/S08P31C208/ROS/robot_ws/install/nav2_rviz_plugins:/home/iju/S08P31C208/ROS/robot_ws/install/nav2_navfn_planner:/home/iju/S08P31C208/ROS/robot_ws/install/nav2_map_server:/home/iju/S08P31C208/ROS/robot_ws/install/nav2_lifecycle_manager:/home/iju/S08P31C208/ROS/robot_ws/install/nav2_bt_navigator:/home/iju/S08P31C208/ROS/robot_ws/install/nav2_behavior_tree:/home/iju/S08P31C208/ROS/robot_ws/install/nav2_amcl:/home/iju/S08P31C208/ROS/robot_ws/install/nav2_util:/home/iju/S08P31C208/ROS/robot_ws/install/nav2_msgs:/home/iju/S08P31C208/ROS/robot_ws/install/nav2_dynamic_params:/home/iju/S08P31C208/ROS/robot_ws/install/gazebo_ros_pkgs:/home/iju/S08P31C208/ROS/robot_ws/install/gazebo_plugins:/home/iju/S08P31C208/ROS/robot_ws/install/gazebo_ros:/home/iju/S08P31C208/ROS/robot_ws/install/gazebo_msgs:/home/iju/S08P31C208/ROS/robot_ws/install/gazebo_dev:/home/iju/S08P31C208/ROS/robot_ws/install/dynamixel_sdk_examples:/home/iju/S08P31C208/ROS/robot_ws/install/dynamixel_sdk_custom_interfaces:/home/iju/S08P31C208/ROS/robot_ws/install/dynamixel_sdk:/home/iju/S08P31C208/ROS/robot_ws/install/turtlebot3_teleop:/home/iju/S08P31C208/ROS/robot_ws/install/turtlebot3_example:/opt/ros/dashing PS1=\u@\h \[\033[32m\]\w\[\033[33m\]$(parse_git_branch)\[\033[00m\] $ PYTHONPATH=/home/iju/S08P31C208/ROS/robot_ws/install/nav2_common/lib/python3.6/site-packages:/home/iju/S08P31C208/ROS/robot_ws/install/turtlebot3_teleop/lib/python3.6/site-packages:/home/iju/S08P31C208/ROS/robot_ws/install/turtlebot3_example/lib/python3.6/site-packages:/home/iju/S08P31C208/ROS/robot_ws/install/turtlebot3_msgs/lib/python3.6/site-packages:/home/iju/S08P31C208/ROS/robot_ws/install/dwb_msgs/lib/python3.6/site-packages:/home/iju/S08P31C208/ROS/robot_ws/install/nav_2d_msgs/lib/python3.6/site-packages:/home/iju/S08P31C208/ROS/robot_ws/install/nav2_msgs/lib/python3.6/site-packages:/home/iju/S08P31C208/ROS/robot_ws/install/gazebo_ros/lib/python3.6/site-packages:/home/iju/S08P31C208/ROS/robot_ws/install/gazebo_msgs/lib/python3.6/site-packages:/home/iju/S08P31C208/ROS/robot_ws/install/dynamixel_sdk_custom_interfaces/lib/python3.6/site-packages:/opt/ros/dashing/lib/python3.6/site-packages /usr/bin/cmake --build /home/iju/S08P31C208/ROS/robot_ws/build/nav2_msgs --target install -- -j6 -l6
[2.001s] [  0%] Built target nav2_msgs__cpp
[2.088s] [ 12%] Built target nav2_msgs__rosidl_generator_c
[2.129s] [ 24%] Built target nav2_msgs__rosidl_typesupport_fastrtps_cpp
[2.204s] [ 36%] Built target nav2_msgs__rosidl_typesupport_introspection_cpp
[2.205s] [ 48%] Built target nav2_msgs__rosidl_typesupport_cpp
[2.210s] [ 60%] Built target nav2_msgs__rosidl_typesupport_fastrtps_c
[2.212s] [ 72%] Built target nav2_msgs__rosidl_typesupport_introspection_c
[2.225s] [ 84%] Built target nav2_msgs__rosidl_typesupport_c
[2.280s] [ 84%] Built target nav2_msgs
[2.333s] [ 85%] Built target nav2_msgs__py
[2.404s] [ 96%] Built target nav2_msgs__python
[2.460s] [ 98%] Built target nav2_msgs__rosidl_typesupport_introspection_c__pyext
[2.484s] [ 99%] Built target nav2_msgs__rosidl_typesupport_fastrtps_c__pyext
[2.501s] [100%] Built target nav2_msgs__rosidl_typesupport_c__pyext
[2.541s] [36mInstall the project...[0m
[2.561s] -- Install configuration: "Release"
[2.562s] -- Execute custom install script
[2.563s] -- Up-to-date symlink: /home/iju/S08P31C208/ROS/robot_ws/install/nav2_msgs/share/ament_index/resource_index/rosidl_interfaces/nav2_msgs
[2.565s] -- Up-to-date symlink: /home/iju/S08P31C208/ROS/robot_ws/install/nav2_msgs/include/nav2_msgs/action/back_up.hpp
[2.566s] -- Up-to-date symlink: /home/iju/S08P31C208/ROS/robot_ws/install/nav2_msgs/include/nav2_msgs/action/back_up__struct.hpp
[2.566s] -- Up-to-date symlink: /home/iju/S08P31C208/ROS/robot_ws/install/nav2_msgs/include/nav2_msgs/action/back_up__traits.hpp
[2.566s] -- Up-to-date symlink: /home/iju/S08P31C208/ROS/robot_ws/install/nav2_msgs/include/nav2_msgs/action/compute_path_to_pose.hpp
[2.567s] -- Up-to-date symlink: /home/iju/S08P31C208/ROS/robot_ws/install/nav2_msgs/include/nav2_msgs/action/compute_path_to_pose__struct.hpp
[2.567s] -- Up-to-date symlink: /home/iju/S08P31C208/ROS/robot_ws/install/nav2_msgs/include/nav2_msgs/action/compute_path_to_pose__traits.hpp
[2.567s] -- Up-to-date symlink: /home/iju/S08P31C208/ROS/robot_ws/install/nav2_msgs/include/nav2_msgs/action/dummy_recovery.hpp
[2.568s] -- Up-to-date symlink: /home/iju/S08P31C208/ROS/robot_ws/install/nav2_msgs/include/nav2_msgs/action/dummy_recovery__struct.hpp
[2.569s] -- Up-to-date symlink: /home/iju/S08P31C208/ROS/robot_ws/install/nav2_msgs/include/nav2_msgs/action/dummy_recovery__traits.hpp
[2.569s] -- Up-to-date symlink: /home/iju/S08P31C208/ROS/robot_ws/install/nav2_msgs/include/nav2_msgs/action/follow_path.hpp
[2.569s] -- Up-to-date symlink: /home/iju/S08P31C208/ROS/robot_ws/install/nav2_msgs/include/nav2_msgs/action/follow_path__struct.hpp
[2.570s] -- Up-to-date symlink: /home/iju/S08P31C208/ROS/robot_ws/install/nav2_msgs/include/nav2_msgs/action/follow_path__traits.hpp
[2.570s] -- Up-to-date symlink: /home/iju/S08P31C208/ROS/robot_ws/install/nav2_msgs/include/nav2_msgs/action/navigate_to_pose.hpp
[2.571s] -- Up-to-date symlink: /home/iju/S08P31C208/ROS/robot_ws/install/nav2_msgs/include/nav2_msgs/action/navigate_to_pose__struct.hpp
[2.571s] -- Up-to-date symlink: /home/iju/S08P31C208/ROS/robot_ws/install/nav2_msgs/include/nav2_msgs/action/navigate_to_pose__traits.hpp
[2.572s] -- Up-to-date symlink: /home/iju/S08P31C208/ROS/robot_ws/install/nav2_msgs/include/nav2_msgs/action/random_crawl.hpp
[2.572s] -- Up-to-date symlink: /home/iju/S08P31C208/ROS/robot_ws/install/nav2_msgs/include/nav2_msgs/action/random_crawl__struct.hpp
[2.573s] -- Up-to-date symlink: /home/iju/S08P31C208/ROS/robot_ws/install/nav2_msgs/include/nav2_msgs/action/random_crawl__traits.hpp
[2.573s] -- Up-to-date symlink: /home/iju/S08P31C208/ROS/robot_ws/install/nav2_msgs/include/nav2_msgs/action/spin.hpp
[2.573s] -- Up-to-date symlink: /home/iju/S08P31C208/ROS/robot_ws/install/nav2_msgs/include/nav2_msgs/action/spin__struct.hpp
[2.574s] -- Up-to-date symlink: /home/iju/S08P31C208/ROS/robot_ws/install/nav2_msgs/include/nav2_msgs/action/spin__traits.hpp
[2.574s] -- Up-to-date symlink: /home/iju/S08P31C208/ROS/robot_ws/install/nav2_msgs/include/nav2_msgs/msg/costmap.hpp
[2.574s] -- Up-to-date symlink: /home/iju/S08P31C208/ROS/robot_ws/install/nav2_msgs/include/nav2_msgs/msg/costmap__struct.hpp
[2.575s] -- Up-to-date symlink: /home/iju/S08P31C208/ROS/robot_ws/install/nav2_msgs/include/nav2_msgs/msg/costmap__traits.hpp
[2.575s] -- Up-to-date symlink: /home/iju/S08P31C208/ROS/robot_ws/install/nav2_msgs/include/nav2_msgs/msg/costmap_meta_data.hpp
[2.577s] -- Up-to-date symlink: /home/iju/S08P31C208/ROS/robot_ws/install/nav2_msgs/include/nav2_msgs/msg/costmap_meta_data__struct.hpp
[2.577s] -- Up-to-date symlink: /home/iju/S08P31C208/ROS/robot_ws/install/nav2_msgs/include/nav2_msgs/msg/costmap_meta_data__traits.hpp
[2.577s] -- Up-to-date symlink: /home/iju/S08P31C208/ROS/robot_ws/install/nav2_msgs/include/nav2_msgs/msg/path.hpp
[2.578s] -- Up-to-date symlink: /home/iju/S08P31C208/ROS/robot_ws/install/nav2_msgs/include/nav2_msgs/msg/path__struct.hpp
[2.578s] -- Up-to-date symlink: /home/iju/S08P31C208/ROS/robot_ws/install/nav2_msgs/include/nav2_msgs/msg/path__traits.hpp
[2.578s] -- Up-to-date symlink: /home/iju/S08P31C208/ROS/robot_ws/install/nav2_msgs/include/nav2_msgs/msg/voxel_grid.hpp
[2.579s] -- Up-to-date symlink: /home/iju/S08P31C208/ROS/robot_ws/install/nav2_msgs/include/nav2_msgs/msg/voxel_grid__struct.hpp
[2.579s] -- Up-to-date symlink: /home/iju/S08P31C208/ROS/robot_ws/install/nav2_msgs/include/nav2_msgs/msg/voxel_grid__traits.hpp
[2.579s] -- Up-to-date symlink: /home/iju/S08P31C208/ROS/robot_ws/install/nav2_msgs/include/nav2_msgs/srv/clear_costmap_around_robot.hpp
[2.580s] -- Up-to-date symlink: /home/iju/S08P31C208/ROS/robot_ws/install/nav2_msgs/include/nav2_msgs/srv/clear_costmap_around_robot__struct.hpp
[2.580s] -- Up-to-date symlink: /home/iju/S08P31C208/ROS/robot_ws/install/nav2_msgs/include/nav2_msgs/srv/clear_costmap_around_robot__traits.hpp
[2.581s] -- Up-to-date symlink: /home/iju/S08P31C208/ROS/robot_ws/install/nav2_msgs/include/nav2_msgs/srv/clear_costmap_except_region.hpp
[2.581s] -- Up-to-date symlink: /home/iju/S08P31C208/ROS/robot_ws/install/nav2_msgs/include/nav2_msgs/srv/clear_costmap_except_region__struct.hpp
[2.581s] -- Up-to-date symlink: /home/iju/S08P31C208/ROS/robot_ws/install/nav2_msgs/include/nav2_msgs/srv/clear_costmap_except_region__traits.hpp
[2.582s] -- Up-to-date symlink: /home/iju/S08P31C208/ROS/robot_ws/install/nav2_msgs/include/nav2_msgs/srv/clear_entire_costmap.hpp
[2.582s] -- Up-to-date symlink: /home/iju/S08P31C208/ROS/robot_ws/install/nav2_msgs/include/nav2_msgs/srv/clear_entire_costmap__struct.hpp
[2.583s] -- Up-to-date symlink: /home/iju/S08P31C208/ROS/robot_ws/install/nav2_msgs/include/nav2_msgs/srv/clear_entire_costmap__traits.hpp
[2.583s] -- Up-to-date symlink: /home/iju/S08P31C208/ROS/robot_ws/install/nav2_msgs/include/nav2_msgs/srv/get_costmap.hpp
[2.584s] -- Up-to-date symlink: /home/iju/S08P31C208/ROS/robot_ws/install/nav2_msgs/include/nav2_msgs/srv/get_costmap__struct.hpp
[2.584s] -- Up-to-date symlink: /home/iju/S08P31C208/ROS/robot_ws/install/nav2_msgs/include/nav2_msgs/srv/get_costmap__traits.hpp
[2.586s] -- Up-to-date symlink: /home/iju/S08P31C208/ROS/robot_ws/install/nav2_msgs/include/nav2_msgs/action/back_up.h
[2.586s] -- Up-to-date symlink: /home/iju/S08P31C208/ROS/robot_ws/install/nav2_msgs/include/nav2_msgs/action/back_up__functions.h
[2.586s] -- Up-to-date symlink: /home/iju/S08P31C208/ROS/robot_ws/install/nav2_msgs/include/nav2_msgs/action/back_up__struct.h
[2.587s] -- Up-to-date symlink: /home/iju/S08P31C208/ROS/robot_ws/install/nav2_msgs/include/nav2_msgs/action/back_up__type_support.h
[2.587s] -- Up-to-date symlink: /home/iju/S08P31C208/ROS/robot_ws/install/nav2_msgs/include/nav2_msgs/action/compute_path_to_pose.h
[2.588s] -- Up-to-date symlink: /home/iju/S08P31C208/ROS/robot_ws/install/nav2_msgs/include/nav2_msgs/action/compute_path_to_pose__functions.h
[2.588s] -- Up-to-date symlink: /home/iju/S08P31C208/ROS/robot_ws/install/nav2_msgs/include/nav2_msgs/action/compute_path_to_pose__struct.h
[2.588s] -- Up-to-date symlink: /home/iju/S08P31C208/ROS/robot_ws/install/nav2_msgs/include/nav2_msgs/action/compute_path_to_pose__type_support.h
[2.589s] -- Up-to-date symlink: /home/iju/S08P31C208/ROS/robot_ws/install/nav2_msgs/include/nav2_msgs/action/dummy_recovery.h
[2.589s] -- Up-to-date symlink: /home/iju/S08P31C208/ROS/robot_ws/install/nav2_msgs/include/nav2_msgs/action/dummy_recovery__functions.h
[2.590s] -- Up-to-date symlink: /home/iju/S08P31C208/ROS/robot_ws/install/nav2_msgs/include/nav2_msgs/action/dummy_recovery__struct.h
[2.590s] -- Up-to-date symlink: /home/iju/S08P31C208/ROS/robot_ws/install/nav2_msgs/include/nav2_msgs/action/dummy_recovery__type_support.h
[2.591s] -- Up-to-date symlink: /home/iju/S08P31C208/ROS/robot_ws/install/nav2_msgs/include/nav2_msgs/action/follow_path.h
[2.591s] -- Up-to-date symlink: /home/iju/S08P31C208/ROS/robot_ws/install/nav2_msgs/include/nav2_msgs/action/follow_path__functions.h
[2.591s] -- Up-to-date symlink: /home/iju/S08P31C208/ROS/robot_ws/install/nav2_msgs/include/nav2_msgs/action/follow_path__struct.h
[2.592s] -- Up-to-date symlink: /home/iju/S08P31C208/ROS/robot_ws/install/nav2_msgs/include/nav2_msgs/action/follow_path__type_support.h
[2.592s] -- Up-to-date symlink: /home/iju/S08P31C208/ROS/robot_ws/install/nav2_msgs/include/nav2_msgs/action/navigate_to_pose.h
[2.592s] -- Up-to-date symlink: /home/iju/S08P31C208/ROS/robot_ws/install/nav2_msgs/include/nav2_msgs/action/navigate_to_pose__functions.h
[2.593s] -- Up-to-date symlink: /home/iju/S08P31C208/ROS/robot_ws/install/nav2_msgs/include/nav2_msgs/action/navigate_to_pose__struct.h
[2.593s] -- Up-to-date symlink: /home/iju/S08P31C208/ROS/robot_ws/install/nav2_msgs/include/nav2_msgs/action/navigate_to_pose__type_support.h
[2.594s] -- Up-to-date symlink: /home/iju/S08P31C208/ROS/robot_ws/install/nav2_msgs/include/nav2_msgs/action/random_crawl.h
[2.594s] -- Up-to-date symlink: /home/iju/S08P31C208/ROS/robot_ws/install/nav2_msgs/include/nav2_msgs/action/random_crawl__functions.h
[2.594s] -- Up-to-date symlink: /home/iju/S08P31C208/ROS/robot_ws/install/nav2_msgs/include/nav2_msgs/action/random_crawl__struct.h
[2.595s] -- Up-to-date symlink: /home/iju/S08P31C208/ROS/robot_ws/install/nav2_msgs/include/nav2_msgs/action/random_crawl__type_support.h
[2.596s] -- Up-to-date symlink: /home/iju/S08P31C208/ROS/robot_ws/install/nav2_msgs/include/nav2_msgs/action/spin.h
[2.597s] -- Up-to-date symlink: /home/iju/S08P31C208/ROS/robot_ws/install/nav2_msgs/include/nav2_msgs/action/spin__functions.h
[2.597s] -- Up-to-date symlink: /home/iju/S08P31C208/ROS/robot_ws/install/nav2_msgs/include/nav2_msgs/action/spin__struct.h
[2.597s] -- Up-to-date symlink: /home/iju/S08P31C208/ROS/robot_ws/install/nav2_msgs/include/nav2_msgs/action/spin__type_support.h
[2.597s] -- Up-to-date symlink: /home/iju/S08P31C208/ROS/robot_ws/install/nav2_msgs/include/nav2_msgs/msg/costmap.h
[2.597s] -- Up-to-date symlink: /home/iju/S08P31C208/ROS/robot_ws/install/nav2_msgs/include/nav2_msgs/msg/costmap__functions.h
[2.598s] -- Up-to-date symlink: /home/iju/S08P31C208/ROS/robot_ws/install/nav2_msgs/include/nav2_msgs/msg/costmap__struct.h
[2.608s] -- Up-to-date symlink: /home/iju/S08P31C208/ROS/robot_ws/install/nav2_msgs/include/nav2_msgs/msg/costmap__type_support.h
[2.609s] -- Up-to-date symlink: /home/iju/S08P31C208/ROS/robot_ws/install/nav2_msgs/include/nav2_msgs/msg/costmap_meta_data.h
[2.609s] -- Up-to-date symlink: /home/iju/S08P31C208/ROS/robot_ws/install/nav2_msgs/include/nav2_msgs/msg/costmap_meta_data__functions.h
[2.609s] -- Up-to-date symlink: /home/iju/S08P31C208/ROS/robot_ws/install/nav2_msgs/include/nav2_msgs/msg/costmap_meta_data__struct.h
[2.609s] -- Up-to-date symlink: /home/iju/S08P31C208/ROS/robot_ws/install/nav2_msgs/include/nav2_msgs/msg/costmap_meta_data__type_support.h
[2.609s] -- Up-to-date symlink: /home/iju/S08P31C208/ROS/robot_ws/install/nav2_msgs/include/nav2_msgs/msg/path.h
[2.610s] -- Up-to-date symlink: /home/iju/S08P31C208/ROS/robot_ws/install/nav2_msgs/include/nav2_msgs/msg/path__functions.h
[2.610s] -- Up-to-date symlink: /home/iju/S08P31C208/ROS/robot_ws/install/nav2_msgs/include/nav2_msgs/msg/path__struct.h
[2.610s] -- Up-to-date symlink: /home/iju/S08P31C208/ROS/robot_ws/install/nav2_msgs/include/nav2_msgs/msg/path__type_support.h
[2.610s] -- Up-to-date symlink: /home/iju/S08P31C208/ROS/robot_ws/install/nav2_msgs/include/nav2_msgs/msg/rosidl_generator_c__visibility_control.h
[2.611s] -- Up-to-date symlink: /home/iju/S08P31C208/ROS/robot_ws/install/nav2_msgs/include/nav2_msgs/msg/voxel_grid.h
[2.611s] -- Up-to-date symlink: /home/iju/S08P31C208/ROS/robot_ws/install/nav2_msgs/include/nav2_msgs/msg/voxel_grid__functions.h
[2.611s] -- Up-to-date symlink: /home/iju/S08P31C208/ROS/robot_ws/install/nav2_msgs/include/nav2_msgs/msg/voxel_grid__struct.h
[2.612s] -- Up-to-date symlink: /home/iju/S08P31C208/ROS/robot_ws/install/nav2_msgs/include/nav2_msgs/msg/voxel_grid__type_support.h
[2.612s] -- Up-to-date symlink: /home/iju/S08P31C208/ROS/robot_ws/install/nav2_msgs/include/nav2_msgs/srv/clear_costmap_around_robot.h
[2.612s] -- Up-to-date symlink: /home/iju/S08P31C208/ROS/robot_ws/install/nav2_msgs/include/nav2_msgs/srv/clear_costmap_around_robot__functions.h
[2.613s] -- Up-to-date symlink: /home/iju/S08P31C208/ROS/robot_ws/install/nav2_msgs/include/nav2_msgs/srv/clear_costmap_around_robot__struct.h
[2.613s] -- Up-to-date symlink: /home/iju/S08P31C208/ROS/robot_ws/install/nav2_msgs/include/nav2_msgs/srv/clear_costmap_around_robot__type_support.h
[2.614s] -- Up-to-date symlink: /home/iju/S08P31C208/ROS/robot_ws/install/nav2_msgs/include/nav2_msgs/srv/clear_costmap_except_region.h
[2.614s] -- Up-to-date symlink: /home/iju/S08P31C208/ROS/robot_ws/install/nav2_msgs/include/nav2_msgs/srv/clear_costmap_except_region__functions.h
[2.614s] -- Up-to-date symlink: /home/iju/S08P31C208/ROS/robot_ws/install/nav2_msgs/include/nav2_msgs/srv/clear_costmap_except_region__struct.h
[2.614s] -- Up-to-date symlink: /home/iju/S08P31C208/ROS/robot_ws/install/nav2_msgs/include/nav2_msgs/srv/clear_costmap_except_region__type_support.h
[2.614s] -- Up-to-date symlink: /home/iju/S08P31C208/ROS/robot_ws/install/nav2_msgs/include/nav2_msgs/srv/clear_entire_costmap.h
[2.615s] -- Up-to-date symlink: /home/iju/S08P31C208/ROS/robot_ws/install/nav2_msgs/include/nav2_msgs/srv/clear_entire_costmap__functions.h
[2.615s] -- Up-to-date symlink: /home/iju/S08P31C208/ROS/robot_ws/install/nav2_msgs/include/nav2_msgs/srv/clear_entire_costmap__struct.h
[2.615s] -- Up-to-date symlink: /home/iju/S08P31C208/ROS/robot_ws/install/nav2_msgs/include/nav2_msgs/srv/clear_entire_costmap__type_support.h
[2.616s] -- Up-to-date symlink: /home/iju/S08P31C208/ROS/robot_ws/install/nav2_msgs/include/nav2_msgs/srv/get_costmap.h
[2.616s] -- Up-to-date symlink: /home/iju/S08P31C208/ROS/robot_ws/install/nav2_msgs/include/nav2_msgs/srv/get_costmap__functions.h
[2.616s] -- Up-to-date symlink: /home/iju/S08P31C208/ROS/robot_ws/install/nav2_msgs/include/nav2_msgs/srv/get_costmap__struct.h
[2.617s] -- Up-to-date symlink: /home/iju/S08P31C208/ROS/robot_ws/install/nav2_msgs/include/nav2_msgs/srv/get_costmap__type_support.h
[2.617s] -- Up-to-date symlink: /home/iju/S08P31C208/ROS/robot_ws/install/nav2_msgs/share/nav2_msgs/environment/library_path.sh
[2.618s] -- Up-to-date symlink: /home/iju/S08P31C208/ROS/robot_ws/install/nav2_msgs/lib/libnav2_msgs__rosidl_generator_c.so
[2.618s] -- Up-to-date symlink: /home/iju/S08P31C208/ROS/robot_ws/install/nav2_msgs/lib/libnav2_msgs__rosidl_typesupport_c.so
[2.618s] -- Up-to-date symlink: /home/iju/S08P31C208/ROS/robot_ws/install/nav2_msgs/lib/libnav2_msgs__rosidl_typesupport_cpp.so
[2.620s] -- Up-to-date symlink: /home/iju/S08P31C208/ROS/robot_ws/install/nav2_msgs/include/nav2_msgs/action/back_up__rosidl_typesupport_introspection_c.h
[2.620s] -- Up-to-date symlink: /home/iju/S08P31C208/ROS/robot_ws/install/nav2_msgs/include/nav2_msgs/action/compute_path_to_pose__rosidl_typesupport_introspection_c.h
[2.621s] -- Up-to-date symlink: /home/iju/S08P31C208/ROS/robot_ws/install/nav2_msgs/include/nav2_msgs/action/dummy_recovery__rosidl_typesupport_introspection_c.h
[2.621s] -- Up-to-date symlink: /home/iju/S08P31C208/ROS/robot_ws/install/nav2_msgs/include/nav2_msgs/action/follow_path__rosidl_typesupport_introspection_c.h
[2.621s] -- Up-to-date symlink: /home/iju/S08P31C208/ROS/robot_ws/install/nav2_msgs/include/nav2_msgs/action/navigate_to_pose__rosidl_typesupport_introspection_c.h
[2.621s] -- Up-to-date symlink: /home/iju/S08P31C208/ROS/robot_ws/install/nav2_msgs/include/nav2_msgs/action/random_crawl__rosidl_typesupport_introspection_c.h
[2.622s] -- Up-to-date symlink: /home/iju/S08P31C208/ROS/robot_ws/install/nav2_msgs/include/nav2_msgs/action/spin__rosidl_typesupport_introspection_c.h
[2.622s] -- Up-to-date symlink: /home/iju/S08P31C208/ROS/robot_ws/install/nav2_msgs/include/nav2_msgs/msg/costmap__rosidl_typesupport_introspection_c.h
[2.623s] -- Up-to-date symlink: /home/iju/S08P31C208/ROS/robot_ws/install/nav2_msgs/include/nav2_msgs/msg/costmap_meta_data__rosidl_typesupport_introspection_c.h
[2.623s] -- Up-to-date symlink: /home/iju/S08P31C208/ROS/robot_ws/install/nav2_msgs/include/nav2_msgs/msg/path__rosidl_typesupport_introspection_c.h
[2.623s] -- Up-to-date symlink: /home/iju/S08P31C208/ROS/robot_ws/install/nav2_msgs/include/nav2_msgs/msg/rosidl_typesupport_introspection_c__visibility_control.h
[2.624s] -- Up-to-date symlink: /home/iju/S08P31C208/ROS/robot_ws/install/nav2_msgs/include/nav2_msgs/msg/voxel_grid__rosidl_typesupport_introspection_c.h
[2.624s] -- Up-to-date symlink: /home/iju/S08P31C208/ROS/robot_ws/install/nav2_msgs/include/nav2_msgs/srv/clear_costmap_around_robot__rosidl_typesupport_introspection_c.h
[2.624s] -- Up-to-date symlink: /home/iju/S08P31C208/ROS/robot_ws/install/nav2_msgs/include/nav2_msgs/srv/clear_costmap_except_region__rosidl_typesupport_introspection_c.h
[2.625s] -- Up-to-date symlink: /home/iju/S08P31C208/ROS/robot_ws/install/nav2_msgs/include/nav2_msgs/srv/clear_entire_costmap__rosidl_typesupport_introspection_c.h
[2.625s] -- Up-to-date symlink: /home/iju/S08P31C208/ROS/robot_ws/install/nav2_msgs/include/nav2_msgs/srv/get_costmap__rosidl_typesupport_introspection_c.h
[2.626s] -- Up-to-date symlink: /home/iju/S08P31C208/ROS/robot_ws/install/nav2_msgs/lib/libnav2_msgs__rosidl_typesupport_introspection_c.so
[2.627s] -- Up-to-date symlink: /home/iju/S08P31C208/ROS/robot_ws/install/nav2_msgs/include/nav2_msgs/action/back_up__rosidl_typesupport_introspection_cpp.hpp
[2.628s] -- Up-to-date symlink: /home/iju/S08P31C208/ROS/robot_ws/install/nav2_msgs/include/nav2_msgs/action/compute_path_to_pose__rosidl_typesupport_introspection_cpp.hpp
[2.628s] -- Up-to-date symlink: /home/iju/S08P31C208/ROS/robot_ws/install/nav2_msgs/include/nav2_msgs/action/dummy_recovery__rosidl_typesupport_introspection_cpp.hpp
[2.628s] -- Up-to-date symlink: /home/iju/S08P31C208/ROS/robot_ws/install/nav2_msgs/include/nav2_msgs/action/follow_path__rosidl_typesupport_introspection_cpp.hpp
[2.629s] -- Up-to-date symlink: /home/iju/S08P31C208/ROS/robot_ws/install/nav2_msgs/include/nav2_msgs/action/navigate_to_pose__rosidl_typesupport_introspection_cpp.hpp
[2.630s] -- Up-to-date symlink: /home/iju/S08P31C208/ROS/robot_ws/install/nav2_msgs/include/nav2_msgs/action/random_crawl__rosidl_typesupport_introspection_cpp.hpp
[2.630s] -- Up-to-date symlink: /home/iju/S08P31C208/ROS/robot_ws/install/nav2_msgs/include/nav2_msgs/action/spin__rosidl_typesupport_introspection_cpp.hpp
[2.630s] -- Up-to-date symlink: /home/iju/S08P31C208/ROS/robot_ws/install/nav2_msgs/include/nav2_msgs/msg/costmap__rosidl_typesupport_introspection_cpp.hpp
[2.630s] -- Up-to-date symlink: /home/iju/S08P31C208/ROS/robot_ws/install/nav2_msgs/include/nav2_msgs/msg/costmap_meta_data__rosidl_typesupport_introspection_cpp.hpp
[2.631s] -- Up-to-date symlink: /home/iju/S08P31C208/ROS/robot_ws/install/nav2_msgs/include/nav2_msgs/msg/path__rosidl_typesupport_introspection_cpp.hpp
[2.631s] -- Up-to-date symlink: /home/iju/S08P31C208/ROS/robot_ws/install/nav2_msgs/include/nav2_msgs/msg/voxel_grid__rosidl_typesupport_introspection_cpp.hpp
[2.631s] -- Up-to-date symlink: /home/iju/S08P31C208/ROS/robot_ws/install/nav2_msgs/include/nav2_msgs/srv/clear_costmap_around_robot__rosidl_typesupport_introspection_cpp.hpp
[2.632s] -- Up-to-date symlink: /home/iju/S08P31C208/ROS/robot_ws/install/nav2_msgs/include/nav2_msgs/srv/clear_costmap_except_region__rosidl_typesupport_introspection_cpp.hpp
[2.632s] -- Up-to-date symlink: /home/iju/S08P31C208/ROS/robot_ws/install/nav2_msgs/include/nav2_msgs/srv/clear_entire_costmap__rosidl_typesupport_introspection_cpp.hpp
[2.633s] -- Up-to-date symlink: /home/iju/S08P31C208/ROS/robot_ws/install/nav2_msgs/include/nav2_msgs/srv/get_costmap__rosidl_typesupport_introspection_cpp.hpp
[2.633s] -- Up-to-date symlink: /home/iju/S08P31C208/ROS/robot_ws/install/nav2_msgs/lib/libnav2_msgs__rosidl_typesupport_introspection_cpp.so
[2.634s] -- Up-to-date symlink: /home/iju/S08P31C208/ROS/robot_ws/install/nav2_msgs/include/nav2_msgs/action/back_up__rosidl_typesupport_fastrtps_c.h
[2.635s] -- Up-to-date symlink: /home/iju/S08P31C208/ROS/robot_ws/install/nav2_msgs/include/nav2_msgs/action/compute_path_to_pose__rosidl_typesupport_fastrtps_c.h
[2.635s] -- Up-to-date symlink: /home/iju/S08P31C208/ROS/robot_ws/install/nav2_msgs/include/nav2_msgs/action/dummy_recovery__rosidl_typesupport_fastrtps_c.h
[2.635s] -- Up-to-date symlink: /home/iju/S08P31C208/ROS/robot_ws/install/nav2_msgs/include/nav2_msgs/action/follow_path__rosidl_typesupport_fastrtps_c.h
[2.636s] -- Up-to-date symlink: /home/iju/S08P31C208/ROS/robot_ws/install/nav2_msgs/include/nav2_msgs/action/navigate_to_pose__rosidl_typesupport_fastrtps_c.h
[2.636s] -- Up-to-date symlink: /home/iju/S08P31C208/ROS/robot_ws/install/nav2_msgs/include/nav2_msgs/action/random_crawl__rosidl_typesupport_fastrtps_c.h
[2.636s] -- Up-to-date symlink: /home/iju/S08P31C208/ROS/robot_ws/install/nav2_msgs/include/nav2_msgs/action/spin__rosidl_typesupport_fastrtps_c.h
[2.637s] -- Up-to-date symlink: /home/iju/S08P31C208/ROS/robot_ws/install/nav2_msgs/include/nav2_msgs/msg/costmap__rosidl_typesupport_fastrtps_c.h
[2.637s] -- Up-to-date symlink: /home/iju/S08P31C208/ROS/robot_ws/install/nav2_msgs/include/nav2_msgs/msg/costmap_meta_data__rosidl_typesupport_fastrtps_c.h
[2.637s] -- Up-to-date symlink: /home/iju/S08P31C208/ROS/robot_ws/install/nav2_msgs/include/nav2_msgs/msg/path__rosidl_typesupport_fastrtps_c.h
[2.638s] -- Up-to-date symlink: /home/iju/S08P31C208/ROS/robot_ws/install/nav2_msgs/include/nav2_msgs/msg/rosidl_typesupport_fastrtps_c__visibility_control.h
[2.638s] -- Up-to-date symlink: /home/iju/S08P31C208/ROS/robot_ws/install/nav2_msgs/include/nav2_msgs/msg/voxel_grid__rosidl_typesupport_fastrtps_c.h
[2.638s] -- Up-to-date symlink: /home/iju/S08P31C208/ROS/robot_ws/install/nav2_msgs/include/nav2_msgs/srv/clear_costmap_around_robot__rosidl_typesupport_fastrtps_c.h
[2.638s] -- Up-to-date symlink: /home/iju/S08P31C208/ROS/robot_ws/install/nav2_msgs/include/nav2_msgs/srv/clear_costmap_except_region__rosidl_typesupport_fastrtps_c.h
[2.639s] -- Up-to-date symlink: /home/iju/S08P31C208/ROS/robot_ws/install/nav2_msgs/include/nav2_msgs/srv/clear_entire_costmap__rosidl_typesupport_fastrtps_c.h
[2.639s] -- Up-to-date symlink: /home/iju/S08P31C208/ROS/robot_ws/install/nav2_msgs/include/nav2_msgs/srv/get_costmap__rosidl_typesupport_fastrtps_c.h
[2.640s] -- Up-to-date symlink: /home/iju/S08P31C208/ROS/robot_ws/install/nav2_msgs/lib/libnav2_msgs__rosidl_typesupport_fastrtps_c.so
[2.641s] -- Up-to-date symlink: /home/iju/S08P31C208/ROS/robot_ws/install/nav2_msgs/include/nav2_msgs/action/back_up__rosidl_typesupport_fastrtps_cpp.hpp
[2.642s] -- Up-to-date symlink: /home/iju/S08P31C208/ROS/robot_ws/install/nav2_msgs/include/nav2_msgs/action/compute_path_to_pose__rosidl_typesupport_fastrtps_cpp.hpp
[2.642s] -- Up-to-date symlink: /home/iju/S08P31C208/ROS/robot_ws/install/nav2_msgs/include/nav2_msgs/action/dummy_recovery__rosidl_typesupport_fastrtps_cpp.hpp
[2.643s] -- Up-to-date symlink: /home/iju/S08P31C208/ROS/robot_ws/install/nav2_msgs/include/nav2_msgs/action/follow_path__rosidl_typesupport_fastrtps_cpp.hpp
[2.643s] -- Up-to-date symlink: /home/iju/S08P31C208/ROS/robot_ws/install/nav2_msgs/include/nav2_msgs/action/navigate_to_pose__rosidl_typesupport_fastrtps_cpp.hpp
[2.643s] -- Up-to-date symlink: /home/iju/S08P31C208/ROS/robot_ws/install/nav2_msgs/include/nav2_msgs/action/random_crawl__rosidl_typesupport_fastrtps_cpp.hpp
[2.643s] -- Up-to-date symlink: /home/iju/S08P31C208/ROS/robot_ws/install/nav2_msgs/include/nav2_msgs/action/spin__rosidl_typesupport_fastrtps_cpp.hpp
[2.644s] -- Up-to-date symlink: /home/iju/S08P31C208/ROS/robot_ws/install/nav2_msgs/include/nav2_msgs/msg/costmap__rosidl_typesupport_fastrtps_cpp.hpp
[2.644s] -- Up-to-date symlink: /home/iju/S08P31C208/ROS/robot_ws/install/nav2_msgs/include/nav2_msgs/msg/costmap_meta_data__rosidl_typesupport_fastrtps_cpp.hpp
[2.644s] -- Up-to-date symlink: /home/iju/S08P31C208/ROS/robot_ws/install/nav2_msgs/include/nav2_msgs/msg/path__rosidl_typesupport_fastrtps_cpp.hpp
[2.645s] -- Up-to-date symlink: /home/iju/S08P31C208/ROS/robot_ws/install/nav2_msgs/include/nav2_msgs/msg/rosidl_typesupport_fastrtps_cpp__visibility_control.h
[2.645s] -- Up-to-date symlink: /home/iju/S08P31C208/ROS/robot_ws/install/nav2_msgs/include/nav2_msgs/msg/voxel_grid__rosidl_typesupport_fastrtps_cpp.hpp
[2.645s] -- Up-to-date symlink: /home/iju/S08P31C208/ROS/robot_ws/install/nav2_msgs/include/nav2_msgs/srv/clear_costmap_around_robot__rosidl_typesupport_fastrtps_cpp.hpp
[2.645s] -- Up-to-date symlink: /home/iju/S08P31C208/ROS/robot_ws/install/nav2_msgs/include/nav2_msgs/srv/clear_costmap_except_region__rosidl_typesupport_fastrtps_cpp.hpp
[2.646s] -- Up-to-date symlink: /home/iju/S08P31C208/ROS/robot_ws/install/nav2_msgs/include/nav2_msgs/srv/clear_entire_costmap__rosidl_typesupport_fastrtps_cpp.hpp
[2.646s] -- Up-to-date symlink: /home/iju/S08P31C208/ROS/robot_ws/install/nav2_msgs/include/nav2_msgs/srv/get_costmap__rosidl_typesupport_fastrtps_cpp.hpp
[2.647s] -- Up-to-date symlink: /home/iju/S08P31C208/ROS/robot_ws/install/nav2_msgs/lib/libnav2_msgs__rosidl_typesupport_fastrtps_cpp.so
[2.647s] -- Up-to-date symlink: /home/iju/S08P31C208/ROS/robot_ws/install/nav2_msgs/share/nav2_msgs/environment/pythonpath.sh
[2.648s] -- Up-to-date symlink: /home/iju/S08P31C208/ROS/robot_ws/install/nav2_msgs/lib/python3.6/site-packages/nav2_msgs/__init__.py
[2.658s] -- Up-to-date symlink: /home/iju/S08P31C208/ROS/robot_ws/install/nav2_msgs/lib/python3.6/site-packages/nav2_msgs/msg/__init__.py
[2.663s] -- Up-to-date symlink: /home/iju/S08P31C208/ROS/robot_ws/install/nav2_msgs/lib/python3.6/site-packages/nav2_msgs/msg/_costmap.py
[2.669s] -- Up-to-date symlink: /home/iju/S08P31C208/ROS/robot_ws/install/nav2_msgs/lib/python3.6/site-packages/nav2_msgs/msg/_costmap_meta_data.py
[2.669s] -- Up-to-date symlink: /home/iju/S08P31C208/ROS/robot_ws/install/nav2_msgs/lib/python3.6/site-packages/nav2_msgs/msg/_path.py
[2.669s] -- Up-to-date symlink: /home/iju/S08P31C208/ROS/robot_ws/install/nav2_msgs/lib/python3.6/site-packages/nav2_msgs/msg/_voxel_grid.py
[2.670s] -- Up-to-date symlink: /home/iju/S08P31C208/ROS/robot_ws/install/nav2_msgs/lib/python3.6/site-packages/nav2_msgs/srv/__init__.py
[2.670s] -- Up-to-date symlink: /home/iju/S08P31C208/ROS/robot_ws/install/nav2_msgs/lib/python3.6/site-packages/nav2_msgs/srv/_clear_costmap_around_robot.py
[2.670s] -- Up-to-date symlink: /home/iju/S08P31C208/ROS/robot_ws/install/nav2_msgs/lib/python3.6/site-packages/nav2_msgs/srv/_clear_costmap_except_region.py
[2.670s] -- Up-to-date symlink: /home/iju/S08P31C208/ROS/robot_ws/install/nav2_msgs/lib/python3.6/site-packages/nav2_msgs/srv/_clear_entire_costmap.py
[2.670s] -- Up-to-date symlink: /home/iju/S08P31C208/ROS/robot_ws/install/nav2_msgs/lib/python3.6/site-packages/nav2_msgs/srv/_get_costmap.py
[2.676s] -- Up-to-date symlink: /home/iju/S08P31C208/ROS/robot_ws/install/nav2_msgs/lib/python3.6/site-packages/nav2_msgs/action/__init__.py
[2.676s] -- Up-to-date symlink: /home/iju/S08P31C208/ROS/robot_ws/install/nav2_msgs/lib/python3.6/site-packages/nav2_msgs/action/_back_up.py
[2.679s] -- Up-to-date symlink: /home/iju/S08P31C208/ROS/robot_ws/install/nav2_msgs/lib/python3.6/site-packages/nav2_msgs/action/_compute_path_to_pose.py
[2.679s] -- Up-to-date symlink: /home/iju/S08P31C208/ROS/robot_ws/install/nav2_msgs/lib/python3.6/site-packages/nav2_msgs/action/_dummy_recovery.py
[2.679s] -- Up-to-date symlink: /home/iju/S08P31C208/ROS/robot_ws/install/nav2_msgs/lib/python3.6/site-packages/nav2_msgs/action/_follow_path.py
[2.679s] -- Up-to-date symlink: /home/iju/S08P31C208/ROS/robot_ws/install/nav2_msgs/lib/python3.6/site-packages/nav2_msgs/action/_navigate_to_pose.py
[2.679s] -- Up-to-date symlink: /home/iju/S08P31C208/ROS/robot_ws/install/nav2_msgs/lib/python3.6/site-packages/nav2_msgs/action/_random_crawl.py
[2.679s] -- Up-to-date symlink: /home/iju/S08P31C208/ROS/robot_ws/install/nav2_msgs/lib/python3.6/site-packages/nav2_msgs/action/_spin.py
[2.679s] -- Up-to-date symlink: /home/iju/S08P31C208/ROS/robot_ws/install/nav2_msgs/lib/python3.6/site-packages/nav2_msgs/nav2_msgs_s__rosidl_typesupport_c.cpython-36m-x86_64-linux-gnu.so
[2.680s] -- Up-to-date symlink: /home/iju/S08P31C208/ROS/robot_ws/install/nav2_msgs/lib/python3.6/site-packages/nav2_msgs/nav2_msgs_s__rosidl_typesupport_introspection_c.cpython-36m-x86_64-linux-gnu.so
[2.680s] -- Up-to-date symlink: /home/iju/S08P31C208/ROS/robot_ws/install/nav2_msgs/lib/python3.6/site-packages/nav2_msgs/nav2_msgs_s__rosidl_typesupport_fastrtps_c.cpython-36m-x86_64-linux-gnu.so
[2.680s] -- Up-to-date symlink: /home/iju/S08P31C208/ROS/robot_ws/install/nav2_msgs/lib/libnav2_msgs__python.so
[2.680s] -- Up-to-date symlink: /home/iju/S08P31C208/ROS/robot_ws/install/nav2_msgs/share/nav2_msgs/msg/Costmap.idl
[2.681s] -- Up-to-date symlink: /home/iju/S08P31C208/ROS/robot_ws/install/nav2_msgs/share/nav2_msgs/msg/CostmapMetaData.idl
[2.681s] -- Up-to-date symlink: /home/iju/S08P31C208/ROS/robot_ws/install/nav2_msgs/share/nav2_msgs/msg/Path.idl
[2.681s] -- Up-to-date symlink: /home/iju/S08P31C208/ROS/robot_ws/install/nav2_msgs/share/nav2_msgs/msg/VoxelGrid.idl
[2.681s] -- Up-to-date symlink: /home/iju/S08P31C208/ROS/robot_ws/install/nav2_msgs/share/nav2_msgs/srv/GetCostmap.idl
[2.682s] -- Up-to-date symlink: /home/iju/S08P31C208/ROS/robot_ws/install/nav2_msgs/share/nav2_msgs/srv/ClearCostmapExceptRegion.idl
[2.682s] -- Up-to-date symlink: /home/iju/S08P31C208/ROS/robot_ws/install/nav2_msgs/share/nav2_msgs/srv/ClearCostmapAroundRobot.idl
[2.682s] -- Up-to-date symlink: /home/iju/S08P31C208/ROS/robot_ws/install/nav2_msgs/share/nav2_msgs/srv/ClearEntireCostmap.idl
[2.682s] -- Up-to-date symlink: /home/iju/S08P31C208/ROS/robot_ws/install/nav2_msgs/share/nav2_msgs/action/BackUp.idl
[2.683s] -- Up-to-date symlink: /home/iju/S08P31C208/ROS/robot_ws/install/nav2_msgs/share/nav2_msgs/action/ComputePathToPose.idl
[2.683s] -- Up-to-date symlink: /home/iju/S08P31C208/ROS/robot_ws/install/nav2_msgs/share/nav2_msgs/action/FollowPath.idl
[2.683s] -- Up-to-date symlink: /home/iju/S08P31C208/ROS/robot_ws/install/nav2_msgs/share/nav2_msgs/action/NavigateToPose.idl
[2.683s] -- Up-to-date symlink: /home/iju/S08P31C208/ROS/robot_ws/install/nav2_msgs/share/nav2_msgs/action/Spin.idl
[2.684s] -- Up-to-date symlink: /home/iju/S08P31C208/ROS/robot_ws/install/nav2_msgs/share/nav2_msgs/action/DummyRecovery.idl
[2.684s] -- Up-to-date symlink: /home/iju/S08P31C208/ROS/robot_ws/install/nav2_msgs/share/nav2_msgs/action/RandomCrawl.idl
[2.684s] -- Up-to-date symlink: /home/iju/S08P31C208/ROS/robot_ws/install/nav2_msgs/share/nav2_msgs/msg/Costmap.msg
[2.684s] -- Up-to-date symlink: /home/iju/S08P31C208/ROS/robot_ws/install/nav2_msgs/share/nav2_msgs/msg/CostmapMetaData.msg
[2.684s] -- Up-to-date symlink: /home/iju/S08P31C208/ROS/robot_ws/install/nav2_msgs/share/nav2_msgs/msg/Path.msg
[2.684s] -- Up-to-date symlink: /home/iju/S08P31C208/ROS/robot_ws/install/nav2_msgs/share/nav2_msgs/msg/VoxelGrid.msg
[2.684s] -- Up-to-date symlink: /home/iju/S08P31C208/ROS/robot_ws/install/nav2_msgs/share/nav2_msgs/srv/GetCostmap.srv
[2.684s] -- Up-to-date symlink: /home/iju/S08P31C208/ROS/robot_ws/install/nav2_msgs/share/nav2_msgs/srv/GetCostmap_Request.msg
[2.684s] -- Up-to-date symlink: /home/iju/S08P31C208/ROS/robot_ws/install/nav2_msgs/share/nav2_msgs/srv/GetCostmap_Response.msg
[2.684s] -- Up-to-date symlink: /home/iju/S08P31C208/ROS/robot_ws/install/nav2_msgs/share/nav2_msgs/srv/ClearCostmapExceptRegion.srv
[2.685s] -- Up-to-date symlink: /home/iju/S08P31C208/ROS/robot_ws/install/nav2_msgs/share/nav2_msgs/srv/ClearCostmapExceptRegion_Request.msg
[2.685s] -- Up-to-date symlink: /home/iju/S08P31C208/ROS/robot_ws/install/nav2_msgs/share/nav2_msgs/srv/ClearCostmapExceptRegion_Response.msg
[2.685s] -- Up-to-date symlink: /home/iju/S08P31C208/ROS/robot_ws/install/nav2_msgs/share/nav2_msgs/srv/ClearCostmapAroundRobot.srv
[2.685s] -- Up-to-date symlink: /home/iju/S08P31C208/ROS/robot_ws/install/nav2_msgs/share/nav2_msgs/srv/ClearCostmapAroundRobot_Request.msg
[2.685s] -- Up-to-date symlink: /home/iju/S08P31C208/ROS/robot_ws/install/nav2_msgs/share/nav2_msgs/srv/ClearCostmapAroundRobot_Response.msg
[2.685s] -- Up-to-date symlink: /home/iju/S08P31C208/ROS/robot_ws/install/nav2_msgs/share/nav2_msgs/srv/ClearEntireCostmap.srv
[2.686s] -- Up-to-date symlink: /home/iju/S08P31C208/ROS/robot_ws/install/nav2_msgs/share/nav2_msgs/srv/ClearEntireCostmap_Request.msg
[2.686s] -- Up-to-date symlink: /home/iju/S08P31C208/ROS/robot_ws/install/nav2_msgs/share/nav2_msgs/srv/ClearEntireCostmap_Response.msg
[2.686s] -- Up-to-date symlink: /home/iju/S08P31C208/ROS/robot_ws/install/nav2_msgs/share/nav2_msgs/action/BackUp.action
[2.686s] -- Up-to-date symlink: /home/iju/S08P31C208/ROS/robot_ws/install/nav2_msgs/share/nav2_msgs/action/ComputePathToPose.action
[2.686s] -- Up-to-date symlink: /home/iju/S08P31C208/ROS/robot_ws/install/nav2_msgs/share/nav2_msgs/action/FollowPath.action
[2.686s] -- Up-to-date symlink: /home/iju/S08P31C208/ROS/robot_ws/install/nav2_msgs/share/nav2_msgs/action/NavigateToPose.action
[2.686s] -- Up-to-date symlink: /home/iju/S08P31C208/ROS/robot_ws/install/nav2_msgs/share/nav2_msgs/action/Spin.action
[2.686s] -- Up-to-date symlink: /home/iju/S08P31C208/ROS/robot_ws/install/nav2_msgs/share/nav2_msgs/action/DummyRecovery.action
[2.686s] -- Up-to-date symlink: /home/iju/S08P31C208/ROS/robot_ws/install/nav2_msgs/share/nav2_msgs/action/RandomCrawl.action
[2.687s] -- Up-to-date symlink: /home/iju/S08P31C208/ROS/robot_ws/install/nav2_msgs/share/ament_index/resource_index/package_run_dependencies/nav2_msgs
[2.687s] -- Up-to-date symlink: /home/iju/S08P31C208/ROS/robot_ws/install/nav2_msgs/share/ament_index/resource_index/parent_prefix_path/nav2_msgs
[2.687s] -- Up-to-date symlink: /home/iju/S08P31C208/ROS/robot_ws/install/nav2_msgs/share/nav2_msgs/environment/ament_prefix_path.sh
[2.687s] -- Up-to-date symlink: /home/iju/S08P31C208/ROS/robot_ws/install/nav2_msgs/share/nav2_msgs/environment/path.sh
[2.687s] -- Up-to-date symlink: /home/iju/S08P31C208/ROS/robot_ws/install/nav2_msgs/share/nav2_msgs/local_setup.bash
[2.687s] -- Up-to-date symlink: /home/iju/S08P31C208/ROS/robot_ws/install/nav2_msgs/share/nav2_msgs/local_setup.sh
[2.687s] -- Up-to-date symlink: /home/iju/S08P31C208/ROS/robot_ws/install/nav2_msgs/share/nav2_msgs/local_setup.zsh
[2.688s] -- Up-to-date symlink: /home/iju/S08P31C208/ROS/robot_ws/install/nav2_msgs/share/ament_index/resource_index/packages/nav2_msgs
[2.688s] -- Up-to-date symlink: /home/iju/S08P31C208/ROS/robot_ws/install/nav2_msgs/share/nav2_msgs/cmake/rosidl_cmake-extras.cmake
[2.688s] -- Up-to-date symlink: /home/iju/S08P31C208/ROS/robot_ws/install/nav2_msgs/share/nav2_msgs/cmake/ament_cmake_export_dependencies-extras.cmake
[2.688s] -- Up-to-date symlink: /home/iju/S08P31C208/ROS/robot_ws/install/nav2_msgs/share/nav2_msgs/cmake/ament_cmake_export_include_directories-extras.cmake
[2.688s] -- Up-to-date symlink: /home/iju/S08P31C208/ROS/robot_ws/install/nav2_msgs/share/nav2_msgs/cmake/ament_cmake_export_libraries-extras.cmake
[2.688s] -- Up-to-date symlink: /home/iju/S08P31C208/ROS/robot_ws/install/nav2_msgs/share/nav2_msgs/cmake/nav2_msgsConfig.cmake
[2.688s] -- Up-to-date symlink: /home/iju/S08P31C208/ROS/robot_ws/install/nav2_msgs/share/nav2_msgs/cmake/nav2_msgsConfig-version.cmake
[2.688s] -- Up-to-date symlink: /home/iju/S08P31C208/ROS/robot_ws/install/nav2_msgs/share/nav2_msgs/package.xml
[2.881s] Invoked command in '/home/iju/S08P31C208/ROS/robot_ws/build/nav2_msgs' returned '0': CMAKE_PREFIX_PATH=/home/iju/S08P31C208/ROS/robot_ws/install/nav2_common:/home/iju/S08P31C208/ROS/robot_ws/install/turtlebot3_simulations:/home/iju/S08P31C208/ROS/robot_ws/install/turtlebot3_gazebo:/home/iju/S08P31C208/ROS/robot_ws/install/turtlebot3:/home/iju/S08P31C208/ROS/robot_ws/install/turtlebot3_bringup:/home/iju/S08P31C208/ROS/robot_ws/install/turtlebot3_node:/home/iju/S08P31C208/ROS/robot_ws/install/turtlebot3_navigation2:/home/iju/S08P31C208/ROS/robot_ws/install/turtlebot3_fake_node:/home/iju/S08P31C208/ROS/robot_ws/install/turtlebot3_msgs:/home/iju/S08P31C208/ROS/robot_ws/install/turtlebot3_description:/home/iju/S08P31C208/ROS/robot_ws/install/turtlebot3_cartographer:/home/iju/S08P31C208/ROS/robot_ws/install/turtle_cpp:/home/iju/S08P31C208/ROS/robot_ws/install/nav2_system_tests:/home/iju/S08P31C208/ROS/robot_ws/install/nav2_bringup:/home/iju/S08P31C208/ROS/robot_ws/install/navigation2:/home/iju/S08P31C208/ROS/robot_ws/install/nav2_dwb_controller:/home/iju/S08P31C208/ROS/robot_ws/install/dwb_plugins:/home/iju/S08P31C208/ROS/robot_ws/install/dwb_critics:/home/iju/S08P31C208/ROS/robot_ws/install/dwb_controller:/home/iju/S08P31C208/ROS/robot_ws/install/dwb_core:/home/iju/S08P31C208/ROS/robot_ws/install/nav_2d_utils:/home/iju/S08P31C208/ROS/robot_ws/install/dwb_msgs:/home/iju/S08P31C208/ROS/robot_ws/install/nav_2d_msgs:/home/iju/S08P31C208/ROS/robot_ws/install/nav2_world_model:/home/iju/S08P31C208/ROS/robot_ws/install/nav2_recoveries:/home/iju/S08P31C208/ROS/robot_ws/install/costmap_queue:/home/iju/S08P31C208/ROS/robot_ws/install/nav2_costmap_2d:/home/iju/S08P31C208/ROS/robot_ws/install/nav2_voxel_grid:/home/iju/S08P31C208/ROS/robot_ws/install/nav2_rviz_plugins:/home/iju/S08P31C208/ROS/robot_ws/install/nav2_navfn_planner:/home/iju/S08P31C208/ROS/robot_ws/install/nav2_map_server:/home/iju/S08P31C208/ROS/robot_ws/install/nav2_lifecycle_manager:/home/iju/S08P31C208/ROS/robot_ws/install/nav2_bt_navigator:/home/iju/S08P31C208/ROS/robot_ws/install/nav2_behavior_tree:/home/iju/S08P31C208/ROS/robot_ws/install/nav2_amcl:/home/iju/S08P31C208/ROS/robot_ws/install/nav2_util:/home/iju/S08P31C208/ROS/robot_ws/install/nav2_msgs:/home/iju/S08P31C208/ROS/robot_ws/install/nav2_dynamic_params:/home/iju/S08P31C208/ROS/robot_ws/install/gazebo_ros_pkgs:/home/iju/S08P31C208/ROS/robot_ws/install/gazebo_plugins:/home/iju/S08P31C208/ROS/robot_ws/install/gazebo_ros:/home/iju/S08P31C208/ROS/robot_ws/install/gazebo_msgs:/home/iju/S08P31C208/ROS/robot_ws/install/gazebo_dev:/home/iju/S08P31C208/ROS/robot_ws/install/dynamixel_sdk_examples:/home/iju/S08P31C208/ROS/robot_ws/install/dynamixel_sdk_custom_interfaces:/home/iju/S08P31C208/ROS/robot_ws/install/dynamixel_sdk:/home/iju/S08P31C208/ROS/robot_ws/install/turtlebot3_teleop:/home/iju/S08P31C208/ROS/robot_ws/install/turtlebot3_example:/opt/ros/dashing PS1=\u@\h \[\033[32m\]\w\[\033[33m\]$(parse_git_branch)\[\033[00m\] $ PYTHONPATH=/home/iju/S08P31C208/ROS/robot_ws/install/nav2_common/lib/python3.6/site-packages:/home/iju/S08P31C208/ROS/robot_ws/install/turtlebot3_teleop/lib/python3.6/site-packages:/home/iju/S08P31C208/ROS/robot_ws/install/turtlebot3_example/lib/python3.6/site-packages:/home/iju/S08P31C208/ROS/robot_ws/install/turtlebot3_msgs/lib/python3.6/site-packages:/home/iju/S08P31C208/ROS/robot_ws/install/dwb_msgs/lib/python3.6/site-packages:/home/iju/S08P31C208/ROS/robot_ws/install/nav_2d_msgs/lib/python3.6/site-packages:/home/iju/S08P31C208/ROS/robot_ws/install/nav2_msgs/lib/python3.6/site-packages:/home/iju/S08P31C208/ROS/robot_ws/install/gazebo_ros/lib/python3.6/site-packages:/home/iju/S08P31C208/ROS/robot_ws/install/gazebo_msgs/lib/python3.6/site-packages:/home/iju/S08P31C208/ROS/robot_ws/install/dynamixel_sdk_custom_interfaces/lib/python3.6/site-packages:/opt/ros/dashing/lib/python3.6/site-packages /usr/bin/cmake --build /home/iju/S08P31C208/ROS/robot_ws/build/nav2_msgs --target install -- -j6 -l6
