-- Found ament_cmake: 0.7.6 (/opt/ros/dashing/share/ament_cmake/cmake)
-- Using PYTHON_EXECUTABLE: /usr/bin/python3
-- Override CMake install command with custom implementation using symlinks instead of copying resources
-- Found camera_info_manager: 2.1.1 (/opt/ros/dashing/share/camera_info_manager/cmake)
-- Found gazebo_dev: 3.3.5 (/home/iju/S08P31C208/ROS/robot_ws/install/gazebo_dev/share/gazebo_dev/cmake)
-- Boost version: 1.65.1
-- Found the following Boost libraries:
--   thread
--   system
--   filesystem
--   program_options
--   regex
--   iostreams
--   date_time
--   chrono
--   atomic
-- Found Protobuf: /usr/lib/x86_64-linux-gnu/libprotobuf.so;-pthread (found version "3.0.0") 
-- Boost version: 1.65.1
-- Looking for OGRE...
-- Found Ogre Ghadamon (1.9.0)
-- Found OGRE: optimized;/usr/lib/x86_64-linux-gnu/libOgreMain.so;debug;/usr/lib/x86_64-linux-gnu/libOgreMain.so
-- Looking for OGRE_Paging...
-- Found OGRE_Paging: optimized;/usr/lib/x86_64-linux-gnu/libOgrePaging.so;debug;/usr/lib/x86_64-linux-gnu/libOgrePaging.so
-- Looking for OGRE_Terrain...
-- Found OGRE_Terrain: optimized;/usr/lib/x86_64-linux-gnu/libOgreTerrain.so;debug;/usr/lib/x86_64-linux-gnu/libOgreTerrain.so
-- Looking for OGRE_Property...
-- Found OGRE_Property: optimized;/usr/lib/x86_64-linux-gnu/libOgreProperty.so;debug;/usr/lib/x86_64-linux-gnu/libOgreProperty.so
-- Looking for OGRE_RTShaderSystem...
-- Found OGRE_RTShaderSystem: optimized;/usr/lib/x86_64-linux-gnu/libOgreRTShaderSystem.so;debug;/usr/lib/x86_64-linux-gnu/libOgreRTShaderSystem.so
-- Looking for OGRE_Volume...
-- Found OGRE_Volume: optimized;/usr/lib/x86_64-linux-gnu/libOgreVolume.so;debug;/usr/lib/x86_64-linux-gnu/libOgreVolume.so
-- Looking for OGRE_Overlay...
-- Found OGRE_Overlay: optimized;/usr/lib/x86_64-linux-gnu/libOgreOverlay.so;debug;/usr/lib/x86_64-linux-gnu/libOgreOverlay.so
-- Found Protobuf: /usr/lib/x86_64-linux-gnu/libprotobuf.so;-pthread;-pthread (found suitable version "3.0.0", minimum required is "2.3.0") 
-- Config-file not installed for ZeroMQ -- checking for pkg-config
-- Checking for module 'libzmq >= 4'
--   Found libzmq , version 4.2.5
-- Checking for module 'uuid'
--   Found uuid, version 2.31.1
-- Checking for module 'tinyxml2'
--   Found tinyxml2, version 6.0.0
-- Looking for dlfcn.h - found
-- Looking for libdl - found
-- FreeImage.pc not found, we will search for FreeImage_INCLUDE_DIRS and FreeImage_LIBRARIES
-- Checking for module 'gts'
--   Found gts, version 0.7.6
-- Checking for module 'libswscale'
--   Found libswscale, version 4.8.100
-- Checking for module 'libavdevice >= 56.4.100'
--   Found libavdevice , version 57.10.100
-- Checking for module 'libavformat'
--   Found libavformat, version 57.83.100
-- Checking for module 'libavcodec'
--   Found libavcodec, version 57.107.100
-- Checking for module 'libavutil'
--   Found libavutil, version 55.78.100
-- Checking for module 'jsoncpp'
--   Found jsoncpp, version 1.7.4
-- Checking for module 'libzip'
--   Found libzip, version 1.1.2
-- Gazebo version: 9.19
-- Found gazebo_msgs: 3.3.5 (/home/iju/S08P31C208/ROS/robot_ws/install/gazebo_msgs/share/gazebo_msgs/cmake)
-- Found rosidl_adapter: 0.7.10 (/opt/ros/dashing/share/rosidl_adapter/cmake)
-- Found gazebo_ros: 3.3.5 (/home/iju/S08P31C208/ROS/robot_ws/install/gazebo_ros/share/gazebo_ros/cmake)
-- Found rmw_implementation_cmake: 0.7.2 (/opt/ros/dashing/share/rmw_implementation_cmake/cmake)
-- Using RMW implementation 'rmw_fastrtps_cpp' as default
-- Found image_transport: 2.1.1 (/opt/ros/dashing/share/image_transport/cmake)
-- Found tinyxml2_vendor:  (/opt/ros/dashing/share/tinyxml2_vendor/cmake)
-- Found poco_vendor:  (/opt/ros/dashing/share/poco_vendor/cmake)
-- Found cv_bridge: 2.1.4 (/opt/ros/dashing/share/cv_bridge/cmake)
-- Found nav_msgs: 0.7.1 (/opt/ros/dashing/share/nav_msgs/cmake)
-- Found std_srvs: 0.7.1 (/opt/ros/dashing/share/std_srvs/cmake)
-- Found tf2: 0.11.6 (/opt/ros/dashing/share/tf2/cmake)
-- Found tf2_geometry_msgs: 0.11.6 (/opt/ros/dashing/share/tf2_geometry_msgs/cmake)
-- Found eigen3_cmake_module: 0.1.1 (/opt/ros/dashing/share/eigen3_cmake_module/cmake)
-- Found ament_cmake_gtest: 0.7.6 (/opt/ros/dashing/share/ament_cmake_gtest/cmake)
-- Found gtest sources under '/opt/ros/dashing/src/gtest_vendor': C++ tests using 'Google Test' will be built
-- Found ament_lint_auto: 0.7.12 (/opt/ros/dashing/share/ament_lint_auto/cmake)
-- Added test 'copyright' to check for copyright in CMake / C / C++ / Python code
-- Added test 'cppcheck' to perform static code analysis on C / C++ code
-- Configured cppcheck include dirs: /home/iju/S08P31C208/ROS/robot_ws/src/gazebo_ros_pkgs/gazebo_plugins/include
-- Added test 'cpplint' to check C / C++ code against the Google style
-- Added test 'lint_cmake' to check CMake code style
-- Added test 'uncrustify' to check C / C++ code style
-- Added test 'xmllint' to check XML markup files
-- Configuring done
-- Generating done
-- Build files have been written to: /home/iju/S08P31C208/ROS/robot_ws/build/gazebo_plugins
[  1%] [32m[1mLinking CXX shared library libgazebo_ros_vacuum_gripper.so[0m
[  2%] [32m[1mLinking CXX shared library libgazebo_ros_ackermann_drive.so[0m
[  3%] [32m[1mLinking CXX shared library libgazebo_ros_joint_pose_trajectory.so[0m
[  4%] [32m[1mLinking CXX shared library libgazebo_ros_bumper.so[0m
[  5%] [32m[1mLinking CXX shared library libgazebo_ros_planar_move.so[0m
[  6%] [32m[1mLinking CXX shared library libgazebo_ros_projector.so[0m
[  7%] Built target gazebo_ros_joint_pose_trajectory
[  9%] [32m[1mLinking CXX shared library libgazebo_ros_force.so[0m
[ 10%] Built target gazebo_ros_vacuum_gripper
[ 11%] Built target gazebo_ros_ackermann_drive
[ 12%] Built target gazebo_ros_planar_move
[ 13%] Built target gazebo_ros_bumper
[ 14%] [32m[1mLinking CXX shared library libgazebo_ros_hand_of_god.so[0m
[ 15%] Built target gazebo_ros_projector
[ 17%] [32m[1mLinking CXX shared library libgazebo_ros_logical_camera.so[0m
[ 18%] [32m[1mLinking CXX shared library libgazebo_ros_diff_drive.so[0m
[ 19%] [32m[1mLinking CXX shared library libgazebo_ros_template.so[0m
[ 20%] [32m[1mLinking CXX shared library libgazebo_ros_joint_state_publisher.so[0m
[ 21%] Built target gazebo_ros_force
[ 22%] [32m[1mLinking CXX shared library libmulti_camera_plugin.so[0m
[ 23%] Built target gazebo_ros_hand_of_god
[ 25%] Built target gazebo_ros_template
[ 26%] [32m[1mLinking CXX shared library libgazebo_ros_depth_camera.so[0m
[ 27%] [32m[1mLinking CXX shared library libgazebo_ros_ray_sensor.so[0m
[ 29%] Built target gazebo_ros_logical_camera
[ 29%] Built target gazebo_ros_joint_state_publisher
[ 30%] Built target gazebo_ros_diff_drive
[ 31%] Built target multi_camera_plugin
[ 32%] [32m[1mLinking CXX shared library libgazebo_ros_elevator.so[0m
[ 34%] [32m[1mLinking CXX shared library libgazebo_ros_imu_sensor.so[0m
[ 35%] [32m[1mLinking CXX shared library libgazebo_ros_gps_sensor.so[0m
[ 36%] [32m[1mLinking CXX shared library libgazebo_ros_video.so[0m
[ 37%] Built target gazebo_ros_gps_sensor
[ 38%] Built target gazebo_ros_imu_sensor
[ 39%] Built target gazebo_ros_elevator
[ 40%] [32m[1mLinking CXX shared library libgazebo_ros_multi_camera.so[0m
[ 42%] [32m[1mLinking CXX shared library libgazebo_ros_p3d.so[0m
[ 43%] Built target gazebo_ros_depth_camera
[ 44%] [32m[1mLinking CXX shared library libgazebo_ros_harness.so[0m
[ 45%] [32m[1mLinking CXX shared library libgazebo_ros_ft_sensor.so[0m
[ 46%] Built target gazebo_ros_ray_sensor
[ 47%] [32m[1mLinking CXX shared library libgazebo_ros_tricycle_drive.so[0m
[ 48%] Built target gazebo_ros_video
[ 51%] Built target gtest
[ 53%] Built target gtest_main
[ 54%] Built target gazebo_ros_p3d
[ 55%] [32mBuilding CXX object test/CMakeFiles/test_gazebo_ros_vacuum_gripper.dir/test_gazebo_ros_vacuum_gripper.cpp.o[0m
[ 56%] Built target gazebo_ros_ft_sensor
[ 57%] [32mBuilding CXX object test/CMakeFiles/test_gazebo_ros_force.dir/test_gazebo_ros_force.cpp.o[0m
[ 59%] Built target gazebo_ros_harness
[ 60%] [32mBuilding CXX object test/CMakeFiles/test_gazebo_ros_ft_sensor.dir/test_gazebo_ros_ft_sensor.cpp.o[0m
[ 61%] [32mBuilding CXX object test/CMakeFiles/test_gazebo_ros_elevator.dir/test_gazebo_ros_elevator.cpp.o[0m
[ 62%] Built target gazebo_ros_multi_camera
[ 63%] Built target gazebo_ros_tricycle_drive
[ 64%] [32mBuilding CXX object test/CMakeFiles/test_gazebo_ros_diff_drive.dir/test_gazebo_ros_diff_drive.cpp.o[0m
[ 65%] [32mBuilding CXX object test/CMakeFiles/test_gazebo_ros_ackermann_drive.dir/test_gazebo_ros_ackermann_drive.cpp.o[0m
[ 67%] [32m[1mLinking CXX executable test_gazebo_ros_force[0m
[ 68%] [32m[1mLinking CXX executable test_gazebo_ros_vacuum_gripper[0m
[ 69%] [32m[1mLinking CXX executable test_gazebo_ros_elevator[0m
[ 70%] [32m[1mLinking CXX executable test_gazebo_ros_ft_sensor[0m
[ 71%] [32m[1mLinking CXX executable test_gazebo_ros_ackermann_drive[0m
[ 72%] [32m[1mLinking CXX executable test_gazebo_ros_diff_drive[0m
[ 72%] Built target test_gazebo_ros_elevator
[ 72%] Built target test_gazebo_ros_vacuum_gripper
[ 73%] [32mBuilding CXX object test/CMakeFiles/test_gazebo_ros_hand_of_god.dir/test_gazebo_ros_hand_of_god.cpp.o[0m
[ 75%] [32mBuilding CXX object test/CMakeFiles/test_gazebo_ros_joint_pose_trajectory.dir/test_gazebo_ros_joint_pose_trajectory.cpp.o[0m
[ 75%] Built target test_gazebo_ros_force
[ 75%] Built target test_gazebo_ros_ft_sensor
[ 76%] [32mBuilding CXX object test/CMakeFiles/test_gazebo_ros_harness.dir/test_gazebo_ros_harness.cpp.o[0m
[ 76%] Built target test_gazebo_ros_ackermann_drive
[ 77%] [32mBuilding CXX object test/CMakeFiles/test_gazebo_ros_imu_sensor.dir/test_gazebo_ros_imu_sensor.cpp.o[0m
[ 78%] [32mBuilding CXX object test/CMakeFiles/test_gazebo_ros_gps_sensor.dir/test_gazebo_ros_gps_sensor.cpp.o[0m
[ 78%] Built target test_gazebo_ros_diff_drive
[ 79%] [32mBuilding CXX object test/CMakeFiles/test_gazebo_ros_planar_move.dir/test_gazebo_ros_planar_move.cpp.o[0m
[ 80%] [32m[1mLinking CXX executable test_gazebo_ros_imu_sensor[0m
[ 81%] [32m[1mLinking CXX executable test_gazebo_ros_harness[0m
[ 82%] [32m[1mLinking CXX executable test_gazebo_ros_gps_sensor[0m
[ 84%] [32m[1mLinking CXX executable test_gazebo_ros_joint_pose_trajectory[0m
[ 85%] [32m[1mLinking CXX executable test_gazebo_ros_planar_move[0m
[ 86%] [32m[1mLinking CXX executable test_gazebo_ros_hand_of_god[0m
[ 86%] Built target test_gazebo_ros_hand_of_god
[ 86%] Built target test_gazebo_ros_gps_sensor
[ 86%] Built target test_gazebo_ros_joint_pose_trajectory
[ 86%] Built target test_gazebo_ros_imu_sensor
[ 86%] Built target test_gazebo_ros_planar_move
[ 87%] [32mBuilding CXX object test/CMakeFiles/test_gazebo_ros_p3d.dir/test_gazebo_ros_p3d.cpp.o[0m
[ 88%] [32mBuilding CXX object test/CMakeFiles/test_gazebo_ros_joint_state_publisher.dir/test_gazebo_ros_joint_state_publisher.cpp.o[0m
[ 89%] [32mBuilding CXX object test/CMakeFiles/test_gazebo_ros_bumper.dir/test_gazebo_ros_bumper.cpp.o[0m
[ 90%] [32mBuilding CXX object test/CMakeFiles/test_gazebo_ros_ray_sensor.dir/test_gazebo_ros_ray_sensor.cpp.o[0m
[ 92%] [32mBuilding CXX object test/CMakeFiles/test_gazebo_ros_tricycle_drive.dir/test_gazebo_ros_tricycle_drive.cpp.o[0m
[ 92%] Built target test_gazebo_ros_harness
[ 93%] [32m[1mLinking CXX shared library libgazebo_ros_camera.so[0m
[ 94%] Built target gazebo_ros_camera
[ 95%] [32m[1mLinking CXX executable test_gazebo_ros_p3d[0m
[ 96%] [32m[1mLinking CXX executable test_gazebo_ros_bumper[0m
[ 97%] [32m[1mLinking CXX executable test_gazebo_ros_tricycle_drive[0m
[ 98%] [32m[1mLinking CXX executable test_gazebo_ros_joint_state_publisher[0m
[ 98%] Built target test_gazebo_ros_p3d
[ 98%] Built target test_gazebo_ros_bumper
[ 98%] Built target test_gazebo_ros_tricycle_drive
[100%] [32m[1mLinking CXX executable test_gazebo_ros_ray_sensor[0m
[100%] Built target test_gazebo_ros_joint_state_publisher
[100%] Built target test_gazebo_ros_ray_sensor
[  2%] Built target gazebo_ros_planar_move
[  4%] Built target gazebo_ros_vacuum_gripper
[  6%] Built target gazebo_ros_force
[  9%] Built target gazebo_ros_hand_of_god
[ 11%] Built target gazebo_ros_diff_drive
[ 13%] Built target gazebo_ros_template
[ 15%] Built target gazebo_ros_logical_camera
[ 18%] Built target gazebo_ros_joint_state_publisher
[ 20%] Built target multi_camera_plugin
[ 22%] Built target gazebo_ros_ray_sensor
[ 25%] Built target gazebo_ros_depth_camera
[ 27%] Built target gazebo_ros_elevator
[ 29%] Built target gazebo_ros_imu_sensor
[ 31%] Built target gazebo_ros_video
[ 34%] Built target gazebo_ros_gps_sensor
[ 36%] Built target gazebo_ros_multi_camera
[ 38%] Built target gazebo_ros_p3d
[ 40%] Built target gazebo_ros_harness
[ 43%] Built target gazebo_ros_ft_sensor
[ 45%] Built target gazebo_ros_camera
[ 47%] Built target gazebo_ros_tricycle_drive
[ 50%] Built target gtest
[ 52%] Built target gtest_main
[ 54%] Built target gazebo_ros_bumper
[ 56%] Built target test_gazebo_ros_force
[ 59%] Built target test_gazebo_ros_ft_sensor
[ 61%] Built target test_gazebo_ros_elevator
[ 63%] Built target test_gazebo_ros_diff_drive
[ 65%] Built target test_gazebo_ros_ackermann_drive
[ 68%] Built target test_gazebo_ros_hand_of_god
[ 70%] Built target test_gazebo_ros_joint_pose_trajectory
[ 72%] Built target test_gazebo_ros_harness
[ 75%] Built target test_gazebo_ros_imu_sensor
[ 77%] Built target test_gazebo_ros_gps_sensor
[ 79%] Built target test_gazebo_ros_planar_move
[ 81%] Built target test_gazebo_ros_joint_state_publisher
[ 84%] Built target test_gazebo_ros_vacuum_gripper
[ 86%] Built target test_gazebo_ros_p3d
[ 88%] Built target test_gazebo_ros_bumper
[ 90%] Built target test_gazebo_ros_ray_sensor
[ 93%] Built target test_gazebo_ros_tricycle_drive
[ 95%] Built target gazebo_ros_projector
[ 97%] Built target gazebo_ros_ackermann_drive
[100%] Built target gazebo_ros_joint_pose_trajectory
[36mInstall the project...[0m
-- Install configuration: ""
-- Execute custom install script
-- Symlinking: /home/iju/S08P31C208/ROS/robot_ws/install/gazebo_plugins/share/gazebo_plugins/environment/library_path.sh
-- Symlinking: /home/iju/S08P31C208/ROS/robot_ws/install/gazebo_plugins/share/gazebo_plugins/environment/gazebo_plugins.sh
-- Symlinking: /home/iju/S08P31C208/ROS/robot_ws/install/gazebo_plugins/share/ament_index/resource_index/package_run_dependencies/gazebo_plugins
-- Symlinking: /home/iju/S08P31C208/ROS/robot_ws/install/gazebo_plugins/share/ament_index/resource_index/parent_prefix_path/gazebo_plugins
-- Symlinking: /home/iju/S08P31C208/ROS/robot_ws/install/gazebo_plugins/share/gazebo_plugins/environment/ament_prefix_path.sh
-- Symlinking: /home/iju/S08P31C208/ROS/robot_ws/install/gazebo_plugins/share/gazebo_plugins/environment/path.sh
-- Symlinking: /home/iju/S08P31C208/ROS/robot_ws/install/gazebo_plugins/share/gazebo_plugins/local_setup.bash
-- Symlinking: /home/iju/S08P31C208/ROS/robot_ws/install/gazebo_plugins/share/gazebo_plugins/local_setup.sh
-- Symlinking: /home/iju/S08P31C208/ROS/robot_ws/install/gazebo_plugins/share/gazebo_plugins/local_setup.zsh
-- Symlinking: /home/iju/S08P31C208/ROS/robot_ws/install/gazebo_plugins/share/ament_index/resource_index/packages/gazebo_plugins
-- Symlinking: /home/iju/S08P31C208/ROS/robot_ws/install/gazebo_plugins/share/gazebo_plugins/cmake/ament_cmake_export_libraries-extras.cmake
-- Symlinking: /home/iju/S08P31C208/ROS/robot_ws/install/gazebo_plugins/share/gazebo_plugins/cmake/ament_cmake_export_include_directories-extras.cmake
-- Symlinking: /home/iju/S08P31C208/ROS/robot_ws/install/gazebo_plugins/share/gazebo_plugins/cmake/ament_cmake_export_dependencies-extras.cmake
-- Symlinking: /home/iju/S08P31C208/ROS/robot_ws/install/gazebo_plugins/share/gazebo_plugins/cmake/gazebo_pluginsConfig.cmake
-- Symlinking: /home/iju/S08P31C208/ROS/robot_ws/install/gazebo_plugins/share/gazebo_plugins/cmake/gazebo_pluginsConfig-version.cmake
-- Symlinking: /home/iju/S08P31C208/ROS/robot_ws/install/gazebo_plugins/share/gazebo_plugins/package.xml
-- Symlinking: /home/iju/S08P31C208/ROS/robot_ws/install/gazebo_plugins/include/gazebo_plugins/gazebo_ros_ackermann_drive.hpp
-- Symlinking: /home/iju/S08P31C208/ROS/robot_ws/install/gazebo_plugins/include/gazebo_plugins/gazebo_ros_bumper.hpp
-- Symlinking: /home/iju/S08P31C208/ROS/robot_ws/install/gazebo_plugins/include/gazebo_plugins/gazebo_ros_camera.hpp
-- Symlinking: /home/iju/S08P31C208/ROS/robot_ws/install/gazebo_plugins/include/gazebo_plugins/gazebo_ros_diff_drive.hpp
-- Symlinking: /home/iju/S08P31C208/ROS/robot_ws/install/gazebo_plugins/include/gazebo_plugins/gazebo_ros_elevator.hpp
-- Symlinking: /home/iju/S08P31C208/ROS/robot_ws/install/gazebo_plugins/include/gazebo_plugins/gazebo_ros_force.hpp
-- Symlinking: /home/iju/S08P31C208/ROS/robot_ws/install/gazebo_plugins/include/gazebo_plugins/gazebo_ros_ft_sensor.hpp
-- Symlinking: /home/iju/S08P31C208/ROS/robot_ws/install/gazebo_plugins/include/gazebo_plugins/gazebo_ros_gps_sensor.hpp
-- Symlinking: /home/iju/S08P31C208/ROS/robot_ws/install/gazebo_plugins/include/gazebo_plugins/gazebo_ros_hand_of_god.hpp
-- Symlinking: /home/iju/S08P31C208/ROS/robot_ws/install/gazebo_plugins/include/gazebo_plugins/gazebo_ros_harness.hpp
-- Symlinking: /home/iju/S08P31C208/ROS/robot_ws/install/gazebo_plugins/include/gazebo_plugins/gazebo_ros_imu_sensor.hpp
-- Symlinking: /home/iju/S08P31C208/ROS/robot_ws/install/gazebo_plugins/include/gazebo_plugins/gazebo_ros_joint_pose_trajectory.hpp
-- Symlinking: /home/iju/S08P31C208/ROS/robot_ws/install/gazebo_plugins/include/gazebo_plugins/gazebo_ros_joint_state_publisher.hpp
-- Symlinking: /home/iju/S08P31C208/ROS/robot_ws/install/gazebo_plugins/include/gazebo_plugins/gazebo_ros_logical_camera.hpp
-- Symlinking: /home/iju/S08P31C208/ROS/robot_ws/install/gazebo_plugins/include/gazebo_plugins/gazebo_ros_p3d.hpp
-- Symlinking: /home/iju/S08P31C208/ROS/robot_ws/install/gazebo_plugins/include/gazebo_plugins/gazebo_ros_planar_move.hpp
-- Symlinking: /home/iju/S08P31C208/ROS/robot_ws/install/gazebo_plugins/include/gazebo_plugins/gazebo_ros_projector.hpp
-- Symlinking: /home/iju/S08P31C208/ROS/robot_ws/install/gazebo_plugins/include/gazebo_plugins/gazebo_ros_ray_sensor.hpp
-- Symlinking: /home/iju/S08P31C208/ROS/robot_ws/install/gazebo_plugins/include/gazebo_plugins/gazebo_ros_template.hpp
-- Symlinking: /home/iju/S08P31C208/ROS/robot_ws/install/gazebo_plugins/include/gazebo_plugins/gazebo_ros_tricycle_drive.hpp
-- Symlinking: /home/iju/S08P31C208/ROS/robot_ws/install/gazebo_plugins/include/gazebo_plugins/gazebo_ros_vacuum_gripper.hpp
-- Symlinking: /home/iju/S08P31C208/ROS/robot_ws/install/gazebo_plugins/include/gazebo_plugins/gazebo_ros_video.hpp
-- Symlinking: /home/iju/S08P31C208/ROS/robot_ws/install/gazebo_plugins/include/gazebo_plugins/multi_camera_plugin.hpp
-- Symlinking: /home/iju/S08P31C208/ROS/robot_ws/install/gazebo_plugins/lib/libgazebo_ros_ackermann_drive.so
-- Symlinking: /home/iju/S08P31C208/ROS/robot_ws/install/gazebo_plugins/lib/libgazebo_ros_bumper.so
-- Symlinking: /home/iju/S08P31C208/ROS/robot_ws/install/gazebo_plugins/lib/libgazebo_ros_camera.so
-- Symlinking: /home/iju/S08P31C208/ROS/robot_ws/install/gazebo_plugins/lib/libgazebo_ros_depth_camera.so
-- Symlinking: /home/iju/S08P31C208/ROS/robot_ws/install/gazebo_plugins/lib/libgazebo_ros_diff_drive.so
-- Symlinking: /home/iju/S08P31C208/ROS/robot_ws/install/gazebo_plugins/lib/libgazebo_ros_elevator.so
-- Symlinking: /home/iju/S08P31C208/ROS/robot_ws/install/gazebo_plugins/lib/libgazebo_ros_force.so
-- Symlinking: /home/iju/S08P31C208/ROS/robot_ws/install/gazebo_plugins/lib/libgazebo_ros_ft_sensor.so
-- Symlinking: /home/iju/S08P31C208/ROS/robot_ws/install/gazebo_plugins/lib/libgazebo_ros_hand_of_god.so
-- Symlinking: /home/iju/S08P31C208/ROS/robot_ws/install/gazebo_plugins/lib/libgazebo_ros_harness.so
-- Symlinking: /home/iju/S08P31C208/ROS/robot_ws/install/gazebo_plugins/lib/libgazebo_ros_imu_sensor.so
-- Symlinking: /home/iju/S08P31C208/ROS/robot_ws/install/gazebo_plugins/lib/libgazebo_ros_gps_sensor.so
-- Symlinking: /home/iju/S08P31C208/ROS/robot_ws/install/gazebo_plugins/lib/libgazebo_ros_joint_pose_trajectory.so
-- Symlinking: /home/iju/S08P31C208/ROS/robot_ws/install/gazebo_plugins/lib/libgazebo_ros_joint_state_publisher.so
-- Symlinking: /home/iju/S08P31C208/ROS/robot_ws/install/gazebo_plugins/lib/libgazebo_ros_logical_camera.so
-- Symlinking: /home/iju/S08P31C208/ROS/robot_ws/install/gazebo_plugins/lib/libgazebo_ros_multi_camera.so
-- Symlinking: /home/iju/S08P31C208/ROS/robot_ws/install/gazebo_plugins/lib/libgazebo_ros_planar_move.so
-- Symlinking: /home/iju/S08P31C208/ROS/robot_ws/install/gazebo_plugins/lib/libgazebo_ros_projector.so
-- Symlinking: /home/iju/S08P31C208/ROS/robot_ws/install/gazebo_plugins/lib/libgazebo_ros_ray_sensor.so
-- Symlinking: /home/iju/S08P31C208/ROS/robot_ws/install/gazebo_plugins/lib/libgazebo_ros_p3d.so
-- Symlinking: /home/iju/S08P31C208/ROS/robot_ws/install/gazebo_plugins/lib/libgazebo_ros_template.so
-- Symlinking: /home/iju/S08P31C208/ROS/robot_ws/install/gazebo_plugins/lib/libgazebo_ros_tricycle_drive.so
-- Symlinking: /home/iju/S08P31C208/ROS/robot_ws/install/gazebo_plugins/lib/libgazebo_ros_vacuum_gripper.so
-- Symlinking: /home/iju/S08P31C208/ROS/robot_ws/install/gazebo_plugins/lib/libgazebo_ros_video.so
-- Symlinking: /home/iju/S08P31C208/ROS/robot_ws/install/gazebo_plugins/lib/libmulti_camera_plugin.so
-- Symlinking: /home/iju/S08P31C208/ROS/robot_ws/install/gazebo_plugins/share/gazebo_plugins//worlds/gazebo_ros_ackermann_drive_demo.world
-- Symlinking: /home/iju/S08P31C208/ROS/robot_ws/install/gazebo_plugins/share/gazebo_plugins//worlds/gazebo_ros_bumper_demo.world
-- Symlinking: /home/iju/S08P31C208/ROS/robot_ws/install/gazebo_plugins/share/gazebo_plugins//worlds/gazebo_ros_camera_demo.world
-- Symlinking: /home/iju/S08P31C208/ROS/robot_ws/install/gazebo_plugins/share/gazebo_plugins//worlds/gazebo_ros_camera_distortion_barrel_demo.world
-- Symlinking: /home/iju/S08P31C208/ROS/robot_ws/install/gazebo_plugins/share/gazebo_plugins//worlds/gazebo_ros_camera_distortion_pincushion_demo.world
-- Symlinking: /home/iju/S08P31C208/ROS/robot_ws/install/gazebo_plugins/share/gazebo_plugins//worlds/gazebo_ros_camera_triggered_demo.world
-- Symlinking: /home/iju/S08P31C208/ROS/robot_ws/install/gazebo_plugins/share/gazebo_plugins//worlds/gazebo_ros_depth_camera_demo.world
-- Symlinking: /home/iju/S08P31C208/ROS/robot_ws/install/gazebo_plugins/share/gazebo_plugins//worlds/gazebo_ros_diff_drive_demo.world
-- Symlinking: /home/iju/S08P31C208/ROS/robot_ws/install/gazebo_plugins/share/gazebo_plugins//worlds/gazebo_ros_elevator_demo.world
-- Symlinking: /home/iju/S08P31C208/ROS/robot_ws/install/gazebo_plugins/share/gazebo_plugins//worlds/gazebo_ros_force_demo.world
-- Symlinking: /home/iju/S08P31C208/ROS/robot_ws/install/gazebo_plugins/share/gazebo_plugins//worlds/gazebo_ros_ft_sensor_demo.world
-- Symlinking: /home/iju/S08P31C208/ROS/robot_ws/install/gazebo_plugins/share/gazebo_plugins//worlds/gazebo_ros_gps_sensor_demo.world
-- Symlinking: /home/iju/S08P31C208/ROS/robot_ws/install/gazebo_plugins/share/gazebo_plugins//worlds/gazebo_ros_hand_of_god_demo.world
-- Symlinking: /home/iju/S08P31C208/ROS/robot_ws/install/gazebo_plugins/share/gazebo_plugins//worlds/gazebo_ros_harness_demo.world
-- Symlinking: /home/iju/S08P31C208/ROS/robot_ws/install/gazebo_plugins/share/gazebo_plugins//worlds/gazebo_ros_joint_pose_trajectory_demo.world
-- Symlinking: /home/iju/S08P31C208/ROS/robot_ws/install/gazebo_plugins/share/gazebo_plugins//worlds/gazebo_ros_joint_state_publisher_demo.world
-- Symlinking: /home/iju/S08P31C208/ROS/robot_ws/install/gazebo_plugins/share/gazebo_plugins//worlds/gazebo_ros_logical_camera_demo.world
-- Symlinking: /home/iju/S08P31C208/ROS/robot_ws/install/gazebo_plugins/share/gazebo_plugins//worlds/gazebo_ros_multi_camera_demo.world
-- Symlinking: /home/iju/S08P31C208/ROS/robot_ws/install/gazebo_plugins/share/gazebo_plugins//worlds/gazebo_ros_p3d_demo.world
-- Symlinking: /home/iju/S08P31C208/ROS/robot_ws/install/gazebo_plugins/share/gazebo_plugins//worlds/gazebo_ros_planar_move_demo.world
-- Symlinking: /home/iju/S08P31C208/ROS/robot_ws/install/gazebo_plugins/share/gazebo_plugins//worlds/gazebo_ros_projector_demo.world
-- Symlinking: /home/iju/S08P31C208/ROS/robot_ws/install/gazebo_plugins/share/gazebo_plugins//worlds/gazebo_ros_ray_sensor_demo.world
-- Symlinking: /home/iju/S08P31C208/ROS/robot_ws/install/gazebo_plugins/share/gazebo_plugins//worlds/gazebo_ros_skid_steer_drive_demo.world
-- Symlinking: /home/iju/S08P31C208/ROS/robot_ws/install/gazebo_plugins/share/gazebo_plugins//worlds/gazebo_ros_template_demo.world
-- Symlinking: /home/iju/S08P31C208/ROS/robot_ws/install/gazebo_plugins/share/gazebo_plugins//worlds/gazebo_ros_tricycle_drive_demo.world
-- Symlinking: /home/iju/S08P31C208/ROS/robot_ws/install/gazebo_plugins/share/gazebo_plugins//worlds/gazebo_ros_vacuum_gripper_demo.world
-- Symlinking: /home/iju/S08P31C208/ROS/robot_ws/install/gazebo_plugins/share/gazebo_plugins//worlds/gazebo_ros_video_demo.world
