-- Found ament_cmake: 0.7.6 (/opt/ros/dashing/share/ament_cmake/cmake)
-- Using PYTHON_EXECUTABLE: /usr/bin/python3
-- Override CMake install command with custom implementation using symlinks instead of copying resources
-- Configuring done
-- Generating done
-- Build files have been written to: /home/iju/S08P31C208/ROS/robot_ws/build/turtlebot3
[36mInstall the project...[0m
-- Install configuration: ""
-- Execute custom install script
-- Symlinking: /home/iju/S08P31C208/ROS/robot_ws/install/turtlebot3/share/ament_index/resource_index/package_run_dependencies/turtlebot3
-- Symlinking: /home/iju/S08P31C208/ROS/robot_ws/install/turtlebot3/share/ament_index/resource_index/parent_prefix_path/turtlebot3
-- Symlinking: /home/iju/S08P31C208/ROS/robot_ws/install/turtlebot3/share/turtlebot3/environment/ament_prefix_path.sh
-- Symlinking: /home/iju/S08P31C208/ROS/robot_ws/install/turtlebot3/share/turtlebot3/environment/path.sh
-- Symlinking: /home/iju/S08P31C208/ROS/robot_ws/install/turtlebot3/share/turtlebot3/local_setup.bash
-- Symlinking: /home/iju/S08P31C208/ROS/robot_ws/install/turtlebot3/share/turtlebot3/local_setup.sh
-- Symlinking: /home/iju/S08P31C208/ROS/robot_ws/install/turtlebot3/share/turtlebot3/local_setup.zsh
-- Symlinking: /home/iju/S08P31C208/ROS/robot_ws/install/turtlebot3/share/ament_index/resource_index/packages/turtlebot3
-- Symlinking: /home/iju/S08P31C208/ROS/robot_ws/install/turtlebot3/share/turtlebot3/cmake/turtlebot3Config.cmake
-- Symlinking: /home/iju/S08P31C208/ROS/robot_ws/install/turtlebot3/share/turtlebot3/cmake/turtlebot3Config-version.cmake
-- Symlinking: /home/iju/S08P31C208/ROS/robot_ws/install/turtlebot3/share/turtlebot3/package.xml
