[0.906s] Invoking command in '/home/iju/S08P31C208/ROS/robot_ws/src/turtlebot3/turtlebot3_teleop': PS1=\u@\h \[\033[32m\]\w\[\033[33m\]$(parse_git_branch)\[\033[00m\] $ PYTHONPATH=/home/iju/S08P31C208/ROS/robot_ws/build/turtlebot3_teleop/prefix_override:/home/iju/S08P31C208/ROS/robot_ws/install/turtlebot3_teleop/lib/python3.6/site-packages:${PYTHONPATH} /usr/bin/python3 setup.py egg_info --egg-base ../../../build/turtlebot3_teleop build --build-base /home/iju/S08P31C208/ROS/robot_ws/build/turtlebot3_teleop/build install --record /home/iju/S08P31C208/ROS/robot_ws/build/turtlebot3_teleop/install.log --install-scripts $base/lib/turtlebot3_teleop --single-version-externally-managed
[1.185s] /home/iju/.local/lib/python3.6/site-packages/setuptools/dist.py:726: UserWarning: Usage of dash-separated 'script-dir' will not be supported in future versions. Please use the underscore name 'script_dir' instead
[1.185s]   % (opt, underscore_opt)
[1.228s] running egg_info
[1.229s] creating ../../../build/turtlebot3_teleop/turtlebot3_teleop.egg-info
[1.229s] writing ../../../build/turtlebot3_teleop/turtlebot3_teleop.egg-info/PKG-INFO
[1.230s] writing dependency_links to ../../../build/turtlebot3_teleop/turtlebot3_teleop.egg-info/dependency_links.txt
[1.230s] writing entry points to ../../../build/turtlebot3_teleop/turtlebot3_teleop.egg-info/entry_points.txt
[1.230s] writing requirements to ../../../build/turtlebot3_teleop/turtlebot3_teleop.egg-info/requires.txt
[1.230s] writing top-level names to ../../../build/turtlebot3_teleop/turtlebot3_teleop.egg-info/top_level.txt
[1.231s] writing manifest file '../../../build/turtlebot3_teleop/turtlebot3_teleop.egg-info/SOURCES.txt'
[1.234s] reading manifest file '../../../build/turtlebot3_teleop/turtlebot3_teleop.egg-info/SOURCES.txt'
[1.235s] writing manifest file '../../../build/turtlebot3_teleop/turtlebot3_teleop.egg-info/SOURCES.txt'
[1.236s] running build
[1.236s] running build_py
[1.236s] creating /home/iju/S08P31C208/ROS/robot_ws/build/turtlebot3_teleop/build
[1.236s] creating /home/iju/S08P31C208/ROS/robot_ws/build/turtlebot3_teleop/build/lib
[1.237s] creating /home/iju/S08P31C208/ROS/robot_ws/build/turtlebot3_teleop/build/lib/turtlebot3_teleop
[1.237s] copying turtlebot3_teleop/__init__.py -> /home/iju/S08P31C208/ROS/robot_ws/build/turtlebot3_teleop/build/lib/turtlebot3_teleop
[1.237s] creating /home/iju/S08P31C208/ROS/robot_ws/build/turtlebot3_teleop/build/lib/turtlebot3_teleop/script
[1.237s] copying turtlebot3_teleop/script/__init__.py -> /home/iju/S08P31C208/ROS/robot_ws/build/turtlebot3_teleop/build/lib/turtlebot3_teleop/script
[1.238s] copying turtlebot3_teleop/script/teleop_keyboard.py -> /home/iju/S08P31C208/ROS/robot_ws/build/turtlebot3_teleop/build/lib/turtlebot3_teleop/script
[1.240s] running install
[1.244s] /home/iju/.local/lib/python3.6/site-packages/setuptools/command/install.py:37: SetuptoolsDeprecationWarning: setup.py install is deprecated. Use build and pip and other standards-based tools.
[1.244s]   setuptools.SetuptoolsDeprecationWarning,
[1.245s] running install_lib
[1.245s] creating /home/iju/S08P31C208/ROS/robot_ws/install/turtlebot3_teleop/lib/python3.6/site-packages/turtlebot3_teleop
[1.246s] creating /home/iju/S08P31C208/ROS/robot_ws/install/turtlebot3_teleop/lib/python3.6/site-packages/turtlebot3_teleop/script
[1.246s] copying /home/iju/S08P31C208/ROS/robot_ws/build/turtlebot3_teleop/build/lib/turtlebot3_teleop/script/__init__.py -> /home/iju/S08P31C208/ROS/robot_ws/install/turtlebot3_teleop/lib/python3.6/site-packages/turtlebot3_teleop/script
[1.246s] copying /home/iju/S08P31C208/ROS/robot_ws/build/turtlebot3_teleop/build/lib/turtlebot3_teleop/script/teleop_keyboard.py -> /home/iju/S08P31C208/ROS/robot_ws/install/turtlebot3_teleop/lib/python3.6/site-packages/turtlebot3_teleop/script
[1.246s] copying /home/iju/S08P31C208/ROS/robot_ws/build/turtlebot3_teleop/build/lib/turtlebot3_teleop/__init__.py -> /home/iju/S08P31C208/ROS/robot_ws/install/turtlebot3_teleop/lib/python3.6/site-packages/turtlebot3_teleop
[1.247s] byte-compiling /home/iju/S08P31C208/ROS/robot_ws/install/turtlebot3_teleop/lib/python3.6/site-packages/turtlebot3_teleop/script/__init__.py to __init__.cpython-36.pyc
[1.247s] byte-compiling /home/iju/S08P31C208/ROS/robot_ws/install/turtlebot3_teleop/lib/python3.6/site-packages/turtlebot3_teleop/script/teleop_keyboard.py to teleop_keyboard.cpython-36.pyc
[1.248s] byte-compiling /home/iju/S08P31C208/ROS/robot_ws/install/turtlebot3_teleop/lib/python3.6/site-packages/turtlebot3_teleop/__init__.py to __init__.cpython-36.pyc
[1.248s] running install_data
[1.249s] creating /home/iju/S08P31C208/ROS/robot_ws/install/turtlebot3_teleop/share/ament_index
[1.249s] creating /home/iju/S08P31C208/ROS/robot_ws/install/turtlebot3_teleop/share/ament_index/resource_index
[1.249s] creating /home/iju/S08P31C208/ROS/robot_ws/install/turtlebot3_teleop/share/ament_index/resource_index/packages
[1.249s] copying resource/turtlebot3_teleop -> /home/iju/S08P31C208/ROS/robot_ws/install/turtlebot3_teleop/share/ament_index/resource_index/packages
[1.250s] copying package.xml -> /home/iju/S08P31C208/ROS/robot_ws/install/turtlebot3_teleop/share/turtlebot3_teleop
[1.250s] running install_egg_info
[1.251s] Copying ../../../build/turtlebot3_teleop/turtlebot3_teleop.egg-info to /home/iju/S08P31C208/ROS/robot_ws/install/turtlebot3_teleop/lib/python3.6/site-packages/turtlebot3_teleop-2.1.4-py3.6.egg-info
[1.257s] running install_scripts
[1.313s] Installing teleop_keyboard script to /home/iju/S08P31C208/ROS/robot_ws/install/turtlebot3_teleop/lib/turtlebot3_teleop
[1.314s] writing list of installed files to '/home/iju/S08P31C208/ROS/robot_ws/build/turtlebot3_teleop/install.log'
[1.360s] Invoked command in '/home/iju/S08P31C208/ROS/robot_ws/src/turtlebot3/turtlebot3_teleop' returned '0': PS1=\u@\h \[\033[32m\]\w\[\033[33m\]$(parse_git_branch)\[\033[00m\] $ PYTHONPATH=/home/iju/S08P31C208/ROS/robot_ws/build/turtlebot3_teleop/prefix_override:/home/iju/S08P31C208/ROS/robot_ws/install/turtlebot3_teleop/lib/python3.6/site-packages:${PYTHONPATH} /usr/bin/python3 setup.py egg_info --egg-base ../../../build/turtlebot3_teleop build --build-base /home/iju/S08P31C208/ROS/robot_ws/build/turtlebot3_teleop/build install --record /home/iju/S08P31C208/ROS/robot_ws/build/turtlebot3_teleop/install.log --install-scripts $base/lib/turtlebot3_teleop --single-version-externally-managed
