/home/moon/.local/lib/python3.6/site-packages/setuptools/dist.py:726: UserWarning: Usage of dash-separated 'script-dir' will not be supported in future versions. Please use the underscore name 'script_dir' instead
  % (opt, underscore_opt)
/home/moon/.local/lib/python3.6/site-packages/setuptools/command/easy_install.py:159: EasyInstallDeprecationWarning: easy_install command is deprecated. Use build and pip and other standards-based tools.
  EasyInstallDeprecationWarning,
running develop
/home/moon/.local/lib/python3.6/site-packages/setuptools/command/install.py:37: SetuptoolsDeprecationWarning: setup.py install is deprecated. Use build and pip and other standards-based tools.
  setuptools.SetuptoolsDeprecationWarning,
/home/moon/.local/lib/python3.6/site-packages/pkg_resources/__init__.py:119: PkgResourcesDeprecationWarning: 0.18ubuntu0.18.04.1 is an invalid version and will not be supported in a future release
  PkgResourcesDeprecationWarning,
running egg_info
writing turtlebot3_example.egg-info/PKG-INFO
writing dependency_links to turtlebot3_example.egg-info/dependency_links.txt
writing entry points to turtlebot3_example.egg-info/entry_points.txt
writing requirements to turtlebot3_example.egg-info/requires.txt
writing top-level names to turtlebot3_example.egg-info/top_level.txt
reading manifest file 'turtlebot3_example.egg-info/SOURCES.txt'
writing manifest file 'turtlebot3_example.egg-info/SOURCES.txt'
running build_ext
Creating /home/moon/S08P31C208/ROS/buruemi_ws/install/turtlebot3_example/lib/python3.6/site-packages/turtlebot3-example.egg-link (link to .)
Installing turtlebot3_obstacle_detection script to /home/moon/S08P31C208/ROS/buruemi_ws/install/turtlebot3_example/lib/turtlebot3_example
Installing turtlebot3_patrol_client script to /home/moon/S08P31C208/ROS/buruemi_ws/install/turtlebot3_example/lib/turtlebot3_example
Installing turtlebot3_patrol_server script to /home/moon/S08P31C208/ROS/buruemi_ws/install/turtlebot3_example/lib/turtlebot3_example
Installing turtlebot3_position_control script to /home/moon/S08P31C208/ROS/buruemi_ws/install/turtlebot3_example/lib/turtlebot3_example

Installed /home/moon/S08P31C208/ROS/buruemi_ws/build/turtlebot3_example
running install_data
