-- Found action_msgs: 0.7.4 (/opt/ros/dashing/share/action_msgs/cmake)
-- Found PythonInterp: /usr/bin/python3 (found suitable version "3.6.9", minimum required is "3") 
-- Using PYTHON_EXECUTABLE: /usr/bin/python3
-- Override CMake install command with custom implementation using symlinks instead of copying resources
-- Found rosidl_adapter: 0.7.10 (/opt/ros/dashing/share/rosidl_adapter/cmake)
-- Found ament_cmake: 0.7.6 (/opt/ros/dashing/share/ament_cmake/cmake)
-- Found rosidl_default_generators: 0.7.0 (/opt/ros/dashing/share/rosidl_default_generators/cmake)
-- Found std_msgs: 0.7.1 (/opt/ros/dashing/share/std_msgs/cmake)
-- Found PythonInterp: /usr/bin/python3 (found version "3.6.9") 
-- Found ament_cmake_cppcheck: 0.7.12 (/opt/ros/dashing/share/ament_cmake_cppcheck/cmake)
-- Found ament_cmake_cpplint: 0.7.12 (/opt/ros/dashing/share/ament_cmake_cpplint/cmake)
-- Found ament_cmake_uncrustify: 0.7.12 (/opt/ros/dashing/share/ament_cmake_uncrustify/cmake)
-- Using all available rosidl_typesupport_c: rosidl_typesupport_fastrtps_c;rosidl_typesupport_introspection_c
-- Using all available rosidl_typesupport_cpp: rosidl_typesupport_fastrtps_cpp;rosidl_typesupport_introspection_cpp
-- Found rmw_implementation_cmake: 0.7.2 (/opt/ros/dashing/share/rmw_implementation_cmake/cmake)
-- Found PythonInterp: /usr/bin/python3 (found suitable version "3.6.9", minimum required is "3.5") 
-- Found python_cmake_module: 0.7.11 (/opt/ros/dashing/share/python_cmake_module/cmake)
-- Using PYTHON_EXECUTABLE: /usr/bin/python3
-- Using PYTHON_INCLUDE_DIRS: /usr/include/python3.6m
-- Using PYTHON_LIBRARIES: /usr/lib/x86_64-linux-gnu/libpython3.6m.so
-- Found ament_cmake_flake8: 0.7.12 (/opt/ros/dashing/share/ament_cmake_flake8/cmake)
-- Found ament_cmake_pep257: 0.7.12 (/opt/ros/dashing/share/ament_cmake_pep257/cmake)
-- Configuring done
-- Generating done
-- Build files have been written to: /home/iju/S08P31C208/ROS/robot_ws/src/build/turtlebot3_msgs
[35m[1mScanning dependencies of target turtlebot3_msgs__rosidl_generator_c[0m
[  1%] Built target turtlebot3_msgs__cpp
[  2%] [32mBuilding C object CMakeFiles/turtlebot3_msgs__rosidl_generator_c.dir/rosidl_generator_c/turtlebot3_msgs/msg/sound__functions.c.o[0m
[  4%] [32mBuilding C object CMakeFiles/turtlebot3_msgs__rosidl_generator_c.dir/rosidl_generator_c/turtlebot3_msgs/srv/sound__functions.c.o[0m
[  5%] [32mBuilding C object CMakeFiles/turtlebot3_msgs__rosidl_generator_c.dir/rosidl_generator_c/turtlebot3_msgs/msg/version_info__functions.c.o[0m
[  7%] [32mBuilding C object CMakeFiles/turtlebot3_msgs__rosidl_generator_c.dir/rosidl_generator_c/turtlebot3_msgs/action/patrol__functions.c.o[0m
[  8%] [32mBuilding C object CMakeFiles/turtlebot3_msgs__rosidl_generator_c.dir/rosidl_generator_c/turtlebot3_msgs/msg/sensor_state__functions.c.o[0m
[  9%] [32mBuilding C object CMakeFiles/turtlebot3_msgs__rosidl_generator_c.dir/rosidl_generator_c/turtlebot3_msgs/srv/dqn__functions.c.o[0m
[35m[1mScanning dependencies of target turtlebot3_msgs__rosidl_typesupport_cpp[0m
[35m[1mScanning dependencies of target turtlebot3_msgs__rosidl_typesupport_fastrtps_cpp[0m
[35m[1mScanning dependencies of target turtlebot3_msgs__rosidl_typesupport_introspection_cpp[0m
[ 11%] [32mBuilding CXX object CMakeFiles/turtlebot3_msgs__rosidl_typesupport_cpp.dir/rosidl_typesupport_cpp/turtlebot3_msgs/msg/sensor_state__type_support.cpp.o[0m
[ 12%] [32mBuilding CXX object CMakeFiles/turtlebot3_msgs__rosidl_typesupport_fastrtps_cpp.dir/rosidl_typesupport_fastrtps_cpp/turtlebot3_msgs/msg/dds_fastrtps/sensor_state__type_support.cpp.o[0m
[ 14%] [32mBuilding CXX object CMakeFiles/turtlebot3_msgs__rosidl_typesupport_fastrtps_cpp.dir/rosidl_typesupport_fastrtps_cpp/turtlebot3_msgs/msg/dds_fastrtps/sound__type_support.cpp.o[0m
[ 15%] [32mBuilding CXX object CMakeFiles/turtlebot3_msgs__rosidl_typesupport_cpp.dir/rosidl_typesupport_cpp/turtlebot3_msgs/msg/sound__type_support.cpp.o[0m
[ 16%] [32mBuilding CXX object CMakeFiles/turtlebot3_msgs__rosidl_typesupport_introspection_cpp.dir/rosidl_typesupport_introspection_cpp/turtlebot3_msgs/msg/sensor_state__type_support.cpp.o[0m
[ 18%] [32m[1mLinking C shared library libturtlebot3_msgs__rosidl_generator_c.so[0m
[ 19%] Built target turtlebot3_msgs__rosidl_generator_c
[ 21%] [32mBuilding CXX object CMakeFiles/turtlebot3_msgs__rosidl_typesupport_cpp.dir/rosidl_typesupport_cpp/turtlebot3_msgs/msg/version_info__type_support.cpp.o[0m
[35m[1mScanning dependencies of target turtlebot3_msgs__rosidl_typesupport_c[0m
[ 22%] [32mBuilding CXX object CMakeFiles/turtlebot3_msgs__rosidl_typesupport_introspection_cpp.dir/rosidl_typesupport_introspection_cpp/turtlebot3_msgs/msg/sound__type_support.cpp.o[0m
[ 23%] [32mBuilding CXX object CMakeFiles/turtlebot3_msgs__rosidl_typesupport_cpp.dir/rosidl_typesupport_cpp/turtlebot3_msgs/srv/sound__type_support.cpp.o[0m
[ 25%] [32mBuilding CXX object CMakeFiles/turtlebot3_msgs__rosidl_typesupport_c.dir/rosidl_typesupport_c/turtlebot3_msgs/msg/sensor_state__type_support.cpp.o[0m
[ 26%] [32mBuilding CXX object CMakeFiles/turtlebot3_msgs__rosidl_typesupport_c.dir/rosidl_typesupport_c/turtlebot3_msgs/msg/sound__type_support.cpp.o[0m
[ 28%] [32mBuilding CXX object CMakeFiles/turtlebot3_msgs__rosidl_typesupport_fastrtps_cpp.dir/rosidl_typesupport_fastrtps_cpp/turtlebot3_msgs/msg/dds_fastrtps/version_info__type_support.cpp.o[0m
[ 29%] [32mBuilding CXX object CMakeFiles/turtlebot3_msgs__rosidl_typesupport_cpp.dir/rosidl_typesupport_cpp/turtlebot3_msgs/srv/dqn__type_support.cpp.o[0m
[ 30%] [32mBuilding CXX object CMakeFiles/turtlebot3_msgs__rosidl_typesupport_c.dir/rosidl_typesupport_c/turtlebot3_msgs/msg/version_info__type_support.cpp.o[0m
[ 32%] [32mBuilding CXX object CMakeFiles/turtlebot3_msgs__rosidl_typesupport_introspection_cpp.dir/rosidl_typesupport_introspection_cpp/turtlebot3_msgs/msg/version_info__type_support.cpp.o[0m
[ 33%] [32mBuilding CXX object CMakeFiles/turtlebot3_msgs__rosidl_typesupport_cpp.dir/rosidl_typesupport_cpp/turtlebot3_msgs/action/patrol__type_support.cpp.o[0m
[ 35%] [32mBuilding CXX object CMakeFiles/turtlebot3_msgs__rosidl_typesupport_c.dir/rosidl_typesupport_c/turtlebot3_msgs/srv/sound__type_support.cpp.o[0m
[35m[1mScanning dependencies of target turtlebot3_msgs__rosidl_typesupport_introspection_c[0m
[ 36%] [32mBuilding CXX object CMakeFiles/turtlebot3_msgs__rosidl_typesupport_c.dir/rosidl_typesupport_c/turtlebot3_msgs/srv/dqn__type_support.cpp.o[0m
[ 38%] [32mBuilding C object CMakeFiles/turtlebot3_msgs__rosidl_typesupport_introspection_c.dir/rosidl_typesupport_introspection_c/turtlebot3_msgs/msg/sensor_state__type_support.c.o[0m
[ 39%] [32mBuilding CXX object CMakeFiles/turtlebot3_msgs__rosidl_typesupport_c.dir/rosidl_typesupport_c/turtlebot3_msgs/action/patrol__type_support.cpp.o[0m
[ 40%] [32mBuilding C object CMakeFiles/turtlebot3_msgs__rosidl_typesupport_introspection_c.dir/rosidl_typesupport_introspection_c/turtlebot3_msgs/msg/sound__type_support.c.o[0m
[ 42%] [32mBuilding CXX object CMakeFiles/turtlebot3_msgs__rosidl_typesupport_introspection_cpp.dir/rosidl_typesupport_introspection_cpp/turtlebot3_msgs/srv/sound__type_support.cpp.o[0m
[ 43%] [32mBuilding C object CMakeFiles/turtlebot3_msgs__rosidl_typesupport_introspection_c.dir/rosidl_typesupport_introspection_c/turtlebot3_msgs/msg/version_info__type_support.c.o[0m
[ 45%] [32mBuilding CXX object CMakeFiles/turtlebot3_msgs__rosidl_typesupport_fastrtps_cpp.dir/rosidl_typesupport_fastrtps_cpp/turtlebot3_msgs/srv/dds_fastrtps/sound__type_support.cpp.o[0m
[ 46%] [32mBuilding C object CMakeFiles/turtlebot3_msgs__rosidl_typesupport_introspection_c.dir/rosidl_typesupport_introspection_c/turtlebot3_msgs/srv/sound__type_support.c.o[0m
[ 47%] [32m[1mLinking CXX shared library libturtlebot3_msgs__rosidl_typesupport_c.so[0m
[ 49%] [32mBuilding C object CMakeFiles/turtlebot3_msgs__rosidl_typesupport_introspection_c.dir/rosidl_typesupport_introspection_c/turtlebot3_msgs/srv/dqn__type_support.c.o[0m
[ 50%] [32m[1mLinking CXX shared library libturtlebot3_msgs__rosidl_typesupport_cpp.so[0m
[ 52%] [32mBuilding C object CMakeFiles/turtlebot3_msgs__rosidl_typesupport_introspection_c.dir/rosidl_typesupport_introspection_c/turtlebot3_msgs/action/patrol__type_support.c.o[0m
[ 53%] Built target turtlebot3_msgs__rosidl_typesupport_c
[ 54%] [32mBuilding CXX object CMakeFiles/turtlebot3_msgs__rosidl_typesupport_introspection_cpp.dir/rosidl_typesupport_introspection_cpp/turtlebot3_msgs/srv/dqn__type_support.cpp.o[0m
[ 56%] [32mBuilding CXX object CMakeFiles/turtlebot3_msgs__rosidl_typesupport_fastrtps_cpp.dir/rosidl_typesupport_fastrtps_cpp/turtlebot3_msgs/srv/dds_fastrtps/dqn__type_support.cpp.o[0m
[ 57%] Built target turtlebot3_msgs__rosidl_typesupport_cpp
[ 59%] [32m[1mLinking C shared library libturtlebot3_msgs__rosidl_typesupport_introspection_c.so[0m
[ 60%] [32mBuilding CXX object CMakeFiles/turtlebot3_msgs__rosidl_typesupport_introspection_cpp.dir/rosidl_typesupport_introspection_cpp/turtlebot3_msgs/action/patrol__type_support.cpp.o[0m
[ 61%] [32mBuilding CXX object CMakeFiles/turtlebot3_msgs__rosidl_typesupport_fastrtps_cpp.dir/rosidl_typesupport_fastrtps_cpp/turtlebot3_msgs/action/dds_fastrtps/patrol__type_support.cpp.o[0m
[ 63%] Built target turtlebot3_msgs__rosidl_typesupport_introspection_c
[ 64%] [32m[1mLinking CXX shared library libturtlebot3_msgs__rosidl_typesupport_introspection_cpp.so[0m
[ 66%] [32m[1mLinking CXX shared library libturtlebot3_msgs__rosidl_typesupport_fastrtps_cpp.so[0m
[ 67%] Built target turtlebot3_msgs__rosidl_typesupport_introspection_cpp
[ 69%] Built target turtlebot3_msgs__rosidl_typesupport_fastrtps_cpp
[35m[1mScanning dependencies of target turtlebot3_msgs__rosidl_typesupport_fastrtps_c[0m
[ 70%] [32mBuilding CXX object CMakeFiles/turtlebot3_msgs__rosidl_typesupport_fastrtps_c.dir/rosidl_typesupport_fastrtps_c/turtlebot3_msgs/msg/sensor_state__type_support_c.cpp.o[0m
[ 71%] [32mBuilding CXX object CMakeFiles/turtlebot3_msgs__rosidl_typesupport_fastrtps_c.dir/rosidl_typesupport_fastrtps_c/turtlebot3_msgs/msg/sound__type_support_c.cpp.o[0m
[ 73%] [32mBuilding CXX object CMakeFiles/turtlebot3_msgs__rosidl_typesupport_fastrtps_c.dir/rosidl_typesupport_fastrtps_c/turtlebot3_msgs/action/patrol__type_support_c.cpp.o[0m
[ 74%] [32mBuilding CXX object CMakeFiles/turtlebot3_msgs__rosidl_typesupport_fastrtps_c.dir/rosidl_typesupport_fastrtps_c/turtlebot3_msgs/srv/sound__type_support_c.cpp.o[0m
[ 76%] [32mBuilding CXX object CMakeFiles/turtlebot3_msgs__rosidl_typesupport_fastrtps_c.dir/rosidl_typesupport_fastrtps_c/turtlebot3_msgs/msg/version_info__type_support_c.cpp.o[0m
[ 77%] [32mBuilding CXX object CMakeFiles/turtlebot3_msgs__rosidl_typesupport_fastrtps_c.dir/rosidl_typesupport_fastrtps_c/turtlebot3_msgs/srv/dqn__type_support_c.cpp.o[0m
[ 78%] [32m[1mLinking CXX shared library libturtlebot3_msgs__rosidl_typesupport_fastrtps_c.so[0m
[ 80%] Built target turtlebot3_msgs__rosidl_typesupport_fastrtps_c
[ 80%] Built target turtlebot3_msgs
[ 81%] Built target turtlebot3_msgs__py
[35m[1mScanning dependencies of target turtlebot3_msgs__python[0m
[ 83%] [32mBuilding C object CMakeFiles/turtlebot3_msgs__python.dir/rosidl_generator_py/turtlebot3_msgs/action/_patrol_s.c.o[0m
[ 84%] [32mBuilding C object CMakeFiles/turtlebot3_msgs__python.dir/rosidl_generator_py/turtlebot3_msgs/msg/_sensor_state_s.c.o[0m
[ 85%] [32mBuilding C object CMakeFiles/turtlebot3_msgs__python.dir/rosidl_generator_py/turtlebot3_msgs/srv/_sound_s.c.o[0m
[ 87%] [32mBuilding C object CMakeFiles/turtlebot3_msgs__python.dir/rosidl_generator_py/turtlebot3_msgs/msg/_sound_s.c.o[0m
[ 88%] [32mBuilding C object CMakeFiles/turtlebot3_msgs__python.dir/rosidl_generator_py/turtlebot3_msgs/msg/_version_info_s.c.o[0m
[ 90%] [32mBuilding C object CMakeFiles/turtlebot3_msgs__python.dir/rosidl_generator_py/turtlebot3_msgs/srv/_dqn_s.c.o[0m
[ 91%] [32m[1mLinking C shared library rosidl_generator_py/turtlebot3_msgs/libturtlebot3_msgs__python.so[0m
[ 91%] Built target turtlebot3_msgs__python
[35m[1mScanning dependencies of target turtlebot3_msgs__rosidl_typesupport_c__pyext[0m
[35m[1mScanning dependencies of target turtlebot3_msgs__rosidl_typesupport_introspection_c__pyext[0m
[35m[1mScanning dependencies of target turtlebot3_msgs__rosidl_typesupport_fastrtps_c__pyext[0m
[ 92%] [32mBuilding C object CMakeFiles/turtlebot3_msgs__rosidl_typesupport_c__pyext.dir/rosidl_generator_py/turtlebot3_msgs/_turtlebot3_msgs_s.ep.rosidl_typesupport_c.c.o[0m
[ 94%] [32mBuilding C object CMakeFiles/turtlebot3_msgs__rosidl_typesupport_introspection_c__pyext.dir/rosidl_generator_py/turtlebot3_msgs/_turtlebot3_msgs_s.ep.rosidl_typesupport_introspection_c.c.o[0m
[ 95%] [32mBuilding C object CMakeFiles/turtlebot3_msgs__rosidl_typesupport_fastrtps_c__pyext.dir/rosidl_generator_py/turtlebot3_msgs/_turtlebot3_msgs_s.ep.rosidl_typesupport_fastrtps_c.c.o[0m
[ 97%] [32m[1mLinking C shared library rosidl_generator_py/turtlebot3_msgs/turtlebot3_msgs_s__rosidl_typesupport_c.cpython-36m-x86_64-linux-gnu.so[0m
[ 98%] [32m[1mLinking C shared library rosidl_generator_py/turtlebot3_msgs/turtlebot3_msgs_s__rosidl_typesupport_fastrtps_c.cpython-36m-x86_64-linux-gnu.so[0m
[100%] [32m[1mLinking C shared library rosidl_generator_py/turtlebot3_msgs/turtlebot3_msgs_s__rosidl_typesupport_introspection_c.cpython-36m-x86_64-linux-gnu.so[0m
[100%] Built target turtlebot3_msgs__rosidl_typesupport_fastrtps_c__pyext
[100%] Built target turtlebot3_msgs__rosidl_typesupport_c__pyext
[100%] Built target turtlebot3_msgs__rosidl_typesupport_introspection_c__pyext
[  1%] Built target turtlebot3_msgs__cpp
[ 12%] Built target turtlebot3_msgs__rosidl_generator_c
[ 23%] Built target turtlebot3_msgs__rosidl_typesupport_c
[ 35%] Built target turtlebot3_msgs__rosidl_typesupport_introspection_cpp
[ 46%] Built target turtlebot3_msgs__rosidl_typesupport_fastrtps_cpp
[ 57%] Built target turtlebot3_msgs__rosidl_typesupport_cpp
[ 69%] Built target turtlebot3_msgs__rosidl_typesupport_introspection_c
[ 80%] Built target turtlebot3_msgs__rosidl_typesupport_fastrtps_c
[ 80%] Built target turtlebot3_msgs
[ 81%] Built target turtlebot3_msgs__py
[ 91%] Built target turtlebot3_msgs__python
[ 94%] Built target turtlebot3_msgs__rosidl_typesupport_c__pyext
[ 97%] Built target turtlebot3_msgs__rosidl_typesupport_fastrtps_c__pyext
[100%] Built target turtlebot3_msgs__rosidl_typesupport_introspection_c__pyext
[36mInstall the project...[0m
-- Install configuration: ""
-- Execute custom install script
-- Up-to-date symlink: /home/iju/S08P31C208/ROS/robot_ws/src/install/turtlebot3_msgs/share/ament_index/resource_index/rosidl_interfaces/turtlebot3_msgs
-- Up-to-date symlink: /home/iju/S08P31C208/ROS/robot_ws/src/install/turtlebot3_msgs/include/turtlebot3_msgs/action/patrol.hpp
-- Up-to-date symlink: /home/iju/S08P31C208/ROS/robot_ws/src/install/turtlebot3_msgs/include/turtlebot3_msgs/action/patrol__struct.hpp
-- Up-to-date symlink: /home/iju/S08P31C208/ROS/robot_ws/src/install/turtlebot3_msgs/include/turtlebot3_msgs/action/patrol__traits.hpp
-- Up-to-date symlink: /home/iju/S08P31C208/ROS/robot_ws/src/install/turtlebot3_msgs/include/turtlebot3_msgs/msg/sensor_state.hpp
-- Up-to-date symlink: /home/iju/S08P31C208/ROS/robot_ws/src/install/turtlebot3_msgs/include/turtlebot3_msgs/msg/sensor_state__struct.hpp
-- Up-to-date symlink: /home/iju/S08P31C208/ROS/robot_ws/src/install/turtlebot3_msgs/include/turtlebot3_msgs/msg/sensor_state__traits.hpp
-- Up-to-date symlink: /home/iju/S08P31C208/ROS/robot_ws/src/install/turtlebot3_msgs/include/turtlebot3_msgs/msg/sound.hpp
-- Up-to-date symlink: /home/iju/S08P31C208/ROS/robot_ws/src/install/turtlebot3_msgs/include/turtlebot3_msgs/msg/sound__struct.hpp
-- Up-to-date symlink: /home/iju/S08P31C208/ROS/robot_ws/src/install/turtlebot3_msgs/include/turtlebot3_msgs/msg/sound__traits.hpp
-- Up-to-date symlink: /home/iju/S08P31C208/ROS/robot_ws/src/install/turtlebot3_msgs/include/turtlebot3_msgs/msg/version_info.hpp
-- Up-to-date symlink: /home/iju/S08P31C208/ROS/robot_ws/src/install/turtlebot3_msgs/include/turtlebot3_msgs/msg/version_info__struct.hpp
-- Up-to-date symlink: /home/iju/S08P31C208/ROS/robot_ws/src/install/turtlebot3_msgs/include/turtlebot3_msgs/msg/version_info__traits.hpp
-- Up-to-date symlink: /home/iju/S08P31C208/ROS/robot_ws/src/install/turtlebot3_msgs/include/turtlebot3_msgs/srv/dqn.hpp
-- Up-to-date symlink: /home/iju/S08P31C208/ROS/robot_ws/src/install/turtlebot3_msgs/include/turtlebot3_msgs/srv/dqn__struct.hpp
-- Up-to-date symlink: /home/iju/S08P31C208/ROS/robot_ws/src/install/turtlebot3_msgs/include/turtlebot3_msgs/srv/dqn__traits.hpp
-- Up-to-date symlink: /home/iju/S08P31C208/ROS/robot_ws/src/install/turtlebot3_msgs/include/turtlebot3_msgs/srv/sound.hpp
-- Up-to-date symlink: /home/iju/S08P31C208/ROS/robot_ws/src/install/turtlebot3_msgs/include/turtlebot3_msgs/srv/sound__struct.hpp
-- Up-to-date symlink: /home/iju/S08P31C208/ROS/robot_ws/src/install/turtlebot3_msgs/include/turtlebot3_msgs/srv/sound__traits.hpp
-- Up-to-date symlink: /home/iju/S08P31C208/ROS/robot_ws/src/install/turtlebot3_msgs/include/turtlebot3_msgs/action/patrol.h
-- Up-to-date symlink: /home/iju/S08P31C208/ROS/robot_ws/src/install/turtlebot3_msgs/include/turtlebot3_msgs/action/patrol__functions.h
-- Up-to-date symlink: /home/iju/S08P31C208/ROS/robot_ws/src/install/turtlebot3_msgs/include/turtlebot3_msgs/action/patrol__struct.h
-- Up-to-date symlink: /home/iju/S08P31C208/ROS/robot_ws/src/install/turtlebot3_msgs/include/turtlebot3_msgs/action/patrol__type_support.h
-- Up-to-date symlink: /home/iju/S08P31C208/ROS/robot_ws/src/install/turtlebot3_msgs/include/turtlebot3_msgs/msg/rosidl_generator_c__visibility_control.h
-- Up-to-date symlink: /home/iju/S08P31C208/ROS/robot_ws/src/install/turtlebot3_msgs/include/turtlebot3_msgs/msg/sensor_state.h
-- Up-to-date symlink: /home/iju/S08P31C208/ROS/robot_ws/src/install/turtlebot3_msgs/include/turtlebot3_msgs/msg/sensor_state__functions.h
-- Up-to-date symlink: /home/iju/S08P31C208/ROS/robot_ws/src/install/turtlebot3_msgs/include/turtlebot3_msgs/msg/sensor_state__struct.h
-- Up-to-date symlink: /home/iju/S08P31C208/ROS/robot_ws/src/install/turtlebot3_msgs/include/turtlebot3_msgs/msg/sensor_state__type_support.h
-- Up-to-date symlink: /home/iju/S08P31C208/ROS/robot_ws/src/install/turtlebot3_msgs/include/turtlebot3_msgs/msg/sound.h
-- Up-to-date symlink: /home/iju/S08P31C208/ROS/robot_ws/src/install/turtlebot3_msgs/include/turtlebot3_msgs/msg/sound__functions.h
-- Up-to-date symlink: /home/iju/S08P31C208/ROS/robot_ws/src/install/turtlebot3_msgs/include/turtlebot3_msgs/msg/sound__struct.h
-- Up-to-date symlink: /home/iju/S08P31C208/ROS/robot_ws/src/install/turtlebot3_msgs/include/turtlebot3_msgs/msg/sound__type_support.h
-- Up-to-date symlink: /home/iju/S08P31C208/ROS/robot_ws/src/install/turtlebot3_msgs/include/turtlebot3_msgs/msg/version_info.h
-- Up-to-date symlink: /home/iju/S08P31C208/ROS/robot_ws/src/install/turtlebot3_msgs/include/turtlebot3_msgs/msg/version_info__functions.h
-- Up-to-date symlink: /home/iju/S08P31C208/ROS/robot_ws/src/install/turtlebot3_msgs/include/turtlebot3_msgs/msg/version_info__struct.h
-- Up-to-date symlink: /home/iju/S08P31C208/ROS/robot_ws/src/install/turtlebot3_msgs/include/turtlebot3_msgs/msg/version_info__type_support.h
-- Up-to-date symlink: /home/iju/S08P31C208/ROS/robot_ws/src/install/turtlebot3_msgs/include/turtlebot3_msgs/srv/dqn.h
-- Up-to-date symlink: /home/iju/S08P31C208/ROS/robot_ws/src/install/turtlebot3_msgs/include/turtlebot3_msgs/srv/dqn__functions.h
-- Up-to-date symlink: /home/iju/S08P31C208/ROS/robot_ws/src/install/turtlebot3_msgs/include/turtlebot3_msgs/srv/dqn__struct.h
-- Up-to-date symlink: /home/iju/S08P31C208/ROS/robot_ws/src/install/turtlebot3_msgs/include/turtlebot3_msgs/srv/dqn__type_support.h
-- Up-to-date symlink: /home/iju/S08P31C208/ROS/robot_ws/src/install/turtlebot3_msgs/include/turtlebot3_msgs/srv/sound.h
-- Up-to-date symlink: /home/iju/S08P31C208/ROS/robot_ws/src/install/turtlebot3_msgs/include/turtlebot3_msgs/srv/sound__functions.h
-- Up-to-date symlink: /home/iju/S08P31C208/ROS/robot_ws/src/install/turtlebot3_msgs/include/turtlebot3_msgs/srv/sound__struct.h
-- Up-to-date symlink: /home/iju/S08P31C208/ROS/robot_ws/src/install/turtlebot3_msgs/include/turtlebot3_msgs/srv/sound__type_support.h
-- Up-to-date symlink: /home/iju/S08P31C208/ROS/robot_ws/src/install/turtlebot3_msgs/share/turtlebot3_msgs/environment/library_path.sh
-- Up-to-date symlink: /home/iju/S08P31C208/ROS/robot_ws/src/install/turtlebot3_msgs/lib/libturtlebot3_msgs__rosidl_generator_c.so
-- Up-to-date symlink: /home/iju/S08P31C208/ROS/robot_ws/src/install/turtlebot3_msgs/lib/libturtlebot3_msgs__rosidl_typesupport_c.so
-- Up-to-date symlink: /home/iju/S08P31C208/ROS/robot_ws/src/install/turtlebot3_msgs/lib/libturtlebot3_msgs__rosidl_typesupport_cpp.so
-- Up-to-date symlink: /home/iju/S08P31C208/ROS/robot_ws/src/install/turtlebot3_msgs/include/turtlebot3_msgs/action/patrol__rosidl_typesupport_introspection_c.h
-- Up-to-date symlink: /home/iju/S08P31C208/ROS/robot_ws/src/install/turtlebot3_msgs/include/turtlebot3_msgs/msg/rosidl_typesupport_introspection_c__visibility_control.h
-- Up-to-date symlink: /home/iju/S08P31C208/ROS/robot_ws/src/install/turtlebot3_msgs/include/turtlebot3_msgs/msg/sensor_state__rosidl_typesupport_introspection_c.h
-- Up-to-date symlink: /home/iju/S08P31C208/ROS/robot_ws/src/install/turtlebot3_msgs/include/turtlebot3_msgs/msg/sound__rosidl_typesupport_introspection_c.h
-- Up-to-date symlink: /home/iju/S08P31C208/ROS/robot_ws/src/install/turtlebot3_msgs/include/turtlebot3_msgs/msg/version_info__rosidl_typesupport_introspection_c.h
-- Up-to-date symlink: /home/iju/S08P31C208/ROS/robot_ws/src/install/turtlebot3_msgs/include/turtlebot3_msgs/srv/dqn__rosidl_typesupport_introspection_c.h
-- Up-to-date symlink: /home/iju/S08P31C208/ROS/robot_ws/src/install/turtlebot3_msgs/include/turtlebot3_msgs/srv/sound__rosidl_typesupport_introspection_c.h
-- Up-to-date symlink: /home/iju/S08P31C208/ROS/robot_ws/src/install/turtlebot3_msgs/lib/libturtlebot3_msgs__rosidl_typesupport_introspection_c.so
-- Up-to-date symlink: /home/iju/S08P31C208/ROS/robot_ws/src/install/turtlebot3_msgs/include/turtlebot3_msgs/action/patrol__rosidl_typesupport_introspection_cpp.hpp
-- Up-to-date symlink: /home/iju/S08P31C208/ROS/robot_ws/src/install/turtlebot3_msgs/include/turtlebot3_msgs/msg/sensor_state__rosidl_typesupport_introspection_cpp.hpp
-- Up-to-date symlink: /home/iju/S08P31C208/ROS/robot_ws/src/install/turtlebot3_msgs/include/turtlebot3_msgs/msg/sound__rosidl_typesupport_introspection_cpp.hpp
-- Up-to-date symlink: /home/iju/S08P31C208/ROS/robot_ws/src/install/turtlebot3_msgs/include/turtlebot3_msgs/msg/version_info__rosidl_typesupport_introspection_cpp.hpp
-- Up-to-date symlink: /home/iju/S08P31C208/ROS/robot_ws/src/install/turtlebot3_msgs/include/turtlebot3_msgs/srv/dqn__rosidl_typesupport_introspection_cpp.hpp
-- Up-to-date symlink: /home/iju/S08P31C208/ROS/robot_ws/src/install/turtlebot3_msgs/include/turtlebot3_msgs/srv/sound__rosidl_typesupport_introspection_cpp.hpp
-- Up-to-date symlink: /home/iju/S08P31C208/ROS/robot_ws/src/install/turtlebot3_msgs/lib/libturtlebot3_msgs__rosidl_typesupport_introspection_cpp.so
-- Up-to-date symlink: /home/iju/S08P31C208/ROS/robot_ws/src/install/turtlebot3_msgs/include/turtlebot3_msgs/action/patrol__rosidl_typesupport_fastrtps_c.h
-- Up-to-date symlink: /home/iju/S08P31C208/ROS/robot_ws/src/install/turtlebot3_msgs/include/turtlebot3_msgs/msg/rosidl_typesupport_fastrtps_c__visibility_control.h
-- Up-to-date symlink: /home/iju/S08P31C208/ROS/robot_ws/src/install/turtlebot3_msgs/include/turtlebot3_msgs/msg/sensor_state__rosidl_typesupport_fastrtps_c.h
-- Up-to-date symlink: /home/iju/S08P31C208/ROS/robot_ws/src/install/turtlebot3_msgs/include/turtlebot3_msgs/msg/sound__rosidl_typesupport_fastrtps_c.h
-- Up-to-date symlink: /home/iju/S08P31C208/ROS/robot_ws/src/install/turtlebot3_msgs/include/turtlebot3_msgs/msg/version_info__rosidl_typesupport_fastrtps_c.h
-- Up-to-date symlink: /home/iju/S08P31C208/ROS/robot_ws/src/install/turtlebot3_msgs/include/turtlebot3_msgs/srv/dqn__rosidl_typesupport_fastrtps_c.h
-- Up-to-date symlink: /home/iju/S08P31C208/ROS/robot_ws/src/install/turtlebot3_msgs/include/turtlebot3_msgs/srv/sound__rosidl_typesupport_fastrtps_c.h
-- Up-to-date symlink: /home/iju/S08P31C208/ROS/robot_ws/src/install/turtlebot3_msgs/lib/libturtlebot3_msgs__rosidl_typesupport_fastrtps_c.so
-- Up-to-date symlink: /home/iju/S08P31C208/ROS/robot_ws/src/install/turtlebot3_msgs/include/turtlebot3_msgs/action/patrol__rosidl_typesupport_fastrtps_cpp.hpp
-- Up-to-date symlink: /home/iju/S08P31C208/ROS/robot_ws/src/install/turtlebot3_msgs/include/turtlebot3_msgs/msg/rosidl_typesupport_fastrtps_cpp__visibility_control.h
-- Up-to-date symlink: /home/iju/S08P31C208/ROS/robot_ws/src/install/turtlebot3_msgs/include/turtlebot3_msgs/msg/sensor_state__rosidl_typesupport_fastrtps_cpp.hpp
-- Up-to-date symlink: /home/iju/S08P31C208/ROS/robot_ws/src/install/turtlebot3_msgs/include/turtlebot3_msgs/msg/sound__rosidl_typesupport_fastrtps_cpp.hpp
-- Up-to-date symlink: /home/iju/S08P31C208/ROS/robot_ws/src/install/turtlebot3_msgs/include/turtlebot3_msgs/msg/version_info__rosidl_typesupport_fastrtps_cpp.hpp
-- Up-to-date symlink: /home/iju/S08P31C208/ROS/robot_ws/src/install/turtlebot3_msgs/include/turtlebot3_msgs/srv/dqn__rosidl_typesupport_fastrtps_cpp.hpp
-- Up-to-date symlink: /home/iju/S08P31C208/ROS/robot_ws/src/install/turtlebot3_msgs/include/turtlebot3_msgs/srv/sound__rosidl_typesupport_fastrtps_cpp.hpp
-- Up-to-date symlink: /home/iju/S08P31C208/ROS/robot_ws/src/install/turtlebot3_msgs/lib/libturtlebot3_msgs__rosidl_typesupport_fastrtps_cpp.so
-- Up-to-date symlink: /home/iju/S08P31C208/ROS/robot_ws/src/install/turtlebot3_msgs/share/turtlebot3_msgs/environment/pythonpath.sh
-- Up-to-date symlink: /home/iju/S08P31C208/ROS/robot_ws/src/install/turtlebot3_msgs/lib/python3.6/site-packages/turtlebot3_msgs/__init__.py
-- Up-to-date symlink: /home/iju/S08P31C208/ROS/robot_ws/src/install/turtlebot3_msgs/lib/python3.6/site-packages/turtlebot3_msgs/msg/__init__.py
-- Up-to-date symlink: /home/iju/S08P31C208/ROS/robot_ws/src/install/turtlebot3_msgs/lib/python3.6/site-packages/turtlebot3_msgs/msg/_sensor_state.py
-- Up-to-date symlink: /home/iju/S08P31C208/ROS/robot_ws/src/install/turtlebot3_msgs/lib/python3.6/site-packages/turtlebot3_msgs/msg/_sound.py
-- Up-to-date symlink: /home/iju/S08P31C208/ROS/robot_ws/src/install/turtlebot3_msgs/lib/python3.6/site-packages/turtlebot3_msgs/msg/_version_info.py
-- Up-to-date symlink: /home/iju/S08P31C208/ROS/robot_ws/src/install/turtlebot3_msgs/lib/python3.6/site-packages/turtlebot3_msgs/srv/__init__.py
-- Up-to-date symlink: /home/iju/S08P31C208/ROS/robot_ws/src/install/turtlebot3_msgs/lib/python3.6/site-packages/turtlebot3_msgs/srv/_dqn.py
-- Up-to-date symlink: /home/iju/S08P31C208/ROS/robot_ws/src/install/turtlebot3_msgs/lib/python3.6/site-packages/turtlebot3_msgs/srv/_sound.py
-- Up-to-date symlink: /home/iju/S08P31C208/ROS/robot_ws/src/install/turtlebot3_msgs/lib/python3.6/site-packages/turtlebot3_msgs/action/__init__.py
-- Up-to-date symlink: /home/iju/S08P31C208/ROS/robot_ws/src/install/turtlebot3_msgs/lib/python3.6/site-packages/turtlebot3_msgs/action/_patrol.py
-- Up-to-date symlink: /home/iju/S08P31C208/ROS/robot_ws/src/install/turtlebot3_msgs/lib/python3.6/site-packages/turtlebot3_msgs/turtlebot3_msgs_s__rosidl_typesupport_c.cpython-36m-x86_64-linux-gnu.so
-- Up-to-date symlink: /home/iju/S08P31C208/ROS/robot_ws/src/install/turtlebot3_msgs/lib/python3.6/site-packages/turtlebot3_msgs/turtlebot3_msgs_s__rosidl_typesupport_introspection_c.cpython-36m-x86_64-linux-gnu.so
-- Up-to-date symlink: /home/iju/S08P31C208/ROS/robot_ws/src/install/turtlebot3_msgs/lib/python3.6/site-packages/turtlebot3_msgs/turtlebot3_msgs_s__rosidl_typesupport_fastrtps_c.cpython-36m-x86_64-linux-gnu.so
-- Up-to-date symlink: /home/iju/S08P31C208/ROS/robot_ws/src/install/turtlebot3_msgs/lib/libturtlebot3_msgs__python.so
-- Up-to-date symlink: /home/iju/S08P31C208/ROS/robot_ws/src/install/turtlebot3_msgs/share/turtlebot3_msgs/msg/SensorState.idl
-- Up-to-date symlink: /home/iju/S08P31C208/ROS/robot_ws/src/install/turtlebot3_msgs/share/turtlebot3_msgs/msg/Sound.idl
-- Up-to-date symlink: /home/iju/S08P31C208/ROS/robot_ws/src/install/turtlebot3_msgs/share/turtlebot3_msgs/msg/VersionInfo.idl
-- Up-to-date symlink: /home/iju/S08P31C208/ROS/robot_ws/src/install/turtlebot3_msgs/share/turtlebot3_msgs/srv/Sound.idl
-- Up-to-date symlink: /home/iju/S08P31C208/ROS/robot_ws/src/install/turtlebot3_msgs/share/turtlebot3_msgs/srv/Dqn.idl
-- Up-to-date symlink: /home/iju/S08P31C208/ROS/robot_ws/src/install/turtlebot3_msgs/share/turtlebot3_msgs/action/Patrol.idl
-- Up-to-date symlink: /home/iju/S08P31C208/ROS/robot_ws/src/install/turtlebot3_msgs/share/turtlebot3_msgs/msg/SensorState.msg
-- Up-to-date symlink: /home/iju/S08P31C208/ROS/robot_ws/src/install/turtlebot3_msgs/share/turtlebot3_msgs/msg/Sound.msg
-- Up-to-date symlink: /home/iju/S08P31C208/ROS/robot_ws/src/install/turtlebot3_msgs/share/turtlebot3_msgs/msg/VersionInfo.msg
-- Up-to-date symlink: /home/iju/S08P31C208/ROS/robot_ws/src/install/turtlebot3_msgs/share/turtlebot3_msgs/srv/Sound.srv
-- Up-to-date symlink: /home/iju/S08P31C208/ROS/robot_ws/src/install/turtlebot3_msgs/share/turtlebot3_msgs/srv/Sound_Request.msg
-- Up-to-date symlink: /home/iju/S08P31C208/ROS/robot_ws/src/install/turtlebot3_msgs/share/turtlebot3_msgs/srv/Sound_Response.msg
-- Up-to-date symlink: /home/iju/S08P31C208/ROS/robot_ws/src/install/turtlebot3_msgs/share/turtlebot3_msgs/srv/Dqn.srv
-- Up-to-date symlink: /home/iju/S08P31C208/ROS/robot_ws/src/install/turtlebot3_msgs/share/turtlebot3_msgs/srv/Dqn_Request.msg
-- Up-to-date symlink: /home/iju/S08P31C208/ROS/robot_ws/src/install/turtlebot3_msgs/share/turtlebot3_msgs/srv/Dqn_Response.msg
-- Up-to-date symlink: /home/iju/S08P31C208/ROS/robot_ws/src/install/turtlebot3_msgs/share/turtlebot3_msgs/action/Patrol.action
-- Up-to-date symlink: /home/iju/S08P31C208/ROS/robot_ws/src/install/turtlebot3_msgs/share/ament_index/resource_index/package_run_dependencies/turtlebot3_msgs
-- Up-to-date symlink: /home/iju/S08P31C208/ROS/robot_ws/src/install/turtlebot3_msgs/share/ament_index/resource_index/parent_prefix_path/turtlebot3_msgs
-- Up-to-date symlink: /home/iju/S08P31C208/ROS/robot_ws/src/install/turtlebot3_msgs/share/turtlebot3_msgs/environment/ament_prefix_path.sh
-- Up-to-date symlink: /home/iju/S08P31C208/ROS/robot_ws/src/install/turtlebot3_msgs/share/turtlebot3_msgs/environment/path.sh
-- Up-to-date symlink: /home/iju/S08P31C208/ROS/robot_ws/src/install/turtlebot3_msgs/share/turtlebot3_msgs/local_setup.bash
-- Up-to-date symlink: /home/iju/S08P31C208/ROS/robot_ws/src/install/turtlebot3_msgs/share/turtlebot3_msgs/local_setup.sh
-- Up-to-date symlink: /home/iju/S08P31C208/ROS/robot_ws/src/install/turtlebot3_msgs/share/turtlebot3_msgs/local_setup.zsh
-- Up-to-date symlink: /home/iju/S08P31C208/ROS/robot_ws/src/install/turtlebot3_msgs/share/ament_index/resource_index/packages/turtlebot3_msgs
-- Up-to-date symlink: /home/iju/S08P31C208/ROS/robot_ws/src/install/turtlebot3_msgs/share/turtlebot3_msgs/cmake/rosidl_cmake-extras.cmake
-- Up-to-date symlink: /home/iju/S08P31C208/ROS/robot_ws/src/install/turtlebot3_msgs/share/turtlebot3_msgs/cmake/ament_cmake_export_dependencies-extras.cmake
-- Up-to-date symlink: /home/iju/S08P31C208/ROS/robot_ws/src/install/turtlebot3_msgs/share/turtlebot3_msgs/cmake/ament_cmake_export_include_directories-extras.cmake
-- Up-to-date symlink: /home/iju/S08P31C208/ROS/robot_ws/src/install/turtlebot3_msgs/share/turtlebot3_msgs/cmake/ament_cmake_export_libraries-extras.cmake
-- Up-to-date symlink: /home/iju/S08P31C208/ROS/robot_ws/src/install/turtlebot3_msgs/share/turtlebot3_msgs/cmake/turtlebot3_msgsConfig.cmake
-- Up-to-date symlink: /home/iju/S08P31C208/ROS/robot_ws/src/install/turtlebot3_msgs/share/turtlebot3_msgs/cmake/turtlebot3_msgsConfig-version.cmake
-- Up-to-date symlink: /home/iju/S08P31C208/ROS/robot_ws/src/install/turtlebot3_msgs/share/turtlebot3_msgs/package.xml
Compiling '/home/iju/S08P31C208/ROS/robot_ws/src/install/turtlebot3_msgs/lib/python3.6/site-packages/turtlebot3_msgs/__init__.py'...
