[0.789s] Invoking command in '/home/iju/S08P31C208/ROS/robot_ws/src/build/turtlebot3_fake_node': AMENT_PREFIX_PATH=/home/iju/S08P31C208/ROS/robot_ws/src/install/turtlebot3_msgs:${AMENT_PREFIX_PATH} CMAKE_PREFIX_PATH=/home/iju/S08P31C208/ROS/robot_ws/src/install/turtlebot3_msgs:/opt/ros/dashing LD_LIBRARY_PATH=/home/iju/S08P31C208/ROS/robot_ws/src/install/turtlebot3_msgs/lib:${LD_LIBRARY_PATH} PS1=\u@\h \[\033[32m\]\w\[\033[33m\]$(parse_git_branch)\[\033[00m\] $ PYTHONPATH=/home/iju/S08P31C208/ROS/robot_ws/src/install/turtlebot3_msgs/lib/python3.6/site-packages:${PYTHONPATH} /usr/bin/cmake /home/iju/S08P31C208/ROS/robot_ws/src/turtlebot3_simulations/turtlebot3_fake_node -DAMENT_CMAKE_SYMLINK_INSTALL=1 -DCMAKE_INSTALL_PREFIX=/home/iju/S08P31C208/ROS/robot_ws/src/install/turtlebot3_fake_node
[0.884s] -- The C compiler identification is GNU 7.5.0
[0.999s] -- The CXX compiler identification is GNU 7.5.0
[1.006s] -- Check for working C compiler: /usr/bin/cc
[1.206s] -- Check for working C compiler: /usr/bin/cc -- works
[1.206s] -- Detecting C compiler ABI info
[1.353s] -- Detecting C compiler ABI info - done
[1.360s] -- Detecting C compile features
[1.793s] -- Detecting C compile features - done
[1.794s] -- Check for working CXX compiler: /usr/bin/c++
[1.963s] -- Check for working CXX compiler: /usr/bin/c++ -- works
[1.963s] -- Detecting CXX compiler ABI info
[2.121s] -- Detecting CXX compiler ABI info - done
[2.124s] -- Detecting CXX compile features
[2.830s] -- Detecting CXX compile features - done
[2.833s] -- Found ament_cmake: 0.7.6 (/opt/ros/dashing/share/ament_cmake/cmake)
[2.885s] -- Found PythonInterp: /usr/bin/python3 (found suitable version "3.6.9", minimum required is "3") 
[2.886s] -- Using PYTHON_EXECUTABLE: /usr/bin/python3
[3.317s] -- Override CMake install command with custom implementation using symlinks instead of copying resources
[3.353s] -- Found geometry_msgs: 0.7.1 (/opt/ros/dashing/share/geometry_msgs/cmake)
[3.382s] -- Found rosidl_adapter: 0.7.10 (/opt/ros/dashing/share/rosidl_adapter/cmake)
[3.473s] -- Found nav_msgs: 0.7.1 (/opt/ros/dashing/share/nav_msgs/cmake)
[3.497s] -- Found rclcpp: 0.7.16 (/opt/ros/dashing/share/rclcpp/cmake)
[3.524s] -- Found rmw_implementation_cmake: 0.7.2 (/opt/ros/dashing/share/rmw_implementation_cmake/cmake)
[3.527s] -- Using RMW implementation 'rmw_fastrtps_cpp' as default
[3.528s] -- Looking for pthread.h
[3.661s] -- Looking for pthread.h - found
[3.662s] -- Looking for pthread_create
[3.797s] -- Looking for pthread_create - not found
[3.798s] -- Looking for pthread_create in pthreads
[3.922s] -- Looking for pthread_create in pthreads - not found
[3.922s] -- Looking for pthread_create in pthread
[4.056s] -- Looking for pthread_create in pthread - found
[4.057s] -- Found Threads: TRUE  
[4.126s] -- Found sensor_msgs: 0.7.1 (/opt/ros/dashing/share/sensor_msgs/cmake)
[4.155s] -- Found tf2: 0.11.6 (/opt/ros/dashing/share/tf2/cmake)
[4.165s] -- Found tf2_msgs: 0.11.6 (/opt/ros/dashing/share/tf2_msgs/cmake)
[4.234s] -- Found turtlebot3_msgs: 2.2.1 (/home/iju/S08P31C208/ROS/robot_ws/src/install/turtlebot3_msgs/share/turtlebot3_msgs/cmake)
[4.678s] -- Configuring done
[4.728s] -- Generating done
[4.730s] -- Build files have been written to: /home/iju/S08P31C208/ROS/robot_ws/src/build/turtlebot3_fake_node
[4.742s] Invoked command in '/home/iju/S08P31C208/ROS/robot_ws/src/build/turtlebot3_fake_node' returned '0': AMENT_PREFIX_PATH=/home/iju/S08P31C208/ROS/robot_ws/src/install/turtlebot3_msgs:${AMENT_PREFIX_PATH} CMAKE_PREFIX_PATH=/home/iju/S08P31C208/ROS/robot_ws/src/install/turtlebot3_msgs:/opt/ros/dashing LD_LIBRARY_PATH=/home/iju/S08P31C208/ROS/robot_ws/src/install/turtlebot3_msgs/lib:${LD_LIBRARY_PATH} PS1=\u@\h \[\033[32m\]\w\[\033[33m\]$(parse_git_branch)\[\033[00m\] $ PYTHONPATH=/home/iju/S08P31C208/ROS/robot_ws/src/install/turtlebot3_msgs/lib/python3.6/site-packages:${PYTHONPATH} /usr/bin/cmake /home/iju/S08P31C208/ROS/robot_ws/src/turtlebot3_simulations/turtlebot3_fake_node -DAMENT_CMAKE_SYMLINK_INSTALL=1 -DCMAKE_INSTALL_PREFIX=/home/iju/S08P31C208/ROS/robot_ws/src/install/turtlebot3_fake_node
[4.743s] Invoking command in '/home/iju/S08P31C208/ROS/robot_ws/src/build/turtlebot3_fake_node': AMENT_PREFIX_PATH=/home/iju/S08P31C208/ROS/robot_ws/src/install/turtlebot3_msgs:${AMENT_PREFIX_PATH} CMAKE_PREFIX_PATH=/home/iju/S08P31C208/ROS/robot_ws/src/install/turtlebot3_msgs:/opt/ros/dashing LD_LIBRARY_PATH=/home/iju/S08P31C208/ROS/robot_ws/src/install/turtlebot3_msgs/lib:${LD_LIBRARY_PATH} PS1=\u@\h \[\033[32m\]\w\[\033[33m\]$(parse_git_branch)\[\033[00m\] $ PYTHONPATH=/home/iju/S08P31C208/ROS/robot_ws/src/install/turtlebot3_msgs/lib/python3.6/site-packages:${PYTHONPATH} /usr/bin/cmake --build /home/iju/S08P31C208/ROS/robot_ws/src/build/turtlebot3_fake_node -- -j6 -l6
[4.826s] [35m[1mScanning dependencies of target turtlebot3_fake_node[0m
[4.905s] [ 50%] [32mBuilding CXX object CMakeFiles/turtlebot3_fake_node.dir/src/turtlebot3_fake_node.cpp.o[0m
[12.713s] [100%] [32m[1mLinking CXX executable turtlebot3_fake_node[0m
[13.473s] [100%] Built target turtlebot3_fake_node
[13.523s] Invoked command in '/home/iju/S08P31C208/ROS/robot_ws/src/build/turtlebot3_fake_node' returned '0': AMENT_PREFIX_PATH=/home/iju/S08P31C208/ROS/robot_ws/src/install/turtlebot3_msgs:${AMENT_PREFIX_PATH} CMAKE_PREFIX_PATH=/home/iju/S08P31C208/ROS/robot_ws/src/install/turtlebot3_msgs:/opt/ros/dashing LD_LIBRARY_PATH=/home/iju/S08P31C208/ROS/robot_ws/src/install/turtlebot3_msgs/lib:${LD_LIBRARY_PATH} PS1=\u@\h \[\033[32m\]\w\[\033[33m\]$(parse_git_branch)\[\033[00m\] $ PYTHONPATH=/home/iju/S08P31C208/ROS/robot_ws/src/install/turtlebot3_msgs/lib/python3.6/site-packages:${PYTHONPATH} /usr/bin/cmake --build /home/iju/S08P31C208/ROS/robot_ws/src/build/turtlebot3_fake_node -- -j6 -l6
[13.893s] Invoking command in '/home/iju/S08P31C208/ROS/robot_ws/src/build/turtlebot3_fake_node': AMENT_PREFIX_PATH=/home/iju/S08P31C208/ROS/robot_ws/src/install/turtlebot3_msgs:${AMENT_PREFIX_PATH} CMAKE_PREFIX_PATH=/home/iju/S08P31C208/ROS/robot_ws/src/install/turtlebot3_msgs:/opt/ros/dashing LD_LIBRARY_PATH=/home/iju/S08P31C208/ROS/robot_ws/src/install/turtlebot3_msgs/lib:${LD_LIBRARY_PATH} PS1=\u@\h \[\033[32m\]\w\[\033[33m\]$(parse_git_branch)\[\033[00m\] $ PYTHONPATH=/home/iju/S08P31C208/ROS/robot_ws/src/install/turtlebot3_msgs/lib/python3.6/site-packages:${PYTHONPATH} /usr/bin/cmake --build /home/iju/S08P31C208/ROS/robot_ws/src/build/turtlebot3_fake_node --target install -- -j6 -l6
[14.214s] [100%] Built target turtlebot3_fake_node
[14.315s] [36mInstall the project...[0m
[14.371s] -- Install configuration: ""
[14.372s] -- Execute custom install script
[14.380s] -- Symlinking: /home/iju/S08P31C208/ROS/robot_ws/src/install/turtlebot3_fake_node/lib/turtlebot3_fake_node/turtlebot3_fake_node
[14.433s] -- Symlinking: /home/iju/S08P31C208/ROS/robot_ws/src/install/turtlebot3_fake_node/share/turtlebot3_fake_node/launch/rviz2.launch.py
[14.471s] -- Symlinking: /home/iju/S08P31C208/ROS/robot_ws/src/install/turtlebot3_fake_node/share/turtlebot3_fake_node/launch/turtlebot3_fake_node.launch.py
[14.524s] -- Symlinking: /home/iju/S08P31C208/ROS/robot_ws/src/install/turtlebot3_fake_node/share/turtlebot3_fake_node/param/burger.yaml
[14.576s] -- Symlinking: /home/iju/S08P31C208/ROS/robot_ws/src/install/turtlebot3_fake_node/share/turtlebot3_fake_node/param/waffle.yaml
[14.625s] -- Symlinking: /home/iju/S08P31C208/ROS/robot_ws/src/install/turtlebot3_fake_node/share/turtlebot3_fake_node/param/waffle_pi.yaml
[14.690s] -- Symlinking: /home/iju/S08P31C208/ROS/robot_ws/src/install/turtlebot3_fake_node/share/turtlebot3_fake_node/rviz/model.rviz
[14.736s] -- Symlinking: /home/iju/S08P31C208/ROS/robot_ws/src/install/turtlebot3_fake_node/include//turtlebot3_fake_node/turtlebot3_fake_node.hpp
[14.794s] -- Symlinking: /home/iju/S08P31C208/ROS/robot_ws/src/install/turtlebot3_fake_node/share/ament_index/resource_index/package_run_dependencies/turtlebot3_fake_node
[14.837s] -- Symlinking: /home/iju/S08P31C208/ROS/robot_ws/src/install/turtlebot3_fake_node/share/ament_index/resource_index/parent_prefix_path/turtlebot3_fake_node
[14.902s] -- Symlinking: /home/iju/S08P31C208/ROS/robot_ws/src/install/turtlebot3_fake_node/share/turtlebot3_fake_node/environment/ament_prefix_path.sh
[14.932s] -- Symlinking: /home/iju/S08P31C208/ROS/robot_ws/src/install/turtlebot3_fake_node/share/turtlebot3_fake_node/environment/path.sh
[15.004s] -- Symlinking: /home/iju/S08P31C208/ROS/robot_ws/src/install/turtlebot3_fake_node/share/turtlebot3_fake_node/local_setup.bash
[15.048s] -- Symlinking: /home/iju/S08P31C208/ROS/robot_ws/src/install/turtlebot3_fake_node/share/turtlebot3_fake_node/local_setup.sh
[15.093s] -- Symlinking: /home/iju/S08P31C208/ROS/robot_ws/src/install/turtlebot3_fake_node/share/turtlebot3_fake_node/local_setup.zsh
[15.144s] -- Symlinking: /home/iju/S08P31C208/ROS/robot_ws/src/install/turtlebot3_fake_node/share/ament_index/resource_index/packages/turtlebot3_fake_node
[15.166s] -- Symlinking: /home/iju/S08P31C208/ROS/robot_ws/src/install/turtlebot3_fake_node/share/turtlebot3_fake_node/cmake/ament_cmake_export_include_directories-extras.cmake
[15.189s] -- Symlinking: /home/iju/S08P31C208/ROS/robot_ws/src/install/turtlebot3_fake_node/share/turtlebot3_fake_node/cmake/ament_cmake_export_dependencies-extras.cmake
[15.208s] -- Symlinking: /home/iju/S08P31C208/ROS/robot_ws/src/install/turtlebot3_fake_node/share/turtlebot3_fake_node/cmake/turtlebot3_fake_nodeConfig.cmake
[15.227s] -- Symlinking: /home/iju/S08P31C208/ROS/robot_ws/src/install/turtlebot3_fake_node/share/turtlebot3_fake_node/cmake/turtlebot3_fake_nodeConfig-version.cmake
[15.246s] -- Symlinking: /home/iju/S08P31C208/ROS/robot_ws/src/install/turtlebot3_fake_node/share/turtlebot3_fake_node/package.xml
[15.283s] Invoked command in '/home/iju/S08P31C208/ROS/robot_ws/src/build/turtlebot3_fake_node' returned '0': AMENT_PREFIX_PATH=/home/iju/S08P31C208/ROS/robot_ws/src/install/turtlebot3_msgs:${AMENT_PREFIX_PATH} CMAKE_PREFIX_PATH=/home/iju/S08P31C208/ROS/robot_ws/src/install/turtlebot3_msgs:/opt/ros/dashing LD_LIBRARY_PATH=/home/iju/S08P31C208/ROS/robot_ws/src/install/turtlebot3_msgs/lib:${LD_LIBRARY_PATH} PS1=\u@\h \[\033[32m\]\w\[\033[33m\]$(parse_git_branch)\[\033[00m\] $ PYTHONPATH=/home/iju/S08P31C208/ROS/robot_ws/src/install/turtlebot3_msgs/lib/python3.6/site-packages:${PYTHONPATH} /usr/bin/cmake --build /home/iju/S08P31C208/ROS/robot_ws/src/build/turtlebot3_fake_node --target install -- -j6 -l6
