[0.114s] Invoking command in '/home/iju/S08P31C208/ROS/robot_ws/build/dwb_msgs': CMAKE_PREFIX_PATH=/home/iju/S08P31C208/ROS/robot_ws/install/nav_2d_msgs:/home/iju/S08P31C208/ROS/robot_ws/install/turtlebot3_simulations:/home/iju/S08P31C208/ROS/robot_ws/install/turtlebot3_gazebo:/home/iju/S08P31C208/ROS/robot_ws/install/turtlebot3:/home/iju/S08P31C208/ROS/robot_ws/install/turtlebot3_bringup:/home/iju/S08P31C208/ROS/robot_ws/install/turtlebot3_node:/home/iju/S08P31C208/ROS/robot_ws/install/turtlebot3_navigation2:/home/iju/S08P31C208/ROS/robot_ws/install/turtlebot3_fake_node:/home/iju/S08P31C208/ROS/robot_ws/install/turtlebot3_msgs:/home/iju/S08P31C208/ROS/robot_ws/install/turtlebot3_description:/home/iju/S08P31C208/ROS/robot_ws/install/turtlebot3_cartographer:/home/iju/S08P31C208/ROS/robot_ws/install/turtle_cpp:/home/iju/S08P31C208/ROS/robot_ws/install/nav2_system_tests:/home/iju/S08P31C208/ROS/robot_ws/install/nav2_bringup:/home/iju/S08P31C208/ROS/robot_ws/install/navigation2:/home/iju/S08P31C208/ROS/robot_ws/install/nav2_dwb_controller:/home/iju/S08P31C208/ROS/robot_ws/install/dwb_plugins:/home/iju/S08P31C208/ROS/robot_ws/install/dwb_critics:/home/iju/S08P31C208/ROS/robot_ws/install/dwb_controller:/home/iju/S08P31C208/ROS/robot_ws/install/dwb_core:/home/iju/S08P31C208/ROS/robot_ws/install/nav_2d_utils:/home/iju/S08P31C208/ROS/robot_ws/install/dwb_msgs:/home/iju/S08P31C208/ROS/robot_ws/install/nav2_world_model:/home/iju/S08P31C208/ROS/robot_ws/install/nav2_recoveries:/home/iju/S08P31C208/ROS/robot_ws/install/costmap_queue:/home/iju/S08P31C208/ROS/robot_ws/install/nav2_costmap_2d:/home/iju/S08P31C208/ROS/robot_ws/install/nav2_voxel_grid:/home/iju/S08P31C208/ROS/robot_ws/install/nav2_rviz_plugins:/home/iju/S08P31C208/ROS/robot_ws/install/nav2_navfn_planner:/home/iju/S08P31C208/ROS/robot_ws/install/nav2_map_server:/home/iju/S08P31C208/ROS/robot_ws/install/nav2_lifecycle_manager:/home/iju/S08P31C208/ROS/robot_ws/install/nav2_bt_navigator:/home/iju/S08P31C208/ROS/robot_ws/install/nav2_behavior_tree:/home/iju/S08P31C208/ROS/robot_ws/install/nav2_amcl:/home/iju/S08P31C208/ROS/robot_ws/install/nav2_util:/home/iju/S08P31C208/ROS/robot_ws/install/nav2_msgs:/home/iju/S08P31C208/ROS/robot_ws/install/nav2_dynamic_params:/home/iju/S08P31C208/ROS/robot_ws/install/nav2_common:/home/iju/S08P31C208/ROS/robot_ws/install/gazebo_ros_pkgs:/home/iju/S08P31C208/ROS/robot_ws/install/gazebo_plugins:/home/iju/S08P31C208/ROS/robot_ws/install/gazebo_ros:/home/iju/S08P31C208/ROS/robot_ws/install/gazebo_msgs:/home/iju/S08P31C208/ROS/robot_ws/install/gazebo_dev:/home/iju/S08P31C208/ROS/robot_ws/install/dynamixel_sdk_examples:/home/iju/S08P31C208/ROS/robot_ws/install/dynamixel_sdk_custom_interfaces:/home/iju/S08P31C208/ROS/robot_ws/install/dynamixel_sdk:/home/iju/S08P31C208/ROS/robot_ws/install/turtlebot3_teleop:/home/iju/S08P31C208/ROS/robot_ws/install/turtlebot3_example:/opt/ros/dashing LD_LIBRARY_PATH=/home/iju/S08P31C208/ROS/robot_ws/install/nav_2d_msgs/lib:/home/iju/S08P31C208/ROS/robot_ws/install/turtlebot3_msgs/lib:/home/iju/S08P31C208/ROS/robot_ws/install/dwb_plugins/lib:/home/iju/S08P31C208/ROS/robot_ws/install/dwb_critics/lib:/home/iju/S08P31C208/ROS/robot_ws/install/dwb_controller/lib:/home/iju/S08P31C208/ROS/robot_ws/install/dwb_core/lib:/home/iju/S08P31C208/ROS/robot_ws/install/nav_2d_utils/lib:/home/iju/S08P31C208/ROS/robot_ws/install/dwb_msgs/lib:/home/iju/S08P31C208/ROS/robot_ws/install/nav2_world_model/lib:/home/iju/S08P31C208/ROS/robot_ws/install/nav2_recoveries/lib:/home/iju/S08P31C208/ROS/robot_ws/install/costmap_queue/lib:/home/iju/S08P31C208/ROS/robot_ws/install/nav2_costmap_2d/lib:/home/iju/S08P31C208/ROS/robot_ws/install/nav2_voxel_grid/lib:/home/iju/S08P31C208/ROS/robot_ws/install/nav2_rviz_plugins/lib:/home/iju/S08P31C208/ROS/robot_ws/install/nav2_navfn_planner/lib:/home/iju/S08P31C208/ROS/robot_ws/install/nav2_map_server/lib:/home/iju/S08P31C208/ROS/robot_ws/install/nav2_lifecycle_manager/lib:/home/iju/S08P31C208/ROS/robot_ws/install/nav2_bt_navigator/lib:/home/iju/S08P31C208/ROS/robot_ws/install/nav2_behavior_tree/lib:/home/iju/S08P31C208/ROS/robot_ws/install/nav2_amcl/lib:/home/iju/S08P31C208/ROS/robot_ws/install/nav2_util/lib:/home/iju/S08P31C208/ROS/robot_ws/install/nav2_msgs/lib:/home/iju/S08P31C208/ROS/robot_ws/install/nav2_dynamic_params/lib:/home/iju/S08P31C208/ROS/robot_ws/install/gazebo_plugins/lib:/home/iju/S08P31C208/ROS/robot_ws/install/gazebo_ros/lib:/home/iju/S08P31C208/ROS/robot_ws/install/gazebo_msgs/lib:/home/iju/S08P31C208/ROS/robot_ws/install/dynamixel_sdk_custom_interfaces/lib:/home/iju/S08P31C208/ROS/robot_ws/install/dynamixel_sdk/lib:/usr/lib/x86_64-linux-gnu/gazebo-9/plugins:/opt/ros/dashing/opt/yaml_cpp_vendor/lib:/opt/ros/dashing/opt/rviz_ogre_vendor/lib:/opt/ros/dashing/lib PS1=\u@\h \[\033[32m\]\w\[\033[33m\]$(parse_git_branch)\[\033[00m\] $ PYTHONPATH=/home/iju/S08P31C208/ROS/robot_ws/install/nav_2d_msgs/lib/python3.6/site-packages:/home/iju/S08P31C208/ROS/robot_ws/install/turtlebot3_teleop/lib/python3.6/site-packages:/home/iju/S08P31C208/ROS/robot_ws/install/turtlebot3_example/lib/python3.6/site-packages:/home/iju/S08P31C208/ROS/robot_ws/install/turtlebot3_msgs/lib/python3.6/site-packages:/home/iju/S08P31C208/ROS/robot_ws/install/dwb_msgs/lib/python3.6/site-packages:/home/iju/S08P31C208/ROS/robot_ws/install/nav2_msgs/lib/python3.6/site-packages:/home/iju/S08P31C208/ROS/robot_ws/install/nav2_common/lib/python3.6/site-packages:/home/iju/S08P31C208/ROS/robot_ws/install/gazebo_ros/lib/python3.6/site-packages:/home/iju/S08P31C208/ROS/robot_ws/install/gazebo_msgs/lib/python3.6/site-packages:/home/iju/S08P31C208/ROS/robot_ws/install/dynamixel_sdk_custom_interfaces/lib/python3.6/site-packages:/opt/ros/dashing/lib/python3.6/site-packages /usr/bin/cmake --build /home/iju/S08P31C208/ROS/robot_ws/build/dwb_msgs -- -j6 -l6
[0.366s] [ 11%] Built target dwb_msgs__rosidl_generator_c
[0.367s] [ 12%] Built target dwb_msgs__cpp
[0.497s] [ 24%] Built target dwb_msgs__rosidl_typesupport_cpp
[0.506s] [ 35%] Built target dwb_msgs__rosidl_typesupport_c
[0.535s] [ 47%] Built target dwb_msgs__rosidl_typesupport_introspection_c
[0.645s] [ 58%] Built target dwb_msgs__rosidl_typesupport_introspection_cpp
[0.674s] [ 70%] Built target dwb_msgs__rosidl_typesupport_fastrtps_cpp
[0.798s] [ 82%] Built target dwb_msgs__rosidl_typesupport_fastrtps_c
[0.863s] [ 82%] Built target dwb_msgs
[0.925s] [ 83%] Built target dwb_msgs__py
[1.047s] [ 93%] Built target dwb_msgs__python
[1.188s] [ 95%] Built target dwb_msgs__rosidl_typesupport_introspection_c__pyext
[1.202s] [ 97%] Built target dwb_msgs__rosidl_typesupport_c__pyext
[1.207s] [100%] Built target dwb_msgs__rosidl_typesupport_fastrtps_c__pyext
[1.546s] Invoked command in '/home/iju/S08P31C208/ROS/robot_ws/build/dwb_msgs' returned '0': CMAKE_PREFIX_PATH=/home/iju/S08P31C208/ROS/robot_ws/install/nav_2d_msgs:/home/iju/S08P31C208/ROS/robot_ws/install/turtlebot3_simulations:/home/iju/S08P31C208/ROS/robot_ws/install/turtlebot3_gazebo:/home/iju/S08P31C208/ROS/robot_ws/install/turtlebot3:/home/iju/S08P31C208/ROS/robot_ws/install/turtlebot3_bringup:/home/iju/S08P31C208/ROS/robot_ws/install/turtlebot3_node:/home/iju/S08P31C208/ROS/robot_ws/install/turtlebot3_navigation2:/home/iju/S08P31C208/ROS/robot_ws/install/turtlebot3_fake_node:/home/iju/S08P31C208/ROS/robot_ws/install/turtlebot3_msgs:/home/iju/S08P31C208/ROS/robot_ws/install/turtlebot3_description:/home/iju/S08P31C208/ROS/robot_ws/install/turtlebot3_cartographer:/home/iju/S08P31C208/ROS/robot_ws/install/turtle_cpp:/home/iju/S08P31C208/ROS/robot_ws/install/nav2_system_tests:/home/iju/S08P31C208/ROS/robot_ws/install/nav2_bringup:/home/iju/S08P31C208/ROS/robot_ws/install/navigation2:/home/iju/S08P31C208/ROS/robot_ws/install/nav2_dwb_controller:/home/iju/S08P31C208/ROS/robot_ws/install/dwb_plugins:/home/iju/S08P31C208/ROS/robot_ws/install/dwb_critics:/home/iju/S08P31C208/ROS/robot_ws/install/dwb_controller:/home/iju/S08P31C208/ROS/robot_ws/install/dwb_core:/home/iju/S08P31C208/ROS/robot_ws/install/nav_2d_utils:/home/iju/S08P31C208/ROS/robot_ws/install/dwb_msgs:/home/iju/S08P31C208/ROS/robot_ws/install/nav2_world_model:/home/iju/S08P31C208/ROS/robot_ws/install/nav2_recoveries:/home/iju/S08P31C208/ROS/robot_ws/install/costmap_queue:/home/iju/S08P31C208/ROS/robot_ws/install/nav2_costmap_2d:/home/iju/S08P31C208/ROS/robot_ws/install/nav2_voxel_grid:/home/iju/S08P31C208/ROS/robot_ws/install/nav2_rviz_plugins:/home/iju/S08P31C208/ROS/robot_ws/install/nav2_navfn_planner:/home/iju/S08P31C208/ROS/robot_ws/install/nav2_map_server:/home/iju/S08P31C208/ROS/robot_ws/install/nav2_lifecycle_manager:/home/iju/S08P31C208/ROS/robot_ws/install/nav2_bt_navigator:/home/iju/S08P31C208/ROS/robot_ws/install/nav2_behavior_tree:/home/iju/S08P31C208/ROS/robot_ws/install/nav2_amcl:/home/iju/S08P31C208/ROS/robot_ws/install/nav2_util:/home/iju/S08P31C208/ROS/robot_ws/install/nav2_msgs:/home/iju/S08P31C208/ROS/robot_ws/install/nav2_dynamic_params:/home/iju/S08P31C208/ROS/robot_ws/install/nav2_common:/home/iju/S08P31C208/ROS/robot_ws/install/gazebo_ros_pkgs:/home/iju/S08P31C208/ROS/robot_ws/install/gazebo_plugins:/home/iju/S08P31C208/ROS/robot_ws/install/gazebo_ros:/home/iju/S08P31C208/ROS/robot_ws/install/gazebo_msgs:/home/iju/S08P31C208/ROS/robot_ws/install/gazebo_dev:/home/iju/S08P31C208/ROS/robot_ws/install/dynamixel_sdk_examples:/home/iju/S08P31C208/ROS/robot_ws/install/dynamixel_sdk_custom_interfaces:/home/iju/S08P31C208/ROS/robot_ws/install/dynamixel_sdk:/home/iju/S08P31C208/ROS/robot_ws/install/turtlebot3_teleop:/home/iju/S08P31C208/ROS/robot_ws/install/turtlebot3_example:/opt/ros/dashing LD_LIBRARY_PATH=/home/iju/S08P31C208/ROS/robot_ws/install/nav_2d_msgs/lib:/home/iju/S08P31C208/ROS/robot_ws/install/turtlebot3_msgs/lib:/home/iju/S08P31C208/ROS/robot_ws/install/dwb_plugins/lib:/home/iju/S08P31C208/ROS/robot_ws/install/dwb_critics/lib:/home/iju/S08P31C208/ROS/robot_ws/install/dwb_controller/lib:/home/iju/S08P31C208/ROS/robot_ws/install/dwb_core/lib:/home/iju/S08P31C208/ROS/robot_ws/install/nav_2d_utils/lib:/home/iju/S08P31C208/ROS/robot_ws/install/dwb_msgs/lib:/home/iju/S08P31C208/ROS/robot_ws/install/nav2_world_model/lib:/home/iju/S08P31C208/ROS/robot_ws/install/nav2_recoveries/lib:/home/iju/S08P31C208/ROS/robot_ws/install/costmap_queue/lib:/home/iju/S08P31C208/ROS/robot_ws/install/nav2_costmap_2d/lib:/home/iju/S08P31C208/ROS/robot_ws/install/nav2_voxel_grid/lib:/home/iju/S08P31C208/ROS/robot_ws/install/nav2_rviz_plugins/lib:/home/iju/S08P31C208/ROS/robot_ws/install/nav2_navfn_planner/lib:/home/iju/S08P31C208/ROS/robot_ws/install/nav2_map_server/lib:/home/iju/S08P31C208/ROS/robot_ws/install/nav2_lifecycle_manager/lib:/home/iju/S08P31C208/ROS/robot_ws/install/nav2_bt_navigator/lib:/home/iju/S08P31C208/ROS/robot_ws/install/nav2_behavior_tree/lib:/home/iju/S08P31C208/ROS/robot_ws/install/nav2_amcl/lib:/home/iju/S08P31C208/ROS/robot_ws/install/nav2_util/lib:/home/iju/S08P31C208/ROS/robot_ws/install/nav2_msgs/lib:/home/iju/S08P31C208/ROS/robot_ws/install/nav2_dynamic_params/lib:/home/iju/S08P31C208/ROS/robot_ws/install/gazebo_plugins/lib:/home/iju/S08P31C208/ROS/robot_ws/install/gazebo_ros/lib:/home/iju/S08P31C208/ROS/robot_ws/install/gazebo_msgs/lib:/home/iju/S08P31C208/ROS/robot_ws/install/dynamixel_sdk_custom_interfaces/lib:/home/iju/S08P31C208/ROS/robot_ws/install/dynamixel_sdk/lib:/usr/lib/x86_64-linux-gnu/gazebo-9/plugins:/opt/ros/dashing/opt/yaml_cpp_vendor/lib:/opt/ros/dashing/opt/rviz_ogre_vendor/lib:/opt/ros/dashing/lib PS1=\u@\h \[\033[32m\]\w\[\033[33m\]$(parse_git_branch)\[\033[00m\] $ PYTHONPATH=/home/iju/S08P31C208/ROS/robot_ws/install/nav_2d_msgs/lib/python3.6/site-packages:/home/iju/S08P31C208/ROS/robot_ws/install/turtlebot3_teleop/lib/python3.6/site-packages:/home/iju/S08P31C208/ROS/robot_ws/install/turtlebot3_example/lib/python3.6/site-packages:/home/iju/S08P31C208/ROS/robot_ws/install/turtlebot3_msgs/lib/python3.6/site-packages:/home/iju/S08P31C208/ROS/robot_ws/install/dwb_msgs/lib/python3.6/site-packages:/home/iju/S08P31C208/ROS/robot_ws/install/nav2_msgs/lib/python3.6/site-packages:/home/iju/S08P31C208/ROS/robot_ws/install/nav2_common/lib/python3.6/site-packages:/home/iju/S08P31C208/ROS/robot_ws/install/gazebo_ros/lib/python3.6/site-packages:/home/iju/S08P31C208/ROS/robot_ws/install/gazebo_msgs/lib/python3.6/site-packages:/home/iju/S08P31C208/ROS/robot_ws/install/dynamixel_sdk_custom_interfaces/lib/python3.6/site-packages:/opt/ros/dashing/lib/python3.6/site-packages /usr/bin/cmake --build /home/iju/S08P31C208/ROS/robot_ws/build/dwb_msgs -- -j6 -l6
[2.906s] Invoking command in '/home/iju/S08P31C208/ROS/robot_ws/build/dwb_msgs': CMAKE_PREFIX_PATH=/home/iju/S08P31C208/ROS/robot_ws/install/nav_2d_msgs:/home/iju/S08P31C208/ROS/robot_ws/install/turtlebot3_simulations:/home/iju/S08P31C208/ROS/robot_ws/install/turtlebot3_gazebo:/home/iju/S08P31C208/ROS/robot_ws/install/turtlebot3:/home/iju/S08P31C208/ROS/robot_ws/install/turtlebot3_bringup:/home/iju/S08P31C208/ROS/robot_ws/install/turtlebot3_node:/home/iju/S08P31C208/ROS/robot_ws/install/turtlebot3_navigation2:/home/iju/S08P31C208/ROS/robot_ws/install/turtlebot3_fake_node:/home/iju/S08P31C208/ROS/robot_ws/install/turtlebot3_msgs:/home/iju/S08P31C208/ROS/robot_ws/install/turtlebot3_description:/home/iju/S08P31C208/ROS/robot_ws/install/turtlebot3_cartographer:/home/iju/S08P31C208/ROS/robot_ws/install/turtle_cpp:/home/iju/S08P31C208/ROS/robot_ws/install/nav2_system_tests:/home/iju/S08P31C208/ROS/robot_ws/install/nav2_bringup:/home/iju/S08P31C208/ROS/robot_ws/install/navigation2:/home/iju/S08P31C208/ROS/robot_ws/install/nav2_dwb_controller:/home/iju/S08P31C208/ROS/robot_ws/install/dwb_plugins:/home/iju/S08P31C208/ROS/robot_ws/install/dwb_critics:/home/iju/S08P31C208/ROS/robot_ws/install/dwb_controller:/home/iju/S08P31C208/ROS/robot_ws/install/dwb_core:/home/iju/S08P31C208/ROS/robot_ws/install/nav_2d_utils:/home/iju/S08P31C208/ROS/robot_ws/install/dwb_msgs:/home/iju/S08P31C208/ROS/robot_ws/install/nav2_world_model:/home/iju/S08P31C208/ROS/robot_ws/install/nav2_recoveries:/home/iju/S08P31C208/ROS/robot_ws/install/costmap_queue:/home/iju/S08P31C208/ROS/robot_ws/install/nav2_costmap_2d:/home/iju/S08P31C208/ROS/robot_ws/install/nav2_voxel_grid:/home/iju/S08P31C208/ROS/robot_ws/install/nav2_rviz_plugins:/home/iju/S08P31C208/ROS/robot_ws/install/nav2_navfn_planner:/home/iju/S08P31C208/ROS/robot_ws/install/nav2_map_server:/home/iju/S08P31C208/ROS/robot_ws/install/nav2_lifecycle_manager:/home/iju/S08P31C208/ROS/robot_ws/install/nav2_bt_navigator:/home/iju/S08P31C208/ROS/robot_ws/install/nav2_behavior_tree:/home/iju/S08P31C208/ROS/robot_ws/install/nav2_amcl:/home/iju/S08P31C208/ROS/robot_ws/install/nav2_util:/home/iju/S08P31C208/ROS/robot_ws/install/nav2_msgs:/home/iju/S08P31C208/ROS/robot_ws/install/nav2_dynamic_params:/home/iju/S08P31C208/ROS/robot_ws/install/nav2_common:/home/iju/S08P31C208/ROS/robot_ws/install/gazebo_ros_pkgs:/home/iju/S08P31C208/ROS/robot_ws/install/gazebo_plugins:/home/iju/S08P31C208/ROS/robot_ws/install/gazebo_ros:/home/iju/S08P31C208/ROS/robot_ws/install/gazebo_msgs:/home/iju/S08P31C208/ROS/robot_ws/install/gazebo_dev:/home/iju/S08P31C208/ROS/robot_ws/install/dynamixel_sdk_examples:/home/iju/S08P31C208/ROS/robot_ws/install/dynamixel_sdk_custom_interfaces:/home/iju/S08P31C208/ROS/robot_ws/install/dynamixel_sdk:/home/iju/S08P31C208/ROS/robot_ws/install/turtlebot3_teleop:/home/iju/S08P31C208/ROS/robot_ws/install/turtlebot3_example:/opt/ros/dashing LD_LIBRARY_PATH=/home/iju/S08P31C208/ROS/robot_ws/install/nav_2d_msgs/lib:/home/iju/S08P31C208/ROS/robot_ws/install/turtlebot3_msgs/lib:/home/iju/S08P31C208/ROS/robot_ws/install/dwb_plugins/lib:/home/iju/S08P31C208/ROS/robot_ws/install/dwb_critics/lib:/home/iju/S08P31C208/ROS/robot_ws/install/dwb_controller/lib:/home/iju/S08P31C208/ROS/robot_ws/install/dwb_core/lib:/home/iju/S08P31C208/ROS/robot_ws/install/nav_2d_utils/lib:/home/iju/S08P31C208/ROS/robot_ws/install/dwb_msgs/lib:/home/iju/S08P31C208/ROS/robot_ws/install/nav2_world_model/lib:/home/iju/S08P31C208/ROS/robot_ws/install/nav2_recoveries/lib:/home/iju/S08P31C208/ROS/robot_ws/install/costmap_queue/lib:/home/iju/S08P31C208/ROS/robot_ws/install/nav2_costmap_2d/lib:/home/iju/S08P31C208/ROS/robot_ws/install/nav2_voxel_grid/lib:/home/iju/S08P31C208/ROS/robot_ws/install/nav2_rviz_plugins/lib:/home/iju/S08P31C208/ROS/robot_ws/install/nav2_navfn_planner/lib:/home/iju/S08P31C208/ROS/robot_ws/install/nav2_map_server/lib:/home/iju/S08P31C208/ROS/robot_ws/install/nav2_lifecycle_manager/lib:/home/iju/S08P31C208/ROS/robot_ws/install/nav2_bt_navigator/lib:/home/iju/S08P31C208/ROS/robot_ws/install/nav2_behavior_tree/lib:/home/iju/S08P31C208/ROS/robot_ws/install/nav2_amcl/lib:/home/iju/S08P31C208/ROS/robot_ws/install/nav2_util/lib:/home/iju/S08P31C208/ROS/robot_ws/install/nav2_msgs/lib:/home/iju/S08P31C208/ROS/robot_ws/install/nav2_dynamic_params/lib:/home/iju/S08P31C208/ROS/robot_ws/install/gazebo_plugins/lib:/home/iju/S08P31C208/ROS/robot_ws/install/gazebo_ros/lib:/home/iju/S08P31C208/ROS/robot_ws/install/gazebo_msgs/lib:/home/iju/S08P31C208/ROS/robot_ws/install/dynamixel_sdk_custom_interfaces/lib:/home/iju/S08P31C208/ROS/robot_ws/install/dynamixel_sdk/lib:/usr/lib/x86_64-linux-gnu/gazebo-9/plugins:/opt/ros/dashing/opt/yaml_cpp_vendor/lib:/opt/ros/dashing/opt/rviz_ogre_vendor/lib:/opt/ros/dashing/lib PS1=\u@\h \[\033[32m\]\w\[\033[33m\]$(parse_git_branch)\[\033[00m\] $ PYTHONPATH=/home/iju/S08P31C208/ROS/robot_ws/install/nav_2d_msgs/lib/python3.6/site-packages:/home/iju/S08P31C208/ROS/robot_ws/install/turtlebot3_teleop/lib/python3.6/site-packages:/home/iju/S08P31C208/ROS/robot_ws/install/turtlebot3_example/lib/python3.6/site-packages:/home/iju/S08P31C208/ROS/robot_ws/install/turtlebot3_msgs/lib/python3.6/site-packages:/home/iju/S08P31C208/ROS/robot_ws/install/dwb_msgs/lib/python3.6/site-packages:/home/iju/S08P31C208/ROS/robot_ws/install/nav2_msgs/lib/python3.6/site-packages:/home/iju/S08P31C208/ROS/robot_ws/install/nav2_common/lib/python3.6/site-packages:/home/iju/S08P31C208/ROS/robot_ws/install/gazebo_ros/lib/python3.6/site-packages:/home/iju/S08P31C208/ROS/robot_ws/install/gazebo_msgs/lib/python3.6/site-packages:/home/iju/S08P31C208/ROS/robot_ws/install/dynamixel_sdk_custom_interfaces/lib/python3.6/site-packages:/opt/ros/dashing/lib/python3.6/site-packages /usr/bin/cmake --build /home/iju/S08P31C208/ROS/robot_ws/build/dwb_msgs --target install -- -j6 -l6
[3.120s] [ 11%] Built target dwb_msgs__rosidl_generator_c
[3.255s] [ 12%] Built target dwb_msgs__cpp
[3.399s] [ 24%] Built target dwb_msgs__rosidl_typesupport_introspection_c
[3.530s] [ 35%] Built target dwb_msgs__rosidl_typesupport_introspection_cpp
[3.631s] [ 47%] Built target dwb_msgs__rosidl_typesupport_fastrtps_cpp
[3.713s] [ 58%] Built target dwb_msgs__rosidl_typesupport_cpp
[3.796s] [ 70%] Built target dwb_msgs__rosidl_typesupport_fastrtps_c
[3.897s] [ 82%] Built target dwb_msgs__rosidl_typesupport_c
[3.965s] [ 82%] Built target dwb_msgs
[4.045s] [ 83%] Built target dwb_msgs__py
[4.119s] [ 93%] Built target dwb_msgs__python
[4.197s] [ 95%] Built target dwb_msgs__rosidl_typesupport_fastrtps_c__pyext
[4.298s] [ 97%] Built target dwb_msgs__rosidl_typesupport_introspection_c__pyext
[4.387s] [100%] Built target dwb_msgs__rosidl_typesupport_c__pyext
[4.471s] [36mInstall the project...[0m
[4.491s] -- Install configuration: ""
[4.491s] -- Up-to-date: /home/iju/S08P31C208/ROS/robot_ws/install/dwb_msgs/share/ament_index/resource_index/rosidl_interfaces/dwb_msgs
[4.491s] -- Up-to-date: /home/iju/S08P31C208/ROS/robot_ws/install/dwb_msgs/include/dwb_msgs
[4.491s] -- Up-to-date: /home/iju/S08P31C208/ROS/robot_ws/install/dwb_msgs/include/dwb_msgs/srv
[4.491s] -- Up-to-date: /home/iju/S08P31C208/ROS/robot_ws/install/dwb_msgs/include/dwb_msgs/srv/debug_local_plan.hpp
[4.491s] -- Up-to-date: /home/iju/S08P31C208/ROS/robot_ws/install/dwb_msgs/include/dwb_msgs/srv/debug_local_plan__traits.hpp
[4.491s] -- Up-to-date: /home/iju/S08P31C208/ROS/robot_ws/install/dwb_msgs/include/dwb_msgs/srv/debug_local_plan__struct.hpp
[4.492s] -- Up-to-date: /home/iju/S08P31C208/ROS/robot_ws/install/dwb_msgs/include/dwb_msgs/srv/generate_trajectory__struct.hpp
[4.492s] -- Up-to-date: /home/iju/S08P31C208/ROS/robot_ws/install/dwb_msgs/include/dwb_msgs/srv/score_trajectory.hpp
[4.492s] -- Up-to-date: /home/iju/S08P31C208/ROS/robot_ws/install/dwb_msgs/include/dwb_msgs/srv/generate_twists__traits.hpp
[4.492s] -- Up-to-date: /home/iju/S08P31C208/ROS/robot_ws/install/dwb_msgs/include/dwb_msgs/srv/generate_twists__struct.hpp
[4.498s] -- Up-to-date: /home/iju/S08P31C208/ROS/robot_ws/install/dwb_msgs/include/dwb_msgs/srv/get_critic_score__traits.hpp
[4.498s] -- Up-to-date: /home/iju/S08P31C208/ROS/robot_ws/install/dwb_msgs/include/dwb_msgs/srv/generate_trajectory.hpp
[4.498s] -- Up-to-date: /home/iju/S08P31C208/ROS/robot_ws/install/dwb_msgs/include/dwb_msgs/srv/generate_trajectory__traits.hpp
[4.499s] -- Up-to-date: /home/iju/S08P31C208/ROS/robot_ws/install/dwb_msgs/include/dwb_msgs/srv/score_trajectory__struct.hpp
[4.499s] -- Up-to-date: /home/iju/S08P31C208/ROS/robot_ws/install/dwb_msgs/include/dwb_msgs/srv/get_critic_score.hpp
[4.499s] -- Up-to-date: /home/iju/S08P31C208/ROS/robot_ws/install/dwb_msgs/include/dwb_msgs/srv/score_trajectory__traits.hpp
[4.499s] -- Up-to-date: /home/iju/S08P31C208/ROS/robot_ws/install/dwb_msgs/include/dwb_msgs/srv/get_critic_score__struct.hpp
[4.499s] -- Up-to-date: /home/iju/S08P31C208/ROS/robot_ws/install/dwb_msgs/include/dwb_msgs/srv/generate_twists.hpp
[4.499s] -- Up-to-date: /home/iju/S08P31C208/ROS/robot_ws/install/dwb_msgs/include/dwb_msgs/msg
[4.499s] -- Up-to-date: /home/iju/S08P31C208/ROS/robot_ws/install/dwb_msgs/include/dwb_msgs/msg/trajectory2_d__struct.hpp
[4.499s] -- Up-to-date: /home/iju/S08P31C208/ROS/robot_ws/install/dwb_msgs/include/dwb_msgs/msg/trajectory_score__struct.hpp
[4.499s] -- Up-to-date: /home/iju/S08P31C208/ROS/robot_ws/install/dwb_msgs/include/dwb_msgs/msg/local_plan_evaluation__traits.hpp
[4.499s] -- Up-to-date: /home/iju/S08P31C208/ROS/robot_ws/install/dwb_msgs/include/dwb_msgs/msg/trajectory_score.hpp
[4.499s] -- Up-to-date: /home/iju/S08P31C208/ROS/robot_ws/install/dwb_msgs/include/dwb_msgs/msg/trajectory2_d__traits.hpp
[4.500s] -- Up-to-date: /home/iju/S08P31C208/ROS/robot_ws/install/dwb_msgs/include/dwb_msgs/msg/critic_score.hpp
[4.500s] -- Up-to-date: /home/iju/S08P31C208/ROS/robot_ws/install/dwb_msgs/include/dwb_msgs/msg/trajectory2_d.hpp
[4.500s] -- Up-to-date: /home/iju/S08P31C208/ROS/robot_ws/install/dwb_msgs/include/dwb_msgs/msg/trajectory_score__traits.hpp
[4.500s] -- Up-to-date: /home/iju/S08P31C208/ROS/robot_ws/install/dwb_msgs/include/dwb_msgs/msg/critic_score__traits.hpp
[4.500s] -- Up-to-date: /home/iju/S08P31C208/ROS/robot_ws/install/dwb_msgs/include/dwb_msgs/msg/critic_score__struct.hpp
[4.500s] -- Up-to-date: /home/iju/S08P31C208/ROS/robot_ws/install/dwb_msgs/include/dwb_msgs/msg/local_plan_evaluation.hpp
[4.500s] -- Up-to-date: /home/iju/S08P31C208/ROS/robot_ws/install/dwb_msgs/include/dwb_msgs/msg/local_plan_evaluation__struct.hpp
[4.500s] -- Up-to-date: /home/iju/S08P31C208/ROS/robot_ws/install/dwb_msgs/include/dwb_msgs
[4.500s] -- Up-to-date: /home/iju/S08P31C208/ROS/robot_ws/install/dwb_msgs/include/dwb_msgs/srv
[4.513s] -- Up-to-date: /home/iju/S08P31C208/ROS/robot_ws/install/dwb_msgs/include/dwb_msgs/srv/generate_twists__functions.h
[4.514s] -- Up-to-date: /home/iju/S08P31C208/ROS/robot_ws/install/dwb_msgs/include/dwb_msgs/srv/debug_local_plan__struct.h
[4.514s] -- Up-to-date: /home/iju/S08P31C208/ROS/robot_ws/install/dwb_msgs/include/dwb_msgs/srv/debug_local_plan__functions.c
[4.514s] -- Up-to-date: /home/iju/S08P31C208/ROS/robot_ws/install/dwb_msgs/include/dwb_msgs/srv/debug_local_plan__functions.h
[4.514s] -- Up-to-date: /home/iju/S08P31C208/ROS/robot_ws/install/dwb_msgs/include/dwb_msgs/srv/get_critic_score__functions.c
[4.514s] -- Up-to-date: /home/iju/S08P31C208/ROS/robot_ws/install/dwb_msgs/include/dwb_msgs/srv/generate_twists__type_support.h
[4.514s] -- Up-to-date: /home/iju/S08P31C208/ROS/robot_ws/install/dwb_msgs/include/dwb_msgs/srv/generate_trajectory__struct.h
[4.514s] -- Up-to-date: /home/iju/S08P31C208/ROS/robot_ws/install/dwb_msgs/include/dwb_msgs/srv/get_critic_score__functions.h
[4.514s] -- Up-to-date: /home/iju/S08P31C208/ROS/robot_ws/install/dwb_msgs/include/dwb_msgs/srv/debug_local_plan__type_support.h
[4.514s] -- Up-to-date: /home/iju/S08P31C208/ROS/robot_ws/install/dwb_msgs/include/dwb_msgs/srv/generate_trajectory__type_support.h
[4.514s] -- Up-to-date: /home/iju/S08P31C208/ROS/robot_ws/install/dwb_msgs/include/dwb_msgs/srv/get_critic_score__struct.h
[4.515s] -- Up-to-date: /home/iju/S08P31C208/ROS/robot_ws/install/dwb_msgs/include/dwb_msgs/srv/get_critic_score__type_support.h
[4.515s] -- Up-to-date: /home/iju/S08P31C208/ROS/robot_ws/install/dwb_msgs/include/dwb_msgs/srv/score_trajectory.h
[4.515s] -- Up-to-date: /home/iju/S08P31C208/ROS/robot_ws/install/dwb_msgs/include/dwb_msgs/srv/score_trajectory__functions.c
[4.515s] -- Up-to-date: /home/iju/S08P31C208/ROS/robot_ws/install/dwb_msgs/include/dwb_msgs/srv/score_trajectory__struct.h
[4.515s] -- Up-to-date: /home/iju/S08P31C208/ROS/robot_ws/install/dwb_msgs/include/dwb_msgs/srv/score_trajectory__functions.h
[4.515s] -- Up-to-date: /home/iju/S08P31C208/ROS/robot_ws/install/dwb_msgs/include/dwb_msgs/srv/generate_twists__struct.h
[4.515s] -- Up-to-date: /home/iju/S08P31C208/ROS/robot_ws/install/dwb_msgs/include/dwb_msgs/srv/generate_trajectory__functions.c
[4.515s] -- Up-to-date: /home/iju/S08P31C208/ROS/robot_ws/install/dwb_msgs/include/dwb_msgs/srv/generate_twists__functions.c
[4.515s] -- Up-to-date: /home/iju/S08P31C208/ROS/robot_ws/install/dwb_msgs/include/dwb_msgs/srv/generate_trajectory.h
[4.515s] -- Up-to-date: /home/iju/S08P31C208/ROS/robot_ws/install/dwb_msgs/include/dwb_msgs/srv/get_critic_score.h
[4.516s] -- Up-to-date: /home/iju/S08P31C208/ROS/robot_ws/install/dwb_msgs/include/dwb_msgs/srv/score_trajectory__type_support.h
[4.516s] -- Up-to-date: /home/iju/S08P31C208/ROS/robot_ws/install/dwb_msgs/include/dwb_msgs/srv/debug_local_plan.h
[4.517s] -- Up-to-date: /home/iju/S08P31C208/ROS/robot_ws/install/dwb_msgs/include/dwb_msgs/srv/generate_twists.h
[4.517s] -- Up-to-date: /home/iju/S08P31C208/ROS/robot_ws/install/dwb_msgs/include/dwb_msgs/srv/generate_trajectory__functions.h
[4.520s] -- Up-to-date: /home/iju/S08P31C208/ROS/robot_ws/install/dwb_msgs/include/dwb_msgs/msg
[4.521s] -- Up-to-date: /home/iju/S08P31C208/ROS/robot_ws/install/dwb_msgs/include/dwb_msgs/msg/trajectory_score__type_support.h
[4.521s] -- Up-to-date: /home/iju/S08P31C208/ROS/robot_ws/install/dwb_msgs/include/dwb_msgs/msg/trajectory_score__functions.h
[4.521s] -- Up-to-date: /home/iju/S08P31C208/ROS/robot_ws/install/dwb_msgs/include/dwb_msgs/msg/local_plan_evaluation__functions.h
[4.521s] -- Up-to-date: /home/iju/S08P31C208/ROS/robot_ws/install/dwb_msgs/include/dwb_msgs/msg/local_plan_evaluation.h
[4.522s] -- Up-to-date: /home/iju/S08P31C208/ROS/robot_ws/install/dwb_msgs/include/dwb_msgs/msg/trajectory_score__struct.h
[4.522s] -- Up-to-date: /home/iju/S08P31C208/ROS/robot_ws/install/dwb_msgs/include/dwb_msgs/msg/critic_score__struct.h
[4.522s] -- Up-to-date: /home/iju/S08P31C208/ROS/robot_ws/install/dwb_msgs/include/dwb_msgs/msg/trajectory_score.h
[4.522s] -- Up-to-date: /home/iju/S08P31C208/ROS/robot_ws/install/dwb_msgs/include/dwb_msgs/msg/critic_score.h
[4.522s] -- Up-to-date: /home/iju/S08P31C208/ROS/robot_ws/install/dwb_msgs/include/dwb_msgs/msg/trajectory2_d__struct.h
[4.529s] -- Up-to-date: /home/iju/S08P31C208/ROS/robot_ws/install/dwb_msgs/include/dwb_msgs/msg/local_plan_evaluation__type_support.h
[4.529s] -- Up-to-date: /home/iju/S08P31C208/ROS/robot_ws/install/dwb_msgs/include/dwb_msgs/msg/trajectory_score__functions.c
[4.529s] -- Up-to-date: /home/iju/S08P31C208/ROS/robot_ws/install/dwb_msgs/include/dwb_msgs/msg/critic_score__functions.c
[4.529s] -- Up-to-date: /home/iju/S08P31C208/ROS/robot_ws/install/dwb_msgs/include/dwb_msgs/msg/local_plan_evaluation__functions.c
[4.530s] -- Up-to-date: /home/iju/S08P31C208/ROS/robot_ws/install/dwb_msgs/include/dwb_msgs/msg/rosidl_generator_c__visibility_control.h
[4.530s] -- Up-to-date: /home/iju/S08P31C208/ROS/robot_ws/install/dwb_msgs/include/dwb_msgs/msg/local_plan_evaluation__struct.h
[4.530s] -- Up-to-date: /home/iju/S08P31C208/ROS/robot_ws/install/dwb_msgs/include/dwb_msgs/msg/trajectory2_d__functions.c
[4.530s] -- Up-to-date: /home/iju/S08P31C208/ROS/robot_ws/install/dwb_msgs/include/dwb_msgs/msg/trajectory2_d__functions.h
[4.531s] -- Up-to-date: /home/iju/S08P31C208/ROS/robot_ws/install/dwb_msgs/include/dwb_msgs/msg/critic_score__functions.h
[4.531s] -- Up-to-date: /home/iju/S08P31C208/ROS/robot_ws/install/dwb_msgs/include/dwb_msgs/msg/trajectory2_d__type_support.h
[4.531s] -- Up-to-date: /home/iju/S08P31C208/ROS/robot_ws/install/dwb_msgs/include/dwb_msgs/msg/critic_score__type_support.h
[4.531s] -- Up-to-date: /home/iju/S08P31C208/ROS/robot_ws/install/dwb_msgs/include/dwb_msgs/msg/trajectory2_d.h
[4.531s] -- Up-to-date: /home/iju/S08P31C208/ROS/robot_ws/install/dwb_msgs/share/dwb_msgs/environment/library_path.sh
[4.531s] -- Up-to-date: /home/iju/S08P31C208/ROS/robot_ws/install/dwb_msgs/lib/libdwb_msgs__rosidl_generator_c.so
[4.531s] -- Up-to-date: /home/iju/S08P31C208/ROS/robot_ws/install/dwb_msgs/lib/libdwb_msgs__rosidl_typesupport_c.so
[4.532s] -- Up-to-date: /home/iju/S08P31C208/ROS/robot_ws/install/dwb_msgs/lib/libdwb_msgs__rosidl_typesupport_cpp.so
[4.532s] -- Up-to-date: /home/iju/S08P31C208/ROS/robot_ws/install/dwb_msgs/include/dwb_msgs
[4.532s] -- Up-to-date: /home/iju/S08P31C208/ROS/robot_ws/install/dwb_msgs/include/dwb_msgs/srv
[4.532s] -- Up-to-date: /home/iju/S08P31C208/ROS/robot_ws/install/dwb_msgs/include/dwb_msgs/srv/score_trajectory__rosidl_typesupport_introspection_c.h
[4.533s] -- Up-to-date: /home/iju/S08P31C208/ROS/robot_ws/install/dwb_msgs/include/dwb_msgs/srv/get_critic_score__type_support.c
[4.533s] -- Up-to-date: /home/iju/S08P31C208/ROS/robot_ws/install/dwb_msgs/include/dwb_msgs/srv/debug_local_plan__rosidl_typesupport_introspection_c.h
[4.533s] -- Up-to-date: /home/iju/S08P31C208/ROS/robot_ws/install/dwb_msgs/include/dwb_msgs/srv/debug_local_plan__type_support.c
[4.533s] -- Up-to-date: /home/iju/S08P31C208/ROS/robot_ws/install/dwb_msgs/include/dwb_msgs/srv/generate_trajectory__rosidl_typesupport_introspection_c.h
[4.533s] -- Up-to-date: /home/iju/S08P31C208/ROS/robot_ws/install/dwb_msgs/include/dwb_msgs/srv/generate_twists__rosidl_typesupport_introspection_c.h
[4.533s] -- Up-to-date: /home/iju/S08P31C208/ROS/robot_ws/install/dwb_msgs/include/dwb_msgs/srv/generate_trajectory__type_support.c
[4.533s] -- Up-to-date: /home/iju/S08P31C208/ROS/robot_ws/install/dwb_msgs/include/dwb_msgs/srv/generate_twists__type_support.c
[4.534s] -- Up-to-date: /home/iju/S08P31C208/ROS/robot_ws/install/dwb_msgs/include/dwb_msgs/srv/score_trajectory__type_support.c
[4.534s] -- Up-to-date: /home/iju/S08P31C208/ROS/robot_ws/install/dwb_msgs/include/dwb_msgs/srv/get_critic_score__rosidl_typesupport_introspection_c.h
[4.534s] -- Up-to-date: /home/iju/S08P31C208/ROS/robot_ws/install/dwb_msgs/include/dwb_msgs/msg
[4.534s] -- Up-to-date: /home/iju/S08P31C208/ROS/robot_ws/install/dwb_msgs/include/dwb_msgs/msg/critic_score__type_support.c
[4.534s] -- Up-to-date: /home/iju/S08P31C208/ROS/robot_ws/install/dwb_msgs/include/dwb_msgs/msg/local_plan_evaluation__type_support.c
[4.534s] -- Up-to-date: /home/iju/S08P31C208/ROS/robot_ws/install/dwb_msgs/include/dwb_msgs/msg/trajectory_score__type_support.c
[4.534s] -- Up-to-date: /home/iju/S08P31C208/ROS/robot_ws/install/dwb_msgs/include/dwb_msgs/msg/trajectory2_d__rosidl_typesupport_introspection_c.h
[4.534s] -- Up-to-date: /home/iju/S08P31C208/ROS/robot_ws/install/dwb_msgs/include/dwb_msgs/msg/local_plan_evaluation__rosidl_typesupport_introspection_c.h
[4.534s] -- Up-to-date: /home/iju/S08P31C208/ROS/robot_ws/install/dwb_msgs/include/dwb_msgs/msg/trajectory2_d__type_support.c
[4.534s] -- Up-to-date: /home/iju/S08P31C208/ROS/robot_ws/install/dwb_msgs/include/dwb_msgs/msg/rosidl_typesupport_introspection_c__visibility_control.h
[4.534s] -- Up-to-date: /home/iju/S08P31C208/ROS/robot_ws/install/dwb_msgs/include/dwb_msgs/msg/trajectory_score__rosidl_typesupport_introspection_c.h
[4.534s] -- Up-to-date: /home/iju/S08P31C208/ROS/robot_ws/install/dwb_msgs/include/dwb_msgs/msg/critic_score__rosidl_typesupport_introspection_c.h
[4.534s] -- Up-to-date: /home/iju/S08P31C208/ROS/robot_ws/install/dwb_msgs/lib/libdwb_msgs__rosidl_typesupport_introspection_c.so
[4.535s] -- Up-to-date: /home/iju/S08P31C208/ROS/robot_ws/install/dwb_msgs/include/dwb_msgs
[4.535s] -- Up-to-date: /home/iju/S08P31C208/ROS/robot_ws/install/dwb_msgs/include/dwb_msgs/srv
[4.535s] -- Up-to-date: /home/iju/S08P31C208/ROS/robot_ws/install/dwb_msgs/include/dwb_msgs/srv/score_trajectory__rosidl_typesupport_introspection_cpp.hpp
[4.535s] -- Up-to-date: /home/iju/S08P31C208/ROS/robot_ws/install/dwb_msgs/include/dwb_msgs/srv/generate_trajectory__rosidl_typesupport_introspection_cpp.hpp
[4.535s] -- Up-to-date: /home/iju/S08P31C208/ROS/robot_ws/install/dwb_msgs/include/dwb_msgs/srv/generate_trajectory__type_support.cpp
[4.535s] -- Up-to-date: /home/iju/S08P31C208/ROS/robot_ws/install/dwb_msgs/include/dwb_msgs/srv/debug_local_plan__rosidl_typesupport_introspection_cpp.hpp
[4.535s] -- Up-to-date: /home/iju/S08P31C208/ROS/robot_ws/install/dwb_msgs/include/dwb_msgs/srv/debug_local_plan__type_support.cpp
[4.535s] -- Up-to-date: /home/iju/S08P31C208/ROS/robot_ws/install/dwb_msgs/include/dwb_msgs/srv/score_trajectory__type_support.cpp
[4.535s] -- Up-to-date: /home/iju/S08P31C208/ROS/robot_ws/install/dwb_msgs/include/dwb_msgs/srv/get_critic_score__type_support.cpp
[4.535s] -- Up-to-date: /home/iju/S08P31C208/ROS/robot_ws/install/dwb_msgs/include/dwb_msgs/srv/generate_twists__type_support.cpp
[4.536s] -- Up-to-date: /home/iju/S08P31C208/ROS/robot_ws/install/dwb_msgs/include/dwb_msgs/srv/get_critic_score__rosidl_typesupport_introspection_cpp.hpp
[4.536s] -- Up-to-date: /home/iju/S08P31C208/ROS/robot_ws/install/dwb_msgs/include/dwb_msgs/srv/generate_twists__rosidl_typesupport_introspection_cpp.hpp
[4.536s] -- Up-to-date: /home/iju/S08P31C208/ROS/robot_ws/install/dwb_msgs/include/dwb_msgs/msg
[4.536s] -- Up-to-date: /home/iju/S08P31C208/ROS/robot_ws/install/dwb_msgs/include/dwb_msgs/msg/critic_score__rosidl_typesupport_introspection_cpp.hpp
[4.536s] -- Up-to-date: /home/iju/S08P31C208/ROS/robot_ws/install/dwb_msgs/include/dwb_msgs/msg/trajectory2_d__rosidl_typesupport_introspection_cpp.hpp
[4.536s] -- Up-to-date: /home/iju/S08P31C208/ROS/robot_ws/install/dwb_msgs/include/dwb_msgs/msg/local_plan_evaluation__rosidl_typesupport_introspection_cpp.hpp
[4.536s] -- Up-to-date: /home/iju/S08P31C208/ROS/robot_ws/install/dwb_msgs/include/dwb_msgs/msg/critic_score__type_support.cpp
[4.536s] -- Up-to-date: /home/iju/S08P31C208/ROS/robot_ws/install/dwb_msgs/include/dwb_msgs/msg/trajectory2_d__type_support.cpp
[4.536s] -- Up-to-date: /home/iju/S08P31C208/ROS/robot_ws/install/dwb_msgs/include/dwb_msgs/msg/trajectory_score__type_support.cpp
[4.536s] -- Up-to-date: /home/iju/S08P31C208/ROS/robot_ws/install/dwb_msgs/include/dwb_msgs/msg/trajectory_score__rosidl_typesupport_introspection_cpp.hpp
[4.536s] -- Up-to-date: /home/iju/S08P31C208/ROS/robot_ws/install/dwb_msgs/include/dwb_msgs/msg/local_plan_evaluation__type_support.cpp
[4.536s] -- Up-to-date: /home/iju/S08P31C208/ROS/robot_ws/install/dwb_msgs/lib/libdwb_msgs__rosidl_typesupport_introspection_cpp.so
[4.536s] -- Up-to-date: /home/iju/S08P31C208/ROS/robot_ws/install/dwb_msgs/include/dwb_msgs
[4.536s] -- Up-to-date: /home/iju/S08P31C208/ROS/robot_ws/install/dwb_msgs/include/dwb_msgs/srv
[4.537s] -- Up-to-date: /home/iju/S08P31C208/ROS/robot_ws/install/dwb_msgs/include/dwb_msgs/srv/score_trajectory__rosidl_typesupport_fastrtps_c.h
[4.537s] -- Up-to-date: /home/iju/S08P31C208/ROS/robot_ws/install/dwb_msgs/include/dwb_msgs/srv/generate_twists__rosidl_typesupport_fastrtps_c.h
[4.537s] -- Up-to-date: /home/iju/S08P31C208/ROS/robot_ws/install/dwb_msgs/include/dwb_msgs/srv/get_critic_score__rosidl_typesupport_fastrtps_c.h
[4.537s] -- Up-to-date: /home/iju/S08P31C208/ROS/robot_ws/install/dwb_msgs/include/dwb_msgs/srv/generate_trajectory__rosidl_typesupport_fastrtps_c.h
[4.537s] -- Up-to-date: /home/iju/S08P31C208/ROS/robot_ws/install/dwb_msgs/include/dwb_msgs/srv/debug_local_plan__rosidl_typesupport_fastrtps_c.h
[4.537s] -- Up-to-date: /home/iju/S08P31C208/ROS/robot_ws/install/dwb_msgs/include/dwb_msgs/msg
[4.537s] -- Up-to-date: /home/iju/S08P31C208/ROS/robot_ws/install/dwb_msgs/include/dwb_msgs/msg/local_plan_evaluation__rosidl_typesupport_fastrtps_c.h
[4.537s] -- Up-to-date: /home/iju/S08P31C208/ROS/robot_ws/install/dwb_msgs/include/dwb_msgs/msg/trajectory2_d__rosidl_typesupport_fastrtps_c.h
[4.537s] -- Up-to-date: /home/iju/S08P31C208/ROS/robot_ws/install/dwb_msgs/include/dwb_msgs/msg/critic_score__rosidl_typesupport_fastrtps_c.h
[4.537s] -- Up-to-date: /home/iju/S08P31C208/ROS/robot_ws/install/dwb_msgs/include/dwb_msgs/msg/trajectory_score__rosidl_typesupport_fastrtps_c.h
[4.560s] -- Up-to-date: /home/iju/S08P31C208/ROS/robot_ws/install/dwb_msgs/include/dwb_msgs/msg/rosidl_typesupport_fastrtps_c__visibility_control.h
[4.561s] -- Up-to-date: /home/iju/S08P31C208/ROS/robot_ws/install/dwb_msgs/lib/libdwb_msgs__rosidl_typesupport_fastrtps_c.so
[4.561s] -- Up-to-date: /home/iju/S08P31C208/ROS/robot_ws/install/dwb_msgs/include/dwb_msgs
[4.562s] -- Up-to-date: /home/iju/S08P31C208/ROS/robot_ws/install/dwb_msgs/include/dwb_msgs/srv
[4.562s] -- Up-to-date: /home/iju/S08P31C208/ROS/robot_ws/install/dwb_msgs/include/dwb_msgs/srv/get_critic_score__rosidl_typesupport_fastrtps_cpp.hpp
[4.563s] -- Up-to-date: /home/iju/S08P31C208/ROS/robot_ws/install/dwb_msgs/include/dwb_msgs/srv/generate_twists__rosidl_typesupport_fastrtps_cpp.hpp
[4.563s] -- Up-to-date: /home/iju/S08P31C208/ROS/robot_ws/install/dwb_msgs/include/dwb_msgs/srv/generate_trajectory__rosidl_typesupport_fastrtps_cpp.hpp
[4.563s] -- Up-to-date: /home/iju/S08P31C208/ROS/robot_ws/install/dwb_msgs/include/dwb_msgs/srv/dds_fastrtps
[4.563s] -- Up-to-date: /home/iju/S08P31C208/ROS/robot_ws/install/dwb_msgs/include/dwb_msgs/srv/debug_local_plan__rosidl_typesupport_fastrtps_cpp.hpp
[4.563s] -- Up-to-date: /home/iju/S08P31C208/ROS/robot_ws/install/dwb_msgs/include/dwb_msgs/srv/score_trajectory__rosidl_typesupport_fastrtps_cpp.hpp
[4.563s] -- Up-to-date: /home/iju/S08P31C208/ROS/robot_ws/install/dwb_msgs/include/dwb_msgs/msg
[4.564s] -- Up-to-date: /home/iju/S08P31C208/ROS/robot_ws/install/dwb_msgs/include/dwb_msgs/msg/trajectory2_d__rosidl_typesupport_fastrtps_cpp.hpp
[4.564s] -- Up-to-date: /home/iju/S08P31C208/ROS/robot_ws/install/dwb_msgs/include/dwb_msgs/msg/local_plan_evaluation__rosidl_typesupport_fastrtps_cpp.hpp
[4.564s] -- Up-to-date: /home/iju/S08P31C208/ROS/robot_ws/install/dwb_msgs/include/dwb_msgs/msg/dds_fastrtps
[4.574s] -- Up-to-date: /home/iju/S08P31C208/ROS/robot_ws/install/dwb_msgs/include/dwb_msgs/msg/rosidl_typesupport_fastrtps_cpp__visibility_control.h
[4.574s] -- Up-to-date: /home/iju/S08P31C208/ROS/robot_ws/install/dwb_msgs/include/dwb_msgs/msg/trajectory_score__rosidl_typesupport_fastrtps_cpp.hpp
[4.574s] -- Up-to-date: /home/iju/S08P31C208/ROS/robot_ws/install/dwb_msgs/include/dwb_msgs/msg/critic_score__rosidl_typesupport_fastrtps_cpp.hpp
[4.575s] -- Up-to-date: /home/iju/S08P31C208/ROS/robot_ws/install/dwb_msgs/lib/libdwb_msgs__rosidl_typesupport_fastrtps_cpp.so
[4.575s] -- Up-to-date: /home/iju/S08P31C208/ROS/robot_ws/install/dwb_msgs/share/dwb_msgs/environment/pythonpath.sh
[4.575s] -- Up-to-date: /home/iju/S08P31C208/ROS/robot_ws/install/dwb_msgs/lib/python3.6/site-packages/dwb_msgs/__init__.py
[4.575s] -- Up-to-date: /home/iju/S08P31C208/ROS/robot_ws/install/dwb_msgs/lib/python3.6/site-packages/dwb_msgs/msg
[4.575s] -- Up-to-date: /home/iju/S08P31C208/ROS/robot_ws/install/dwb_msgs/lib/python3.6/site-packages/dwb_msgs/msg/_trajectory2_d_s.c
[4.575s] -- Up-to-date: /home/iju/S08P31C208/ROS/robot_ws/install/dwb_msgs/lib/python3.6/site-packages/dwb_msgs/msg/_local_plan_evaluation_s.c
[4.575s] -- Up-to-date: /home/iju/S08P31C208/ROS/robot_ws/install/dwb_msgs/lib/python3.6/site-packages/dwb_msgs/msg/__init__.py
[4.575s] -- Up-to-date: /home/iju/S08P31C208/ROS/robot_ws/install/dwb_msgs/lib/python3.6/site-packages/dwb_msgs/msg/_trajectory2_d.py
[4.575s] -- Up-to-date: /home/iju/S08P31C208/ROS/robot_ws/install/dwb_msgs/lib/python3.6/site-packages/dwb_msgs/msg/_critic_score_s.c
[4.575s] -- Up-to-date: /home/iju/S08P31C208/ROS/robot_ws/install/dwb_msgs/lib/python3.6/site-packages/dwb_msgs/msg/_critic_score.py
[4.576s] -- Up-to-date: /home/iju/S08P31C208/ROS/robot_ws/install/dwb_msgs/lib/python3.6/site-packages/dwb_msgs/msg/_trajectory_score.py
[4.576s] -- Up-to-date: /home/iju/S08P31C208/ROS/robot_ws/install/dwb_msgs/lib/python3.6/site-packages/dwb_msgs/msg/_local_plan_evaluation.py
[4.576s] -- Up-to-date: /home/iju/S08P31C208/ROS/robot_ws/install/dwb_msgs/lib/python3.6/site-packages/dwb_msgs/msg/_trajectory_score_s.c
[4.576s] -- Up-to-date: /home/iju/S08P31C208/ROS/robot_ws/install/dwb_msgs/lib/python3.6/site-packages/dwb_msgs/srv
[4.576s] -- Up-to-date: /home/iju/S08P31C208/ROS/robot_ws/install/dwb_msgs/lib/python3.6/site-packages/dwb_msgs/srv/_generate_twists_s.c
[4.576s] -- Up-to-date: /home/iju/S08P31C208/ROS/robot_ws/install/dwb_msgs/lib/python3.6/site-packages/dwb_msgs/srv/_debug_local_plan.py
[4.576s] -- Up-to-date: /home/iju/S08P31C208/ROS/robot_ws/install/dwb_msgs/lib/python3.6/site-packages/dwb_msgs/srv/_generate_trajectory_s.c
[4.576s] -- Up-to-date: /home/iju/S08P31C208/ROS/robot_ws/install/dwb_msgs/lib/python3.6/site-packages/dwb_msgs/srv/_score_trajectory.py
[4.576s] -- Up-to-date: /home/iju/S08P31C208/ROS/robot_ws/install/dwb_msgs/lib/python3.6/site-packages/dwb_msgs/srv/_get_critic_score_s.c
[4.576s] -- Up-to-date: /home/iju/S08P31C208/ROS/robot_ws/install/dwb_msgs/lib/python3.6/site-packages/dwb_msgs/srv/_generate_twists.py
[4.576s] -- Up-to-date: /home/iju/S08P31C208/ROS/robot_ws/install/dwb_msgs/lib/python3.6/site-packages/dwb_msgs/srv/_generate_trajectory.py
[4.576s] -- Up-to-date: /home/iju/S08P31C208/ROS/robot_ws/install/dwb_msgs/lib/python3.6/site-packages/dwb_msgs/srv/__init__.py
[4.577s] -- Up-to-date: /home/iju/S08P31C208/ROS/robot_ws/install/dwb_msgs/lib/python3.6/site-packages/dwb_msgs/srv/_score_trajectory_s.c
[4.577s] -- Up-to-date: /home/iju/S08P31C208/ROS/robot_ws/install/dwb_msgs/lib/python3.6/site-packages/dwb_msgs/srv/_debug_local_plan_s.c
[4.577s] -- Up-to-date: /home/iju/S08P31C208/ROS/robot_ws/install/dwb_msgs/lib/python3.6/site-packages/dwb_msgs/srv/_get_critic_score.py
[4.577s] -- Up-to-date: /home/iju/S08P31C208/ROS/robot_ws/install/dwb_msgs/lib/python3.6/site-packages/dwb_msgs/dwb_msgs_s__rosidl_typesupport_c.cpython-36m-x86_64-linux-gnu.so
[4.577s] -- Up-to-date: /home/iju/S08P31C208/ROS/robot_ws/install/dwb_msgs/lib/python3.6/site-packages/dwb_msgs/dwb_msgs_s__rosidl_typesupport_introspection_c.cpython-36m-x86_64-linux-gnu.so
[4.583s] -- Up-to-date: /home/iju/S08P31C208/ROS/robot_ws/install/dwb_msgs/lib/python3.6/site-packages/dwb_msgs/dwb_msgs_s__rosidl_typesupport_fastrtps_c.cpython-36m-x86_64-linux-gnu.so
[4.583s] -- Up-to-date: /home/iju/S08P31C208/ROS/robot_ws/install/dwb_msgs/lib/libdwb_msgs__python.so
[4.583s] -- Up-to-date: /home/iju/S08P31C208/ROS/robot_ws/install/dwb_msgs/share/dwb_msgs/msg/CriticScore.idl
[4.583s] -- Up-to-date: /home/iju/S08P31C208/ROS/robot_ws/install/dwb_msgs/share/dwb_msgs/msg/LocalPlanEvaluation.idl
[4.583s] -- Up-to-date: /home/iju/S08P31C208/ROS/robot_ws/install/dwb_msgs/share/dwb_msgs/msg/Trajectory2D.idl
[4.584s] -- Up-to-date: /home/iju/S08P31C208/ROS/robot_ws/install/dwb_msgs/share/dwb_msgs/msg/TrajectoryScore.idl
[4.584s] -- Up-to-date: /home/iju/S08P31C208/ROS/robot_ws/install/dwb_msgs/share/dwb_msgs/srv/DebugLocalPlan.idl
[4.584s] -- Up-to-date: /home/iju/S08P31C208/ROS/robot_ws/install/dwb_msgs/share/dwb_msgs/srv/GenerateTrajectory.idl
[4.584s] -- Up-to-date: /home/iju/S08P31C208/ROS/robot_ws/install/dwb_msgs/share/dwb_msgs/srv/GenerateTwists.idl
[4.584s] -- Up-to-date: /home/iju/S08P31C208/ROS/robot_ws/install/dwb_msgs/share/dwb_msgs/srv/GetCriticScore.idl
[4.584s] -- Up-to-date: /home/iju/S08P31C208/ROS/robot_ws/install/dwb_msgs/share/dwb_msgs/srv/ScoreTrajectory.idl
[4.584s] -- Up-to-date: /home/iju/S08P31C208/ROS/robot_ws/install/dwb_msgs/share/dwb_msgs/msg/CriticScore.msg
[4.585s] -- Up-to-date: /home/iju/S08P31C208/ROS/robot_ws/install/dwb_msgs/share/dwb_msgs/msg/LocalPlanEvaluation.msg
[4.585s] -- Up-to-date: /home/iju/S08P31C208/ROS/robot_ws/install/dwb_msgs/share/dwb_msgs/msg/Trajectory2D.msg
[4.585s] -- Up-to-date: /home/iju/S08P31C208/ROS/robot_ws/install/dwb_msgs/share/dwb_msgs/msg/TrajectoryScore.msg
[4.585s] -- Up-to-date: /home/iju/S08P31C208/ROS/robot_ws/install/dwb_msgs/share/dwb_msgs/srv/DebugLocalPlan.srv
[4.585s] -- Up-to-date: /home/iju/S08P31C208/ROS/robot_ws/install/dwb_msgs/share/dwb_msgs/srv/DebugLocalPlan_Request.msg
[4.585s] -- Up-to-date: /home/iju/S08P31C208/ROS/robot_ws/install/dwb_msgs/share/dwb_msgs/srv/DebugLocalPlan_Response.msg
[4.585s] -- Up-to-date: /home/iju/S08P31C208/ROS/robot_ws/install/dwb_msgs/share/dwb_msgs/srv/GenerateTrajectory.srv
[4.585s] -- Up-to-date: /home/iju/S08P31C208/ROS/robot_ws/install/dwb_msgs/share/dwb_msgs/srv/GenerateTrajectory_Request.msg
[4.585s] -- Up-to-date: /home/iju/S08P31C208/ROS/robot_ws/install/dwb_msgs/share/dwb_msgs/srv/GenerateTrajectory_Response.msg
[4.585s] -- Up-to-date: /home/iju/S08P31C208/ROS/robot_ws/install/dwb_msgs/share/dwb_msgs/srv/GenerateTwists.srv
[4.585s] -- Up-to-date: /home/iju/S08P31C208/ROS/robot_ws/install/dwb_msgs/share/dwb_msgs/srv/GenerateTwists_Request.msg
[4.585s] -- Up-to-date: /home/iju/S08P31C208/ROS/robot_ws/install/dwb_msgs/share/dwb_msgs/srv/GenerateTwists_Response.msg
[4.585s] -- Up-to-date: /home/iju/S08P31C208/ROS/robot_ws/install/dwb_msgs/share/dwb_msgs/srv/GetCriticScore.srv
[4.586s] -- Up-to-date: /home/iju/S08P31C208/ROS/robot_ws/install/dwb_msgs/share/dwb_msgs/srv/GetCriticScore_Request.msg
[4.586s] -- Up-to-date: /home/iju/S08P31C208/ROS/robot_ws/install/dwb_msgs/share/dwb_msgs/srv/GetCriticScore_Response.msg
[4.586s] -- Up-to-date: /home/iju/S08P31C208/ROS/robot_ws/install/dwb_msgs/share/dwb_msgs/srv/ScoreTrajectory.srv
[4.586s] -- Up-to-date: /home/iju/S08P31C208/ROS/robot_ws/install/dwb_msgs/share/dwb_msgs/srv/ScoreTrajectory_Request.msg
[4.586s] -- Up-to-date: /home/iju/S08P31C208/ROS/robot_ws/install/dwb_msgs/share/dwb_msgs/srv/ScoreTrajectory_Response.msg
[4.586s] -- Up-to-date: /home/iju/S08P31C208/ROS/robot_ws/install/dwb_msgs/share/ament_index/resource_index/package_run_dependencies/dwb_msgs
[4.586s] -- Up-to-date: /home/iju/S08P31C208/ROS/robot_ws/install/dwb_msgs/share/ament_index/resource_index/parent_prefix_path/dwb_msgs
[4.586s] -- Up-to-date: /home/iju/S08P31C208/ROS/robot_ws/install/dwb_msgs/share/dwb_msgs/environment/ament_prefix_path.sh
[4.586s] -- Up-to-date: /home/iju/S08P31C208/ROS/robot_ws/install/dwb_msgs/share/dwb_msgs/environment/path.sh
[4.586s] -- Up-to-date: /home/iju/S08P31C208/ROS/robot_ws/install/dwb_msgs/share/dwb_msgs/local_setup.bash
[4.586s] -- Up-to-date: /home/iju/S08P31C208/ROS/robot_ws/install/dwb_msgs/share/dwb_msgs/local_setup.sh
[4.586s] -- Up-to-date: /home/iju/S08P31C208/ROS/robot_ws/install/dwb_msgs/share/dwb_msgs/local_setup.zsh
[4.586s] -- Up-to-date: /home/iju/S08P31C208/ROS/robot_ws/install/dwb_msgs/share/ament_index/resource_index/packages/dwb_msgs
[4.587s] -- Up-to-date: /home/iju/S08P31C208/ROS/robot_ws/install/dwb_msgs/share/dwb_msgs/cmake/rosidl_cmake-extras.cmake
[4.587s] -- Up-to-date: /home/iju/S08P31C208/ROS/robot_ws/install/dwb_msgs/share/dwb_msgs/cmake/ament_cmake_export_dependencies-extras.cmake
[4.587s] -- Up-to-date: /home/iju/S08P31C208/ROS/robot_ws/install/dwb_msgs/share/dwb_msgs/cmake/ament_cmake_export_include_directories-extras.cmake
[4.587s] -- Up-to-date: /home/iju/S08P31C208/ROS/robot_ws/install/dwb_msgs/share/dwb_msgs/cmake/ament_cmake_export_libraries-extras.cmake
[4.587s] -- Up-to-date: /home/iju/S08P31C208/ROS/robot_ws/install/dwb_msgs/share/dwb_msgs/cmake/dwb_msgsConfig.cmake
[4.587s] -- Up-to-date: /home/iju/S08P31C208/ROS/robot_ws/install/dwb_msgs/share/dwb_msgs/cmake/dwb_msgsConfig-version.cmake
[4.587s] -- Up-to-date: /home/iju/S08P31C208/ROS/robot_ws/install/dwb_msgs/share/dwb_msgs/package.xml
[4.689s] Invoked command in '/home/iju/S08P31C208/ROS/robot_ws/build/dwb_msgs' returned '0': CMAKE_PREFIX_PATH=/home/iju/S08P31C208/ROS/robot_ws/install/nav_2d_msgs:/home/iju/S08P31C208/ROS/robot_ws/install/turtlebot3_simulations:/home/iju/S08P31C208/ROS/robot_ws/install/turtlebot3_gazebo:/home/iju/S08P31C208/ROS/robot_ws/install/turtlebot3:/home/iju/S08P31C208/ROS/robot_ws/install/turtlebot3_bringup:/home/iju/S08P31C208/ROS/robot_ws/install/turtlebot3_node:/home/iju/S08P31C208/ROS/robot_ws/install/turtlebot3_navigation2:/home/iju/S08P31C208/ROS/robot_ws/install/turtlebot3_fake_node:/home/iju/S08P31C208/ROS/robot_ws/install/turtlebot3_msgs:/home/iju/S08P31C208/ROS/robot_ws/install/turtlebot3_description:/home/iju/S08P31C208/ROS/robot_ws/install/turtlebot3_cartographer:/home/iju/S08P31C208/ROS/robot_ws/install/turtle_cpp:/home/iju/S08P31C208/ROS/robot_ws/install/nav2_system_tests:/home/iju/S08P31C208/ROS/robot_ws/install/nav2_bringup:/home/iju/S08P31C208/ROS/robot_ws/install/navigation2:/home/iju/S08P31C208/ROS/robot_ws/install/nav2_dwb_controller:/home/iju/S08P31C208/ROS/robot_ws/install/dwb_plugins:/home/iju/S08P31C208/ROS/robot_ws/install/dwb_critics:/home/iju/S08P31C208/ROS/robot_ws/install/dwb_controller:/home/iju/S08P31C208/ROS/robot_ws/install/dwb_core:/home/iju/S08P31C208/ROS/robot_ws/install/nav_2d_utils:/home/iju/S08P31C208/ROS/robot_ws/install/dwb_msgs:/home/iju/S08P31C208/ROS/robot_ws/install/nav2_world_model:/home/iju/S08P31C208/ROS/robot_ws/install/nav2_recoveries:/home/iju/S08P31C208/ROS/robot_ws/install/costmap_queue:/home/iju/S08P31C208/ROS/robot_ws/install/nav2_costmap_2d:/home/iju/S08P31C208/ROS/robot_ws/install/nav2_voxel_grid:/home/iju/S08P31C208/ROS/robot_ws/install/nav2_rviz_plugins:/home/iju/S08P31C208/ROS/robot_ws/install/nav2_navfn_planner:/home/iju/S08P31C208/ROS/robot_ws/install/nav2_map_server:/home/iju/S08P31C208/ROS/robot_ws/install/nav2_lifecycle_manager:/home/iju/S08P31C208/ROS/robot_ws/install/nav2_bt_navigator:/home/iju/S08P31C208/ROS/robot_ws/install/nav2_behavior_tree:/home/iju/S08P31C208/ROS/robot_ws/install/nav2_amcl:/home/iju/S08P31C208/ROS/robot_ws/install/nav2_util:/home/iju/S08P31C208/ROS/robot_ws/install/nav2_msgs:/home/iju/S08P31C208/ROS/robot_ws/install/nav2_dynamic_params:/home/iju/S08P31C208/ROS/robot_ws/install/nav2_common:/home/iju/S08P31C208/ROS/robot_ws/install/gazebo_ros_pkgs:/home/iju/S08P31C208/ROS/robot_ws/install/gazebo_plugins:/home/iju/S08P31C208/ROS/robot_ws/install/gazebo_ros:/home/iju/S08P31C208/ROS/robot_ws/install/gazebo_msgs:/home/iju/S08P31C208/ROS/robot_ws/install/gazebo_dev:/home/iju/S08P31C208/ROS/robot_ws/install/dynamixel_sdk_examples:/home/iju/S08P31C208/ROS/robot_ws/install/dynamixel_sdk_custom_interfaces:/home/iju/S08P31C208/ROS/robot_ws/install/dynamixel_sdk:/home/iju/S08P31C208/ROS/robot_ws/install/turtlebot3_teleop:/home/iju/S08P31C208/ROS/robot_ws/install/turtlebot3_example:/opt/ros/dashing LD_LIBRARY_PATH=/home/iju/S08P31C208/ROS/robot_ws/install/nav_2d_msgs/lib:/home/iju/S08P31C208/ROS/robot_ws/install/turtlebot3_msgs/lib:/home/iju/S08P31C208/ROS/robot_ws/install/dwb_plugins/lib:/home/iju/S08P31C208/ROS/robot_ws/install/dwb_critics/lib:/home/iju/S08P31C208/ROS/robot_ws/install/dwb_controller/lib:/home/iju/S08P31C208/ROS/robot_ws/install/dwb_core/lib:/home/iju/S08P31C208/ROS/robot_ws/install/nav_2d_utils/lib:/home/iju/S08P31C208/ROS/robot_ws/install/dwb_msgs/lib:/home/iju/S08P31C208/ROS/robot_ws/install/nav2_world_model/lib:/home/iju/S08P31C208/ROS/robot_ws/install/nav2_recoveries/lib:/home/iju/S08P31C208/ROS/robot_ws/install/costmap_queue/lib:/home/iju/S08P31C208/ROS/robot_ws/install/nav2_costmap_2d/lib:/home/iju/S08P31C208/ROS/robot_ws/install/nav2_voxel_grid/lib:/home/iju/S08P31C208/ROS/robot_ws/install/nav2_rviz_plugins/lib:/home/iju/S08P31C208/ROS/robot_ws/install/nav2_navfn_planner/lib:/home/iju/S08P31C208/ROS/robot_ws/install/nav2_map_server/lib:/home/iju/S08P31C208/ROS/robot_ws/install/nav2_lifecycle_manager/lib:/home/iju/S08P31C208/ROS/robot_ws/install/nav2_bt_navigator/lib:/home/iju/S08P31C208/ROS/robot_ws/install/nav2_behavior_tree/lib:/home/iju/S08P31C208/ROS/robot_ws/install/nav2_amcl/lib:/home/iju/S08P31C208/ROS/robot_ws/install/nav2_util/lib:/home/iju/S08P31C208/ROS/robot_ws/install/nav2_msgs/lib:/home/iju/S08P31C208/ROS/robot_ws/install/nav2_dynamic_params/lib:/home/iju/S08P31C208/ROS/robot_ws/install/gazebo_plugins/lib:/home/iju/S08P31C208/ROS/robot_ws/install/gazebo_ros/lib:/home/iju/S08P31C208/ROS/robot_ws/install/gazebo_msgs/lib:/home/iju/S08P31C208/ROS/robot_ws/install/dynamixel_sdk_custom_interfaces/lib:/home/iju/S08P31C208/ROS/robot_ws/install/dynamixel_sdk/lib:/usr/lib/x86_64-linux-gnu/gazebo-9/plugins:/opt/ros/dashing/opt/yaml_cpp_vendor/lib:/opt/ros/dashing/opt/rviz_ogre_vendor/lib:/opt/ros/dashing/lib PS1=\u@\h \[\033[32m\]\w\[\033[33m\]$(parse_git_branch)\[\033[00m\] $ PYTHONPATH=/home/iju/S08P31C208/ROS/robot_ws/install/nav_2d_msgs/lib/python3.6/site-packages:/home/iju/S08P31C208/ROS/robot_ws/install/turtlebot3_teleop/lib/python3.6/site-packages:/home/iju/S08P31C208/ROS/robot_ws/install/turtlebot3_example/lib/python3.6/site-packages:/home/iju/S08P31C208/ROS/robot_ws/install/turtlebot3_msgs/lib/python3.6/site-packages:/home/iju/S08P31C208/ROS/robot_ws/install/dwb_msgs/lib/python3.6/site-packages:/home/iju/S08P31C208/ROS/robot_ws/install/nav2_msgs/lib/python3.6/site-packages:/home/iju/S08P31C208/ROS/robot_ws/install/nav2_common/lib/python3.6/site-packages:/home/iju/S08P31C208/ROS/robot_ws/install/gazebo_ros/lib/python3.6/site-packages:/home/iju/S08P31C208/ROS/robot_ws/install/gazebo_msgs/lib/python3.6/site-packages:/home/iju/S08P31C208/ROS/robot_ws/install/dynamixel_sdk_custom_interfaces/lib/python3.6/site-packages:/opt/ros/dashing/lib/python3.6/site-packages /usr/bin/cmake --build /home/iju/S08P31C208/ROS/robot_ws/build/dwb_msgs --target install -- -j6 -l6
