[0.130s] Invoking command in '/home/moon/S08P31C208/ROS/buruemi_ws/build/turtlebot3_bringup': CMAKE_PREFIX_PATH=/home/moon/S08P31C208/ROS/buruemi_ws/install/turtlebot3_node:/home/moon/S08P31C208/ROS/buruemi_ws/install/turtlebot3_description:/home/moon/S08P31C208/ROS/buruemi_ws/install/turtlebot3:/home/moon/S08P31C208/ROS/buruemi_ws/install/turtlebot3_bringup:/home/moon/S08P31C208/ROS/buruemi_ws/install/turtlebot3_navigation2:/home/moon/S08P31C208/ROS/buruemi_ws/install/turtlebot3_cartographer:/home/moon/S08P31C208/ROS/buruemi_ws/install/ld08_driver:/home/moon/S08P31C208/ROS/buruemi_ws/install/cartographer_ros:/home/moon/S08P31C208/ROS/buruemi_ws/install/cartographer_ros_msgs:/home/moon/S08P31C208/ROS/buruemi_ws/install/turtlebot3_teleop:/home/moon/S08P31C208/ROS/buruemi_ws/install/turtlebot3_example:/home/moon/S08P31C208/ROS/buruemi_ws/install/lidar_filter:/opt/ros/dashing /usr/bin/cmake /home/moon/S08P31C208/ROS/buruemi_ws/src/turtlebot3/turtlebot3_bringup -DAMENT_CMAKE_SYMLINK_INSTALL=1 -DCMAKE_INSTALL_PREFIX=/home/moon/S08P31C208/ROS/buruemi_ws/install/turtlebot3_bringup
[0.568s] -- The C compiler identification is GNU 7.5.0
[0.749s] -- The CXX compiler identification is GNU 7.5.0
[0.771s] -- Check for working C compiler: /usr/bin/cc
[1.005s] -- Check for working C compiler: /usr/bin/cc -- works
[1.011s] -- Detecting C compiler ABI info
[1.253s] -- Detecting C compiler ABI info - done
[1.275s] -- Detecting C compile features
[1.975s] -- Detecting C compile features - done
[1.988s] -- Check for working CXX compiler: /usr/bin/c++
[2.249s] -- Check for working CXX compiler: /usr/bin/c++ -- works
[2.251s] -- Detecting CXX compiler ABI info
[2.525s] -- Detecting CXX compiler ABI info - done
[2.543s] -- Detecting CXX compile features
[3.685s] -- Detecting CXX compile features - done
[3.713s] -- Found ament_cmake: 0.7.6 (/opt/ros/dashing/share/ament_cmake/cmake)
[3.885s] -- Found PythonInterp: /usr/bin/python3 (found suitable version "3.6.9", minimum required is "3") 
[3.886s] -- Using PYTHON_EXECUTABLE: /usr/bin/python3
[5.207s] -- Override CMake install command with custom implementation using symlinks instead of copying resources
[5.924s] -- Configuring done
[5.930s] -- Generating done
[5.934s] -- Build files have been written to: /home/moon/S08P31C208/ROS/buruemi_ws/build/turtlebot3_bringup
[5.943s] Invoked command in '/home/moon/S08P31C208/ROS/buruemi_ws/build/turtlebot3_bringup' returned '0': CMAKE_PREFIX_PATH=/home/moon/S08P31C208/ROS/buruemi_ws/install/turtlebot3_node:/home/moon/S08P31C208/ROS/buruemi_ws/install/turtlebot3_description:/home/moon/S08P31C208/ROS/buruemi_ws/install/turtlebot3:/home/moon/S08P31C208/ROS/buruemi_ws/install/turtlebot3_bringup:/home/moon/S08P31C208/ROS/buruemi_ws/install/turtlebot3_navigation2:/home/moon/S08P31C208/ROS/buruemi_ws/install/turtlebot3_cartographer:/home/moon/S08P31C208/ROS/buruemi_ws/install/ld08_driver:/home/moon/S08P31C208/ROS/buruemi_ws/install/cartographer_ros:/home/moon/S08P31C208/ROS/buruemi_ws/install/cartographer_ros_msgs:/home/moon/S08P31C208/ROS/buruemi_ws/install/turtlebot3_teleop:/home/moon/S08P31C208/ROS/buruemi_ws/install/turtlebot3_example:/home/moon/S08P31C208/ROS/buruemi_ws/install/lidar_filter:/opt/ros/dashing /usr/bin/cmake /home/moon/S08P31C208/ROS/buruemi_ws/src/turtlebot3/turtlebot3_bringup -DAMENT_CMAKE_SYMLINK_INSTALL=1 -DCMAKE_INSTALL_PREFIX=/home/moon/S08P31C208/ROS/buruemi_ws/install/turtlebot3_bringup
[5.955s] Invoking command in '/home/moon/S08P31C208/ROS/buruemi_ws/build/turtlebot3_bringup': CMAKE_PREFIX_PATH=/home/moon/S08P31C208/ROS/buruemi_ws/install/turtlebot3_node:/home/moon/S08P31C208/ROS/buruemi_ws/install/turtlebot3_description:/home/moon/S08P31C208/ROS/buruemi_ws/install/turtlebot3:/home/moon/S08P31C208/ROS/buruemi_ws/install/turtlebot3_bringup:/home/moon/S08P31C208/ROS/buruemi_ws/install/turtlebot3_navigation2:/home/moon/S08P31C208/ROS/buruemi_ws/install/turtlebot3_cartographer:/home/moon/S08P31C208/ROS/buruemi_ws/install/ld08_driver:/home/moon/S08P31C208/ROS/buruemi_ws/install/cartographer_ros:/home/moon/S08P31C208/ROS/buruemi_ws/install/cartographer_ros_msgs:/home/moon/S08P31C208/ROS/buruemi_ws/install/turtlebot3_teleop:/home/moon/S08P31C208/ROS/buruemi_ws/install/turtlebot3_example:/home/moon/S08P31C208/ROS/buruemi_ws/install/lidar_filter:/opt/ros/dashing /usr/bin/cmake --build /home/moon/S08P31C208/ROS/buruemi_ws/build/turtlebot3_bringup -- -j4 -l4
[6.102s] Invoked command in '/home/moon/S08P31C208/ROS/buruemi_ws/build/turtlebot3_bringup' returned '0': CMAKE_PREFIX_PATH=/home/moon/S08P31C208/ROS/buruemi_ws/install/turtlebot3_node:/home/moon/S08P31C208/ROS/buruemi_ws/install/turtlebot3_description:/home/moon/S08P31C208/ROS/buruemi_ws/install/turtlebot3:/home/moon/S08P31C208/ROS/buruemi_ws/install/turtlebot3_bringup:/home/moon/S08P31C208/ROS/buruemi_ws/install/turtlebot3_navigation2:/home/moon/S08P31C208/ROS/buruemi_ws/install/turtlebot3_cartographer:/home/moon/S08P31C208/ROS/buruemi_ws/install/ld08_driver:/home/moon/S08P31C208/ROS/buruemi_ws/install/cartographer_ros:/home/moon/S08P31C208/ROS/buruemi_ws/install/cartographer_ros_msgs:/home/moon/S08P31C208/ROS/buruemi_ws/install/turtlebot3_teleop:/home/moon/S08P31C208/ROS/buruemi_ws/install/turtlebot3_example:/home/moon/S08P31C208/ROS/buruemi_ws/install/lidar_filter:/opt/ros/dashing /usr/bin/cmake --build /home/moon/S08P31C208/ROS/buruemi_ws/build/turtlebot3_bringup -- -j4 -l4
[6.190s] Invoking command in '/home/moon/S08P31C208/ROS/buruemi_ws/build/turtlebot3_bringup': CMAKE_PREFIX_PATH=/home/moon/S08P31C208/ROS/buruemi_ws/install/turtlebot3_node:/home/moon/S08P31C208/ROS/buruemi_ws/install/turtlebot3_description:/home/moon/S08P31C208/ROS/buruemi_ws/install/turtlebot3:/home/moon/S08P31C208/ROS/buruemi_ws/install/turtlebot3_bringup:/home/moon/S08P31C208/ROS/buruemi_ws/install/turtlebot3_navigation2:/home/moon/S08P31C208/ROS/buruemi_ws/install/turtlebot3_cartographer:/home/moon/S08P31C208/ROS/buruemi_ws/install/ld08_driver:/home/moon/S08P31C208/ROS/buruemi_ws/install/cartographer_ros:/home/moon/S08P31C208/ROS/buruemi_ws/install/cartographer_ros_msgs:/home/moon/S08P31C208/ROS/buruemi_ws/install/turtlebot3_teleop:/home/moon/S08P31C208/ROS/buruemi_ws/install/turtlebot3_example:/home/moon/S08P31C208/ROS/buruemi_ws/install/lidar_filter:/opt/ros/dashing /usr/bin/cmake --build /home/moon/S08P31C208/ROS/buruemi_ws/build/turtlebot3_bringup --target install -- -j4 -l4
[6.358s] [36mInstall the project...[0m
[6.391s] -- Install configuration: ""
[6.393s] -- Execute custom install script
[6.400s] -- Symlinking: /home/moon/S08P31C208/ROS/buruemi_ws/install/turtlebot3_bringup/share/turtlebot3_bringup/launch/robot.launch.py
[6.434s] -- Symlinking: /home/moon/S08P31C208/ROS/buruemi_ws/install/turtlebot3_bringup/share/turtlebot3_bringup/launch/rviz2.launch.py
[6.468s] -- Symlinking: /home/moon/S08P31C208/ROS/buruemi_ws/install/turtlebot3_bringup/share/turtlebot3_bringup/launch/turtlebot3_state_publisher.launch.py
[6.505s] -- Symlinking: /home/moon/S08P31C208/ROS/buruemi_ws/install/turtlebot3_bringup/share/turtlebot3_bringup/param/burger.yaml
[6.537s] -- Symlinking: /home/moon/S08P31C208/ROS/buruemi_ws/install/turtlebot3_bringup/share/turtlebot3_bringup/param/waffle.yaml
[6.571s] -- Symlinking: /home/moon/S08P31C208/ROS/buruemi_ws/install/turtlebot3_bringup/share/turtlebot3_bringup/param/waffle_pi.yaml
[6.604s] -- Symlinking: /home/moon/S08P31C208/ROS/buruemi_ws/install/turtlebot3_bringup/share/ament_index/resource_index/package_run_dependencies/turtlebot3_bringup
[6.636s] -- Symlinking: /home/moon/S08P31C208/ROS/buruemi_ws/install/turtlebot3_bringup/share/ament_index/resource_index/parent_prefix_path/turtlebot3_bringup
[6.671s] -- Symlinking: /home/moon/S08P31C208/ROS/buruemi_ws/install/turtlebot3_bringup/share/turtlebot3_bringup/environment/ament_prefix_path.sh
[6.704s] -- Symlinking: /home/moon/S08P31C208/ROS/buruemi_ws/install/turtlebot3_bringup/share/turtlebot3_bringup/environment/path.sh
[6.736s] -- Symlinking: /home/moon/S08P31C208/ROS/buruemi_ws/install/turtlebot3_bringup/share/turtlebot3_bringup/local_setup.bash
[6.769s] -- Symlinking: /home/moon/S08P31C208/ROS/buruemi_ws/install/turtlebot3_bringup/share/turtlebot3_bringup/local_setup.sh
[6.801s] -- Symlinking: /home/moon/S08P31C208/ROS/buruemi_ws/install/turtlebot3_bringup/share/turtlebot3_bringup/local_setup.zsh
[6.835s] -- Symlinking: /home/moon/S08P31C208/ROS/buruemi_ws/install/turtlebot3_bringup/share/ament_index/resource_index/packages/turtlebot3_bringup
[6.868s] -- Symlinking: /home/moon/S08P31C208/ROS/buruemi_ws/install/turtlebot3_bringup/share/turtlebot3_bringup/cmake/turtlebot3_bringupConfig.cmake
[6.900s] -- Symlinking: /home/moon/S08P31C208/ROS/buruemi_ws/install/turtlebot3_bringup/share/turtlebot3_bringup/cmake/turtlebot3_bringupConfig-version.cmake
[6.933s] -- Symlinking: /home/moon/S08P31C208/ROS/buruemi_ws/install/turtlebot3_bringup/share/turtlebot3_bringup/package.xml
[6.980s] Invoked command in '/home/moon/S08P31C208/ROS/buruemi_ws/build/turtlebot3_bringup' returned '0': CMAKE_PREFIX_PATH=/home/moon/S08P31C208/ROS/buruemi_ws/install/turtlebot3_node:/home/moon/S08P31C208/ROS/buruemi_ws/install/turtlebot3_description:/home/moon/S08P31C208/ROS/buruemi_ws/install/turtlebot3:/home/moon/S08P31C208/ROS/buruemi_ws/install/turtlebot3_bringup:/home/moon/S08P31C208/ROS/buruemi_ws/install/turtlebot3_navigation2:/home/moon/S08P31C208/ROS/buruemi_ws/install/turtlebot3_cartographer:/home/moon/S08P31C208/ROS/buruemi_ws/install/ld08_driver:/home/moon/S08P31C208/ROS/buruemi_ws/install/cartographer_ros:/home/moon/S08P31C208/ROS/buruemi_ws/install/cartographer_ros_msgs:/home/moon/S08P31C208/ROS/buruemi_ws/install/turtlebot3_teleop:/home/moon/S08P31C208/ROS/buruemi_ws/install/turtlebot3_example:/home/moon/S08P31C208/ROS/buruemi_ws/install/lidar_filter:/opt/ros/dashing /usr/bin/cmake --build /home/moon/S08P31C208/ROS/buruemi_ws/build/turtlebot3_bringup --target install -- -j4 -l4
