[1.257s] Invoking command in '/home/iju/S08P31C208/ROS/robot_ws/build/turtlebot3_teleop': PS1=\u@\h \[\033[32m\]\w\[\033[33m\]$(parse_git_branch)\[\033[00m\] $ PYTHONPATH=/home/iju/S08P31C208/ROS/robot_ws/build/turtlebot3_teleop/prefix_override:/home/iju/S08P31C208/ROS/robot_ws/install/turtlebot3_teleop/lib/python3.6/site-packages:${PYTHONPATH} /usr/bin/python3 setup.py develop --editable --build-directory /home/iju/S08P31C208/ROS/robot_ws/build/turtlebot3_teleop/build --no-deps install_data
[1.565s] /home/iju/.local/lib/python3.6/site-packages/setuptools/dist.py:726: UserWarning: Usage of dash-separated 'script-dir' will not be supported in future versions. Please use the underscore name 'script_dir' instead
[1.565s]   % (opt, underscore_opt)
[1.619s] running develop
[1.620s] /home/iju/.local/lib/python3.6/site-packages/setuptools/command/easy_install.py:159: EasyInstallDeprecationWarning: easy_install command is deprecated. Use build and pip and other standards-based tools.
[1.620s]   EasyInstallDeprecationWarning,
[1.621s] /home/iju/.local/lib/python3.6/site-packages/setuptools/command/install.py:37: SetuptoolsDeprecationWarning: setup.py install is deprecated. Use build and pip and other standards-based tools.
[1.621s]   setuptools.SetuptoolsDeprecationWarning,
[1.679s] /home/iju/.local/lib/python3.6/site-packages/pkg_resources/__init__.py:119: PkgResourcesDeprecationWarning: 0.18ubuntu0.18.04.1 is an invalid version and will not be supported in a future release
[1.680s]   PkgResourcesDeprecationWarning,
[1.778s] running egg_info
[1.779s] writing turtlebot3_teleop.egg-info/PKG-INFO
[1.779s] writing dependency_links to turtlebot3_teleop.egg-info/dependency_links.txt
[1.779s] writing entry points to turtlebot3_teleop.egg-info/entry_points.txt
[1.779s] writing requirements to turtlebot3_teleop.egg-info/requires.txt
[1.780s] writing top-level names to turtlebot3_teleop.egg-info/top_level.txt
[1.780s] reading manifest file 'turtlebot3_teleop.egg-info/SOURCES.txt'
[1.784s] writing manifest file 'turtlebot3_teleop.egg-info/SOURCES.txt'
[1.786s] running build_ext
[1.786s] Creating /home/iju/S08P31C208/ROS/robot_ws/install/turtlebot3_teleop/lib/python3.6/site-packages/turtlebot3-teleop.egg-link (link to .)
[1.787s] Installing teleop_keyboard script to /home/iju/S08P31C208/ROS/robot_ws/install/turtlebot3_teleop/lib/turtlebot3_teleop
[1.788s] 
[1.788s] Installed /home/iju/S08P31C208/ROS/robot_ws/build/turtlebot3_teleop
[1.788s] running install_data
[2.043s] Invoked command in '/home/iju/S08P31C208/ROS/robot_ws/build/turtlebot3_teleop' returned '0': PS1=\u@\h \[\033[32m\]\w\[\033[33m\]$(parse_git_branch)\[\033[00m\] $ PYTHONPATH=/home/iju/S08P31C208/ROS/robot_ws/build/turtlebot3_teleop/prefix_override:/home/iju/S08P31C208/ROS/robot_ws/install/turtlebot3_teleop/lib/python3.6/site-packages:${PYTHONPATH} /usr/bin/python3 setup.py develop --editable --build-directory /home/iju/S08P31C208/ROS/robot_ws/build/turtlebot3_teleop/build --no-deps install_data
