[0.081s] Invoking command in '/home/moon/S08P31C208/ROS/buruemi_ws/build/turtlebot3_bringup': CMAKE_PREFIX_PATH=/home/moon/S08P31C208/ROS/buruemi_ws/install/turtlebot3_node:/home/moon/S08P31C208/ROS/buruemi_ws/install/turtlebot3_description:/home/moon/S08P31C208/ROS/buruemi_ws/install/turtlebot3:/home/moon/S08P31C208/ROS/buruemi_ws/install/turtlebot3_bringup:/home/moon/S08P31C208/ROS/buruemi_ws/install/turtlebot3_navigation2:/home/moon/S08P31C208/ROS/buruemi_ws/install/turtlebot3_cartographer:/home/moon/S08P31C208/ROS/buruemi_ws/install/ld08_driver:/home/moon/S08P31C208/ROS/buruemi_ws/install/turtlebot3_teleop:/home/moon/S08P31C208/ROS/buruemi_ws/install/turtlebot3_example:/opt/ros/dashing /usr/bin/cmake /home/moon/S08P31C208/ROS/buruemi_ws/src/turtlebot3/turtlebot3_bringup -DAMENT_CMAKE_SYMLINK_INSTALL=1 -DCMAKE_INSTALL_PREFIX=/home/moon/S08P31C208/ROS/buruemi_ws/install/turtlebot3_bringup
[0.273s] -- The C compiler identification is GNU 7.5.0
[0.478s] -- The CXX compiler identification is GNU 7.5.0
[0.490s] -- Check for working C compiler: /usr/bin/cc
[0.732s] -- Check for working C compiler: /usr/bin/cc -- works
[0.733s] -- Detecting C compiler ABI info
[0.976s] -- Detecting C compiler ABI info - done
[0.996s] -- Detecting C compile features
[1.724s] -- Detecting C compile features - done
[1.732s] -- Check for working CXX compiler: /usr/bin/c++
[2.003s] -- Check for working CXX compiler: /usr/bin/c++ -- works
[2.005s] -- Detecting CXX compiler ABI info
[2.284s] -- Detecting CXX compiler ABI info - done
[2.302s] -- Detecting CXX compile features
[3.508s] -- Detecting CXX compile features - done
[3.521s] -- Found ament_cmake: 0.7.6 (/opt/ros/dashing/share/ament_cmake/cmake)
[3.657s] -- Found PythonInterp: /usr/bin/python3 (found suitable version "3.6.9", minimum required is "3") 
[3.658s] -- Using PYTHON_EXECUTABLE: /usr/bin/python3
[4.808s] -- Override CMake install command with custom implementation using symlinks instead of copying resources
[5.428s] -- Configuring done
[5.435s] -- Generating done
[5.439s] -- Build files have been written to: /home/moon/S08P31C208/ROS/buruemi_ws/build/turtlebot3_bringup
[5.450s] Invoked command in '/home/moon/S08P31C208/ROS/buruemi_ws/build/turtlebot3_bringup' returned '0': CMAKE_PREFIX_PATH=/home/moon/S08P31C208/ROS/buruemi_ws/install/turtlebot3_node:/home/moon/S08P31C208/ROS/buruemi_ws/install/turtlebot3_description:/home/moon/S08P31C208/ROS/buruemi_ws/install/turtlebot3:/home/moon/S08P31C208/ROS/buruemi_ws/install/turtlebot3_bringup:/home/moon/S08P31C208/ROS/buruemi_ws/install/turtlebot3_navigation2:/home/moon/S08P31C208/ROS/buruemi_ws/install/turtlebot3_cartographer:/home/moon/S08P31C208/ROS/buruemi_ws/install/ld08_driver:/home/moon/S08P31C208/ROS/buruemi_ws/install/turtlebot3_teleop:/home/moon/S08P31C208/ROS/buruemi_ws/install/turtlebot3_example:/opt/ros/dashing /usr/bin/cmake /home/moon/S08P31C208/ROS/buruemi_ws/src/turtlebot3/turtlebot3_bringup -DAMENT_CMAKE_SYMLINK_INSTALL=1 -DCMAKE_INSTALL_PREFIX=/home/moon/S08P31C208/ROS/buruemi_ws/install/turtlebot3_bringup
[5.460s] Invoking command in '/home/moon/S08P31C208/ROS/buruemi_ws/build/turtlebot3_bringup': CMAKE_PREFIX_PATH=/home/moon/S08P31C208/ROS/buruemi_ws/install/turtlebot3_node:/home/moon/S08P31C208/ROS/buruemi_ws/install/turtlebot3_description:/home/moon/S08P31C208/ROS/buruemi_ws/install/turtlebot3:/home/moon/S08P31C208/ROS/buruemi_ws/install/turtlebot3_bringup:/home/moon/S08P31C208/ROS/buruemi_ws/install/turtlebot3_navigation2:/home/moon/S08P31C208/ROS/buruemi_ws/install/turtlebot3_cartographer:/home/moon/S08P31C208/ROS/buruemi_ws/install/ld08_driver:/home/moon/S08P31C208/ROS/buruemi_ws/install/turtlebot3_teleop:/home/moon/S08P31C208/ROS/buruemi_ws/install/turtlebot3_example:/opt/ros/dashing /usr/bin/cmake --build /home/moon/S08P31C208/ROS/buruemi_ws/build/turtlebot3_bringup -- -j4 -l4
[5.616s] Invoked command in '/home/moon/S08P31C208/ROS/buruemi_ws/build/turtlebot3_bringup' returned '0': CMAKE_PREFIX_PATH=/home/moon/S08P31C208/ROS/buruemi_ws/install/turtlebot3_node:/home/moon/S08P31C208/ROS/buruemi_ws/install/turtlebot3_description:/home/moon/S08P31C208/ROS/buruemi_ws/install/turtlebot3:/home/moon/S08P31C208/ROS/buruemi_ws/install/turtlebot3_bringup:/home/moon/S08P31C208/ROS/buruemi_ws/install/turtlebot3_navigation2:/home/moon/S08P31C208/ROS/buruemi_ws/install/turtlebot3_cartographer:/home/moon/S08P31C208/ROS/buruemi_ws/install/ld08_driver:/home/moon/S08P31C208/ROS/buruemi_ws/install/turtlebot3_teleop:/home/moon/S08P31C208/ROS/buruemi_ws/install/turtlebot3_example:/opt/ros/dashing /usr/bin/cmake --build /home/moon/S08P31C208/ROS/buruemi_ws/build/turtlebot3_bringup -- -j4 -l4
[5.698s] Invoking command in '/home/moon/S08P31C208/ROS/buruemi_ws/build/turtlebot3_bringup': CMAKE_PREFIX_PATH=/home/moon/S08P31C208/ROS/buruemi_ws/install/turtlebot3_node:/home/moon/S08P31C208/ROS/buruemi_ws/install/turtlebot3_description:/home/moon/S08P31C208/ROS/buruemi_ws/install/turtlebot3:/home/moon/S08P31C208/ROS/buruemi_ws/install/turtlebot3_bringup:/home/moon/S08P31C208/ROS/buruemi_ws/install/turtlebot3_navigation2:/home/moon/S08P31C208/ROS/buruemi_ws/install/turtlebot3_cartographer:/home/moon/S08P31C208/ROS/buruemi_ws/install/ld08_driver:/home/moon/S08P31C208/ROS/buruemi_ws/install/turtlebot3_teleop:/home/moon/S08P31C208/ROS/buruemi_ws/install/turtlebot3_example:/opt/ros/dashing /usr/bin/cmake --build /home/moon/S08P31C208/ROS/buruemi_ws/build/turtlebot3_bringup --target install -- -j4 -l4
[5.870s] [36mInstall the project...[0m
[5.902s] -- Install configuration: ""
[5.904s] -- Execute custom install script
[5.906s] -- Symlinking: /home/moon/S08P31C208/ROS/buruemi_ws/install/turtlebot3_bringup/share/turtlebot3_bringup/launch/robot.launch.py
[5.939s] -- Symlinking: /home/moon/S08P31C208/ROS/buruemi_ws/install/turtlebot3_bringup/share/turtlebot3_bringup/launch/rviz2.launch.py
[5.971s] -- Symlinking: /home/moon/S08P31C208/ROS/buruemi_ws/install/turtlebot3_bringup/share/turtlebot3_bringup/launch/turtlebot3_state_publisher.launch.py
[6.005s] -- Symlinking: /home/moon/S08P31C208/ROS/buruemi_ws/install/turtlebot3_bringup/share/turtlebot3_bringup/param/burger.yaml
[6.038s] -- Symlinking: /home/moon/S08P31C208/ROS/buruemi_ws/install/turtlebot3_bringup/share/turtlebot3_bringup/param/waffle.yaml
[6.071s] -- Symlinking: /home/moon/S08P31C208/ROS/buruemi_ws/install/turtlebot3_bringup/share/turtlebot3_bringup/param/waffle_pi.yaml
[6.105s] -- Symlinking: /home/moon/S08P31C208/ROS/buruemi_ws/install/turtlebot3_bringup/share/ament_index/resource_index/package_run_dependencies/turtlebot3_bringup
[6.139s] -- Symlinking: /home/moon/S08P31C208/ROS/buruemi_ws/install/turtlebot3_bringup/share/ament_index/resource_index/parent_prefix_path/turtlebot3_bringup
[6.172s] -- Symlinking: /home/moon/S08P31C208/ROS/buruemi_ws/install/turtlebot3_bringup/share/turtlebot3_bringup/environment/ament_prefix_path.sh
[6.205s] -- Symlinking: /home/moon/S08P31C208/ROS/buruemi_ws/install/turtlebot3_bringup/share/turtlebot3_bringup/environment/path.sh
[6.239s] -- Symlinking: /home/moon/S08P31C208/ROS/buruemi_ws/install/turtlebot3_bringup/share/turtlebot3_bringup/local_setup.bash
[6.273s] -- Symlinking: /home/moon/S08P31C208/ROS/buruemi_ws/install/turtlebot3_bringup/share/turtlebot3_bringup/local_setup.sh
[6.306s] -- Symlinking: /home/moon/S08P31C208/ROS/buruemi_ws/install/turtlebot3_bringup/share/turtlebot3_bringup/local_setup.zsh
[6.341s] -- Symlinking: /home/moon/S08P31C208/ROS/buruemi_ws/install/turtlebot3_bringup/share/ament_index/resource_index/packages/turtlebot3_bringup
[6.375s] -- Symlinking: /home/moon/S08P31C208/ROS/buruemi_ws/install/turtlebot3_bringup/share/turtlebot3_bringup/cmake/turtlebot3_bringupConfig.cmake
[6.408s] -- Symlinking: /home/moon/S08P31C208/ROS/buruemi_ws/install/turtlebot3_bringup/share/turtlebot3_bringup/cmake/turtlebot3_bringupConfig-version.cmake
[6.443s] -- Symlinking: /home/moon/S08P31C208/ROS/buruemi_ws/install/turtlebot3_bringup/share/turtlebot3_bringup/package.xml
[6.495s] Invoked command in '/home/moon/S08P31C208/ROS/buruemi_ws/build/turtlebot3_bringup' returned '0': CMAKE_PREFIX_PATH=/home/moon/S08P31C208/ROS/buruemi_ws/install/turtlebot3_node:/home/moon/S08P31C208/ROS/buruemi_ws/install/turtlebot3_description:/home/moon/S08P31C208/ROS/buruemi_ws/install/turtlebot3:/home/moon/S08P31C208/ROS/buruemi_ws/install/turtlebot3_bringup:/home/moon/S08P31C208/ROS/buruemi_ws/install/turtlebot3_navigation2:/home/moon/S08P31C208/ROS/buruemi_ws/install/turtlebot3_cartographer:/home/moon/S08P31C208/ROS/buruemi_ws/install/ld08_driver:/home/moon/S08P31C208/ROS/buruemi_ws/install/turtlebot3_teleop:/home/moon/S08P31C208/ROS/buruemi_ws/install/turtlebot3_example:/opt/ros/dashing /usr/bin/cmake --build /home/moon/S08P31C208/ROS/buruemi_ws/build/turtlebot3_bringup --target install -- -j4 -l4
