[0.062s] Invoking command in '/home/iju/S08P31C208/ROS/robot_ws/build/nav2_recoveries': AMENT_PREFIX_PATH=/home/iju/S08P31C208/ROS/robot_ws/install/nav2_costmap_2d:/home/iju/S08P31C208/ROS/robot_ws/install/nav2_behavior_tree:/home/iju/S08P31C208/ROS/robot_ws/install/nav2_util:/home/iju/S08P31C208/ROS/robot_ws/install/nav2_voxel_grid:/home/iju/S08P31C208/ROS/robot_ws/install/nav2_msgs:/home/iju/S08P31C208/ROS/robot_ws/install/nav2_common:${AMENT_PREFIX_PATH} CMAKE_PREFIX_PATH=/home/iju/S08P31C208/ROS/robot_ws/install/nav2_costmap_2d:/home/iju/S08P31C208/ROS/robot_ws/install/nav2_behavior_tree:/home/iju/S08P31C208/ROS/robot_ws/install/nav2_util:/home/iju/S08P31C208/ROS/robot_ws/install/nav2_voxel_grid:/home/iju/S08P31C208/ROS/robot_ws/install/nav2_msgs:/home/iju/S08P31C208/ROS/robot_ws/install/nav2_common:/home/iju/S08P31C208/ROS/robot_ws/install/turtlebot3_simulations:/home/iju/S08P31C208/ROS/robot_ws/install/turtlebot3_gazebo:/home/iju/S08P31C208/ROS/robot_ws/install/turtlebot3:/home/iju/S08P31C208/ROS/robot_ws/install/turtlebot3_bringup:/home/iju/S08P31C208/ROS/robot_ws/install/turtlebot3_node:/home/iju/S08P31C208/ROS/robot_ws/install/turtlebot3_navigation2:/home/iju/S08P31C208/ROS/robot_ws/install/turtlebot3_fake_node:/home/iju/S08P31C208/ROS/robot_ws/install/turtlebot3_msgs:/home/iju/S08P31C208/ROS/robot_ws/install/turtlebot3_description:/home/iju/S08P31C208/ROS/robot_ws/install/turtlebot3_cartographer:/home/iju/S08P31C208/ROS/robot_ws/install/turtle_cpp:/home/iju/S08P31C208/ROS/robot_ws/install/gazebo_ros_pkgs:/home/iju/S08P31C208/ROS/robot_ws/install/gazebo_plugins:/home/iju/S08P31C208/ROS/robot_ws/install/gazebo_ros:/home/iju/S08P31C208/ROS/robot_ws/install/gazebo_msgs:/home/iju/S08P31C208/ROS/robot_ws/install/gazebo_dev:/home/iju/S08P31C208/ROS/robot_ws/install/dynamixel_sdk_examples:/home/iju/S08P31C208/ROS/robot_ws/install/dynamixel_sdk_custom_interfaces:/home/iju/S08P31C208/ROS/robot_ws/install/dynamixel_sdk:/home/iju/S08P31C208/ROS/robot_ws/install/turtlebot3_teleop:/home/iju/S08P31C208/ROS/robot_ws/install/turtlebot3_example:/opt/ros/dashing LD_LIBRARY_PATH=/home/iju/S08P31C208/ROS/robot_ws/install/nav2_costmap_2d/lib:/home/iju/S08P31C208/ROS/robot_ws/install/nav2_behavior_tree/lib:/home/iju/S08P31C208/ROS/robot_ws/install/nav2_util/lib:/home/iju/S08P31C208/ROS/robot_ws/install/nav2_voxel_grid/lib:/home/iju/S08P31C208/ROS/robot_ws/install/nav2_msgs/lib:${LD_LIBRARY_PATH} PS1=\u@\h \[\033[32m\]\w\[\033[33m\]$(parse_git_branch)\[\033[00m\] $ PYTHONPATH=/home/iju/S08P31C208/ROS/robot_ws/install/nav2_msgs/lib/python3.6/site-packages:/home/iju/S08P31C208/ROS/robot_ws/install/nav2_common/lib/python3.6/site-packages:${PYTHONPATH} /usr/bin/cmake /home/iju/S08P31C208/ROS/robot_ws/src/navigation2/nav2_recoveries -DCMAKE_INSTALL_PREFIX=/home/iju/S08P31C208/ROS/robot_ws/install/nav2_recoveries
[0.156s] -- The C compiler identification is GNU 7.5.0
[0.217s] -- The CXX compiler identification is GNU 7.5.0
[0.222s] -- Check for working C compiler: /usr/bin/cc
[0.318s] -- Check for working C compiler: /usr/bin/cc -- works
[0.319s] -- Detecting C compiler ABI info
[0.445s] -- Detecting C compiler ABI info - done
[0.450s] -- Detecting C compile features
[0.745s] -- Detecting C compile features - done
[0.757s] -- Check for working CXX compiler: /usr/bin/c++
[0.857s] -- Check for working CXX compiler: /usr/bin/c++ -- works
[0.860s] -- Detecting CXX compiler ABI info
[0.977s] -- Detecting CXX compiler ABI info - done
[0.982s] -- Detecting CXX compile features
[1.551s] -- Detecting CXX compile features - done
[1.557s] -- Found ament_cmake: 0.7.6 (/opt/ros/dashing/share/ament_cmake/cmake)
[1.596s] -- Found PythonInterp: /usr/bin/python3 (found suitable version "3.6.9", minimum required is "3") 
[1.596s] -- Using PYTHON_EXECUTABLE: /usr/bin/python3
[1.949s] -- Found nav2_common: 0.2.6 (/home/iju/S08P31C208/ROS/robot_ws/install/nav2_common/share/nav2_common/cmake)
[1.953s] -- Found rclcpp: 0.7.16 (/opt/ros/dashing/share/rclcpp/cmake)
[1.993s] -- Found rosidl_adapter: 0.7.10 (/opt/ros/dashing/share/rosidl_adapter/cmake)
[2.057s] -- Found rmw_implementation_cmake: 0.7.2 (/opt/ros/dashing/share/rmw_implementation_cmake/cmake)
[2.061s] -- Using RMW implementation 'rmw_fastrtps_cpp' as default
[2.061s] -- Looking for pthread.h
[2.175s] -- Looking for pthread.h - found
[2.175s] -- Looking for pthread_create
[2.296s] -- Looking for pthread_create - not found
[2.296s] -- Looking for pthread_create in pthreads
[2.377s] -- Looking for pthread_create in pthreads - not found
[2.377s] -- Looking for pthread_create in pthread
[2.491s] -- Looking for pthread_create in pthread - found
[2.492s] -- Found Threads: TRUE  
[2.540s] -- Found rclcpp_action: 0.7.16 (/opt/ros/dashing/share/rclcpp_action/cmake)
[2.624s] -- Found rclcpp_lifecycle: 0.7.16 (/opt/ros/dashing/share/rclcpp_lifecycle/cmake)
[2.662s] -- Found std_msgs: 0.7.1 (/opt/ros/dashing/share/std_msgs/cmake)
[2.668s] -- Found nav2_behavior_tree: 0.2.6 (/home/iju/S08P31C208/ROS/robot_ws/install/nav2_behavior_tree/share/nav2_behavior_tree/cmake)
[3.002s] -- Found eigen3_cmake_module: 0.1.1 (/opt/ros/dashing/share/eigen3_cmake_module/cmake)
[3.008s] -- Found Eigen3: TRUE (found version "3.3.4") 
[3.628s] -- Found nav2_costmap_2d: 0.2.6 (/home/iju/S08P31C208/ROS/robot_ws/install/nav2_costmap_2d/share/nav2_costmap_2d/cmake)
[4.072s] -- Found tinyxml2_vendor:  (/opt/ros/dashing/share/tinyxml2_vendor/cmake)
[4.084s] -- Found TinyXML2: /usr/lib/x86_64-linux-gnu/libtinyxml2.so  
[4.098s] -- Found poco_vendor:  (/opt/ros/dashing/share/poco_vendor/cmake)
[4.320s] -- Setting build type to Release as none was specified.
[11.414s] -- Found ament_cmake_pytest: 0.7.6 (/opt/ros/dashing/share/ament_cmake_pytest/cmake)
[11.420s] -- Found ament_cmake_gtest: 0.7.6 (/opt/ros/dashing/share/ament_cmake_gtest/cmake)
[11.426s] -- Found ament_lint_auto: 0.7.12 (/opt/ros/dashing/share/ament_lint_auto/cmake)
[11.667s] -- Found gtest sources under '/opt/ros/dashing/src/gtest_vendor': C++ tests using 'Google Test' will be built
[11.669s] -- Check if compiler accepts -pthread
[11.786s] -- Check if compiler accepts -pthread - yes
[15.672s] -- Added test 'copyright' to check for copyright in CMake / C / C++ / Python code
[15.674s] -- Added test 'cppcheck' to perform static code analysis on C / C++ code
[15.675s] -- Configured cppcheck include dirs: /home/iju/S08P31C208/ROS/robot_ws/src/navigation2/nav2_recoveries/include
[15.677s] -- Added test 'cpplint' to check C / C++ code against the Google style
[15.679s] -- Added test 'lint_cmake' to check CMake code style
[15.682s] -- Added test 'uncrustify' to check C / C++ code style
[15.683s] -- Added test 'xmllint' to check XML markup files
[15.689s] -- Configuring done
[15.809s] -- Generating done
[15.812s] -- Build files have been written to: /home/iju/S08P31C208/ROS/robot_ws/build/nav2_recoveries
[15.819s] Invoked command in '/home/iju/S08P31C208/ROS/robot_ws/build/nav2_recoveries' returned '0': AMENT_PREFIX_PATH=/home/iju/S08P31C208/ROS/robot_ws/install/nav2_costmap_2d:/home/iju/S08P31C208/ROS/robot_ws/install/nav2_behavior_tree:/home/iju/S08P31C208/ROS/robot_ws/install/nav2_util:/home/iju/S08P31C208/ROS/robot_ws/install/nav2_voxel_grid:/home/iju/S08P31C208/ROS/robot_ws/install/nav2_msgs:/home/iju/S08P31C208/ROS/robot_ws/install/nav2_common:${AMENT_PREFIX_PATH} CMAKE_PREFIX_PATH=/home/iju/S08P31C208/ROS/robot_ws/install/nav2_costmap_2d:/home/iju/S08P31C208/ROS/robot_ws/install/nav2_behavior_tree:/home/iju/S08P31C208/ROS/robot_ws/install/nav2_util:/home/iju/S08P31C208/ROS/robot_ws/install/nav2_voxel_grid:/home/iju/S08P31C208/ROS/robot_ws/install/nav2_msgs:/home/iju/S08P31C208/ROS/robot_ws/install/nav2_common:/home/iju/S08P31C208/ROS/robot_ws/install/turtlebot3_simulations:/home/iju/S08P31C208/ROS/robot_ws/install/turtlebot3_gazebo:/home/iju/S08P31C208/ROS/robot_ws/install/turtlebot3:/home/iju/S08P31C208/ROS/robot_ws/install/turtlebot3_bringup:/home/iju/S08P31C208/ROS/robot_ws/install/turtlebot3_node:/home/iju/S08P31C208/ROS/robot_ws/install/turtlebot3_navigation2:/home/iju/S08P31C208/ROS/robot_ws/install/turtlebot3_fake_node:/home/iju/S08P31C208/ROS/robot_ws/install/turtlebot3_msgs:/home/iju/S08P31C208/ROS/robot_ws/install/turtlebot3_description:/home/iju/S08P31C208/ROS/robot_ws/install/turtlebot3_cartographer:/home/iju/S08P31C208/ROS/robot_ws/install/turtle_cpp:/home/iju/S08P31C208/ROS/robot_ws/install/gazebo_ros_pkgs:/home/iju/S08P31C208/ROS/robot_ws/install/gazebo_plugins:/home/iju/S08P31C208/ROS/robot_ws/install/gazebo_ros:/home/iju/S08P31C208/ROS/robot_ws/install/gazebo_msgs:/home/iju/S08P31C208/ROS/robot_ws/install/gazebo_dev:/home/iju/S08P31C208/ROS/robot_ws/install/dynamixel_sdk_examples:/home/iju/S08P31C208/ROS/robot_ws/install/dynamixel_sdk_custom_interfaces:/home/iju/S08P31C208/ROS/robot_ws/install/dynamixel_sdk:/home/iju/S08P31C208/ROS/robot_ws/install/turtlebot3_teleop:/home/iju/S08P31C208/ROS/robot_ws/install/turtlebot3_example:/opt/ros/dashing LD_LIBRARY_PATH=/home/iju/S08P31C208/ROS/robot_ws/install/nav2_costmap_2d/lib:/home/iju/S08P31C208/ROS/robot_ws/install/nav2_behavior_tree/lib:/home/iju/S08P31C208/ROS/robot_ws/install/nav2_util/lib:/home/iju/S08P31C208/ROS/robot_ws/install/nav2_voxel_grid/lib:/home/iju/S08P31C208/ROS/robot_ws/install/nav2_msgs/lib:${LD_LIBRARY_PATH} PS1=\u@\h \[\033[32m\]\w\[\033[33m\]$(parse_git_branch)\[\033[00m\] $ PYTHONPATH=/home/iju/S08P31C208/ROS/robot_ws/install/nav2_msgs/lib/python3.6/site-packages:/home/iju/S08P31C208/ROS/robot_ws/install/nav2_common/lib/python3.6/site-packages:${PYTHONPATH} /usr/bin/cmake /home/iju/S08P31C208/ROS/robot_ws/src/navigation2/nav2_recoveries -DCMAKE_INSTALL_PREFIX=/home/iju/S08P31C208/ROS/robot_ws/install/nav2_recoveries
[15.823s] Invoking command in '/home/iju/S08P31C208/ROS/robot_ws/build/nav2_recoveries': AMENT_PREFIX_PATH=/home/iju/S08P31C208/ROS/robot_ws/install/nav2_costmap_2d:/home/iju/S08P31C208/ROS/robot_ws/install/nav2_behavior_tree:/home/iju/S08P31C208/ROS/robot_ws/install/nav2_util:/home/iju/S08P31C208/ROS/robot_ws/install/nav2_voxel_grid:/home/iju/S08P31C208/ROS/robot_ws/install/nav2_msgs:/home/iju/S08P31C208/ROS/robot_ws/install/nav2_common:${AMENT_PREFIX_PATH} CMAKE_PREFIX_PATH=/home/iju/S08P31C208/ROS/robot_ws/install/nav2_costmap_2d:/home/iju/S08P31C208/ROS/robot_ws/install/nav2_behavior_tree:/home/iju/S08P31C208/ROS/robot_ws/install/nav2_util:/home/iju/S08P31C208/ROS/robot_ws/install/nav2_voxel_grid:/home/iju/S08P31C208/ROS/robot_ws/install/nav2_msgs:/home/iju/S08P31C208/ROS/robot_ws/install/nav2_common:/home/iju/S08P31C208/ROS/robot_ws/install/turtlebot3_simulations:/home/iju/S08P31C208/ROS/robot_ws/install/turtlebot3_gazebo:/home/iju/S08P31C208/ROS/robot_ws/install/turtlebot3:/home/iju/S08P31C208/ROS/robot_ws/install/turtlebot3_bringup:/home/iju/S08P31C208/ROS/robot_ws/install/turtlebot3_node:/home/iju/S08P31C208/ROS/robot_ws/install/turtlebot3_navigation2:/home/iju/S08P31C208/ROS/robot_ws/install/turtlebot3_fake_node:/home/iju/S08P31C208/ROS/robot_ws/install/turtlebot3_msgs:/home/iju/S08P31C208/ROS/robot_ws/install/turtlebot3_description:/home/iju/S08P31C208/ROS/robot_ws/install/turtlebot3_cartographer:/home/iju/S08P31C208/ROS/robot_ws/install/turtle_cpp:/home/iju/S08P31C208/ROS/robot_ws/install/gazebo_ros_pkgs:/home/iju/S08P31C208/ROS/robot_ws/install/gazebo_plugins:/home/iju/S08P31C208/ROS/robot_ws/install/gazebo_ros:/home/iju/S08P31C208/ROS/robot_ws/install/gazebo_msgs:/home/iju/S08P31C208/ROS/robot_ws/install/gazebo_dev:/home/iju/S08P31C208/ROS/robot_ws/install/dynamixel_sdk_examples:/home/iju/S08P31C208/ROS/robot_ws/install/dynamixel_sdk_custom_interfaces:/home/iju/S08P31C208/ROS/robot_ws/install/dynamixel_sdk:/home/iju/S08P31C208/ROS/robot_ws/install/turtlebot3_teleop:/home/iju/S08P31C208/ROS/robot_ws/install/turtlebot3_example:/opt/ros/dashing LD_LIBRARY_PATH=/home/iju/S08P31C208/ROS/robot_ws/install/nav2_costmap_2d/lib:/home/iju/S08P31C208/ROS/robot_ws/install/nav2_behavior_tree/lib:/home/iju/S08P31C208/ROS/robot_ws/install/nav2_util/lib:/home/iju/S08P31C208/ROS/robot_ws/install/nav2_voxel_grid/lib:/home/iju/S08P31C208/ROS/robot_ws/install/nav2_msgs/lib:${LD_LIBRARY_PATH} PS1=\u@\h \[\033[32m\]\w\[\033[33m\]$(parse_git_branch)\[\033[00m\] $ PYTHONPATH=/home/iju/S08P31C208/ROS/robot_ws/install/nav2_msgs/lib/python3.6/site-packages:/home/iju/S08P31C208/ROS/robot_ws/install/nav2_common/lib/python3.6/site-packages:${PYTHONPATH} /usr/bin/cmake --build /home/iju/S08P31C208/ROS/robot_ws/build/nav2_recoveries -- -j6 -l6
[15.891s] [35m[1mScanning dependencies of target recoveries[0m
[15.910s] [35m[1mScanning dependencies of target gtest_main[0m
[15.912s] [35m[1mScanning dependencies of target gtest[0m
[15.952s] [  9%] [32mBuilding CXX object gtest/CMakeFiles/gtest_main.dir/src/gtest_main.cc.o[0m
[15.966s] [ 18%] [32mBuilding CXX object gtest/CMakeFiles/gtest.dir/src/gtest-all.cc.o[0m
[15.978s] [ 27%] [32mBuilding CXX object CMakeFiles/recoveries.dir/src/back_up.cpp.o[0m
[15.983s] [ 36%] [32mBuilding CXX object CMakeFiles/recoveries.dir/src/spin.cpp.o[0m
[17.010s] [ 45%] [32m[1mLinking CXX static library libgtest_main.a[0m
[17.211s] [ 45%] Built target gtest_main
[21.467s] [ 54%] [32m[1mLinking CXX static library librecoveries.a[0m
[21.561s] [ 54%] Built target recoveries
[21.594s] [35m[1mScanning dependencies of target recoveries_node[0m
[21.672s] [ 63%] [32mBuilding CXX object CMakeFiles/recoveries_node.dir/src/main.cpp.o[0m
[23.595s] [ 72%] [32m[1mLinking CXX static library libgtest.a[0m
[23.664s] [ 72%] Built target gtest
[23.698s] [35m[1mScanning dependencies of target test_recoveries[0m
[23.780s] [ 81%] [32mBuilding CXX object test/CMakeFiles/test_recoveries.dir/test_recoveries.cpp.o[0m
[24.146s] [ 90%] [32m[1mLinking CXX executable recoveries_node[0m
[24.428s] [ 90%] Built target recoveries_node
[31.519s] [100%] [32m[1mLinking CXX executable test_recoveries[0m
[31.926s] [100%] Built target test_recoveries
[31.948s] Invoked command in '/home/iju/S08P31C208/ROS/robot_ws/build/nav2_recoveries' returned '0': AMENT_PREFIX_PATH=/home/iju/S08P31C208/ROS/robot_ws/install/nav2_costmap_2d:/home/iju/S08P31C208/ROS/robot_ws/install/nav2_behavior_tree:/home/iju/S08P31C208/ROS/robot_ws/install/nav2_util:/home/iju/S08P31C208/ROS/robot_ws/install/nav2_voxel_grid:/home/iju/S08P31C208/ROS/robot_ws/install/nav2_msgs:/home/iju/S08P31C208/ROS/robot_ws/install/nav2_common:${AMENT_PREFIX_PATH} CMAKE_PREFIX_PATH=/home/iju/S08P31C208/ROS/robot_ws/install/nav2_costmap_2d:/home/iju/S08P31C208/ROS/robot_ws/install/nav2_behavior_tree:/home/iju/S08P31C208/ROS/robot_ws/install/nav2_util:/home/iju/S08P31C208/ROS/robot_ws/install/nav2_voxel_grid:/home/iju/S08P31C208/ROS/robot_ws/install/nav2_msgs:/home/iju/S08P31C208/ROS/robot_ws/install/nav2_common:/home/iju/S08P31C208/ROS/robot_ws/install/turtlebot3_simulations:/home/iju/S08P31C208/ROS/robot_ws/install/turtlebot3_gazebo:/home/iju/S08P31C208/ROS/robot_ws/install/turtlebot3:/home/iju/S08P31C208/ROS/robot_ws/install/turtlebot3_bringup:/home/iju/S08P31C208/ROS/robot_ws/install/turtlebot3_node:/home/iju/S08P31C208/ROS/robot_ws/install/turtlebot3_navigation2:/home/iju/S08P31C208/ROS/robot_ws/install/turtlebot3_fake_node:/home/iju/S08P31C208/ROS/robot_ws/install/turtlebot3_msgs:/home/iju/S08P31C208/ROS/robot_ws/install/turtlebot3_description:/home/iju/S08P31C208/ROS/robot_ws/install/turtlebot3_cartographer:/home/iju/S08P31C208/ROS/robot_ws/install/turtle_cpp:/home/iju/S08P31C208/ROS/robot_ws/install/gazebo_ros_pkgs:/home/iju/S08P31C208/ROS/robot_ws/install/gazebo_plugins:/home/iju/S08P31C208/ROS/robot_ws/install/gazebo_ros:/home/iju/S08P31C208/ROS/robot_ws/install/gazebo_msgs:/home/iju/S08P31C208/ROS/robot_ws/install/gazebo_dev:/home/iju/S08P31C208/ROS/robot_ws/install/dynamixel_sdk_examples:/home/iju/S08P31C208/ROS/robot_ws/install/dynamixel_sdk_custom_interfaces:/home/iju/S08P31C208/ROS/robot_ws/install/dynamixel_sdk:/home/iju/S08P31C208/ROS/robot_ws/install/turtlebot3_teleop:/home/iju/S08P31C208/ROS/robot_ws/install/turtlebot3_example:/opt/ros/dashing LD_LIBRARY_PATH=/home/iju/S08P31C208/ROS/robot_ws/install/nav2_costmap_2d/lib:/home/iju/S08P31C208/ROS/robot_ws/install/nav2_behavior_tree/lib:/home/iju/S08P31C208/ROS/robot_ws/install/nav2_util/lib:/home/iju/S08P31C208/ROS/robot_ws/install/nav2_voxel_grid/lib:/home/iju/S08P31C208/ROS/robot_ws/install/nav2_msgs/lib:${LD_LIBRARY_PATH} PS1=\u@\h \[\033[32m\]\w\[\033[33m\]$(parse_git_branch)\[\033[00m\] $ PYTHONPATH=/home/iju/S08P31C208/ROS/robot_ws/install/nav2_msgs/lib/python3.6/site-packages:/home/iju/S08P31C208/ROS/robot_ws/install/nav2_common/lib/python3.6/site-packages:${PYTHONPATH} /usr/bin/cmake --build /home/iju/S08P31C208/ROS/robot_ws/build/nav2_recoveries -- -j6 -l6
[32.380s] Invoking command in '/home/iju/S08P31C208/ROS/robot_ws/build/nav2_recoveries': AMENT_PREFIX_PATH=/home/iju/S08P31C208/ROS/robot_ws/install/nav2_costmap_2d:/home/iju/S08P31C208/ROS/robot_ws/install/nav2_behavior_tree:/home/iju/S08P31C208/ROS/robot_ws/install/nav2_util:/home/iju/S08P31C208/ROS/robot_ws/install/nav2_voxel_grid:/home/iju/S08P31C208/ROS/robot_ws/install/nav2_msgs:/home/iju/S08P31C208/ROS/robot_ws/install/nav2_common:${AMENT_PREFIX_PATH} CMAKE_PREFIX_PATH=/home/iju/S08P31C208/ROS/robot_ws/install/nav2_costmap_2d:/home/iju/S08P31C208/ROS/robot_ws/install/nav2_behavior_tree:/home/iju/S08P31C208/ROS/robot_ws/install/nav2_util:/home/iju/S08P31C208/ROS/robot_ws/install/nav2_voxel_grid:/home/iju/S08P31C208/ROS/robot_ws/install/nav2_msgs:/home/iju/S08P31C208/ROS/robot_ws/install/nav2_common:/home/iju/S08P31C208/ROS/robot_ws/install/turtlebot3_simulations:/home/iju/S08P31C208/ROS/robot_ws/install/turtlebot3_gazebo:/home/iju/S08P31C208/ROS/robot_ws/install/turtlebot3:/home/iju/S08P31C208/ROS/robot_ws/install/turtlebot3_bringup:/home/iju/S08P31C208/ROS/robot_ws/install/turtlebot3_node:/home/iju/S08P31C208/ROS/robot_ws/install/turtlebot3_navigation2:/home/iju/S08P31C208/ROS/robot_ws/install/turtlebot3_fake_node:/home/iju/S08P31C208/ROS/robot_ws/install/turtlebot3_msgs:/home/iju/S08P31C208/ROS/robot_ws/install/turtlebot3_description:/home/iju/S08P31C208/ROS/robot_ws/install/turtlebot3_cartographer:/home/iju/S08P31C208/ROS/robot_ws/install/turtle_cpp:/home/iju/S08P31C208/ROS/robot_ws/install/gazebo_ros_pkgs:/home/iju/S08P31C208/ROS/robot_ws/install/gazebo_plugins:/home/iju/S08P31C208/ROS/robot_ws/install/gazebo_ros:/home/iju/S08P31C208/ROS/robot_ws/install/gazebo_msgs:/home/iju/S08P31C208/ROS/robot_ws/install/gazebo_dev:/home/iju/S08P31C208/ROS/robot_ws/install/dynamixel_sdk_examples:/home/iju/S08P31C208/ROS/robot_ws/install/dynamixel_sdk_custom_interfaces:/home/iju/S08P31C208/ROS/robot_ws/install/dynamixel_sdk:/home/iju/S08P31C208/ROS/robot_ws/install/turtlebot3_teleop:/home/iju/S08P31C208/ROS/robot_ws/install/turtlebot3_example:/opt/ros/dashing LD_LIBRARY_PATH=/home/iju/S08P31C208/ROS/robot_ws/install/nav2_costmap_2d/lib:/home/iju/S08P31C208/ROS/robot_ws/install/nav2_behavior_tree/lib:/home/iju/S08P31C208/ROS/robot_ws/install/nav2_util/lib:/home/iju/S08P31C208/ROS/robot_ws/install/nav2_voxel_grid/lib:/home/iju/S08P31C208/ROS/robot_ws/install/nav2_msgs/lib:${LD_LIBRARY_PATH} PS1=\u@\h \[\033[32m\]\w\[\033[33m\]$(parse_git_branch)\[\033[00m\] $ PYTHONPATH=/home/iju/S08P31C208/ROS/robot_ws/install/nav2_msgs/lib/python3.6/site-packages:/home/iju/S08P31C208/ROS/robot_ws/install/nav2_common/lib/python3.6/site-packages:${PYTHONPATH} /usr/bin/cmake --build /home/iju/S08P31C208/ROS/robot_ws/build/nav2_recoveries --target install -- -j6 -l6
[32.664s] [ 18%] Built target gtest
[32.718s] [ 45%] Built target recoveries
[32.861s] [ 63%] Built target gtest_main
[32.921s] [ 81%] Built target recoveries_node
[33.124s] [100%] Built target test_recoveries
[33.246s] [36mInstall the project...[0m
[33.290s] -- Install configuration: "Release"
[33.290s] -- Installing: /home/iju/S08P31C208/ROS/robot_ws/install/nav2_recoveries/lib/nav2_recoveries/recoveries_node
[33.291s] -- Set runtime path of "/home/iju/S08P31C208/ROS/robot_ws/install/nav2_recoveries/lib/nav2_recoveries/recoveries_node" to ""
[33.304s] -- Installing: /home/iju/S08P31C208/ROS/robot_ws/install/nav2_recoveries/lib/librecoveries.a
[33.309s] -- Installing: /home/iju/S08P31C208/ROS/robot_ws/install/nav2_recoveries/include/
[33.309s] -- Installing: /home/iju/S08P31C208/ROS/robot_ws/install/nav2_recoveries/include//nav2_recoveries
[33.309s] -- Installing: /home/iju/S08P31C208/ROS/robot_ws/install/nav2_recoveries/include//nav2_recoveries/spin.hpp
[33.310s] -- Installing: /home/iju/S08P31C208/ROS/robot_ws/install/nav2_recoveries/include//nav2_recoveries/recovery.hpp
[33.310s] -- Installing: /home/iju/S08P31C208/ROS/robot_ws/install/nav2_recoveries/include//nav2_recoveries/back_up.hpp
[33.310s] -- Installing: /home/iju/S08P31C208/ROS/robot_ws/install/nav2_recoveries/share/nav2_recoveries/environment/library_path.sh
[33.310s] -- Installing: /home/iju/S08P31C208/ROS/robot_ws/install/nav2_recoveries/share/ament_index/resource_index/package_run_dependencies/nav2_recoveries
[33.311s] -- Installing: /home/iju/S08P31C208/ROS/robot_ws/install/nav2_recoveries/share/ament_index/resource_index/parent_prefix_path/nav2_recoveries
[33.311s] -- Installing: /home/iju/S08P31C208/ROS/robot_ws/install/nav2_recoveries/share/nav2_recoveries/environment/ament_prefix_path.sh
[33.311s] -- Installing: /home/iju/S08P31C208/ROS/robot_ws/install/nav2_recoveries/share/nav2_recoveries/environment/path.sh
[33.311s] -- Installing: /home/iju/S08P31C208/ROS/robot_ws/install/nav2_recoveries/share/nav2_recoveries/local_setup.bash
[33.312s] -- Installing: /home/iju/S08P31C208/ROS/robot_ws/install/nav2_recoveries/share/nav2_recoveries/local_setup.sh
[33.312s] -- Installing: /home/iju/S08P31C208/ROS/robot_ws/install/nav2_recoveries/share/nav2_recoveries/local_setup.zsh
[33.312s] -- Installing: /home/iju/S08P31C208/ROS/robot_ws/install/nav2_recoveries/share/ament_index/resource_index/packages/nav2_recoveries
[33.312s] -- Installing: /home/iju/S08P31C208/ROS/robot_ws/install/nav2_recoveries/share/nav2_recoveries/cmake/ament_cmake_export_include_directories-extras.cmake
[33.312s] -- Installing: /home/iju/S08P31C208/ROS/robot_ws/install/nav2_recoveries/share/nav2_recoveries/cmake/ament_cmake_export_libraries-extras.cmake
[33.312s] -- Installing: /home/iju/S08P31C208/ROS/robot_ws/install/nav2_recoveries/share/nav2_recoveries/cmake/nav2_recoveriesConfig.cmake
[33.312s] -- Installing: /home/iju/S08P31C208/ROS/robot_ws/install/nav2_recoveries/share/nav2_recoveries/cmake/nav2_recoveriesConfig-version.cmake
[33.312s] -- Installing: /home/iju/S08P31C208/ROS/robot_ws/install/nav2_recoveries/share/nav2_recoveries/package.xml
[33.321s] Invoked command in '/home/iju/S08P31C208/ROS/robot_ws/build/nav2_recoveries' returned '0': AMENT_PREFIX_PATH=/home/iju/S08P31C208/ROS/robot_ws/install/nav2_costmap_2d:/home/iju/S08P31C208/ROS/robot_ws/install/nav2_behavior_tree:/home/iju/S08P31C208/ROS/robot_ws/install/nav2_util:/home/iju/S08P31C208/ROS/robot_ws/install/nav2_voxel_grid:/home/iju/S08P31C208/ROS/robot_ws/install/nav2_msgs:/home/iju/S08P31C208/ROS/robot_ws/install/nav2_common:${AMENT_PREFIX_PATH} CMAKE_PREFIX_PATH=/home/iju/S08P31C208/ROS/robot_ws/install/nav2_costmap_2d:/home/iju/S08P31C208/ROS/robot_ws/install/nav2_behavior_tree:/home/iju/S08P31C208/ROS/robot_ws/install/nav2_util:/home/iju/S08P31C208/ROS/robot_ws/install/nav2_voxel_grid:/home/iju/S08P31C208/ROS/robot_ws/install/nav2_msgs:/home/iju/S08P31C208/ROS/robot_ws/install/nav2_common:/home/iju/S08P31C208/ROS/robot_ws/install/turtlebot3_simulations:/home/iju/S08P31C208/ROS/robot_ws/install/turtlebot3_gazebo:/home/iju/S08P31C208/ROS/robot_ws/install/turtlebot3:/home/iju/S08P31C208/ROS/robot_ws/install/turtlebot3_bringup:/home/iju/S08P31C208/ROS/robot_ws/install/turtlebot3_node:/home/iju/S08P31C208/ROS/robot_ws/install/turtlebot3_navigation2:/home/iju/S08P31C208/ROS/robot_ws/install/turtlebot3_fake_node:/home/iju/S08P31C208/ROS/robot_ws/install/turtlebot3_msgs:/home/iju/S08P31C208/ROS/robot_ws/install/turtlebot3_description:/home/iju/S08P31C208/ROS/robot_ws/install/turtlebot3_cartographer:/home/iju/S08P31C208/ROS/robot_ws/install/turtle_cpp:/home/iju/S08P31C208/ROS/robot_ws/install/gazebo_ros_pkgs:/home/iju/S08P31C208/ROS/robot_ws/install/gazebo_plugins:/home/iju/S08P31C208/ROS/robot_ws/install/gazebo_ros:/home/iju/S08P31C208/ROS/robot_ws/install/gazebo_msgs:/home/iju/S08P31C208/ROS/robot_ws/install/gazebo_dev:/home/iju/S08P31C208/ROS/robot_ws/install/dynamixel_sdk_examples:/home/iju/S08P31C208/ROS/robot_ws/install/dynamixel_sdk_custom_interfaces:/home/iju/S08P31C208/ROS/robot_ws/install/dynamixel_sdk:/home/iju/S08P31C208/ROS/robot_ws/install/turtlebot3_teleop:/home/iju/S08P31C208/ROS/robot_ws/install/turtlebot3_example:/opt/ros/dashing LD_LIBRARY_PATH=/home/iju/S08P31C208/ROS/robot_ws/install/nav2_costmap_2d/lib:/home/iju/S08P31C208/ROS/robot_ws/install/nav2_behavior_tree/lib:/home/iju/S08P31C208/ROS/robot_ws/install/nav2_util/lib:/home/iju/S08P31C208/ROS/robot_ws/install/nav2_voxel_grid/lib:/home/iju/S08P31C208/ROS/robot_ws/install/nav2_msgs/lib:${LD_LIBRARY_PATH} PS1=\u@\h \[\033[32m\]\w\[\033[33m\]$(parse_git_branch)\[\033[00m\] $ PYTHONPATH=/home/iju/S08P31C208/ROS/robot_ws/install/nav2_msgs/lib/python3.6/site-packages:/home/iju/S08P31C208/ROS/robot_ws/install/nav2_common/lib/python3.6/site-packages:${PYTHONPATH} /usr/bin/cmake --build /home/iju/S08P31C208/ROS/robot_ws/build/nav2_recoveries --target install -- -j6 -l6
