[0.209s] Invoking command in '/home/moon/S08P31C208/ROS/buruemi_ws/build/turtlebot3_navigation2': CMAKE_PREFIX_PATH=${CMAKE_PREFIX_PATH}:/home/moon/S08P31C208/ROS/buruemi_ws/install/turtlebot3_teleop:/home/moon/S08P31C208/ROS/buruemi_ws/install/turtlebot3_example:/opt/ros/dashing /usr/bin/cmake /home/moon/S08P31C208/ROS/buruemi_ws/src/turtlebot3/turtlebot3_navigation2 -DAMENT_CMAKE_SYMLINK_INSTALL=1 -DCMAKE_INSTALL_PREFIX=/home/moon/S08P31C208/ROS/buruemi_ws/install/turtlebot3_navigation2
[0.720s] -- The C compiler identification is GNU 7.5.0
[1.236s] -- The CXX compiler identification is GNU 7.5.0
[1.293s] -- Check for working C compiler: /usr/bin/cc
[1.849s] -- Check for working C compiler: /usr/bin/cc -- works
[1.852s] -- Detecting C compiler ABI info
[2.551s] -- Detecting C compiler ABI info - done
[2.595s] -- Detecting C compile features
[4.739s] -- Detecting C compile features - done
[4.744s] -- Check for working CXX compiler: /usr/bin/c++
[5.162s] -- Check for working CXX compiler: /usr/bin/c++ -- works
[5.165s] -- Detecting CXX compiler ABI info
[5.550s] -- Detecting CXX compiler ABI info - done
[5.568s] -- Detecting CXX compile features
[6.976s] -- Detecting CXX compile features - done
[6.989s] -- Found ament_cmake: 0.7.6 (/opt/ros/dashing/share/ament_cmake/cmake)
[7.248s] -- Found PythonInterp: /usr/bin/python3 (found suitable version "3.6.9", minimum required is "3") 
[7.248s] -- Using PYTHON_EXECUTABLE: /usr/bin/python3
[10.079s] -- Override CMake install command with custom implementation using symlinks instead of copying resources
[11.749s] -- Configuring done
[11.797s] -- Generating done
[11.814s] -- Build files have been written to: /home/moon/S08P31C208/ROS/buruemi_ws/build/turtlebot3_navigation2
[11.841s] Invoked command in '/home/moon/S08P31C208/ROS/buruemi_ws/build/turtlebot3_navigation2' returned '0': CMAKE_PREFIX_PATH=${CMAKE_PREFIX_PATH}:/home/moon/S08P31C208/ROS/buruemi_ws/install/turtlebot3_teleop:/home/moon/S08P31C208/ROS/buruemi_ws/install/turtlebot3_example:/opt/ros/dashing /usr/bin/cmake /home/moon/S08P31C208/ROS/buruemi_ws/src/turtlebot3/turtlebot3_navigation2 -DAMENT_CMAKE_SYMLINK_INSTALL=1 -DCMAKE_INSTALL_PREFIX=/home/moon/S08P31C208/ROS/buruemi_ws/install/turtlebot3_navigation2
[11.847s] Invoking command in '/home/moon/S08P31C208/ROS/buruemi_ws/build/turtlebot3_navigation2': CMAKE_PREFIX_PATH=${CMAKE_PREFIX_PATH}:/home/moon/S08P31C208/ROS/buruemi_ws/install/turtlebot3_teleop:/home/moon/S08P31C208/ROS/buruemi_ws/install/turtlebot3_example:/opt/ros/dashing /usr/bin/cmake --build /home/moon/S08P31C208/ROS/buruemi_ws/build/turtlebot3_navigation2 -- -j4 -l4
[12.342s] Invoked command in '/home/moon/S08P31C208/ROS/buruemi_ws/build/turtlebot3_navigation2' returned '0': CMAKE_PREFIX_PATH=${CMAKE_PREFIX_PATH}:/home/moon/S08P31C208/ROS/buruemi_ws/install/turtlebot3_teleop:/home/moon/S08P31C208/ROS/buruemi_ws/install/turtlebot3_example:/opt/ros/dashing /usr/bin/cmake --build /home/moon/S08P31C208/ROS/buruemi_ws/build/turtlebot3_navigation2 -- -j4 -l4
[12.750s] Invoking command in '/home/moon/S08P31C208/ROS/buruemi_ws/build/turtlebot3_navigation2': CMAKE_PREFIX_PATH=${CMAKE_PREFIX_PATH}:/home/moon/S08P31C208/ROS/buruemi_ws/install/turtlebot3_teleop:/home/moon/S08P31C208/ROS/buruemi_ws/install/turtlebot3_example:/opt/ros/dashing /usr/bin/cmake --build /home/moon/S08P31C208/ROS/buruemi_ws/build/turtlebot3_navigation2 --target install -- -j4 -l4
[13.337s] [36mInstall the project...[0m
[13.435s] -- Install configuration: ""
[13.437s] -- Execute custom install script
[13.446s] -- Symlinking: /home/moon/S08P31C208/ROS/buruemi_ws/install/turtlebot3_navigation2/share/turtlebot3_navigation2/launch/navigation2.launch.py
[13.593s] -- Symlinking: /home/moon/S08P31C208/ROS/buruemi_ws/install/turtlebot3_navigation2/share/turtlebot3_navigation2/map/map.pgm
[13.745s] -- Symlinking: /home/moon/S08P31C208/ROS/buruemi_ws/install/turtlebot3_navigation2/share/turtlebot3_navigation2/map/map.yaml
[13.885s] -- Symlinking: /home/moon/S08P31C208/ROS/buruemi_ws/install/turtlebot3_navigation2/share/turtlebot3_navigation2/param/burger.yaml
[14.029s] -- Symlinking: /home/moon/S08P31C208/ROS/buruemi_ws/install/turtlebot3_navigation2/share/turtlebot3_navigation2/param/waffle.yaml
[14.180s] -- Symlinking: /home/moon/S08P31C208/ROS/buruemi_ws/install/turtlebot3_navigation2/share/turtlebot3_navigation2/param/waffle_pi.yaml
[14.230s] -- Symlinking: /home/moon/S08P31C208/ROS/buruemi_ws/install/turtlebot3_navigation2/share/turtlebot3_navigation2/rviz/tb3_navigation2.rviz
[14.331s] -- Symlinking: /home/moon/S08P31C208/ROS/buruemi_ws/install/turtlebot3_navigation2/share/ament_index/resource_index/package_run_dependencies/turtlebot3_navigation2
[14.418s] -- Symlinking: /home/moon/S08P31C208/ROS/buruemi_ws/install/turtlebot3_navigation2/share/ament_index/resource_index/parent_prefix_path/turtlebot3_navigation2
[14.527s] -- Symlinking: /home/moon/S08P31C208/ROS/buruemi_ws/install/turtlebot3_navigation2/share/turtlebot3_navigation2/environment/ament_prefix_path.sh
[14.635s] -- Symlinking: /home/moon/S08P31C208/ROS/buruemi_ws/install/turtlebot3_navigation2/share/turtlebot3_navigation2/environment/path.sh
[14.813s] -- Symlinking: /home/moon/S08P31C208/ROS/buruemi_ws/install/turtlebot3_navigation2/share/turtlebot3_navigation2/local_setup.bash
[14.899s] -- Symlinking: /home/moon/S08P31C208/ROS/buruemi_ws/install/turtlebot3_navigation2/share/turtlebot3_navigation2/local_setup.sh
[15.004s] -- Symlinking: /home/moon/S08P31C208/ROS/buruemi_ws/install/turtlebot3_navigation2/share/turtlebot3_navigation2/local_setup.zsh
[15.129s] -- Symlinking: /home/moon/S08P31C208/ROS/buruemi_ws/install/turtlebot3_navigation2/share/ament_index/resource_index/packages/turtlebot3_navigation2
[15.239s] -- Symlinking: /home/moon/S08P31C208/ROS/buruemi_ws/install/turtlebot3_navigation2/share/turtlebot3_navigation2/cmake/turtlebot3_navigation2Config.cmake
[15.337s] -- Symlinking: /home/moon/S08P31C208/ROS/buruemi_ws/install/turtlebot3_navigation2/share/turtlebot3_navigation2/cmake/turtlebot3_navigation2Config-version.cmake
[15.438s] -- Symlinking: /home/moon/S08P31C208/ROS/buruemi_ws/install/turtlebot3_navigation2/share/turtlebot3_navigation2/package.xml
[15.550s] Invoked command in '/home/moon/S08P31C208/ROS/buruemi_ws/build/turtlebot3_navigation2' returned '0': CMAKE_PREFIX_PATH=${CMAKE_PREFIX_PATH}:/home/moon/S08P31C208/ROS/buruemi_ws/install/turtlebot3_teleop:/home/moon/S08P31C208/ROS/buruemi_ws/install/turtlebot3_example:/opt/ros/dashing /usr/bin/cmake --build /home/moon/S08P31C208/ROS/buruemi_ws/build/turtlebot3_navigation2 --target install -- -j4 -l4
