[0.133s] Invoking command in '/home/iju/S08P31C208/ROS/robot_ws/build/turtle_cpp': CMAKE_PREFIX_PATH=${CMAKE_PREFIX_PATH}:/home/iju/S08P31C208/ROS/robot_ws/install/turtlebot3_teleop:/home/iju/S08P31C208/ROS/robot_ws/install/turtlebot3_example:/opt/ros/dashing PS1=\u@\h \[\033[32m\]\w\[\033[33m\]$(parse_git_branch)\[\033[00m\] $ /usr/bin/cmake --build /home/iju/S08P31C208/ROS/robot_ws/build/turtle_cpp -- -j6 -l6
[0.369s] [ 25%] Built target sub
[0.378s] [ 50%] Built target lidar
[0.383s] [ 75%] Built target pub
[0.395s] [100%] Built target start_goal_pub
[0.445s] Invoked command in '/home/iju/S08P31C208/ROS/robot_ws/build/turtle_cpp' returned '0': CMAKE_PREFIX_PATH=${CMAKE_PREFIX_PATH}:/home/iju/S08P31C208/ROS/robot_ws/install/turtlebot3_teleop:/home/iju/S08P31C208/ROS/robot_ws/install/turtlebot3_example:/opt/ros/dashing PS1=\u@\h \[\033[32m\]\w\[\033[33m\]$(parse_git_branch)\[\033[00m\] $ /usr/bin/cmake --build /home/iju/S08P31C208/ROS/robot_ws/build/turtle_cpp -- -j6 -l6
[0.694s] Invoking command in '/home/iju/S08P31C208/ROS/robot_ws/build/turtle_cpp': CMAKE_PREFIX_PATH=${CMAKE_PREFIX_PATH}:/home/iju/S08P31C208/ROS/robot_ws/install/turtlebot3_teleop:/home/iju/S08P31C208/ROS/robot_ws/install/turtlebot3_example:/opt/ros/dashing PS1=\u@\h \[\033[32m\]\w\[\033[33m\]$(parse_git_branch)\[\033[00m\] $ /usr/bin/cmake --build /home/iju/S08P31C208/ROS/robot_ws/build/turtle_cpp --target install -- -j6 -l6
[0.836s] [ 25%] Built target lidar
[0.836s] [ 50%] Built target sub
[0.864s] [ 75%] Built target pub
[0.865s] [100%] Built target start_goal_pub
[0.906s] [36mInstall the project...[0m
[0.921s] -- Install configuration: ""
[0.921s] -- Execute custom install script
[0.923s] -- Up-to-date symlink: /home/iju/S08P31C208/ROS/robot_ws/install/turtle_cpp/lib/turtle_cpp/pub
[0.923s] -- Up-to-date symlink: /home/iju/S08P31C208/ROS/robot_ws/install/turtle_cpp/lib/turtle_cpp/sub
[0.923s] -- Up-to-date symlink: /home/iju/S08P31C208/ROS/robot_ws/install/turtle_cpp/lib/turtle_cpp/lidar
[0.924s] -- Up-to-date symlink: /home/iju/S08P31C208/ROS/robot_ws/install/turtle_cpp/lib/turtle_cpp/start_goal_pub
[0.925s] -- Up-to-date symlink: /home/iju/S08P31C208/ROS/robot_ws/install/turtle_cpp/share/ament_index/resource_index/package_run_dependencies/turtle_cpp
[0.925s] -- Up-to-date symlink: /home/iju/S08P31C208/ROS/robot_ws/install/turtle_cpp/share/ament_index/resource_index/parent_prefix_path/turtle_cpp
[0.928s] -- Up-to-date symlink: /home/iju/S08P31C208/ROS/robot_ws/install/turtle_cpp/share/turtle_cpp/environment/ament_prefix_path.sh
[0.934s] -- Up-to-date symlink: /home/iju/S08P31C208/ROS/robot_ws/install/turtle_cpp/share/turtle_cpp/environment/path.sh
[0.934s] -- Up-to-date symlink: /home/iju/S08P31C208/ROS/robot_ws/install/turtle_cpp/share/turtle_cpp/local_setup.bash
[0.935s] -- Up-to-date symlink: /home/iju/S08P31C208/ROS/robot_ws/install/turtle_cpp/share/turtle_cpp/local_setup.sh
[0.935s] -- Up-to-date symlink: /home/iju/S08P31C208/ROS/robot_ws/install/turtle_cpp/share/turtle_cpp/local_setup.zsh
[0.935s] -- Up-to-date symlink: /home/iju/S08P31C208/ROS/robot_ws/install/turtle_cpp/share/ament_index/resource_index/packages/turtle_cpp
[0.936s] -- Up-to-date symlink: /home/iju/S08P31C208/ROS/robot_ws/install/turtle_cpp/share/turtle_cpp/cmake/turtle_cppConfig.cmake
[0.936s] -- Up-to-date symlink: /home/iju/S08P31C208/ROS/robot_ws/install/turtle_cpp/share/turtle_cpp/cmake/turtle_cppConfig-version.cmake
[0.942s] -- Up-to-date symlink: /home/iju/S08P31C208/ROS/robot_ws/install/turtle_cpp/share/turtle_cpp/package.xml
[0.950s] Invoked command in '/home/iju/S08P31C208/ROS/robot_ws/build/turtle_cpp' returned '0': CMAKE_PREFIX_PATH=${CMAKE_PREFIX_PATH}:/home/iju/S08P31C208/ROS/robot_ws/install/turtlebot3_teleop:/home/iju/S08P31C208/ROS/robot_ws/install/turtlebot3_example:/opt/ros/dashing PS1=\u@\h \[\033[32m\]\w\[\033[33m\]$(parse_git_branch)\[\033[00m\] $ /usr/bin/cmake --build /home/iju/S08P31C208/ROS/robot_ws/build/turtle_cpp --target install -- -j6 -l6
