[0.200s] Invoking command in '/home/moon/S08P31C208/ROS/buruemi_ws/build/ld08_driver': CMAKE_PREFIX_PATH=${CMAKE_PREFIX_PATH}:/home/moon/S08P31C208/ROS/buruemi_ws/install/turtlebot3_teleop:/home/moon/S08P31C208/ROS/buruemi_ws/install/turtlebot3_example:/opt/ros/dashing /usr/bin/cmake /home/moon/S08P31C208/ROS/buruemi_ws/src/ld08_driver -DAMENT_CMAKE_SYMLINK_INSTALL=1 -DCMAKE_INSTALL_PREFIX=/home/moon/S08P31C208/ROS/buruemi_ws/install/ld08_driver
[2.659s] -- The C compiler identification is GNU 7.5.0
[4.883s] -- The CXX compiler identification is GNU 7.5.0
[4.915s] -- Check for working C compiler: /usr/bin/cc
[5.776s] -- Check for working C compiler: /usr/bin/cc -- works
[5.778s] -- Detecting C compiler ABI info
[6.667s] -- Detecting C compiler ABI info - done
[6.708s] -- Detecting C compile features
[9.261s] -- Detecting C compile features - done
[9.281s] -- Check for working CXX compiler: /usr/bin/c++
[10.205s] -- Check for working CXX compiler: /usr/bin/c++ -- works
[10.207s] -- Detecting CXX compiler ABI info
[11.229s] -- Detecting CXX compiler ABI info - done
[11.275s] -- Detecting CXX compile features
[15.229s] -- Detecting CXX compile features - done
[15.263s] -- Found ament_cmake: 0.7.6 (/opt/ros/dashing/share/ament_cmake/cmake)
[15.646s] -- Found PythonInterp: /usr/bin/python3 (found suitable version "3.6.9", minimum required is "3") 
[15.647s] -- Using PYTHON_EXECUTABLE: /usr/bin/python3
[17.625s] -- Override CMake install command with custom implementation using symlinks instead of copying resources
[17.839s] -- Found rclcpp: 0.7.16 (/opt/ros/dashing/share/rclcpp/cmake)
[17.975s] -- Found rosidl_adapter: 0.7.10 (/opt/ros/dashing/share/rosidl_adapter/cmake)
[18.216s] -- Found rmw_implementation_cmake: 0.7.2 (/opt/ros/dashing/share/rmw_implementation_cmake/cmake)
[18.218s] -- Using RMW implementation 'rmw_fastrtps_cpp' as default
[18.224s] -- Looking for pthread.h
[18.785s] -- Looking for pthread.h - found
[18.786s] -- Looking for pthread_create
[19.286s] -- Looking for pthread_create - not found
[19.288s] -- Looking for pthread_create in pthreads
[19.587s] -- Looking for pthread_create in pthreads - not found
[19.590s] -- Looking for pthread_create in pthread
[19.920s] -- Looking for pthread_create in pthread - found
[19.925s] -- Found Threads: TRUE  
[20.129s] -- Found sensor_msgs: 0.7.1 (/opt/ros/dashing/share/sensor_msgs/cmake)
[20.550s] -- Boost version: 1.65.1
[20.551s] -- Found the following Boost libraries:
[20.552s] --   system
[20.566s] -- Found ament_lint_auto: 0.7.12 (/opt/ros/dashing/share/ament_lint_auto/cmake)
[21.431s] -- Added test 'copyright' to check for copyright in CMake / C / C++ / Python code
[21.455s] -- Added test 'cppcheck' to perform static code analysis on C / C++ code
[21.456s] -- Configured cppcheck include dirs: /home/moon/S08P31C208/ROS/buruemi_ws/src/ld08_driver/include
[21.474s] -- Added test 'cpplint' to check C / C++ code against the Google style
[21.479s] -- Added test 'flake8' to check Python code syntax and style conventions
[21.486s] -- Added test 'lint_cmake' to check CMake code style
[21.490s] -- Added test 'pep257' to check Python code against some of the style conventions in PEP 257
[21.510s] -- Added test 'uncrustify' to check C / C++ code style
[21.514s] -- Added test 'xmllint' to check XML markup files
[21.537s] -- Configuring done
[21.590s] -- Generating done
[21.602s] -- Build files have been written to: /home/moon/S08P31C208/ROS/buruemi_ws/build/ld08_driver
[21.633s] Invoked command in '/home/moon/S08P31C208/ROS/buruemi_ws/build/ld08_driver' returned '0': CMAKE_PREFIX_PATH=${CMAKE_PREFIX_PATH}:/home/moon/S08P31C208/ROS/buruemi_ws/install/turtlebot3_teleop:/home/moon/S08P31C208/ROS/buruemi_ws/install/turtlebot3_example:/opt/ros/dashing /usr/bin/cmake /home/moon/S08P31C208/ROS/buruemi_ws/src/ld08_driver -DAMENT_CMAKE_SYMLINK_INSTALL=1 -DCMAKE_INSTALL_PREFIX=/home/moon/S08P31C208/ROS/buruemi_ws/install/ld08_driver
[21.638s] Invoking command in '/home/moon/S08P31C208/ROS/buruemi_ws/build/ld08_driver': CMAKE_PREFIX_PATH=${CMAKE_PREFIX_PATH}:/home/moon/S08P31C208/ROS/buruemi_ws/install/turtlebot3_teleop:/home/moon/S08P31C208/ROS/buruemi_ws/install/turtlebot3_example:/opt/ros/dashing /usr/bin/cmake --build /home/moon/S08P31C208/ROS/buruemi_ws/build/ld08_driver -- -j4 -l4
[21.837s] [35m[1mScanning dependencies of target ld08_driver[0m
[22.022s] [ 16%] [32mBuilding CXX object CMakeFiles/ld08_driver.dir/src/cmd_interface_linux.cpp.o[0m
[24.239s] [ 33%] [32mBuilding CXX object CMakeFiles/ld08_driver.dir/src/slbf.cpp.o[0m
[30.548s] [ 50%] [32mBuilding CXX object CMakeFiles/ld08_driver.dir/src/transform.cpp.o[0m
[35.683s] [ 66%] [32mBuilding CXX object CMakeFiles/ld08_driver.dir/src/main.cpp.o[0m
[44.820s] [ 83%] [32mBuilding CXX object CMakeFiles/ld08_driver.dir/src/lipkg.cpp.o[0m
[50.920s] [100%] [32m[1mLinking CXX executable ld08_driver[0m
[51.688s] [100%] Built target ld08_driver
[51.745s] Invoked command in '/home/moon/S08P31C208/ROS/buruemi_ws/build/ld08_driver' returned '0': CMAKE_PREFIX_PATH=${CMAKE_PREFIX_PATH}:/home/moon/S08P31C208/ROS/buruemi_ws/install/turtlebot3_teleop:/home/moon/S08P31C208/ROS/buruemi_ws/install/turtlebot3_example:/opt/ros/dashing /usr/bin/cmake --build /home/moon/S08P31C208/ROS/buruemi_ws/build/ld08_driver -- -j4 -l4
[51.916s] Invoking command in '/home/moon/S08P31C208/ROS/buruemi_ws/build/ld08_driver': CMAKE_PREFIX_PATH=${CMAKE_PREFIX_PATH}:/home/moon/S08P31C208/ROS/buruemi_ws/install/turtlebot3_teleop:/home/moon/S08P31C208/ROS/buruemi_ws/install/turtlebot3_example:/opt/ros/dashing /usr/bin/cmake --build /home/moon/S08P31C208/ROS/buruemi_ws/build/ld08_driver --target install -- -j4 -l4
[52.215s] [100%] Built target ld08_driver
[52.306s] [36mInstall the project...[0m
[52.341s] -- Install configuration: ""
[52.344s] -- Execute custom install script
[52.347s] -- Symlinking: /home/moon/S08P31C208/ROS/buruemi_ws/install/ld08_driver/share/ld08_driver/launch/ld08.launch.py
[52.389s] -- Symlinking: /home/moon/S08P31C208/ROS/buruemi_ws/install/ld08_driver/lib/ld08_driver/ld08_driver
[52.435s] -- Symlinking: /home/moon/S08P31C208/ROS/buruemi_ws/install/ld08_driver/share/ament_index/resource_index/package_run_dependencies/ld08_driver
[52.476s] -- Symlinking: /home/moon/S08P31C208/ROS/buruemi_ws/install/ld08_driver/share/ament_index/resource_index/parent_prefix_path/ld08_driver
[52.518s] -- Symlinking: /home/moon/S08P31C208/ROS/buruemi_ws/install/ld08_driver/share/ld08_driver/environment/ament_prefix_path.sh
[52.560s] -- Symlinking: /home/moon/S08P31C208/ROS/buruemi_ws/install/ld08_driver/share/ld08_driver/environment/path.sh
[52.606s] -- Symlinking: /home/moon/S08P31C208/ROS/buruemi_ws/install/ld08_driver/share/ld08_driver/local_setup.bash
[52.644s] -- Symlinking: /home/moon/S08P31C208/ROS/buruemi_ws/install/ld08_driver/share/ld08_driver/local_setup.sh
[52.687s] -- Symlinking: /home/moon/S08P31C208/ROS/buruemi_ws/install/ld08_driver/share/ld08_driver/local_setup.zsh
[52.734s] -- Symlinking: /home/moon/S08P31C208/ROS/buruemi_ws/install/ld08_driver/share/ament_index/resource_index/packages/ld08_driver
[52.775s] -- Symlinking: /home/moon/S08P31C208/ROS/buruemi_ws/install/ld08_driver/share/ld08_driver/cmake/ament_cmake_export_dependencies-extras.cmake
[52.823s] -- Symlinking: /home/moon/S08P31C208/ROS/buruemi_ws/install/ld08_driver/share/ld08_driver/cmake/ament_cmake_export_include_directories-extras.cmake
[52.861s] -- Symlinking: /home/moon/S08P31C208/ROS/buruemi_ws/install/ld08_driver/share/ld08_driver/cmake/ld08_driverConfig.cmake
[52.903s] -- Symlinking: /home/moon/S08P31C208/ROS/buruemi_ws/install/ld08_driver/share/ld08_driver/cmake/ld08_driverConfig-version.cmake
[52.942s] -- Symlinking: /home/moon/S08P31C208/ROS/buruemi_ws/install/ld08_driver/share/ld08_driver/package.xml
[53.007s] Invoked command in '/home/moon/S08P31C208/ROS/buruemi_ws/build/ld08_driver' returned '0': CMAKE_PREFIX_PATH=${CMAKE_PREFIX_PATH}:/home/moon/S08P31C208/ROS/buruemi_ws/install/turtlebot3_teleop:/home/moon/S08P31C208/ROS/buruemi_ws/install/turtlebot3_example:/opt/ros/dashing /usr/bin/cmake --build /home/moon/S08P31C208/ROS/buruemi_ws/build/ld08_driver --target install -- -j4 -l4
