[0.092s] Invoking command in '/home/iju/S08P31C208/ROS/robot_ws/build/nav2_msgs': CMAKE_PREFIX_PATH=/home/iju/S08P31C208/ROS/robot_ws/install/nav2_common:/home/iju/S08P31C208/ROS/robot_ws/install/turtlebot3_simulations:/home/iju/S08P31C208/ROS/robot_ws/install/turtlebot3_gazebo:/home/iju/S08P31C208/ROS/robot_ws/install/turtlebot3:/home/iju/S08P31C208/ROS/robot_ws/install/turtlebot3_bringup:/home/iju/S08P31C208/ROS/robot_ws/install/turtlebot3_node:/home/iju/S08P31C208/ROS/robot_ws/install/turtlebot3_navigation2:/home/iju/S08P31C208/ROS/robot_ws/install/turtlebot3_fake_node:/home/iju/S08P31C208/ROS/robot_ws/install/turtlebot3_msgs:/home/iju/S08P31C208/ROS/robot_ws/install/turtlebot3_description:/home/iju/S08P31C208/ROS/robot_ws/install/turtlebot3_cartographer:/home/iju/S08P31C208/ROS/robot_ws/install/turtle_cpp:/home/iju/S08P31C208/ROS/robot_ws/install/nav2_system_tests:/home/iju/S08P31C208/ROS/robot_ws/install/nav2_bringup:/home/iju/S08P31C208/ROS/robot_ws/install/navigation2:/home/iju/S08P31C208/ROS/robot_ws/install/nav2_dwb_controller:/home/iju/S08P31C208/ROS/robot_ws/install/dwb_plugins:/home/iju/S08P31C208/ROS/robot_ws/install/dwb_critics:/home/iju/S08P31C208/ROS/robot_ws/install/dwb_controller:/home/iju/S08P31C208/ROS/robot_ws/install/dwb_core:/home/iju/S08P31C208/ROS/robot_ws/install/nav_2d_utils:/home/iju/S08P31C208/ROS/robot_ws/install/dwb_msgs:/home/iju/S08P31C208/ROS/robot_ws/install/nav_2d_msgs:/home/iju/S08P31C208/ROS/robot_ws/install/nav2_world_model:/home/iju/S08P31C208/ROS/robot_ws/install/nav2_recoveries:/home/iju/S08P31C208/ROS/robot_ws/install/costmap_queue:/home/iju/S08P31C208/ROS/robot_ws/install/nav2_costmap_2d:/home/iju/S08P31C208/ROS/robot_ws/install/nav2_voxel_grid:/home/iju/S08P31C208/ROS/robot_ws/install/nav2_rviz_plugins:/home/iju/S08P31C208/ROS/robot_ws/install/nav2_navfn_planner:/home/iju/S08P31C208/ROS/robot_ws/install/nav2_map_server:/home/iju/S08P31C208/ROS/robot_ws/install/nav2_lifecycle_manager:/home/iju/S08P31C208/ROS/robot_ws/install/nav2_bt_navigator:/home/iju/S08P31C208/ROS/robot_ws/install/nav2_behavior_tree:/home/iju/S08P31C208/ROS/robot_ws/install/nav2_amcl:/home/iju/S08P31C208/ROS/robot_ws/install/nav2_util:/home/iju/S08P31C208/ROS/robot_ws/install/nav2_msgs:/home/iju/S08P31C208/ROS/robot_ws/install/nav2_dynamic_params:/home/iju/S08P31C208/ROS/robot_ws/install/gazebo_ros_pkgs:/home/iju/S08P31C208/ROS/robot_ws/install/gazebo_plugins:/home/iju/S08P31C208/ROS/robot_ws/install/gazebo_ros:/home/iju/S08P31C208/ROS/robot_ws/install/gazebo_msgs:/home/iju/S08P31C208/ROS/robot_ws/install/gazebo_dev:/home/iju/S08P31C208/ROS/robot_ws/install/dynamixel_sdk_examples:/home/iju/S08P31C208/ROS/robot_ws/install/dynamixel_sdk_custom_interfaces:/home/iju/S08P31C208/ROS/robot_ws/install/dynamixel_sdk:/home/iju/S08P31C208/ROS/robot_ws/install/turtlebot3_teleop:/home/iju/S08P31C208/ROS/robot_ws/install/turtlebot3_example:/opt/ros/dashing PS1=\u@\h \[\033[32m\]\w\[\033[33m\]$(parse_git_branch)\[\033[00m\] $ PYTHONPATH=/home/iju/S08P31C208/ROS/robot_ws/install/nav2_common/lib/python3.6/site-packages:/home/iju/S08P31C208/ROS/robot_ws/install/turtlebot3_teleop/lib/python3.6/site-packages:/home/iju/S08P31C208/ROS/robot_ws/install/turtlebot3_example/lib/python3.6/site-packages:/home/iju/S08P31C208/ROS/robot_ws/install/turtlebot3_msgs/lib/python3.6/site-packages:/home/iju/S08P31C208/ROS/robot_ws/install/dwb_msgs/lib/python3.6/site-packages:/home/iju/S08P31C208/ROS/robot_ws/install/nav_2d_msgs/lib/python3.6/site-packages:/home/iju/S08P31C208/ROS/robot_ws/install/nav2_msgs/lib/python3.6/site-packages:/home/iju/S08P31C208/ROS/robot_ws/install/gazebo_ros/lib/python3.6/site-packages:/home/iju/S08P31C208/ROS/robot_ws/install/gazebo_msgs/lib/python3.6/site-packages:/home/iju/S08P31C208/ROS/robot_ws/install/dynamixel_sdk_custom_interfaces/lib/python3.6/site-packages:/opt/ros/dashing/lib/python3.6/site-packages /usr/bin/cmake --build /home/iju/S08P31C208/ROS/robot_ws/build/nav2_msgs -- -j6 -l6
[0.343s] [ 12%] Built target nav2_msgs__rosidl_generator_c
[0.357s] [ 12%] Built target nav2_msgs__cpp
[0.467s] [ 24%] Built target nav2_msgs__rosidl_typesupport_introspection_c
[0.484s] [ 36%] Built target nav2_msgs__rosidl_typesupport_c
[0.502s] [ 48%] Built target nav2_msgs__rosidl_typesupport_cpp
[0.506s] [ 60%] Built target nav2_msgs__rosidl_typesupport_introspection_cpp
[0.523s] [ 72%] Built target nav2_msgs__rosidl_typesupport_fastrtps_cpp
[0.636s] [ 84%] Built target nav2_msgs__rosidl_typesupport_fastrtps_c
[0.701s] [ 84%] Built target nav2_msgs
[0.780s] [ 85%] Built target nav2_msgs__py
[0.894s] [ 96%] Built target nav2_msgs__python
[1.011s] [ 98%] Built target nav2_msgs__rosidl_typesupport_introspection_c__pyext
[1.022s] [ 99%] Built target nav2_msgs__rosidl_typesupport_c__pyext
[1.040s] [100%] Built target nav2_msgs__rosidl_typesupport_fastrtps_c__pyext
[1.166s] Invoked command in '/home/iju/S08P31C208/ROS/robot_ws/build/nav2_msgs' returned '0': CMAKE_PREFIX_PATH=/home/iju/S08P31C208/ROS/robot_ws/install/nav2_common:/home/iju/S08P31C208/ROS/robot_ws/install/turtlebot3_simulations:/home/iju/S08P31C208/ROS/robot_ws/install/turtlebot3_gazebo:/home/iju/S08P31C208/ROS/robot_ws/install/turtlebot3:/home/iju/S08P31C208/ROS/robot_ws/install/turtlebot3_bringup:/home/iju/S08P31C208/ROS/robot_ws/install/turtlebot3_node:/home/iju/S08P31C208/ROS/robot_ws/install/turtlebot3_navigation2:/home/iju/S08P31C208/ROS/robot_ws/install/turtlebot3_fake_node:/home/iju/S08P31C208/ROS/robot_ws/install/turtlebot3_msgs:/home/iju/S08P31C208/ROS/robot_ws/install/turtlebot3_description:/home/iju/S08P31C208/ROS/robot_ws/install/turtlebot3_cartographer:/home/iju/S08P31C208/ROS/robot_ws/install/turtle_cpp:/home/iju/S08P31C208/ROS/robot_ws/install/nav2_system_tests:/home/iju/S08P31C208/ROS/robot_ws/install/nav2_bringup:/home/iju/S08P31C208/ROS/robot_ws/install/navigation2:/home/iju/S08P31C208/ROS/robot_ws/install/nav2_dwb_controller:/home/iju/S08P31C208/ROS/robot_ws/install/dwb_plugins:/home/iju/S08P31C208/ROS/robot_ws/install/dwb_critics:/home/iju/S08P31C208/ROS/robot_ws/install/dwb_controller:/home/iju/S08P31C208/ROS/robot_ws/install/dwb_core:/home/iju/S08P31C208/ROS/robot_ws/install/nav_2d_utils:/home/iju/S08P31C208/ROS/robot_ws/install/dwb_msgs:/home/iju/S08P31C208/ROS/robot_ws/install/nav_2d_msgs:/home/iju/S08P31C208/ROS/robot_ws/install/nav2_world_model:/home/iju/S08P31C208/ROS/robot_ws/install/nav2_recoveries:/home/iju/S08P31C208/ROS/robot_ws/install/costmap_queue:/home/iju/S08P31C208/ROS/robot_ws/install/nav2_costmap_2d:/home/iju/S08P31C208/ROS/robot_ws/install/nav2_voxel_grid:/home/iju/S08P31C208/ROS/robot_ws/install/nav2_rviz_plugins:/home/iju/S08P31C208/ROS/robot_ws/install/nav2_navfn_planner:/home/iju/S08P31C208/ROS/robot_ws/install/nav2_map_server:/home/iju/S08P31C208/ROS/robot_ws/install/nav2_lifecycle_manager:/home/iju/S08P31C208/ROS/robot_ws/install/nav2_bt_navigator:/home/iju/S08P31C208/ROS/robot_ws/install/nav2_behavior_tree:/home/iju/S08P31C208/ROS/robot_ws/install/nav2_amcl:/home/iju/S08P31C208/ROS/robot_ws/install/nav2_util:/home/iju/S08P31C208/ROS/robot_ws/install/nav2_msgs:/home/iju/S08P31C208/ROS/robot_ws/install/nav2_dynamic_params:/home/iju/S08P31C208/ROS/robot_ws/install/gazebo_ros_pkgs:/home/iju/S08P31C208/ROS/robot_ws/install/gazebo_plugins:/home/iju/S08P31C208/ROS/robot_ws/install/gazebo_ros:/home/iju/S08P31C208/ROS/robot_ws/install/gazebo_msgs:/home/iju/S08P31C208/ROS/robot_ws/install/gazebo_dev:/home/iju/S08P31C208/ROS/robot_ws/install/dynamixel_sdk_examples:/home/iju/S08P31C208/ROS/robot_ws/install/dynamixel_sdk_custom_interfaces:/home/iju/S08P31C208/ROS/robot_ws/install/dynamixel_sdk:/home/iju/S08P31C208/ROS/robot_ws/install/turtlebot3_teleop:/home/iju/S08P31C208/ROS/robot_ws/install/turtlebot3_example:/opt/ros/dashing PS1=\u@\h \[\033[32m\]\w\[\033[33m\]$(parse_git_branch)\[\033[00m\] $ PYTHONPATH=/home/iju/S08P31C208/ROS/robot_ws/install/nav2_common/lib/python3.6/site-packages:/home/iju/S08P31C208/ROS/robot_ws/install/turtlebot3_teleop/lib/python3.6/site-packages:/home/iju/S08P31C208/ROS/robot_ws/install/turtlebot3_example/lib/python3.6/site-packages:/home/iju/S08P31C208/ROS/robot_ws/install/turtlebot3_msgs/lib/python3.6/site-packages:/home/iju/S08P31C208/ROS/robot_ws/install/dwb_msgs/lib/python3.6/site-packages:/home/iju/S08P31C208/ROS/robot_ws/install/nav_2d_msgs/lib/python3.6/site-packages:/home/iju/S08P31C208/ROS/robot_ws/install/nav2_msgs/lib/python3.6/site-packages:/home/iju/S08P31C208/ROS/robot_ws/install/gazebo_ros/lib/python3.6/site-packages:/home/iju/S08P31C208/ROS/robot_ws/install/gazebo_msgs/lib/python3.6/site-packages:/home/iju/S08P31C208/ROS/robot_ws/install/dynamixel_sdk_custom_interfaces/lib/python3.6/site-packages:/opt/ros/dashing/lib/python3.6/site-packages /usr/bin/cmake --build /home/iju/S08P31C208/ROS/robot_ws/build/nav2_msgs -- -j6 -l6
[3.594s] Invoking command in '/home/iju/S08P31C208/ROS/robot_ws/build/nav2_msgs': CMAKE_PREFIX_PATH=/home/iju/S08P31C208/ROS/robot_ws/install/nav2_common:/home/iju/S08P31C208/ROS/robot_ws/install/turtlebot3_simulations:/home/iju/S08P31C208/ROS/robot_ws/install/turtlebot3_gazebo:/home/iju/S08P31C208/ROS/robot_ws/install/turtlebot3:/home/iju/S08P31C208/ROS/robot_ws/install/turtlebot3_bringup:/home/iju/S08P31C208/ROS/robot_ws/install/turtlebot3_node:/home/iju/S08P31C208/ROS/robot_ws/install/turtlebot3_navigation2:/home/iju/S08P31C208/ROS/robot_ws/install/turtlebot3_fake_node:/home/iju/S08P31C208/ROS/robot_ws/install/turtlebot3_msgs:/home/iju/S08P31C208/ROS/robot_ws/install/turtlebot3_description:/home/iju/S08P31C208/ROS/robot_ws/install/turtlebot3_cartographer:/home/iju/S08P31C208/ROS/robot_ws/install/turtle_cpp:/home/iju/S08P31C208/ROS/robot_ws/install/nav2_system_tests:/home/iju/S08P31C208/ROS/robot_ws/install/nav2_bringup:/home/iju/S08P31C208/ROS/robot_ws/install/navigation2:/home/iju/S08P31C208/ROS/robot_ws/install/nav2_dwb_controller:/home/iju/S08P31C208/ROS/robot_ws/install/dwb_plugins:/home/iju/S08P31C208/ROS/robot_ws/install/dwb_critics:/home/iju/S08P31C208/ROS/robot_ws/install/dwb_controller:/home/iju/S08P31C208/ROS/robot_ws/install/dwb_core:/home/iju/S08P31C208/ROS/robot_ws/install/nav_2d_utils:/home/iju/S08P31C208/ROS/robot_ws/install/dwb_msgs:/home/iju/S08P31C208/ROS/robot_ws/install/nav_2d_msgs:/home/iju/S08P31C208/ROS/robot_ws/install/nav2_world_model:/home/iju/S08P31C208/ROS/robot_ws/install/nav2_recoveries:/home/iju/S08P31C208/ROS/robot_ws/install/costmap_queue:/home/iju/S08P31C208/ROS/robot_ws/install/nav2_costmap_2d:/home/iju/S08P31C208/ROS/robot_ws/install/nav2_voxel_grid:/home/iju/S08P31C208/ROS/robot_ws/install/nav2_rviz_plugins:/home/iju/S08P31C208/ROS/robot_ws/install/nav2_navfn_planner:/home/iju/S08P31C208/ROS/robot_ws/install/nav2_map_server:/home/iju/S08P31C208/ROS/robot_ws/install/nav2_lifecycle_manager:/home/iju/S08P31C208/ROS/robot_ws/install/nav2_bt_navigator:/home/iju/S08P31C208/ROS/robot_ws/install/nav2_behavior_tree:/home/iju/S08P31C208/ROS/robot_ws/install/nav2_amcl:/home/iju/S08P31C208/ROS/robot_ws/install/nav2_util:/home/iju/S08P31C208/ROS/robot_ws/install/nav2_msgs:/home/iju/S08P31C208/ROS/robot_ws/install/nav2_dynamic_params:/home/iju/S08P31C208/ROS/robot_ws/install/gazebo_ros_pkgs:/home/iju/S08P31C208/ROS/robot_ws/install/gazebo_plugins:/home/iju/S08P31C208/ROS/robot_ws/install/gazebo_ros:/home/iju/S08P31C208/ROS/robot_ws/install/gazebo_msgs:/home/iju/S08P31C208/ROS/robot_ws/install/gazebo_dev:/home/iju/S08P31C208/ROS/robot_ws/install/dynamixel_sdk_examples:/home/iju/S08P31C208/ROS/robot_ws/install/dynamixel_sdk_custom_interfaces:/home/iju/S08P31C208/ROS/robot_ws/install/dynamixel_sdk:/home/iju/S08P31C208/ROS/robot_ws/install/turtlebot3_teleop:/home/iju/S08P31C208/ROS/robot_ws/install/turtlebot3_example:/opt/ros/dashing PS1=\u@\h \[\033[32m\]\w\[\033[33m\]$(parse_git_branch)\[\033[00m\] $ PYTHONPATH=/home/iju/S08P31C208/ROS/robot_ws/install/nav2_common/lib/python3.6/site-packages:/home/iju/S08P31C208/ROS/robot_ws/install/turtlebot3_teleop/lib/python3.6/site-packages:/home/iju/S08P31C208/ROS/robot_ws/install/turtlebot3_example/lib/python3.6/site-packages:/home/iju/S08P31C208/ROS/robot_ws/install/turtlebot3_msgs/lib/python3.6/site-packages:/home/iju/S08P31C208/ROS/robot_ws/install/dwb_msgs/lib/python3.6/site-packages:/home/iju/S08P31C208/ROS/robot_ws/install/nav_2d_msgs/lib/python3.6/site-packages:/home/iju/S08P31C208/ROS/robot_ws/install/nav2_msgs/lib/python3.6/site-packages:/home/iju/S08P31C208/ROS/robot_ws/install/gazebo_ros/lib/python3.6/site-packages:/home/iju/S08P31C208/ROS/robot_ws/install/gazebo_msgs/lib/python3.6/site-packages:/home/iju/S08P31C208/ROS/robot_ws/install/dynamixel_sdk_custom_interfaces/lib/python3.6/site-packages:/opt/ros/dashing/lib/python3.6/site-packages /usr/bin/cmake --build /home/iju/S08P31C208/ROS/robot_ws/build/nav2_msgs --target install -- -j6 -l6
[3.783s] [ 12%] Built target nav2_msgs__rosidl_generator_c
[3.784s] [ 12%] Built target nav2_msgs__cpp
[3.897s] [ 24%] Built target nav2_msgs__rosidl_typesupport_c
[3.933s] [ 36%] Built target nav2_msgs__rosidl_typesupport_cpp
[3.936s] [ 48%] Built target nav2_msgs__rosidl_typesupport_introspection_c
[4.098s] [ 60%] Built target nav2_msgs__rosidl_typesupport_fastrtps_cpp
[4.099s] [ 72%] Built target nav2_msgs__rosidl_typesupport_introspection_cpp
[4.230s] [ 84%] Built target nav2_msgs__rosidl_typesupport_fastrtps_c
[4.324s] [ 84%] Built target nav2_msgs
[4.370s] [ 85%] Built target nav2_msgs__py
[4.453s] [ 96%] Built target nav2_msgs__python
[4.545s] [ 97%] Built target nav2_msgs__rosidl_typesupport_c__pyext
[4.549s] [ 98%] Built target nav2_msgs__rosidl_typesupport_fastrtps_c__pyext
[4.642s] [100%] Built target nav2_msgs__rosidl_typesupport_introspection_c__pyext
[4.771s] [36mInstall the project...[0m
[4.835s] -- Install configuration: "Release"
[4.835s] -- Up-to-date: /home/iju/S08P31C208/ROS/robot_ws/install/nav2_msgs/share/ament_index/resource_index/rosidl_interfaces/nav2_msgs
[4.835s] -- Up-to-date: /home/iju/S08P31C208/ROS/robot_ws/install/nav2_msgs/include/nav2_msgs
[4.836s] -- Up-to-date: /home/iju/S08P31C208/ROS/robot_ws/install/nav2_msgs/include/nav2_msgs/action
[4.836s] -- Up-to-date: /home/iju/S08P31C208/ROS/robot_ws/install/nav2_msgs/include/nav2_msgs/action/back_up__traits.hpp
[4.836s] -- Up-to-date: /home/iju/S08P31C208/ROS/robot_ws/install/nav2_msgs/include/nav2_msgs/action/follow_path__struct.hpp
[4.836s] -- Up-to-date: /home/iju/S08P31C208/ROS/robot_ws/install/nav2_msgs/include/nav2_msgs/action/follow_path__traits.hpp
[4.836s] -- Up-to-date: /home/iju/S08P31C208/ROS/robot_ws/install/nav2_msgs/include/nav2_msgs/action/dummy_recovery.hpp
[4.836s] -- Up-to-date: /home/iju/S08P31C208/ROS/robot_ws/install/nav2_msgs/include/nav2_msgs/action/random_crawl.hpp
[4.837s] -- Up-to-date: /home/iju/S08P31C208/ROS/robot_ws/install/nav2_msgs/include/nav2_msgs/action/spin.hpp
[4.837s] -- Up-to-date: /home/iju/S08P31C208/ROS/robot_ws/install/nav2_msgs/include/nav2_msgs/action/random_crawl__traits.hpp
[4.837s] -- Up-to-date: /home/iju/S08P31C208/ROS/robot_ws/install/nav2_msgs/include/nav2_msgs/action/follow_path.hpp
[4.837s] -- Up-to-date: /home/iju/S08P31C208/ROS/robot_ws/install/nav2_msgs/include/nav2_msgs/action/compute_path_to_pose__struct.hpp
[4.838s] -- Up-to-date: /home/iju/S08P31C208/ROS/robot_ws/install/nav2_msgs/include/nav2_msgs/action/back_up.hpp
[4.838s] -- Up-to-date: /home/iju/S08P31C208/ROS/robot_ws/install/nav2_msgs/include/nav2_msgs/action/compute_path_to_pose__traits.hpp
[4.838s] -- Up-to-date: /home/iju/S08P31C208/ROS/robot_ws/install/nav2_msgs/include/nav2_msgs/action/navigate_to_pose__struct.hpp
[4.838s] -- Up-to-date: /home/iju/S08P31C208/ROS/robot_ws/install/nav2_msgs/include/nav2_msgs/action/compute_path_to_pose.hpp
[4.838s] -- Up-to-date: /home/iju/S08P31C208/ROS/robot_ws/install/nav2_msgs/include/nav2_msgs/action/spin__struct.hpp
[4.839s] -- Up-to-date: /home/iju/S08P31C208/ROS/robot_ws/install/nav2_msgs/include/nav2_msgs/action/spin__traits.hpp
[4.839s] -- Up-to-date: /home/iju/S08P31C208/ROS/robot_ws/install/nav2_msgs/include/nav2_msgs/action/navigate_to_pose.hpp
[4.839s] -- Up-to-date: /home/iju/S08P31C208/ROS/robot_ws/install/nav2_msgs/include/nav2_msgs/action/back_up__struct.hpp
[4.839s] -- Up-to-date: /home/iju/S08P31C208/ROS/robot_ws/install/nav2_msgs/include/nav2_msgs/action/dummy_recovery__traits.hpp
[4.839s] -- Up-to-date: /home/iju/S08P31C208/ROS/robot_ws/install/nav2_msgs/include/nav2_msgs/action/navigate_to_pose__traits.hpp
[4.841s] -- Up-to-date: /home/iju/S08P31C208/ROS/robot_ws/install/nav2_msgs/include/nav2_msgs/action/dummy_recovery__struct.hpp
[4.841s] -- Up-to-date: /home/iju/S08P31C208/ROS/robot_ws/install/nav2_msgs/include/nav2_msgs/action/random_crawl__struct.hpp
[4.841s] -- Up-to-date: /home/iju/S08P31C208/ROS/robot_ws/install/nav2_msgs/include/nav2_msgs/srv
[4.841s] -- Up-to-date: /home/iju/S08P31C208/ROS/robot_ws/install/nav2_msgs/include/nav2_msgs/srv/clear_entire_costmap__struct.hpp
[4.841s] -- Up-to-date: /home/iju/S08P31C208/ROS/robot_ws/install/nav2_msgs/include/nav2_msgs/srv/get_costmap__struct.hpp
[4.841s] -- Up-to-date: /home/iju/S08P31C208/ROS/robot_ws/install/nav2_msgs/include/nav2_msgs/srv/clear_costmap_around_robot__struct.hpp
[4.842s] -- Up-to-date: /home/iju/S08P31C208/ROS/robot_ws/install/nav2_msgs/include/nav2_msgs/srv/clear_entire_costmap__traits.hpp
[4.843s] -- Up-to-date: /home/iju/S08P31C208/ROS/robot_ws/install/nav2_msgs/include/nav2_msgs/srv/get_costmap__traits.hpp
[4.855s] -- Up-to-date: /home/iju/S08P31C208/ROS/robot_ws/install/nav2_msgs/include/nav2_msgs/srv/clear_costmap_except_region__traits.hpp
[4.855s] -- Up-to-date: /home/iju/S08P31C208/ROS/robot_ws/install/nav2_msgs/include/nav2_msgs/srv/clear_entire_costmap.hpp
[4.855s] -- Up-to-date: /home/iju/S08P31C208/ROS/robot_ws/install/nav2_msgs/include/nav2_msgs/srv/clear_costmap_except_region.hpp
[4.856s] -- Up-to-date: /home/iju/S08P31C208/ROS/robot_ws/install/nav2_msgs/include/nav2_msgs/srv/clear_costmap_around_robot.hpp
[4.856s] -- Up-to-date: /home/iju/S08P31C208/ROS/robot_ws/install/nav2_msgs/include/nav2_msgs/srv/clear_costmap_around_robot__traits.hpp
[4.856s] -- Up-to-date: /home/iju/S08P31C208/ROS/robot_ws/install/nav2_msgs/include/nav2_msgs/srv/get_costmap.hpp
[4.856s] -- Up-to-date: /home/iju/S08P31C208/ROS/robot_ws/install/nav2_msgs/include/nav2_msgs/srv/clear_costmap_except_region__struct.hpp
[4.857s] -- Up-to-date: /home/iju/S08P31C208/ROS/robot_ws/install/nav2_msgs/include/nav2_msgs/msg
[4.857s] -- Up-to-date: /home/iju/S08P31C208/ROS/robot_ws/install/nav2_msgs/include/nav2_msgs/msg/costmap_meta_data__traits.hpp
[4.857s] -- Up-to-date: /home/iju/S08P31C208/ROS/robot_ws/install/nav2_msgs/include/nav2_msgs/msg/path__traits.hpp
[4.857s] -- Up-to-date: /home/iju/S08P31C208/ROS/robot_ws/install/nav2_msgs/include/nav2_msgs/msg/costmap__struct.hpp
[4.857s] -- Up-to-date: /home/iju/S08P31C208/ROS/robot_ws/install/nav2_msgs/include/nav2_msgs/msg/path.hpp
[4.858s] -- Up-to-date: /home/iju/S08P31C208/ROS/robot_ws/install/nav2_msgs/include/nav2_msgs/msg/costmap_meta_data__struct.hpp
[4.858s] -- Up-to-date: /home/iju/S08P31C208/ROS/robot_ws/install/nav2_msgs/include/nav2_msgs/msg/costmap.hpp
[4.866s] -- Up-to-date: /home/iju/S08P31C208/ROS/robot_ws/install/nav2_msgs/include/nav2_msgs/msg/voxel_grid__struct.hpp
[4.867s] -- Up-to-date: /home/iju/S08P31C208/ROS/robot_ws/install/nav2_msgs/include/nav2_msgs/msg/costmap__traits.hpp
[4.867s] -- Up-to-date: /home/iju/S08P31C208/ROS/robot_ws/install/nav2_msgs/include/nav2_msgs/msg/costmap_meta_data.hpp
[4.869s] -- Up-to-date: /home/iju/S08P31C208/ROS/robot_ws/install/nav2_msgs/include/nav2_msgs/msg/voxel_grid.hpp
[4.869s] -- Up-to-date: /home/iju/S08P31C208/ROS/robot_ws/install/nav2_msgs/include/nav2_msgs/msg/path__struct.hpp
[4.869s] -- Up-to-date: /home/iju/S08P31C208/ROS/robot_ws/install/nav2_msgs/include/nav2_msgs/msg/voxel_grid__traits.hpp
[4.873s] -- Up-to-date: /home/iju/S08P31C208/ROS/robot_ws/install/nav2_msgs/include/nav2_msgs
[4.876s] -- Up-to-date: /home/iju/S08P31C208/ROS/robot_ws/install/nav2_msgs/include/nav2_msgs/action
[4.876s] -- Up-to-date: /home/iju/S08P31C208/ROS/robot_ws/install/nav2_msgs/include/nav2_msgs/action/follow_path__functions.c
[4.876s] -- Up-to-date: /home/iju/S08P31C208/ROS/robot_ws/install/nav2_msgs/include/nav2_msgs/action/back_up__functions.c
[4.876s] -- Up-to-date: /home/iju/S08P31C208/ROS/robot_ws/install/nav2_msgs/include/nav2_msgs/action/spin__functions.h
[4.877s] -- Up-to-date: /home/iju/S08P31C208/ROS/robot_ws/install/nav2_msgs/include/nav2_msgs/action/random_crawl__struct.h
[4.877s] -- Up-to-date: /home/iju/S08P31C208/ROS/robot_ws/install/nav2_msgs/include/nav2_msgs/action/random_crawl__functions.h
[4.877s] -- Up-to-date: /home/iju/S08P31C208/ROS/robot_ws/install/nav2_msgs/include/nav2_msgs/action/spin__type_support.h
[4.877s] -- Up-to-date: /home/iju/S08P31C208/ROS/robot_ws/install/nav2_msgs/include/nav2_msgs/action/navigate_to_pose.h
[4.877s] -- Up-to-date: /home/iju/S08P31C208/ROS/robot_ws/install/nav2_msgs/include/nav2_msgs/action/compute_path_to_pose__functions.h
[4.877s] -- Up-to-date: /home/iju/S08P31C208/ROS/robot_ws/install/nav2_msgs/include/nav2_msgs/action/random_crawl__type_support.h
[4.877s] -- Up-to-date: /home/iju/S08P31C208/ROS/robot_ws/install/nav2_msgs/include/nav2_msgs/action/spin__struct.h
[4.877s] -- Up-to-date: /home/iju/S08P31C208/ROS/robot_ws/install/nav2_msgs/include/nav2_msgs/action/dummy_recovery__struct.h
[4.877s] -- Up-to-date: /home/iju/S08P31C208/ROS/robot_ws/install/nav2_msgs/include/nav2_msgs/action/random_crawl__functions.c
[4.877s] -- Up-to-date: /home/iju/S08P31C208/ROS/robot_ws/install/nav2_msgs/include/nav2_msgs/action/navigate_to_pose__functions.h
[4.878s] -- Up-to-date: /home/iju/S08P31C208/ROS/robot_ws/install/nav2_msgs/include/nav2_msgs/action/dummy_recovery__functions.c
[4.878s] -- Up-to-date: /home/iju/S08P31C208/ROS/robot_ws/install/nav2_msgs/include/nav2_msgs/action/back_up.h
[4.878s] -- Up-to-date: /home/iju/S08P31C208/ROS/robot_ws/install/nav2_msgs/include/nav2_msgs/action/compute_path_to_pose__type_support.h
[4.880s] -- Up-to-date: /home/iju/S08P31C208/ROS/robot_ws/install/nav2_msgs/include/nav2_msgs/action/compute_path_to_pose__struct.h
[4.880s] -- Up-to-date: /home/iju/S08P31C208/ROS/robot_ws/install/nav2_msgs/include/nav2_msgs/action/navigate_to_pose__functions.c
[4.880s] -- Up-to-date: /home/iju/S08P31C208/ROS/robot_ws/install/nav2_msgs/include/nav2_msgs/action/compute_path_to_pose__functions.c
[4.880s] -- Up-to-date: /home/iju/S08P31C208/ROS/robot_ws/install/nav2_msgs/include/nav2_msgs/action/random_crawl.h
[4.881s] -- Up-to-date: /home/iju/S08P31C208/ROS/robot_ws/install/nav2_msgs/include/nav2_msgs/action/back_up__functions.h
[4.881s] -- Up-to-date: /home/iju/S08P31C208/ROS/robot_ws/install/nav2_msgs/include/nav2_msgs/action/follow_path__functions.h
[4.881s] -- Up-to-date: /home/iju/S08P31C208/ROS/robot_ws/install/nav2_msgs/include/nav2_msgs/action/follow_path.h
[4.881s] -- Up-to-date: /home/iju/S08P31C208/ROS/robot_ws/install/nav2_msgs/include/nav2_msgs/action/compute_path_to_pose.h
[4.881s] -- Up-to-date: /home/iju/S08P31C208/ROS/robot_ws/install/nav2_msgs/include/nav2_msgs/action/back_up__struct.h
[4.881s] -- Up-to-date: /home/iju/S08P31C208/ROS/robot_ws/install/nav2_msgs/include/nav2_msgs/action/spin__functions.c
[4.881s] -- Up-to-date: /home/iju/S08P31C208/ROS/robot_ws/install/nav2_msgs/include/nav2_msgs/action/spin.h
[4.881s] -- Up-to-date: /home/iju/S08P31C208/ROS/robot_ws/install/nav2_msgs/include/nav2_msgs/action/follow_path__struct.h
[4.881s] -- Up-to-date: /home/iju/S08P31C208/ROS/robot_ws/install/nav2_msgs/include/nav2_msgs/action/follow_path__type_support.h
[4.881s] -- Up-to-date: /home/iju/S08P31C208/ROS/robot_ws/install/nav2_msgs/include/nav2_msgs/action/dummy_recovery.h
[4.882s] -- Up-to-date: /home/iju/S08P31C208/ROS/robot_ws/install/nav2_msgs/include/nav2_msgs/action/back_up__type_support.h
[4.882s] -- Up-to-date: /home/iju/S08P31C208/ROS/robot_ws/install/nav2_msgs/include/nav2_msgs/action/dummy_recovery__type_support.h
[4.882s] -- Up-to-date: /home/iju/S08P31C208/ROS/robot_ws/install/nav2_msgs/include/nav2_msgs/action/dummy_recovery__functions.h
[4.882s] -- Up-to-date: /home/iju/S08P31C208/ROS/robot_ws/install/nav2_msgs/include/nav2_msgs/action/navigate_to_pose__type_support.h
[4.882s] -- Up-to-date: /home/iju/S08P31C208/ROS/robot_ws/install/nav2_msgs/include/nav2_msgs/action/navigate_to_pose__struct.h
[4.882s] -- Up-to-date: /home/iju/S08P31C208/ROS/robot_ws/install/nav2_msgs/include/nav2_msgs/srv
[4.882s] -- Up-to-date: /home/iju/S08P31C208/ROS/robot_ws/install/nav2_msgs/include/nav2_msgs/srv/clear_costmap_around_robot.h
[4.882s] -- Up-to-date: /home/iju/S08P31C208/ROS/robot_ws/install/nav2_msgs/include/nav2_msgs/srv/clear_costmap_around_robot__functions.h
[4.882s] -- Up-to-date: /home/iju/S08P31C208/ROS/robot_ws/install/nav2_msgs/include/nav2_msgs/srv/clear_costmap_except_region__type_support.h
[4.882s] -- Up-to-date: /home/iju/S08P31C208/ROS/robot_ws/install/nav2_msgs/include/nav2_msgs/srv/get_costmap__struct.h
[4.883s] -- Up-to-date: /home/iju/S08P31C208/ROS/robot_ws/install/nav2_msgs/include/nav2_msgs/srv/get_costmap__functions.c
[4.883s] -- Up-to-date: /home/iju/S08P31C208/ROS/robot_ws/install/nav2_msgs/include/nav2_msgs/srv/clear_costmap_except_region.h
[4.887s] -- Up-to-date: /home/iju/S08P31C208/ROS/robot_ws/install/nav2_msgs/include/nav2_msgs/srv/clear_costmap_around_robot__struct.h
[4.887s] -- Up-to-date: /home/iju/S08P31C208/ROS/robot_ws/install/nav2_msgs/include/nav2_msgs/srv/get_costmap__type_support.h
[4.887s] -- Up-to-date: /home/iju/S08P31C208/ROS/robot_ws/install/nav2_msgs/include/nav2_msgs/srv/clear_costmap_except_region__functions.h
[4.887s] -- Up-to-date: /home/iju/S08P31C208/ROS/robot_ws/install/nav2_msgs/include/nav2_msgs/srv/clear_costmap_around_robot__functions.c
[4.888s] -- Up-to-date: /home/iju/S08P31C208/ROS/robot_ws/install/nav2_msgs/include/nav2_msgs/srv/clear_entire_costmap__functions.c
[4.888s] -- Up-to-date: /home/iju/S08P31C208/ROS/robot_ws/install/nav2_msgs/include/nav2_msgs/srv/clear_entire_costmap__type_support.h
[4.888s] -- Up-to-date: /home/iju/S08P31C208/ROS/robot_ws/install/nav2_msgs/include/nav2_msgs/srv/clear_costmap_except_region__functions.c
[4.888s] -- Up-to-date: /home/iju/S08P31C208/ROS/robot_ws/install/nav2_msgs/include/nav2_msgs/srv/clear_costmap_except_region__struct.h
[4.888s] -- Up-to-date: /home/iju/S08P31C208/ROS/robot_ws/install/nav2_msgs/include/nav2_msgs/srv/clear_costmap_around_robot__type_support.h
[4.888s] -- Up-to-date: /home/iju/S08P31C208/ROS/robot_ws/install/nav2_msgs/include/nav2_msgs/srv/clear_entire_costmap__functions.h
[4.888s] -- Up-to-date: /home/iju/S08P31C208/ROS/robot_ws/install/nav2_msgs/include/nav2_msgs/srv/get_costmap__functions.h
[4.888s] -- Up-to-date: /home/iju/S08P31C208/ROS/robot_ws/install/nav2_msgs/include/nav2_msgs/srv/clear_entire_costmap.h
[4.888s] -- Up-to-date: /home/iju/S08P31C208/ROS/robot_ws/install/nav2_msgs/include/nav2_msgs/srv/clear_entire_costmap__struct.h
[4.888s] -- Up-to-date: /home/iju/S08P31C208/ROS/robot_ws/install/nav2_msgs/include/nav2_msgs/srv/get_costmap.h
[4.889s] -- Up-to-date: /home/iju/S08P31C208/ROS/robot_ws/install/nav2_msgs/include/nav2_msgs/msg
[4.889s] -- Up-to-date: /home/iju/S08P31C208/ROS/robot_ws/install/nav2_msgs/include/nav2_msgs/msg/costmap_meta_data__functions.c
[4.889s] -- Up-to-date: /home/iju/S08P31C208/ROS/robot_ws/install/nav2_msgs/include/nav2_msgs/msg/costmap__type_support.h
[4.889s] -- Up-to-date: /home/iju/S08P31C208/ROS/robot_ws/install/nav2_msgs/include/nav2_msgs/msg/costmap__functions.h
[4.889s] -- Up-to-date: /home/iju/S08P31C208/ROS/robot_ws/install/nav2_msgs/include/nav2_msgs/msg/costmap_meta_data__type_support.h
[4.889s] -- Up-to-date: /home/iju/S08P31C208/ROS/robot_ws/install/nav2_msgs/include/nav2_msgs/msg/costmap_meta_data__functions.h
[4.889s] -- Up-to-date: /home/iju/S08P31C208/ROS/robot_ws/install/nav2_msgs/include/nav2_msgs/msg/costmap_meta_data.h
[4.889s] -- Up-to-date: /home/iju/S08P31C208/ROS/robot_ws/install/nav2_msgs/include/nav2_msgs/msg/path__functions.c
[4.889s] -- Up-to-date: /home/iju/S08P31C208/ROS/robot_ws/install/nav2_msgs/include/nav2_msgs/msg/costmap_meta_data__struct.h
[4.889s] -- Up-to-date: /home/iju/S08P31C208/ROS/robot_ws/install/nav2_msgs/include/nav2_msgs/msg/path__type_support.h
[4.889s] -- Up-to-date: /home/iju/S08P31C208/ROS/robot_ws/install/nav2_msgs/include/nav2_msgs/msg/voxel_grid__functions.c
[4.890s] -- Up-to-date: /home/iju/S08P31C208/ROS/robot_ws/install/nav2_msgs/include/nav2_msgs/msg/voxel_grid__functions.h
[4.891s] -- Up-to-date: /home/iju/S08P31C208/ROS/robot_ws/install/nav2_msgs/include/nav2_msgs/msg/voxel_grid__type_support.h
[4.891s] -- Up-to-date: /home/iju/S08P31C208/ROS/robot_ws/install/nav2_msgs/include/nav2_msgs/msg/costmap__functions.c
[4.891s] -- Up-to-date: /home/iju/S08P31C208/ROS/robot_ws/install/nav2_msgs/include/nav2_msgs/msg/path__struct.h
[4.891s] -- Up-to-date: /home/iju/S08P31C208/ROS/robot_ws/install/nav2_msgs/include/nav2_msgs/msg/costmap__struct.h
[4.891s] -- Up-to-date: /home/iju/S08P31C208/ROS/robot_ws/install/nav2_msgs/include/nav2_msgs/msg/voxel_grid__struct.h
[4.891s] -- Up-to-date: /home/iju/S08P31C208/ROS/robot_ws/install/nav2_msgs/include/nav2_msgs/msg/path__functions.h
[4.891s] -- Up-to-date: /home/iju/S08P31C208/ROS/robot_ws/install/nav2_msgs/include/nav2_msgs/msg/rosidl_generator_c__visibility_control.h
[4.891s] -- Up-to-date: /home/iju/S08P31C208/ROS/robot_ws/install/nav2_msgs/include/nav2_msgs/msg/path.h
[4.892s] -- Up-to-date: /home/iju/S08P31C208/ROS/robot_ws/install/nav2_msgs/include/nav2_msgs/msg/costmap.h
[4.892s] -- Up-to-date: /home/iju/S08P31C208/ROS/robot_ws/install/nav2_msgs/include/nav2_msgs/msg/voxel_grid.h
[4.892s] -- Up-to-date: /home/iju/S08P31C208/ROS/robot_ws/install/nav2_msgs/share/nav2_msgs/environment/library_path.sh
[4.892s] -- Up-to-date: /home/iju/S08P31C208/ROS/robot_ws/install/nav2_msgs/lib/libnav2_msgs__rosidl_generator_c.so
[4.892s] -- Up-to-date: /home/iju/S08P31C208/ROS/robot_ws/install/nav2_msgs/lib/libnav2_msgs__rosidl_typesupport_c.so
[4.892s] -- Up-to-date: /home/iju/S08P31C208/ROS/robot_ws/install/nav2_msgs/lib/libnav2_msgs__rosidl_typesupport_cpp.so
[4.892s] -- Up-to-date: /home/iju/S08P31C208/ROS/robot_ws/install/nav2_msgs/include/nav2_msgs
[4.892s] -- Up-to-date: /home/iju/S08P31C208/ROS/robot_ws/install/nav2_msgs/include/nav2_msgs/action
[4.892s] -- Up-to-date: /home/iju/S08P31C208/ROS/robot_ws/install/nav2_msgs/include/nav2_msgs/action/spin__rosidl_typesupport_introspection_c.h
[4.893s] -- Up-to-date: /home/iju/S08P31C208/ROS/robot_ws/install/nav2_msgs/include/nav2_msgs/action/random_crawl__type_support.c
[4.893s] -- Up-to-date: /home/iju/S08P31C208/ROS/robot_ws/install/nav2_msgs/include/nav2_msgs/action/compute_path_to_pose__rosidl_typesupport_introspection_c.h
[4.893s] -- Up-to-date: /home/iju/S08P31C208/ROS/robot_ws/install/nav2_msgs/include/nav2_msgs/action/navigate_to_pose__type_support.c
[4.893s] -- Up-to-date: /home/iju/S08P31C208/ROS/robot_ws/install/nav2_msgs/include/nav2_msgs/action/navigate_to_pose__rosidl_typesupport_introspection_c.h
[4.893s] -- Up-to-date: /home/iju/S08P31C208/ROS/robot_ws/install/nav2_msgs/include/nav2_msgs/action/back_up__rosidl_typesupport_introspection_c.h
[4.893s] -- Up-to-date: /home/iju/S08P31C208/ROS/robot_ws/install/nav2_msgs/include/nav2_msgs/action/back_up__type_support.c
[4.893s] -- Up-to-date: /home/iju/S08P31C208/ROS/robot_ws/install/nav2_msgs/include/nav2_msgs/action/dummy_recovery__rosidl_typesupport_introspection_c.h
[4.893s] -- Up-to-date: /home/iju/S08P31C208/ROS/robot_ws/install/nav2_msgs/include/nav2_msgs/action/random_crawl__rosidl_typesupport_introspection_c.h
[4.893s] -- Up-to-date: /home/iju/S08P31C208/ROS/robot_ws/install/nav2_msgs/include/nav2_msgs/action/dummy_recovery__type_support.c
[4.893s] -- Up-to-date: /home/iju/S08P31C208/ROS/robot_ws/install/nav2_msgs/include/nav2_msgs/action/spin__type_support.c
[4.894s] -- Up-to-date: /home/iju/S08P31C208/ROS/robot_ws/install/nav2_msgs/include/nav2_msgs/action/compute_path_to_pose__type_support.c
[4.894s] -- Up-to-date: /home/iju/S08P31C208/ROS/robot_ws/install/nav2_msgs/include/nav2_msgs/action/follow_path__rosidl_typesupport_introspection_c.h
[4.894s] -- Up-to-date: /home/iju/S08P31C208/ROS/robot_ws/install/nav2_msgs/include/nav2_msgs/action/follow_path__type_support.c
[4.894s] -- Up-to-date: /home/iju/S08P31C208/ROS/robot_ws/install/nav2_msgs/include/nav2_msgs/srv
[4.894s] -- Up-to-date: /home/iju/S08P31C208/ROS/robot_ws/install/nav2_msgs/include/nav2_msgs/srv/clear_entire_costmap__rosidl_typesupport_introspection_c.h
[4.894s] -- Up-to-date: /home/iju/S08P31C208/ROS/robot_ws/install/nav2_msgs/include/nav2_msgs/srv/clear_costmap_around_robot__type_support.c
[4.894s] -- Up-to-date: /home/iju/S08P31C208/ROS/robot_ws/install/nav2_msgs/include/nav2_msgs/srv/clear_costmap_around_robot__rosidl_typesupport_introspection_c.h
[4.894s] -- Up-to-date: /home/iju/S08P31C208/ROS/robot_ws/install/nav2_msgs/include/nav2_msgs/srv/get_costmap__type_support.c
[4.894s] -- Up-to-date: /home/iju/S08P31C208/ROS/robot_ws/install/nav2_msgs/include/nav2_msgs/srv/get_costmap__rosidl_typesupport_introspection_c.h
[4.894s] -- Up-to-date: /home/iju/S08P31C208/ROS/robot_ws/install/nav2_msgs/include/nav2_msgs/srv/clear_costmap_except_region__rosidl_typesupport_introspection_c.h
[4.894s] -- Up-to-date: /home/iju/S08P31C208/ROS/robot_ws/install/nav2_msgs/include/nav2_msgs/srv/clear_entire_costmap__type_support.c
[4.895s] -- Up-to-date: /home/iju/S08P31C208/ROS/robot_ws/install/nav2_msgs/include/nav2_msgs/srv/clear_costmap_except_region__type_support.c
[4.896s] -- Up-to-date: /home/iju/S08P31C208/ROS/robot_ws/install/nav2_msgs/include/nav2_msgs/msg
[4.896s] -- Up-to-date: /home/iju/S08P31C208/ROS/robot_ws/install/nav2_msgs/include/nav2_msgs/msg/path__type_support.c
[4.896s] -- Up-to-date: /home/iju/S08P31C208/ROS/robot_ws/install/nav2_msgs/include/nav2_msgs/msg/path__rosidl_typesupport_introspection_c.h
[4.896s] -- Up-to-date: /home/iju/S08P31C208/ROS/robot_ws/install/nav2_msgs/include/nav2_msgs/msg/voxel_grid__rosidl_typesupport_introspection_c.h
[4.896s] -- Up-to-date: /home/iju/S08P31C208/ROS/robot_ws/install/nav2_msgs/include/nav2_msgs/msg/rosidl_typesupport_introspection_c__visibility_control.h
[4.896s] -- Up-to-date: /home/iju/S08P31C208/ROS/robot_ws/install/nav2_msgs/include/nav2_msgs/msg/costmap__rosidl_typesupport_introspection_c.h
[4.897s] -- Up-to-date: /home/iju/S08P31C208/ROS/robot_ws/install/nav2_msgs/include/nav2_msgs/msg/costmap__type_support.c
[4.897s] -- Up-to-date: /home/iju/S08P31C208/ROS/robot_ws/install/nav2_msgs/include/nav2_msgs/msg/voxel_grid__type_support.c
[4.897s] -- Up-to-date: /home/iju/S08P31C208/ROS/robot_ws/install/nav2_msgs/include/nav2_msgs/msg/costmap_meta_data__type_support.c
[4.897s] -- Up-to-date: /home/iju/S08P31C208/ROS/robot_ws/install/nav2_msgs/include/nav2_msgs/msg/costmap_meta_data__rosidl_typesupport_introspection_c.h
[4.902s] -- Up-to-date: /home/iju/S08P31C208/ROS/robot_ws/install/nav2_msgs/lib/libnav2_msgs__rosidl_typesupport_introspection_c.so
[4.902s] -- Up-to-date: /home/iju/S08P31C208/ROS/robot_ws/install/nav2_msgs/include/nav2_msgs
[4.903s] -- Up-to-date: /home/iju/S08P31C208/ROS/robot_ws/install/nav2_msgs/include/nav2_msgs/action
[4.903s] -- Up-to-date: /home/iju/S08P31C208/ROS/robot_ws/install/nav2_msgs/include/nav2_msgs/action/navigate_to_pose__rosidl_typesupport_introspection_cpp.hpp
[4.903s] -- Up-to-date: /home/iju/S08P31C208/ROS/robot_ws/install/nav2_msgs/include/nav2_msgs/action/random_crawl__rosidl_typesupport_introspection_cpp.hpp
[4.903s] -- Up-to-date: /home/iju/S08P31C208/ROS/robot_ws/install/nav2_msgs/include/nav2_msgs/action/dummy_recovery__rosidl_typesupport_introspection_cpp.hpp
[4.903s] -- Up-to-date: /home/iju/S08P31C208/ROS/robot_ws/install/nav2_msgs/include/nav2_msgs/action/back_up__type_support.cpp
[4.903s] -- Up-to-date: /home/iju/S08P31C208/ROS/robot_ws/install/nav2_msgs/include/nav2_msgs/action/compute_path_to_pose__rosidl_typesupport_introspection_cpp.hpp
[4.903s] -- Up-to-date: /home/iju/S08P31C208/ROS/robot_ws/install/nav2_msgs/include/nav2_msgs/action/compute_path_to_pose__type_support.cpp
[4.903s] -- Up-to-date: /home/iju/S08P31C208/ROS/robot_ws/install/nav2_msgs/include/nav2_msgs/action/spin__rosidl_typesupport_introspection_cpp.hpp
[4.903s] -- Up-to-date: /home/iju/S08P31C208/ROS/robot_ws/install/nav2_msgs/include/nav2_msgs/action/back_up__rosidl_typesupport_introspection_cpp.hpp
[4.903s] -- Up-to-date: /home/iju/S08P31C208/ROS/robot_ws/install/nav2_msgs/include/nav2_msgs/action/dummy_recovery__type_support.cpp
[4.904s] -- Up-to-date: /home/iju/S08P31C208/ROS/robot_ws/install/nav2_msgs/include/nav2_msgs/action/follow_path__type_support.cpp
[4.904s] -- Up-to-date: /home/iju/S08P31C208/ROS/robot_ws/install/nav2_msgs/include/nav2_msgs/action/navigate_to_pose__type_support.cpp
[4.904s] -- Up-to-date: /home/iju/S08P31C208/ROS/robot_ws/install/nav2_msgs/include/nav2_msgs/action/follow_path__rosidl_typesupport_introspection_cpp.hpp
[4.904s] -- Up-to-date: /home/iju/S08P31C208/ROS/robot_ws/install/nav2_msgs/include/nav2_msgs/action/spin__type_support.cpp
[4.904s] -- Up-to-date: /home/iju/S08P31C208/ROS/robot_ws/install/nav2_msgs/include/nav2_msgs/action/random_crawl__type_support.cpp
[4.904s] -- Up-to-date: /home/iju/S08P31C208/ROS/robot_ws/install/nav2_msgs/include/nav2_msgs/srv
[4.904s] -- Up-to-date: /home/iju/S08P31C208/ROS/robot_ws/install/nav2_msgs/include/nav2_msgs/srv/clear_costmap_around_robot__rosidl_typesupport_introspection_cpp.hpp
[4.904s] -- Up-to-date: /home/iju/S08P31C208/ROS/robot_ws/install/nav2_msgs/include/nav2_msgs/srv/clear_costmap_except_region__type_support.cpp
[4.904s] -- Up-to-date: /home/iju/S08P31C208/ROS/robot_ws/install/nav2_msgs/include/nav2_msgs/srv/get_costmap__type_support.cpp
[4.905s] -- Up-to-date: /home/iju/S08P31C208/ROS/robot_ws/install/nav2_msgs/include/nav2_msgs/srv/clear_entire_costmap__rosidl_typesupport_introspection_cpp.hpp
[4.905s] -- Up-to-date: /home/iju/S08P31C208/ROS/robot_ws/install/nav2_msgs/include/nav2_msgs/srv/clear_costmap_except_region__rosidl_typesupport_introspection_cpp.hpp
[4.905s] -- Up-to-date: /home/iju/S08P31C208/ROS/robot_ws/install/nav2_msgs/include/nav2_msgs/srv/get_costmap__rosidl_typesupport_introspection_cpp.hpp
[4.905s] -- Up-to-date: /home/iju/S08P31C208/ROS/robot_ws/install/nav2_msgs/include/nav2_msgs/srv/clear_entire_costmap__type_support.cpp
[4.905s] -- Up-to-date: /home/iju/S08P31C208/ROS/robot_ws/install/nav2_msgs/include/nav2_msgs/srv/clear_costmap_around_robot__type_support.cpp
[4.905s] -- Up-to-date: /home/iju/S08P31C208/ROS/robot_ws/install/nav2_msgs/include/nav2_msgs/msg
[4.905s] -- Up-to-date: /home/iju/S08P31C208/ROS/robot_ws/install/nav2_msgs/include/nav2_msgs/msg/path__type_support.cpp
[4.905s] -- Up-to-date: /home/iju/S08P31C208/ROS/robot_ws/install/nav2_msgs/include/nav2_msgs/msg/path__rosidl_typesupport_introspection_cpp.hpp
[4.905s] -- Up-to-date: /home/iju/S08P31C208/ROS/robot_ws/install/nav2_msgs/include/nav2_msgs/msg/costmap_meta_data__rosidl_typesupport_introspection_cpp.hpp
[4.905s] -- Up-to-date: /home/iju/S08P31C208/ROS/robot_ws/install/nav2_msgs/include/nav2_msgs/msg/voxel_grid__type_support.cpp
[4.906s] -- Up-to-date: /home/iju/S08P31C208/ROS/robot_ws/install/nav2_msgs/include/nav2_msgs/msg/voxel_grid__rosidl_typesupport_introspection_cpp.hpp
[4.906s] -- Up-to-date: /home/iju/S08P31C208/ROS/robot_ws/install/nav2_msgs/include/nav2_msgs/msg/costmap__rosidl_typesupport_introspection_cpp.hpp
[4.906s] -- Up-to-date: /home/iju/S08P31C208/ROS/robot_ws/install/nav2_msgs/include/nav2_msgs/msg/costmap__type_support.cpp
[4.906s] -- Up-to-date: /home/iju/S08P31C208/ROS/robot_ws/install/nav2_msgs/include/nav2_msgs/msg/costmap_meta_data__type_support.cpp
[4.906s] -- Up-to-date: /home/iju/S08P31C208/ROS/robot_ws/install/nav2_msgs/lib/libnav2_msgs__rosidl_typesupport_introspection_cpp.so
[4.906s] -- Up-to-date: /home/iju/S08P31C208/ROS/robot_ws/install/nav2_msgs/include/nav2_msgs
[4.906s] -- Up-to-date: /home/iju/S08P31C208/ROS/robot_ws/install/nav2_msgs/include/nav2_msgs/action
[4.906s] -- Up-to-date: /home/iju/S08P31C208/ROS/robot_ws/install/nav2_msgs/include/nav2_msgs/action/back_up__rosidl_typesupport_fastrtps_c.h
[4.906s] -- Up-to-date: /home/iju/S08P31C208/ROS/robot_ws/install/nav2_msgs/include/nav2_msgs/action/compute_path_to_pose__rosidl_typesupport_fastrtps_c.h
[4.906s] -- Up-to-date: /home/iju/S08P31C208/ROS/robot_ws/install/nav2_msgs/include/nav2_msgs/action/dummy_recovery__rosidl_typesupport_fastrtps_c.h
[4.906s] -- Up-to-date: /home/iju/S08P31C208/ROS/robot_ws/install/nav2_msgs/include/nav2_msgs/action/random_crawl__rosidl_typesupport_fastrtps_c.h
[4.907s] -- Up-to-date: /home/iju/S08P31C208/ROS/robot_ws/install/nav2_msgs/include/nav2_msgs/action/navigate_to_pose__rosidl_typesupport_fastrtps_c.h
[4.907s] -- Up-to-date: /home/iju/S08P31C208/ROS/robot_ws/install/nav2_msgs/include/nav2_msgs/action/follow_path__rosidl_typesupport_fastrtps_c.h
[4.907s] -- Up-to-date: /home/iju/S08P31C208/ROS/robot_ws/install/nav2_msgs/include/nav2_msgs/action/spin__rosidl_typesupport_fastrtps_c.h
[4.907s] -- Up-to-date: /home/iju/S08P31C208/ROS/robot_ws/install/nav2_msgs/include/nav2_msgs/srv
[4.908s] -- Up-to-date: /home/iju/S08P31C208/ROS/robot_ws/install/nav2_msgs/include/nav2_msgs/srv/clear_costmap_except_region__rosidl_typesupport_fastrtps_c.h
[4.909s] -- Up-to-date: /home/iju/S08P31C208/ROS/robot_ws/install/nav2_msgs/include/nav2_msgs/srv/get_costmap__rosidl_typesupport_fastrtps_c.h
[4.909s] -- Up-to-date: /home/iju/S08P31C208/ROS/robot_ws/install/nav2_msgs/include/nav2_msgs/srv/clear_costmap_around_robot__rosidl_typesupport_fastrtps_c.h
[4.909s] -- Up-to-date: /home/iju/S08P31C208/ROS/robot_ws/install/nav2_msgs/include/nav2_msgs/srv/clear_entire_costmap__rosidl_typesupport_fastrtps_c.h
[4.909s] -- Up-to-date: /home/iju/S08P31C208/ROS/robot_ws/install/nav2_msgs/include/nav2_msgs/msg
[4.909s] -- Up-to-date: /home/iju/S08P31C208/ROS/robot_ws/install/nav2_msgs/include/nav2_msgs/msg/path__rosidl_typesupport_fastrtps_c.h
[4.909s] -- Up-to-date: /home/iju/S08P31C208/ROS/robot_ws/install/nav2_msgs/include/nav2_msgs/msg/costmap__rosidl_typesupport_fastrtps_c.h
[4.909s] -- Up-to-date: /home/iju/S08P31C208/ROS/robot_ws/install/nav2_msgs/include/nav2_msgs/msg/voxel_grid__rosidl_typesupport_fastrtps_c.h
[4.909s] -- Up-to-date: /home/iju/S08P31C208/ROS/robot_ws/install/nav2_msgs/include/nav2_msgs/msg/costmap_meta_data__rosidl_typesupport_fastrtps_c.h
[4.910s] -- Up-to-date: /home/iju/S08P31C208/ROS/robot_ws/install/nav2_msgs/include/nav2_msgs/msg/rosidl_typesupport_fastrtps_c__visibility_control.h
[4.910s] -- Up-to-date: /home/iju/S08P31C208/ROS/robot_ws/install/nav2_msgs/lib/libnav2_msgs__rosidl_typesupport_fastrtps_c.so
[4.910s] -- Up-to-date: /home/iju/S08P31C208/ROS/robot_ws/install/nav2_msgs/include/nav2_msgs
[4.910s] -- Up-to-date: /home/iju/S08P31C208/ROS/robot_ws/install/nav2_msgs/include/nav2_msgs/action
[4.910s] -- Up-to-date: /home/iju/S08P31C208/ROS/robot_ws/install/nav2_msgs/include/nav2_msgs/action/dummy_recovery__rosidl_typesupport_fastrtps_cpp.hpp
[4.910s] -- Up-to-date: /home/iju/S08P31C208/ROS/robot_ws/install/nav2_msgs/include/nav2_msgs/action/spin__rosidl_typesupport_fastrtps_cpp.hpp
[4.910s] -- Up-to-date: /home/iju/S08P31C208/ROS/robot_ws/install/nav2_msgs/include/nav2_msgs/action/compute_path_to_pose__rosidl_typesupport_fastrtps_cpp.hpp
[4.910s] -- Up-to-date: /home/iju/S08P31C208/ROS/robot_ws/install/nav2_msgs/include/nav2_msgs/action/dds_fastrtps
[4.910s] -- Up-to-date: /home/iju/S08P31C208/ROS/robot_ws/install/nav2_msgs/include/nav2_msgs/action/follow_path__rosidl_typesupport_fastrtps_cpp.hpp
[4.910s] -- Up-to-date: /home/iju/S08P31C208/ROS/robot_ws/install/nav2_msgs/include/nav2_msgs/action/random_crawl__rosidl_typesupport_fastrtps_cpp.hpp
[4.910s] -- Up-to-date: /home/iju/S08P31C208/ROS/robot_ws/install/nav2_msgs/include/nav2_msgs/action/back_up__rosidl_typesupport_fastrtps_cpp.hpp
[4.911s] -- Up-to-date: /home/iju/S08P31C208/ROS/robot_ws/install/nav2_msgs/include/nav2_msgs/action/navigate_to_pose__rosidl_typesupport_fastrtps_cpp.hpp
[4.911s] -- Up-to-date: /home/iju/S08P31C208/ROS/robot_ws/install/nav2_msgs/include/nav2_msgs/srv
[4.911s] -- Up-to-date: /home/iju/S08P31C208/ROS/robot_ws/install/nav2_msgs/include/nav2_msgs/srv/clear_costmap_except_region__rosidl_typesupport_fastrtps_cpp.hpp
[4.911s] -- Up-to-date: /home/iju/S08P31C208/ROS/robot_ws/install/nav2_msgs/include/nav2_msgs/srv/clear_entire_costmap__rosidl_typesupport_fastrtps_cpp.hpp
[4.914s] -- Up-to-date: /home/iju/S08P31C208/ROS/robot_ws/install/nav2_msgs/include/nav2_msgs/srv/dds_fastrtps
[4.915s] -- Up-to-date: /home/iju/S08P31C208/ROS/robot_ws/install/nav2_msgs/include/nav2_msgs/srv/get_costmap__rosidl_typesupport_fastrtps_cpp.hpp
[4.915s] -- Up-to-date: /home/iju/S08P31C208/ROS/robot_ws/install/nav2_msgs/include/nav2_msgs/srv/clear_costmap_around_robot__rosidl_typesupport_fastrtps_cpp.hpp
[4.915s] -- Up-to-date: /home/iju/S08P31C208/ROS/robot_ws/install/nav2_msgs/include/nav2_msgs/msg
[4.915s] -- Up-to-date: /home/iju/S08P31C208/ROS/robot_ws/install/nav2_msgs/include/nav2_msgs/msg/dds_fastrtps
[4.915s] -- Up-to-date: /home/iju/S08P31C208/ROS/robot_ws/install/nav2_msgs/include/nav2_msgs/msg/voxel_grid__rosidl_typesupport_fastrtps_cpp.hpp
[4.915s] -- Up-to-date: /home/iju/S08P31C208/ROS/robot_ws/install/nav2_msgs/include/nav2_msgs/msg/rosidl_typesupport_fastrtps_cpp__visibility_control.h
[4.915s] -- Up-to-date: /home/iju/S08P31C208/ROS/robot_ws/install/nav2_msgs/include/nav2_msgs/msg/costmap_meta_data__rosidl_typesupport_fastrtps_cpp.hpp
[4.915s] -- Up-to-date: /home/iju/S08P31C208/ROS/robot_ws/install/nav2_msgs/include/nav2_msgs/msg/path__rosidl_typesupport_fastrtps_cpp.hpp
[4.916s] -- Up-to-date: /home/iju/S08P31C208/ROS/robot_ws/install/nav2_msgs/include/nav2_msgs/msg/costmap__rosidl_typesupport_fastrtps_cpp.hpp
[4.916s] -- Up-to-date: /home/iju/S08P31C208/ROS/robot_ws/install/nav2_msgs/lib/libnav2_msgs__rosidl_typesupport_fastrtps_cpp.so
[4.916s] -- Up-to-date: /home/iju/S08P31C208/ROS/robot_ws/install/nav2_msgs/share/nav2_msgs/environment/pythonpath.sh
[4.916s] -- Up-to-date: /home/iju/S08P31C208/ROS/robot_ws/install/nav2_msgs/lib/python3.6/site-packages/nav2_msgs/__init__.py
[4.955s] -- Up-to-date: /home/iju/S08P31C208/ROS/robot_ws/install/nav2_msgs/lib/python3.6/site-packages/nav2_msgs/msg
[4.955s] -- Up-to-date: /home/iju/S08P31C208/ROS/robot_ws/install/nav2_msgs/lib/python3.6/site-packages/nav2_msgs/msg/_costmap_s.c
[4.955s] -- Up-to-date: /home/iju/S08P31C208/ROS/robot_ws/install/nav2_msgs/lib/python3.6/site-packages/nav2_msgs/msg/_costmap.py
[4.956s] -- Up-to-date: /home/iju/S08P31C208/ROS/robot_ws/install/nav2_msgs/lib/python3.6/site-packages/nav2_msgs/msg/_costmap_meta_data.py
[4.956s] -- Up-to-date: /home/iju/S08P31C208/ROS/robot_ws/install/nav2_msgs/lib/python3.6/site-packages/nav2_msgs/msg/_voxel_grid.py
[4.956s] -- Up-to-date: /home/iju/S08P31C208/ROS/robot_ws/install/nav2_msgs/lib/python3.6/site-packages/nav2_msgs/msg/_path_s.c
[4.956s] -- Up-to-date: /home/iju/S08P31C208/ROS/robot_ws/install/nav2_msgs/lib/python3.6/site-packages/nav2_msgs/msg/_voxel_grid_s.c
[4.956s] -- Up-to-date: /home/iju/S08P31C208/ROS/robot_ws/install/nav2_msgs/lib/python3.6/site-packages/nav2_msgs/msg/_costmap_meta_data_s.c
[4.956s] -- Up-to-date: /home/iju/S08P31C208/ROS/robot_ws/install/nav2_msgs/lib/python3.6/site-packages/nav2_msgs/msg/_path.py
[4.956s] -- Up-to-date: /home/iju/S08P31C208/ROS/robot_ws/install/nav2_msgs/lib/python3.6/site-packages/nav2_msgs/msg/__init__.py
[4.959s] -- Up-to-date: /home/iju/S08P31C208/ROS/robot_ws/install/nav2_msgs/lib/python3.6/site-packages/nav2_msgs/srv
[4.959s] -- Up-to-date: /home/iju/S08P31C208/ROS/robot_ws/install/nav2_msgs/lib/python3.6/site-packages/nav2_msgs/srv/_clear_costmap_around_robot.py
[4.959s] -- Up-to-date: /home/iju/S08P31C208/ROS/robot_ws/install/nav2_msgs/lib/python3.6/site-packages/nav2_msgs/srv/_clear_costmap_except_region_s.c
[4.959s] -- Up-to-date: /home/iju/S08P31C208/ROS/robot_ws/install/nav2_msgs/lib/python3.6/site-packages/nav2_msgs/srv/_get_costmap.py
[4.959s] -- Up-to-date: /home/iju/S08P31C208/ROS/robot_ws/install/nav2_msgs/lib/python3.6/site-packages/nav2_msgs/srv/_clear_costmap_except_region.py
[4.959s] -- Up-to-date: /home/iju/S08P31C208/ROS/robot_ws/install/nav2_msgs/lib/python3.6/site-packages/nav2_msgs/srv/_clear_entire_costmap_s.c
[4.959s] -- Up-to-date: /home/iju/S08P31C208/ROS/robot_ws/install/nav2_msgs/lib/python3.6/site-packages/nav2_msgs/srv/__init__.py
[4.959s] -- Up-to-date: /home/iju/S08P31C208/ROS/robot_ws/install/nav2_msgs/lib/python3.6/site-packages/nav2_msgs/srv/_clear_entire_costmap.py
[4.959s] -- Up-to-date: /home/iju/S08P31C208/ROS/robot_ws/install/nav2_msgs/lib/python3.6/site-packages/nav2_msgs/srv/_get_costmap_s.c
[4.960s] -- Up-to-date: /home/iju/S08P31C208/ROS/robot_ws/install/nav2_msgs/lib/python3.6/site-packages/nav2_msgs/srv/_clear_costmap_around_robot_s.c
[4.960s] -- Up-to-date: /home/iju/S08P31C208/ROS/robot_ws/install/nav2_msgs/lib/python3.6/site-packages/nav2_msgs/action
[4.960s] -- Up-to-date: /home/iju/S08P31C208/ROS/robot_ws/install/nav2_msgs/lib/python3.6/site-packages/nav2_msgs/action/_back_up.py
[4.960s] -- Up-to-date: /home/iju/S08P31C208/ROS/robot_ws/install/nav2_msgs/lib/python3.6/site-packages/nav2_msgs/action/_dummy_recovery_s.c
[4.960s] -- Up-to-date: /home/iju/S08P31C208/ROS/robot_ws/install/nav2_msgs/lib/python3.6/site-packages/nav2_msgs/action/_random_crawl_s.c
[4.960s] -- Up-to-date: /home/iju/S08P31C208/ROS/robot_ws/install/nav2_msgs/lib/python3.6/site-packages/nav2_msgs/action/_spin_s.c
[4.960s] -- Up-to-date: /home/iju/S08P31C208/ROS/robot_ws/install/nav2_msgs/lib/python3.6/site-packages/nav2_msgs/action/_navigate_to_pose.py
[4.960s] -- Up-to-date: /home/iju/S08P31C208/ROS/robot_ws/install/nav2_msgs/lib/python3.6/site-packages/nav2_msgs/action/_follow_path_s.c
[4.961s] -- Up-to-date: /home/iju/S08P31C208/ROS/robot_ws/install/nav2_msgs/lib/python3.6/site-packages/nav2_msgs/action/_compute_path_to_pose.py
[4.961s] -- Up-to-date: /home/iju/S08P31C208/ROS/robot_ws/install/nav2_msgs/lib/python3.6/site-packages/nav2_msgs/action/_compute_path_to_pose_s.c
[4.961s] -- Up-to-date: /home/iju/S08P31C208/ROS/robot_ws/install/nav2_msgs/lib/python3.6/site-packages/nav2_msgs/action/_follow_path.py
[4.961s] -- Up-to-date: /home/iju/S08P31C208/ROS/robot_ws/install/nav2_msgs/lib/python3.6/site-packages/nav2_msgs/action/_spin.py
[4.961s] -- Up-to-date: /home/iju/S08P31C208/ROS/robot_ws/install/nav2_msgs/lib/python3.6/site-packages/nav2_msgs/action/__init__.py
[4.961s] -- Up-to-date: /home/iju/S08P31C208/ROS/robot_ws/install/nav2_msgs/lib/python3.6/site-packages/nav2_msgs/action/_navigate_to_pose_s.c
[4.961s] -- Up-to-date: /home/iju/S08P31C208/ROS/robot_ws/install/nav2_msgs/lib/python3.6/site-packages/nav2_msgs/action/_random_crawl.py
[4.961s] -- Up-to-date: /home/iju/S08P31C208/ROS/robot_ws/install/nav2_msgs/lib/python3.6/site-packages/nav2_msgs/action/_back_up_s.c
[4.962s] -- Up-to-date: /home/iju/S08P31C208/ROS/robot_ws/install/nav2_msgs/lib/python3.6/site-packages/nav2_msgs/action/_dummy_recovery.py
[4.962s] -- Up-to-date: /home/iju/S08P31C208/ROS/robot_ws/install/nav2_msgs/lib/python3.6/site-packages/nav2_msgs/nav2_msgs_s__rosidl_typesupport_c.cpython-36m-x86_64-linux-gnu.so
[4.962s] -- Up-to-date: /home/iju/S08P31C208/ROS/robot_ws/install/nav2_msgs/lib/python3.6/site-packages/nav2_msgs/nav2_msgs_s__rosidl_typesupport_introspection_c.cpython-36m-x86_64-linux-gnu.so
[4.963s] -- Up-to-date: /home/iju/S08P31C208/ROS/robot_ws/install/nav2_msgs/lib/python3.6/site-packages/nav2_msgs/nav2_msgs_s__rosidl_typesupport_fastrtps_c.cpython-36m-x86_64-linux-gnu.so
[4.963s] -- Up-to-date: /home/iju/S08P31C208/ROS/robot_ws/install/nav2_msgs/lib/libnav2_msgs__python.so
[4.965s] -- Up-to-date: /home/iju/S08P31C208/ROS/robot_ws/install/nav2_msgs/share/nav2_msgs/msg/Costmap.idl
[4.966s] -- Up-to-date: /home/iju/S08P31C208/ROS/robot_ws/install/nav2_msgs/share/nav2_msgs/msg/CostmapMetaData.idl
[4.966s] -- Up-to-date: /home/iju/S08P31C208/ROS/robot_ws/install/nav2_msgs/share/nav2_msgs/msg/Path.idl
[4.966s] -- Up-to-date: /home/iju/S08P31C208/ROS/robot_ws/install/nav2_msgs/share/nav2_msgs/msg/VoxelGrid.idl
[4.966s] -- Up-to-date: /home/iju/S08P31C208/ROS/robot_ws/install/nav2_msgs/share/nav2_msgs/srv/GetCostmap.idl
[4.966s] -- Up-to-date: /home/iju/S08P31C208/ROS/robot_ws/install/nav2_msgs/share/nav2_msgs/srv/ClearCostmapExceptRegion.idl
[4.966s] -- Up-to-date: /home/iju/S08P31C208/ROS/robot_ws/install/nav2_msgs/share/nav2_msgs/srv/ClearCostmapAroundRobot.idl
[4.966s] -- Up-to-date: /home/iju/S08P31C208/ROS/robot_ws/install/nav2_msgs/share/nav2_msgs/srv/ClearEntireCostmap.idl
[4.966s] -- Up-to-date: /home/iju/S08P31C208/ROS/robot_ws/install/nav2_msgs/share/nav2_msgs/action/BackUp.idl
[4.966s] -- Up-to-date: /home/iju/S08P31C208/ROS/robot_ws/install/nav2_msgs/share/nav2_msgs/action/ComputePathToPose.idl
[4.966s] -- Up-to-date: /home/iju/S08P31C208/ROS/robot_ws/install/nav2_msgs/share/nav2_msgs/action/FollowPath.idl
[4.966s] -- Up-to-date: /home/iju/S08P31C208/ROS/robot_ws/install/nav2_msgs/share/nav2_msgs/action/NavigateToPose.idl
[4.967s] -- Up-to-date: /home/iju/S08P31C208/ROS/robot_ws/install/nav2_msgs/share/nav2_msgs/action/Spin.idl
[4.967s] -- Up-to-date: /home/iju/S08P31C208/ROS/robot_ws/install/nav2_msgs/share/nav2_msgs/action/DummyRecovery.idl
[4.967s] -- Up-to-date: /home/iju/S08P31C208/ROS/robot_ws/install/nav2_msgs/share/nav2_msgs/action/RandomCrawl.idl
[4.967s] -- Up-to-date: /home/iju/S08P31C208/ROS/robot_ws/install/nav2_msgs/share/nav2_msgs/msg/Costmap.msg
[4.967s] -- Up-to-date: /home/iju/S08P31C208/ROS/robot_ws/install/nav2_msgs/share/nav2_msgs/msg/CostmapMetaData.msg
[4.967s] -- Up-to-date: /home/iju/S08P31C208/ROS/robot_ws/install/nav2_msgs/share/nav2_msgs/msg/Path.msg
[4.967s] -- Up-to-date: /home/iju/S08P31C208/ROS/robot_ws/install/nav2_msgs/share/nav2_msgs/msg/VoxelGrid.msg
[4.967s] -- Up-to-date: /home/iju/S08P31C208/ROS/robot_ws/install/nav2_msgs/share/nav2_msgs/srv/GetCostmap.srv
[4.967s] -- Up-to-date: /home/iju/S08P31C208/ROS/robot_ws/install/nav2_msgs/share/nav2_msgs/srv/GetCostmap_Request.msg
[4.968s] -- Up-to-date: /home/iju/S08P31C208/ROS/robot_ws/install/nav2_msgs/share/nav2_msgs/srv/GetCostmap_Response.msg
[4.968s] -- Up-to-date: /home/iju/S08P31C208/ROS/robot_ws/install/nav2_msgs/share/nav2_msgs/srv/ClearCostmapExceptRegion.srv
[4.968s] -- Up-to-date: /home/iju/S08P31C208/ROS/robot_ws/install/nav2_msgs/share/nav2_msgs/srv/ClearCostmapExceptRegion_Request.msg
[4.968s] -- Up-to-date: /home/iju/S08P31C208/ROS/robot_ws/install/nav2_msgs/share/nav2_msgs/srv/ClearCostmapExceptRegion_Response.msg
[4.968s] -- Up-to-date: /home/iju/S08P31C208/ROS/robot_ws/install/nav2_msgs/share/nav2_msgs/srv/ClearCostmapAroundRobot.srv
[4.968s] -- Up-to-date: /home/iju/S08P31C208/ROS/robot_ws/install/nav2_msgs/share/nav2_msgs/srv/ClearCostmapAroundRobot_Request.msg
[4.968s] -- Up-to-date: /home/iju/S08P31C208/ROS/robot_ws/install/nav2_msgs/share/nav2_msgs/srv/ClearCostmapAroundRobot_Response.msg
[4.968s] -- Up-to-date: /home/iju/S08P31C208/ROS/robot_ws/install/nav2_msgs/share/nav2_msgs/srv/ClearEntireCostmap.srv
[4.968s] -- Up-to-date: /home/iju/S08P31C208/ROS/robot_ws/install/nav2_msgs/share/nav2_msgs/srv/ClearEntireCostmap_Request.msg
[4.968s] -- Up-to-date: /home/iju/S08P31C208/ROS/robot_ws/install/nav2_msgs/share/nav2_msgs/srv/ClearEntireCostmap_Response.msg
[4.968s] -- Up-to-date: /home/iju/S08P31C208/ROS/robot_ws/install/nav2_msgs/share/nav2_msgs/action/BackUp.action
[4.969s] -- Up-to-date: /home/iju/S08P31C208/ROS/robot_ws/install/nav2_msgs/share/nav2_msgs/action/ComputePathToPose.action
[4.969s] -- Up-to-date: /home/iju/S08P31C208/ROS/robot_ws/install/nav2_msgs/share/nav2_msgs/action/FollowPath.action
[4.969s] -- Up-to-date: /home/iju/S08P31C208/ROS/robot_ws/install/nav2_msgs/share/nav2_msgs/action/NavigateToPose.action
[4.969s] -- Up-to-date: /home/iju/S08P31C208/ROS/robot_ws/install/nav2_msgs/share/nav2_msgs/action/Spin.action
[4.969s] -- Up-to-date: /home/iju/S08P31C208/ROS/robot_ws/install/nav2_msgs/share/nav2_msgs/action/DummyRecovery.action
[4.969s] -- Up-to-date: /home/iju/S08P31C208/ROS/robot_ws/install/nav2_msgs/share/nav2_msgs/action/RandomCrawl.action
[4.969s] -- Up-to-date: /home/iju/S08P31C208/ROS/robot_ws/install/nav2_msgs/share/ament_index/resource_index/package_run_dependencies/nav2_msgs
[4.969s] -- Up-to-date: /home/iju/S08P31C208/ROS/robot_ws/install/nav2_msgs/share/ament_index/resource_index/parent_prefix_path/nav2_msgs
[4.969s] -- Up-to-date: /home/iju/S08P31C208/ROS/robot_ws/install/nav2_msgs/share/nav2_msgs/environment/ament_prefix_path.sh
[4.969s] -- Up-to-date: /home/iju/S08P31C208/ROS/robot_ws/install/nav2_msgs/share/nav2_msgs/environment/path.sh
[4.969s] -- Up-to-date: /home/iju/S08P31C208/ROS/robot_ws/install/nav2_msgs/share/nav2_msgs/local_setup.bash
[4.969s] -- Up-to-date: /home/iju/S08P31C208/ROS/robot_ws/install/nav2_msgs/share/nav2_msgs/local_setup.sh
[4.969s] -- Up-to-date: /home/iju/S08P31C208/ROS/robot_ws/install/nav2_msgs/share/nav2_msgs/local_setup.zsh
[4.969s] -- Up-to-date: /home/iju/S08P31C208/ROS/robot_ws/install/nav2_msgs/share/ament_index/resource_index/packages/nav2_msgs
[4.970s] -- Up-to-date: /home/iju/S08P31C208/ROS/robot_ws/install/nav2_msgs/share/nav2_msgs/cmake/rosidl_cmake-extras.cmake
[4.970s] -- Up-to-date: /home/iju/S08P31C208/ROS/robot_ws/install/nav2_msgs/share/nav2_msgs/cmake/ament_cmake_export_dependencies-extras.cmake
[4.970s] -- Up-to-date: /home/iju/S08P31C208/ROS/robot_ws/install/nav2_msgs/share/nav2_msgs/cmake/ament_cmake_export_include_directories-extras.cmake
[4.970s] -- Up-to-date: /home/iju/S08P31C208/ROS/robot_ws/install/nav2_msgs/share/nav2_msgs/cmake/ament_cmake_export_libraries-extras.cmake
[4.970s] -- Up-to-date: /home/iju/S08P31C208/ROS/robot_ws/install/nav2_msgs/share/nav2_msgs/cmake/nav2_msgsConfig.cmake
[4.970s] -- Up-to-date: /home/iju/S08P31C208/ROS/robot_ws/install/nav2_msgs/share/nav2_msgs/cmake/nav2_msgsConfig-version.cmake
[4.970s] -- Up-to-date: /home/iju/S08P31C208/ROS/robot_ws/install/nav2_msgs/share/nav2_msgs/package.xml
[5.004s] Invoked command in '/home/iju/S08P31C208/ROS/robot_ws/build/nav2_msgs' returned '0': CMAKE_PREFIX_PATH=/home/iju/S08P31C208/ROS/robot_ws/install/nav2_common:/home/iju/S08P31C208/ROS/robot_ws/install/turtlebot3_simulations:/home/iju/S08P31C208/ROS/robot_ws/install/turtlebot3_gazebo:/home/iju/S08P31C208/ROS/robot_ws/install/turtlebot3:/home/iju/S08P31C208/ROS/robot_ws/install/turtlebot3_bringup:/home/iju/S08P31C208/ROS/robot_ws/install/turtlebot3_node:/home/iju/S08P31C208/ROS/robot_ws/install/turtlebot3_navigation2:/home/iju/S08P31C208/ROS/robot_ws/install/turtlebot3_fake_node:/home/iju/S08P31C208/ROS/robot_ws/install/turtlebot3_msgs:/home/iju/S08P31C208/ROS/robot_ws/install/turtlebot3_description:/home/iju/S08P31C208/ROS/robot_ws/install/turtlebot3_cartographer:/home/iju/S08P31C208/ROS/robot_ws/install/turtle_cpp:/home/iju/S08P31C208/ROS/robot_ws/install/nav2_system_tests:/home/iju/S08P31C208/ROS/robot_ws/install/nav2_bringup:/home/iju/S08P31C208/ROS/robot_ws/install/navigation2:/home/iju/S08P31C208/ROS/robot_ws/install/nav2_dwb_controller:/home/iju/S08P31C208/ROS/robot_ws/install/dwb_plugins:/home/iju/S08P31C208/ROS/robot_ws/install/dwb_critics:/home/iju/S08P31C208/ROS/robot_ws/install/dwb_controller:/home/iju/S08P31C208/ROS/robot_ws/install/dwb_core:/home/iju/S08P31C208/ROS/robot_ws/install/nav_2d_utils:/home/iju/S08P31C208/ROS/robot_ws/install/dwb_msgs:/home/iju/S08P31C208/ROS/robot_ws/install/nav_2d_msgs:/home/iju/S08P31C208/ROS/robot_ws/install/nav2_world_model:/home/iju/S08P31C208/ROS/robot_ws/install/nav2_recoveries:/home/iju/S08P31C208/ROS/robot_ws/install/costmap_queue:/home/iju/S08P31C208/ROS/robot_ws/install/nav2_costmap_2d:/home/iju/S08P31C208/ROS/robot_ws/install/nav2_voxel_grid:/home/iju/S08P31C208/ROS/robot_ws/install/nav2_rviz_plugins:/home/iju/S08P31C208/ROS/robot_ws/install/nav2_navfn_planner:/home/iju/S08P31C208/ROS/robot_ws/install/nav2_map_server:/home/iju/S08P31C208/ROS/robot_ws/install/nav2_lifecycle_manager:/home/iju/S08P31C208/ROS/robot_ws/install/nav2_bt_navigator:/home/iju/S08P31C208/ROS/robot_ws/install/nav2_behavior_tree:/home/iju/S08P31C208/ROS/robot_ws/install/nav2_amcl:/home/iju/S08P31C208/ROS/robot_ws/install/nav2_util:/home/iju/S08P31C208/ROS/robot_ws/install/nav2_msgs:/home/iju/S08P31C208/ROS/robot_ws/install/nav2_dynamic_params:/home/iju/S08P31C208/ROS/robot_ws/install/gazebo_ros_pkgs:/home/iju/S08P31C208/ROS/robot_ws/install/gazebo_plugins:/home/iju/S08P31C208/ROS/robot_ws/install/gazebo_ros:/home/iju/S08P31C208/ROS/robot_ws/install/gazebo_msgs:/home/iju/S08P31C208/ROS/robot_ws/install/gazebo_dev:/home/iju/S08P31C208/ROS/robot_ws/install/dynamixel_sdk_examples:/home/iju/S08P31C208/ROS/robot_ws/install/dynamixel_sdk_custom_interfaces:/home/iju/S08P31C208/ROS/robot_ws/install/dynamixel_sdk:/home/iju/S08P31C208/ROS/robot_ws/install/turtlebot3_teleop:/home/iju/S08P31C208/ROS/robot_ws/install/turtlebot3_example:/opt/ros/dashing PS1=\u@\h \[\033[32m\]\w\[\033[33m\]$(parse_git_branch)\[\033[00m\] $ PYTHONPATH=/home/iju/S08P31C208/ROS/robot_ws/install/nav2_common/lib/python3.6/site-packages:/home/iju/S08P31C208/ROS/robot_ws/install/turtlebot3_teleop/lib/python3.6/site-packages:/home/iju/S08P31C208/ROS/robot_ws/install/turtlebot3_example/lib/python3.6/site-packages:/home/iju/S08P31C208/ROS/robot_ws/install/turtlebot3_msgs/lib/python3.6/site-packages:/home/iju/S08P31C208/ROS/robot_ws/install/dwb_msgs/lib/python3.6/site-packages:/home/iju/S08P31C208/ROS/robot_ws/install/nav_2d_msgs/lib/python3.6/site-packages:/home/iju/S08P31C208/ROS/robot_ws/install/nav2_msgs/lib/python3.6/site-packages:/home/iju/S08P31C208/ROS/robot_ws/install/gazebo_ros/lib/python3.6/site-packages:/home/iju/S08P31C208/ROS/robot_ws/install/gazebo_msgs/lib/python3.6/site-packages:/home/iju/S08P31C208/ROS/robot_ws/install/dynamixel_sdk_custom_interfaces/lib/python3.6/site-packages:/opt/ros/dashing/lib/python3.6/site-packages /usr/bin/cmake --build /home/iju/S08P31C208/ROS/robot_ws/build/nav2_msgs --target install -- -j6 -l6
