[0.071s] Invoking command in '/home/iju/S08P31C208/ROS/robot_ws/src/build/turtlebot3_navigation2': CMAKE_PREFIX_PATH=/opt/ros/dashing PS1=\u@\h \[\033[32m\]\w\[\033[33m\]$(parse_git_branch)\[\033[00m\] $ /usr/bin/cmake /home/iju/S08P31C208/ROS/robot_ws/src/turtlebot3/turtlebot3_navigation2 -DAMENT_CMAKE_SYMLINK_INSTALL=1 -DCMAKE_INSTALL_PREFIX=/home/iju/S08P31C208/ROS/robot_ws/src/install/turtlebot3_navigation2
[0.171s] -- The C compiler identification is GNU 7.5.0
[0.270s] -- The CXX compiler identification is GNU 7.5.0
[0.276s] -- Check for working C compiler: /usr/bin/cc
[0.391s] -- Check for working C compiler: /usr/bin/cc -- works
[0.392s] -- Detecting C compiler ABI info
[0.513s] -- Detecting C compiler ABI info - done
[0.522s] -- Detecting C compile features
[0.905s] -- Detecting C compile features - done
[0.906s] -- Check for working CXX compiler: /usr/bin/c++
[1.049s] -- Check for working CXX compiler: /usr/bin/c++ -- works
[1.049s] -- Detecting CXX compiler ABI info
[1.197s] -- Detecting CXX compiler ABI info - done
[1.205s] -- Detecting CXX compile features
[1.833s] -- Detecting CXX compile features - done
[1.839s] -- Found ament_cmake: 0.7.6 (/opt/ros/dashing/share/ament_cmake/cmake)
[1.891s] -- Found PythonInterp: /usr/bin/python3 (found suitable version "3.6.9", minimum required is "3") 
[1.891s] -- Using PYTHON_EXECUTABLE: /usr/bin/python3
[2.331s] -- Override CMake install command with custom implementation using symlinks instead of copying resources
[2.585s] -- Configuring done
[2.596s] -- Generating done
[2.596s] -- Build files have been written to: /home/iju/S08P31C208/ROS/robot_ws/src/build/turtlebot3_navigation2
[2.600s] Invoked command in '/home/iju/S08P31C208/ROS/robot_ws/src/build/turtlebot3_navigation2' returned '0': CMAKE_PREFIX_PATH=/opt/ros/dashing PS1=\u@\h \[\033[32m\]\w\[\033[33m\]$(parse_git_branch)\[\033[00m\] $ /usr/bin/cmake /home/iju/S08P31C208/ROS/robot_ws/src/turtlebot3/turtlebot3_navigation2 -DAMENT_CMAKE_SYMLINK_INSTALL=1 -DCMAKE_INSTALL_PREFIX=/home/iju/S08P31C208/ROS/robot_ws/src/install/turtlebot3_navigation2
[2.605s] Invoking command in '/home/iju/S08P31C208/ROS/robot_ws/src/build/turtlebot3_navigation2': CMAKE_PREFIX_PATH=/opt/ros/dashing PS1=\u@\h \[\033[32m\]\w\[\033[33m\]$(parse_git_branch)\[\033[00m\] $ /usr/bin/cmake --build /home/iju/S08P31C208/ROS/robot_ws/src/build/turtlebot3_navigation2 -- -j6 -l6
[2.711s] Invoked command in '/home/iju/S08P31C208/ROS/robot_ws/src/build/turtlebot3_navigation2' returned '0': CMAKE_PREFIX_PATH=/opt/ros/dashing PS1=\u@\h \[\033[32m\]\w\[\033[33m\]$(parse_git_branch)\[\033[00m\] $ /usr/bin/cmake --build /home/iju/S08P31C208/ROS/robot_ws/src/build/turtlebot3_navigation2 -- -j6 -l6
[2.836s] Invoking command in '/home/iju/S08P31C208/ROS/robot_ws/src/build/turtlebot3_navigation2': CMAKE_PREFIX_PATH=/opt/ros/dashing PS1=\u@\h \[\033[32m\]\w\[\033[33m\]$(parse_git_branch)\[\033[00m\] $ /usr/bin/cmake --build /home/iju/S08P31C208/ROS/robot_ws/src/build/turtlebot3_navigation2 --target install -- -j6 -l6
[3.079s] [36mInstall the project...[0m
[3.106s] -- Install configuration: ""
[3.107s] -- Execute custom install script
[3.117s] -- Symlinking: /home/iju/S08P31C208/ROS/robot_ws/src/install/turtlebot3_navigation2/share/turtlebot3_navigation2/launch/navigation2.launch.py
[3.170s] -- Symlinking: /home/iju/S08P31C208/ROS/robot_ws/src/install/turtlebot3_navigation2/share/turtlebot3_navigation2/map/map.pgm
[3.203s] -- Symlinking: /home/iju/S08P31C208/ROS/robot_ws/src/install/turtlebot3_navigation2/share/turtlebot3_navigation2/map/map.yaml
[3.263s] -- Symlinking: /home/iju/S08P31C208/ROS/robot_ws/src/install/turtlebot3_navigation2/share/turtlebot3_navigation2/param/burger.yaml
[3.283s] -- Symlinking: /home/iju/S08P31C208/ROS/robot_ws/src/install/turtlebot3_navigation2/share/turtlebot3_navigation2/param/waffle.yaml
[3.301s] -- Symlinking: /home/iju/S08P31C208/ROS/robot_ws/src/install/turtlebot3_navigation2/share/turtlebot3_navigation2/param/waffle_pi.yaml
[3.335s] -- Symlinking: /home/iju/S08P31C208/ROS/robot_ws/src/install/turtlebot3_navigation2/share/turtlebot3_navigation2/rviz/tb3_navigation2.rviz
[3.368s] -- Symlinking: /home/iju/S08P31C208/ROS/robot_ws/src/install/turtlebot3_navigation2/share/ament_index/resource_index/package_run_dependencies/turtlebot3_navigation2
[3.413s] -- Symlinking: /home/iju/S08P31C208/ROS/robot_ws/src/install/turtlebot3_navigation2/share/ament_index/resource_index/parent_prefix_path/turtlebot3_navigation2
[3.460s] -- Symlinking: /home/iju/S08P31C208/ROS/robot_ws/src/install/turtlebot3_navigation2/share/turtlebot3_navigation2/environment/ament_prefix_path.sh
[3.488s] -- Symlinking: /home/iju/S08P31C208/ROS/robot_ws/src/install/turtlebot3_navigation2/share/turtlebot3_navigation2/environment/path.sh
[3.513s] -- Symlinking: /home/iju/S08P31C208/ROS/robot_ws/src/install/turtlebot3_navigation2/share/turtlebot3_navigation2/local_setup.bash
[3.535s] -- Symlinking: /home/iju/S08P31C208/ROS/robot_ws/src/install/turtlebot3_navigation2/share/turtlebot3_navigation2/local_setup.sh
[3.568s] -- Symlinking: /home/iju/S08P31C208/ROS/robot_ws/src/install/turtlebot3_navigation2/share/turtlebot3_navigation2/local_setup.zsh
[3.601s] -- Symlinking: /home/iju/S08P31C208/ROS/robot_ws/src/install/turtlebot3_navigation2/share/ament_index/resource_index/packages/turtlebot3_navigation2
[3.643s] -- Symlinking: /home/iju/S08P31C208/ROS/robot_ws/src/install/turtlebot3_navigation2/share/turtlebot3_navigation2/cmake/turtlebot3_navigation2Config.cmake
[3.667s] -- Symlinking: /home/iju/S08P31C208/ROS/robot_ws/src/install/turtlebot3_navigation2/share/turtlebot3_navigation2/cmake/turtlebot3_navigation2Config-version.cmake
[3.732s] -- Symlinking: /home/iju/S08P31C208/ROS/robot_ws/src/install/turtlebot3_navigation2/share/turtlebot3_navigation2/package.xml
[3.912s] Invoked command in '/home/iju/S08P31C208/ROS/robot_ws/src/build/turtlebot3_navigation2' returned '0': CMAKE_PREFIX_PATH=/opt/ros/dashing PS1=\u@\h \[\033[32m\]\w\[\033[33m\]$(parse_git_branch)\[\033[00m\] $ /usr/bin/cmake --build /home/iju/S08P31C208/ROS/robot_ws/src/build/turtlebot3_navigation2 --target install -- -j6 -l6
