Determining if the pthread_create exist failed with the following output:
Change Dir: /home/iju/S08P31C208/ROS/robot_ws/build/nav2_recoveries/CMakeFiles/CMakeTmp

Run Build Command:"/usr/bin/make" "cmTC_ccbd9/fast"
/usr/bin/make -f CMakeFiles/cmTC_ccbd9.dir/build.make CMakeFiles/cmTC_ccbd9.dir/build
make[1]: Entering directory '/home/iju/S08P31C208/ROS/robot_ws/build/nav2_recoveries/CMakeFiles/CMakeTmp'
Building C object CMakeFiles/cmTC_ccbd9.dir/CheckSymbolExists.c.o
/usr/bin/cc    -o CMakeFiles/cmTC_ccbd9.dir/CheckSymbolExists.c.o   -c /home/iju/S08P31C208/ROS/robot_ws/build/nav2_recoveries/CMakeFiles/CMakeTmp/CheckSymbolExists.c
Linking C executable cmTC_ccbd9
/usr/bin/cmake -E cmake_link_script CMakeFiles/cmTC_ccbd9.dir/link.txt --verbose=1
/usr/bin/cc      CMakeFiles/cmTC_ccbd9.dir/CheckSymbolExists.c.o  -o cmTC_ccbd9 
CMakeFiles/cmTC_ccbd9.dir/CheckSymbolExists.c.o: In function `main':
CheckSymbolExists.c:(.text+0x1b): undefined reference to `pthread_create'
collect2: error: ld returned 1 exit status
CMakeFiles/cmTC_ccbd9.dir/build.make:97: recipe for target 'cmTC_ccbd9' failed
make[1]: *** [cmTC_ccbd9] Error 1
make[1]: Leaving directory '/home/iju/S08P31C208/ROS/robot_ws/build/nav2_recoveries/CMakeFiles/CMakeTmp'
Makefile:126: recipe for target 'cmTC_ccbd9/fast' failed
make: *** [cmTC_ccbd9/fast] Error 2

File /home/iju/S08P31C208/ROS/robot_ws/build/nav2_recoveries/CMakeFiles/CMakeTmp/CheckSymbolExists.c:
/* */
#include <pthread.h>

int main(int argc, char** argv)
{
  (void)argv;
#ifndef pthread_create
  return ((int*)(&pthread_create))[argc];
#else
  (void)argc;
  return 0;
#endif
}

Determining if the function pthread_create exists in the pthreads failed with the following output:
Change Dir: /home/iju/S08P31C208/ROS/robot_ws/build/nav2_recoveries/CMakeFiles/CMakeTmp

Run Build Command:"/usr/bin/make" "cmTC_b70a4/fast"
/usr/bin/make -f CMakeFiles/cmTC_b70a4.dir/build.make CMakeFiles/cmTC_b70a4.dir/build
make[1]: Entering directory '/home/iju/S08P31C208/ROS/robot_ws/build/nav2_recoveries/CMakeFiles/CMakeTmp'
Building C object CMakeFiles/cmTC_b70a4.dir/CheckFunctionExists.c.o
/usr/bin/cc   -DCHECK_FUNCTION_EXISTS=pthread_create   -o CMakeFiles/cmTC_b70a4.dir/CheckFunctionExists.c.o   -c /usr/share/cmake-3.10/Modules/CheckFunctionExists.c
Linking C executable cmTC_b70a4
/usr/bin/cmake -E cmake_link_script CMakeFiles/cmTC_b70a4.dir/link.txt --verbose=1
/usr/bin/cc  -DCHECK_FUNCTION_EXISTS=pthread_create    CMakeFiles/cmTC_b70a4.dir/CheckFunctionExists.c.o  -o cmTC_b70a4 -lpthreads 
/usr/bin/ld: cannot find -lpthreads
collect2: error: ld returned 1 exit status
CMakeFiles/cmTC_b70a4.dir/build.make:97: recipe for target 'cmTC_b70a4' failed
make[1]: *** [cmTC_b70a4] Error 1
make[1]: Leaving directory '/home/iju/S08P31C208/ROS/robot_ws/build/nav2_recoveries/CMakeFiles/CMakeTmp'
Makefile:126: recipe for target 'cmTC_b70a4/fast' failed
make: *** [cmTC_b70a4/fast] Error 2


