[ 12%] Built target gtest_main
[ 25%] Built target nav2_dynamic_params
[ 37%] Built target gtest
[ 50%] Built target example_nav2_dynamic_params_validator
[ 62%] Built target example_nav2_dynamic_params_client
[ 75%] Built target test_dynamic_params_helper
[ 87%] Built target test_dynamic_params_validator
[100%] Built target test_dynamic_params_client_exec
[ 12%] Built target gtest_main
[ 25%] Built target gtest
[ 37%] Built target nav2_dynamic_params
[ 50%] Built target test_dynamic_params_validator
[ 62%] Built target test_dynamic_params_helper
[ 75%] Built target example_nav2_dynamic_params_client
[ 87%] Built target test_dynamic_params_client_exec
[100%] Built target example_nav2_dynamic_params_validator
[36mInstall the project...[0m
-- Install configuration: "Release"
-- Up-to-date: /home/iju/S08P31C208/ROS/robot_ws/install/nav2_dynamic_params/lib/libnav2_dynamic_params.so
-- Up-to-date: /home/iju/S08P31C208/ROS/robot_ws/install/nav2_dynamic_params/lib/nav2_dynamic_params/example_nav2_dynamic_params_validator
-- Up-to-date: /home/iju/S08P31C208/ROS/robot_ws/install/nav2_dynamic_params/lib/nav2_dynamic_params/example_nav2_dynamic_params_client
-- Up-to-date: /home/iju/S08P31C208/ROS/robot_ws/install/nav2_dynamic_params/include/
-- Up-to-date: /home/iju/S08P31C208/ROS/robot_ws/install/nav2_dynamic_params/include//nav2_dynamic_params
-- Up-to-date: /home/iju/S08P31C208/ROS/robot_ws/install/nav2_dynamic_params/include//nav2_dynamic_params/dynamic_params_client.hpp
-- Up-to-date: /home/iju/S08P31C208/ROS/robot_ws/install/nav2_dynamic_params/include//nav2_dynamic_params/dynamic_params_validator.hpp
-- Up-to-date: /home/iju/S08P31C208/ROS/robot_ws/install/nav2_dynamic_params/share/nav2_dynamic_params/environment/library_path.sh
-- Up-to-date: /home/iju/S08P31C208/ROS/robot_ws/install/nav2_dynamic_params/share/ament_index/resource_index/package_run_dependencies/nav2_dynamic_params
-- Up-to-date: /home/iju/S08P31C208/ROS/robot_ws/install/nav2_dynamic_params/share/ament_index/resource_index/parent_prefix_path/nav2_dynamic_params
-- Up-to-date: /home/iju/S08P31C208/ROS/robot_ws/install/nav2_dynamic_params/share/nav2_dynamic_params/environment/ament_prefix_path.sh
-- Up-to-date: /home/iju/S08P31C208/ROS/robot_ws/install/nav2_dynamic_params/share/nav2_dynamic_params/environment/path.sh
-- Up-to-date: /home/iju/S08P31C208/ROS/robot_ws/install/nav2_dynamic_params/share/nav2_dynamic_params/local_setup.bash
-- Up-to-date: /home/iju/S08P31C208/ROS/robot_ws/install/nav2_dynamic_params/share/nav2_dynamic_params/local_setup.sh
-- Up-to-date: /home/iju/S08P31C208/ROS/robot_ws/install/nav2_dynamic_params/share/nav2_dynamic_params/local_setup.zsh
-- Up-to-date: /home/iju/S08P31C208/ROS/robot_ws/install/nav2_dynamic_params/share/ament_index/resource_index/packages/nav2_dynamic_params
-- Up-to-date: /home/iju/S08P31C208/ROS/robot_ws/install/nav2_dynamic_params/share/nav2_dynamic_params/cmake/ament_cmake_export_include_directories-extras.cmake
-- Up-to-date: /home/iju/S08P31C208/ROS/robot_ws/install/nav2_dynamic_params/share/nav2_dynamic_params/cmake/ament_cmake_export_libraries-extras.cmake
-- Up-to-date: /home/iju/S08P31C208/ROS/robot_ws/install/nav2_dynamic_params/share/nav2_dynamic_params/cmake/nav2_dynamic_paramsConfig.cmake
-- Up-to-date: /home/iju/S08P31C208/ROS/robot_ws/install/nav2_dynamic_params/share/nav2_dynamic_params/cmake/nav2_dynamic_paramsConfig-version.cmake
-- Up-to-date: /home/iju/S08P31C208/ROS/robot_ws/install/nav2_dynamic_params/share/nav2_dynamic_params/package.xml
-- Up-to-date: /home/iju/S08P31C208/ROS/robot_ws/install/nav2_dynamic_params/lib/nav2_dynamic_params/test_dynamic_params_helper
