[0.132s] Invoking command in '/home/iju/S08P31C208/ROS/robot_ws/build/cv_bridge': CMAKE_PREFIX_PATH=/home/iju/S08P31C208/ROS/robot_ws/install/vision_opencv:/home/iju/S08P31C208/ROS/robot_ws/install/turtlebot3_simulations:/home/iju/S08P31C208/ROS/robot_ws/install/turtlebot3_gazebo:/home/iju/S08P31C208/ROS/robot_ws/install/turtlebot3:/home/iju/S08P31C208/ROS/robot_ws/install/turtlebot3_bringup:/home/iju/S08P31C208/ROS/robot_ws/install/turtlebot3_node:/home/iju/S08P31C208/ROS/robot_ws/install/turtlebot3_navigation2:/home/iju/S08P31C208/ROS/robot_ws/install/turtlebot3_fake_node:/home/iju/S08P31C208/ROS/robot_ws/install/turtlebot3_msgs:/home/iju/S08P31C208/ROS/robot_ws/install/turtlebot3_description:/home/iju/S08P31C208/ROS/robot_ws/install/turtlebot3_cartographer:/home/iju/S08P31C208/ROS/robot_ws/install/image_geometry:/home/iju/S08P31C208/ROS/robot_ws/install/gazebo_ros_pkgs:/home/iju/S08P31C208/ROS/robot_ws/install/turtlebot3_teleop:/home/iju/S08P31C208/ROS/robot_ws/install/turtlebot3_example:/home/iju/S08P31C208/ROS/robot_ws/install/opencv_tests:/opt/ros/dashing:/home/iju/S08P31C208/ROS/robot_ws/install/aws_robomaker_hospital_world:/home/iju/S08P31C208/ROS/robot_ws/install/gazebo_plugins:/home/iju/S08P31C208/ROS/robot_ws/install/gazebo_ros:/home/iju/S08P31C208/ROS/robot_ws/install/gazebo_msgs:/home/iju/S08P31C208/ROS/robot_ws/install/gazebo_dev:/home/iju/S08P31C208/ROS/robot_ws/install/dynamixel_sdk_examples:/home/iju/S08P31C208/ROS/robot_ws/install/dynamixel_sdk_custom_interfaces:/home/iju/S08P31C208/ROS/robot_ws/install/dynamixel_sdk:/home/iju/S08P31C208/ROS/robot_ws/install/cv_bridge PS1=\u@\h \[\033[32m\]\w\[\033[33m\]$(parse_git_branch)\[\033[00m\] $ /usr/bin/cmake --build /home/iju/S08P31C208/ROS/robot_ws/build/cv_bridge -- -j6 -l6
[0.218s] [ 12%] Built target gtest_main
[0.220s] [ 31%] Built target cv_bridge
[0.221s] [ 43%] Built target gtest
[0.271s] [ 81%] Built target cv_bridge-utest
[0.273s] [100%] Built target cv_bridge_boost
[0.325s] Invoked command in '/home/iju/S08P31C208/ROS/robot_ws/build/cv_bridge' returned '0': CMAKE_PREFIX_PATH=/home/iju/S08P31C208/ROS/robot_ws/install/vision_opencv:/home/iju/S08P31C208/ROS/robot_ws/install/turtlebot3_simulations:/home/iju/S08P31C208/ROS/robot_ws/install/turtlebot3_gazebo:/home/iju/S08P31C208/ROS/robot_ws/install/turtlebot3:/home/iju/S08P31C208/ROS/robot_ws/install/turtlebot3_bringup:/home/iju/S08P31C208/ROS/robot_ws/install/turtlebot3_node:/home/iju/S08P31C208/ROS/robot_ws/install/turtlebot3_navigation2:/home/iju/S08P31C208/ROS/robot_ws/install/turtlebot3_fake_node:/home/iju/S08P31C208/ROS/robot_ws/install/turtlebot3_msgs:/home/iju/S08P31C208/ROS/robot_ws/install/turtlebot3_description:/home/iju/S08P31C208/ROS/robot_ws/install/turtlebot3_cartographer:/home/iju/S08P31C208/ROS/robot_ws/install/image_geometry:/home/iju/S08P31C208/ROS/robot_ws/install/gazebo_ros_pkgs:/home/iju/S08P31C208/ROS/robot_ws/install/turtlebot3_teleop:/home/iju/S08P31C208/ROS/robot_ws/install/turtlebot3_example:/home/iju/S08P31C208/ROS/robot_ws/install/opencv_tests:/opt/ros/dashing:/home/iju/S08P31C208/ROS/robot_ws/install/aws_robomaker_hospital_world:/home/iju/S08P31C208/ROS/robot_ws/install/gazebo_plugins:/home/iju/S08P31C208/ROS/robot_ws/install/gazebo_ros:/home/iju/S08P31C208/ROS/robot_ws/install/gazebo_msgs:/home/iju/S08P31C208/ROS/robot_ws/install/gazebo_dev:/home/iju/S08P31C208/ROS/robot_ws/install/dynamixel_sdk_examples:/home/iju/S08P31C208/ROS/robot_ws/install/dynamixel_sdk_custom_interfaces:/home/iju/S08P31C208/ROS/robot_ws/install/dynamixel_sdk:/home/iju/S08P31C208/ROS/robot_ws/install/cv_bridge PS1=\u@\h \[\033[32m\]\w\[\033[33m\]$(parse_git_branch)\[\033[00m\] $ /usr/bin/cmake --build /home/iju/S08P31C208/ROS/robot_ws/build/cv_bridge -- -j6 -l6
[0.417s] Invoking command in '/home/iju/S08P31C208/ROS/robot_ws/build/cv_bridge': CMAKE_PREFIX_PATH=/home/iju/S08P31C208/ROS/robot_ws/install/vision_opencv:/home/iju/S08P31C208/ROS/robot_ws/install/turtlebot3_simulations:/home/iju/S08P31C208/ROS/robot_ws/install/turtlebot3_gazebo:/home/iju/S08P31C208/ROS/robot_ws/install/turtlebot3:/home/iju/S08P31C208/ROS/robot_ws/install/turtlebot3_bringup:/home/iju/S08P31C208/ROS/robot_ws/install/turtlebot3_node:/home/iju/S08P31C208/ROS/robot_ws/install/turtlebot3_navigation2:/home/iju/S08P31C208/ROS/robot_ws/install/turtlebot3_fake_node:/home/iju/S08P31C208/ROS/robot_ws/install/turtlebot3_msgs:/home/iju/S08P31C208/ROS/robot_ws/install/turtlebot3_description:/home/iju/S08P31C208/ROS/robot_ws/install/turtlebot3_cartographer:/home/iju/S08P31C208/ROS/robot_ws/install/image_geometry:/home/iju/S08P31C208/ROS/robot_ws/install/gazebo_ros_pkgs:/home/iju/S08P31C208/ROS/robot_ws/install/turtlebot3_teleop:/home/iju/S08P31C208/ROS/robot_ws/install/turtlebot3_example:/home/iju/S08P31C208/ROS/robot_ws/install/opencv_tests:/opt/ros/dashing:/home/iju/S08P31C208/ROS/robot_ws/install/aws_robomaker_hospital_world:/home/iju/S08P31C208/ROS/robot_ws/install/gazebo_plugins:/home/iju/S08P31C208/ROS/robot_ws/install/gazebo_ros:/home/iju/S08P31C208/ROS/robot_ws/install/gazebo_msgs:/home/iju/S08P31C208/ROS/robot_ws/install/gazebo_dev:/home/iju/S08P31C208/ROS/robot_ws/install/dynamixel_sdk_examples:/home/iju/S08P31C208/ROS/robot_ws/install/dynamixel_sdk_custom_interfaces:/home/iju/S08P31C208/ROS/robot_ws/install/dynamixel_sdk:/home/iju/S08P31C208/ROS/robot_ws/install/cv_bridge PS1=\u@\h \[\033[32m\]\w\[\033[33m\]$(parse_git_branch)\[\033[00m\] $ /usr/bin/cmake --build /home/iju/S08P31C208/ROS/robot_ws/build/cv_bridge --target install -- -j6 -l6
[0.502s] [ 12%] Built target gtest
[0.512s] [ 31%] Built target cv_bridge
[0.512s] [ 43%] Built target gtest_main
[0.564s] [ 81%] Built target cv_bridge-utest
[0.565s] [100%] Built target cv_bridge_boost
[0.592s] [36mInstall the project...[0m
[0.611s] -- Install configuration: ""
[0.611s] -- Execute custom install script
[0.611s] -- Up-to-date symlink: /home/iju/S08P31C208/ROS/robot_ws/install/cv_bridge/share/cv_bridge/environment/pythonpath.sh
[0.614s] -- Up-to-date symlink: /home/iju/S08P31C208/ROS/robot_ws/install/cv_bridge/lib/python3.6/site-packages/cv_bridge/__init__.py
[0.614s] -- Up-to-date symlink: /home/iju/S08P31C208/ROS/robot_ws/install/cv_bridge/lib/python3.6/site-packages/cv_bridge/core.py
[0.614s] -- Up-to-date symlink: /home/iju/S08P31C208/ROS/robot_ws/install/cv_bridge/lib/libcv_bridge.so
[0.614s] -- Up-to-date symlink: /home/iju/S08P31C208/ROS/robot_ws/install/cv_bridge/include/cv_bridge/cv_bridge_export.h
[0.614s] -- Up-to-date symlink: /home/iju/S08P31C208/ROS/robot_ws/install/cv_bridge/lib/python3.6/site-packages/cv_bridge/boost//cv_bridge_boost.so
[0.615s] -- Up-to-date symlink: /home/iju/S08P31C208/ROS/robot_ws/install/cv_bridge/share/cv_bridge/environment/library_path.sh
[0.616s] -- Up-to-date symlink: /home/iju/S08P31C208/ROS/robot_ws/install/cv_bridge/include/cv_bridge/cv_bridge.h
[0.619s] -- Up-to-date symlink: /home/iju/S08P31C208/ROS/robot_ws/install/cv_bridge/include/cv_bridge/rgb_colors.h
[0.619s] -- Up-to-date symlink: /home/iju/S08P31C208/ROS/robot_ws/install/cv_bridge/share/ament_index/resource_index/package_run_dependencies/cv_bridge
[0.619s] -- Up-to-date symlink: /home/iju/S08P31C208/ROS/robot_ws/install/cv_bridge/share/ament_index/resource_index/parent_prefix_path/cv_bridge
[0.619s] -- Up-to-date symlink: /home/iju/S08P31C208/ROS/robot_ws/install/cv_bridge/share/cv_bridge/environment/ament_prefix_path.sh
[0.619s] -- Up-to-date symlink: /home/iju/S08P31C208/ROS/robot_ws/install/cv_bridge/share/cv_bridge/environment/path.sh
[0.619s] -- Up-to-date symlink: /home/iju/S08P31C208/ROS/robot_ws/install/cv_bridge/share/cv_bridge/local_setup.bash
[0.620s] -- Up-to-date symlink: /home/iju/S08P31C208/ROS/robot_ws/install/cv_bridge/share/cv_bridge/local_setup.sh
[0.620s] -- Up-to-date symlink: /home/iju/S08P31C208/ROS/robot_ws/install/cv_bridge/share/cv_bridge/local_setup.zsh
[0.621s] -- Up-to-date symlink: /home/iju/S08P31C208/ROS/robot_ws/install/cv_bridge/share/ament_index/resource_index/packages/cv_bridge
[0.621s] -- Up-to-date symlink: /home/iju/S08P31C208/ROS/robot_ws/install/cv_bridge/share/cv_bridge/cmake/cv_bridge-extras.cmake
[0.622s] -- Up-to-date symlink: /home/iju/S08P31C208/ROS/robot_ws/install/cv_bridge/share/cv_bridge/cmake/ament_cmake_export_dependencies-extras.cmake
[0.625s] -- Up-to-date symlink: /home/iju/S08P31C208/ROS/robot_ws/install/cv_bridge/share/cv_bridge/cmake/ament_cmake_export_include_directories-extras.cmake
[0.625s] -- Up-to-date symlink: /home/iju/S08P31C208/ROS/robot_ws/install/cv_bridge/share/cv_bridge/cmake/ament_cmake_export_libraries-extras.cmake
[0.625s] -- Up-to-date symlink: /home/iju/S08P31C208/ROS/robot_ws/install/cv_bridge/share/cv_bridge/cmake/cv_bridgeConfig.cmake
[0.625s] -- Up-to-date symlink: /home/iju/S08P31C208/ROS/robot_ws/install/cv_bridge/share/cv_bridge/cmake/cv_bridgeConfig-version.cmake
[0.626s] -- Up-to-date symlink: /home/iju/S08P31C208/ROS/robot_ws/install/cv_bridge/share/cv_bridge/package.xml
[0.670s] Listing '/home/iju/S08P31C208/ROS/robot_ws/install/cv_bridge/lib/python3.6/site-packages/cv_bridge'...
[0.671s] Listing '/home/iju/S08P31C208/ROS/robot_ws/install/cv_bridge/lib/python3.6/site-packages/cv_bridge/boost'...
[0.752s] Invoked command in '/home/iju/S08P31C208/ROS/robot_ws/build/cv_bridge' returned '0': CMAKE_PREFIX_PATH=/home/iju/S08P31C208/ROS/robot_ws/install/vision_opencv:/home/iju/S08P31C208/ROS/robot_ws/install/turtlebot3_simulations:/home/iju/S08P31C208/ROS/robot_ws/install/turtlebot3_gazebo:/home/iju/S08P31C208/ROS/robot_ws/install/turtlebot3:/home/iju/S08P31C208/ROS/robot_ws/install/turtlebot3_bringup:/home/iju/S08P31C208/ROS/robot_ws/install/turtlebot3_node:/home/iju/S08P31C208/ROS/robot_ws/install/turtlebot3_navigation2:/home/iju/S08P31C208/ROS/robot_ws/install/turtlebot3_fake_node:/home/iju/S08P31C208/ROS/robot_ws/install/turtlebot3_msgs:/home/iju/S08P31C208/ROS/robot_ws/install/turtlebot3_description:/home/iju/S08P31C208/ROS/robot_ws/install/turtlebot3_cartographer:/home/iju/S08P31C208/ROS/robot_ws/install/image_geometry:/home/iju/S08P31C208/ROS/robot_ws/install/gazebo_ros_pkgs:/home/iju/S08P31C208/ROS/robot_ws/install/turtlebot3_teleop:/home/iju/S08P31C208/ROS/robot_ws/install/turtlebot3_example:/home/iju/S08P31C208/ROS/robot_ws/install/opencv_tests:/opt/ros/dashing:/home/iju/S08P31C208/ROS/robot_ws/install/aws_robomaker_hospital_world:/home/iju/S08P31C208/ROS/robot_ws/install/gazebo_plugins:/home/iju/S08P31C208/ROS/robot_ws/install/gazebo_ros:/home/iju/S08P31C208/ROS/robot_ws/install/gazebo_msgs:/home/iju/S08P31C208/ROS/robot_ws/install/gazebo_dev:/home/iju/S08P31C208/ROS/robot_ws/install/dynamixel_sdk_examples:/home/iju/S08P31C208/ROS/robot_ws/install/dynamixel_sdk_custom_interfaces:/home/iju/S08P31C208/ROS/robot_ws/install/dynamixel_sdk:/home/iju/S08P31C208/ROS/robot_ws/install/cv_bridge PS1=\u@\h \[\033[32m\]\w\[\033[33m\]$(parse_git_branch)\[\033[00m\] $ /usr/bin/cmake --build /home/iju/S08P31C208/ROS/robot_ws/build/cv_bridge --target install -- -j6 -l6
