-- Found ament_cmake: 0.7.6 (/opt/ros/dashing/share/ament_cmake/cmake)
-- Using PYTHON_EXECUTABLE: /usr/bin/python3
-- Override CMake install command with custom implementation using symlinks instead of copying resources
-- Found nav2_common: 0.2.6 (/home/iju/S08P31C208/ROS/robot_ws/install/nav2_common/share/nav2_common/cmake)
-- Found nav2_msgs: 0.2.6 (/home/iju/S08P31C208/ROS/robot_ws/install/nav2_msgs/share/nav2_msgs/cmake)
-- Found rosidl_adapter: 0.7.10 (/opt/ros/dashing/share/rosidl_adapter/cmake)
-- Found tf2_ros: 0.11.6 (/opt/ros/dashing/share/tf2_ros/cmake)
-- Found rmw_implementation_cmake: 0.7.2 (/opt/ros/dashing/share/rmw_implementation_cmake/cmake)
-- Using RMW implementation 'rmw_fastrtps_cpp' as default
-- Found tf2_geometry_msgs: 0.11.6 (/opt/ros/dashing/share/tf2_geometry_msgs/cmake)
-- Found eigen3_cmake_module: 0.1.1 (/opt/ros/dashing/share/eigen3_cmake_module/cmake)
-- Found nav_msgs: 0.7.1 (/opt/ros/dashing/share/nav_msgs/cmake)
-- Found lifecycle_msgs: 0.7.4 (/opt/ros/dashing/share/lifecycle_msgs/cmake)
-- Found rclcpp_action: 0.7.16 (/opt/ros/dashing/share/rclcpp_action/cmake)
-- Found test_msgs: 0.7.4 (/opt/ros/dashing/share/test_msgs/cmake)
-- Found rclcpp_lifecycle: 0.7.16 (/opt/ros/dashing/share/rclcpp_lifecycle/cmake)
-- Boost version: 1.65.1
-- Found the following Boost libraries:
--   program_options
-- Found ament_lint_auto: 0.7.12 (/opt/ros/dashing/share/ament_lint_auto/cmake)
-- Found gtest sources under '/opt/ros/dashing/src/gtest_vendor': C++ tests using 'Google Test' will be built
-- Added test 'copyright' to check for copyright in CMake / C / C++ / Python code
-- Added test 'cppcheck' to perform static code analysis on C / C++ code
-- Configured cppcheck include dirs: /home/iju/S08P31C208/ROS/robot_ws/src/navigation2/nav2_util/include
-- Added test 'cpplint' to check C / C++ code against the Google style
-- Added test 'lint_cmake' to check CMake code style
-- Added test 'uncrustify' to check C / C++ code style
-- Added test 'xmllint' to check XML markup files
-- Configuring done
-- Generating done
-- Build files have been written to: /home/iju/S08P31C208/ROS/robot_ws/build/nav2_util
[ 25%] Built target nav2_util_core
[ 31%] Built target gtest_main
[ 37%] Built target lifecycle_bringup
[ 43%] Built target gtest
[ 50%] Built target map_loader
[ 56%] Built target test_execution_timer
[ 62%] Built target test_service_client
[ 68%] Built target test_lifecycle_utils
[ 75%] Built target test_actions
[ 81%] Built target test_string_utils
[ 87%] Built target test_node_utils
[ 93%] Built target test_lifecycle_node
[100%] Built target dump_params
[ 25%] Built target nav2_util_core
[ 31%] Built target gtest_main
[ 37%] Built target lifecycle_bringup
[ 43%] Built target gtest
[ 50%] Built target map_loader
[ 56%] Built target test_execution_timer
[ 62%] Built target test_service_client
[ 68%] Built target test_lifecycle_utils
[ 75%] Built target test_actions
[ 81%] Built target test_string_utils
[ 87%] Built target test_node_utils
[ 93%] Built target test_lifecycle_node
[100%] Built target dump_params
[36mInstall the project...[0m
-- Install configuration: "Release"
-- Execute custom install script
-- Up-to-date symlink: /home/iju/S08P31C208/ROS/robot_ws/install/nav2_util/lib/libmap_loader.so
-- Up-to-date symlink: /home/iju/S08P31C208/ROS/robot_ws/install/nav2_util/lib/libnav2_util_core.so
-- Up-to-date symlink: /home/iju/S08P31C208/ROS/robot_ws/install/nav2_util/lib/nav2_util/lifecycle_bringup
-- Up-to-date symlink: /home/iju/S08P31C208/ROS/robot_ws/install/nav2_util/lib/nav2_util/dump_params
-- Up-to-date symlink: /home/iju/S08P31C208/ROS/robot_ws/install/nav2_util/include//nav2_util/clear_entirely_costmap_service_client.hpp
-- Up-to-date symlink: /home/iju/S08P31C208/ROS/robot_ws/install/nav2_util/include//nav2_util/costmap.hpp
-- Up-to-date symlink: /home/iju/S08P31C208/ROS/robot_ws/install/nav2_util/include//nav2_util/costmap_service_client.hpp
-- Up-to-date symlink: /home/iju/S08P31C208/ROS/robot_ws/install/nav2_util/include//nav2_util/duration_conversions.hpp
-- Up-to-date symlink: /home/iju/S08P31C208/ROS/robot_ws/install/nav2_util/include//nav2_util/execution_timer.hpp
-- Up-to-date symlink: /home/iju/S08P31C208/ROS/robot_ws/install/nav2_util/include//nav2_util/geometry_utils.hpp
-- Up-to-date symlink: /home/iju/S08P31C208/ROS/robot_ws/install/nav2_util/include//nav2_util/lifecycle_helper_interface.hpp
-- Up-to-date symlink: /home/iju/S08P31C208/ROS/robot_ws/install/nav2_util/include//nav2_util/lifecycle_node.hpp
-- Up-to-date symlink: /home/iju/S08P31C208/ROS/robot_ws/install/nav2_util/include//nav2_util/lifecycle_service_client.hpp
-- Up-to-date symlink: /home/iju/S08P31C208/ROS/robot_ws/install/nav2_util/include//nav2_util/lifecycle_utils.hpp
-- Up-to-date symlink: /home/iju/S08P31C208/ROS/robot_ws/install/nav2_util/include//nav2_util/line_iterator.hpp
-- Up-to-date symlink: /home/iju/S08P31C208/ROS/robot_ws/install/nav2_util/include//nav2_util/map_loader/map_loader.hpp
-- Up-to-date symlink: /home/iju/S08P31C208/ROS/robot_ws/install/nav2_util/include//nav2_util/node_utils.hpp
-- Up-to-date symlink: /home/iju/S08P31C208/ROS/robot_ws/install/nav2_util/include//nav2_util/robot_utils.hpp
-- Up-to-date symlink: /home/iju/S08P31C208/ROS/robot_ws/install/nav2_util/include//nav2_util/service_client.hpp
-- Up-to-date symlink: /home/iju/S08P31C208/ROS/robot_ws/install/nav2_util/include//nav2_util/simple_action_server.hpp
-- Up-to-date symlink: /home/iju/S08P31C208/ROS/robot_ws/install/nav2_util/include//nav2_util/string_utils.hpp
-- Up-to-date symlink: /home/iju/S08P31C208/ROS/robot_ws/install/nav2_util/share/nav2_util/environment/library_path.sh
-- Up-to-date symlink: /home/iju/S08P31C208/ROS/robot_ws/install/nav2_util/share/ament_index/resource_index/package_run_dependencies/nav2_util
-- Up-to-date symlink: /home/iju/S08P31C208/ROS/robot_ws/install/nav2_util/share/ament_index/resource_index/parent_prefix_path/nav2_util
-- Up-to-date symlink: /home/iju/S08P31C208/ROS/robot_ws/install/nav2_util/share/nav2_util/environment/ament_prefix_path.sh
-- Up-to-date symlink: /home/iju/S08P31C208/ROS/robot_ws/install/nav2_util/share/nav2_util/environment/path.sh
-- Up-to-date symlink: /home/iju/S08P31C208/ROS/robot_ws/install/nav2_util/share/nav2_util/local_setup.bash
-- Up-to-date symlink: /home/iju/S08P31C208/ROS/robot_ws/install/nav2_util/share/nav2_util/local_setup.sh
-- Up-to-date symlink: /home/iju/S08P31C208/ROS/robot_ws/install/nav2_util/share/nav2_util/local_setup.zsh
-- Up-to-date symlink: /home/iju/S08P31C208/ROS/robot_ws/install/nav2_util/share/ament_index/resource_index/packages/nav2_util
-- Up-to-date symlink: /home/iju/S08P31C208/ROS/robot_ws/install/nav2_util/share/nav2_util/cmake/ament_cmake_export_include_directories-extras.cmake
-- Up-to-date symlink: /home/iju/S08P31C208/ROS/robot_ws/install/nav2_util/share/nav2_util/cmake/ament_cmake_export_libraries-extras.cmake
-- Up-to-date symlink: /home/iju/S08P31C208/ROS/robot_ws/install/nav2_util/share/nav2_util/cmake/ament_cmake_export_dependencies-extras.cmake
-- Up-to-date symlink: /home/iju/S08P31C208/ROS/robot_ws/install/nav2_util/share/nav2_util/cmake/nav2_utilConfig.cmake
-- Up-to-date symlink: /home/iju/S08P31C208/ROS/robot_ws/install/nav2_util/share/nav2_util/cmake/nav2_utilConfig-version.cmake
-- Up-to-date symlink: /home/iju/S08P31C208/ROS/robot_ws/install/nav2_util/share/nav2_util/package.xml
