[0.177s] Invoking command in '/home/iju/S08P31C208/ROS/robot_ws/build/turtlebot3_msgs': CMAKE_PREFIX_PATH=${CMAKE_PREFIX_PATH}:/home/iju/S08P31C208/ROS/robot_ws/install/turtlebot3_teleop:/home/iju/S08P31C208/ROS/robot_ws/install/turtlebot3_example:/opt/ros/dashing PS1=\u@\h \[\033[32m\]\w\[\033[33m\]$(parse_git_branch)\[\033[00m\] $ /usr/bin/cmake --build /home/iju/S08P31C208/ROS/robot_ws/build/turtlebot3_msgs -- -j6 -l6
[0.380s] [  1%] Built target turtlebot3_msgs__cpp
[0.483s] [ 12%] Built target turtlebot3_msgs__rosidl_generator_c
[0.579s] [ 23%] Built target turtlebot3_msgs__rosidl_typesupport_introspection_cpp
[0.665s] [ 35%] Built target turtlebot3_msgs__rosidl_typesupport_introspection_c
[0.769s] [ 46%] Built target turtlebot3_msgs__rosidl_typesupport_c
[0.855s] [ 57%] Built target turtlebot3_msgs__rosidl_typesupport_fastrtps_cpp
[0.967s] [ 69%] Built target turtlebot3_msgs__rosidl_typesupport_cpp
[1.098s] [ 80%] Built target turtlebot3_msgs__rosidl_typesupport_fastrtps_c
[1.189s] [ 80%] Built target turtlebot3_msgs
[1.318s] [ 81%] Built target turtlebot3_msgs__py
[1.440s] [ 91%] Built target turtlebot3_msgs__python
[1.531s] [ 94%] Built target turtlebot3_msgs__rosidl_typesupport_c__pyext
[1.624s] [ 97%] Built target turtlebot3_msgs__rosidl_typesupport_fastrtps_c__pyext
[1.757s] [100%] Built target turtlebot3_msgs__rosidl_typesupport_introspection_c__pyext
[1.818s] Invoked command in '/home/iju/S08P31C208/ROS/robot_ws/build/turtlebot3_msgs' returned '0': CMAKE_PREFIX_PATH=${CMAKE_PREFIX_PATH}:/home/iju/S08P31C208/ROS/robot_ws/install/turtlebot3_teleop:/home/iju/S08P31C208/ROS/robot_ws/install/turtlebot3_example:/opt/ros/dashing PS1=\u@\h \[\033[32m\]\w\[\033[33m\]$(parse_git_branch)\[\033[00m\] $ /usr/bin/cmake --build /home/iju/S08P31C208/ROS/robot_ws/build/turtlebot3_msgs -- -j6 -l6
[2.913s] Invoking command in '/home/iju/S08P31C208/ROS/robot_ws/build/turtlebot3_msgs': CMAKE_PREFIX_PATH=${CMAKE_PREFIX_PATH}:/home/iju/S08P31C208/ROS/robot_ws/install/turtlebot3_teleop:/home/iju/S08P31C208/ROS/robot_ws/install/turtlebot3_example:/opt/ros/dashing PS1=\u@\h \[\033[32m\]\w\[\033[33m\]$(parse_git_branch)\[\033[00m\] $ /usr/bin/cmake --build /home/iju/S08P31C208/ROS/robot_ws/build/turtlebot3_msgs --target install -- -j6 -l6
[3.085s] [  1%] Built target turtlebot3_msgs__cpp
[3.182s] [ 12%] Built target turtlebot3_msgs__rosidl_generator_c
[3.291s] [ 23%] Built target turtlebot3_msgs__rosidl_typesupport_introspection_cpp
[3.389s] [ 35%] Built target turtlebot3_msgs__rosidl_typesupport_introspection_c
[3.463s] [ 46%] Built target turtlebot3_msgs__rosidl_typesupport_c
[3.565s] [ 57%] Built target turtlebot3_msgs__rosidl_typesupport_fastrtps_cpp
[3.641s] [ 69%] Built target turtlebot3_msgs__rosidl_typesupport_cpp
[3.759s] [ 80%] Built target turtlebot3_msgs__rosidl_typesupport_fastrtps_c
[3.870s] [ 80%] Built target turtlebot3_msgs
[3.941s] [ 81%] Built target turtlebot3_msgs__py
[4.045s] [ 91%] Built target turtlebot3_msgs__python
[4.134s] [ 94%] Built target turtlebot3_msgs__rosidl_typesupport_c__pyext
[4.262s] [ 97%] Built target turtlebot3_msgs__rosidl_typesupport_fastrtps_c__pyext
[4.395s] [100%] Built target turtlebot3_msgs__rosidl_typesupport_introspection_c__pyext
[4.470s] [36mInstall the project...[0m
[4.520s] -- Install configuration: ""
[4.523s] -- Execute custom install script
[4.525s] -- Up-to-date symlink: /home/iju/S08P31C208/ROS/robot_ws/install/turtlebot3_msgs/share/ament_index/resource_index/rosidl_interfaces/turtlebot3_msgs
[4.529s] -- Up-to-date symlink: /home/iju/S08P31C208/ROS/robot_ws/install/turtlebot3_msgs/include/turtlebot3_msgs/action/patrol.hpp
[4.531s] -- Up-to-date symlink: /home/iju/S08P31C208/ROS/robot_ws/install/turtlebot3_msgs/include/turtlebot3_msgs/action/patrol__struct.hpp
[4.532s] -- Up-to-date symlink: /home/iju/S08P31C208/ROS/robot_ws/install/turtlebot3_msgs/include/turtlebot3_msgs/action/patrol__traits.hpp
[4.532s] -- Up-to-date symlink: /home/iju/S08P31C208/ROS/robot_ws/install/turtlebot3_msgs/include/turtlebot3_msgs/msg/sensor_state.hpp
[4.532s] -- Up-to-date symlink: /home/iju/S08P31C208/ROS/robot_ws/install/turtlebot3_msgs/include/turtlebot3_msgs/msg/sensor_state__struct.hpp
[4.533s] -- Up-to-date symlink: /home/iju/S08P31C208/ROS/robot_ws/install/turtlebot3_msgs/include/turtlebot3_msgs/msg/sensor_state__traits.hpp
[4.541s] -- Up-to-date symlink: /home/iju/S08P31C208/ROS/robot_ws/install/turtlebot3_msgs/include/turtlebot3_msgs/msg/sound.hpp
[4.541s] -- Up-to-date symlink: /home/iju/S08P31C208/ROS/robot_ws/install/turtlebot3_msgs/include/turtlebot3_msgs/msg/sound__struct.hpp
[4.541s] -- Up-to-date symlink: /home/iju/S08P31C208/ROS/robot_ws/install/turtlebot3_msgs/include/turtlebot3_msgs/msg/sound__traits.hpp
[4.541s] -- Up-to-date symlink: /home/iju/S08P31C208/ROS/robot_ws/install/turtlebot3_msgs/include/turtlebot3_msgs/msg/version_info.hpp
[4.541s] -- Up-to-date symlink: /home/iju/S08P31C208/ROS/robot_ws/install/turtlebot3_msgs/include/turtlebot3_msgs/msg/version_info__struct.hpp
[4.541s] -- Up-to-date symlink: /home/iju/S08P31C208/ROS/robot_ws/install/turtlebot3_msgs/include/turtlebot3_msgs/msg/version_info__traits.hpp
[4.542s] -- Up-to-date symlink: /home/iju/S08P31C208/ROS/robot_ws/install/turtlebot3_msgs/include/turtlebot3_msgs/srv/dqn.hpp
[4.542s] -- Up-to-date symlink: /home/iju/S08P31C208/ROS/robot_ws/install/turtlebot3_msgs/include/turtlebot3_msgs/srv/dqn__struct.hpp
[4.543s] -- Up-to-date symlink: /home/iju/S08P31C208/ROS/robot_ws/install/turtlebot3_msgs/include/turtlebot3_msgs/srv/dqn__traits.hpp
[4.543s] -- Up-to-date symlink: /home/iju/S08P31C208/ROS/robot_ws/install/turtlebot3_msgs/include/turtlebot3_msgs/srv/sound.hpp
[4.543s] -- Up-to-date symlink: /home/iju/S08P31C208/ROS/robot_ws/install/turtlebot3_msgs/include/turtlebot3_msgs/srv/sound__struct.hpp
[4.543s] -- Up-to-date symlink: /home/iju/S08P31C208/ROS/robot_ws/install/turtlebot3_msgs/include/turtlebot3_msgs/srv/sound__traits.hpp
[4.543s] -- Up-to-date symlink: /home/iju/S08P31C208/ROS/robot_ws/install/turtlebot3_msgs/include/turtlebot3_msgs/action/patrol.h
[4.543s] -- Up-to-date symlink: /home/iju/S08P31C208/ROS/robot_ws/install/turtlebot3_msgs/include/turtlebot3_msgs/action/patrol__functions.h
[4.544s] -- Up-to-date symlink: /home/iju/S08P31C208/ROS/robot_ws/install/turtlebot3_msgs/include/turtlebot3_msgs/action/patrol__struct.h
[4.544s] -- Up-to-date symlink: /home/iju/S08P31C208/ROS/robot_ws/install/turtlebot3_msgs/include/turtlebot3_msgs/action/patrol__type_support.h
[4.544s] -- Up-to-date symlink: /home/iju/S08P31C208/ROS/robot_ws/install/turtlebot3_msgs/include/turtlebot3_msgs/msg/rosidl_generator_c__visibility_control.h
[4.544s] -- Up-to-date symlink: /home/iju/S08P31C208/ROS/robot_ws/install/turtlebot3_msgs/include/turtlebot3_msgs/msg/sensor_state.h
[4.544s] -- Up-to-date symlink: /home/iju/S08P31C208/ROS/robot_ws/install/turtlebot3_msgs/include/turtlebot3_msgs/msg/sensor_state__functions.h
[4.545s] -- Up-to-date symlink: /home/iju/S08P31C208/ROS/robot_ws/install/turtlebot3_msgs/include/turtlebot3_msgs/msg/sensor_state__struct.h
[4.546s] -- Up-to-date symlink: /home/iju/S08P31C208/ROS/robot_ws/install/turtlebot3_msgs/include/turtlebot3_msgs/msg/sensor_state__type_support.h
[4.546s] -- Up-to-date symlink: /home/iju/S08P31C208/ROS/robot_ws/install/turtlebot3_msgs/include/turtlebot3_msgs/msg/sound.h
[4.562s] -- Up-to-date symlink: /home/iju/S08P31C208/ROS/robot_ws/install/turtlebot3_msgs/include/turtlebot3_msgs/msg/sound__functions.h
[4.562s] -- Up-to-date symlink: /home/iju/S08P31C208/ROS/robot_ws/install/turtlebot3_msgs/include/turtlebot3_msgs/msg/sound__struct.h
[4.567s] -- Up-to-date symlink: /home/iju/S08P31C208/ROS/robot_ws/install/turtlebot3_msgs/include/turtlebot3_msgs/msg/sound__type_support.h
[4.567s] -- Up-to-date symlink: /home/iju/S08P31C208/ROS/robot_ws/install/turtlebot3_msgs/include/turtlebot3_msgs/msg/version_info.h
[4.567s] -- Up-to-date symlink: /home/iju/S08P31C208/ROS/robot_ws/install/turtlebot3_msgs/include/turtlebot3_msgs/msg/version_info__functions.h
[4.567s] -- Up-to-date symlink: /home/iju/S08P31C208/ROS/robot_ws/install/turtlebot3_msgs/include/turtlebot3_msgs/msg/version_info__struct.h
[4.568s] -- Up-to-date symlink: /home/iju/S08P31C208/ROS/robot_ws/install/turtlebot3_msgs/include/turtlebot3_msgs/msg/version_info__type_support.h
[4.568s] -- Up-to-date symlink: /home/iju/S08P31C208/ROS/robot_ws/install/turtlebot3_msgs/include/turtlebot3_msgs/srv/dqn.h
[4.568s] -- Up-to-date symlink: /home/iju/S08P31C208/ROS/robot_ws/install/turtlebot3_msgs/include/turtlebot3_msgs/srv/dqn__functions.h
[4.568s] -- Up-to-date symlink: /home/iju/S08P31C208/ROS/robot_ws/install/turtlebot3_msgs/include/turtlebot3_msgs/srv/dqn__struct.h
[4.568s] -- Up-to-date symlink: /home/iju/S08P31C208/ROS/robot_ws/install/turtlebot3_msgs/include/turtlebot3_msgs/srv/dqn__type_support.h
[4.568s] -- Up-to-date symlink: /home/iju/S08P31C208/ROS/robot_ws/install/turtlebot3_msgs/include/turtlebot3_msgs/srv/sound.h
[4.568s] -- Up-to-date symlink: /home/iju/S08P31C208/ROS/robot_ws/install/turtlebot3_msgs/include/turtlebot3_msgs/srv/sound__functions.h
[4.568s] -- Up-to-date symlink: /home/iju/S08P31C208/ROS/robot_ws/install/turtlebot3_msgs/include/turtlebot3_msgs/srv/sound__struct.h
[4.568s] -- Up-to-date symlink: /home/iju/S08P31C208/ROS/robot_ws/install/turtlebot3_msgs/include/turtlebot3_msgs/srv/sound__type_support.h
[4.575s] -- Up-to-date symlink: /home/iju/S08P31C208/ROS/robot_ws/install/turtlebot3_msgs/share/turtlebot3_msgs/environment/library_path.sh
[4.575s] -- Up-to-date symlink: /home/iju/S08P31C208/ROS/robot_ws/install/turtlebot3_msgs/lib/libturtlebot3_msgs__rosidl_generator_c.so
[4.575s] -- Up-to-date symlink: /home/iju/S08P31C208/ROS/robot_ws/install/turtlebot3_msgs/lib/libturtlebot3_msgs__rosidl_typesupport_c.so
[4.575s] -- Up-to-date symlink: /home/iju/S08P31C208/ROS/robot_ws/install/turtlebot3_msgs/lib/libturtlebot3_msgs__rosidl_typesupport_cpp.so
[4.575s] -- Up-to-date symlink: /home/iju/S08P31C208/ROS/robot_ws/install/turtlebot3_msgs/include/turtlebot3_msgs/action/patrol__rosidl_typesupport_introspection_c.h
[4.576s] -- Up-to-date symlink: /home/iju/S08P31C208/ROS/robot_ws/install/turtlebot3_msgs/include/turtlebot3_msgs/msg/rosidl_typesupport_introspection_c__visibility_control.h
[4.576s] -- Up-to-date symlink: /home/iju/S08P31C208/ROS/robot_ws/install/turtlebot3_msgs/include/turtlebot3_msgs/msg/sensor_state__rosidl_typesupport_introspection_c.h
[4.576s] -- Up-to-date symlink: /home/iju/S08P31C208/ROS/robot_ws/install/turtlebot3_msgs/include/turtlebot3_msgs/msg/sound__rosidl_typesupport_introspection_c.h
[4.576s] -- Up-to-date symlink: /home/iju/S08P31C208/ROS/robot_ws/install/turtlebot3_msgs/include/turtlebot3_msgs/msg/version_info__rosidl_typesupport_introspection_c.h
[4.577s] -- Up-to-date symlink: /home/iju/S08P31C208/ROS/robot_ws/install/turtlebot3_msgs/include/turtlebot3_msgs/srv/dqn__rosidl_typesupport_introspection_c.h
[4.577s] -- Up-to-date symlink: /home/iju/S08P31C208/ROS/robot_ws/install/turtlebot3_msgs/include/turtlebot3_msgs/srv/sound__rosidl_typesupport_introspection_c.h
[4.577s] -- Up-to-date symlink: /home/iju/S08P31C208/ROS/robot_ws/install/turtlebot3_msgs/lib/libturtlebot3_msgs__rosidl_typesupport_introspection_c.so
[4.577s] -- Up-to-date symlink: /home/iju/S08P31C208/ROS/robot_ws/install/turtlebot3_msgs/include/turtlebot3_msgs/action/patrol__rosidl_typesupport_introspection_cpp.hpp
[4.577s] -- Up-to-date symlink: /home/iju/S08P31C208/ROS/robot_ws/install/turtlebot3_msgs/include/turtlebot3_msgs/msg/sensor_state__rosidl_typesupport_introspection_cpp.hpp
[4.578s] -- Up-to-date symlink: /home/iju/S08P31C208/ROS/robot_ws/install/turtlebot3_msgs/include/turtlebot3_msgs/msg/sound__rosidl_typesupport_introspection_cpp.hpp
[4.578s] -- Up-to-date symlink: /home/iju/S08P31C208/ROS/robot_ws/install/turtlebot3_msgs/include/turtlebot3_msgs/msg/version_info__rosidl_typesupport_introspection_cpp.hpp
[4.587s] -- Up-to-date symlink: /home/iju/S08P31C208/ROS/robot_ws/install/turtlebot3_msgs/include/turtlebot3_msgs/srv/dqn__rosidl_typesupport_introspection_cpp.hpp
[4.587s] -- Up-to-date symlink: /home/iju/S08P31C208/ROS/robot_ws/install/turtlebot3_msgs/include/turtlebot3_msgs/srv/sound__rosidl_typesupport_introspection_cpp.hpp
[4.587s] -- Up-to-date symlink: /home/iju/S08P31C208/ROS/robot_ws/install/turtlebot3_msgs/lib/libturtlebot3_msgs__rosidl_typesupport_introspection_cpp.so
[4.587s] -- Up-to-date symlink: /home/iju/S08P31C208/ROS/robot_ws/install/turtlebot3_msgs/include/turtlebot3_msgs/action/patrol__rosidl_typesupport_fastrtps_c.h
[4.587s] -- Up-to-date symlink: /home/iju/S08P31C208/ROS/robot_ws/install/turtlebot3_msgs/include/turtlebot3_msgs/msg/rosidl_typesupport_fastrtps_c__visibility_control.h
[4.587s] -- Up-to-date symlink: /home/iju/S08P31C208/ROS/robot_ws/install/turtlebot3_msgs/include/turtlebot3_msgs/msg/sensor_state__rosidl_typesupport_fastrtps_c.h
[4.591s] -- Up-to-date symlink: /home/iju/S08P31C208/ROS/robot_ws/install/turtlebot3_msgs/include/turtlebot3_msgs/msg/sound__rosidl_typesupport_fastrtps_c.h
[4.591s] -- Up-to-date symlink: /home/iju/S08P31C208/ROS/robot_ws/install/turtlebot3_msgs/include/turtlebot3_msgs/msg/version_info__rosidl_typesupport_fastrtps_c.h
[4.591s] -- Up-to-date symlink: /home/iju/S08P31C208/ROS/robot_ws/install/turtlebot3_msgs/include/turtlebot3_msgs/srv/dqn__rosidl_typesupport_fastrtps_c.h
[4.591s] -- Up-to-date symlink: /home/iju/S08P31C208/ROS/robot_ws/install/turtlebot3_msgs/include/turtlebot3_msgs/srv/sound__rosidl_typesupport_fastrtps_c.h
[4.595s] -- Up-to-date symlink: /home/iju/S08P31C208/ROS/robot_ws/install/turtlebot3_msgs/lib/libturtlebot3_msgs__rosidl_typesupport_fastrtps_c.so
[4.595s] -- Up-to-date symlink: /home/iju/S08P31C208/ROS/robot_ws/install/turtlebot3_msgs/include/turtlebot3_msgs/action/patrol__rosidl_typesupport_fastrtps_cpp.hpp
[4.595s] -- Up-to-date symlink: /home/iju/S08P31C208/ROS/robot_ws/install/turtlebot3_msgs/include/turtlebot3_msgs/msg/rosidl_typesupport_fastrtps_cpp__visibility_control.h
[4.595s] -- Up-to-date symlink: /home/iju/S08P31C208/ROS/robot_ws/install/turtlebot3_msgs/include/turtlebot3_msgs/msg/sensor_state__rosidl_typesupport_fastrtps_cpp.hpp
[4.597s] -- Up-to-date symlink: /home/iju/S08P31C208/ROS/robot_ws/install/turtlebot3_msgs/include/turtlebot3_msgs/msg/sound__rosidl_typesupport_fastrtps_cpp.hpp
[4.598s] -- Up-to-date symlink: /home/iju/S08P31C208/ROS/robot_ws/install/turtlebot3_msgs/include/turtlebot3_msgs/msg/version_info__rosidl_typesupport_fastrtps_cpp.hpp
[4.598s] -- Up-to-date symlink: /home/iju/S08P31C208/ROS/robot_ws/install/turtlebot3_msgs/include/turtlebot3_msgs/srv/dqn__rosidl_typesupport_fastrtps_cpp.hpp
[4.598s] -- Up-to-date symlink: /home/iju/S08P31C208/ROS/robot_ws/install/turtlebot3_msgs/include/turtlebot3_msgs/srv/sound__rosidl_typesupport_fastrtps_cpp.hpp
[4.601s] -- Up-to-date symlink: /home/iju/S08P31C208/ROS/robot_ws/install/turtlebot3_msgs/lib/libturtlebot3_msgs__rosidl_typesupport_fastrtps_cpp.so
[4.601s] -- Up-to-date symlink: /home/iju/S08P31C208/ROS/robot_ws/install/turtlebot3_msgs/share/turtlebot3_msgs/environment/pythonpath.sh
[4.601s] -- Up-to-date symlink: /home/iju/S08P31C208/ROS/robot_ws/install/turtlebot3_msgs/lib/python3.6/site-packages/turtlebot3_msgs/__init__.py
[4.602s] -- Up-to-date symlink: /home/iju/S08P31C208/ROS/robot_ws/install/turtlebot3_msgs/lib/python3.6/site-packages/turtlebot3_msgs/msg/__init__.py
[4.602s] -- Up-to-date symlink: /home/iju/S08P31C208/ROS/robot_ws/install/turtlebot3_msgs/lib/python3.6/site-packages/turtlebot3_msgs/msg/_sensor_state.py
[4.603s] -- Up-to-date symlink: /home/iju/S08P31C208/ROS/robot_ws/install/turtlebot3_msgs/lib/python3.6/site-packages/turtlebot3_msgs/msg/_sound.py
[4.603s] -- Up-to-date symlink: /home/iju/S08P31C208/ROS/robot_ws/install/turtlebot3_msgs/lib/python3.6/site-packages/turtlebot3_msgs/msg/_version_info.py
[4.604s] -- Up-to-date symlink: /home/iju/S08P31C208/ROS/robot_ws/install/turtlebot3_msgs/lib/python3.6/site-packages/turtlebot3_msgs/srv/__init__.py
[4.605s] -- Up-to-date symlink: /home/iju/S08P31C208/ROS/robot_ws/install/turtlebot3_msgs/lib/python3.6/site-packages/turtlebot3_msgs/srv/_dqn.py
[4.605s] -- Up-to-date symlink: /home/iju/S08P31C208/ROS/robot_ws/install/turtlebot3_msgs/lib/python3.6/site-packages/turtlebot3_msgs/srv/_sound.py
[4.606s] -- Up-to-date symlink: /home/iju/S08P31C208/ROS/robot_ws/install/turtlebot3_msgs/lib/python3.6/site-packages/turtlebot3_msgs/action/__init__.py
[4.606s] -- Up-to-date symlink: /home/iju/S08P31C208/ROS/robot_ws/install/turtlebot3_msgs/lib/python3.6/site-packages/turtlebot3_msgs/action/_patrol.py
[4.607s] -- Up-to-date symlink: /home/iju/S08P31C208/ROS/robot_ws/install/turtlebot3_msgs/lib/python3.6/site-packages/turtlebot3_msgs/turtlebot3_msgs_s__rosidl_typesupport_c.cpython-36m-x86_64-linux-gnu.so
[4.608s] -- Up-to-date symlink: /home/iju/S08P31C208/ROS/robot_ws/install/turtlebot3_msgs/lib/python3.6/site-packages/turtlebot3_msgs/turtlebot3_msgs_s__rosidl_typesupport_introspection_c.cpython-36m-x86_64-linux-gnu.so
[4.608s] -- Up-to-date symlink: /home/iju/S08P31C208/ROS/robot_ws/install/turtlebot3_msgs/lib/python3.6/site-packages/turtlebot3_msgs/turtlebot3_msgs_s__rosidl_typesupport_fastrtps_c.cpython-36m-x86_64-linux-gnu.so
[4.609s] -- Up-to-date symlink: /home/iju/S08P31C208/ROS/robot_ws/install/turtlebot3_msgs/lib/libturtlebot3_msgs__python.so
[4.609s] -- Up-to-date symlink: /home/iju/S08P31C208/ROS/robot_ws/install/turtlebot3_msgs/share/turtlebot3_msgs/msg/SensorState.idl
[4.611s] -- Up-to-date symlink: /home/iju/S08P31C208/ROS/robot_ws/install/turtlebot3_msgs/share/turtlebot3_msgs/msg/Sound.idl
[4.617s] -- Up-to-date symlink: /home/iju/S08P31C208/ROS/robot_ws/install/turtlebot3_msgs/share/turtlebot3_msgs/msg/VersionInfo.idl
[4.618s] -- Up-to-date symlink: /home/iju/S08P31C208/ROS/robot_ws/install/turtlebot3_msgs/share/turtlebot3_msgs/srv/Sound.idl
[4.618s] -- Up-to-date symlink: /home/iju/S08P31C208/ROS/robot_ws/install/turtlebot3_msgs/share/turtlebot3_msgs/srv/Dqn.idl
[4.618s] -- Up-to-date symlink: /home/iju/S08P31C208/ROS/robot_ws/install/turtlebot3_msgs/share/turtlebot3_msgs/action/Patrol.idl
[4.618s] -- Up-to-date symlink: /home/iju/S08P31C208/ROS/robot_ws/install/turtlebot3_msgs/share/turtlebot3_msgs/msg/SensorState.msg
[4.618s] -- Up-to-date symlink: /home/iju/S08P31C208/ROS/robot_ws/install/turtlebot3_msgs/share/turtlebot3_msgs/msg/Sound.msg
[4.619s] -- Up-to-date symlink: /home/iju/S08P31C208/ROS/robot_ws/install/turtlebot3_msgs/share/turtlebot3_msgs/msg/VersionInfo.msg
[4.619s] -- Up-to-date symlink: /home/iju/S08P31C208/ROS/robot_ws/install/turtlebot3_msgs/share/turtlebot3_msgs/srv/Sound.srv
[4.619s] -- Up-to-date symlink: /home/iju/S08P31C208/ROS/robot_ws/install/turtlebot3_msgs/share/turtlebot3_msgs/srv/Sound_Request.msg
[4.620s] -- Up-to-date symlink: /home/iju/S08P31C208/ROS/robot_ws/install/turtlebot3_msgs/share/turtlebot3_msgs/srv/Sound_Response.msg
[4.621s] -- Up-to-date symlink: /home/iju/S08P31C208/ROS/robot_ws/install/turtlebot3_msgs/share/turtlebot3_msgs/srv/Dqn.srv
[4.621s] -- Up-to-date symlink: /home/iju/S08P31C208/ROS/robot_ws/install/turtlebot3_msgs/share/turtlebot3_msgs/srv/Dqn_Request.msg
[4.622s] -- Up-to-date symlink: /home/iju/S08P31C208/ROS/robot_ws/install/turtlebot3_msgs/share/turtlebot3_msgs/srv/Dqn_Response.msg
[4.622s] -- Up-to-date symlink: /home/iju/S08P31C208/ROS/robot_ws/install/turtlebot3_msgs/share/turtlebot3_msgs/action/Patrol.action
[4.622s] -- Up-to-date symlink: /home/iju/S08P31C208/ROS/robot_ws/install/turtlebot3_msgs/share/ament_index/resource_index/package_run_dependencies/turtlebot3_msgs
[4.623s] -- Up-to-date symlink: /home/iju/S08P31C208/ROS/robot_ws/install/turtlebot3_msgs/share/ament_index/resource_index/parent_prefix_path/turtlebot3_msgs
[4.627s] -- Up-to-date symlink: /home/iju/S08P31C208/ROS/robot_ws/install/turtlebot3_msgs/share/turtlebot3_msgs/environment/ament_prefix_path.sh
[4.628s] -- Up-to-date symlink: /home/iju/S08P31C208/ROS/robot_ws/install/turtlebot3_msgs/share/turtlebot3_msgs/environment/path.sh
[4.628s] -- Up-to-date symlink: /home/iju/S08P31C208/ROS/robot_ws/install/turtlebot3_msgs/share/turtlebot3_msgs/local_setup.bash
[4.631s] -- Up-to-date symlink: /home/iju/S08P31C208/ROS/robot_ws/install/turtlebot3_msgs/share/turtlebot3_msgs/local_setup.sh
[4.632s] -- Up-to-date symlink: /home/iju/S08P31C208/ROS/robot_ws/install/turtlebot3_msgs/share/turtlebot3_msgs/local_setup.zsh
[4.632s] -- Up-to-date symlink: /home/iju/S08P31C208/ROS/robot_ws/install/turtlebot3_msgs/share/ament_index/resource_index/packages/turtlebot3_msgs
[4.632s] -- Up-to-date symlink: /home/iju/S08P31C208/ROS/robot_ws/install/turtlebot3_msgs/share/turtlebot3_msgs/cmake/rosidl_cmake-extras.cmake
[4.637s] -- Up-to-date symlink: /home/iju/S08P31C208/ROS/robot_ws/install/turtlebot3_msgs/share/turtlebot3_msgs/cmake/ament_cmake_export_dependencies-extras.cmake
[4.637s] -- Up-to-date symlink: /home/iju/S08P31C208/ROS/robot_ws/install/turtlebot3_msgs/share/turtlebot3_msgs/cmake/ament_cmake_export_include_directories-extras.cmake
[4.639s] -- Up-to-date symlink: /home/iju/S08P31C208/ROS/robot_ws/install/turtlebot3_msgs/share/turtlebot3_msgs/cmake/ament_cmake_export_libraries-extras.cmake
[4.639s] -- Up-to-date symlink: /home/iju/S08P31C208/ROS/robot_ws/install/turtlebot3_msgs/share/turtlebot3_msgs/cmake/turtlebot3_msgsConfig.cmake
[4.639s] -- Up-to-date symlink: /home/iju/S08P31C208/ROS/robot_ws/install/turtlebot3_msgs/share/turtlebot3_msgs/cmake/turtlebot3_msgsConfig-version.cmake
[4.639s] -- Up-to-date symlink: /home/iju/S08P31C208/ROS/robot_ws/install/turtlebot3_msgs/share/turtlebot3_msgs/package.xml
[4.801s] Invoked command in '/home/iju/S08P31C208/ROS/robot_ws/build/turtlebot3_msgs' returned '0': CMAKE_PREFIX_PATH=${CMAKE_PREFIX_PATH}:/home/iju/S08P31C208/ROS/robot_ws/install/turtlebot3_teleop:/home/iju/S08P31C208/ROS/robot_ws/install/turtlebot3_example:/opt/ros/dashing PS1=\u@\h \[\033[32m\]\w\[\033[33m\]$(parse_git_branch)\[\033[00m\] $ /usr/bin/cmake --build /home/iju/S08P31C208/ROS/robot_ws/build/turtlebot3_msgs --target install -- -j6 -l6
