-- The C compiler identification is GNU 7.5.0
-- The CXX compiler identification is GNU 7.5.0
-- Check for working C compiler: /usr/bin/cc
-- Check for working C compiler: /usr/bin/cc -- works
-- Detecting C compiler ABI info
-- Detecting C compiler ABI info - done
-- Detecting C compile features
-- Detecting C compile features - done
-- Check for working CXX compiler: /usr/bin/c++
-- Check for working CXX compiler: /usr/bin/c++ -- works
-- Detecting CXX compiler ABI info
-- Detecting CXX compiler ABI info - done
-- Detecting CXX compile features
-- Detecting CXX compile features - done
-- Found ament_cmake: 0.7.6 (/opt/ros/dashing/share/ament_cmake/cmake)
-- Found PythonInterp: /usr/bin/python3 (found suitable version "3.6.9", minimum required is "3") 
-- Using PYTHON_EXECUTABLE: /usr/bin/python3
-- Found geometry_msgs: 0.7.1 (/opt/ros/dashing/share/geometry_msgs/cmake)
-- Found rosidl_adapter: 0.7.10 (/opt/ros/dashing/share/rosidl_adapter/cmake)
-- Found laser_geometry: 2.0.0 (/opt/ros/dashing/share/laser_geometry/cmake)
-- append /usr/include/eigen3 to ()
-- laser_geometry_INCLUDE_DIRS=/usr/include/eigen3
-- Found map_msgs: 2.0.2 (/opt/ros/dashing/share/map_msgs/cmake)
-- Found message_filters: 3.1.3 (/opt/ros/dashing/share/message_filters/cmake)
-- Found nav2_common: 0.2.6 (/home/iju/S08P31C208/ROS/robot_ws/install/nav2_common/share/nav2_common/cmake)
-- Found nav2_msgs: 0.2.6 (/home/iju/S08P31C208/ROS/robot_ws/install/nav2_msgs/share/nav2_msgs/cmake)
-- Found nav2_util: 0.2.6 (/home/iju/S08P31C208/ROS/robot_ws/install/nav2_util/share/nav2_util/cmake)
-- Found rmw_implementation_cmake: 0.7.2 (/opt/ros/dashing/share/rmw_implementation_cmake/cmake)
-- Using RMW implementation 'rmw_fastrtps_cpp' as default
-- Looking for pthread.h
-- Looking for pthread.h - found
-- Looking for pthread_create
-- Looking for pthread_create - not found
-- Looking for pthread_create in pthreads
-- Looking for pthread_create in pthreads - not found
-- Looking for pthread_create in pthread
-- Looking for pthread_create in pthread - found
-- Found Threads: TRUE  
-- Found eigen3_cmake_module: 0.1.1 (/opt/ros/dashing/share/eigen3_cmake_module/cmake)
-- Found Eigen3: TRUE (found version "3.3.4") 
-- Found nav2_voxel_grid: 0.2.6 (/home/iju/S08P31C208/ROS/robot_ws/install/nav2_voxel_grid/share/nav2_voxel_grid/cmake)
-- Found pluginlib: 2.3.3 (/opt/ros/dashing/share/pluginlib/cmake)
-- Found tinyxml2_vendor:  (/opt/ros/dashing/share/tinyxml2_vendor/cmake)
-- Found TinyXML2: /usr/lib/x86_64-linux-gnu/libtinyxml2.so  
-- Found poco_vendor:  (/opt/ros/dashing/share/poco_vendor/cmake)
-- Found tf2_sensor_msgs: 0.11.6 (/opt/ros/dashing/share/tf2_sensor_msgs/cmake)
-- Found visualization_msgs: 0.7.1 (/opt/ros/dashing/share/visualization_msgs/cmake)
-- Setting build type to Release as none was specified.
-- Found ament_lint_auto: 0.7.12 (/opt/ros/dashing/share/ament_lint_auto/cmake)
-- Found gtest sources under '/opt/ros/dashing/src/gtest_vendor': C++ tests using 'Google Test' will be built
-- Check if compiler accepts -pthread
-- Check if compiler accepts -pthread - yes
-- Found gtest sources under '/opt/ros/dashing/src/gtest_vendor': C++ tests using 'Google Test' will be built
-- Added test 'cppcheck' to perform static code analysis on C / C++ code
-- Configured cppcheck include dirs: /home/iju/S08P31C208/ROS/robot_ws/src/navigation2/nav2_costmap_2d/include
-- Added test 'flake8' to check Python code syntax and style conventions
-- Added test 'lint_cmake' to check CMake code style
-- Added test 'pep257' to check Python code against some of the style conventions in PEP 257
-- Added test 'uncrustify' to check C / C++ code style
-- Added test 'xmllint' to check XML markup files
-- Configuring done
-- Generating done
-- Build files have been written to: /home/iju/S08P31C208/ROS/robot_ws/build/nav2_costmap_2d
[35m[1mScanning dependencies of target nav2_costmap_2d_core[0m
[  2%] [32mBuilding CXX object CMakeFiles/nav2_costmap_2d_core.dir/src/array_parser.cpp.o[0m
[  4%] [32mBuilding CXX object CMakeFiles/nav2_costmap_2d_core.dir/src/layered_costmap.cpp.o[0m
[  7%] [32mBuilding CXX object CMakeFiles/nav2_costmap_2d_core.dir/src/costmap_2d_ros.cpp.o[0m
[  9%] [32mBuilding CXX object CMakeFiles/nav2_costmap_2d_core.dir/src/costmap_2d_publisher.cpp.o[0m
[ 11%] [32mBuilding CXX object CMakeFiles/nav2_costmap_2d_core.dir/src/layer.cpp.o[0m
[ 14%] [32mBuilding CXX object CMakeFiles/nav2_costmap_2d_core.dir/src/costmap_2d.cpp.o[0m
[ 16%] [32mBuilding CXX object CMakeFiles/nav2_costmap_2d_core.dir/src/costmap_math.cpp.o[0m
[ 19%] [32mBuilding CXX object CMakeFiles/nav2_costmap_2d_core.dir/src/footprint.cpp.o[0m
[ 21%] [32mBuilding CXX object CMakeFiles/nav2_costmap_2d_core.dir/src/costmap_layer.cpp.o[0m
[ 23%] [32mBuilding CXX object CMakeFiles/nav2_costmap_2d_core.dir/src/observation_buffer.cpp.o[0m
[ 26%] [32mBuilding CXX object CMakeFiles/nav2_costmap_2d_core.dir/src/clear_costmap_service.cpp.o[0m
[ 28%] [32m[1mLinking CXX shared library libnav2_costmap_2d_core.so[0m
[ 28%] Built target nav2_costmap_2d_core
[35m[1mScanning dependencies of target gtest[0m
[35m[1mScanning dependencies of target gtest_main[0m
[35m[1mScanning dependencies of target layers[0m
[ 30%] [32mBuilding CXX object gtest/CMakeFiles/gtest_main.dir/src/gtest_main.cc.o[0m
[ 33%] [32mBuilding CXX object gtest/CMakeFiles/gtest.dir/src/gtest-all.cc.o[0m
[ 35%] [32mBuilding CXX object CMakeFiles/layers.dir/plugins/inflation_layer.cpp.o[0m
[ 38%] [32m[1mLinking CXX static library libgtest_main.a[0m
[ 38%] Built target gtest_main
[35m[1mScanning dependencies of target nav2_costmap_2d_cloud[0m
[35m[1mScanning dependencies of target nav2_costmap_2d_markers[0m
[ 40%] [32mBuilding CXX object CMakeFiles/layers.dir/plugins/static_layer.cpp.o[0m
[ 42%] [32mBuilding CXX object CMakeFiles/nav2_costmap_2d_markers.dir/src/costmap_2d_markers.cpp.o[0m
[ 45%] [32mBuilding CXX object CMakeFiles/nav2_costmap_2d_cloud.dir/src/costmap_2d_cloud.cpp.o[0m
[ 47%] [32mBuilding CXX object CMakeFiles/layers.dir/plugins/obstacle_layer.cpp.o[0m
[ 50%] [32m[1mLinking CXX executable nav2_costmap_2d_cloud[0m
[ 52%] [32mBuilding CXX object CMakeFiles/layers.dir/src/observation_buffer.cpp.o[0m
[ 54%] [32m[1mLinking CXX executable nav2_costmap_2d_markers[0m
[ 54%] Built target nav2_costmap_2d_cloud
[35m[1mScanning dependencies of target nav2_costmap_2d_client[0m
[ 57%] [32mBuilding CXX object CMakeFiles/nav2_costmap_2d_client.dir/src/footprint_subscriber.cpp.o[0m
[ 57%] Built target nav2_costmap_2d_markers
[ 59%] [32mBuilding CXX object CMakeFiles/nav2_costmap_2d_client.dir/src/costmap_subscriber.cpp.o[0m
[ 61%] [32m[1mLinking CXX static library libgtest.a[0m
[ 61%] Built target gtest
[ 64%] [32mBuilding CXX object CMakeFiles/nav2_costmap_2d_client.dir/src/collision_checker.cpp.o[0m
[35m[1mScanning dependencies of target array_parser_test[0m
[ 66%] [32mBuilding CXX object test/unit/CMakeFiles/array_parser_test.dir/array_parser_test.cpp.o[0m
[ 69%] [32m[1mLinking CXX shared library libnav2_costmap_2d_client.so[0m
[ 71%] [32mBuilding CXX object CMakeFiles/layers.dir/plugins/voxel_layer.cpp.o[0m
[ 71%] Built target nav2_costmap_2d_client
[ 73%] [32m[1mLinking CXX executable array_parser_test[0m
[ 73%] Built target array_parser_test
[ 76%] [32m[1mLinking CXX shared library liblayers.so[0m
[ 76%] Built target layers
[35m[1mScanning dependencies of target footprint_tests_exec[0m
[35m[1mScanning dependencies of target nav2_costmap_2d[0m
[ 78%] [32mBuilding CXX object test/integration/CMakeFiles/footprint_tests_exec.dir/footprint_tests.cpp.o[0m
[ 80%] [32mBuilding CXX object CMakeFiles/nav2_costmap_2d.dir/src/costmap_2d_node.cpp.o[0m
[ 83%] [32m[1mLinking CXX executable nav2_costmap_2d[0m
[ 85%] [32m[1mLinking CXX executable footprint_tests_exec[0m
[ 85%] Built target nav2_costmap_2d
[35m[1mScanning dependencies of target test_collision_checker_exec[0m
[35m[1mScanning dependencies of target inflation_tests_exec[0m
[ 88%] [32mBuilding CXX object test/integration/CMakeFiles/inflation_tests_exec.dir/inflation_tests.cpp.o[0m
[ 90%] [32mBuilding CXX object test/integration/CMakeFiles/test_collision_checker_exec.dir/test_collision_checker.cpp.o[0m
[ 90%] Built target footprint_tests_exec
[35m[1mScanning dependencies of target obstacle_tests_exec[0m
[ 92%] [32mBuilding CXX object test/integration/CMakeFiles/obstacle_tests_exec.dir/obstacle_tests.cpp.o[0m
[ 95%] [32m[1mLinking CXX executable inflation_tests_exec[0m
[ 97%] [32m[1mLinking CXX executable obstacle_tests_exec[0m
[ 97%] Built target inflation_tests_exec
[ 97%] Built target obstacle_tests_exec
[100%] [32m[1mLinking CXX executable test_collision_checker_exec[0m
[100%] Built target test_collision_checker_exec
[  4%] Built target gtest
[  9%] Built target gtest_main
[ 38%] Built target nav2_costmap_2d_core
[ 42%] Built target nav2_costmap_2d_markers
[ 52%] Built target nav2_costmap_2d_client
[ 66%] Built target layers
[ 71%] Built target array_parser_test
[ 76%] Built target nav2_costmap_2d_cloud
[ 80%] Built target nav2_costmap_2d
[ 85%] Built target inflation_tests_exec
[ 90%] Built target test_collision_checker_exec
[ 95%] Built target obstacle_tests_exec
[100%] Built target footprint_tests_exec
[36mInstall the project...[0m
-- Install configuration: "Release"
-- Installing: /home/iju/S08P31C208/ROS/robot_ws/install/nav2_costmap_2d/lib/libnav2_costmap_2d_core.so
-- Set runtime path of "/home/iju/S08P31C208/ROS/robot_ws/install/nav2_costmap_2d/lib/libnav2_costmap_2d_core.so" to ""
-- Installing: /home/iju/S08P31C208/ROS/robot_ws/install/nav2_costmap_2d/lib/nav2_costmap_2d/nav2_costmap_2d
-- Set runtime path of "/home/iju/S08P31C208/ROS/robot_ws/install/nav2_costmap_2d/lib/nav2_costmap_2d/nav2_costmap_2d" to ""
-- Installing: /home/iju/S08P31C208/ROS/robot_ws/install/nav2_costmap_2d/lib/liblayers.so
-- Set runtime path of "/home/iju/S08P31C208/ROS/robot_ws/install/nav2_costmap_2d/lib/liblayers.so" to ""
-- Installing: /home/iju/S08P31C208/ROS/robot_ws/install/nav2_costmap_2d/lib/libnav2_costmap_2d_client.so
-- Set runtime path of "/home/iju/S08P31C208/ROS/robot_ws/install/nav2_costmap_2d/lib/libnav2_costmap_2d_client.so" to ""
-- Installing: /home/iju/S08P31C208/ROS/robot_ws/install/nav2_costmap_2d/share/nav2_costmap_2d/costmap_plugins.xml
-- Installing: /home/iju/S08P31C208/ROS/robot_ws/install/nav2_costmap_2d/include/
-- Installing: /home/iju/S08P31C208/ROS/robot_ws/install/nav2_costmap_2d/include//nav2_costmap_2d
-- Installing: /home/iju/S08P31C208/ROS/robot_ws/install/nav2_costmap_2d/include//nav2_costmap_2d/exceptions.hpp
-- Installing: /home/iju/S08P31C208/ROS/robot_ws/install/nav2_costmap_2d/include//nav2_costmap_2d/costmap_layer.hpp
-- Installing: /home/iju/S08P31C208/ROS/robot_ws/install/nav2_costmap_2d/include//nav2_costmap_2d/footprint.hpp
-- Installing: /home/iju/S08P31C208/ROS/robot_ws/install/nav2_costmap_2d/include//nav2_costmap_2d/clear_costmap_service.hpp
-- Installing: /home/iju/S08P31C208/ROS/robot_ws/install/nav2_costmap_2d/include//nav2_costmap_2d/voxel_layer.hpp
-- Installing: /home/iju/S08P31C208/ROS/robot_ws/install/nav2_costmap_2d/include//nav2_costmap_2d/costmap_2d.hpp
-- Installing: /home/iju/S08P31C208/ROS/robot_ws/install/nav2_costmap_2d/include//nav2_costmap_2d/cost_values.hpp
-- Installing: /home/iju/S08P31C208/ROS/robot_ws/install/nav2_costmap_2d/include//nav2_costmap_2d/footprint_subscriber.hpp
-- Installing: /home/iju/S08P31C208/ROS/robot_ws/install/nav2_costmap_2d/include//nav2_costmap_2d/costmap_2d_ros.hpp
-- Installing: /home/iju/S08P31C208/ROS/robot_ws/install/nav2_costmap_2d/include//nav2_costmap_2d/collision_checker.hpp
-- Installing: /home/iju/S08P31C208/ROS/robot_ws/install/nav2_costmap_2d/include//nav2_costmap_2d/observation_buffer.hpp
-- Installing: /home/iju/S08P31C208/ROS/robot_ws/install/nav2_costmap_2d/include//nav2_costmap_2d/layered_costmap.hpp
-- Installing: /home/iju/S08P31C208/ROS/robot_ws/install/nav2_costmap_2d/include//nav2_costmap_2d/array_parser.hpp
-- Installing: /home/iju/S08P31C208/ROS/robot_ws/install/nav2_costmap_2d/include//nav2_costmap_2d/inflation_layer.hpp
-- Installing: /home/iju/S08P31C208/ROS/robot_ws/install/nav2_costmap_2d/include//nav2_costmap_2d/observation.hpp
-- Installing: /home/iju/S08P31C208/ROS/robot_ws/install/nav2_costmap_2d/include//nav2_costmap_2d/layer.hpp
-- Installing: /home/iju/S08P31C208/ROS/robot_ws/install/nav2_costmap_2d/include//nav2_costmap_2d/costmap_math.hpp
-- Installing: /home/iju/S08P31C208/ROS/robot_ws/install/nav2_costmap_2d/include//nav2_costmap_2d/testing_helper.hpp
-- Installing: /home/iju/S08P31C208/ROS/robot_ws/install/nav2_costmap_2d/include//nav2_costmap_2d/static_layer.hpp
-- Installing: /home/iju/S08P31C208/ROS/robot_ws/install/nav2_costmap_2d/include//nav2_costmap_2d/costmap_subscriber.hpp
-- Installing: /home/iju/S08P31C208/ROS/robot_ws/install/nav2_costmap_2d/include//nav2_costmap_2d/costmap_2d_publisher.hpp
-- Installing: /home/iju/S08P31C208/ROS/robot_ws/install/nav2_costmap_2d/include//nav2_costmap_2d/obstacle_layer.hpp
-- Installing: /home/iju/S08P31C208/ROS/robot_ws/install/nav2_costmap_2d/share/nav2_costmap_2d/environment/library_path.sh
-- Up-to-date: /home/iju/S08P31C208/ROS/robot_ws/install/nav2_costmap_2d/share/nav2_costmap_2d/costmap_plugins.xml
-- Installing: /home/iju/S08P31C208/ROS/robot_ws/install/nav2_costmap_2d/share/ament_index/resource_index/package_run_dependencies/nav2_costmap_2d
-- Installing: /home/iju/S08P31C208/ROS/robot_ws/install/nav2_costmap_2d/share/ament_index/resource_index/parent_prefix_path/nav2_costmap_2d
-- Installing: /home/iju/S08P31C208/ROS/robot_ws/install/nav2_costmap_2d/share/nav2_costmap_2d/environment/ament_prefix_path.sh
-- Installing: /home/iju/S08P31C208/ROS/robot_ws/install/nav2_costmap_2d/share/nav2_costmap_2d/environment/path.sh
-- Installing: /home/iju/S08P31C208/ROS/robot_ws/install/nav2_costmap_2d/share/nav2_costmap_2d/local_setup.bash
-- Installing: /home/iju/S08P31C208/ROS/robot_ws/install/nav2_costmap_2d/share/nav2_costmap_2d/local_setup.sh
-- Installing: /home/iju/S08P31C208/ROS/robot_ws/install/nav2_costmap_2d/share/nav2_costmap_2d/local_setup.zsh
-- Installing: /home/iju/S08P31C208/ROS/robot_ws/install/nav2_costmap_2d/share/ament_index/resource_index/packages/nav2_costmap_2d
-- Installing: /home/iju/S08P31C208/ROS/robot_ws/install/nav2_costmap_2d/share/ament_index/resource_index/nav2_costmap_2d__pluginlib__plugin/nav2_costmap_2d
-- Installing: /home/iju/S08P31C208/ROS/robot_ws/install/nav2_costmap_2d/share/nav2_costmap_2d/cmake/ament_cmake_export_include_directories-extras.cmake
-- Installing: /home/iju/S08P31C208/ROS/robot_ws/install/nav2_costmap_2d/share/nav2_costmap_2d/cmake/ament_cmake_export_libraries-extras.cmake
-- Installing: /home/iju/S08P31C208/ROS/robot_ws/install/nav2_costmap_2d/share/nav2_costmap_2d/cmake/ament_cmake_export_dependencies-extras.cmake
-- Installing: /home/iju/S08P31C208/ROS/robot_ws/install/nav2_costmap_2d/share/nav2_costmap_2d/cmake/nav2_costmap_2dConfig.cmake
-- Installing: /home/iju/S08P31C208/ROS/robot_ws/install/nav2_costmap_2d/share/nav2_costmap_2d/cmake/nav2_costmap_2dConfig-version.cmake
-- Installing: /home/iju/S08P31C208/ROS/robot_ws/install/nav2_costmap_2d/share/nav2_costmap_2d/package.xml
