[0.106s] Invoking command in '/home/iju/S08P31C208/ROS/robot_ws/build/nav2_costmap_2d': AMENT_PREFIX_PATH=/home/iju/S08P31C208/ROS/robot_ws/install/nav2_map_server:/home/iju/S08P31C208/ROS/robot_ws/install/nav2_lifecycle_manager:/home/iju/S08P31C208/ROS/robot_ws/install/nav2_util:/home/iju/S08P31C208/ROS/robot_ws/install/nav2_voxel_grid:/home/iju/S08P31C208/ROS/robot_ws/install/nav2_msgs:/home/iju/S08P31C208/ROS/robot_ws/install/nav2_common:${AMENT_PREFIX_PATH} CMAKE_PREFIX_PATH=/home/iju/S08P31C208/ROS/robot_ws/install/nav2_map_server:/home/iju/S08P31C208/ROS/robot_ws/install/nav2_lifecycle_manager:/home/iju/S08P31C208/ROS/robot_ws/install/nav2_util:/home/iju/S08P31C208/ROS/robot_ws/install/nav2_voxel_grid:/home/iju/S08P31C208/ROS/robot_ws/install/nav2_msgs:/home/iju/S08P31C208/ROS/robot_ws/install/nav2_common:/home/iju/S08P31C208/ROS/robot_ws/install/turtlebot3_simulations:/home/iju/S08P31C208/ROS/robot_ws/install/turtlebot3_gazebo:/home/iju/S08P31C208/ROS/robot_ws/install/turtlebot3:/home/iju/S08P31C208/ROS/robot_ws/install/turtlebot3_bringup:/home/iju/S08P31C208/ROS/robot_ws/install/turtlebot3_node:/home/iju/S08P31C208/ROS/robot_ws/install/turtlebot3_navigation2:/home/iju/S08P31C208/ROS/robot_ws/install/turtlebot3_fake_node:/home/iju/S08P31C208/ROS/robot_ws/install/turtlebot3_msgs:/home/iju/S08P31C208/ROS/robot_ws/install/turtlebot3_description:/home/iju/S08P31C208/ROS/robot_ws/install/turtlebot3_cartographer:/home/iju/S08P31C208/ROS/robot_ws/install/turtle_cpp:/home/iju/S08P31C208/ROS/robot_ws/install/gazebo_ros_pkgs:/home/iju/S08P31C208/ROS/robot_ws/install/gazebo_plugins:/home/iju/S08P31C208/ROS/robot_ws/install/gazebo_ros:/home/iju/S08P31C208/ROS/robot_ws/install/gazebo_msgs:/home/iju/S08P31C208/ROS/robot_ws/install/gazebo_dev:/home/iju/S08P31C208/ROS/robot_ws/install/dynamixel_sdk_examples:/home/iju/S08P31C208/ROS/robot_ws/install/dynamixel_sdk_custom_interfaces:/home/iju/S08P31C208/ROS/robot_ws/install/dynamixel_sdk:/home/iju/S08P31C208/ROS/robot_ws/install/turtlebot3_teleop:/home/iju/S08P31C208/ROS/robot_ws/install/turtlebot3_example:/opt/ros/dashing LD_LIBRARY_PATH=/home/iju/S08P31C208/ROS/robot_ws/install/nav2_map_server/lib:/home/iju/S08P31C208/ROS/robot_ws/install/nav2_lifecycle_manager/lib:/home/iju/S08P31C208/ROS/robot_ws/install/nav2_util/lib:/home/iju/S08P31C208/ROS/robot_ws/install/nav2_voxel_grid/lib:/home/iju/S08P31C208/ROS/robot_ws/install/nav2_msgs/lib:${LD_LIBRARY_PATH} PS1=\u@\h \[\033[32m\]\w\[\033[33m\]$(parse_git_branch)\[\033[00m\] $ PYTHONPATH=/home/iju/S08P31C208/ROS/robot_ws/install/nav2_msgs/lib/python3.6/site-packages:/home/iju/S08P31C208/ROS/robot_ws/install/nav2_common/lib/python3.6/site-packages:${PYTHONPATH} /usr/bin/cmake /home/iju/S08P31C208/ROS/robot_ws/src/navigation2/nav2_costmap_2d -DCMAKE_INSTALL_PREFIX=/home/iju/S08P31C208/ROS/robot_ws/install/nav2_costmap_2d
[0.184s] -- The C compiler identification is GNU 7.5.0
[0.264s] -- The CXX compiler identification is GNU 7.5.0
[0.269s] -- Check for working C compiler: /usr/bin/cc
[0.361s] -- Check for working C compiler: /usr/bin/cc -- works
[0.362s] -- Detecting C compiler ABI info
[0.459s] -- Detecting C compiler ABI info - done
[0.465s] -- Detecting C compile features
[0.763s] -- Detecting C compile features - done
[0.765s] -- Check for working CXX compiler: /usr/bin/c++
[0.887s] -- Check for working CXX compiler: /usr/bin/c++ -- works
[0.889s] -- Detecting CXX compiler ABI info
[1.019s] -- Detecting CXX compiler ABI info - done
[1.027s] -- Detecting CXX compile features
[1.555s] -- Detecting CXX compile features - done
[1.560s] -- Found ament_cmake: 0.7.6 (/opt/ros/dashing/share/ament_cmake/cmake)
[1.611s] -- Found PythonInterp: /usr/bin/python3 (found suitable version "3.6.9", minimum required is "3") 
[1.611s] -- Using PYTHON_EXECUTABLE: /usr/bin/python3
[2.017s] -- Found geometry_msgs: 0.7.1 (/opt/ros/dashing/share/geometry_msgs/cmake)
[2.063s] -- Found rosidl_adapter: 0.7.10 (/opt/ros/dashing/share/rosidl_adapter/cmake)
[2.146s] -- Found laser_geometry: 2.0.0 (/opt/ros/dashing/share/laser_geometry/cmake)
[2.153s] -- append /usr/include/eigen3 to ()
[2.153s] -- laser_geometry_INCLUDE_DIRS=/usr/include/eigen3
[2.164s] -- Found map_msgs: 2.0.2 (/opt/ros/dashing/share/map_msgs/cmake)
[2.236s] -- Found message_filters: 3.1.3 (/opt/ros/dashing/share/message_filters/cmake)
[2.239s] -- Found nav2_common: 0.2.6 (/home/iju/S08P31C208/ROS/robot_ws/install/nav2_common/share/nav2_common/cmake)
[2.240s] -- Found nav2_msgs: 0.2.6 (/home/iju/S08P31C208/ROS/robot_ws/install/nav2_msgs/share/nav2_msgs/cmake)
[2.281s] -- Found nav2_util: 0.2.6 (/home/iju/S08P31C208/ROS/robot_ws/install/nav2_util/share/nav2_util/cmake)
[2.333s] -- Found rmw_implementation_cmake: 0.7.2 (/opt/ros/dashing/share/rmw_implementation_cmake/cmake)
[2.339s] -- Using RMW implementation 'rmw_fastrtps_cpp' as default
[2.340s] -- Looking for pthread.h
[2.458s] -- Looking for pthread.h - found
[2.458s] -- Looking for pthread_create
[2.562s] -- Looking for pthread_create - not found
[2.562s] -- Looking for pthread_create in pthreads
[2.654s] -- Looking for pthread_create in pthreads - not found
[2.654s] -- Looking for pthread_create in pthread
[2.756s] -- Looking for pthread_create in pthread - found
[2.757s] -- Found Threads: TRUE  
[2.924s] -- Found eigen3_cmake_module: 0.1.1 (/opt/ros/dashing/share/eigen3_cmake_module/cmake)
[2.926s] -- Found Eigen3: TRUE (found version "3.3.4") 
[3.257s] -- Found nav2_voxel_grid: 0.2.6 (/home/iju/S08P31C208/ROS/robot_ws/install/nav2_voxel_grid/share/nav2_voxel_grid/cmake)
[3.277s] -- Found pluginlib: 2.3.3 (/opt/ros/dashing/share/pluginlib/cmake)
[3.283s] -- Found tinyxml2_vendor:  (/opt/ros/dashing/share/tinyxml2_vendor/cmake)
[3.301s] -- Found TinyXML2: /usr/lib/x86_64-linux-gnu/libtinyxml2.so  
[3.321s] -- Found poco_vendor:  (/opt/ros/dashing/share/poco_vendor/cmake)
[3.342s] -- Found tf2_sensor_msgs: 0.11.6 (/opt/ros/dashing/share/tf2_sensor_msgs/cmake)
[3.371s] -- Found visualization_msgs: 0.7.1 (/opt/ros/dashing/share/visualization_msgs/cmake)
[3.389s] -- Setting build type to Release as none was specified.
[8.774s] -- Found ament_lint_auto: 0.7.12 (/opt/ros/dashing/share/ament_lint_auto/cmake)
[9.418s] -- Found gtest sources under '/opt/ros/dashing/src/gtest_vendor': C++ tests using 'Google Test' will be built
[9.420s] -- Check if compiler accepts -pthread
[9.523s] -- Check if compiler accepts -pthread - yes
[9.526s] -- Found gtest sources under '/opt/ros/dashing/src/gtest_vendor': C++ tests using 'Google Test' will be built
[14.414s] -- Added test 'cppcheck' to perform static code analysis on C / C++ code
[14.415s] -- Configured cppcheck include dirs: /home/iju/S08P31C208/ROS/robot_ws/src/navigation2/nav2_costmap_2d/include
[14.416s] -- Added test 'flake8' to check Python code syntax and style conventions
[14.417s] -- Added test 'lint_cmake' to check CMake code style
[14.418s] -- Added test 'pep257' to check Python code against some of the style conventions in PEP 257
[14.422s] -- Added test 'uncrustify' to check C / C++ code style
[14.423s] -- Added test 'xmllint' to check XML markup files
[14.429s] -- Configuring done
[14.903s] -- Generating done
[14.907s] -- Build files have been written to: /home/iju/S08P31C208/ROS/robot_ws/build/nav2_costmap_2d
[14.915s] Invoked command in '/home/iju/S08P31C208/ROS/robot_ws/build/nav2_costmap_2d' returned '0': AMENT_PREFIX_PATH=/home/iju/S08P31C208/ROS/robot_ws/install/nav2_map_server:/home/iju/S08P31C208/ROS/robot_ws/install/nav2_lifecycle_manager:/home/iju/S08P31C208/ROS/robot_ws/install/nav2_util:/home/iju/S08P31C208/ROS/robot_ws/install/nav2_voxel_grid:/home/iju/S08P31C208/ROS/robot_ws/install/nav2_msgs:/home/iju/S08P31C208/ROS/robot_ws/install/nav2_common:${AMENT_PREFIX_PATH} CMAKE_PREFIX_PATH=/home/iju/S08P31C208/ROS/robot_ws/install/nav2_map_server:/home/iju/S08P31C208/ROS/robot_ws/install/nav2_lifecycle_manager:/home/iju/S08P31C208/ROS/robot_ws/install/nav2_util:/home/iju/S08P31C208/ROS/robot_ws/install/nav2_voxel_grid:/home/iju/S08P31C208/ROS/robot_ws/install/nav2_msgs:/home/iju/S08P31C208/ROS/robot_ws/install/nav2_common:/home/iju/S08P31C208/ROS/robot_ws/install/turtlebot3_simulations:/home/iju/S08P31C208/ROS/robot_ws/install/turtlebot3_gazebo:/home/iju/S08P31C208/ROS/robot_ws/install/turtlebot3:/home/iju/S08P31C208/ROS/robot_ws/install/turtlebot3_bringup:/home/iju/S08P31C208/ROS/robot_ws/install/turtlebot3_node:/home/iju/S08P31C208/ROS/robot_ws/install/turtlebot3_navigation2:/home/iju/S08P31C208/ROS/robot_ws/install/turtlebot3_fake_node:/home/iju/S08P31C208/ROS/robot_ws/install/turtlebot3_msgs:/home/iju/S08P31C208/ROS/robot_ws/install/turtlebot3_description:/home/iju/S08P31C208/ROS/robot_ws/install/turtlebot3_cartographer:/home/iju/S08P31C208/ROS/robot_ws/install/turtle_cpp:/home/iju/S08P31C208/ROS/robot_ws/install/gazebo_ros_pkgs:/home/iju/S08P31C208/ROS/robot_ws/install/gazebo_plugins:/home/iju/S08P31C208/ROS/robot_ws/install/gazebo_ros:/home/iju/S08P31C208/ROS/robot_ws/install/gazebo_msgs:/home/iju/S08P31C208/ROS/robot_ws/install/gazebo_dev:/home/iju/S08P31C208/ROS/robot_ws/install/dynamixel_sdk_examples:/home/iju/S08P31C208/ROS/robot_ws/install/dynamixel_sdk_custom_interfaces:/home/iju/S08P31C208/ROS/robot_ws/install/dynamixel_sdk:/home/iju/S08P31C208/ROS/robot_ws/install/turtlebot3_teleop:/home/iju/S08P31C208/ROS/robot_ws/install/turtlebot3_example:/opt/ros/dashing LD_LIBRARY_PATH=/home/iju/S08P31C208/ROS/robot_ws/install/nav2_map_server/lib:/home/iju/S08P31C208/ROS/robot_ws/install/nav2_lifecycle_manager/lib:/home/iju/S08P31C208/ROS/robot_ws/install/nav2_util/lib:/home/iju/S08P31C208/ROS/robot_ws/install/nav2_voxel_grid/lib:/home/iju/S08P31C208/ROS/robot_ws/install/nav2_msgs/lib:${LD_LIBRARY_PATH} PS1=\u@\h \[\033[32m\]\w\[\033[33m\]$(parse_git_branch)\[\033[00m\] $ PYTHONPATH=/home/iju/S08P31C208/ROS/robot_ws/install/nav2_msgs/lib/python3.6/site-packages:/home/iju/S08P31C208/ROS/robot_ws/install/nav2_common/lib/python3.6/site-packages:${PYTHONPATH} /usr/bin/cmake /home/iju/S08P31C208/ROS/robot_ws/src/navigation2/nav2_costmap_2d -DCMAKE_INSTALL_PREFIX=/home/iju/S08P31C208/ROS/robot_ws/install/nav2_costmap_2d
[14.916s] Invoking command in '/home/iju/S08P31C208/ROS/robot_ws/build/nav2_costmap_2d': AMENT_PREFIX_PATH=/home/iju/S08P31C208/ROS/robot_ws/install/nav2_map_server:/home/iju/S08P31C208/ROS/robot_ws/install/nav2_lifecycle_manager:/home/iju/S08P31C208/ROS/robot_ws/install/nav2_util:/home/iju/S08P31C208/ROS/robot_ws/install/nav2_voxel_grid:/home/iju/S08P31C208/ROS/robot_ws/install/nav2_msgs:/home/iju/S08P31C208/ROS/robot_ws/install/nav2_common:${AMENT_PREFIX_PATH} CMAKE_PREFIX_PATH=/home/iju/S08P31C208/ROS/robot_ws/install/nav2_map_server:/home/iju/S08P31C208/ROS/robot_ws/install/nav2_lifecycle_manager:/home/iju/S08P31C208/ROS/robot_ws/install/nav2_util:/home/iju/S08P31C208/ROS/robot_ws/install/nav2_voxel_grid:/home/iju/S08P31C208/ROS/robot_ws/install/nav2_msgs:/home/iju/S08P31C208/ROS/robot_ws/install/nav2_common:/home/iju/S08P31C208/ROS/robot_ws/install/turtlebot3_simulations:/home/iju/S08P31C208/ROS/robot_ws/install/turtlebot3_gazebo:/home/iju/S08P31C208/ROS/robot_ws/install/turtlebot3:/home/iju/S08P31C208/ROS/robot_ws/install/turtlebot3_bringup:/home/iju/S08P31C208/ROS/robot_ws/install/turtlebot3_node:/home/iju/S08P31C208/ROS/robot_ws/install/turtlebot3_navigation2:/home/iju/S08P31C208/ROS/robot_ws/install/turtlebot3_fake_node:/home/iju/S08P31C208/ROS/robot_ws/install/turtlebot3_msgs:/home/iju/S08P31C208/ROS/robot_ws/install/turtlebot3_description:/home/iju/S08P31C208/ROS/robot_ws/install/turtlebot3_cartographer:/home/iju/S08P31C208/ROS/robot_ws/install/turtle_cpp:/home/iju/S08P31C208/ROS/robot_ws/install/gazebo_ros_pkgs:/home/iju/S08P31C208/ROS/robot_ws/install/gazebo_plugins:/home/iju/S08P31C208/ROS/robot_ws/install/gazebo_ros:/home/iju/S08P31C208/ROS/robot_ws/install/gazebo_msgs:/home/iju/S08P31C208/ROS/robot_ws/install/gazebo_dev:/home/iju/S08P31C208/ROS/robot_ws/install/dynamixel_sdk_examples:/home/iju/S08P31C208/ROS/robot_ws/install/dynamixel_sdk_custom_interfaces:/home/iju/S08P31C208/ROS/robot_ws/install/dynamixel_sdk:/home/iju/S08P31C208/ROS/robot_ws/install/turtlebot3_teleop:/home/iju/S08P31C208/ROS/robot_ws/install/turtlebot3_example:/opt/ros/dashing LD_LIBRARY_PATH=/home/iju/S08P31C208/ROS/robot_ws/install/nav2_map_server/lib:/home/iju/S08P31C208/ROS/robot_ws/install/nav2_lifecycle_manager/lib:/home/iju/S08P31C208/ROS/robot_ws/install/nav2_util/lib:/home/iju/S08P31C208/ROS/robot_ws/install/nav2_voxel_grid/lib:/home/iju/S08P31C208/ROS/robot_ws/install/nav2_msgs/lib:${LD_LIBRARY_PATH} PS1=\u@\h \[\033[32m\]\w\[\033[33m\]$(parse_git_branch)\[\033[00m\] $ PYTHONPATH=/home/iju/S08P31C208/ROS/robot_ws/install/nav2_msgs/lib/python3.6/site-packages:/home/iju/S08P31C208/ROS/robot_ws/install/nav2_common/lib/python3.6/site-packages:${PYTHONPATH} /usr/bin/cmake --build /home/iju/S08P31C208/ROS/robot_ws/build/nav2_costmap_2d -- -j6 -l6
[14.973s] [35m[1mScanning dependencies of target nav2_costmap_2d_core[0m
[15.094s] [  2%] [32mBuilding CXX object CMakeFiles/nav2_costmap_2d_core.dir/src/array_parser.cpp.o[0m
[15.561s] [  4%] [32mBuilding CXX object CMakeFiles/nav2_costmap_2d_core.dir/src/layered_costmap.cpp.o[0m
[17.086s] [  7%] [32mBuilding CXX object CMakeFiles/nav2_costmap_2d_core.dir/src/costmap_2d_ros.cpp.o[0m
[24.100s] [  9%] [32mBuilding CXX object CMakeFiles/nav2_costmap_2d_core.dir/src/costmap_2d_publisher.cpp.o[0m
[24.102s] [ 11%] [32mBuilding CXX object CMakeFiles/nav2_costmap_2d_core.dir/src/layer.cpp.o[0m
[24.112s] [ 14%] [32mBuilding CXX object CMakeFiles/nav2_costmap_2d_core.dir/src/costmap_2d.cpp.o[0m
[24.737s] [ 16%] [32mBuilding CXX object CMakeFiles/nav2_costmap_2d_core.dir/src/costmap_math.cpp.o[0m
[25.099s] [ 19%] [32mBuilding CXX object CMakeFiles/nav2_costmap_2d_core.dir/src/footprint.cpp.o[0m
[25.855s] [ 21%] [32mBuilding CXX object CMakeFiles/nav2_costmap_2d_core.dir/src/costmap_layer.cpp.o[0m
[26.409s] [ 23%] [32mBuilding CXX object CMakeFiles/nav2_costmap_2d_core.dir/src/observation_buffer.cpp.o[0m
[26.942s] [ 26%] [32mBuilding CXX object CMakeFiles/nav2_costmap_2d_core.dir/src/clear_costmap_service.cpp.o[0m
[31.558s] [ 28%] [32m[1mLinking CXX shared library libnav2_costmap_2d_core.so[0m
[31.801s] [ 28%] Built target nav2_costmap_2d_core
[31.815s] [35m[1mScanning dependencies of target gtest[0m
[31.815s] [35m[1mScanning dependencies of target gtest_main[0m
[31.818s] [35m[1mScanning dependencies of target layers[0m
[31.833s] [ 30%] [32mBuilding CXX object gtest/CMakeFiles/gtest_main.dir/src/gtest_main.cc.o[0m
[31.835s] [ 33%] [32mBuilding CXX object gtest/CMakeFiles/gtest.dir/src/gtest-all.cc.o[0m
[31.933s] [ 35%] [32mBuilding CXX object CMakeFiles/layers.dir/plugins/inflation_layer.cpp.o[0m
[32.504s] [ 38%] [32m[1mLinking CXX static library libgtest_main.a[0m
[32.553s] [ 38%] Built target gtest_main
[32.571s] [35m[1mScanning dependencies of target nav2_costmap_2d_cloud[0m
[32.576s] [35m[1mScanning dependencies of target nav2_costmap_2d_markers[0m
[32.578s] [ 40%] [32mBuilding CXX object CMakeFiles/layers.dir/plugins/static_layer.cpp.o[0m
[32.660s] [ 42%] [32mBuilding CXX object CMakeFiles/nav2_costmap_2d_markers.dir/src/costmap_2d_markers.cpp.o[0m
[32.665s] [ 45%] [32mBuilding CXX object CMakeFiles/nav2_costmap_2d_cloud.dir/src/costmap_2d_cloud.cpp.o[0m
[34.821s] [ 47%] [32mBuilding CXX object CMakeFiles/layers.dir/plugins/obstacle_layer.cpp.o[0m
[37.628s] [ 50%] [32m[1mLinking CXX executable nav2_costmap_2d_cloud[0m
[37.873s] [ 52%] [32mBuilding CXX object CMakeFiles/layers.dir/src/observation_buffer.cpp.o[0m
[37.887s] [ 54%] [32m[1mLinking CXX executable nav2_costmap_2d_markers[0m
[37.891s] [ 54%] Built target nav2_costmap_2d_cloud
[37.923s] [35m[1mScanning dependencies of target nav2_costmap_2d_client[0m
[38.000s] [ 57%] [32mBuilding CXX object CMakeFiles/nav2_costmap_2d_client.dir/src/footprint_subscriber.cpp.o[0m
[38.107s] [ 57%] Built target nav2_costmap_2d_markers
[38.121s] [ 59%] [32mBuilding CXX object CMakeFiles/nav2_costmap_2d_client.dir/src/costmap_subscriber.cpp.o[0m
[39.835s] [ 61%] [32m[1mLinking CXX static library libgtest.a[0m
[39.897s] [ 61%] Built target gtest
[39.922s] [ 64%] [32mBuilding CXX object CMakeFiles/nav2_costmap_2d_client.dir/src/collision_checker.cpp.o[0m
[42.293s] [35m[1mScanning dependencies of target array_parser_test[0m
[42.329s] [ 66%] [32mBuilding CXX object test/unit/CMakeFiles/array_parser_test.dir/array_parser_test.cpp.o[0m
[42.555s] [ 69%] [32m[1mLinking CXX shared library libnav2_costmap_2d_client.so[0m
[42.627s] [ 71%] [32mBuilding CXX object CMakeFiles/layers.dir/plugins/voxel_layer.cpp.o[0m
[42.861s] [ 71%] Built target nav2_costmap_2d_client
[43.691s] [ 73%] [32m[1mLinking CXX executable array_parser_test[0m
[43.892s] [ 73%] Built target array_parser_test
[47.565s] [ 76%] [32m[1mLinking CXX shared library liblayers.so[0m
[47.818s] [ 76%] Built target layers
[47.831s] [35m[1mScanning dependencies of target footprint_tests_exec[0m
[47.839s] [35m[1mScanning dependencies of target nav2_costmap_2d[0m
[47.877s] [ 78%] [32mBuilding CXX object test/integration/CMakeFiles/footprint_tests_exec.dir/footprint_tests.cpp.o[0m
[47.887s] [ 80%] [32mBuilding CXX object CMakeFiles/nav2_costmap_2d.dir/src/costmap_2d_node.cpp.o[0m
[50.255s] [ 83%] [32m[1mLinking CXX executable nav2_costmap_2d[0m
[50.426s] [ 85%] [32m[1mLinking CXX executable footprint_tests_exec[0m
[50.471s] [ 85%] Built target nav2_costmap_2d
[50.485s] [35m[1mScanning dependencies of target test_collision_checker_exec[0m
[50.485s] [35m[1mScanning dependencies of target inflation_tests_exec[0m
[50.571s] [ 88%] [32mBuilding CXX object test/integration/CMakeFiles/inflation_tests_exec.dir/inflation_tests.cpp.o[0m
[50.573s] [ 90%] [32mBuilding CXX object test/integration/CMakeFiles/test_collision_checker_exec.dir/test_collision_checker.cpp.o[0m
[50.710s] [ 90%] Built target footprint_tests_exec
[50.724s] [35m[1mScanning dependencies of target obstacle_tests_exec[0m
[50.817s] [ 92%] [32mBuilding CXX object test/integration/CMakeFiles/obstacle_tests_exec.dir/obstacle_tests.cpp.o[0m
[55.580s] [ 95%] [32m[1mLinking CXX executable inflation_tests_exec[0m
[55.663s] [ 97%] [32m[1mLinking CXX executable obstacle_tests_exec[0m
[55.916s] [ 97%] Built target inflation_tests_exec
[56.003s] [ 97%] Built target obstacle_tests_exec
[56.171s] [100%] [32m[1mLinking CXX executable test_collision_checker_exec[0m
[56.464s] [100%] Built target test_collision_checker_exec
[56.476s] Invoked command in '/home/iju/S08P31C208/ROS/robot_ws/build/nav2_costmap_2d' returned '0': AMENT_PREFIX_PATH=/home/iju/S08P31C208/ROS/robot_ws/install/nav2_map_server:/home/iju/S08P31C208/ROS/robot_ws/install/nav2_lifecycle_manager:/home/iju/S08P31C208/ROS/robot_ws/install/nav2_util:/home/iju/S08P31C208/ROS/robot_ws/install/nav2_voxel_grid:/home/iju/S08P31C208/ROS/robot_ws/install/nav2_msgs:/home/iju/S08P31C208/ROS/robot_ws/install/nav2_common:${AMENT_PREFIX_PATH} CMAKE_PREFIX_PATH=/home/iju/S08P31C208/ROS/robot_ws/install/nav2_map_server:/home/iju/S08P31C208/ROS/robot_ws/install/nav2_lifecycle_manager:/home/iju/S08P31C208/ROS/robot_ws/install/nav2_util:/home/iju/S08P31C208/ROS/robot_ws/install/nav2_voxel_grid:/home/iju/S08P31C208/ROS/robot_ws/install/nav2_msgs:/home/iju/S08P31C208/ROS/robot_ws/install/nav2_common:/home/iju/S08P31C208/ROS/robot_ws/install/turtlebot3_simulations:/home/iju/S08P31C208/ROS/robot_ws/install/turtlebot3_gazebo:/home/iju/S08P31C208/ROS/robot_ws/install/turtlebot3:/home/iju/S08P31C208/ROS/robot_ws/install/turtlebot3_bringup:/home/iju/S08P31C208/ROS/robot_ws/install/turtlebot3_node:/home/iju/S08P31C208/ROS/robot_ws/install/turtlebot3_navigation2:/home/iju/S08P31C208/ROS/robot_ws/install/turtlebot3_fake_node:/home/iju/S08P31C208/ROS/robot_ws/install/turtlebot3_msgs:/home/iju/S08P31C208/ROS/robot_ws/install/turtlebot3_description:/home/iju/S08P31C208/ROS/robot_ws/install/turtlebot3_cartographer:/home/iju/S08P31C208/ROS/robot_ws/install/turtle_cpp:/home/iju/S08P31C208/ROS/robot_ws/install/gazebo_ros_pkgs:/home/iju/S08P31C208/ROS/robot_ws/install/gazebo_plugins:/home/iju/S08P31C208/ROS/robot_ws/install/gazebo_ros:/home/iju/S08P31C208/ROS/robot_ws/install/gazebo_msgs:/home/iju/S08P31C208/ROS/robot_ws/install/gazebo_dev:/home/iju/S08P31C208/ROS/robot_ws/install/dynamixel_sdk_examples:/home/iju/S08P31C208/ROS/robot_ws/install/dynamixel_sdk_custom_interfaces:/home/iju/S08P31C208/ROS/robot_ws/install/dynamixel_sdk:/home/iju/S08P31C208/ROS/robot_ws/install/turtlebot3_teleop:/home/iju/S08P31C208/ROS/robot_ws/install/turtlebot3_example:/opt/ros/dashing LD_LIBRARY_PATH=/home/iju/S08P31C208/ROS/robot_ws/install/nav2_map_server/lib:/home/iju/S08P31C208/ROS/robot_ws/install/nav2_lifecycle_manager/lib:/home/iju/S08P31C208/ROS/robot_ws/install/nav2_util/lib:/home/iju/S08P31C208/ROS/robot_ws/install/nav2_voxel_grid/lib:/home/iju/S08P31C208/ROS/robot_ws/install/nav2_msgs/lib:${LD_LIBRARY_PATH} PS1=\u@\h \[\033[32m\]\w\[\033[33m\]$(parse_git_branch)\[\033[00m\] $ PYTHONPATH=/home/iju/S08P31C208/ROS/robot_ws/install/nav2_msgs/lib/python3.6/site-packages:/home/iju/S08P31C208/ROS/robot_ws/install/nav2_common/lib/python3.6/site-packages:${PYTHONPATH} /usr/bin/cmake --build /home/iju/S08P31C208/ROS/robot_ws/build/nav2_costmap_2d -- -j6 -l6
[56.561s] Invoking command in '/home/iju/S08P31C208/ROS/robot_ws/build/nav2_costmap_2d': AMENT_PREFIX_PATH=/home/iju/S08P31C208/ROS/robot_ws/install/nav2_map_server:/home/iju/S08P31C208/ROS/robot_ws/install/nav2_lifecycle_manager:/home/iju/S08P31C208/ROS/robot_ws/install/nav2_util:/home/iju/S08P31C208/ROS/robot_ws/install/nav2_voxel_grid:/home/iju/S08P31C208/ROS/robot_ws/install/nav2_msgs:/home/iju/S08P31C208/ROS/robot_ws/install/nav2_common:${AMENT_PREFIX_PATH} CMAKE_PREFIX_PATH=/home/iju/S08P31C208/ROS/robot_ws/install/nav2_map_server:/home/iju/S08P31C208/ROS/robot_ws/install/nav2_lifecycle_manager:/home/iju/S08P31C208/ROS/robot_ws/install/nav2_util:/home/iju/S08P31C208/ROS/robot_ws/install/nav2_voxel_grid:/home/iju/S08P31C208/ROS/robot_ws/install/nav2_msgs:/home/iju/S08P31C208/ROS/robot_ws/install/nav2_common:/home/iju/S08P31C208/ROS/robot_ws/install/turtlebot3_simulations:/home/iju/S08P31C208/ROS/robot_ws/install/turtlebot3_gazebo:/home/iju/S08P31C208/ROS/robot_ws/install/turtlebot3:/home/iju/S08P31C208/ROS/robot_ws/install/turtlebot3_bringup:/home/iju/S08P31C208/ROS/robot_ws/install/turtlebot3_node:/home/iju/S08P31C208/ROS/robot_ws/install/turtlebot3_navigation2:/home/iju/S08P31C208/ROS/robot_ws/install/turtlebot3_fake_node:/home/iju/S08P31C208/ROS/robot_ws/install/turtlebot3_msgs:/home/iju/S08P31C208/ROS/robot_ws/install/turtlebot3_description:/home/iju/S08P31C208/ROS/robot_ws/install/turtlebot3_cartographer:/home/iju/S08P31C208/ROS/robot_ws/install/turtle_cpp:/home/iju/S08P31C208/ROS/robot_ws/install/gazebo_ros_pkgs:/home/iju/S08P31C208/ROS/robot_ws/install/gazebo_plugins:/home/iju/S08P31C208/ROS/robot_ws/install/gazebo_ros:/home/iju/S08P31C208/ROS/robot_ws/install/gazebo_msgs:/home/iju/S08P31C208/ROS/robot_ws/install/gazebo_dev:/home/iju/S08P31C208/ROS/robot_ws/install/dynamixel_sdk_examples:/home/iju/S08P31C208/ROS/robot_ws/install/dynamixel_sdk_custom_interfaces:/home/iju/S08P31C208/ROS/robot_ws/install/dynamixel_sdk:/home/iju/S08P31C208/ROS/robot_ws/install/turtlebot3_teleop:/home/iju/S08P31C208/ROS/robot_ws/install/turtlebot3_example:/opt/ros/dashing LD_LIBRARY_PATH=/home/iju/S08P31C208/ROS/robot_ws/install/nav2_map_server/lib:/home/iju/S08P31C208/ROS/robot_ws/install/nav2_lifecycle_manager/lib:/home/iju/S08P31C208/ROS/robot_ws/install/nav2_util/lib:/home/iju/S08P31C208/ROS/robot_ws/install/nav2_voxel_grid/lib:/home/iju/S08P31C208/ROS/robot_ws/install/nav2_msgs/lib:${LD_LIBRARY_PATH} PS1=\u@\h \[\033[32m\]\w\[\033[33m\]$(parse_git_branch)\[\033[00m\] $ PYTHONPATH=/home/iju/S08P31C208/ROS/robot_ws/install/nav2_msgs/lib/python3.6/site-packages:/home/iju/S08P31C208/ROS/robot_ws/install/nav2_common/lib/python3.6/site-packages:${PYTHONPATH} /usr/bin/cmake --build /home/iju/S08P31C208/ROS/robot_ws/build/nav2_costmap_2d --target install -- -j6 -l6
[56.620s] [  4%] Built target gtest
[56.626s] [  9%] Built target gtest_main
[56.652s] [ 38%] Built target nav2_costmap_2d_core
[56.692s] [ 42%] Built target nav2_costmap_2d_markers
[56.700s] [ 52%] Built target nav2_costmap_2d_client
[56.712s] [ 66%] Built target layers
[56.722s] [ 71%] Built target array_parser_test
[56.752s] [ 76%] Built target nav2_costmap_2d_cloud
[56.761s] [ 80%] Built target nav2_costmap_2d
[56.771s] [ 85%] Built target inflation_tests_exec
[56.801s] [ 90%] Built target test_collision_checker_exec
[56.818s] [ 95%] Built target obstacle_tests_exec
[56.820s] [100%] Built target footprint_tests_exec
[56.844s] [36mInstall the project...[0m
[56.856s] -- Install configuration: "Release"
[56.856s] -- Installing: /home/iju/S08P31C208/ROS/robot_ws/install/nav2_costmap_2d/lib/libnav2_costmap_2d_core.so
[56.857s] -- Set runtime path of "/home/iju/S08P31C208/ROS/robot_ws/install/nav2_costmap_2d/lib/libnav2_costmap_2d_core.so" to ""
[56.858s] -- Installing: /home/iju/S08P31C208/ROS/robot_ws/install/nav2_costmap_2d/lib/nav2_costmap_2d/nav2_costmap_2d
[56.858s] -- Set runtime path of "/home/iju/S08P31C208/ROS/robot_ws/install/nav2_costmap_2d/lib/nav2_costmap_2d/nav2_costmap_2d" to ""
[56.858s] -- Installing: /home/iju/S08P31C208/ROS/robot_ws/install/nav2_costmap_2d/lib/liblayers.so
[56.860s] -- Set runtime path of "/home/iju/S08P31C208/ROS/robot_ws/install/nav2_costmap_2d/lib/liblayers.so" to ""
[56.860s] -- Installing: /home/iju/S08P31C208/ROS/robot_ws/install/nav2_costmap_2d/lib/libnav2_costmap_2d_client.so
[56.861s] -- Set runtime path of "/home/iju/S08P31C208/ROS/robot_ws/install/nav2_costmap_2d/lib/libnav2_costmap_2d_client.so" to ""
[56.861s] -- Installing: /home/iju/S08P31C208/ROS/robot_ws/install/nav2_costmap_2d/share/nav2_costmap_2d/costmap_plugins.xml
[56.861s] -- Installing: /home/iju/S08P31C208/ROS/robot_ws/install/nav2_costmap_2d/include/
[56.861s] -- Installing: /home/iju/S08P31C208/ROS/robot_ws/install/nav2_costmap_2d/include//nav2_costmap_2d
[56.862s] -- Installing: /home/iju/S08P31C208/ROS/robot_ws/install/nav2_costmap_2d/include//nav2_costmap_2d/exceptions.hpp
[56.862s] -- Installing: /home/iju/S08P31C208/ROS/robot_ws/install/nav2_costmap_2d/include//nav2_costmap_2d/costmap_layer.hpp
[56.862s] -- Installing: /home/iju/S08P31C208/ROS/robot_ws/install/nav2_costmap_2d/include//nav2_costmap_2d/footprint.hpp
[56.862s] -- Installing: /home/iju/S08P31C208/ROS/robot_ws/install/nav2_costmap_2d/include//nav2_costmap_2d/clear_costmap_service.hpp
[56.863s] -- Installing: /home/iju/S08P31C208/ROS/robot_ws/install/nav2_costmap_2d/include//nav2_costmap_2d/voxel_layer.hpp
[56.863s] -- Installing: /home/iju/S08P31C208/ROS/robot_ws/install/nav2_costmap_2d/include//nav2_costmap_2d/costmap_2d.hpp
[56.863s] -- Installing: /home/iju/S08P31C208/ROS/robot_ws/install/nav2_costmap_2d/include//nav2_costmap_2d/cost_values.hpp
[56.863s] -- Installing: /home/iju/S08P31C208/ROS/robot_ws/install/nav2_costmap_2d/include//nav2_costmap_2d/footprint_subscriber.hpp
[56.863s] -- Installing: /home/iju/S08P31C208/ROS/robot_ws/install/nav2_costmap_2d/include//nav2_costmap_2d/costmap_2d_ros.hpp
[56.863s] -- Installing: /home/iju/S08P31C208/ROS/robot_ws/install/nav2_costmap_2d/include//nav2_costmap_2d/collision_checker.hpp
[56.863s] -- Installing: /home/iju/S08P31C208/ROS/robot_ws/install/nav2_costmap_2d/include//nav2_costmap_2d/observation_buffer.hpp
[56.864s] -- Installing: /home/iju/S08P31C208/ROS/robot_ws/install/nav2_costmap_2d/include//nav2_costmap_2d/layered_costmap.hpp
[56.864s] -- Installing: /home/iju/S08P31C208/ROS/robot_ws/install/nav2_costmap_2d/include//nav2_costmap_2d/array_parser.hpp
[56.864s] -- Installing: /home/iju/S08P31C208/ROS/robot_ws/install/nav2_costmap_2d/include//nav2_costmap_2d/inflation_layer.hpp
[56.864s] -- Installing: /home/iju/S08P31C208/ROS/robot_ws/install/nav2_costmap_2d/include//nav2_costmap_2d/observation.hpp
[56.864s] -- Installing: /home/iju/S08P31C208/ROS/robot_ws/install/nav2_costmap_2d/include//nav2_costmap_2d/layer.hpp
[56.864s] -- Installing: /home/iju/S08P31C208/ROS/robot_ws/install/nav2_costmap_2d/include//nav2_costmap_2d/costmap_math.hpp
[56.865s] -- Installing: /home/iju/S08P31C208/ROS/robot_ws/install/nav2_costmap_2d/include//nav2_costmap_2d/testing_helper.hpp
[56.865s] -- Installing: /home/iju/S08P31C208/ROS/robot_ws/install/nav2_costmap_2d/include//nav2_costmap_2d/static_layer.hpp
[56.865s] -- Installing: /home/iju/S08P31C208/ROS/robot_ws/install/nav2_costmap_2d/include//nav2_costmap_2d/costmap_subscriber.hpp
[56.865s] -- Installing: /home/iju/S08P31C208/ROS/robot_ws/install/nav2_costmap_2d/include//nav2_costmap_2d/costmap_2d_publisher.hpp
[56.865s] -- Installing: /home/iju/S08P31C208/ROS/robot_ws/install/nav2_costmap_2d/include//nav2_costmap_2d/obstacle_layer.hpp
[56.866s] -- Installing: /home/iju/S08P31C208/ROS/robot_ws/install/nav2_costmap_2d/share/nav2_costmap_2d/environment/library_path.sh
[56.866s] -- Up-to-date: /home/iju/S08P31C208/ROS/robot_ws/install/nav2_costmap_2d/share/nav2_costmap_2d/costmap_plugins.xml
[56.866s] -- Installing: /home/iju/S08P31C208/ROS/robot_ws/install/nav2_costmap_2d/share/ament_index/resource_index/package_run_dependencies/nav2_costmap_2d
[56.866s] -- Installing: /home/iju/S08P31C208/ROS/robot_ws/install/nav2_costmap_2d/share/ament_index/resource_index/parent_prefix_path/nav2_costmap_2d
[56.867s] -- Installing: /home/iju/S08P31C208/ROS/robot_ws/install/nav2_costmap_2d/share/nav2_costmap_2d/environment/ament_prefix_path.sh
[56.867s] -- Installing: /home/iju/S08P31C208/ROS/robot_ws/install/nav2_costmap_2d/share/nav2_costmap_2d/environment/path.sh
[56.867s] -- Installing: /home/iju/S08P31C208/ROS/robot_ws/install/nav2_costmap_2d/share/nav2_costmap_2d/local_setup.bash
[56.867s] -- Installing: /home/iju/S08P31C208/ROS/robot_ws/install/nav2_costmap_2d/share/nav2_costmap_2d/local_setup.sh
[56.868s] -- Installing: /home/iju/S08P31C208/ROS/robot_ws/install/nav2_costmap_2d/share/nav2_costmap_2d/local_setup.zsh
[56.868s] -- Installing: /home/iju/S08P31C208/ROS/robot_ws/install/nav2_costmap_2d/share/ament_index/resource_index/packages/nav2_costmap_2d
[56.868s] -- Installing: /home/iju/S08P31C208/ROS/robot_ws/install/nav2_costmap_2d/share/ament_index/resource_index/nav2_costmap_2d__pluginlib__plugin/nav2_costmap_2d
[56.869s] -- Installing: /home/iju/S08P31C208/ROS/robot_ws/install/nav2_costmap_2d/share/nav2_costmap_2d/cmake/ament_cmake_export_include_directories-extras.cmake
[56.869s] -- Installing: /home/iju/S08P31C208/ROS/robot_ws/install/nav2_costmap_2d/share/nav2_costmap_2d/cmake/ament_cmake_export_libraries-extras.cmake
[56.869s] -- Installing: /home/iju/S08P31C208/ROS/robot_ws/install/nav2_costmap_2d/share/nav2_costmap_2d/cmake/ament_cmake_export_dependencies-extras.cmake
[56.869s] -- Installing: /home/iju/S08P31C208/ROS/robot_ws/install/nav2_costmap_2d/share/nav2_costmap_2d/cmake/nav2_costmap_2dConfig.cmake
[56.869s] -- Installing: /home/iju/S08P31C208/ROS/robot_ws/install/nav2_costmap_2d/share/nav2_costmap_2d/cmake/nav2_costmap_2dConfig-version.cmake
[56.870s] -- Installing: /home/iju/S08P31C208/ROS/robot_ws/install/nav2_costmap_2d/share/nav2_costmap_2d/package.xml
[56.879s] Invoked command in '/home/iju/S08P31C208/ROS/robot_ws/build/nav2_costmap_2d' returned '0': AMENT_PREFIX_PATH=/home/iju/S08P31C208/ROS/robot_ws/install/nav2_map_server:/home/iju/S08P31C208/ROS/robot_ws/install/nav2_lifecycle_manager:/home/iju/S08P31C208/ROS/robot_ws/install/nav2_util:/home/iju/S08P31C208/ROS/robot_ws/install/nav2_voxel_grid:/home/iju/S08P31C208/ROS/robot_ws/install/nav2_msgs:/home/iju/S08P31C208/ROS/robot_ws/install/nav2_common:${AMENT_PREFIX_PATH} CMAKE_PREFIX_PATH=/home/iju/S08P31C208/ROS/robot_ws/install/nav2_map_server:/home/iju/S08P31C208/ROS/robot_ws/install/nav2_lifecycle_manager:/home/iju/S08P31C208/ROS/robot_ws/install/nav2_util:/home/iju/S08P31C208/ROS/robot_ws/install/nav2_voxel_grid:/home/iju/S08P31C208/ROS/robot_ws/install/nav2_msgs:/home/iju/S08P31C208/ROS/robot_ws/install/nav2_common:/home/iju/S08P31C208/ROS/robot_ws/install/turtlebot3_simulations:/home/iju/S08P31C208/ROS/robot_ws/install/turtlebot3_gazebo:/home/iju/S08P31C208/ROS/robot_ws/install/turtlebot3:/home/iju/S08P31C208/ROS/robot_ws/install/turtlebot3_bringup:/home/iju/S08P31C208/ROS/robot_ws/install/turtlebot3_node:/home/iju/S08P31C208/ROS/robot_ws/install/turtlebot3_navigation2:/home/iju/S08P31C208/ROS/robot_ws/install/turtlebot3_fake_node:/home/iju/S08P31C208/ROS/robot_ws/install/turtlebot3_msgs:/home/iju/S08P31C208/ROS/robot_ws/install/turtlebot3_description:/home/iju/S08P31C208/ROS/robot_ws/install/turtlebot3_cartographer:/home/iju/S08P31C208/ROS/robot_ws/install/turtle_cpp:/home/iju/S08P31C208/ROS/robot_ws/install/gazebo_ros_pkgs:/home/iju/S08P31C208/ROS/robot_ws/install/gazebo_plugins:/home/iju/S08P31C208/ROS/robot_ws/install/gazebo_ros:/home/iju/S08P31C208/ROS/robot_ws/install/gazebo_msgs:/home/iju/S08P31C208/ROS/robot_ws/install/gazebo_dev:/home/iju/S08P31C208/ROS/robot_ws/install/dynamixel_sdk_examples:/home/iju/S08P31C208/ROS/robot_ws/install/dynamixel_sdk_custom_interfaces:/home/iju/S08P31C208/ROS/robot_ws/install/dynamixel_sdk:/home/iju/S08P31C208/ROS/robot_ws/install/turtlebot3_teleop:/home/iju/S08P31C208/ROS/robot_ws/install/turtlebot3_example:/opt/ros/dashing LD_LIBRARY_PATH=/home/iju/S08P31C208/ROS/robot_ws/install/nav2_map_server/lib:/home/iju/S08P31C208/ROS/robot_ws/install/nav2_lifecycle_manager/lib:/home/iju/S08P31C208/ROS/robot_ws/install/nav2_util/lib:/home/iju/S08P31C208/ROS/robot_ws/install/nav2_voxel_grid/lib:/home/iju/S08P31C208/ROS/robot_ws/install/nav2_msgs/lib:${LD_LIBRARY_PATH} PS1=\u@\h \[\033[32m\]\w\[\033[33m\]$(parse_git_branch)\[\033[00m\] $ PYTHONPATH=/home/iju/S08P31C208/ROS/robot_ws/install/nav2_msgs/lib/python3.6/site-packages:/home/iju/S08P31C208/ROS/robot_ws/install/nav2_common/lib/python3.6/site-packages:${PYTHONPATH} /usr/bin/cmake --build /home/iju/S08P31C208/ROS/robot_ws/build/nav2_costmap_2d --target install -- -j6 -l6
