[0.390s] Invoking command in '/home/moon/S08P31C208/ROS/buruemi_ws/build/cartographer_ros': AMENT_PREFIX_PATH=/home/moon/S08P31C208/ROS/buruemi_ws/install/cartographer_ros_msgs:${AMENT_PREFIX_PATH} CMAKE_PREFIX_PATH=/home/moon/S08P31C208/ROS/buruemi_ws/install/cartographer_ros_msgs:/home/moon/S08P31C208/ROS/buruemi_ws/install/turtlebot3:/home/moon/S08P31C208/ROS/buruemi_ws/install/turtlebot3_bringup:/home/moon/S08P31C208/ROS/buruemi_ws/install/turtlebot3_node:/home/moon/S08P31C208/ROS/buruemi_ws/install/turtlebot3_navigation2:/home/moon/S08P31C208/ROS/buruemi_ws/install/turtlebot3_description:/home/moon/S08P31C208/ROS/buruemi_ws/install/turtlebot3_cartographer:/home/moon/S08P31C208/ROS/buruemi_ws/install/ld08_driver:/home/moon/S08P31C208/ROS/buruemi_ws/install/lidar_filter:/home/moon/S08P31C208/ROS/buruemi_ws/install/turtlebot3_teleop:/home/moon/S08P31C208/ROS/buruemi_ws/install/turtlebot3_example:/opt/ros/dashing LD_LIBRARY_PATH=/home/moon/S08P31C208/ROS/buruemi_ws/install/cartographer_ros_msgs/lib:${LD_LIBRARY_PATH} PYTHONPATH=/home/moon/S08P31C208/ROS/buruemi_ws/install/cartographer_ros_msgs/lib/python3.6/site-packages:${PYTHONPATH} /usr/bin/cmake /home/moon/S08P31C208/ROS/buruemi_ws/src/cartographer_ros/cartographer_ros -DAMENT_CMAKE_SYMLINK_INSTALL=1 -DCMAKE_INSTALL_PREFIX=/home/moon/S08P31C208/ROS/buruemi_ws/install/cartographer_ros
[0.455s] -- Found ament_cmake: 0.7.6 (/opt/ros/dashing/share/ament_cmake/cmake)
[0.609s] -- Using PYTHON_EXECUTABLE: /usr/bin/python3
[1.969s] -- Override CMake install command with custom implementation using symlinks instead of copying resources
[2.034s] -- Found installed version of Eigen: /usr/lib/cmake/eigen3
[2.044s] -- Found required Ceres dependency: Eigen version 3.3.4 in /usr/include/eigen3
[2.092s] -- Found required Ceres dependency: glog
[2.108s] -- Found installed version of gflags: /usr/lib/aarch64-linux-gnu/cmake/gflags
[2.110s] -- Detected gflags version: 2.2.1
[2.116s] -- Found required Ceres dependency: gflags
[2.122s] -- Found Ceres version: 1.13.0 installed in: /usr with components: [LAPACK, SuiteSparse, SparseLinearAlgebraLibrary, CXSparse, SchurSpecializations, OpenMP]
[2.133s] -- Build type: Release
[2.171s] Files /home/moon/S08P31C208/ROS/buruemi_ws/build/cartographer_ros/AllFiles.cmake and - differ
[2.194s] -- Found cartographer_ros_msgs: 1.0.9001 (/home/moon/S08P31C208/ROS/buruemi_ws/install/cartographer_ros_msgs/share/cartographer_ros_msgs/cmake)
[2.350s] -- Found rosidl_adapter: 0.7.10 (/opt/ros/dashing/share/rosidl_adapter/cmake)
[2.659s] -- Found nav_msgs: 0.7.1 (/opt/ros/dashing/share/nav_msgs/cmake)
[2.763s] -- Found pcl_conversions: 2.0.0 (/opt/ros/dashing/share/pcl_conversions/cmake)
[2.808s] -- Found rclcpp: 0.7.16 (/opt/ros/dashing/share/rclcpp/cmake)
[2.927s] -- Found rmw_implementation_cmake: 0.7.2 (/opt/ros/dashing/share/rmw_implementation_cmake/cmake)
[2.936s] -- Using RMW implementation 'rmw_fastrtps_cpp' as default
[2.939s] -- Looking for pthread.h
[3.306s] -- Looking for pthread.h - found
[3.311s] -- Looking for pthread_create
[3.689s] -- Looking for pthread_create - not found
[3.690s] -- Looking for pthread_create in pthreads
[4.144s] -- Looking for pthread_create in pthreads - not found
[4.149s] -- Looking for pthread_create in pthread
[4.497s] -- Looking for pthread_create in pthread - found
[4.502s] -- Found Threads: TRUE  
[4.696s] -- Found sensor_msgs: 0.7.1 (/opt/ros/dashing/share/sensor_msgs/cmake)
[4.769s] -- Found tf2: 0.11.6 (/opt/ros/dashing/share/tf2/cmake)
[4.821s] -- Found tf2_ros: 0.11.6 (/opt/ros/dashing/share/tf2_ros/cmake)
[5.183s] -- Found tf2_eigen: 0.11.6 (/opt/ros/dashing/share/tf2_eigen/cmake)
[5.282s] -- Found visualization_msgs: 0.7.1 (/opt/ros/dashing/share/visualization_msgs/cmake)
[5.362s] -- Found PkgConfig: /usr/bin/pkg-config (found version "0.29.1") 
[5.437s] -- Found Lua: /usr/lib/aarch64-linux-gnu/liblua5.2.so;/usr/lib/aarch64-linux-gnu/libm.so (found version "5.2.4") 
[5.487s] -- Checking for module 'eigen3'
[5.561s] --   Found eigen3, version 3.3.4
[5.765s] -- Found eigen: /usr/include/eigen3  
[6.100s] -- Boost version: 1.65.1
[6.101s] -- Found the following Boost libraries:
[6.101s] --   system
[6.102s] --   filesystem
[6.102s] --   thread
[6.103s] --   date_time
[6.104s] --   iostreams
[6.104s] --   serialization
[6.106s] --   chrono
[6.108s] --   atomic
[6.109s] --   regex
[6.109s] -- looking for PCL_COMMON
[6.112s] -- Found PCL_COMMON: /usr/lib/aarch64-linux-gnu/libpcl_common.so  
[6.114s] -- Found PCL: /usr/lib/aarch64-linux-gnu/libboost_system.so;/usr/lib/aarch64-linux-gnu/libboost_filesystem.so;/usr/lib/aarch64-linux-gnu/libboost_thread.so;/usr/lib/aarch64-linux-gnu/libboost_date_time.so;/usr/lib/aarch64-linux-gnu/libboost_iostreams.so;/usr/lib/aarch64-linux-gnu/libboost_serialization.so;/usr/lib/aarch64-linux-gnu/libboost_chrono.so;/usr/lib/aarch64-linux-gnu/libboost_atomic.so;/usr/lib/aarch64-linux-gnu/libboost_regex.so;/usr/lib/aarch64-linux-gnu/libpthread.so;optimized;/usr/lib/aarch64-linux-gnu/libpcl_common.so;debug;/usr/lib/aarch64-linux-gnu/libpcl_common.so;/usr/lib/aarch64-linux-gnu/libboost_system.so;/usr/lib/aarch64-linux-gnu/libboost_filesystem.so;/usr/lib/aarch64-linux-gnu/libboost_thread.so;/usr/lib/aarch64-linux-gnu/libboost_date_time.so;/usr/lib/aarch64-linux-gnu/libboost_iostreams.so;/usr/lib/aarch64-linux-gnu/libboost_serialization.so;/usr/lib/aarch64-linux-gnu/libboost_chrono.so;/usr/lib/aarch64-linux-gnu/libboost_atomic.so;/usr/lib/aarch64-linux-gnu/libboost_regex.so;/usr/lib/aarch64-linux-gnu/libpthread.so  
[6.125s] -- Found Eigen3: TRUE (found version "3.3.4") 
[7.381s] -- Configuring done
[7.580s] -- Generating done
[7.587s] -- Build files have been written to: /home/moon/S08P31C208/ROS/buruemi_ws/build/cartographer_ros
[7.608s] Invoked command in '/home/moon/S08P31C208/ROS/buruemi_ws/build/cartographer_ros' returned '0': AMENT_PREFIX_PATH=/home/moon/S08P31C208/ROS/buruemi_ws/install/cartographer_ros_msgs:${AMENT_PREFIX_PATH} CMAKE_PREFIX_PATH=/home/moon/S08P31C208/ROS/buruemi_ws/install/cartographer_ros_msgs:/home/moon/S08P31C208/ROS/buruemi_ws/install/turtlebot3:/home/moon/S08P31C208/ROS/buruemi_ws/install/turtlebot3_bringup:/home/moon/S08P31C208/ROS/buruemi_ws/install/turtlebot3_node:/home/moon/S08P31C208/ROS/buruemi_ws/install/turtlebot3_navigation2:/home/moon/S08P31C208/ROS/buruemi_ws/install/turtlebot3_description:/home/moon/S08P31C208/ROS/buruemi_ws/install/turtlebot3_cartographer:/home/moon/S08P31C208/ROS/buruemi_ws/install/ld08_driver:/home/moon/S08P31C208/ROS/buruemi_ws/install/lidar_filter:/home/moon/S08P31C208/ROS/buruemi_ws/install/turtlebot3_teleop:/home/moon/S08P31C208/ROS/buruemi_ws/install/turtlebot3_example:/opt/ros/dashing LD_LIBRARY_PATH=/home/moon/S08P31C208/ROS/buruemi_ws/install/cartographer_ros_msgs/lib:${LD_LIBRARY_PATH} PYTHONPATH=/home/moon/S08P31C208/ROS/buruemi_ws/install/cartographer_ros_msgs/lib/python3.6/site-packages:${PYTHONPATH} /usr/bin/cmake /home/moon/S08P31C208/ROS/buruemi_ws/src/cartographer_ros/cartographer_ros -DAMENT_CMAKE_SYMLINK_INSTALL=1 -DCMAKE_INSTALL_PREFIX=/home/moon/S08P31C208/ROS/buruemi_ws/install/cartographer_ros
[7.617s] Invoking command in '/home/moon/S08P31C208/ROS/buruemi_ws/build/cartographer_ros': AMENT_PREFIX_PATH=/home/moon/S08P31C208/ROS/buruemi_ws/install/cartographer_ros_msgs:${AMENT_PREFIX_PATH} CMAKE_PREFIX_PATH=/home/moon/S08P31C208/ROS/buruemi_ws/install/cartographer_ros_msgs:/home/moon/S08P31C208/ROS/buruemi_ws/install/turtlebot3:/home/moon/S08P31C208/ROS/buruemi_ws/install/turtlebot3_bringup:/home/moon/S08P31C208/ROS/buruemi_ws/install/turtlebot3_node:/home/moon/S08P31C208/ROS/buruemi_ws/install/turtlebot3_navigation2:/home/moon/S08P31C208/ROS/buruemi_ws/install/turtlebot3_description:/home/moon/S08P31C208/ROS/buruemi_ws/install/turtlebot3_cartographer:/home/moon/S08P31C208/ROS/buruemi_ws/install/ld08_driver:/home/moon/S08P31C208/ROS/buruemi_ws/install/lidar_filter:/home/moon/S08P31C208/ROS/buruemi_ws/install/turtlebot3_teleop:/home/moon/S08P31C208/ROS/buruemi_ws/install/turtlebot3_example:/opt/ros/dashing LD_LIBRARY_PATH=/home/moon/S08P31C208/ROS/buruemi_ws/install/cartographer_ros_msgs/lib:${LD_LIBRARY_PATH} PYTHONPATH=/home/moon/S08P31C208/ROS/buruemi_ws/install/cartographer_ros_msgs/lib/python3.6/site-packages:${PYTHONPATH} /usr/bin/cmake --build /home/moon/S08P31C208/ROS/buruemi_ws/build/cartographer_ros -- -j4 -l4
[7.811s] [35m[1mScanning dependencies of target cartographer_ros_detect_changes[0m
[7.838s] [35m[1mScanning dependencies of target cartographer_ros[0m
[7.875s] [  0%] Built target cartographer_ros_detect_changes
[8.718s] [  6%] [32mBuilding CXX object CMakeFiles/cartographer_ros.dir/cartographer_ros/msg_conversion.cc.o[0m
[8.764s] [ 12%] [32mBuilding CXX object CMakeFiles/cartographer_ros.dir/cartographer_ros/map_builder_bridge.cc.o[0m
[8.781s] [ 18%] [32mBuilding CXX object CMakeFiles/cartographer_ros.dir/cartographer_ros/node_constants.cc.o[0m
[8.792s] [ 25%] [32mBuilding CXX object CMakeFiles/cartographer_ros.dir/cartographer_ros/node.cc.o[0m
[11.270s] [ 31%] [32mBuilding CXX object CMakeFiles/cartographer_ros.dir/cartographer_ros/node_options.cc.o[0m
[27.723s] [ 37%] [32mBuilding CXX object CMakeFiles/cartographer_ros.dir/cartographer_ros/ros_log_sink.cc.o[0m
[38.712s] [ 43%] [32mBuilding CXX object CMakeFiles/cartographer_ros.dir/cartographer_ros/sensor_bridge.cc.o[0m
