-- The C compiler identification is GNU 7.5.0
-- The CXX compiler identification is GNU 7.5.0
-- Check for working C compiler: /usr/bin/cc
-- Check for working C compiler: /usr/bin/cc -- works
-- Detecting C compiler ABI info
-- Detecting C compiler ABI info - done
-- Detecting C compile features
-- Detecting C compile features - done
-- Check for working CXX compiler: /usr/bin/c++
-- Check for working CXX compiler: /usr/bin/c++ -- works
-- Detecting CXX compiler ABI info
-- Detecting CXX compiler ABI info - done
-- Detecting CXX compile features
-- Detecting CXX compile features - done
-- Found ament_cmake: 0.7.6 (/opt/ros/dashing/share/ament_cmake/cmake)
-- Found PythonInterp: /usr/bin/python3 (found suitable version "3.6.9", minimum required is "3") 
-- Using PYTHON_EXECUTABLE: /usr/bin/python3
-- Found geometry_msgs: 0.7.1 (/opt/ros/dashing/share/geometry_msgs/cmake)
-- Found rosidl_adapter: 0.7.10 (/opt/ros/dashing/share/rosidl_adapter/cmake)
-- Found lifecycle_msgs: 0.7.4 (/opt/ros/dashing/share/lifecycle_msgs/cmake)
-- Found nav2_common: 0.2.6 (/home/iju/S08P31C208/ROS/robot_ws/install/nav2_common/share/nav2_common/cmake)
-- Found nav2_msgs: 0.2.6 (/home/iju/S08P31C208/ROS/robot_ws/install/nav2_msgs/share/nav2_msgs/cmake)
-- Found nav2_util: 0.2.6 (/home/iju/S08P31C208/ROS/robot_ws/install/nav2_util/share/nav2_util/cmake)
-- Found rmw_implementation_cmake: 0.7.2 (/opt/ros/dashing/share/rmw_implementation_cmake/cmake)
-- Using RMW implementation 'rmw_fastrtps_cpp' as default
-- Looking for pthread.h
-- Looking for pthread.h - found
-- Looking for pthread_create
-- Looking for pthread_create - not found
-- Looking for pthread_create in pthreads
-- Looking for pthread_create in pthreads - not found
-- Looking for pthread_create in pthread
-- Looking for pthread_create in pthread - found
-- Found Threads: TRUE  
-- Found eigen3_cmake_module: 0.1.1 (/opt/ros/dashing/share/eigen3_cmake_module/cmake)
-- Found Eigen3: TRUE (found version "3.3.4") 
-- Found std_srvs: 0.7.1 (/opt/ros/dashing/share/std_srvs/cmake)
-- Setting build type to Release as none was specified.
-- Found ament_lint_auto: 0.7.12 (/opt/ros/dashing/share/ament_lint_auto/cmake)
-- Added test 'copyright' to check for copyright in CMake / C / C++ / Python code
-- Added test 'cppcheck' to perform static code analysis on C / C++ code
-- Configured cppcheck include dirs: /home/iju/S08P31C208/ROS/robot_ws/src/navigation2/nav2_lifecycle_manager/include
-- Added test 'cpplint' to check C / C++ code against the Google style
-- Added test 'lint_cmake' to check CMake code style
-- Added test 'uncrustify' to check C / C++ code style
-- Added test 'xmllint' to check XML markup files
-- Configuring done
-- Generating done
-- Build files have been written to: /home/iju/S08P31C208/ROS/robot_ws/build/nav2_lifecycle_manager
[35m[1mScanning dependencies of target nav2_lifecycle_manager_core[0m
[ 20%] [32mBuilding CXX object CMakeFiles/nav2_lifecycle_manager_core.dir/src/lifecycle_manager.cpp.o[0m
[ 40%] [32mBuilding CXX object CMakeFiles/nav2_lifecycle_manager_core.dir/src/lifecycle_manager_client.cpp.o[0m
[ 60%] [32m[1mLinking CXX shared library libnav2_lifecycle_manager_core.so[0m
[ 60%] Built target nav2_lifecycle_manager_core
[35m[1mScanning dependencies of target lifecycle_manager[0m
[ 80%] [32mBuilding CXX object CMakeFiles/lifecycle_manager.dir/src/main.cpp.o[0m
[100%] [32m[1mLinking CXX executable lifecycle_manager[0m
[100%] Built target lifecycle_manager
[ 60%] Built target nav2_lifecycle_manager_core
[100%] Built target lifecycle_manager
[36mInstall the project...[0m
-- Install configuration: "Release"
-- Installing: /home/iju/S08P31C208/ROS/robot_ws/install/nav2_lifecycle_manager/lib/nav2_lifecycle_manager/lifecycle_manager
-- Set runtime path of "/home/iju/S08P31C208/ROS/robot_ws/install/nav2_lifecycle_manager/lib/nav2_lifecycle_manager/lifecycle_manager" to ""
-- Installing: /home/iju/S08P31C208/ROS/robot_ws/install/nav2_lifecycle_manager/lib/libnav2_lifecycle_manager_core.so
-- Set runtime path of "/home/iju/S08P31C208/ROS/robot_ws/install/nav2_lifecycle_manager/lib/libnav2_lifecycle_manager_core.so" to ""
-- Installing: /home/iju/S08P31C208/ROS/robot_ws/install/nav2_lifecycle_manager/include/
-- Installing: /home/iju/S08P31C208/ROS/robot_ws/install/nav2_lifecycle_manager/include//nav2_lifecycle_manager
-- Installing: /home/iju/S08P31C208/ROS/robot_ws/install/nav2_lifecycle_manager/include//nav2_lifecycle_manager/lifecycle_manager.hpp
-- Installing: /home/iju/S08P31C208/ROS/robot_ws/install/nav2_lifecycle_manager/include//nav2_lifecycle_manager/lifecycle_manager_client.hpp
-- Installing: /home/iju/S08P31C208/ROS/robot_ws/install/nav2_lifecycle_manager/share/nav2_lifecycle_manager/environment/library_path.sh
-- Installing: /home/iju/S08P31C208/ROS/robot_ws/install/nav2_lifecycle_manager/share/ament_index/resource_index/package_run_dependencies/nav2_lifecycle_manager
-- Installing: /home/iju/S08P31C208/ROS/robot_ws/install/nav2_lifecycle_manager/share/ament_index/resource_index/parent_prefix_path/nav2_lifecycle_manager
-- Installing: /home/iju/S08P31C208/ROS/robot_ws/install/nav2_lifecycle_manager/share/nav2_lifecycle_manager/environment/ament_prefix_path.sh
-- Installing: /home/iju/S08P31C208/ROS/robot_ws/install/nav2_lifecycle_manager/share/nav2_lifecycle_manager/environment/path.sh
-- Installing: /home/iju/S08P31C208/ROS/robot_ws/install/nav2_lifecycle_manager/share/nav2_lifecycle_manager/local_setup.bash
-- Installing: /home/iju/S08P31C208/ROS/robot_ws/install/nav2_lifecycle_manager/share/nav2_lifecycle_manager/local_setup.sh
-- Installing: /home/iju/S08P31C208/ROS/robot_ws/install/nav2_lifecycle_manager/share/nav2_lifecycle_manager/local_setup.zsh
-- Installing: /home/iju/S08P31C208/ROS/robot_ws/install/nav2_lifecycle_manager/share/ament_index/resource_index/packages/nav2_lifecycle_manager
-- Installing: /home/iju/S08P31C208/ROS/robot_ws/install/nav2_lifecycle_manager/share/nav2_lifecycle_manager/cmake/ament_cmake_export_include_directories-extras.cmake
-- Installing: /home/iju/S08P31C208/ROS/robot_ws/install/nav2_lifecycle_manager/share/nav2_lifecycle_manager/cmake/ament_cmake_export_libraries-extras.cmake
-- Installing: /home/iju/S08P31C208/ROS/robot_ws/install/nav2_lifecycle_manager/share/nav2_lifecycle_manager/cmake/ament_cmake_export_dependencies-extras.cmake
-- Installing: /home/iju/S08P31C208/ROS/robot_ws/install/nav2_lifecycle_manager/share/nav2_lifecycle_manager/cmake/nav2_lifecycle_managerConfig.cmake
-- Installing: /home/iju/S08P31C208/ROS/robot_ws/install/nav2_lifecycle_manager/share/nav2_lifecycle_manager/cmake/nav2_lifecycle_managerConfig-version.cmake
-- Installing: /home/iju/S08P31C208/ROS/robot_ws/install/nav2_lifecycle_manager/share/nav2_lifecycle_manager/package.xml
