[0.129s] Invoking command in '/home/iju/S08P31C208/ROS/robot_ws/build/image_geometry': CMAKE_PREFIX_PATH=/home/iju/S08P31C208/ROS/robot_ws/install/vision_opencv:/home/iju/S08P31C208/ROS/robot_ws/install/turtlebot3_simulations:/home/iju/S08P31C208/ROS/robot_ws/install/turtlebot3_gazebo:/home/iju/S08P31C208/ROS/robot_ws/install/turtlebot3:/home/iju/S08P31C208/ROS/robot_ws/install/turtlebot3_bringup:/home/iju/S08P31C208/ROS/robot_ws/install/turtlebot3_node:/home/iju/S08P31C208/ROS/robot_ws/install/turtlebot3_navigation2:/home/iju/S08P31C208/ROS/robot_ws/install/turtlebot3_fake_node:/home/iju/S08P31C208/ROS/robot_ws/install/turtlebot3_msgs:/home/iju/S08P31C208/ROS/robot_ws/install/turtlebot3_description:/home/iju/S08P31C208/ROS/robot_ws/install/turtlebot3_cartographer:/home/iju/S08P31C208/ROS/robot_ws/install/image_geometry:/home/iju/S08P31C208/ROS/robot_ws/install/gazebo_ros_pkgs:/home/iju/S08P31C208/ROS/robot_ws/install/turtlebot3_teleop:/home/iju/S08P31C208/ROS/robot_ws/install/turtlebot3_example:/home/iju/S08P31C208/ROS/robot_ws/install/opencv_tests:/opt/ros/dashing:/home/iju/S08P31C208/ROS/robot_ws/install/aws_robomaker_hospital_world:/home/iju/S08P31C208/ROS/robot_ws/install/gazebo_plugins:/home/iju/S08P31C208/ROS/robot_ws/install/gazebo_ros:/home/iju/S08P31C208/ROS/robot_ws/install/gazebo_msgs:/home/iju/S08P31C208/ROS/robot_ws/install/gazebo_dev:/home/iju/S08P31C208/ROS/robot_ws/install/dynamixel_sdk_examples:/home/iju/S08P31C208/ROS/robot_ws/install/dynamixel_sdk_custom_interfaces:/home/iju/S08P31C208/ROS/robot_ws/install/dynamixel_sdk:/home/iju/S08P31C208/ROS/robot_ws/install/cv_bridge PS1=\u@\h \[\033[32m\]\w\[\033[33m\]$(parse_git_branch)\[\033[00m\] $ /usr/bin/cmake --build /home/iju/S08P31C208/ROS/robot_ws/build/image_geometry -- -j6 -l6
[0.213s] [ 22%] Built target gtest_main
[0.214s] [ 44%] Built target gtest
[0.216s] [ 77%] Built target image_geometry
[0.255s] [100%] Built target image_geometry-utest
[0.563s] Invoked command in '/home/iju/S08P31C208/ROS/robot_ws/build/image_geometry' returned '0': CMAKE_PREFIX_PATH=/home/iju/S08P31C208/ROS/robot_ws/install/vision_opencv:/home/iju/S08P31C208/ROS/robot_ws/install/turtlebot3_simulations:/home/iju/S08P31C208/ROS/robot_ws/install/turtlebot3_gazebo:/home/iju/S08P31C208/ROS/robot_ws/install/turtlebot3:/home/iju/S08P31C208/ROS/robot_ws/install/turtlebot3_bringup:/home/iju/S08P31C208/ROS/robot_ws/install/turtlebot3_node:/home/iju/S08P31C208/ROS/robot_ws/install/turtlebot3_navigation2:/home/iju/S08P31C208/ROS/robot_ws/install/turtlebot3_fake_node:/home/iju/S08P31C208/ROS/robot_ws/install/turtlebot3_msgs:/home/iju/S08P31C208/ROS/robot_ws/install/turtlebot3_description:/home/iju/S08P31C208/ROS/robot_ws/install/turtlebot3_cartographer:/home/iju/S08P31C208/ROS/robot_ws/install/image_geometry:/home/iju/S08P31C208/ROS/robot_ws/install/gazebo_ros_pkgs:/home/iju/S08P31C208/ROS/robot_ws/install/turtlebot3_teleop:/home/iju/S08P31C208/ROS/robot_ws/install/turtlebot3_example:/home/iju/S08P31C208/ROS/robot_ws/install/opencv_tests:/opt/ros/dashing:/home/iju/S08P31C208/ROS/robot_ws/install/aws_robomaker_hospital_world:/home/iju/S08P31C208/ROS/robot_ws/install/gazebo_plugins:/home/iju/S08P31C208/ROS/robot_ws/install/gazebo_ros:/home/iju/S08P31C208/ROS/robot_ws/install/gazebo_msgs:/home/iju/S08P31C208/ROS/robot_ws/install/gazebo_dev:/home/iju/S08P31C208/ROS/robot_ws/install/dynamixel_sdk_examples:/home/iju/S08P31C208/ROS/robot_ws/install/dynamixel_sdk_custom_interfaces:/home/iju/S08P31C208/ROS/robot_ws/install/dynamixel_sdk:/home/iju/S08P31C208/ROS/robot_ws/install/cv_bridge PS1=\u@\h \[\033[32m\]\w\[\033[33m\]$(parse_git_branch)\[\033[00m\] $ /usr/bin/cmake --build /home/iju/S08P31C208/ROS/robot_ws/build/image_geometry -- -j6 -l6
[0.629s] Invoking command in '/home/iju/S08P31C208/ROS/robot_ws/build/image_geometry': CMAKE_PREFIX_PATH=/home/iju/S08P31C208/ROS/robot_ws/install/vision_opencv:/home/iju/S08P31C208/ROS/robot_ws/install/turtlebot3_simulations:/home/iju/S08P31C208/ROS/robot_ws/install/turtlebot3_gazebo:/home/iju/S08P31C208/ROS/robot_ws/install/turtlebot3:/home/iju/S08P31C208/ROS/robot_ws/install/turtlebot3_bringup:/home/iju/S08P31C208/ROS/robot_ws/install/turtlebot3_node:/home/iju/S08P31C208/ROS/robot_ws/install/turtlebot3_navigation2:/home/iju/S08P31C208/ROS/robot_ws/install/turtlebot3_fake_node:/home/iju/S08P31C208/ROS/robot_ws/install/turtlebot3_msgs:/home/iju/S08P31C208/ROS/robot_ws/install/turtlebot3_description:/home/iju/S08P31C208/ROS/robot_ws/install/turtlebot3_cartographer:/home/iju/S08P31C208/ROS/robot_ws/install/image_geometry:/home/iju/S08P31C208/ROS/robot_ws/install/gazebo_ros_pkgs:/home/iju/S08P31C208/ROS/robot_ws/install/turtlebot3_teleop:/home/iju/S08P31C208/ROS/robot_ws/install/turtlebot3_example:/home/iju/S08P31C208/ROS/robot_ws/install/opencv_tests:/opt/ros/dashing:/home/iju/S08P31C208/ROS/robot_ws/install/aws_robomaker_hospital_world:/home/iju/S08P31C208/ROS/robot_ws/install/gazebo_plugins:/home/iju/S08P31C208/ROS/robot_ws/install/gazebo_ros:/home/iju/S08P31C208/ROS/robot_ws/install/gazebo_msgs:/home/iju/S08P31C208/ROS/robot_ws/install/gazebo_dev:/home/iju/S08P31C208/ROS/robot_ws/install/dynamixel_sdk_examples:/home/iju/S08P31C208/ROS/robot_ws/install/dynamixel_sdk_custom_interfaces:/home/iju/S08P31C208/ROS/robot_ws/install/dynamixel_sdk:/home/iju/S08P31C208/ROS/robot_ws/install/cv_bridge PS1=\u@\h \[\033[32m\]\w\[\033[33m\]$(parse_git_branch)\[\033[00m\] $ /usr/bin/cmake --build /home/iju/S08P31C208/ROS/robot_ws/build/image_geometry --target install -- -j6 -l6
[0.793s] [ 22%] Built target gtest_main
[0.795s] [ 44%] Built target gtest
[0.803s] [ 77%] Built target image_geometry
[0.847s] [100%] Built target image_geometry-utest
[0.873s] [36mInstall the project...[0m
[0.885s] -- Install configuration: ""
[0.886s] -- Execute custom install script
[0.887s] -- Up-to-date symlink: /home/iju/S08P31C208/ROS/robot_ws/install/image_geometry/share/image_geometry/environment/pythonpath.sh
[0.888s] -- Up-to-date symlink: /home/iju/S08P31C208/ROS/robot_ws/install/image_geometry/lib/python3.6/site-packages/image_geometry/__init__.py
[0.889s] -- Up-to-date symlink: /home/iju/S08P31C208/ROS/robot_ws/install/image_geometry/lib/python3.6/site-packages/image_geometry/cameramodels.py
[0.890s] -- Up-to-date symlink: /home/iju/S08P31C208/ROS/robot_ws/install/image_geometry/include/image_geometry/pinhole_camera_model.h
[0.890s] -- Up-to-date symlink: /home/iju/S08P31C208/ROS/robot_ws/install/image_geometry/include/image_geometry/stereo_camera_model.h
[0.891s] -- Up-to-date symlink: /home/iju/S08P31C208/ROS/robot_ws/install/image_geometry/include/image_geometry/visibility_control.hpp
[0.892s] -- Up-to-date symlink: /home/iju/S08P31C208/ROS/robot_ws/install/image_geometry/lib/libimage_geometry.so
[0.893s] -- Up-to-date symlink: /home/iju/S08P31C208/ROS/robot_ws/install/image_geometry/share/image_geometry/environment/library_path.sh
[0.893s] -- Up-to-date symlink: /home/iju/S08P31C208/ROS/robot_ws/install/image_geometry/share/ament_index/resource_index/package_run_dependencies/image_geometry
[0.894s] -- Up-to-date symlink: /home/iju/S08P31C208/ROS/robot_ws/install/image_geometry/share/ament_index/resource_index/parent_prefix_path/image_geometry
[0.894s] -- Up-to-date symlink: /home/iju/S08P31C208/ROS/robot_ws/install/image_geometry/share/image_geometry/environment/ament_prefix_path.sh
[0.895s] -- Up-to-date symlink: /home/iju/S08P31C208/ROS/robot_ws/install/image_geometry/share/image_geometry/environment/path.sh
[0.896s] -- Up-to-date symlink: /home/iju/S08P31C208/ROS/robot_ws/install/image_geometry/share/image_geometry/local_setup.bash
[0.896s] -- Up-to-date symlink: /home/iju/S08P31C208/ROS/robot_ws/install/image_geometry/share/image_geometry/local_setup.sh
[0.897s] -- Up-to-date symlink: /home/iju/S08P31C208/ROS/robot_ws/install/image_geometry/share/image_geometry/local_setup.zsh
[0.898s] -- Up-to-date symlink: /home/iju/S08P31C208/ROS/robot_ws/install/image_geometry/share/ament_index/resource_index/packages/image_geometry
[0.898s] -- Up-to-date symlink: /home/iju/S08P31C208/ROS/robot_ws/install/image_geometry/share/image_geometry/cmake/ament_cmake_export_libraries-extras.cmake
[0.899s] -- Up-to-date symlink: /home/iju/S08P31C208/ROS/robot_ws/install/image_geometry/share/image_geometry/cmake/ament_cmake_export_dependencies-extras.cmake
[0.899s] -- Up-to-date symlink: /home/iju/S08P31C208/ROS/robot_ws/install/image_geometry/share/image_geometry/cmake/ament_cmake_export_include_directories-extras.cmake
[0.900s] -- Up-to-date symlink: /home/iju/S08P31C208/ROS/robot_ws/install/image_geometry/share/image_geometry/cmake/image_geometryConfig.cmake
[0.901s] -- Up-to-date symlink: /home/iju/S08P31C208/ROS/robot_ws/install/image_geometry/share/image_geometry/cmake/image_geometryConfig-version.cmake
[0.901s] -- Up-to-date symlink: /home/iju/S08P31C208/ROS/robot_ws/install/image_geometry/share/image_geometry/package.xml
[0.948s] Listing '/home/iju/S08P31C208/ROS/robot_ws/install/image_geometry/lib/python3.6/site-packages/image_geometry'...
[0.968s] Invoked command in '/home/iju/S08P31C208/ROS/robot_ws/build/image_geometry' returned '0': CMAKE_PREFIX_PATH=/home/iju/S08P31C208/ROS/robot_ws/install/vision_opencv:/home/iju/S08P31C208/ROS/robot_ws/install/turtlebot3_simulations:/home/iju/S08P31C208/ROS/robot_ws/install/turtlebot3_gazebo:/home/iju/S08P31C208/ROS/robot_ws/install/turtlebot3:/home/iju/S08P31C208/ROS/robot_ws/install/turtlebot3_bringup:/home/iju/S08P31C208/ROS/robot_ws/install/turtlebot3_node:/home/iju/S08P31C208/ROS/robot_ws/install/turtlebot3_navigation2:/home/iju/S08P31C208/ROS/robot_ws/install/turtlebot3_fake_node:/home/iju/S08P31C208/ROS/robot_ws/install/turtlebot3_msgs:/home/iju/S08P31C208/ROS/robot_ws/install/turtlebot3_description:/home/iju/S08P31C208/ROS/robot_ws/install/turtlebot3_cartographer:/home/iju/S08P31C208/ROS/robot_ws/install/image_geometry:/home/iju/S08P31C208/ROS/robot_ws/install/gazebo_ros_pkgs:/home/iju/S08P31C208/ROS/robot_ws/install/turtlebot3_teleop:/home/iju/S08P31C208/ROS/robot_ws/install/turtlebot3_example:/home/iju/S08P31C208/ROS/robot_ws/install/opencv_tests:/opt/ros/dashing:/home/iju/S08P31C208/ROS/robot_ws/install/aws_robomaker_hospital_world:/home/iju/S08P31C208/ROS/robot_ws/install/gazebo_plugins:/home/iju/S08P31C208/ROS/robot_ws/install/gazebo_ros:/home/iju/S08P31C208/ROS/robot_ws/install/gazebo_msgs:/home/iju/S08P31C208/ROS/robot_ws/install/gazebo_dev:/home/iju/S08P31C208/ROS/robot_ws/install/dynamixel_sdk_examples:/home/iju/S08P31C208/ROS/robot_ws/install/dynamixel_sdk_custom_interfaces:/home/iju/S08P31C208/ROS/robot_ws/install/dynamixel_sdk:/home/iju/S08P31C208/ROS/robot_ws/install/cv_bridge PS1=\u@\h \[\033[32m\]\w\[\033[33m\]$(parse_git_branch)\[\033[00m\] $ /usr/bin/cmake --build /home/iju/S08P31C208/ROS/robot_ws/build/image_geometry --target install -- -j6 -l6
