[0.332s] Invoking command in '/home/moon/S08P31C208/ROS/buruemi_ws/build/turtlebot3_bringup': CMAKE_PREFIX_PATH=/home/moon/S08P31C208/ROS/buruemi_ws/install/turtlebot3_node:/home/moon/S08P31C208/ROS/buruemi_ws/install/turtlebot3_description:/home/moon/S08P31C208/ROS/buruemi_ws/install/turtlebot3:/home/moon/S08P31C208/ROS/buruemi_ws/install/turtlebot3_bringup:/home/moon/S08P31C208/ROS/buruemi_ws/install/turtlebot3_navigation2:/home/moon/S08P31C208/ROS/buruemi_ws/install/turtlebot3_cartographer:/home/moon/S08P31C208/ROS/buruemi_ws/install/ld08_driver:/home/moon/S08P31C208/ROS/buruemi_ws/install/cartographer_ros_msgs:/home/moon/S08P31C208/ROS/buruemi_ws/install/turtlebot3_teleop:/home/moon/S08P31C208/ROS/buruemi_ws/install/turtlebot3_example:/home/moon/S08P31C208/ROS/buruemi_ws/install/lidar_filter:/opt/ros/dashing /usr/bin/cmake --build /home/moon/S08P31C208/ROS/buruemi_ws/build/turtlebot3_bringup -- -j4 -l4
[1.420s] Invoked command in '/home/moon/S08P31C208/ROS/buruemi_ws/build/turtlebot3_bringup' returned '0': CMAKE_PREFIX_PATH=/home/moon/S08P31C208/ROS/buruemi_ws/install/turtlebot3_node:/home/moon/S08P31C208/ROS/buruemi_ws/install/turtlebot3_description:/home/moon/S08P31C208/ROS/buruemi_ws/install/turtlebot3:/home/moon/S08P31C208/ROS/buruemi_ws/install/turtlebot3_bringup:/home/moon/S08P31C208/ROS/buruemi_ws/install/turtlebot3_navigation2:/home/moon/S08P31C208/ROS/buruemi_ws/install/turtlebot3_cartographer:/home/moon/S08P31C208/ROS/buruemi_ws/install/ld08_driver:/home/moon/S08P31C208/ROS/buruemi_ws/install/cartographer_ros_msgs:/home/moon/S08P31C208/ROS/buruemi_ws/install/turtlebot3_teleop:/home/moon/S08P31C208/ROS/buruemi_ws/install/turtlebot3_example:/home/moon/S08P31C208/ROS/buruemi_ws/install/lidar_filter:/opt/ros/dashing /usr/bin/cmake --build /home/moon/S08P31C208/ROS/buruemi_ws/build/turtlebot3_bringup -- -j4 -l4
[1.801s] Invoking command in '/home/moon/S08P31C208/ROS/buruemi_ws/build/turtlebot3_bringup': CMAKE_PREFIX_PATH=/home/moon/S08P31C208/ROS/buruemi_ws/install/turtlebot3_node:/home/moon/S08P31C208/ROS/buruemi_ws/install/turtlebot3_description:/home/moon/S08P31C208/ROS/buruemi_ws/install/turtlebot3:/home/moon/S08P31C208/ROS/buruemi_ws/install/turtlebot3_bringup:/home/moon/S08P31C208/ROS/buruemi_ws/install/turtlebot3_navigation2:/home/moon/S08P31C208/ROS/buruemi_ws/install/turtlebot3_cartographer:/home/moon/S08P31C208/ROS/buruemi_ws/install/ld08_driver:/home/moon/S08P31C208/ROS/buruemi_ws/install/cartographer_ros_msgs:/home/moon/S08P31C208/ROS/buruemi_ws/install/turtlebot3_teleop:/home/moon/S08P31C208/ROS/buruemi_ws/install/turtlebot3_example:/home/moon/S08P31C208/ROS/buruemi_ws/install/lidar_filter:/opt/ros/dashing /usr/bin/cmake --build /home/moon/S08P31C208/ROS/buruemi_ws/build/turtlebot3_bringup --target install -- -j4 -l4
[2.384s] [36mInstall the project...[0m
[2.420s] -- Install configuration: ""
[2.424s] -- Execute custom install script
[2.430s] -- Up-to-date symlink: /home/moon/S08P31C208/ROS/buruemi_ws/install/turtlebot3_bringup/share/turtlebot3_bringup/launch/robot.launch.py
[2.435s] -- Up-to-date symlink: /home/moon/S08P31C208/ROS/buruemi_ws/install/turtlebot3_bringup/share/turtlebot3_bringup/launch/rviz2.launch.py
[2.439s] -- Up-to-date symlink: /home/moon/S08P31C208/ROS/buruemi_ws/install/turtlebot3_bringup/share/turtlebot3_bringup/launch/turtlebot3_state_publisher.launch.py
[2.447s] -- Up-to-date symlink: /home/moon/S08P31C208/ROS/buruemi_ws/install/turtlebot3_bringup/share/turtlebot3_bringup/param/burger.yaml
[2.451s] -- Up-to-date symlink: /home/moon/S08P31C208/ROS/buruemi_ws/install/turtlebot3_bringup/share/turtlebot3_bringup/param/waffle.yaml
[2.462s] -- Up-to-date symlink: /home/moon/S08P31C208/ROS/buruemi_ws/install/turtlebot3_bringup/share/turtlebot3_bringup/param/waffle_pi.yaml
[2.467s] -- Up-to-date symlink: /home/moon/S08P31C208/ROS/buruemi_ws/install/turtlebot3_bringup/share/ament_index/resource_index/package_run_dependencies/turtlebot3_bringup
[2.480s] -- Up-to-date symlink: /home/moon/S08P31C208/ROS/buruemi_ws/install/turtlebot3_bringup/share/ament_index/resource_index/parent_prefix_path/turtlebot3_bringup
[2.488s] -- Up-to-date symlink: /home/moon/S08P31C208/ROS/buruemi_ws/install/turtlebot3_bringup/share/turtlebot3_bringup/environment/ament_prefix_path.sh
[2.490s] -- Up-to-date symlink: /home/moon/S08P31C208/ROS/buruemi_ws/install/turtlebot3_bringup/share/turtlebot3_bringup/environment/path.sh
[2.492s] -- Up-to-date symlink: /home/moon/S08P31C208/ROS/buruemi_ws/install/turtlebot3_bringup/share/turtlebot3_bringup/local_setup.bash
[2.497s] -- Up-to-date symlink: /home/moon/S08P31C208/ROS/buruemi_ws/install/turtlebot3_bringup/share/turtlebot3_bringup/local_setup.sh
[2.499s] -- Up-to-date symlink: /home/moon/S08P31C208/ROS/buruemi_ws/install/turtlebot3_bringup/share/turtlebot3_bringup/local_setup.zsh
[2.502s] -- Up-to-date symlink: /home/moon/S08P31C208/ROS/buruemi_ws/install/turtlebot3_bringup/share/ament_index/resource_index/packages/turtlebot3_bringup
[2.504s] -- Up-to-date symlink: /home/moon/S08P31C208/ROS/buruemi_ws/install/turtlebot3_bringup/share/turtlebot3_bringup/cmake/turtlebot3_bringupConfig.cmake
[2.507s] -- Up-to-date symlink: /home/moon/S08P31C208/ROS/buruemi_ws/install/turtlebot3_bringup/share/turtlebot3_bringup/cmake/turtlebot3_bringupConfig-version.cmake
[2.511s] -- Up-to-date symlink: /home/moon/S08P31C208/ROS/buruemi_ws/install/turtlebot3_bringup/share/turtlebot3_bringup/package.xml
[2.541s] Invoked command in '/home/moon/S08P31C208/ROS/buruemi_ws/build/turtlebot3_bringup' returned '0': CMAKE_PREFIX_PATH=/home/moon/S08P31C208/ROS/buruemi_ws/install/turtlebot3_node:/home/moon/S08P31C208/ROS/buruemi_ws/install/turtlebot3_description:/home/moon/S08P31C208/ROS/buruemi_ws/install/turtlebot3:/home/moon/S08P31C208/ROS/buruemi_ws/install/turtlebot3_bringup:/home/moon/S08P31C208/ROS/buruemi_ws/install/turtlebot3_navigation2:/home/moon/S08P31C208/ROS/buruemi_ws/install/turtlebot3_cartographer:/home/moon/S08P31C208/ROS/buruemi_ws/install/ld08_driver:/home/moon/S08P31C208/ROS/buruemi_ws/install/cartographer_ros_msgs:/home/moon/S08P31C208/ROS/buruemi_ws/install/turtlebot3_teleop:/home/moon/S08P31C208/ROS/buruemi_ws/install/turtlebot3_example:/home/moon/S08P31C208/ROS/buruemi_ws/install/lidar_filter:/opt/ros/dashing /usr/bin/cmake --build /home/moon/S08P31C208/ROS/buruemi_ws/build/turtlebot3_bringup --target install -- -j4 -l4
