[0.039s] Invoking command in '/home/iju/S08P31C208/ROS/robot_ws/build/turtle_cpp': CMAKE_PREFIX_PATH=${CMAKE_PREFIX_PATH}:/home/iju/S08P31C208/ROS/robot_ws/install/turtlebot3_teleop:/home/iju/S08P31C208/ROS/robot_ws/install/turtlebot3_example:/opt/ros/dashing PS1=\u@\h \[\033[32m\]\w\[\033[33m\]$(parse_git_branch)\[\033[00m\] $ /usr/bin/cmake --build /home/iju/S08P31C208/ROS/robot_ws/build/turtle_cpp -- -j6 -l6
[0.093s] -- Found ament_cmake: 0.7.6 (/opt/ros/dashing/share/ament_cmake/cmake)
[0.144s] -- Using PYTHON_EXECUTABLE: /usr/bin/python3
[0.431s] -- Override CMake install command with custom implementation using symlinks instead of copying resources
[0.446s] -- Found std_msgs: 0.7.1 (/opt/ros/dashing/share/std_msgs/cmake)
[0.545s] -- Found rosidl_adapter: 0.7.10 (/opt/ros/dashing/share/rosidl_adapter/cmake)
[0.595s] -- Boost version: 1.65.1
[0.595s] -- Found the following Boost libraries:
[0.595s] --   thread
[0.595s] --   system
[0.595s] --   filesystem
[0.596s] --   program_options
[0.596s] --   regex
[0.596s] --   iostreams
[0.596s] --   date_time
[0.596s] --   chrono
[0.596s] --   atomic
[0.614s] -- Found Protobuf: /usr/lib/x86_64-linux-gnu/libprotobuf.so;-lpthread (found version "3.0.0") 
[0.644s] -- Boost version: 1.65.1
[0.646s] -- Looking for OGRE...
[0.654s] -- Found Ogre Ghadamon (1.9.0)
[0.654s] -- Found OGRE: optimized;/usr/lib/x86_64-linux-gnu/libOgreMain.so;debug;/usr/lib/x86_64-linux-gnu/libOgreMain.so
[0.731s] -- Looking for OGRE_Paging...
[0.731s] -- Found OGRE_Paging: optimized;/usr/lib/x86_64-linux-gnu/libOgrePaging.so;debug;/usr/lib/x86_64-linux-gnu/libOgrePaging.so
[0.731s] -- Looking for OGRE_Terrain...
[0.731s] -- Found OGRE_Terrain: optimized;/usr/lib/x86_64-linux-gnu/libOgreTerrain.so;debug;/usr/lib/x86_64-linux-gnu/libOgreTerrain.so
[0.731s] -- Looking for OGRE_Property...
[0.731s] -- Found OGRE_Property: optimized;/usr/lib/x86_64-linux-gnu/libOgreProperty.so;debug;/usr/lib/x86_64-linux-gnu/libOgreProperty.so
[0.732s] -- Looking for OGRE_RTShaderSystem...
[0.732s] -- Found OGRE_RTShaderSystem: optimized;/usr/lib/x86_64-linux-gnu/libOgreRTShaderSystem.so;debug;/usr/lib/x86_64-linux-gnu/libOgreRTShaderSystem.so
[0.732s] -- Looking for OGRE_Volume...
[0.732s] -- Found OGRE_Volume: optimized;/usr/lib/x86_64-linux-gnu/libOgreVolume.so;debug;/usr/lib/x86_64-linux-gnu/libOgreVolume.so
[0.732s] -- Looking for OGRE_Overlay...
[0.732s] -- Found OGRE_Overlay: optimized;/usr/lib/x86_64-linux-gnu/libOgreOverlay.so;debug;/usr/lib/x86_64-linux-gnu/libOgreOverlay.so
[0.979s] -- Found Protobuf: /usr/lib/x86_64-linux-gnu/libprotobuf.so;-lpthread;-lpthread (found suitable version "3.0.0", minimum required is "2.3.0") 
[0.994s] -- Config-file not installed for ZeroMQ -- checking for pkg-config
[1.003s] -- Checking for module 'libzmq >= 4'
[1.024s] --   Found libzmq , version 4.2.5
[1.096s] -- Checking for module 'uuid'
[1.119s] --   Found uuid, version 2.31.1
[1.188s] -- Checking for module 'tinyxml2'
[1.207s] --   Found tinyxml2, version 6.0.0
[1.273s] -- Looking for dlfcn.h - found
[1.273s] -- Looking for libdl - found
[1.273s] -- FreeImage.pc not found, we will search for FreeImage_INCLUDE_DIRS and FreeImage_LIBRARIES
[1.439s] -- Checking for module 'gts'
[1.482s] --   Found gts, version 0.7.6
[1.611s] -- Checking for module 'libswscale'
[1.652s] --   Found libswscale, version 4.8.100
[1.752s] -- Checking for module 'libavdevice >= 56.4.100'
[1.774s] --   Found libavdevice , version 57.10.100
[1.856s] -- Checking for module 'libavformat'
[1.878s] --   Found libavformat, version 57.83.100
[1.974s] -- Checking for module 'libavcodec'
[2.003s] --   Found libavcodec, version 57.107.100
[2.109s] -- Checking for module 'libavutil'
[2.141s] --   Found libavutil, version 55.78.100
[2.262s] -- Checking for module 'jsoncpp'
[2.293s] --   Found jsoncpp, version 1.7.4
[2.381s] -- Checking for module 'libzip'
[2.410s] --   Found libzip, version 1.1.2
[2.506s] -- Found gazebo_ros_pkgs: 3.3.5 (/home/iju/S08P31C208/ROS/robot_ws/install/gazebo_ros_pkgs/share/gazebo_ros_pkgs/cmake)
[2.507s] -- Found geometry_msgs: 0.7.1 (/opt/ros/dashing/share/geometry_msgs/cmake)
[2.507s] -- Found nav_msgs: 0.7.1 (/opt/ros/dashing/share/nav_msgs/cmake)
[2.521s] -- Found rclcpp: 0.7.16 (/opt/ros/dashing/share/rclcpp/cmake)
[2.531s] -- Found rmw_implementation_cmake: 0.7.2 (/opt/ros/dashing/share/rmw_implementation_cmake/cmake)
[2.542s] -- Using RMW implementation 'rmw_fastrtps_cpp' as default
[2.577s] -- Found sensor_msgs: 0.7.1 (/opt/ros/dashing/share/sensor_msgs/cmake)
[2.594s] -- Found tf2: 0.11.6 (/opt/ros/dashing/share/tf2/cmake)
[2.596s] -- Found turtlebot3: 2.1.4 (/home/iju/S08P31C208/ROS/robot_ws/install/turtlebot3/share/turtlebot3/cmake)
[2.714s] -- Found ament_lint_auto: 0.7.12 (/opt/ros/dashing/share/ament_lint_auto/cmake)
[2.893s] -- Added test 'copyright' to check for copyright in CMake / C / C++ / Python code
[2.893s] -- Added test 'cppcheck' to perform static code analysis on C / C++ code
[2.893s] -- Configured cppcheck include dirs: 
[2.893s] -- Added test 'cpplint' to check C / C++ code against the Google style
[2.893s] -- Added test 'lint_cmake' to check CMake code style
[2.893s] -- Added test 'uncrustify' to check C / C++ code style
[2.893s] -- Added test 'xmllint' to check XML markup files
[2.893s] -- Configuring done
[2.932s] -- Generating done
[2.935s] -- Build files have been written to: /home/iju/S08P31C208/ROS/robot_ws/build/turtle_cpp
[3.004s] [35m[1mScanning dependencies of target start_goal[0m
[3.057s] [ 12%] [32mBuilding CXX object CMakeFiles/start_goal.dir/src/start_goal.cpp.o[0m
[3.091s] [ 37%] Built target lidar
[3.105s] [ 62%] Built target pub
[3.109s] [ 87%] Built target sub
[5.546s] [100%] [32m[1mLinking CXX executable start_goal[0m
[5.776s] [100%] Built target start_goal
[5.790s] Invoked command in '/home/iju/S08P31C208/ROS/robot_ws/build/turtle_cpp' returned '0': CMAKE_PREFIX_PATH=${CMAKE_PREFIX_PATH}:/home/iju/S08P31C208/ROS/robot_ws/install/turtlebot3_teleop:/home/iju/S08P31C208/ROS/robot_ws/install/turtlebot3_example:/opt/ros/dashing PS1=\u@\h \[\033[32m\]\w\[\033[33m\]$(parse_git_branch)\[\033[00m\] $ /usr/bin/cmake --build /home/iju/S08P31C208/ROS/robot_ws/build/turtle_cpp -- -j6 -l6
[6.018s] Invoking command in '/home/iju/S08P31C208/ROS/robot_ws/build/turtle_cpp': CMAKE_PREFIX_PATH=${CMAKE_PREFIX_PATH}:/home/iju/S08P31C208/ROS/robot_ws/install/turtlebot3_teleop:/home/iju/S08P31C208/ROS/robot_ws/install/turtlebot3_example:/opt/ros/dashing PS1=\u@\h \[\033[32m\]\w\[\033[33m\]$(parse_git_branch)\[\033[00m\] $ /usr/bin/cmake --build /home/iju/S08P31C208/ROS/robot_ws/build/turtle_cpp --target install -- -j6 -l6
[6.199s] [ 25%] Built target sub
[6.213s] [ 50%] Built target lidar
[6.229s] [ 75%] Built target start_goal
[6.256s] [100%] Built target pub
[6.330s] [36mInstall the project...[0m
[6.359s] -- Install configuration: ""
[6.360s] -- Execute custom install script
[6.361s] -- Up-to-date symlink: /home/iju/S08P31C208/ROS/robot_ws/install/turtle_cpp/lib/turtle_cpp/pub
[6.361s] -- Up-to-date symlink: /home/iju/S08P31C208/ROS/robot_ws/install/turtle_cpp/lib/turtle_cpp/sub
[6.362s] -- Up-to-date symlink: /home/iju/S08P31C208/ROS/robot_ws/install/turtle_cpp/lib/turtle_cpp/lidar
[6.362s] -- Symlinking: /home/iju/S08P31C208/ROS/robot_ws/install/turtle_cpp/lib/turtle_cpp/start_goal
[6.392s] -- Up-to-date symlink: /home/iju/S08P31C208/ROS/robot_ws/install/turtle_cpp/share/ament_index/resource_index/package_run_dependencies/turtle_cpp
[6.392s] -- Up-to-date symlink: /home/iju/S08P31C208/ROS/robot_ws/install/turtle_cpp/share/ament_index/resource_index/parent_prefix_path/turtle_cpp
[6.392s] -- Up-to-date symlink: /home/iju/S08P31C208/ROS/robot_ws/install/turtle_cpp/share/turtle_cpp/environment/ament_prefix_path.sh
[6.392s] -- Up-to-date symlink: /home/iju/S08P31C208/ROS/robot_ws/install/turtle_cpp/share/turtle_cpp/environment/path.sh
[6.392s] -- Up-to-date symlink: /home/iju/S08P31C208/ROS/robot_ws/install/turtle_cpp/share/turtle_cpp/local_setup.bash
[6.392s] -- Up-to-date symlink: /home/iju/S08P31C208/ROS/robot_ws/install/turtle_cpp/share/turtle_cpp/local_setup.sh
[6.393s] -- Up-to-date symlink: /home/iju/S08P31C208/ROS/robot_ws/install/turtle_cpp/share/turtle_cpp/local_setup.zsh
[6.393s] -- Up-to-date symlink: /home/iju/S08P31C208/ROS/robot_ws/install/turtle_cpp/share/ament_index/resource_index/packages/turtle_cpp
[6.393s] -- Up-to-date symlink: /home/iju/S08P31C208/ROS/robot_ws/install/turtle_cpp/share/turtle_cpp/cmake/turtle_cppConfig.cmake
[6.393s] -- Up-to-date symlink: /home/iju/S08P31C208/ROS/robot_ws/install/turtle_cpp/share/turtle_cpp/cmake/turtle_cppConfig-version.cmake
[6.393s] -- Up-to-date symlink: /home/iju/S08P31C208/ROS/robot_ws/install/turtle_cpp/share/turtle_cpp/package.xml
[6.506s] Invoked command in '/home/iju/S08P31C208/ROS/robot_ws/build/turtle_cpp' returned '0': CMAKE_PREFIX_PATH=${CMAKE_PREFIX_PATH}:/home/iju/S08P31C208/ROS/robot_ws/install/turtlebot3_teleop:/home/iju/S08P31C208/ROS/robot_ws/install/turtlebot3_example:/opt/ros/dashing PS1=\u@\h \[\033[32m\]\w\[\033[33m\]$(parse_git_branch)\[\033[00m\] $ /usr/bin/cmake --build /home/iju/S08P31C208/ROS/robot_ws/build/turtle_cpp --target install -- -j6 -l6
