-- Found action_msgs: 0.7.4 (/opt/ros/dashing/share/action_msgs/cmake)
-- Found PythonInterp: /usr/bin/python3 (found suitable version "3.6.9", minimum required is "3") 
-- Using PYTHON_EXECUTABLE: /usr/bin/python3
-- Override CMake install command with custom implementation using symlinks instead of copying resources
-- Found rosidl_adapter: 0.7.10 (/opt/ros/dashing/share/rosidl_adapter/cmake)
-- Found ament_cmake: 0.7.6 (/opt/ros/dashing/share/ament_cmake/cmake)
-- Found rosidl_default_generators: 0.7.0 (/opt/ros/dashing/share/rosidl_default_generators/cmake)
-- Found std_msgs: 0.7.1 (/opt/ros/dashing/share/std_msgs/cmake)
-- Found PythonInterp: /usr/bin/python3 (found version "3.6.9") 
-- Found ament_cmake_cppcheck: 0.7.12 (/opt/ros/dashing/share/ament_cmake_cppcheck/cmake)
-- Found ament_cmake_cpplint: 0.7.12 (/opt/ros/dashing/share/ament_cmake_cpplint/cmake)
-- Found ament_cmake_uncrustify: 0.7.12 (/opt/ros/dashing/share/ament_cmake_uncrustify/cmake)
-- Using all available rosidl_typesupport_c: rosidl_typesupport_fastrtps_c;rosidl_typesupport_introspection_c
-- Using all available rosidl_typesupport_cpp: rosidl_typesupport_fastrtps_cpp;rosidl_typesupport_introspection_cpp
-- Found rmw_implementation_cmake: 0.7.2 (/opt/ros/dashing/share/rmw_implementation_cmake/cmake)
-- Found PythonInterp: /usr/bin/python3 (found suitable version "3.6.9", minimum required is "3.5") 
-- Found python_cmake_module: 0.7.11 (/opt/ros/dashing/share/python_cmake_module/cmake)
-- Using PYTHON_EXECUTABLE: /usr/bin/python3
-- Using PYTHON_INCLUDE_DIRS: /usr/include/python3.6m
-- Using PYTHON_LIBRARIES: /usr/lib/x86_64-linux-gnu/libpython3.6m.so
-- Found ament_cmake_flake8: 0.7.12 (/opt/ros/dashing/share/ament_cmake_flake8/cmake)
-- Found ament_cmake_pep257: 0.7.12 (/opt/ros/dashing/share/ament_cmake_pep257/cmake)
-- Configuring done
-- Generating done
-- Build files have been written to: /home/iju/S08P31C208/ROS/robot_ws/build/turtlebot3_msgs
[  1%] Built target turtlebot3_msgs__cpp
[  2%] [32m[1mLinking C shared library libturtlebot3_msgs__rosidl_generator_c.so[0m
[  4%] [32m[1mLinking CXX shared library libturtlebot3_msgs__rosidl_typesupport_cpp.so[0m
[  5%] [32m[1mLinking CXX shared library libturtlebot3_msgs__rosidl_typesupport_introspection_cpp.so[0m
[  7%] [32m[1mLinking CXX shared library libturtlebot3_msgs__rosidl_typesupport_fastrtps_cpp.so[0m
[ 16%] Built target turtlebot3_msgs__rosidl_generator_c
[ 26%] Built target turtlebot3_msgs__rosidl_typesupport_cpp
[ 28%] [32m[1mLinking C shared library libturtlebot3_msgs__rosidl_typesupport_introspection_c.so[0m
[ 38%] Built target turtlebot3_msgs__rosidl_typesupport_fastrtps_cpp
[ 39%] [32m[1mLinking CXX shared library libturtlebot3_msgs__rosidl_typesupport_c.so[0m
[ 49%] Built target turtlebot3_msgs__rosidl_typesupport_introspection_cpp
[ 50%] [32m[1mLinking CXX shared library libturtlebot3_msgs__rosidl_typesupport_fastrtps_c.so[0m
[ 60%] Built target turtlebot3_msgs__rosidl_typesupport_introspection_c
[ 70%] Built target turtlebot3_msgs__rosidl_typesupport_c
[ 80%] Built target turtlebot3_msgs__rosidl_typesupport_fastrtps_c
[ 80%] Built target turtlebot3_msgs
[ 81%] Built target turtlebot3_msgs__py
[ 83%] [32m[1mLinking C shared library rosidl_generator_py/turtlebot3_msgs/libturtlebot3_msgs__python.so[0m
[ 91%] Built target turtlebot3_msgs__python
[ 92%] [32m[1mLinking C shared library rosidl_generator_py/turtlebot3_msgs/turtlebot3_msgs_s__rosidl_typesupport_introspection_c.cpython-36m-x86_64-linux-gnu.so[0m
[ 94%] [32m[1mLinking C shared library rosidl_generator_py/turtlebot3_msgs/turtlebot3_msgs_s__rosidl_typesupport_c.cpython-36m-x86_64-linux-gnu.so[0m
[ 95%] [32m[1mLinking C shared library rosidl_generator_py/turtlebot3_msgs/turtlebot3_msgs_s__rosidl_typesupport_fastrtps_c.cpython-36m-x86_64-linux-gnu.so[0m
[ 97%] Built target turtlebot3_msgs__rosidl_typesupport_c__pyext
[ 98%] Built target turtlebot3_msgs__rosidl_typesupport_introspection_c__pyext
[100%] Built target turtlebot3_msgs__rosidl_typesupport_fastrtps_c__pyext
[  1%] Built target turtlebot3_msgs__cpp
[ 12%] Built target turtlebot3_msgs__rosidl_generator_c
[ 23%] Built target turtlebot3_msgs__rosidl_typesupport_c
[ 35%] Built target turtlebot3_msgs__rosidl_typesupport_introspection_cpp
[ 46%] Built target turtlebot3_msgs__rosidl_typesupport_fastrtps_cpp
[ 57%] Built target turtlebot3_msgs__rosidl_typesupport_introspection_c
[ 69%] Built target turtlebot3_msgs__rosidl_typesupport_cpp
[ 80%] Built target turtlebot3_msgs__rosidl_typesupport_fastrtps_c
[ 80%] Built target turtlebot3_msgs
[ 81%] Built target turtlebot3_msgs__py
[ 91%] Built target turtlebot3_msgs__python
[ 97%] Built target turtlebot3_msgs__rosidl_typesupport_fastrtps_c__pyext
[ 97%] Built target turtlebot3_msgs__rosidl_typesupport_introspection_c__pyext
[100%] Built target turtlebot3_msgs__rosidl_typesupport_c__pyext
[36mInstall the project...[0m
-- Install configuration: ""
-- Execute custom install script
-- Symlinking: /home/iju/S08P31C208/ROS/robot_ws/install/turtlebot3_msgs/share/ament_index/resource_index/rosidl_interfaces/turtlebot3_msgs
-- Symlinking: /home/iju/S08P31C208/ROS/robot_ws/install/turtlebot3_msgs/include/turtlebot3_msgs/action/patrol.hpp
-- Symlinking: /home/iju/S08P31C208/ROS/robot_ws/install/turtlebot3_msgs/include/turtlebot3_msgs/action/patrol__struct.hpp
-- Symlinking: /home/iju/S08P31C208/ROS/robot_ws/install/turtlebot3_msgs/include/turtlebot3_msgs/action/patrol__traits.hpp
-- Symlinking: /home/iju/S08P31C208/ROS/robot_ws/install/turtlebot3_msgs/include/turtlebot3_msgs/msg/sensor_state.hpp
-- Symlinking: /home/iju/S08P31C208/ROS/robot_ws/install/turtlebot3_msgs/include/turtlebot3_msgs/msg/sensor_state__struct.hpp
-- Symlinking: /home/iju/S08P31C208/ROS/robot_ws/install/turtlebot3_msgs/include/turtlebot3_msgs/msg/sensor_state__traits.hpp
-- Symlinking: /home/iju/S08P31C208/ROS/robot_ws/install/turtlebot3_msgs/include/turtlebot3_msgs/msg/sound.hpp
-- Symlinking: /home/iju/S08P31C208/ROS/robot_ws/install/turtlebot3_msgs/include/turtlebot3_msgs/msg/sound__struct.hpp
-- Symlinking: /home/iju/S08P31C208/ROS/robot_ws/install/turtlebot3_msgs/include/turtlebot3_msgs/msg/sound__traits.hpp
-- Symlinking: /home/iju/S08P31C208/ROS/robot_ws/install/turtlebot3_msgs/include/turtlebot3_msgs/msg/version_info.hpp
-- Symlinking: /home/iju/S08P31C208/ROS/robot_ws/install/turtlebot3_msgs/include/turtlebot3_msgs/msg/version_info__struct.hpp
-- Symlinking: /home/iju/S08P31C208/ROS/robot_ws/install/turtlebot3_msgs/include/turtlebot3_msgs/msg/version_info__traits.hpp
-- Symlinking: /home/iju/S08P31C208/ROS/robot_ws/install/turtlebot3_msgs/include/turtlebot3_msgs/srv/dqn.hpp
-- Symlinking: /home/iju/S08P31C208/ROS/robot_ws/install/turtlebot3_msgs/include/turtlebot3_msgs/srv/dqn__struct.hpp
-- Symlinking: /home/iju/S08P31C208/ROS/robot_ws/install/turtlebot3_msgs/include/turtlebot3_msgs/srv/dqn__traits.hpp
-- Symlinking: /home/iju/S08P31C208/ROS/robot_ws/install/turtlebot3_msgs/include/turtlebot3_msgs/srv/sound.hpp
-- Symlinking: /home/iju/S08P31C208/ROS/robot_ws/install/turtlebot3_msgs/include/turtlebot3_msgs/srv/sound__struct.hpp
-- Symlinking: /home/iju/S08P31C208/ROS/robot_ws/install/turtlebot3_msgs/include/turtlebot3_msgs/srv/sound__traits.hpp
-- Symlinking: /home/iju/S08P31C208/ROS/robot_ws/install/turtlebot3_msgs/include/turtlebot3_msgs/action/patrol.h
-- Symlinking: /home/iju/S08P31C208/ROS/robot_ws/install/turtlebot3_msgs/include/turtlebot3_msgs/action/patrol__functions.h
-- Symlinking: /home/iju/S08P31C208/ROS/robot_ws/install/turtlebot3_msgs/include/turtlebot3_msgs/action/patrol__struct.h
-- Symlinking: /home/iju/S08P31C208/ROS/robot_ws/install/turtlebot3_msgs/include/turtlebot3_msgs/action/patrol__type_support.h
-- Symlinking: /home/iju/S08P31C208/ROS/robot_ws/install/turtlebot3_msgs/include/turtlebot3_msgs/msg/rosidl_generator_c__visibility_control.h
-- Symlinking: /home/iju/S08P31C208/ROS/robot_ws/install/turtlebot3_msgs/include/turtlebot3_msgs/msg/sensor_state.h
-- Symlinking: /home/iju/S08P31C208/ROS/robot_ws/install/turtlebot3_msgs/include/turtlebot3_msgs/msg/sensor_state__functions.h
-- Symlinking: /home/iju/S08P31C208/ROS/robot_ws/install/turtlebot3_msgs/include/turtlebot3_msgs/msg/sensor_state__struct.h
-- Symlinking: /home/iju/S08P31C208/ROS/robot_ws/install/turtlebot3_msgs/include/turtlebot3_msgs/msg/sensor_state__type_support.h
-- Symlinking: /home/iju/S08P31C208/ROS/robot_ws/install/turtlebot3_msgs/include/turtlebot3_msgs/msg/sound.h
-- Symlinking: /home/iju/S08P31C208/ROS/robot_ws/install/turtlebot3_msgs/include/turtlebot3_msgs/msg/sound__functions.h
-- Symlinking: /home/iju/S08P31C208/ROS/robot_ws/install/turtlebot3_msgs/include/turtlebot3_msgs/msg/sound__struct.h
-- Symlinking: /home/iju/S08P31C208/ROS/robot_ws/install/turtlebot3_msgs/include/turtlebot3_msgs/msg/sound__type_support.h
-- Symlinking: /home/iju/S08P31C208/ROS/robot_ws/install/turtlebot3_msgs/include/turtlebot3_msgs/msg/version_info.h
-- Symlinking: /home/iju/S08P31C208/ROS/robot_ws/install/turtlebot3_msgs/include/turtlebot3_msgs/msg/version_info__functions.h
-- Symlinking: /home/iju/S08P31C208/ROS/robot_ws/install/turtlebot3_msgs/include/turtlebot3_msgs/msg/version_info__struct.h
-- Symlinking: /home/iju/S08P31C208/ROS/robot_ws/install/turtlebot3_msgs/include/turtlebot3_msgs/msg/version_info__type_support.h
-- Symlinking: /home/iju/S08P31C208/ROS/robot_ws/install/turtlebot3_msgs/include/turtlebot3_msgs/srv/dqn.h
-- Symlinking: /home/iju/S08P31C208/ROS/robot_ws/install/turtlebot3_msgs/include/turtlebot3_msgs/srv/dqn__functions.h
-- Symlinking: /home/iju/S08P31C208/ROS/robot_ws/install/turtlebot3_msgs/include/turtlebot3_msgs/srv/dqn__struct.h
-- Symlinking: /home/iju/S08P31C208/ROS/robot_ws/install/turtlebot3_msgs/include/turtlebot3_msgs/srv/dqn__type_support.h
-- Symlinking: /home/iju/S08P31C208/ROS/robot_ws/install/turtlebot3_msgs/include/turtlebot3_msgs/srv/sound.h
-- Symlinking: /home/iju/S08P31C208/ROS/robot_ws/install/turtlebot3_msgs/include/turtlebot3_msgs/srv/sound__functions.h
-- Symlinking: /home/iju/S08P31C208/ROS/robot_ws/install/turtlebot3_msgs/include/turtlebot3_msgs/srv/sound__struct.h
-- Symlinking: /home/iju/S08P31C208/ROS/robot_ws/install/turtlebot3_msgs/include/turtlebot3_msgs/srv/sound__type_support.h
-- Symlinking: /home/iju/S08P31C208/ROS/robot_ws/install/turtlebot3_msgs/share/turtlebot3_msgs/environment/library_path.sh
-- Symlinking: /home/iju/S08P31C208/ROS/robot_ws/install/turtlebot3_msgs/lib/libturtlebot3_msgs__rosidl_generator_c.so
-- Symlinking: /home/iju/S08P31C208/ROS/robot_ws/install/turtlebot3_msgs/lib/libturtlebot3_msgs__rosidl_typesupport_c.so
-- Symlinking: /home/iju/S08P31C208/ROS/robot_ws/install/turtlebot3_msgs/lib/libturtlebot3_msgs__rosidl_typesupport_cpp.so
-- Symlinking: /home/iju/S08P31C208/ROS/robot_ws/install/turtlebot3_msgs/include/turtlebot3_msgs/action/patrol__rosidl_typesupport_introspection_c.h
-- Symlinking: /home/iju/S08P31C208/ROS/robot_ws/install/turtlebot3_msgs/include/turtlebot3_msgs/msg/rosidl_typesupport_introspection_c__visibility_control.h
-- Symlinking: /home/iju/S08P31C208/ROS/robot_ws/install/turtlebot3_msgs/include/turtlebot3_msgs/msg/sensor_state__rosidl_typesupport_introspection_c.h
-- Symlinking: /home/iju/S08P31C208/ROS/robot_ws/install/turtlebot3_msgs/include/turtlebot3_msgs/msg/sound__rosidl_typesupport_introspection_c.h
-- Symlinking: /home/iju/S08P31C208/ROS/robot_ws/install/turtlebot3_msgs/include/turtlebot3_msgs/msg/version_info__rosidl_typesupport_introspection_c.h
-- Symlinking: /home/iju/S08P31C208/ROS/robot_ws/install/turtlebot3_msgs/include/turtlebot3_msgs/srv/dqn__rosidl_typesupport_introspection_c.h
-- Symlinking: /home/iju/S08P31C208/ROS/robot_ws/install/turtlebot3_msgs/include/turtlebot3_msgs/srv/sound__rosidl_typesupport_introspection_c.h
-- Symlinking: /home/iju/S08P31C208/ROS/robot_ws/install/turtlebot3_msgs/lib/libturtlebot3_msgs__rosidl_typesupport_introspection_c.so
-- Symlinking: /home/iju/S08P31C208/ROS/robot_ws/install/turtlebot3_msgs/include/turtlebot3_msgs/action/patrol__rosidl_typesupport_introspection_cpp.hpp
-- Symlinking: /home/iju/S08P31C208/ROS/robot_ws/install/turtlebot3_msgs/include/turtlebot3_msgs/msg/sensor_state__rosidl_typesupport_introspection_cpp.hpp
-- Symlinking: /home/iju/S08P31C208/ROS/robot_ws/install/turtlebot3_msgs/include/turtlebot3_msgs/msg/sound__rosidl_typesupport_introspection_cpp.hpp
-- Symlinking: /home/iju/S08P31C208/ROS/robot_ws/install/turtlebot3_msgs/include/turtlebot3_msgs/msg/version_info__rosidl_typesupport_introspection_cpp.hpp
-- Symlinking: /home/iju/S08P31C208/ROS/robot_ws/install/turtlebot3_msgs/include/turtlebot3_msgs/srv/dqn__rosidl_typesupport_introspection_cpp.hpp
-- Symlinking: /home/iju/S08P31C208/ROS/robot_ws/install/turtlebot3_msgs/include/turtlebot3_msgs/srv/sound__rosidl_typesupport_introspection_cpp.hpp
-- Symlinking: /home/iju/S08P31C208/ROS/robot_ws/install/turtlebot3_msgs/lib/libturtlebot3_msgs__rosidl_typesupport_introspection_cpp.so
-- Symlinking: /home/iju/S08P31C208/ROS/robot_ws/install/turtlebot3_msgs/include/turtlebot3_msgs/action/patrol__rosidl_typesupport_fastrtps_c.h
-- Symlinking: /home/iju/S08P31C208/ROS/robot_ws/install/turtlebot3_msgs/include/turtlebot3_msgs/msg/rosidl_typesupport_fastrtps_c__visibility_control.h
-- Symlinking: /home/iju/S08P31C208/ROS/robot_ws/install/turtlebot3_msgs/include/turtlebot3_msgs/msg/sensor_state__rosidl_typesupport_fastrtps_c.h
-- Symlinking: /home/iju/S08P31C208/ROS/robot_ws/install/turtlebot3_msgs/include/turtlebot3_msgs/msg/sound__rosidl_typesupport_fastrtps_c.h
-- Symlinking: /home/iju/S08P31C208/ROS/robot_ws/install/turtlebot3_msgs/include/turtlebot3_msgs/msg/version_info__rosidl_typesupport_fastrtps_c.h
-- Symlinking: /home/iju/S08P31C208/ROS/robot_ws/install/turtlebot3_msgs/include/turtlebot3_msgs/srv/dqn__rosidl_typesupport_fastrtps_c.h
-- Symlinking: /home/iju/S08P31C208/ROS/robot_ws/install/turtlebot3_msgs/include/turtlebot3_msgs/srv/sound__rosidl_typesupport_fastrtps_c.h
-- Symlinking: /home/iju/S08P31C208/ROS/robot_ws/install/turtlebot3_msgs/lib/libturtlebot3_msgs__rosidl_typesupport_fastrtps_c.so
-- Symlinking: /home/iju/S08P31C208/ROS/robot_ws/install/turtlebot3_msgs/include/turtlebot3_msgs/action/patrol__rosidl_typesupport_fastrtps_cpp.hpp
-- Symlinking: /home/iju/S08P31C208/ROS/robot_ws/install/turtlebot3_msgs/include/turtlebot3_msgs/msg/rosidl_typesupport_fastrtps_cpp__visibility_control.h
-- Symlinking: /home/iju/S08P31C208/ROS/robot_ws/install/turtlebot3_msgs/include/turtlebot3_msgs/msg/sensor_state__rosidl_typesupport_fastrtps_cpp.hpp
-- Symlinking: /home/iju/S08P31C208/ROS/robot_ws/install/turtlebot3_msgs/include/turtlebot3_msgs/msg/sound__rosidl_typesupport_fastrtps_cpp.hpp
-- Symlinking: /home/iju/S08P31C208/ROS/robot_ws/install/turtlebot3_msgs/include/turtlebot3_msgs/msg/version_info__rosidl_typesupport_fastrtps_cpp.hpp
-- Symlinking: /home/iju/S08P31C208/ROS/robot_ws/install/turtlebot3_msgs/include/turtlebot3_msgs/srv/dqn__rosidl_typesupport_fastrtps_cpp.hpp
-- Symlinking: /home/iju/S08P31C208/ROS/robot_ws/install/turtlebot3_msgs/include/turtlebot3_msgs/srv/sound__rosidl_typesupport_fastrtps_cpp.hpp
-- Symlinking: /home/iju/S08P31C208/ROS/robot_ws/install/turtlebot3_msgs/lib/libturtlebot3_msgs__rosidl_typesupport_fastrtps_cpp.so
-- Symlinking: /home/iju/S08P31C208/ROS/robot_ws/install/turtlebot3_msgs/share/turtlebot3_msgs/environment/pythonpath.sh
-- Symlinking: /home/iju/S08P31C208/ROS/robot_ws/install/turtlebot3_msgs/lib/python3.6/site-packages/turtlebot3_msgs/__init__.py
-- Symlinking: /home/iju/S08P31C208/ROS/robot_ws/install/turtlebot3_msgs/lib/python3.6/site-packages/turtlebot3_msgs/msg/__init__.py
-- Symlinking: /home/iju/S08P31C208/ROS/robot_ws/install/turtlebot3_msgs/lib/python3.6/site-packages/turtlebot3_msgs/msg/_sensor_state.py
-- Symlinking: /home/iju/S08P31C208/ROS/robot_ws/install/turtlebot3_msgs/lib/python3.6/site-packages/turtlebot3_msgs/msg/_sound.py
-- Symlinking: /home/iju/S08P31C208/ROS/robot_ws/install/turtlebot3_msgs/lib/python3.6/site-packages/turtlebot3_msgs/msg/_version_info.py
-- Symlinking: /home/iju/S08P31C208/ROS/robot_ws/install/turtlebot3_msgs/lib/python3.6/site-packages/turtlebot3_msgs/srv/__init__.py
-- Symlinking: /home/iju/S08P31C208/ROS/robot_ws/install/turtlebot3_msgs/lib/python3.6/site-packages/turtlebot3_msgs/srv/_dqn.py
-- Symlinking: /home/iju/S08P31C208/ROS/robot_ws/install/turtlebot3_msgs/lib/python3.6/site-packages/turtlebot3_msgs/srv/_sound.py
-- Symlinking: /home/iju/S08P31C208/ROS/robot_ws/install/turtlebot3_msgs/lib/python3.6/site-packages/turtlebot3_msgs/action/__init__.py
-- Symlinking: /home/iju/S08P31C208/ROS/robot_ws/install/turtlebot3_msgs/lib/python3.6/site-packages/turtlebot3_msgs/action/_patrol.py
-- Symlinking: /home/iju/S08P31C208/ROS/robot_ws/install/turtlebot3_msgs/lib/python3.6/site-packages/turtlebot3_msgs/turtlebot3_msgs_s__rosidl_typesupport_c.cpython-36m-x86_64-linux-gnu.so
-- Symlinking: /home/iju/S08P31C208/ROS/robot_ws/install/turtlebot3_msgs/lib/python3.6/site-packages/turtlebot3_msgs/turtlebot3_msgs_s__rosidl_typesupport_introspection_c.cpython-36m-x86_64-linux-gnu.so
-- Symlinking: /home/iju/S08P31C208/ROS/robot_ws/install/turtlebot3_msgs/lib/python3.6/site-packages/turtlebot3_msgs/turtlebot3_msgs_s__rosidl_typesupport_fastrtps_c.cpython-36m-x86_64-linux-gnu.so
-- Symlinking: /home/iju/S08P31C208/ROS/robot_ws/install/turtlebot3_msgs/lib/libturtlebot3_msgs__python.so
-- Symlinking: /home/iju/S08P31C208/ROS/robot_ws/install/turtlebot3_msgs/share/turtlebot3_msgs/msg/SensorState.idl
-- Symlinking: /home/iju/S08P31C208/ROS/robot_ws/install/turtlebot3_msgs/share/turtlebot3_msgs/msg/Sound.idl
-- Symlinking: /home/iju/S08P31C208/ROS/robot_ws/install/turtlebot3_msgs/share/turtlebot3_msgs/msg/VersionInfo.idl
-- Symlinking: /home/iju/S08P31C208/ROS/robot_ws/install/turtlebot3_msgs/share/turtlebot3_msgs/srv/Sound.idl
-- Symlinking: /home/iju/S08P31C208/ROS/robot_ws/install/turtlebot3_msgs/share/turtlebot3_msgs/srv/Dqn.idl
-- Symlinking: /home/iju/S08P31C208/ROS/robot_ws/install/turtlebot3_msgs/share/turtlebot3_msgs/action/Patrol.idl
-- Symlinking: /home/iju/S08P31C208/ROS/robot_ws/install/turtlebot3_msgs/share/turtlebot3_msgs/msg/SensorState.msg
-- Symlinking: /home/iju/S08P31C208/ROS/robot_ws/install/turtlebot3_msgs/share/turtlebot3_msgs/msg/Sound.msg
-- Symlinking: /home/iju/S08P31C208/ROS/robot_ws/install/turtlebot3_msgs/share/turtlebot3_msgs/msg/VersionInfo.msg
-- Symlinking: /home/iju/S08P31C208/ROS/robot_ws/install/turtlebot3_msgs/share/turtlebot3_msgs/srv/Sound.srv
-- Symlinking: /home/iju/S08P31C208/ROS/robot_ws/install/turtlebot3_msgs/share/turtlebot3_msgs/srv/Sound_Request.msg
-- Symlinking: /home/iju/S08P31C208/ROS/robot_ws/install/turtlebot3_msgs/share/turtlebot3_msgs/srv/Sound_Response.msg
-- Symlinking: /home/iju/S08P31C208/ROS/robot_ws/install/turtlebot3_msgs/share/turtlebot3_msgs/srv/Dqn.srv
-- Symlinking: /home/iju/S08P31C208/ROS/robot_ws/install/turtlebot3_msgs/share/turtlebot3_msgs/srv/Dqn_Request.msg
-- Symlinking: /home/iju/S08P31C208/ROS/robot_ws/install/turtlebot3_msgs/share/turtlebot3_msgs/srv/Dqn_Response.msg
-- Symlinking: /home/iju/S08P31C208/ROS/robot_ws/install/turtlebot3_msgs/share/turtlebot3_msgs/action/Patrol.action
-- Symlinking: /home/iju/S08P31C208/ROS/robot_ws/install/turtlebot3_msgs/share/ament_index/resource_index/package_run_dependencies/turtlebot3_msgs
-- Symlinking: /home/iju/S08P31C208/ROS/robot_ws/install/turtlebot3_msgs/share/ament_index/resource_index/parent_prefix_path/turtlebot3_msgs
-- Symlinking: /home/iju/S08P31C208/ROS/robot_ws/install/turtlebot3_msgs/share/turtlebot3_msgs/environment/ament_prefix_path.sh
-- Symlinking: /home/iju/S08P31C208/ROS/robot_ws/install/turtlebot3_msgs/share/turtlebot3_msgs/environment/path.sh
-- Symlinking: /home/iju/S08P31C208/ROS/robot_ws/install/turtlebot3_msgs/share/turtlebot3_msgs/local_setup.bash
-- Symlinking: /home/iju/S08P31C208/ROS/robot_ws/install/turtlebot3_msgs/share/turtlebot3_msgs/local_setup.sh
-- Symlinking: /home/iju/S08P31C208/ROS/robot_ws/install/turtlebot3_msgs/share/turtlebot3_msgs/local_setup.zsh
-- Symlinking: /home/iju/S08P31C208/ROS/robot_ws/install/turtlebot3_msgs/share/ament_index/resource_index/packages/turtlebot3_msgs
-- Symlinking: /home/iju/S08P31C208/ROS/robot_ws/install/turtlebot3_msgs/share/turtlebot3_msgs/cmake/rosidl_cmake-extras.cmake
-- Symlinking: /home/iju/S08P31C208/ROS/robot_ws/install/turtlebot3_msgs/share/turtlebot3_msgs/cmake/ament_cmake_export_dependencies-extras.cmake
-- Symlinking: /home/iju/S08P31C208/ROS/robot_ws/install/turtlebot3_msgs/share/turtlebot3_msgs/cmake/ament_cmake_export_include_directories-extras.cmake
-- Symlinking: /home/iju/S08P31C208/ROS/robot_ws/install/turtlebot3_msgs/share/turtlebot3_msgs/cmake/ament_cmake_export_libraries-extras.cmake
-- Symlinking: /home/iju/S08P31C208/ROS/robot_ws/install/turtlebot3_msgs/share/turtlebot3_msgs/cmake/turtlebot3_msgsConfig.cmake
-- Symlinking: /home/iju/S08P31C208/ROS/robot_ws/install/turtlebot3_msgs/share/turtlebot3_msgs/cmake/turtlebot3_msgsConfig-version.cmake
-- Symlinking: /home/iju/S08P31C208/ROS/robot_ws/install/turtlebot3_msgs/share/turtlebot3_msgs/package.xml
Compiling '/home/iju/S08P31C208/ROS/robot_ws/install/turtlebot3_msgs/lib/python3.6/site-packages/turtlebot3_msgs/__init__.py'...
