-- Found ament_cmake: 0.7.6 (/opt/ros/dashing/share/ament_cmake/cmake)
-- Using PYTHON_EXECUTABLE: /usr/bin/python3
-- Override CMake install command with custom implementation using symlinks instead of copying resources
-- Found nav2_common: 0.2.6 (/home/iju/S08P31C208/ROS/robot_ws/install/nav2_common/share/nav2_common/cmake)
-- Found nav2_costmap_2d: 0.2.6 (/home/iju/S08P31C208/ROS/robot_ws/install/nav2_costmap_2d/share/nav2_costmap_2d/cmake)
-- Found rosidl_adapter: 0.7.10 (/opt/ros/dashing/share/rosidl_adapter/cmake)
-- append /usr/include/eigen3 to ()
-- laser_geometry_INCLUDE_DIRS=/usr/include/eigen3
-- Found rmw_implementation_cmake: 0.7.2 (/opt/ros/dashing/share/rmw_implementation_cmake/cmake)
-- Using RMW implementation 'rmw_fastrtps_cpp' as default
-- Found eigen3_cmake_module: 0.1.1 (/opt/ros/dashing/share/eigen3_cmake_module/cmake)
-- Found tinyxml2_vendor:  (/opt/ros/dashing/share/tinyxml2_vendor/cmake)
-- Found poco_vendor:  (/opt/ros/dashing/share/poco_vendor/cmake)
-- Found ament_lint_auto: 0.7.12 (/opt/ros/dashing/share/ament_lint_auto/cmake)
-- Found gtest sources under '/opt/ros/dashing/src/gtest_vendor': C++ tests using 'Google Test' will be built
-- Added test 'cppcheck' to perform static code analysis on C / C++ code
-- Configured cppcheck include dirs: /home/iju/S08P31C208/ROS/robot_ws/src/navigation2/nav2_dwb_controller/costmap_queue/include
-- Added test 'cpplint' to check C / C++ code against the Google style
-- Added test 'lint_cmake' to check CMake code style
-- Added test 'uncrustify' to check C / C++ code style
-- Added test 'xmllint' to check XML markup files
-- Configuring done
-- Generating done
-- Build files have been written to: /home/iju/S08P31C208/ROS/robot_ws/build/costmap_queue
[35m[1mScanning dependencies of target costmap_queue[0m
[  9%] [32mBuilding CXX object CMakeFiles/costmap_queue.dir/src/costmap_queue.cpp.o[0m
[ 18%] [32mBuilding CXX object CMakeFiles/costmap_queue.dir/src/limited_costmap_queue.cpp.o[0m
[ 27%] [32m[1mLinking CXX static library libcostmap_queue.a[0m
[ 27%] Built target costmap_queue
[ 45%] Built target gtest_main
[ 63%] Built target gtest
[35m[1mScanning dependencies of target mbq_test[0m
[ 72%] [32mBuilding CXX object CMakeFiles/mbq_test.dir/test/mbq_test.cpp.o[0m
[ 81%] [32m[1mLinking CXX executable mbq_test[0m
[ 81%] Built target mbq_test
[35m[1mScanning dependencies of target utest[0m
[ 90%] [32mBuilding CXX object CMakeFiles/utest.dir/test/utest.cpp.o[0m
[100%] [32m[1mLinking CXX executable utest[0m
[100%] Built target utest
[ 27%] Built target costmap_queue
[ 45%] Built target gtest_main
[ 63%] Built target gtest
[ 81%] Built target mbq_test
[100%] Built target utest
[36mInstall the project...[0m
-- Install configuration: "Release"
-- Execute custom install script
-- Symlinking: /home/iju/S08P31C208/ROS/robot_ws/install/costmap_queue/lib/libcostmap_queue.a
-- Symlinking: /home/iju/S08P31C208/ROS/robot_ws/install/costmap_queue/include//costmap_queue/costmap_queue.hpp
-- Symlinking: /home/iju/S08P31C208/ROS/robot_ws/install/costmap_queue/include//costmap_queue/limited_costmap_queue.hpp
-- Symlinking: /home/iju/S08P31C208/ROS/robot_ws/install/costmap_queue/include//costmap_queue/map_based_queue.hpp
-- Symlinking: /home/iju/S08P31C208/ROS/robot_ws/install/costmap_queue/share/costmap_queue/environment/library_path.sh
-- Symlinking: /home/iju/S08P31C208/ROS/robot_ws/install/costmap_queue/share/ament_index/resource_index/package_run_dependencies/costmap_queue
-- Symlinking: /home/iju/S08P31C208/ROS/robot_ws/install/costmap_queue/share/ament_index/resource_index/parent_prefix_path/costmap_queue
-- Symlinking: /home/iju/S08P31C208/ROS/robot_ws/install/costmap_queue/share/costmap_queue/environment/ament_prefix_path.sh
-- Symlinking: /home/iju/S08P31C208/ROS/robot_ws/install/costmap_queue/share/costmap_queue/environment/path.sh
-- Symlinking: /home/iju/S08P31C208/ROS/robot_ws/install/costmap_queue/share/costmap_queue/local_setup.bash
-- Symlinking: /home/iju/S08P31C208/ROS/robot_ws/install/costmap_queue/share/costmap_queue/local_setup.sh
-- Symlinking: /home/iju/S08P31C208/ROS/robot_ws/install/costmap_queue/share/costmap_queue/local_setup.zsh
-- Symlinking: /home/iju/S08P31C208/ROS/robot_ws/install/costmap_queue/share/ament_index/resource_index/packages/costmap_queue
-- Symlinking: /home/iju/S08P31C208/ROS/robot_ws/install/costmap_queue/share/costmap_queue/cmake/ament_cmake_export_include_directories-extras.cmake
-- Symlinking: /home/iju/S08P31C208/ROS/robot_ws/install/costmap_queue/share/costmap_queue/cmake/ament_cmake_export_libraries-extras.cmake
-- Symlinking: /home/iju/S08P31C208/ROS/robot_ws/install/costmap_queue/share/costmap_queue/cmake/costmap_queueConfig.cmake
-- Symlinking: /home/iju/S08P31C208/ROS/robot_ws/install/costmap_queue/share/costmap_queue/cmake/costmap_queueConfig-version.cmake
-- Symlinking: /home/iju/S08P31C208/ROS/robot_ws/install/costmap_queue/share/costmap_queue/package.xml
