[0.060s] Invoking command in '/home/iju/S08P31C208/ROS/robot_ws/build/gazebo_ros': AMENT_PREFIX_PATH=/home/iju/S08P31C208/ROS/robot_ws/install/gazebo_msgs:/home/iju/S08P31C208/ROS/robot_ws/install/gazebo_dev:${AMENT_PREFIX_PATH} CMAKE_PREFIX_PATH=/home/iju/S08P31C208/ROS/robot_ws/install/gazebo_msgs:/home/iju/S08P31C208/ROS/robot_ws/install/gazebo_dev:/opt/ros/dashing LD_LIBRARY_PATH=/home/iju/S08P31C208/ROS/robot_ws/install/gazebo_msgs/lib:${LD_LIBRARY_PATH} PS1=\u@\h \[\033[32m\]\w\[\033[33m\]$(parse_git_branch)\[\033[00m\] $ PYTHONPATH=/home/iju/S08P31C208/ROS/robot_ws/install/gazebo_msgs/lib/python3.6/site-packages:${PYTHONPATH} /usr/bin/cmake --build /home/iju/S08P31C208/ROS/robot_ws/build/gazebo_ros -- -j6 -l6
[0.118s] -- Found ament_cmake: 0.7.6 (/opt/ros/dashing/share/ament_cmake/cmake)
[0.149s] -- Using PYTHON_EXECUTABLE: /usr/bin/python3
[0.427s] -- Override CMake install command with custom implementation using symlinks instead of copying resources
[0.427s] -- Found builtin_interfaces: 0.7.4 (/opt/ros/dashing/share/builtin_interfaces/cmake)
[0.437s] -- Found rosidl_adapter: 0.7.10 (/opt/ros/dashing/share/rosidl_adapter/cmake)
[0.468s] -- Found rclcpp: 0.7.16 (/opt/ros/dashing/share/rclcpp/cmake)
[0.480s] -- Found rmw_implementation_cmake: 0.7.2 (/opt/ros/dashing/share/rmw_implementation_cmake/cmake)
[0.483s] -- Using RMW implementation 'rmw_fastrtps_cpp' as default
[0.517s] -- Found gazebo_dev: 3.3.5 (/home/iju/S08P31C208/ROS/robot_ws/install/gazebo_dev/share/gazebo_dev/cmake)
[0.575s] -- Boost version: 1.65.1
[0.575s] -- Found the following Boost libraries:
[0.575s] --   thread
[0.575s] --   system
[0.575s] --   filesystem
[0.575s] --   program_options
[0.575s] --   regex
[0.575s] --   iostreams
[0.576s] --   date_time
[0.576s] --   chrono
[0.576s] --   atomic
[0.586s] -- Found Protobuf: /usr/lib/x86_64-linux-gnu/libprotobuf.so;-pthread (found version "3.0.0") 
[0.609s] -- Boost version: 1.65.1
[0.609s] -- Looking for OGRE...
[0.616s] -- Found Ogre Ghadamon (1.9.0)
[0.617s] -- Found OGRE: optimized;/usr/lib/x86_64-linux-gnu/libOgreMain.so;debug;/usr/lib/x86_64-linux-gnu/libOgreMain.so
[0.667s] -- Looking for OGRE_Paging...
[0.667s] -- Found OGRE_Paging: optimized;/usr/lib/x86_64-linux-gnu/libOgrePaging.so;debug;/usr/lib/x86_64-linux-gnu/libOgrePaging.so
[0.667s] -- Looking for OGRE_Terrain...
[0.668s] -- Found OGRE_Terrain: optimized;/usr/lib/x86_64-linux-gnu/libOgreTerrain.so;debug;/usr/lib/x86_64-linux-gnu/libOgreTerrain.so
[0.668s] -- Looking for OGRE_Property...
[0.668s] -- Found OGRE_Property: optimized;/usr/lib/x86_64-linux-gnu/libOgreProperty.so;debug;/usr/lib/x86_64-linux-gnu/libOgreProperty.so
[0.669s] -- Looking for OGRE_RTShaderSystem...
[0.669s] -- Found OGRE_RTShaderSystem: optimized;/usr/lib/x86_64-linux-gnu/libOgreRTShaderSystem.so;debug;/usr/lib/x86_64-linux-gnu/libOgreRTShaderSystem.so
[0.670s] -- Looking for OGRE_Volume...
[0.670s] -- Found OGRE_Volume: optimized;/usr/lib/x86_64-linux-gnu/libOgreVolume.so;debug;/usr/lib/x86_64-linux-gnu/libOgreVolume.so
[0.670s] -- Looking for OGRE_Overlay...
[0.671s] -- Found OGRE_Overlay: optimized;/usr/lib/x86_64-linux-gnu/libOgreOverlay.so;debug;/usr/lib/x86_64-linux-gnu/libOgreOverlay.so
[0.818s] -- Found Protobuf: /usr/lib/x86_64-linux-gnu/libprotobuf.so;-pthread;-pthread (found suitable version "3.0.0", minimum required is "2.3.0") 
[0.828s] -- Config-file not installed for ZeroMQ -- checking for pkg-config
[0.834s] -- Checking for module 'libzmq >= 4'
[0.855s] --   Found libzmq , version 4.2.5
[0.919s] -- Checking for module 'uuid'
[0.935s] --   Found uuid, version 2.31.1
[0.994s] -- Checking for module 'tinyxml2'
[1.014s] --   Found tinyxml2, version 6.0.0
[1.071s] -- Looking for dlfcn.h - found
[1.071s] -- Looking for libdl - found
[1.076s] -- FreeImage.pc not found, we will search for FreeImage_INCLUDE_DIRS and FreeImage_LIBRARIES
[1.229s] -- Checking for module 'gts'
[1.263s] --   Found gts, version 0.7.6
[1.351s] -- Checking for module 'libswscale'
[1.374s] --   Found libswscale, version 4.8.100
[1.442s] -- Checking for module 'libavdevice >= 56.4.100'
[1.464s] --   Found libavdevice , version 57.10.100
[1.555s] -- Checking for module 'libavformat'
[1.579s] --   Found libavformat, version 57.83.100
[1.655s] -- Checking for module 'libavcodec'
[1.681s] --   Found libavcodec, version 57.107.100
[1.759s] -- Checking for module 'libavutil'
[1.780s] --   Found libavutil, version 55.78.100
[1.844s] -- Checking for module 'jsoncpp'
[1.862s] --   Found jsoncpp, version 1.7.4
[1.923s] -- Checking for module 'libzip'
[1.941s] --   Found libzip, version 1.1.2
[1.993s] -- Gazebo version: 9.19
[1.993s] -- Found gazebo_msgs: 3.3.5 (/home/iju/S08P31C208/ROS/robot_ws/install/gazebo_msgs/share/gazebo_msgs/cmake)
[2.052s] -- Found std_srvs: 0.7.1 (/opt/ros/dashing/share/std_srvs/cmake)
[2.057s] -- Found tinyxml_vendor:  (/opt/ros/dashing/share/tinyxml_vendor/cmake)
[2.267s] -- Found ament_cmake_gtest: 0.7.6 (/opt/ros/dashing/share/ament_cmake_gtest/cmake)
[2.268s] -- Found sensor_msgs: 0.7.1 (/opt/ros/dashing/share/sensor_msgs/cmake)
[2.424s] -- Found gtest sources under '/opt/ros/dashing/src/gtest_vendor': C++ tests using 'Google Test' will be built
[3.555s] -- Found ament_lint_auto: 0.7.12 (/opt/ros/dashing/share/ament_lint_auto/cmake)
[3.751s] -- Added test 'copyright' to check for copyright in CMake / C / C++ / Python code
[3.755s] -- Added test 'cppcheck' to perform static code analysis on C / C++ code
[3.759s] -- Configured cppcheck include dirs: /home/iju/S08P31C208/ROS/robot_ws/src/gazebo_ros_pkgs/gazebo_ros/include
[3.763s] -- Added test 'cpplint' to check C / C++ code against the Google style
[3.764s] -- Added test 'flake8' to check Python code syntax and style conventions
[3.766s] -- Added test 'lint_cmake' to check CMake code style
[3.767s] -- Added test 'pep257' to check Python code against some of the style conventions in PEP 257
[3.772s] -- Added test 'uncrustify' to check C / C++ code style
[3.773s] -- Added test 'xmllint' to check XML markup files
[3.791s] -- Configuring done
[4.660s] -- Generating done
[4.669s] -- Build files have been written to: /home/iju/S08P31C208/ROS/robot_ws/build/gazebo_ros
[4.718s] [35m[1mScanning dependencies of target gazebo_ros_node[0m
[4.774s] [  2%] [32mBuilding CXX object CMakeFiles/gazebo_ros_node.dir/src/executor.cpp.o[0m
[9.993s] [  4%] [32mBuilding CXX object CMakeFiles/gazebo_ros_node.dir/src/node.cpp.o[0m
[15.898s] [  6%] [32m[1mLinking CXX shared library libgazebo_ros_node.so[0m
[16.426s] [  6%] Built target gazebo_ros_node
[16.484s] [ 11%] Built target gtest_main
[16.528s] [35m[1mScanning dependencies of target multiple_nodes[0m
[16.620s] [ 13%] [32mBuilding CXX object test/CMakeFiles/multiple_nodes.dir/plugins/multiple_nodes.cpp.o[0m
[24.078s] [ 15%] [32m[1mLinking CXX shared library libmultiple_nodes.so[0m
[24.425s] [ 15%] Built target multiple_nodes
[24.444s] [35m[1mScanning dependencies of target args_init[0m
[24.506s] [ 17%] [32mBuilding CXX object test/CMakeFiles/args_init.dir/plugins/args_init.cpp.o[0m
[31.308s] [ 20%] [32m[1mLinking CXX shared library libargs_init.so[0m
[31.801s] [ 20%] Built target args_init
[31.814s] [35m[1mScanning dependencies of target ros_world_plugin[0m
[31.861s] [ 22%] [32mBuilding CXX object test/CMakeFiles/ros_world_plugin.dir/plugins/ros_world_plugin.cpp.o[0m
[37.798s] [ 24%] [32m[1mLinking CXX shared library libros_world_plugin.so[0m
[38.110s] [ 24%] Built target ros_world_plugin
[38.124s] [35m[1mScanning dependencies of target sdf_node[0m
[38.165s] [ 26%] [32mBuilding CXX object test/CMakeFiles/sdf_node.dir/plugins/sdf_node.cpp.o[0m
[42.834s] [ 28%] [32m[1mLinking CXX shared library libsdf_node.so[0m
[43.150s] [ 28%] Built target sdf_node
[43.166s] [35m[1mScanning dependencies of target create_node_without_init[0m
[43.213s] [ 31%] [32mBuilding CXX object test/CMakeFiles/create_node_without_init.dir/plugins/create_node_without_init.cpp.o[0m
[47.772s] [ 33%] [32m[1mLinking CXX shared library libcreate_node_without_init.so[0m
[48.042s] [ 33%] Built target create_node_without_init
[48.062s] [35m[1mScanning dependencies of target gazebo_ros_properties[0m
[48.145s] [ 35%] [32mBuilding CXX object CMakeFiles/gazebo_ros_properties.dir/src/gazebo_ros_properties.cpp.o[0m
[57.676s] [ 37%] [32m[1mLinking CXX shared library libgazebo_ros_properties.so[0m
[58.323s] [ 37%] Built target gazebo_ros_properties
[58.343s] [35m[1mScanning dependencies of target gazebo_ros_state[0m
[58.416s] [ 40%] [32mBuilding CXX object CMakeFiles/gazebo_ros_state.dir/src/gazebo_ros_state.cpp.o[0m
[66.565s] [ 42%] [32m[1mLinking CXX shared library libgazebo_ros_state.so[0m
[67.082s] [ 42%] Built target gazebo_ros_state
[67.107s] [ 46%] Built target gtest
[67.124s] [35m[1mScanning dependencies of target gazebo_ros_utils[0m
[67.175s] [ 48%] [32mBuilding CXX object CMakeFiles/gazebo_ros_utils.dir/src/utils.cpp.o[0m
[71.641s] [ 51%] [32m[1mLinking CXX shared library libgazebo_ros_utils.so[0m
[71.846s] [ 51%] Built target gazebo_ros_utils
[71.866s] [35m[1mScanning dependencies of target gazebo_ros_factory[0m
[71.932s] [ 53%] [32mBuilding CXX object CMakeFiles/gazebo_ros_factory.dir/src/gazebo_ros_factory.cpp.o[0m
[80.425s] [ 55%] [32m[1mLinking CXX shared library libgazebo_ros_factory.so[0m
[81.153s] [ 55%] Built target gazebo_ros_factory
[81.175s] [35m[1mScanning dependencies of target test_gazebo_ros_properties[0m
[81.263s] [ 57%] [32mBuilding CXX object test/CMakeFiles/test_gazebo_ros_properties.dir/test_gazebo_ros_properties.cpp.o[0m
[99.044s] [ 60%] [32m[1mLinking CXX executable test_gazebo_ros_properties[0m
[100.481s] [ 60%] Built target test_gazebo_ros_properties
[100.495s] [35m[1mScanning dependencies of target test_sim_time[0m
[100.528s] [ 62%] [32mBuilding CXX object test/CMakeFiles/test_sim_time.dir/test_sim_time.cpp.o[0m
[103.203s] [ 64%] [32m[1mLinking CXX executable test_sim_time[0m
[103.568s] [ 64%] Built target test_sim_time
[103.588s] [35m[1mScanning dependencies of target test_gazebo_ros_factory[0m
[103.674s] [ 66%] [32mBuilding CXX object test/CMakeFiles/test_gazebo_ros_factory.dir/test_gazebo_ros_factory.cpp.o[0m
[105.670s] [35m[1mScanning dependencies of target test_gazebo_ros_state[0m
[105.758s] [ 68%] [32mBuilding CXX object test/CMakeFiles/test_gazebo_ros_state.dir/test_gazebo_ros_state.cpp.o[0m
[107.774s] [35m[1mScanning dependencies of target test_plugins[0m
[107.861s] [ 71%] [32mBuilding CXX object test/CMakeFiles/test_plugins.dir/test_plugins.cpp.o[0m
[109.872s] [35m[1mScanning dependencies of target test_utils[0m
[109.993s] [ 73%] [32mBuilding CXX object test/CMakeFiles/test_utils.dir/test_utils.cpp.o[0m
[111.072s] [35m[1mScanning dependencies of target test_conversions[0m
[111.118s] [ 75%] [32mBuilding CXX object test/CMakeFiles/test_conversions.dir/test_conversions.cpp.o[0m
[112.045s] [ 77%] [32m[1mLinking CXX executable test_plugins[0m
[112.773s] [ 77%] Built target test_plugins
[113.296s] [ 80%] [32m[1mLinking CXX executable test_conversions[0m
[114.836s] [ 80%] Built target test_conversions
[118.716s] [ 82%] [32m[1mLinking CXX executable test_utils[0m
[119.752s] [ 82%] Built target test_utils
[122.603s] [ 84%] [32m[1mLinking CXX executable test_gazebo_ros_factory[0m
[124.157s] [ 84%] Built target test_gazebo_ros_factory
[125.804s] [ 86%] [32m[1mLinking CXX executable test_gazebo_ros_state[0m
[127.197s] [ 86%] Built target test_gazebo_ros_state
[127.212s] [35m[1mScanning dependencies of target test_node[0m
[127.253s] [ 88%] [32mBuilding CXX object test/CMakeFiles/test_node.dir/test_node.cpp.o[0m
[130.991s] [ 91%] [32m[1mLinking CXX executable test_node[0m
[131.703s] [ 91%] Built target test_node
[131.721s] [35m[1mScanning dependencies of target test_gazebo_ros_init[0m
[131.795s] [ 93%] [32mBuilding CXX object test/CMakeFiles/test_gazebo_ros_init.dir/test_gazebo_ros_init.cpp.o[0m
[145.655s] [ 95%] [32m[1mLinking CXX executable test_gazebo_ros_init[0m
[146.906s] [ 95%] Built target test_gazebo_ros_init
[146.923s] [35m[1mScanning dependencies of target gazebo_ros_init[0m
[146.987s] [ 97%] [32mBuilding CXX object CMakeFiles/gazebo_ros_init.dir/src/gazebo_ros_init.cpp.o[0m
[153.768s] [100%] [32m[1mLinking CXX shared library libgazebo_ros_init.so[0m
[154.223s] [100%] Built target gazebo_ros_init
[154.239s] Invoked command in '/home/iju/S08P31C208/ROS/robot_ws/build/gazebo_ros' returned '0': AMENT_PREFIX_PATH=/home/iju/S08P31C208/ROS/robot_ws/install/gazebo_msgs:/home/iju/S08P31C208/ROS/robot_ws/install/gazebo_dev:${AMENT_PREFIX_PATH} CMAKE_PREFIX_PATH=/home/iju/S08P31C208/ROS/robot_ws/install/gazebo_msgs:/home/iju/S08P31C208/ROS/robot_ws/install/gazebo_dev:/opt/ros/dashing LD_LIBRARY_PATH=/home/iju/S08P31C208/ROS/robot_ws/install/gazebo_msgs/lib:${LD_LIBRARY_PATH} PS1=\u@\h \[\033[32m\]\w\[\033[33m\]$(parse_git_branch)\[\033[00m\] $ PYTHONPATH=/home/iju/S08P31C208/ROS/robot_ws/install/gazebo_msgs/lib/python3.6/site-packages:${PYTHONPATH} /usr/bin/cmake --build /home/iju/S08P31C208/ROS/robot_ws/build/gazebo_ros -- -j6 -l6
[154.305s] Invoking command in '/home/iju/S08P31C208/ROS/robot_ws/build/gazebo_ros': AMENT_PREFIX_PATH=/home/iju/S08P31C208/ROS/robot_ws/install/gazebo_msgs:/home/iju/S08P31C208/ROS/robot_ws/install/gazebo_dev:${AMENT_PREFIX_PATH} CMAKE_PREFIX_PATH=/home/iju/S08P31C208/ROS/robot_ws/install/gazebo_msgs:/home/iju/S08P31C208/ROS/robot_ws/install/gazebo_dev:/opt/ros/dashing LD_LIBRARY_PATH=/home/iju/S08P31C208/ROS/robot_ws/install/gazebo_msgs/lib:${LD_LIBRARY_PATH} PS1=\u@\h \[\033[32m\]\w\[\033[33m\]$(parse_git_branch)\[\033[00m\] $ PYTHONPATH=/home/iju/S08P31C208/ROS/robot_ws/install/gazebo_msgs/lib/python3.6/site-packages:${PYTHONPATH} /usr/bin/cmake --build /home/iju/S08P31C208/ROS/robot_ws/build/gazebo_ros --target install -- -j6 -l6
[154.382s] [  6%] Built target gazebo_ros_node
[154.408s] [ 11%] Built target gtest_main
[154.447s] [ 15%] Built target multiple_nodes
[154.483s] [ 20%] Built target args_init
[154.521s] [ 24%] Built target ros_world_plugin
[154.558s] [ 28%] Built target sdf_node
[154.594s] [ 33%] Built target create_node_without_init
[154.641s] [ 37%] Built target gazebo_ros_properties
[154.686s] [ 42%] Built target gazebo_ros_state
[154.711s] [ 46%] Built target gtest
[154.746s] [ 51%] Built target gazebo_ros_utils
[154.793s] [ 55%] Built target gazebo_ros_factory
[154.847s] [ 60%] Built target test_gazebo_ros_properties
[154.881s] [ 64%] Built target test_sim_time
[154.931s] [ 68%] Built target test_gazebo_ros_factory
[154.985s] [ 73%] Built target test_gazebo_ros_state
[155.034s] [ 77%] Built target test_gazebo_ros_init
[155.070s] [ 82%] Built target test_node
[155.108s] [ 86%] Built target test_plugins
[155.148s] [ 91%] Built target test_utils
[155.180s] [ 95%] Built target test_conversions
[155.223s] [100%] Built target gazebo_ros_init
[155.247s] [36mInstall the project...[0m
[155.257s] -- Install configuration: ""
[155.257s] -- Execute custom install script
[155.258s] -- Up-to-date symlink: /home/iju/S08P31C208/ROS/robot_ws/install/gazebo_ros/share/gazebo_ros/environment/pythonpath.sh
[155.259s] -- Up-to-date symlink: /home/iju/S08P31C208/ROS/robot_ws/install/gazebo_ros/lib/python3.6/site-packages/scripts//__init__.py
[155.259s] -- Up-to-date symlink: /home/iju/S08P31C208/ROS/robot_ws/install/gazebo_ros/lib/python3.6/site-packages/scripts//gazebo_ros_paths.py
[155.259s] -- Up-to-date symlink: /home/iju/S08P31C208/ROS/robot_ws/install/gazebo_ros/lib/python3.6/site-packages/scripts//spawn_entity.py
[155.259s] -- Up-to-date symlink: /home/iju/S08P31C208/ROS/robot_ws/install/gazebo_ros/share/gazebo_ros/environment/library_path.sh
[155.259s] -- Up-to-date symlink: /home/iju/S08P31C208/ROS/robot_ws/install/gazebo_ros/share/ament_index/resource_index/package_run_dependencies/gazebo_ros
[155.260s] -- Up-to-date symlink: /home/iju/S08P31C208/ROS/robot_ws/install/gazebo_ros/share/ament_index/resource_index/parent_prefix_path/gazebo_ros
[155.260s] -- Up-to-date symlink: /home/iju/S08P31C208/ROS/robot_ws/install/gazebo_ros/share/gazebo_ros/environment/ament_prefix_path.sh
[155.260s] -- Up-to-date symlink: /home/iju/S08P31C208/ROS/robot_ws/install/gazebo_ros/share/gazebo_ros/environment/path.sh
[155.261s] -- Up-to-date symlink: /home/iju/S08P31C208/ROS/robot_ws/install/gazebo_ros/share/gazebo_ros/local_setup.bash
[155.261s] -- Up-to-date symlink: /home/iju/S08P31C208/ROS/robot_ws/install/gazebo_ros/share/gazebo_ros/local_setup.sh
[155.261s] -- Up-to-date symlink: /home/iju/S08P31C208/ROS/robot_ws/install/gazebo_ros/share/gazebo_ros/local_setup.zsh
[155.261s] -- Up-to-date symlink: /home/iju/S08P31C208/ROS/robot_ws/install/gazebo_ros/share/ament_index/resource_index/packages/gazebo_ros
[155.262s] -- Up-to-date symlink: /home/iju/S08P31C208/ROS/robot_ws/install/gazebo_ros/share/gazebo_ros/cmake/ament_cmake_export_libraries-extras.cmake
[155.262s] -- Up-to-date symlink: /home/iju/S08P31C208/ROS/robot_ws/install/gazebo_ros/share/gazebo_ros/cmake/ament_cmake_export_include_directories-extras.cmake
[155.263s] -- Up-to-date symlink: /home/iju/S08P31C208/ROS/robot_ws/install/gazebo_ros/share/gazebo_ros/cmake/ament_cmake_export_dependencies-extras.cmake
[155.263s] -- Up-to-date symlink: /home/iju/S08P31C208/ROS/robot_ws/install/gazebo_ros/share/gazebo_ros/cmake/gazebo_rosConfig.cmake
[155.263s] -- Up-to-date symlink: /home/iju/S08P31C208/ROS/robot_ws/install/gazebo_ros/share/gazebo_ros/cmake/gazebo_rosConfig-version.cmake
[155.263s] -- Up-to-date symlink: /home/iju/S08P31C208/ROS/robot_ws/install/gazebo_ros/share/gazebo_ros/package.xml
[155.264s] -- Up-to-date symlink: /home/iju/S08P31C208/ROS/robot_ws/install/gazebo_ros/include/gazebo_ros/conversions/builtin_interfaces.hpp
[155.264s] -- Up-to-date symlink: /home/iju/S08P31C208/ROS/robot_ws/install/gazebo_ros/include/gazebo_ros/conversions/gazebo_msgs.hpp
[155.264s] -- Up-to-date symlink: /home/iju/S08P31C208/ROS/robot_ws/install/gazebo_ros/include/gazebo_ros/conversions/generic.hpp
[155.264s] -- Up-to-date symlink: /home/iju/S08P31C208/ROS/robot_ws/install/gazebo_ros/include/gazebo_ros/conversions/geometry_msgs.hpp
[155.265s] -- Up-to-date symlink: /home/iju/S08P31C208/ROS/robot_ws/install/gazebo_ros/include/gazebo_ros/conversions/sensor_msgs.hpp
[155.265s] -- Up-to-date symlink: /home/iju/S08P31C208/ROS/robot_ws/install/gazebo_ros/include/gazebo_ros/executor.hpp
[155.265s] -- Up-to-date symlink: /home/iju/S08P31C208/ROS/robot_ws/install/gazebo_ros/include/gazebo_ros/gazebo_ros_factory.hpp
[155.265s] -- Up-to-date symlink: /home/iju/S08P31C208/ROS/robot_ws/install/gazebo_ros/include/gazebo_ros/gazebo_ros_init.hpp
[155.265s] -- Up-to-date symlink: /home/iju/S08P31C208/ROS/robot_ws/install/gazebo_ros/include/gazebo_ros/gazebo_ros_properties.hpp
[155.266s] -- Up-to-date symlink: /home/iju/S08P31C208/ROS/robot_ws/install/gazebo_ros/include/gazebo_ros/gazebo_ros_state.hpp
[155.266s] -- Up-to-date symlink: /home/iju/S08P31C208/ROS/robot_ws/install/gazebo_ros/include/gazebo_ros/node.hpp
[155.266s] -- Up-to-date symlink: /home/iju/S08P31C208/ROS/robot_ws/install/gazebo_ros/include/gazebo_ros/testing_utils.hpp
[155.266s] -- Up-to-date symlink: /home/iju/S08P31C208/ROS/robot_ws/install/gazebo_ros/include/gazebo_ros/utils.hpp
[155.267s] -- Up-to-date symlink: /home/iju/S08P31C208/ROS/robot_ws/install/gazebo_ros/lib/gazebo_ros//gazebo_ros_paths.py
[155.267s] -- Up-to-date symlink: /home/iju/S08P31C208/ROS/robot_ws/install/gazebo_ros/lib/libgazebo_ros_factory.so
[155.267s] -- Up-to-date symlink: /home/iju/S08P31C208/ROS/robot_ws/install/gazebo_ros/lib/libgazebo_ros_init.so
[155.268s] -- Up-to-date symlink: /home/iju/S08P31C208/ROS/robot_ws/install/gazebo_ros/lib/libgazebo_ros_node.so
[155.268s] -- Up-to-date symlink: /home/iju/S08P31C208/ROS/robot_ws/install/gazebo_ros/lib/libgazebo_ros_properties.so
[155.268s] -- Up-to-date symlink: /home/iju/S08P31C208/ROS/robot_ws/install/gazebo_ros/lib/libgazebo_ros_state.so
[155.269s] -- Up-to-date symlink: /home/iju/S08P31C208/ROS/robot_ws/install/gazebo_ros/lib/libgazebo_ros_utils.so
[155.269s] -- Up-to-date symlink: /home/iju/S08P31C208/ROS/robot_ws/install/gazebo_ros/lib/gazebo_ros//spawn_entity.py
[155.269s] -- Up-to-date symlink: /home/iju/S08P31C208/ROS/robot_ws/install/gazebo_ros/share/gazebo_ros//launch/empty_world.launch.py
[155.270s] -- Up-to-date symlink: /home/iju/S08P31C208/ROS/robot_ws/install/gazebo_ros/share/gazebo_ros//launch/gazebo.launch.py
[155.270s] -- Up-to-date symlink: /home/iju/S08P31C208/ROS/robot_ws/install/gazebo_ros/share/gazebo_ros//launch/gzclient.launch.py
[155.270s] -- Up-to-date symlink: /home/iju/S08P31C208/ROS/robot_ws/install/gazebo_ros/share/gazebo_ros//launch/gzserver.launch.py
[155.270s] -- Up-to-date symlink: /home/iju/S08P31C208/ROS/robot_ws/install/gazebo_ros/share/gazebo_ros//launch/spawn_entity_demo.launch.py
[155.333s] Listing '/home/iju/S08P31C208/ROS/robot_ws/install/gazebo_ros/lib/python3.6/site-packages/scripts/'...
[155.333s] Compiling '/home/iju/S08P31C208/ROS/robot_ws/install/gazebo_ros/lib/python3.6/site-packages/scripts/__init__.py'...
[155.333s] Compiling '/home/iju/S08P31C208/ROS/robot_ws/install/gazebo_ros/lib/python3.6/site-packages/scripts/gazebo_ros_paths.py'...
[155.333s] Compiling '/home/iju/S08P31C208/ROS/robot_ws/install/gazebo_ros/lib/python3.6/site-packages/scripts/spawn_entity.py'...
[155.348s] Invoked command in '/home/iju/S08P31C208/ROS/robot_ws/build/gazebo_ros' returned '0': AMENT_PREFIX_PATH=/home/iju/S08P31C208/ROS/robot_ws/install/gazebo_msgs:/home/iju/S08P31C208/ROS/robot_ws/install/gazebo_dev:${AMENT_PREFIX_PATH} CMAKE_PREFIX_PATH=/home/iju/S08P31C208/ROS/robot_ws/install/gazebo_msgs:/home/iju/S08P31C208/ROS/robot_ws/install/gazebo_dev:/opt/ros/dashing LD_LIBRARY_PATH=/home/iju/S08P31C208/ROS/robot_ws/install/gazebo_msgs/lib:${LD_LIBRARY_PATH} PS1=\u@\h \[\033[32m\]\w\[\033[33m\]$(parse_git_branch)\[\033[00m\] $ PYTHONPATH=/home/iju/S08P31C208/ROS/robot_ws/install/gazebo_msgs/lib/python3.6/site-packages:${PYTHONPATH} /usr/bin/cmake --build /home/iju/S08P31C208/ROS/robot_ws/build/gazebo_ros --target install -- -j6 -l6
