[0.152s] Invoking command in '/home/iju/S08P31C208/ROS/robot_ws/build/nav2_common': CMAKE_PREFIX_PATH=${CMAKE_PREFIX_PATH}:/home/iju/S08P31C208/ROS/robot_ws/install/turtlebot3_teleop:/home/iju/S08P31C208/ROS/robot_ws/install/turtlebot3_example:/opt/ros/dashing PS1=\u@\h \[\033[32m\]\w\[\033[33m\]$(parse_git_branch)\[\033[00m\] $ /usr/bin/cmake --build /home/iju/S08P31C208/ROS/robot_ws/build/nav2_common -- -j6 -l6
[0.251s] Invoked command in '/home/iju/S08P31C208/ROS/robot_ws/build/nav2_common' returned '0': CMAKE_PREFIX_PATH=${CMAKE_PREFIX_PATH}:/home/iju/S08P31C208/ROS/robot_ws/install/turtlebot3_teleop:/home/iju/S08P31C208/ROS/robot_ws/install/turtlebot3_example:/opt/ros/dashing PS1=\u@\h \[\033[32m\]\w\[\033[33m\]$(parse_git_branch)\[\033[00m\] $ /usr/bin/cmake --build /home/iju/S08P31C208/ROS/robot_ws/build/nav2_common -- -j6 -l6
[0.374s] Invoking command in '/home/iju/S08P31C208/ROS/robot_ws/build/nav2_common': CMAKE_PREFIX_PATH=${CMAKE_PREFIX_PATH}:/home/iju/S08P31C208/ROS/robot_ws/install/turtlebot3_teleop:/home/iju/S08P31C208/ROS/robot_ws/install/turtlebot3_example:/opt/ros/dashing PS1=\u@\h \[\033[32m\]\w\[\033[33m\]$(parse_git_branch)\[\033[00m\] $ /usr/bin/cmake --build /home/iju/S08P31C208/ROS/robot_ws/build/nav2_common --target install -- -j6 -l6
[0.513s] [36mInstall the project...[0m
[0.528s] -- Install configuration: ""
[0.528s] -- Up-to-date: /home/iju/S08P31C208/ROS/robot_ws/install/nav2_common/share/nav2_common/environment/pythonpath.sh
[0.528s] -- Up-to-date: /home/iju/S08P31C208/ROS/robot_ws/install/nav2_common/lib/python3.6/site-packages/nav2_common
[0.528s] -- Up-to-date: /home/iju/S08P31C208/ROS/robot_ws/install/nav2_common/lib/python3.6/site-packages/nav2_common/launch
[0.528s] -- Up-to-date: /home/iju/S08P31C208/ROS/robot_ws/install/nav2_common/lib/python3.6/site-packages/nav2_common/launch/rewritten_yaml.py
[0.528s] -- Up-to-date: /home/iju/S08P31C208/ROS/robot_ws/install/nav2_common/lib/python3.6/site-packages/nav2_common/launch/__init__.py
[0.528s] -- Up-to-date: /home/iju/S08P31C208/ROS/robot_ws/install/nav2_common/lib/python3.6/site-packages/nav2_common/__init__.py
[0.586s] Listing '/home/iju/S08P31C208/ROS/robot_ws/install/nav2_common/lib/python3.6/site-packages/nav2_common'...
[0.586s] Listing '/home/iju/S08P31C208/ROS/robot_ws/install/nav2_common/lib/python3.6/site-packages/nav2_common/launch'...
[0.587s] -- Up-to-date: /home/iju/S08P31C208/ROS/robot_ws/install/nav2_common/share/ament_index/resource_index/package_run_dependencies/nav2_common
[0.587s] -- Up-to-date: /home/iju/S08P31C208/ROS/robot_ws/install/nav2_common/share/ament_index/resource_index/parent_prefix_path/nav2_common
[0.587s] -- Up-to-date: /home/iju/S08P31C208/ROS/robot_ws/install/nav2_common/share/nav2_common/environment/ament_prefix_path.sh
[0.587s] -- Up-to-date: /home/iju/S08P31C208/ROS/robot_ws/install/nav2_common/share/nav2_common/environment/path.sh
[0.587s] -- Up-to-date: /home/iju/S08P31C208/ROS/robot_ws/install/nav2_common/share/nav2_common/local_setup.bash
[0.587s] -- Up-to-date: /home/iju/S08P31C208/ROS/robot_ws/install/nav2_common/share/nav2_common/local_setup.sh
[0.587s] -- Up-to-date: /home/iju/S08P31C208/ROS/robot_ws/install/nav2_common/share/nav2_common/local_setup.zsh
[0.588s] -- Up-to-date: /home/iju/S08P31C208/ROS/robot_ws/install/nav2_common/share/ament_index/resource_index/packages/nav2_common
[0.588s] -- Up-to-date: /home/iju/S08P31C208/ROS/robot_ws/install/nav2_common/share/nav2_common/cmake/nav2_common-extras.cmake
[0.588s] -- Up-to-date: /home/iju/S08P31C208/ROS/robot_ws/install/nav2_common/share/nav2_common/cmake/nav2_commonConfig.cmake
[0.588s] -- Up-to-date: /home/iju/S08P31C208/ROS/robot_ws/install/nav2_common/share/nav2_common/cmake/nav2_commonConfig-version.cmake
[0.588s] -- Up-to-date: /home/iju/S08P31C208/ROS/robot_ws/install/nav2_common/share/nav2_common/package.xml
[0.588s] -- Up-to-date: /home/iju/S08P31C208/ROS/robot_ws/install/nav2_common/share/nav2_common/cmake
[0.588s] -- Up-to-date: /home/iju/S08P31C208/ROS/robot_ws/install/nav2_common/share/nav2_common/cmake/nav2_package.cmake
[0.623s] Invoked command in '/home/iju/S08P31C208/ROS/robot_ws/build/nav2_common' returned '0': CMAKE_PREFIX_PATH=${CMAKE_PREFIX_PATH}:/home/iju/S08P31C208/ROS/robot_ws/install/turtlebot3_teleop:/home/iju/S08P31C208/ROS/robot_ws/install/turtlebot3_example:/opt/ros/dashing PS1=\u@\h \[\033[32m\]\w\[\033[33m\]$(parse_git_branch)\[\033[00m\] $ /usr/bin/cmake --build /home/iju/S08P31C208/ROS/robot_ws/build/nav2_common --target install -- -j6 -l6
