[1.043s] Invoking command in '/home/iju/S08P31C208/ROS/robot_ws/build/turtlebot3_teleop': PS1=\u@\h \[\033[32m\]\w\[\033[33m\]$(parse_git_branch)\[\033[00m\] $ PYTHONPATH=/home/iju/S08P31C208/ROS/robot_ws/build/turtlebot3_teleop/prefix_override:/home/iju/S08P31C208/ROS/robot_ws/install/turtlebot3_teleop/lib/python3.6/site-packages:${PYTHONPATH} /usr/bin/python3 setup.py develop --editable --build-directory /home/iju/S08P31C208/ROS/robot_ws/build/turtlebot3_teleop/build --no-deps install_data
[1.348s] /home/iju/.local/lib/python3.6/site-packages/setuptools/dist.py:726: UserWarning: Usage of dash-separated 'script-dir' will not be supported in future versions. Please use the underscore name 'script_dir' instead
[1.348s]   % (opt, underscore_opt)
[1.404s] running develop
[1.404s] /home/iju/.local/lib/python3.6/site-packages/setuptools/command/easy_install.py:159: EasyInstallDeprecationWarning: easy_install command is deprecated. Use build and pip and other standards-based tools.
[1.404s]   EasyInstallDeprecationWarning,
[1.405s] /home/iju/.local/lib/python3.6/site-packages/setuptools/command/install.py:37: SetuptoolsDeprecationWarning: setup.py install is deprecated. Use build and pip and other standards-based tools.
[1.406s]   setuptools.SetuptoolsDeprecationWarning,
[1.458s] /home/iju/.local/lib/python3.6/site-packages/pkg_resources/__init__.py:119: PkgResourcesDeprecationWarning: 0.18ubuntu0.18.04.1 is an invalid version and will not be supported in a future release
[1.458s]   PkgResourcesDeprecationWarning,
[1.561s] running egg_info
[1.561s] writing turtlebot3_teleop.egg-info/PKG-INFO
[1.561s] writing dependency_links to turtlebot3_teleop.egg-info/dependency_links.txt
[1.561s] writing entry points to turtlebot3_teleop.egg-info/entry_points.txt
[1.561s] writing requirements to turtlebot3_teleop.egg-info/requires.txt
[1.562s] writing top-level names to turtlebot3_teleop.egg-info/top_level.txt
[1.564s] reading manifest file 'turtlebot3_teleop.egg-info/SOURCES.txt'
[1.566s] writing manifest file 'turtlebot3_teleop.egg-info/SOURCES.txt'
[1.570s] running build_ext
[1.570s] Creating /home/iju/S08P31C208/ROS/robot_ws/install/turtlebot3_teleop/lib/python3.6/site-packages/turtlebot3-teleop.egg-link (link to .)
[1.570s] Installing teleop_keyboard script to /home/iju/S08P31C208/ROS/robot_ws/install/turtlebot3_teleop/lib/turtlebot3_teleop
[1.571s] 
[1.572s] Installed /home/iju/S08P31C208/ROS/robot_ws/build/turtlebot3_teleop
[1.572s] running install_data
[1.606s] Invoked command in '/home/iju/S08P31C208/ROS/robot_ws/build/turtlebot3_teleop' returned '0': PS1=\u@\h \[\033[32m\]\w\[\033[33m\]$(parse_git_branch)\[\033[00m\] $ PYTHONPATH=/home/iju/S08P31C208/ROS/robot_ws/build/turtlebot3_teleop/prefix_override:/home/iju/S08P31C208/ROS/robot_ws/install/turtlebot3_teleop/lib/python3.6/site-packages:${PYTHONPATH} /usr/bin/python3 setup.py develop --editable --build-directory /home/iju/S08P31C208/ROS/robot_ws/build/turtlebot3_teleop/build --no-deps install_data
