[0.100s] Invoking command in '/home/iju/S08P31C208/ROS/robot_ws/build/dynamixel_sdk_custom_interfaces': CMAKE_PREFIX_PATH=${CMAKE_PREFIX_PATH}:/home/iju/S08P31C208/ROS/robot_ws/install/turtlebot3_teleop:/home/iju/S08P31C208/ROS/robot_ws/install/turtlebot3_example:/opt/ros/dashing PS1=\u@\h \[\033[32m\]\w\[\033[33m\]$(parse_git_branch)\[\033[00m\] $ /usr/bin/cmake /home/iju/S08P31C208/ROS/robot_ws/src/DynamixelSDK/dynamixel_sdk_custom_interfaces -DAMENT_CMAKE_SYMLINK_INSTALL=1 -DCMAKE_INSTALL_PREFIX=/home/iju/S08P31C208/ROS/robot_ws/install/dynamixel_sdk_custom_interfaces
[0.182s] -- Found ament_cmake: 0.7.6 (/opt/ros/dashing/share/ament_cmake/cmake)
[0.309s] -- Found PythonInterp: /usr/bin/python3 (found suitable version "3.6.9", minimum required is "3") 
[0.309s] -- Using PYTHON_EXECUTABLE: /usr/bin/python3
[1.205s] -- Override CMake install command with custom implementation using symlinks instead of copying resources
[1.260s] -- Found builtin_interfaces: 0.7.4 (/opt/ros/dashing/share/builtin_interfaces/cmake)
[1.277s] -- Found rosidl_adapter: 0.7.10 (/opt/ros/dashing/share/rosidl_adapter/cmake)
[1.334s] -- Found rosidl_default_generators: 0.7.0 (/opt/ros/dashing/share/rosidl_default_generators/cmake)
[1.686s] -- Found PythonInterp: /usr/bin/python3 (found version "3.6.9") 
[2.151s] -- Using all available rosidl_typesupport_c: rosidl_typesupport_fastrtps_c;rosidl_typesupport_introspection_c
[2.192s] -- Using all available rosidl_typesupport_cpp: rosidl_typesupport_fastrtps_cpp;rosidl_typesupport_introspection_cpp
[2.593s] -- Found rmw_implementation_cmake: 0.7.2 (/opt/ros/dashing/share/rmw_implementation_cmake/cmake)
[2.657s] -- Found PythonInterp: /usr/bin/python3 (found suitable version "3.6.9", minimum required is "3.5") 
[2.658s] -- Found python_cmake_module: 0.7.11 (/opt/ros/dashing/share/python_cmake_module/cmake)
[2.767s] -- Using PYTHON_EXECUTABLE: /usr/bin/python3
[2.771s] -- Using PYTHON_INCLUDE_DIRS: /usr/include/python3.6m
[2.771s] -- Using PYTHON_LIBRARIES: /usr/lib/x86_64-linux-gnu/libpython3.6m.so
[3.351s] -- Configuring done
[3.585s] -- Generating done
[3.610s] -- Build files have been written to: /home/iju/S08P31C208/ROS/robot_ws/build/dynamixel_sdk_custom_interfaces
[3.640s] Invoked command in '/home/iju/S08P31C208/ROS/robot_ws/build/dynamixel_sdk_custom_interfaces' returned '0': CMAKE_PREFIX_PATH=${CMAKE_PREFIX_PATH}:/home/iju/S08P31C208/ROS/robot_ws/install/turtlebot3_teleop:/home/iju/S08P31C208/ROS/robot_ws/install/turtlebot3_example:/opt/ros/dashing PS1=\u@\h \[\033[32m\]\w\[\033[33m\]$(parse_git_branch)\[\033[00m\] $ /usr/bin/cmake /home/iju/S08P31C208/ROS/robot_ws/src/DynamixelSDK/dynamixel_sdk_custom_interfaces -DAMENT_CMAKE_SYMLINK_INSTALL=1 -DCMAKE_INSTALL_PREFIX=/home/iju/S08P31C208/ROS/robot_ws/install/dynamixel_sdk_custom_interfaces
[3.641s] Invoking command in '/home/iju/S08P31C208/ROS/robot_ws/build/dynamixel_sdk_custom_interfaces': CMAKE_PREFIX_PATH=${CMAKE_PREFIX_PATH}:/home/iju/S08P31C208/ROS/robot_ws/install/turtlebot3_teleop:/home/iju/S08P31C208/ROS/robot_ws/install/turtlebot3_example:/opt/ros/dashing PS1=\u@\h \[\033[32m\]\w\[\033[33m\]$(parse_git_branch)\[\033[00m\] $ /usr/bin/cmake --build /home/iju/S08P31C208/ROS/robot_ws/build/dynamixel_sdk_custom_interfaces -- -j6 -l6
[3.818s] [  2%] Built target dynamixel_sdk_custom_interfaces__cpp
[3.903s] [ 12%] Built target dynamixel_sdk_custom_interfaces__rosidl_generator_c
[4.007s] [ 23%] Built target dynamixel_sdk_custom_interfaces__rosidl_typesupport_fastrtps_cpp
[4.111s] [ 33%] Built target dynamixel_sdk_custom_interfaces__rosidl_typesupport_introspection_c
[4.295s] [ 43%] Built target dynamixel_sdk_custom_interfaces__rosidl_typesupport_fastrtps_c
[4.444s] [ 53%] Built target dynamixel_sdk_custom_interfaces__rosidl_typesupport_c
[4.589s] [ 64%] Built target dynamixel_sdk_custom_interfaces__rosidl_typesupport_introspection_cpp
[4.664s] [ 74%] Built target dynamixel_sdk_custom_interfaces__rosidl_typesupport_cpp
[4.807s] [ 74%] Built target dynamixel_sdk_custom_interfaces
[4.865s] [ 76%] Built target dynamixel_sdk_custom_interfaces__py
[5.020s] [ 84%] Built target dynamixel_sdk_custom_interfaces__python
[5.173s] [ 89%] Built target dynamixel_sdk_custom_interfaces__rosidl_typesupport_c__pyext
[5.333s] [ 94%] Built target dynamixel_sdk_custom_interfaces__rosidl_typesupport_fastrtps_c__pyext
[5.434s] [100%] Built target dynamixel_sdk_custom_interfaces__rosidl_typesupport_introspection_c__pyext
[5.471s] Invoked command in '/home/iju/S08P31C208/ROS/robot_ws/build/dynamixel_sdk_custom_interfaces' returned '0': CMAKE_PREFIX_PATH=${CMAKE_PREFIX_PATH}:/home/iju/S08P31C208/ROS/robot_ws/install/turtlebot3_teleop:/home/iju/S08P31C208/ROS/robot_ws/install/turtlebot3_example:/opt/ros/dashing PS1=\u@\h \[\033[32m\]\w\[\033[33m\]$(parse_git_branch)\[\033[00m\] $ /usr/bin/cmake --build /home/iju/S08P31C208/ROS/robot_ws/build/dynamixel_sdk_custom_interfaces -- -j6 -l6
[6.055s] Invoking command in '/home/iju/S08P31C208/ROS/robot_ws/build/dynamixel_sdk_custom_interfaces': CMAKE_PREFIX_PATH=${CMAKE_PREFIX_PATH}:/home/iju/S08P31C208/ROS/robot_ws/install/turtlebot3_teleop:/home/iju/S08P31C208/ROS/robot_ws/install/turtlebot3_example:/opt/ros/dashing PS1=\u@\h \[\033[32m\]\w\[\033[33m\]$(parse_git_branch)\[\033[00m\] $ /usr/bin/cmake --build /home/iju/S08P31C208/ROS/robot_ws/build/dynamixel_sdk_custom_interfaces --target install -- -j6 -l6
[6.261s] [  2%] Built target dynamixel_sdk_custom_interfaces__cpp
[6.384s] [ 12%] Built target dynamixel_sdk_custom_interfaces__rosidl_generator_c
[6.538s] [ 23%] Built target dynamixel_sdk_custom_interfaces__rosidl_typesupport_fastrtps_cpp
[6.659s] [ 33%] Built target dynamixel_sdk_custom_interfaces__rosidl_typesupport_introspection_c
[6.748s] [ 43%] Built target dynamixel_sdk_custom_interfaces__rosidl_typesupport_fastrtps_c
[6.841s] [ 53%] Built target dynamixel_sdk_custom_interfaces__rosidl_typesupport_c
[7.004s] [ 64%] Built target dynamixel_sdk_custom_interfaces__rosidl_typesupport_introspection_cpp
[7.126s] [ 74%] Built target dynamixel_sdk_custom_interfaces__rosidl_typesupport_cpp
[7.255s] [ 74%] Built target dynamixel_sdk_custom_interfaces
[7.374s] [ 76%] Built target dynamixel_sdk_custom_interfaces__py
[7.515s] [ 84%] Built target dynamixel_sdk_custom_interfaces__python
[7.688s] [ 89%] Built target dynamixel_sdk_custom_interfaces__rosidl_typesupport_c__pyext
[7.800s] [ 94%] Built target dynamixel_sdk_custom_interfaces__rosidl_typesupport_fastrtps_c__pyext
[7.924s] [100%] Built target dynamixel_sdk_custom_interfaces__rosidl_typesupport_introspection_c__pyext
[8.011s] [36mInstall the project...[0m
[8.041s] -- Install configuration: ""
[8.061s] -- Execute custom install script
[8.084s] -- Up-to-date symlink: /home/iju/S08P31C208/ROS/robot_ws/install/dynamixel_sdk_custom_interfaces/share/ament_index/resource_index/rosidl_interfaces/dynamixel_sdk_custom_interfaces
[8.084s] -- Up-to-date symlink: /home/iju/S08P31C208/ROS/robot_ws/install/dynamixel_sdk_custom_interfaces/include/dynamixel_sdk_custom_interfaces/msg/set_position.hpp
[8.084s] -- Up-to-date symlink: /home/iju/S08P31C208/ROS/robot_ws/install/dynamixel_sdk_custom_interfaces/include/dynamixel_sdk_custom_interfaces/msg/set_position__struct.hpp
[8.084s] -- Up-to-date symlink: /home/iju/S08P31C208/ROS/robot_ws/install/dynamixel_sdk_custom_interfaces/include/dynamixel_sdk_custom_interfaces/msg/set_position__traits.hpp
[8.084s] -- Up-to-date symlink: /home/iju/S08P31C208/ROS/robot_ws/install/dynamixel_sdk_custom_interfaces/include/dynamixel_sdk_custom_interfaces/srv/get_position.hpp
[8.085s] -- Up-to-date symlink: /home/iju/S08P31C208/ROS/robot_ws/install/dynamixel_sdk_custom_interfaces/include/dynamixel_sdk_custom_interfaces/srv/get_position__struct.hpp
[8.085s] -- Up-to-date symlink: /home/iju/S08P31C208/ROS/robot_ws/install/dynamixel_sdk_custom_interfaces/include/dynamixel_sdk_custom_interfaces/srv/get_position__traits.hpp
[8.085s] -- Up-to-date symlink: /home/iju/S08P31C208/ROS/robot_ws/install/dynamixel_sdk_custom_interfaces/include/dynamixel_sdk_custom_interfaces/msg/rosidl_generator_c__visibility_control.h
[8.085s] -- Up-to-date symlink: /home/iju/S08P31C208/ROS/robot_ws/install/dynamixel_sdk_custom_interfaces/include/dynamixel_sdk_custom_interfaces/msg/set_position.h
[8.085s] -- Up-to-date symlink: /home/iju/S08P31C208/ROS/robot_ws/install/dynamixel_sdk_custom_interfaces/include/dynamixel_sdk_custom_interfaces/msg/set_position__functions.h
[8.085s] -- Up-to-date symlink: /home/iju/S08P31C208/ROS/robot_ws/install/dynamixel_sdk_custom_interfaces/include/dynamixel_sdk_custom_interfaces/msg/set_position__struct.h
[8.085s] -- Up-to-date symlink: /home/iju/S08P31C208/ROS/robot_ws/install/dynamixel_sdk_custom_interfaces/include/dynamixel_sdk_custom_interfaces/msg/set_position__type_support.h
[8.085s] -- Up-to-date symlink: /home/iju/S08P31C208/ROS/robot_ws/install/dynamixel_sdk_custom_interfaces/include/dynamixel_sdk_custom_interfaces/srv/get_position.h
[8.085s] -- Up-to-date symlink: /home/iju/S08P31C208/ROS/robot_ws/install/dynamixel_sdk_custom_interfaces/include/dynamixel_sdk_custom_interfaces/srv/get_position__functions.h
[8.085s] -- Up-to-date symlink: /home/iju/S08P31C208/ROS/robot_ws/install/dynamixel_sdk_custom_interfaces/include/dynamixel_sdk_custom_interfaces/srv/get_position__struct.h
[8.086s] -- Up-to-date symlink: /home/iju/S08P31C208/ROS/robot_ws/install/dynamixel_sdk_custom_interfaces/include/dynamixel_sdk_custom_interfaces/srv/get_position__type_support.h
[8.086s] -- Up-to-date symlink: /home/iju/S08P31C208/ROS/robot_ws/install/dynamixel_sdk_custom_interfaces/share/dynamixel_sdk_custom_interfaces/environment/library_path.sh
[8.086s] -- Up-to-date symlink: /home/iju/S08P31C208/ROS/robot_ws/install/dynamixel_sdk_custom_interfaces/lib/libdynamixel_sdk_custom_interfaces__rosidl_generator_c.so
[8.086s] -- Up-to-date symlink: /home/iju/S08P31C208/ROS/robot_ws/install/dynamixel_sdk_custom_interfaces/lib/libdynamixel_sdk_custom_interfaces__rosidl_typesupport_c.so
[8.086s] -- Up-to-date symlink: /home/iju/S08P31C208/ROS/robot_ws/install/dynamixel_sdk_custom_interfaces/lib/libdynamixel_sdk_custom_interfaces__rosidl_typesupport_cpp.so
[8.086s] -- Up-to-date symlink: /home/iju/S08P31C208/ROS/robot_ws/install/dynamixel_sdk_custom_interfaces/include/dynamixel_sdk_custom_interfaces/msg/rosidl_typesupport_introspection_c__visibility_control.h
[8.087s] -- Up-to-date symlink: /home/iju/S08P31C208/ROS/robot_ws/install/dynamixel_sdk_custom_interfaces/include/dynamixel_sdk_custom_interfaces/msg/set_position__rosidl_typesupport_introspection_c.h
[8.087s] -- Up-to-date symlink: /home/iju/S08P31C208/ROS/robot_ws/install/dynamixel_sdk_custom_interfaces/include/dynamixel_sdk_custom_interfaces/srv/get_position__rosidl_typesupport_introspection_c.h
[8.087s] -- Up-to-date symlink: /home/iju/S08P31C208/ROS/robot_ws/install/dynamixel_sdk_custom_interfaces/lib/libdynamixel_sdk_custom_interfaces__rosidl_typesupport_introspection_c.so
[8.087s] -- Up-to-date symlink: /home/iju/S08P31C208/ROS/robot_ws/install/dynamixel_sdk_custom_interfaces/include/dynamixel_sdk_custom_interfaces/msg/set_position__rosidl_typesupport_introspection_cpp.hpp
[8.087s] -- Up-to-date symlink: /home/iju/S08P31C208/ROS/robot_ws/install/dynamixel_sdk_custom_interfaces/include/dynamixel_sdk_custom_interfaces/srv/get_position__rosidl_typesupport_introspection_cpp.hpp
[8.100s] -- Up-to-date symlink: /home/iju/S08P31C208/ROS/robot_ws/install/dynamixel_sdk_custom_interfaces/lib/libdynamixel_sdk_custom_interfaces__rosidl_typesupport_introspection_cpp.so
[8.101s] -- Up-to-date symlink: /home/iju/S08P31C208/ROS/robot_ws/install/dynamixel_sdk_custom_interfaces/include/dynamixel_sdk_custom_interfaces/msg/rosidl_typesupport_fastrtps_c__visibility_control.h
[8.101s] -- Up-to-date symlink: /home/iju/S08P31C208/ROS/robot_ws/install/dynamixel_sdk_custom_interfaces/include/dynamixel_sdk_custom_interfaces/msg/set_position__rosidl_typesupport_fastrtps_c.h
[8.101s] -- Up-to-date symlink: /home/iju/S08P31C208/ROS/robot_ws/install/dynamixel_sdk_custom_interfaces/include/dynamixel_sdk_custom_interfaces/srv/get_position__rosidl_typesupport_fastrtps_c.h
[8.107s] -- Up-to-date symlink: /home/iju/S08P31C208/ROS/robot_ws/install/dynamixel_sdk_custom_interfaces/lib/libdynamixel_sdk_custom_interfaces__rosidl_typesupport_fastrtps_c.so
[8.114s] -- Up-to-date symlink: /home/iju/S08P31C208/ROS/robot_ws/install/dynamixel_sdk_custom_interfaces/include/dynamixel_sdk_custom_interfaces/msg/rosidl_typesupport_fastrtps_cpp__visibility_control.h
[8.114s] -- Up-to-date symlink: /home/iju/S08P31C208/ROS/robot_ws/install/dynamixel_sdk_custom_interfaces/include/dynamixel_sdk_custom_interfaces/msg/set_position__rosidl_typesupport_fastrtps_cpp.hpp
[8.114s] -- Up-to-date symlink: /home/iju/S08P31C208/ROS/robot_ws/install/dynamixel_sdk_custom_interfaces/include/dynamixel_sdk_custom_interfaces/srv/get_position__rosidl_typesupport_fastrtps_cpp.hpp
[8.114s] -- Up-to-date symlink: /home/iju/S08P31C208/ROS/robot_ws/install/dynamixel_sdk_custom_interfaces/lib/libdynamixel_sdk_custom_interfaces__rosidl_typesupport_fastrtps_cpp.so
[8.114s] -- Up-to-date symlink: /home/iju/S08P31C208/ROS/robot_ws/install/dynamixel_sdk_custom_interfaces/share/dynamixel_sdk_custom_interfaces/environment/pythonpath.sh
[8.115s] -- Up-to-date symlink: /home/iju/S08P31C208/ROS/robot_ws/install/dynamixel_sdk_custom_interfaces/lib/python3.6/site-packages/dynamixel_sdk_custom_interfaces/__init__.py
[8.115s] -- Up-to-date symlink: /home/iju/S08P31C208/ROS/robot_ws/install/dynamixel_sdk_custom_interfaces/lib/python3.6/site-packages/dynamixel_sdk_custom_interfaces/msg/__init__.py
[8.117s] -- Up-to-date symlink: /home/iju/S08P31C208/ROS/robot_ws/install/dynamixel_sdk_custom_interfaces/lib/python3.6/site-packages/dynamixel_sdk_custom_interfaces/msg/_set_position.py
[8.118s] -- Up-to-date symlink: /home/iju/S08P31C208/ROS/robot_ws/install/dynamixel_sdk_custom_interfaces/lib/python3.6/site-packages/dynamixel_sdk_custom_interfaces/srv/__init__.py
[8.148s] -- Up-to-date symlink: /home/iju/S08P31C208/ROS/robot_ws/install/dynamixel_sdk_custom_interfaces/lib/python3.6/site-packages/dynamixel_sdk_custom_interfaces/srv/_get_position.py
[8.148s] -- Up-to-date symlink: /home/iju/S08P31C208/ROS/robot_ws/install/dynamixel_sdk_custom_interfaces/lib/python3.6/site-packages/dynamixel_sdk_custom_interfaces/dynamixel_sdk_custom_interfaces_s__rosidl_typesupport_c.cpython-36m-x86_64-linux-gnu.so
[8.148s] -- Up-to-date symlink: /home/iju/S08P31C208/ROS/robot_ws/install/dynamixel_sdk_custom_interfaces/lib/python3.6/site-packages/dynamixel_sdk_custom_interfaces/dynamixel_sdk_custom_interfaces_s__rosidl_typesupport_introspection_c.cpython-36m-x86_64-linux-gnu.so
[8.148s] -- Up-to-date symlink: /home/iju/S08P31C208/ROS/robot_ws/install/dynamixel_sdk_custom_interfaces/lib/python3.6/site-packages/dynamixel_sdk_custom_interfaces/dynamixel_sdk_custom_interfaces_s__rosidl_typesupport_fastrtps_c.cpython-36m-x86_64-linux-gnu.so
[8.148s] -- Up-to-date symlink: /home/iju/S08P31C208/ROS/robot_ws/install/dynamixel_sdk_custom_interfaces/lib/libdynamixel_sdk_custom_interfaces__python.so
[8.148s] -- Up-to-date symlink: /home/iju/S08P31C208/ROS/robot_ws/install/dynamixel_sdk_custom_interfaces/share/dynamixel_sdk_custom_interfaces/msg/SetPosition.idl
[8.149s] -- Up-to-date symlink: /home/iju/S08P31C208/ROS/robot_ws/install/dynamixel_sdk_custom_interfaces/share/dynamixel_sdk_custom_interfaces/srv/GetPosition.idl
[8.149s] -- Up-to-date symlink: /home/iju/S08P31C208/ROS/robot_ws/install/dynamixel_sdk_custom_interfaces/share/dynamixel_sdk_custom_interfaces/msg/SetPosition.msg
[8.149s] -- Up-to-date symlink: /home/iju/S08P31C208/ROS/robot_ws/install/dynamixel_sdk_custom_interfaces/share/dynamixel_sdk_custom_interfaces/srv/GetPosition.srv
[8.149s] -- Up-to-date symlink: /home/iju/S08P31C208/ROS/robot_ws/install/dynamixel_sdk_custom_interfaces/share/dynamixel_sdk_custom_interfaces/srv/GetPosition_Request.msg
[8.168s] -- Up-to-date symlink: /home/iju/S08P31C208/ROS/robot_ws/install/dynamixel_sdk_custom_interfaces/share/dynamixel_sdk_custom_interfaces/srv/GetPosition_Response.msg
[8.169s] -- Up-to-date symlink: /home/iju/S08P31C208/ROS/robot_ws/install/dynamixel_sdk_custom_interfaces/share/ament_index/resource_index/package_run_dependencies/dynamixel_sdk_custom_interfaces
[8.169s] -- Up-to-date symlink: /home/iju/S08P31C208/ROS/robot_ws/install/dynamixel_sdk_custom_interfaces/share/ament_index/resource_index/parent_prefix_path/dynamixel_sdk_custom_interfaces
[8.169s] -- Up-to-date symlink: /home/iju/S08P31C208/ROS/robot_ws/install/dynamixel_sdk_custom_interfaces/share/dynamixel_sdk_custom_interfaces/environment/ament_prefix_path.sh
[8.169s] -- Up-to-date symlink: /home/iju/S08P31C208/ROS/robot_ws/install/dynamixel_sdk_custom_interfaces/share/dynamixel_sdk_custom_interfaces/environment/path.sh
[8.170s] -- Up-to-date symlink: /home/iju/S08P31C208/ROS/robot_ws/install/dynamixel_sdk_custom_interfaces/share/dynamixel_sdk_custom_interfaces/local_setup.bash
[8.170s] -- Up-to-date symlink: /home/iju/S08P31C208/ROS/robot_ws/install/dynamixel_sdk_custom_interfaces/share/dynamixel_sdk_custom_interfaces/local_setup.sh
[8.170s] -- Up-to-date symlink: /home/iju/S08P31C208/ROS/robot_ws/install/dynamixel_sdk_custom_interfaces/share/dynamixel_sdk_custom_interfaces/local_setup.zsh
[8.170s] -- Up-to-date symlink: /home/iju/S08P31C208/ROS/robot_ws/install/dynamixel_sdk_custom_interfaces/share/ament_index/resource_index/packages/dynamixel_sdk_custom_interfaces
[8.183s] -- Up-to-date symlink: /home/iju/S08P31C208/ROS/robot_ws/install/dynamixel_sdk_custom_interfaces/share/dynamixel_sdk_custom_interfaces/cmake/rosidl_cmake-extras.cmake
[8.183s] -- Up-to-date symlink: /home/iju/S08P31C208/ROS/robot_ws/install/dynamixel_sdk_custom_interfaces/share/dynamixel_sdk_custom_interfaces/cmake/ament_cmake_export_dependencies-extras.cmake
[8.183s] -- Up-to-date symlink: /home/iju/S08P31C208/ROS/robot_ws/install/dynamixel_sdk_custom_interfaces/share/dynamixel_sdk_custom_interfaces/cmake/ament_cmake_export_include_directories-extras.cmake
[8.183s] -- Up-to-date symlink: /home/iju/S08P31C208/ROS/robot_ws/install/dynamixel_sdk_custom_interfaces/share/dynamixel_sdk_custom_interfaces/cmake/ament_cmake_export_libraries-extras.cmake
[8.184s] -- Up-to-date symlink: /home/iju/S08P31C208/ROS/robot_ws/install/dynamixel_sdk_custom_interfaces/share/dynamixel_sdk_custom_interfaces/cmake/dynamixel_sdk_custom_interfacesConfig.cmake
[8.184s] -- Up-to-date symlink: /home/iju/S08P31C208/ROS/robot_ws/install/dynamixel_sdk_custom_interfaces/share/dynamixel_sdk_custom_interfaces/cmake/dynamixel_sdk_custom_interfacesConfig-version.cmake
[8.184s] -- Up-to-date symlink: /home/iju/S08P31C208/ROS/robot_ws/install/dynamixel_sdk_custom_interfaces/share/dynamixel_sdk_custom_interfaces/package.xml
[8.309s] Compiling '/home/iju/S08P31C208/ROS/robot_ws/install/dynamixel_sdk_custom_interfaces/lib/python3.6/site-packages/dynamixel_sdk_custom_interfaces/__init__.py'...
[8.433s] Invoked command in '/home/iju/S08P31C208/ROS/robot_ws/build/dynamixel_sdk_custom_interfaces' returned '0': CMAKE_PREFIX_PATH=${CMAKE_PREFIX_PATH}:/home/iju/S08P31C208/ROS/robot_ws/install/turtlebot3_teleop:/home/iju/S08P31C208/ROS/robot_ws/install/turtlebot3_example:/opt/ros/dashing PS1=\u@\h \[\033[32m\]\w\[\033[33m\]$(parse_git_branch)\[\033[00m\] $ /usr/bin/cmake --build /home/iju/S08P31C208/ROS/robot_ws/build/dynamixel_sdk_custom_interfaces --target install -- -j6 -l6
