Determining if the pthread_create exist failed with the following output:
Change Dir: /home/iju/S08P31C208/ROS/robot_ws/build/nav2_costmap_2d/CMakeFiles/CMakeTmp

Run Build Command:"/usr/bin/make" "cmTC_e6d6f/fast"
/usr/bin/make -f CMakeFiles/cmTC_e6d6f.dir/build.make CMakeFiles/cmTC_e6d6f.dir/build
make[1]: Entering directory '/home/iju/S08P31C208/ROS/robot_ws/build/nav2_costmap_2d/CMakeFiles/CMakeTmp'
Building C object CMakeFiles/cmTC_e6d6f.dir/CheckSymbolExists.c.o
/usr/bin/cc    -o CMakeFiles/cmTC_e6d6f.dir/CheckSymbolExists.c.o   -c /home/iju/S08P31C208/ROS/robot_ws/build/nav2_costmap_2d/CMakeFiles/CMakeTmp/CheckSymbolExists.c
Linking C executable cmTC_e6d6f
/usr/bin/cmake -E cmake_link_script CMakeFiles/cmTC_e6d6f.dir/link.txt --verbose=1
/usr/bin/cc      CMakeFiles/cmTC_e6d6f.dir/CheckSymbolExists.c.o  -o cmTC_e6d6f 
CMakeFiles/cmTC_e6d6f.dir/CheckSymbolExists.c.o: In function `main':
CheckSymbolExists.c:(.text+0x1b): undefined reference to `pthread_create'
collect2: error: ld returned 1 exit status
CMakeFiles/cmTC_e6d6f.dir/build.make:97: recipe for target 'cmTC_e6d6f' failed
make[1]: *** [cmTC_e6d6f] Error 1
make[1]: Leaving directory '/home/iju/S08P31C208/ROS/robot_ws/build/nav2_costmap_2d/CMakeFiles/CMakeTmp'
Makefile:126: recipe for target 'cmTC_e6d6f/fast' failed
make: *** [cmTC_e6d6f/fast] Error 2

File /home/iju/S08P31C208/ROS/robot_ws/build/nav2_costmap_2d/CMakeFiles/CMakeTmp/CheckSymbolExists.c:
/* */
#include <pthread.h>

int main(int argc, char** argv)
{
  (void)argv;
#ifndef pthread_create
  return ((int*)(&pthread_create))[argc];
#else
  (void)argc;
  return 0;
#endif
}

Determining if the function pthread_create exists in the pthreads failed with the following output:
Change Dir: /home/iju/S08P31C208/ROS/robot_ws/build/nav2_costmap_2d/CMakeFiles/CMakeTmp

Run Build Command:"/usr/bin/make" "cmTC_c3b3f/fast"
/usr/bin/make -f CMakeFiles/cmTC_c3b3f.dir/build.make CMakeFiles/cmTC_c3b3f.dir/build
make[1]: Entering directory '/home/iju/S08P31C208/ROS/robot_ws/build/nav2_costmap_2d/CMakeFiles/CMakeTmp'
Building C object CMakeFiles/cmTC_c3b3f.dir/CheckFunctionExists.c.o
/usr/bin/cc   -DCHECK_FUNCTION_EXISTS=pthread_create   -o CMakeFiles/cmTC_c3b3f.dir/CheckFunctionExists.c.o   -c /usr/share/cmake-3.10/Modules/CheckFunctionExists.c
Linking C executable cmTC_c3b3f
/usr/bin/cmake -E cmake_link_script CMakeFiles/cmTC_c3b3f.dir/link.txt --verbose=1
/usr/bin/cc  -DCHECK_FUNCTION_EXISTS=pthread_create    CMakeFiles/cmTC_c3b3f.dir/CheckFunctionExists.c.o  -o cmTC_c3b3f -lpthreads 
/usr/bin/ld: cannot find -lpthreads
collect2: error: ld returned 1 exit status
CMakeFiles/cmTC_c3b3f.dir/build.make:97: recipe for target 'cmTC_c3b3f' failed
make[1]: *** [cmTC_c3b3f] Error 1
make[1]: Leaving directory '/home/iju/S08P31C208/ROS/robot_ws/build/nav2_costmap_2d/CMakeFiles/CMakeTmp'
Makefile:126: recipe for target 'cmTC_c3b3f/fast' failed
make: *** [cmTC_c3b3f/fast] Error 2


