[0.090s] Invoking command in '/home/iju/S08P31C208/ROS/robot_ws/build/turtlebot3_description': CMAKE_PREFIX_PATH=${CMAKE_PREFIX_PATH}:/home/iju/S08P31C208/ROS/robot_ws/install/turtlebot3_teleop:/home/iju/S08P31C208/ROS/robot_ws/install/turtlebot3_example:/opt/ros/dashing PS1=\u@\h \[\033[32m\]\w\[\033[33m\]$(parse_git_branch)\[\033[00m\] $ /usr/bin/cmake /home/iju/S08P31C208/ROS/robot_ws/src/turtlebot3/turtlebot3_description -DAMENT_CMAKE_SYMLINK_INSTALL=1 -DCMAKE_INSTALL_PREFIX=/home/iju/S08P31C208/ROS/robot_ws/install/turtlebot3_description
[0.118s] -- Found ament_cmake: 0.7.6 (/opt/ros/dashing/share/ament_cmake/cmake)
[0.190s] -- Using PYTHON_EXECUTABLE: /usr/bin/python3
[0.526s] -- Override CMake install command with custom implementation using symlinks instead of copying resources
[0.540s] -- Found urdf: 2.2.0 (/opt/ros/dashing/share/urdf/cmake)
[0.724s] -- Configuring done
[0.729s] -- Generating done
[0.730s] -- Build files have been written to: /home/iju/S08P31C208/ROS/robot_ws/build/turtlebot3_description
[0.732s] Invoked command in '/home/iju/S08P31C208/ROS/robot_ws/build/turtlebot3_description' returned '0': CMAKE_PREFIX_PATH=${CMAKE_PREFIX_PATH}:/home/iju/S08P31C208/ROS/robot_ws/install/turtlebot3_teleop:/home/iju/S08P31C208/ROS/robot_ws/install/turtlebot3_example:/opt/ros/dashing PS1=\u@\h \[\033[32m\]\w\[\033[33m\]$(parse_git_branch)\[\033[00m\] $ /usr/bin/cmake /home/iju/S08P31C208/ROS/robot_ws/src/turtlebot3/turtlebot3_description -DAMENT_CMAKE_SYMLINK_INSTALL=1 -DCMAKE_INSTALL_PREFIX=/home/iju/S08P31C208/ROS/robot_ws/install/turtlebot3_description
[0.736s] Invoking command in '/home/iju/S08P31C208/ROS/robot_ws/build/turtlebot3_description': CMAKE_PREFIX_PATH=${CMAKE_PREFIX_PATH}:/home/iju/S08P31C208/ROS/robot_ws/install/turtlebot3_teleop:/home/iju/S08P31C208/ROS/robot_ws/install/turtlebot3_example:/opt/ros/dashing PS1=\u@\h \[\033[32m\]\w\[\033[33m\]$(parse_git_branch)\[\033[00m\] $ /usr/bin/cmake --build /home/iju/S08P31C208/ROS/robot_ws/build/turtlebot3_description -- -j6 -l6
[0.801s] Invoked command in '/home/iju/S08P31C208/ROS/robot_ws/build/turtlebot3_description' returned '0': CMAKE_PREFIX_PATH=${CMAKE_PREFIX_PATH}:/home/iju/S08P31C208/ROS/robot_ws/install/turtlebot3_teleop:/home/iju/S08P31C208/ROS/robot_ws/install/turtlebot3_example:/opt/ros/dashing PS1=\u@\h \[\033[32m\]\w\[\033[33m\]$(parse_git_branch)\[\033[00m\] $ /usr/bin/cmake --build /home/iju/S08P31C208/ROS/robot_ws/build/turtlebot3_description -- -j6 -l6
[0.851s] Invoking command in '/home/iju/S08P31C208/ROS/robot_ws/build/turtlebot3_description': CMAKE_PREFIX_PATH=${CMAKE_PREFIX_PATH}:/home/iju/S08P31C208/ROS/robot_ws/install/turtlebot3_teleop:/home/iju/S08P31C208/ROS/robot_ws/install/turtlebot3_example:/opt/ros/dashing PS1=\u@\h \[\033[32m\]\w\[\033[33m\]$(parse_git_branch)\[\033[00m\] $ /usr/bin/cmake --build /home/iju/S08P31C208/ROS/robot_ws/build/turtlebot3_description --target install -- -j6 -l6
[0.937s] [36mInstall the project...[0m
[0.950s] -- Install configuration: ""
[0.951s] -- Execute custom install script
[0.952s] -- Symlinking: /home/iju/S08P31C208/ROS/robot_ws/install/turtlebot3_description/share/turtlebot3_description/meshes/bases/burger_base.stl
[0.965s] -- Symlinking: /home/iju/S08P31C208/ROS/robot_ws/install/turtlebot3_description/share/turtlebot3_description/meshes/bases/waffle_base.stl
[0.977s] -- Symlinking: /home/iju/S08P31C208/ROS/robot_ws/install/turtlebot3_description/share/turtlebot3_description/meshes/bases/waffle_pi_base.stl
[0.989s] -- Symlinking: /home/iju/S08P31C208/ROS/robot_ws/install/turtlebot3_description/share/turtlebot3_description/meshes/sensors/astra.dae
[1.003s] -- Symlinking: /home/iju/S08P31C208/ROS/robot_ws/install/turtlebot3_description/share/turtlebot3_description/meshes/sensors/astra.jpg
[1.018s] -- Symlinking: /home/iju/S08P31C208/ROS/robot_ws/install/turtlebot3_description/share/turtlebot3_description/meshes/sensors/lds.stl
[1.033s] -- Symlinking: /home/iju/S08P31C208/ROS/robot_ws/install/turtlebot3_description/share/turtlebot3_description/meshes/sensors/r200.dae
[1.052s] -- Symlinking: /home/iju/S08P31C208/ROS/robot_ws/install/turtlebot3_description/share/turtlebot3_description/meshes/sensors/r200.jpg
[1.079s] -- Symlinking: /home/iju/S08P31C208/ROS/robot_ws/install/turtlebot3_description/share/turtlebot3_description/meshes/wheels/left_tire.stl
[1.090s] -- Symlinking: /home/iju/S08P31C208/ROS/robot_ws/install/turtlebot3_description/share/turtlebot3_description/meshes/wheels/right_tire.stl
[1.104s] -- Symlinking: /home/iju/S08P31C208/ROS/robot_ws/install/turtlebot3_description/share/turtlebot3_description/rviz/model.rviz
[1.116s] -- Symlinking: /home/iju/S08P31C208/ROS/robot_ws/install/turtlebot3_description/share/turtlebot3_description/urdf/common_properties.urdf
[1.127s] -- Symlinking: /home/iju/S08P31C208/ROS/robot_ws/install/turtlebot3_description/share/turtlebot3_description/urdf/turtlebot3_burger.urdf
[1.140s] -- Symlinking: /home/iju/S08P31C208/ROS/robot_ws/install/turtlebot3_description/share/turtlebot3_description/urdf/turtlebot3_waffle.urdf
[1.154s] -- Symlinking: /home/iju/S08P31C208/ROS/robot_ws/install/turtlebot3_description/share/turtlebot3_description/urdf/turtlebot3_waffle_pi.urdf
[1.171s] -- Symlinking: /home/iju/S08P31C208/ROS/robot_ws/install/turtlebot3_description/share/ament_index/resource_index/package_run_dependencies/turtlebot3_description
[1.181s] -- Symlinking: /home/iju/S08P31C208/ROS/robot_ws/install/turtlebot3_description/share/ament_index/resource_index/parent_prefix_path/turtlebot3_description
[1.188s] -- Symlinking: /home/iju/S08P31C208/ROS/robot_ws/install/turtlebot3_description/share/turtlebot3_description/environment/ament_prefix_path.sh
[1.208s] -- Symlinking: /home/iju/S08P31C208/ROS/robot_ws/install/turtlebot3_description/share/turtlebot3_description/environment/path.sh
[1.253s] -- Symlinking: /home/iju/S08P31C208/ROS/robot_ws/install/turtlebot3_description/share/turtlebot3_description/local_setup.bash
[1.255s] -- Symlinking: /home/iju/S08P31C208/ROS/robot_ws/install/turtlebot3_description/share/turtlebot3_description/local_setup.sh
[1.264s] -- Symlinking: /home/iju/S08P31C208/ROS/robot_ws/install/turtlebot3_description/share/turtlebot3_description/local_setup.zsh
[1.278s] -- Symlinking: /home/iju/S08P31C208/ROS/robot_ws/install/turtlebot3_description/share/ament_index/resource_index/packages/turtlebot3_description
[1.297s] -- Symlinking: /home/iju/S08P31C208/ROS/robot_ws/install/turtlebot3_description/share/turtlebot3_description/cmake/turtlebot3_descriptionConfig.cmake
[1.315s] -- Symlinking: /home/iju/S08P31C208/ROS/robot_ws/install/turtlebot3_description/share/turtlebot3_description/cmake/turtlebot3_descriptionConfig-version.cmake
[1.345s] -- Symlinking: /home/iju/S08P31C208/ROS/robot_ws/install/turtlebot3_description/share/turtlebot3_description/package.xml
[1.402s] Invoked command in '/home/iju/S08P31C208/ROS/robot_ws/build/turtlebot3_description' returned '0': CMAKE_PREFIX_PATH=${CMAKE_PREFIX_PATH}:/home/iju/S08P31C208/ROS/robot_ws/install/turtlebot3_teleop:/home/iju/S08P31C208/ROS/robot_ws/install/turtlebot3_example:/opt/ros/dashing PS1=\u@\h \[\033[32m\]\w\[\033[33m\]$(parse_git_branch)\[\033[00m\] $ /usr/bin/cmake --build /home/iju/S08P31C208/ROS/robot_ws/build/turtlebot3_description --target install -- -j6 -l6
