[0.124s] Invoking command in '/home/iju/S08P31C208/ROS/robot_ws/build/dynamixel_sdk_examples': AMENT_PREFIX_PATH=/home/iju/S08P31C208/ROS/robot_ws/install/dynamixel_sdk_custom_interfaces:/home/iju/S08P31C208/ROS/robot_ws/install/dynamixel_sdk:${AMENT_PREFIX_PATH} CMAKE_PREFIX_PATH=/home/iju/S08P31C208/ROS/robot_ws/install/dynamixel_sdk_custom_interfaces:/home/iju/S08P31C208/ROS/robot_ws/install/dynamixel_sdk:/home/iju/S08P31C208/ROS/robot_ws/install/turtle_cpp:/opt/ros/dashing LD_LIBRARY_PATH=/home/iju/S08P31C208/ROS/robot_ws/install/dynamixel_sdk_custom_interfaces/lib:/home/iju/S08P31C208/ROS/robot_ws/install/dynamixel_sdk/lib:${LD_LIBRARY_PATH} PS1=\u@\h \[\033[32m\]\w\[\033[33m\]$(parse_git_branch)\[\033[00m\] $ PYTHONPATH=/home/iju/S08P31C208/ROS/robot_ws/install/dynamixel_sdk_custom_interfaces/lib/python3.6/site-packages:${PYTHONPATH} /usr/bin/cmake /home/iju/S08P31C208/ROS/robot_ws/src/DynamixelSDK/dynamixel_sdk_examples -DCMAKE_INSTALL_PREFIX=/home/iju/S08P31C208/ROS/robot_ws/install/dynamixel_sdk_examples
[0.402s] -- The C compiler identification is GNU 7.5.0
[0.622s] -- The CXX compiler identification is GNU 7.5.0
[0.626s] -- Check for working C compiler: /usr/bin/cc
[0.904s] -- Check for working C compiler: /usr/bin/cc -- works
[0.904s] -- Detecting C compiler ABI info
[1.182s] -- Detecting C compiler ABI info - done
[1.189s] -- Detecting C compile features
[1.874s] -- Detecting C compile features - done
[1.878s] -- Check for working CXX compiler: /usr/bin/c++
[2.088s] -- Check for working CXX compiler: /usr/bin/c++ -- works
[2.089s] -- Detecting CXX compiler ABI info
[2.369s] -- Detecting CXX compiler ABI info - done
[2.369s] -- Detecting CXX compile features
[3.098s] -- Detecting CXX compile features - done
[3.098s] -- Found ament_cmake: 0.7.6 (/opt/ros/dashing/share/ament_cmake/cmake)
[3.175s] -- Found PythonInterp: /usr/bin/python3 (found suitable version "3.6.9", minimum required is "3") 
[3.175s] -- Using PYTHON_EXECUTABLE: /usr/bin/python3
[3.570s] -- Found dynamixel_sdk: 3.7.40 (/home/iju/S08P31C208/ROS/robot_ws/install/dynamixel_sdk/share/dynamixel_sdk/cmake)
[3.570s] -- Found dynamixel_sdk_custom_interfaces: 3.7.40 (/home/iju/S08P31C208/ROS/robot_ws/install/dynamixel_sdk_custom_interfaces/share/dynamixel_sdk_custom_interfaces/cmake)
[3.602s] -- Found rosidl_adapter: 0.7.10 (/opt/ros/dashing/share/rosidl_adapter/cmake)
[3.698s] -- Found rclcpp: 0.7.16 (/opt/ros/dashing/share/rclcpp/cmake)
[3.728s] -- Found rmw_implementation_cmake: 0.7.2 (/opt/ros/dashing/share/rmw_implementation_cmake/cmake)
[3.730s] -- Using RMW implementation 'rmw_fastrtps_cpp' as default
[3.747s] -- Looking for pthread.h
[3.969s] -- Looking for pthread.h - found
[3.970s] -- Looking for pthread_create
[4.169s] -- Looking for pthread_create - not found
[4.169s] -- Looking for pthread_create in pthreads
[4.522s] -- Looking for pthread_create in pthreads - not found
[4.522s] -- Looking for pthread_create in pthread
[4.780s] -- Looking for pthread_create in pthread - found
[4.781s] -- Found Threads: TRUE  
[4.939s] -- Found ament_lint_auto: 0.7.12 (/opt/ros/dashing/share/ament_lint_auto/cmake)
[5.274s] -- Added test 'copyright' to check for copyright in CMake / C / C++ / Python code
[5.279s] -- Added test 'cppcheck' to perform static code analysis on C / C++ code
[5.280s] -- Configured cppcheck include dirs: /home/iju/S08P31C208/ROS/robot_ws/src/DynamixelSDK/dynamixel_sdk_examples/include
[5.283s] -- Added test 'cpplint' to check C / C++ code against the Google style
[5.292s] -- Added test 'lint_cmake' to check CMake code style
[5.294s] -- Added test 'uncrustify' to check C / C++ code style
[5.296s] -- Added test 'xmllint' to check XML markup files
[5.300s] -- Configuring done
[5.328s] -- Generating done
[5.347s] -- Build files have been written to: /home/iju/S08P31C208/ROS/robot_ws/build/dynamixel_sdk_examples
[5.435s] Invoked command in '/home/iju/S08P31C208/ROS/robot_ws/build/dynamixel_sdk_examples' returned '0': AMENT_PREFIX_PATH=/home/iju/S08P31C208/ROS/robot_ws/install/dynamixel_sdk_custom_interfaces:/home/iju/S08P31C208/ROS/robot_ws/install/dynamixel_sdk:${AMENT_PREFIX_PATH} CMAKE_PREFIX_PATH=/home/iju/S08P31C208/ROS/robot_ws/install/dynamixel_sdk_custom_interfaces:/home/iju/S08P31C208/ROS/robot_ws/install/dynamixel_sdk:/home/iju/S08P31C208/ROS/robot_ws/install/turtle_cpp:/opt/ros/dashing LD_LIBRARY_PATH=/home/iju/S08P31C208/ROS/robot_ws/install/dynamixel_sdk_custom_interfaces/lib:/home/iju/S08P31C208/ROS/robot_ws/install/dynamixel_sdk/lib:${LD_LIBRARY_PATH} PS1=\u@\h \[\033[32m\]\w\[\033[33m\]$(parse_git_branch)\[\033[00m\] $ PYTHONPATH=/home/iju/S08P31C208/ROS/robot_ws/install/dynamixel_sdk_custom_interfaces/lib/python3.6/site-packages:${PYTHONPATH} /usr/bin/cmake /home/iju/S08P31C208/ROS/robot_ws/src/DynamixelSDK/dynamixel_sdk_examples -DCMAKE_INSTALL_PREFIX=/home/iju/S08P31C208/ROS/robot_ws/install/dynamixel_sdk_examples
[5.444s] Invoking command in '/home/iju/S08P31C208/ROS/robot_ws/build/dynamixel_sdk_examples': AMENT_PREFIX_PATH=/home/iju/S08P31C208/ROS/robot_ws/install/dynamixel_sdk_custom_interfaces:/home/iju/S08P31C208/ROS/robot_ws/install/dynamixel_sdk:${AMENT_PREFIX_PATH} CMAKE_PREFIX_PATH=/home/iju/S08P31C208/ROS/robot_ws/install/dynamixel_sdk_custom_interfaces:/home/iju/S08P31C208/ROS/robot_ws/install/dynamixel_sdk:/home/iju/S08P31C208/ROS/robot_ws/install/turtle_cpp:/opt/ros/dashing LD_LIBRARY_PATH=/home/iju/S08P31C208/ROS/robot_ws/install/dynamixel_sdk_custom_interfaces/lib:/home/iju/S08P31C208/ROS/robot_ws/install/dynamixel_sdk/lib:${LD_LIBRARY_PATH} PS1=\u@\h \[\033[32m\]\w\[\033[33m\]$(parse_git_branch)\[\033[00m\] $ PYTHONPATH=/home/iju/S08P31C208/ROS/robot_ws/install/dynamixel_sdk_custom_interfaces/lib/python3.6/site-packages:${PYTHONPATH} /usr/bin/cmake --build /home/iju/S08P31C208/ROS/robot_ws/build/dynamixel_sdk_examples -- -j6 -l6
[5.573s] [35m[1mScanning dependencies of target read_write_node[0m
[5.631s] [ 50%] [32mBuilding CXX object CMakeFiles/read_write_node.dir/src/read_write_node.cpp.o[0m
[9.906s] [100%] [32m[1mLinking CXX executable read_write_node[0m
[10.363s] [100%] Built target read_write_node
[10.393s] Invoked command in '/home/iju/S08P31C208/ROS/robot_ws/build/dynamixel_sdk_examples' returned '0': AMENT_PREFIX_PATH=/home/iju/S08P31C208/ROS/robot_ws/install/dynamixel_sdk_custom_interfaces:/home/iju/S08P31C208/ROS/robot_ws/install/dynamixel_sdk:${AMENT_PREFIX_PATH} CMAKE_PREFIX_PATH=/home/iju/S08P31C208/ROS/robot_ws/install/dynamixel_sdk_custom_interfaces:/home/iju/S08P31C208/ROS/robot_ws/install/dynamixel_sdk:/home/iju/S08P31C208/ROS/robot_ws/install/turtle_cpp:/opt/ros/dashing LD_LIBRARY_PATH=/home/iju/S08P31C208/ROS/robot_ws/install/dynamixel_sdk_custom_interfaces/lib:/home/iju/S08P31C208/ROS/robot_ws/install/dynamixel_sdk/lib:${LD_LIBRARY_PATH} PS1=\u@\h \[\033[32m\]\w\[\033[33m\]$(parse_git_branch)\[\033[00m\] $ PYTHONPATH=/home/iju/S08P31C208/ROS/robot_ws/install/dynamixel_sdk_custom_interfaces/lib/python3.6/site-packages:${PYTHONPATH} /usr/bin/cmake --build /home/iju/S08P31C208/ROS/robot_ws/build/dynamixel_sdk_examples -- -j6 -l6
[10.457s] Invoking command in '/home/iju/S08P31C208/ROS/robot_ws/build/dynamixel_sdk_examples': AMENT_PREFIX_PATH=/home/iju/S08P31C208/ROS/robot_ws/install/dynamixel_sdk_custom_interfaces:/home/iju/S08P31C208/ROS/robot_ws/install/dynamixel_sdk:${AMENT_PREFIX_PATH} CMAKE_PREFIX_PATH=/home/iju/S08P31C208/ROS/robot_ws/install/dynamixel_sdk_custom_interfaces:/home/iju/S08P31C208/ROS/robot_ws/install/dynamixel_sdk:/home/iju/S08P31C208/ROS/robot_ws/install/turtle_cpp:/opt/ros/dashing LD_LIBRARY_PATH=/home/iju/S08P31C208/ROS/robot_ws/install/dynamixel_sdk_custom_interfaces/lib:/home/iju/S08P31C208/ROS/robot_ws/install/dynamixel_sdk/lib:${LD_LIBRARY_PATH} PS1=\u@\h \[\033[32m\]\w\[\033[33m\]$(parse_git_branch)\[\033[00m\] $ PYTHONPATH=/home/iju/S08P31C208/ROS/robot_ws/install/dynamixel_sdk_custom_interfaces/lib/python3.6/site-packages:${PYTHONPATH} /usr/bin/cmake --build /home/iju/S08P31C208/ROS/robot_ws/build/dynamixel_sdk_examples --target install -- -j6 -l6
[10.627s] [100%] Built target read_write_node
[10.721s] [36mInstall the project...[0m
[10.760s] -- Install configuration: ""
[10.762s] -- Installing: /home/iju/S08P31C208/ROS/robot_ws/install/dynamixel_sdk_examples/lib/dynamixel_sdk_examples/read_write_node
[10.762s] -- Set runtime path of "/home/iju/S08P31C208/ROS/robot_ws/install/dynamixel_sdk_examples/lib/dynamixel_sdk_examples/read_write_node" to ""
[10.770s] -- Installing: /home/iju/S08P31C208/ROS/robot_ws/install/dynamixel_sdk_examples/share/ament_index/resource_index/package_run_dependencies/dynamixel_sdk_examples
[10.771s] -- Installing: /home/iju/S08P31C208/ROS/robot_ws/install/dynamixel_sdk_examples/share/ament_index/resource_index/parent_prefix_path/dynamixel_sdk_examples
[10.779s] -- Installing: /home/iju/S08P31C208/ROS/robot_ws/install/dynamixel_sdk_examples/share/dynamixel_sdk_examples/environment/ament_prefix_path.sh
[10.779s] -- Installing: /home/iju/S08P31C208/ROS/robot_ws/install/dynamixel_sdk_examples/share/dynamixel_sdk_examples/environment/path.sh
[10.779s] -- Installing: /home/iju/S08P31C208/ROS/robot_ws/install/dynamixel_sdk_examples/share/dynamixel_sdk_examples/local_setup.bash
[10.779s] -- Installing: /home/iju/S08P31C208/ROS/robot_ws/install/dynamixel_sdk_examples/share/dynamixel_sdk_examples/local_setup.sh
[10.779s] -- Installing: /home/iju/S08P31C208/ROS/robot_ws/install/dynamixel_sdk_examples/share/dynamixel_sdk_examples/local_setup.zsh
[10.779s] -- Installing: /home/iju/S08P31C208/ROS/robot_ws/install/dynamixel_sdk_examples/share/ament_index/resource_index/packages/dynamixel_sdk_examples
[10.780s] -- Installing: /home/iju/S08P31C208/ROS/robot_ws/install/dynamixel_sdk_examples/share/dynamixel_sdk_examples/cmake/dynamixel_sdk_examplesConfig.cmake
[10.780s] -- Installing: /home/iju/S08P31C208/ROS/robot_ws/install/dynamixel_sdk_examples/share/dynamixel_sdk_examples/cmake/dynamixel_sdk_examplesConfig-version.cmake
[10.780s] -- Installing: /home/iju/S08P31C208/ROS/robot_ws/install/dynamixel_sdk_examples/share/dynamixel_sdk_examples/package.xml
[10.789s] Invoked command in '/home/iju/S08P31C208/ROS/robot_ws/build/dynamixel_sdk_examples' returned '0': AMENT_PREFIX_PATH=/home/iju/S08P31C208/ROS/robot_ws/install/dynamixel_sdk_custom_interfaces:/home/iju/S08P31C208/ROS/robot_ws/install/dynamixel_sdk:${AMENT_PREFIX_PATH} CMAKE_PREFIX_PATH=/home/iju/S08P31C208/ROS/robot_ws/install/dynamixel_sdk_custom_interfaces:/home/iju/S08P31C208/ROS/robot_ws/install/dynamixel_sdk:/home/iju/S08P31C208/ROS/robot_ws/install/turtle_cpp:/opt/ros/dashing LD_LIBRARY_PATH=/home/iju/S08P31C208/ROS/robot_ws/install/dynamixel_sdk_custom_interfaces/lib:/home/iju/S08P31C208/ROS/robot_ws/install/dynamixel_sdk/lib:${LD_LIBRARY_PATH} PS1=\u@\h \[\033[32m\]\w\[\033[33m\]$(parse_git_branch)\[\033[00m\] $ PYTHONPATH=/home/iju/S08P31C208/ROS/robot_ws/install/dynamixel_sdk_custom_interfaces/lib/python3.6/site-packages:${PYTHONPATH} /usr/bin/cmake --build /home/iju/S08P31C208/ROS/robot_ws/build/dynamixel_sdk_examples --target install -- -j6 -l6
