-- The C compiler identification is GNU 7.5.0
-- The CXX compiler identification is GNU 7.5.0
-- Check for working C compiler: /usr/bin/cc
-- Check for working C compiler: /usr/bin/cc -- works
-- Detecting C compiler ABI info
-- Detecting C compiler ABI info - done
-- Detecting C compile features
-- Detecting C compile features - done
-- Check for working CXX compiler: /usr/bin/c++
-- Check for working CXX compiler: /usr/bin/c++ -- works
-- Detecting CXX compiler ABI info
-- Detecting CXX compiler ABI info - done
-- Detecting CXX compile features
-- Detecting CXX compile features - done
-- Found ament_cmake: 0.7.6 (/opt/ros/dashing/share/ament_cmake/cmake)
-- Found PythonInterp: /usr/bin/python3 (found suitable version "3.6.9", minimum required is "3") 
-- Using PYTHON_EXECUTABLE: /usr/bin/python3
-- Found nav2_common: 0.2.6 (/home/iju/S08P31C208/ROS/robot_ws/install/nav2_common/share/nav2_common/cmake)
-- Found rclcpp: 0.7.16 (/opt/ros/dashing/share/rclcpp/cmake)
-- Found rosidl_adapter: 0.7.10 (/opt/ros/dashing/share/rosidl_adapter/cmake)
-- Found rmw_implementation_cmake: 0.7.2 (/opt/ros/dashing/share/rmw_implementation_cmake/cmake)
-- Using RMW implementation 'rmw_fastrtps_cpp' as default
-- Looking for pthread.h
-- Looking for pthread.h - found
-- Looking for pthread_create
-- Looking for pthread_create - not found
-- Looking for pthread_create in pthreads
-- Looking for pthread_create in pthreads - not found
-- Looking for pthread_create in pthread
-- Looking for pthread_create in pthread - found
-- Found Threads: TRUE  
-- Found std_msgs: 0.7.1 (/opt/ros/dashing/share/std_msgs/cmake)
-- Found geometry_msgs: 0.7.1 (/opt/ros/dashing/share/geometry_msgs/cmake)
-- Found nav_2d_msgs: 0.2.6 (/home/iju/S08P31C208/ROS/robot_ws/install/nav_2d_msgs/share/nav_2d_msgs/cmake)
-- Found dwb_msgs: 0.2.6 (/home/iju/S08P31C208/ROS/robot_ws/install/dwb_msgs/share/dwb_msgs/cmake)
-- Found nav2_costmap_2d: 0.2.6 (/home/iju/S08P31C208/ROS/robot_ws/install/nav2_costmap_2d/share/nav2_costmap_2d/cmake)
-- append /usr/include/eigen3 to ()
-- laser_geometry_INCLUDE_DIRS=/usr/include/eigen3
-- Found eigen3_cmake_module: 0.1.1 (/opt/ros/dashing/share/eigen3_cmake_module/cmake)
-- Found Eigen3: TRUE (found version "3.3.4") 
-- Found tinyxml2_vendor:  (/opt/ros/dashing/share/tinyxml2_vendor/cmake)
-- Found TinyXML2: /usr/lib/x86_64-linux-gnu/libtinyxml2.so  
-- Found poco_vendor:  (/opt/ros/dashing/share/poco_vendor/cmake)
-- Found nav_2d_utils: 0.2.6 (/home/iju/S08P31C208/ROS/robot_ws/install/nav_2d_utils/share/nav_2d_utils/cmake)
-- Setting build type to Release as none was specified.
-- Found ament_lint_auto: 0.7.12 (/opt/ros/dashing/share/ament_lint_auto/cmake)
-- Added test 'cppcheck' to perform static code analysis on C / C++ code
-- Configured cppcheck include dirs: /home/iju/S08P31C208/ROS/robot_ws/src/navigation2/nav2_dwb_controller/dwb_core/include
-- Added test 'cpplint' to check C / C++ code against the Google style
-- Added test 'lint_cmake' to check CMake code style
-- Added test 'uncrustify' to check C / C++ code style
-- Added test 'xmllint' to check XML markup files
-- Configuring done
-- Generating done
-- Build files have been written to: /home/iju/S08P31C208/ROS/robot_ws/build/dwb_core
[35m[1mScanning dependencies of target dwb_core[0m
[ 25%] [32mBuilding CXX object CMakeFiles/dwb_core.dir/src/illegal_trajectory_tracker.cpp.o[0m
[ 50%] [32mBuilding CXX object CMakeFiles/dwb_core.dir/src/publisher.cpp.o[0m
[ 75%] [32mBuilding CXX object CMakeFiles/dwb_core.dir/src/dwb_local_planner.cpp.o[0m
[100%] [32m[1mLinking CXX shared library libdwb_core.so[0m
[100%] Built target dwb_core
[100%] Built target dwb_core
[36mInstall the project...[0m
-- Install configuration: "Release"
-- Installing: /home/iju/S08P31C208/ROS/robot_ws/install/dwb_core/lib/libdwb_core.so
-- Set runtime path of "/home/iju/S08P31C208/ROS/robot_ws/install/dwb_core/lib/libdwb_core.so" to ""
-- Installing: /home/iju/S08P31C208/ROS/robot_ws/install/dwb_core/include/
-- Installing: /home/iju/S08P31C208/ROS/robot_ws/install/dwb_core/include//dwb_core
-- Installing: /home/iju/S08P31C208/ROS/robot_ws/install/dwb_core/include//dwb_core/exceptions.hpp
-- Installing: /home/iju/S08P31C208/ROS/robot_ws/install/dwb_core/include//dwb_core/common_types.hpp
-- Installing: /home/iju/S08P31C208/ROS/robot_ws/install/dwb_core/include//dwb_core/goal_checker.hpp
-- Installing: /home/iju/S08P31C208/ROS/robot_ws/install/dwb_core/include//dwb_core/trajectory_critic.hpp
-- Installing: /home/iju/S08P31C208/ROS/robot_ws/install/dwb_core/include//dwb_core/trajectory_generator.hpp
-- Installing: /home/iju/S08P31C208/ROS/robot_ws/install/dwb_core/include//dwb_core/illegal_trajectory_tracker.hpp
-- Installing: /home/iju/S08P31C208/ROS/robot_ws/install/dwb_core/include//dwb_core/dwb_local_planner.hpp
-- Installing: /home/iju/S08P31C208/ROS/robot_ws/install/dwb_core/include//dwb_core/publisher.hpp
-- Installing: /home/iju/S08P31C208/ROS/robot_ws/install/dwb_core/share/dwb_core/environment/library_path.sh
-- Installing: /home/iju/S08P31C208/ROS/robot_ws/install/dwb_core/share/ament_index/resource_index/package_run_dependencies/dwb_core
-- Installing: /home/iju/S08P31C208/ROS/robot_ws/install/dwb_core/share/ament_index/resource_index/parent_prefix_path/dwb_core
-- Installing: /home/iju/S08P31C208/ROS/robot_ws/install/dwb_core/share/dwb_core/environment/ament_prefix_path.sh
-- Installing: /home/iju/S08P31C208/ROS/robot_ws/install/dwb_core/share/dwb_core/environment/path.sh
-- Installing: /home/iju/S08P31C208/ROS/robot_ws/install/dwb_core/share/dwb_core/local_setup.bash
-- Installing: /home/iju/S08P31C208/ROS/robot_ws/install/dwb_core/share/dwb_core/local_setup.sh
-- Installing: /home/iju/S08P31C208/ROS/robot_ws/install/dwb_core/share/dwb_core/local_setup.zsh
-- Installing: /home/iju/S08P31C208/ROS/robot_ws/install/dwb_core/share/ament_index/resource_index/packages/dwb_core
-- Installing: /home/iju/S08P31C208/ROS/robot_ws/install/dwb_core/share/dwb_core/cmake/ament_cmake_export_include_directories-extras.cmake
-- Installing: /home/iju/S08P31C208/ROS/robot_ws/install/dwb_core/share/dwb_core/cmake/ament_cmake_export_libraries-extras.cmake
-- Installing: /home/iju/S08P31C208/ROS/robot_ws/install/dwb_core/share/dwb_core/cmake/ament_cmake_export_dependencies-extras.cmake
-- Installing: /home/iju/S08P31C208/ROS/robot_ws/install/dwb_core/share/dwb_core/cmake/dwb_coreConfig.cmake
-- Installing: /home/iju/S08P31C208/ROS/robot_ws/install/dwb_core/share/dwb_core/cmake/dwb_coreConfig-version.cmake
-- Installing: /home/iju/S08P31C208/ROS/robot_ws/install/dwb_core/share/dwb_core/package.xml
