[0.041s] Invoking command in '/home/iju/S08P31C208/ROS/robot_ws/src/build/gazebo_plugins': AMENT_PREFIX_PATH=/home/iju/S08P31C208/ROS/robot_ws/src/install/gazebo_ros:/home/iju/S08P31C208/ROS/robot_ws/src/install/gazebo_msgs:/home/iju/S08P31C208/ROS/robot_ws/src/install/gazebo_dev:${AMENT_PREFIX_PATH} CMAKE_PREFIX_PATH=/home/iju/S08P31C208/ROS/robot_ws/src/install/gazebo_ros:/home/iju/S08P31C208/ROS/robot_ws/src/install/gazebo_msgs:/home/iju/S08P31C208/ROS/robot_ws/src/install/gazebo_dev:/home/iju/S08P31C208/ROS/robot_ws/install/vision_opencv:/home/iju/S08P31C208/ROS/robot_ws/install/turtlebot3_simulations:/home/iju/S08P31C208/ROS/robot_ws/install/turtlebot3_gazebo:/home/iju/S08P31C208/ROS/robot_ws/install/turtlebot3:/home/iju/S08P31C208/ROS/robot_ws/install/turtlebot3_bringup:/home/iju/S08P31C208/ROS/robot_ws/install/turtlebot3_node:/home/iju/S08P31C208/ROS/robot_ws/install/turtlebot3_navigation2:/home/iju/S08P31C208/ROS/robot_ws/install/turtlebot3_fake_node:/home/iju/S08P31C208/ROS/robot_ws/install/turtlebot3_msgs:/home/iju/S08P31C208/ROS/robot_ws/install/turtlebot3_description:/home/iju/S08P31C208/ROS/robot_ws/install/turtlebot3_cartographer:/home/iju/S08P31C208/ROS/robot_ws/install/image_geometry:/home/iju/S08P31C208/ROS/robot_ws/install/gazebo_ros_pkgs:/home/iju/S08P31C208/ROS/robot_ws/install/turtlebot3_teleop:/home/iju/S08P31C208/ROS/robot_ws/install/turtlebot3_example:/home/iju/S08P31C208/ROS/robot_ws/install/opencv_tests:/opt/ros/dashing:/home/iju/S08P31C208/ROS/robot_ws/install/aws_robomaker_hospital_world:/home/iju/S08P31C208/ROS/robot_ws/install/gazebo_plugins:/home/iju/S08P31C208/ROS/robot_ws/install/gazebo_ros:/home/iju/S08P31C208/ROS/robot_ws/install/gazebo_msgs:/home/iju/S08P31C208/ROS/robot_ws/install/gazebo_dev:/home/iju/S08P31C208/ROS/robot_ws/install/dynamixel_sdk_examples:/home/iju/S08P31C208/ROS/robot_ws/install/dynamixel_sdk_custom_interfaces:/home/iju/S08P31C208/ROS/robot_ws/install/dynamixel_sdk:/home/iju/S08P31C208/ROS/robot_ws/install/cv_bridge LD_LIBRARY_PATH=/home/iju/S08P31C208/ROS/robot_ws/src/install/gazebo_ros/lib:/home/iju/S08P31C208/ROS/robot_ws/src/install/gazebo_msgs/lib:${LD_LIBRARY_PATH} PS1=\u@\h \[\033[32m\]\w\[\033[33m\]$(parse_git_branch)\[\033[00m\] $ PYTHONPATH=/home/iju/S08P31C208/ROS/robot_ws/src/install/gazebo_ros/lib/python3.6/site-packages:/home/iju/S08P31C208/ROS/robot_ws/src/install/gazebo_msgs/lib/python3.6/site-packages:${PYTHONPATH} /usr/bin/cmake --build /home/iju/S08P31C208/ROS/robot_ws/src/build/gazebo_plugins -- -j6 -l6
[0.087s] -- Found ament_cmake: 0.7.6 (/opt/ros/dashing/share/ament_cmake/cmake)
[0.131s] -- Using PYTHON_EXECUTABLE: /usr/bin/python3
[0.339s] -- Override CMake install command with custom implementation using symlinks instead of copying resources
[0.356s] -- Found camera_info_manager: 2.1.1 (/opt/ros/dashing/share/camera_info_manager/cmake)
[0.358s] -- Found gazebo_dev: 3.3.5 (/home/iju/S08P31C208/ROS/robot_ws/src/install/gazebo_dev/share/gazebo_dev/cmake)
[0.405s] -- Boost version: 1.65.1
[0.405s] -- Found the following Boost libraries:
[0.405s] --   thread
[0.405s] --   system
[0.405s] --   filesystem
[0.405s] --   program_options
[0.405s] --   regex
[0.405s] --   iostreams
[0.405s] --   date_time
[0.406s] --   chrono
[0.406s] --   atomic
[0.416s] -- Found Protobuf: /usr/lib/x86_64-linux-gnu/libprotobuf.so;-pthread (found version "3.0.0") 
[0.436s] -- Boost version: 1.65.1
[0.438s] -- Looking for OGRE...
[0.444s] -- Found Ogre Ghadamon (1.9.0)
[0.444s] -- Found OGRE: optimized;/usr/lib/x86_64-linux-gnu/libOgreMain.so;debug;/usr/lib/x86_64-linux-gnu/libOgreMain.so
[0.490s] -- Looking for OGRE_Paging...
[0.490s] -- Found OGRE_Paging: optimized;/usr/lib/x86_64-linux-gnu/libOgrePaging.so;debug;/usr/lib/x86_64-linux-gnu/libOgrePaging.so
[0.491s] -- Looking for OGRE_Terrain...
[0.491s] -- Found OGRE_Terrain: optimized;/usr/lib/x86_64-linux-gnu/libOgreTerrain.so;debug;/usr/lib/x86_64-linux-gnu/libOgreTerrain.so
[0.491s] -- Looking for OGRE_Property...
[0.491s] -- Found OGRE_Property: optimized;/usr/lib/x86_64-linux-gnu/libOgreProperty.so;debug;/usr/lib/x86_64-linux-gnu/libOgreProperty.so
[0.492s] -- Looking for OGRE_RTShaderSystem...
[0.492s] -- Found OGRE_RTShaderSystem: optimized;/usr/lib/x86_64-linux-gnu/libOgreRTShaderSystem.so;debug;/usr/lib/x86_64-linux-gnu/libOgreRTShaderSystem.so
[0.492s] -- Looking for OGRE_Volume...
[0.492s] -- Found OGRE_Volume: optimized;/usr/lib/x86_64-linux-gnu/libOgreVolume.so;debug;/usr/lib/x86_64-linux-gnu/libOgreVolume.so
[0.493s] -- Looking for OGRE_Overlay...
[0.493s] -- Found OGRE_Overlay: optimized;/usr/lib/x86_64-linux-gnu/libOgreOverlay.so;debug;/usr/lib/x86_64-linux-gnu/libOgreOverlay.so
[0.677s] -- Found Protobuf: /usr/lib/x86_64-linux-gnu/libprotobuf.so;-pthread;-pthread (found suitable version "3.0.0", minimum required is "2.3.0") 
[0.688s] -- Config-file not installed for ZeroMQ -- checking for pkg-config
[0.692s] -- Checking for module 'libzmq >= 4'
[0.707s] --   Found libzmq , version 4.2.5
[0.751s] -- Checking for module 'uuid'
[0.765s] --   Found uuid, version 2.31.1
[0.811s] -- Checking for module 'tinyxml2'
[0.826s] --   Found tinyxml2, version 6.0.0
[0.865s] -- Looking for dlfcn.h - found
[0.865s] -- Looking for libdl - found
[0.867s] -- FreeImage.pc not found, we will search for FreeImage_INCLUDE_DIRS and FreeImage_LIBRARIES
[0.972s] -- Checking for module 'gts'
[0.988s] --   Found gts, version 0.7.6
[1.033s] -- Checking for module 'libswscale'
[1.047s] --   Found libswscale, version 4.8.100
[1.091s] -- Checking for module 'libavdevice >= 56.4.100'
[1.107s] --   Found libavdevice , version 57.10.100
[1.162s] -- Checking for module 'libavformat'
[1.177s] --   Found libavformat, version 57.83.100
[1.227s] -- Checking for module 'libavcodec'
[1.242s] --   Found libavcodec, version 57.107.100
[1.287s] -- Checking for module 'libavutil'
[1.301s] --   Found libavutil, version 55.78.100
[1.348s] -- Checking for module 'jsoncpp'
[1.365s] --   Found jsoncpp, version 1.7.4
[1.411s] -- Checking for module 'libzip'
[1.427s] --   Found libzip, version 1.1.2
[1.466s] -- Gazebo version: 9.19
[1.467s] -- Found gazebo_msgs: 3.3.5 (/home/iju/S08P31C208/ROS/robot_ws/src/install/gazebo_msgs/share/gazebo_msgs/cmake)
[1.477s] -- Found rosidl_adapter: 0.7.10 (/opt/ros/dashing/share/rosidl_adapter/cmake)
[1.538s] -- Found gazebo_ros: 3.3.5 (/home/iju/S08P31C208/ROS/robot_ws/src/install/gazebo_ros/share/gazebo_ros/cmake)
[1.549s] -- Found rmw_implementation_cmake: 0.7.2 (/opt/ros/dashing/share/rmw_implementation_cmake/cmake)
[1.552s] -- Using RMW implementation 'rmw_fastrtps_cpp' as default
[1.588s] -- Found image_transport: 2.1.1 (/opt/ros/dashing/share/image_transport/cmake)
[1.618s] -- Found tinyxml2_vendor:  (/opt/ros/dashing/share/tinyxml2_vendor/cmake)
[1.631s] -- Found poco_vendor:  (/opt/ros/dashing/share/poco_vendor/cmake)
[1.639s] -- Found cv_bridge: 2.1.4 (/home/iju/S08P31C208/ROS/robot_ws/src/install/cv_bridge/share/cv_bridge/cmake)
[1.655s] -- Found nav_msgs: 0.7.1 (/opt/ros/dashing/share/nav_msgs/cmake)
[1.666s] -- Found std_srvs: 0.7.1 (/opt/ros/dashing/share/std_srvs/cmake)
[1.670s] -- Found tf2: 0.11.6 (/opt/ros/dashing/share/tf2/cmake)
[1.672s] -- Found tf2_geometry_msgs: 0.11.6 (/opt/ros/dashing/share/tf2_geometry_msgs/cmake)
[1.675s] -- Found eigen3_cmake_module: 0.1.1 (/opt/ros/dashing/share/eigen3_cmake_module/cmake)
[3.587s] -- Found ament_cmake_gtest: 0.7.6 (/opt/ros/dashing/share/ament_cmake_gtest/cmake)
[3.606s] -- Found gtest sources under '/opt/ros/dashing/src/gtest_vendor': C++ tests using 'Google Test' will be built
[9.732s] -- Found ament_lint_auto: 0.7.12 (/opt/ros/dashing/share/ament_lint_auto/cmake)
[9.849s] -- Added test 'copyright' to check for copyright in CMake / C / C++ / Python code
[9.853s] -- Added test 'cppcheck' to perform static code analysis on C / C++ code
[9.869s] -- Configured cppcheck include dirs: /home/iju/S08P31C208/ROS/robot_ws/src/gazebo_ros_pkgs/gazebo_plugins/include
[9.873s] -- Added test 'cpplint' to check C / C++ code against the Google style
[9.876s] -- Added test 'lint_cmake' to check CMake code style
[9.881s] -- Added test 'uncrustify' to check C / C++ code style
[9.882s] -- Added test 'xmllint' to check XML markup files
[9.892s] -- Configuring done
[11.487s] -- Generating done
[11.496s] -- Build files have been written to: /home/iju/S08P31C208/ROS/robot_ws/src/build/gazebo_plugins
[11.543s] [35m[1mScanning dependencies of target gazebo_ros_joint_pose_trajectory[0m
[11.543s] [35m[1mScanning dependencies of target gazebo_ros_projector[0m
[11.544s] [35m[1mScanning dependencies of target gazebo_ros_ackermann_drive[0m
[11.545s] [35m[1mScanning dependencies of target gazebo_ros_planar_move[0m
[11.636s] [  1%] [32mBuilding CXX object CMakeFiles/gazebo_ros_projector.dir/src/gazebo_ros_projector.cpp.o[0m
[11.640s] [  2%] [32mBuilding CXX object CMakeFiles/gazebo_ros_planar_move.dir/src/gazebo_ros_planar_move.cpp.o[0m
[11.642s] [  3%] [32mBuilding CXX object CMakeFiles/gazebo_ros_ackermann_drive.dir/src/gazebo_ros_ackermann_drive.cpp.o[0m
[11.647s] [  4%] [32mBuilding CXX object CMakeFiles/gazebo_ros_joint_pose_trajectory.dir/src/gazebo_ros_joint_pose_trajectory.cpp.o[0m
[12.668s] [35m[1mScanning dependencies of target gazebo_ros_vacuum_gripper[0m
[12.697s] [35m[1mScanning dependencies of target gazebo_ros_bumper[0m
[12.919s] [  5%] [32mBuilding CXX object CMakeFiles/gazebo_ros_vacuum_gripper.dir/src/gazebo_ros_vacuum_gripper.cpp.o[0m
[12.938s] [  6%] [32mBuilding CXX object CMakeFiles/gazebo_ros_bumper.dir/src/gazebo_ros_bumper.cpp.o[0m
[22.095s] [  7%] [32m[1mLinking CXX shared library libgazebo_ros_joint_pose_trajectory.so[0m
[22.768s] [  7%] Built target gazebo_ros_joint_pose_trajectory
[22.848s] [35m[1mScanning dependencies of target gazebo_ros_force[0m
[22.987s] [  9%] [32m[1mLinking CXX shared library libgazebo_ros_projector.so[0m
[23.002s] [ 10%] [32mBuilding CXX object CMakeFiles/gazebo_ros_force.dir/src/gazebo_ros_force.cpp.o[0m
[23.868s] [ 10%] Built target gazebo_ros_projector
[23.932s] [35m[1mScanning dependencies of target gazebo_ros_hand_of_god[0m
[24.075s] [ 11%] [32mBuilding CXX object CMakeFiles/gazebo_ros_hand_of_god.dir/src/gazebo_ros_hand_of_god.cpp.o[0m
[24.574s] [ 12%] [32m[1mLinking CXX shared library libgazebo_ros_planar_move.so[0m
[25.067s] [ 13%] [32m[1mLinking CXX shared library libgazebo_ros_vacuum_gripper.so[0m
[25.556s] [ 13%] Built target gazebo_ros_planar_move
[25.613s] [35m[1mScanning dependencies of target gazebo_ros_diff_drive[0m
[25.645s] [ 14%] [32m[1mLinking CXX shared library libgazebo_ros_bumper.so[0m
[25.731s] [ 15%] [32mBuilding CXX object CMakeFiles/gazebo_ros_diff_drive.dir/src/gazebo_ros_diff_drive.cpp.o[0m
[25.891s] [ 15%] Built target gazebo_ros_vacuum_gripper
[25.974s] [35m[1mScanning dependencies of target gazebo_ros_template[0m
[26.146s] [ 17%] [32mBuilding CXX object CMakeFiles/gazebo_ros_template.dir/src/gazebo_ros_template.cpp.o[0m
[26.290s] [ 18%] [32m[1mLinking CXX shared library libgazebo_ros_ackermann_drive.so[0m
[26.571s] [ 18%] Built target gazebo_ros_bumper
[26.648s] [35m[1mScanning dependencies of target gazebo_ros_logical_camera[0m
[26.811s] [ 19%] [32mBuilding CXX object CMakeFiles/gazebo_ros_logical_camera.dir/src/gazebo_ros_logical_camera.cpp.o[0m
[27.168s] [ 19%] Built target gazebo_ros_ackermann_drive
[27.247s] [35m[1mScanning dependencies of target gazebo_ros_joint_state_publisher[0m
[27.434s] [ 20%] [32mBuilding CXX object CMakeFiles/gazebo_ros_joint_state_publisher.dir/src/gazebo_ros_joint_state_publisher.cpp.o[0m
[34.276s] [ 21%] [32m[1mLinking CXX shared library libgazebo_ros_force.so[0m
[35.174s] [ 21%] Built target gazebo_ros_force
[35.238s] [35m[1mScanning dependencies of target multi_camera_plugin[0m
[35.313s] [ 22%] [32m[1mLinking CXX shared library libgazebo_ros_template.so[0m
[35.357s] [ 23%] [32mBuilding CXX object CMakeFiles/multi_camera_plugin.dir/src/multi_camera_plugin.cpp.o[0m
[35.798s] [ 23%] Built target gazebo_ros_template
[35.872s] [35m[1mScanning dependencies of target gazebo_ros_ray_sensor[0m
[36.083s] [ 25%] [32mBuilding CXX object CMakeFiles/gazebo_ros_ray_sensor.dir/src/gazebo_ros_ray_sensor.cpp.o[0m
[36.801s] [ 26%] [32m[1mLinking CXX shared library libgazebo_ros_hand_of_god.so[0m
[37.168s] [ 27%] [32m[1mLinking CXX shared library libgazebo_ros_logical_camera.so[0m
[37.613s] [ 27%] Built target gazebo_ros_hand_of_god
[37.685s] [35m[1mScanning dependencies of target gazebo_ros_depth_camera[0m
[37.831s] [ 28%] [32mBuilding CXX object CMakeFiles/gazebo_ros_depth_camera.dir/src/gazebo_ros_depth_camera.cpp.o[0m
[37.894s] [ 28%] Built target gazebo_ros_logical_camera
[37.977s] [35m[1mScanning dependencies of target gazebo_ros_elevator[0m
[38.128s] [ 29%] [32mBuilding CXX object CMakeFiles/gazebo_ros_elevator.dir/src/gazebo_ros_elevator.cpp.o[0m
[38.703s] [ 30%] [32m[1mLinking CXX shared library libgazebo_ros_joint_state_publisher.so[0m
[39.491s] [ 30%] Built target gazebo_ros_joint_state_publisher
[39.831s] [ 31%] [32m[1mLinking CXX shared library libgazebo_ros_diff_drive.so[0m
[40.424s] [ 31%] Built target gazebo_ros_diff_drive
[45.200s] [ 32%] [32m[1mLinking CXX shared library libgazebo_ros_elevator.so[0m
[45.645s] [ 32%] Built target gazebo_ros_elevator
[48.453s] [ 34%] [32m[1mLinking CXX shared library libgazebo_ros_ray_sensor.so[0m
[48.681s] [35m[1mScanning dependencies of target gazebo_ros_gps_sensor[0m
[48.782s] [ 35%] [32mBuilding CXX object CMakeFiles/gazebo_ros_gps_sensor.dir/src/gazebo_ros_gps_sensor.cpp.o[0m
[49.176s] [ 35%] Built target gazebo_ros_ray_sensor
[49.211s] [35m[1mScanning dependencies of target gazebo_ros_video[0m
[49.318s] [ 36%] [32mBuilding CXX object CMakeFiles/gazebo_ros_video.dir/src/gazebo_ros_video.cpp.o[0m
[49.712s] [ 37%] [32m[1mLinking CXX shared library libmulti_camera_plugin.so[0m
[49.994s] [ 37%] Built target multi_camera_plugin
[51.022s] [35m[1mScanning dependencies of target gazebo_ros_harness[0m
[51.097s] [ 38%] [32mBuilding CXX object CMakeFiles/gazebo_ros_harness.dir/src/gazebo_ros_harness.cpp.o[0m
[53.128s] [35m[1mScanning dependencies of target gazebo_ros_p3d[0m
[53.288s] [ 39%] [32mBuilding CXX object CMakeFiles/gazebo_ros_p3d.dir/src/gazebo_ros_p3d.cpp.o[0m
[56.341s] [ 40%] [32m[1mLinking CXX shared library libgazebo_ros_gps_sensor.so[0m
[56.732s] [ 40%] Built target gazebo_ros_gps_sensor
[56.862s] [ 42%] [32m[1mLinking CXX shared library libgazebo_ros_depth_camera.so[0m
[57.587s] [ 42%] Built target gazebo_ros_depth_camera
[59.618s] [35m[1mScanning dependencies of target gazebo_ros_tricycle_drive[0m
[59.723s] [ 43%] [32mBuilding CXX object CMakeFiles/gazebo_ros_tricycle_drive.dir/src/gazebo_ros_tricycle_drive.cpp.o[0m
[60.474s] [ 44%] [32m[1mLinking CXX shared library libgazebo_ros_harness.so[0m
[60.954s] [ 44%] Built target gazebo_ros_harness
[61.995s] [ 46%] Built target gtest
[62.031s] [35m[1mScanning dependencies of target gazebo_ros_ft_sensor[0m
[62.126s] [ 47%] [32mBuilding CXX object CMakeFiles/gazebo_ros_ft_sensor.dir/src/gazebo_ros_ft_sensor.cpp.o[0m
[63.414s] [ 48%] [32m[1mLinking CXX shared library libgazebo_ros_p3d.so[0m
[63.951s] [ 48%] Built target gazebo_ros_p3d
[64.001s] [ 51%] Built target gtest_main
[64.029s] [35m[1mScanning dependencies of target gazebo_ros_multi_camera[0m
[64.122s] [ 52%] [32mBuilding CXX object CMakeFiles/gazebo_ros_multi_camera.dir/src/gazebo_ros_multi_camera.cpp.o[0m
[66.153s] [35m[1mScanning dependencies of target test_gazebo_ros_vacuum_gripper[0m
[66.292s] [ 53%] [32mBuilding CXX object test/CMakeFiles/test_gazebo_ros_vacuum_gripper.dir/test_gazebo_ros_vacuum_gripper.cpp.o[0m
[68.340s] [35m[1mScanning dependencies of target gazebo_ros_imu_sensor[0m
[68.531s] [ 54%] [32mBuilding CXX object CMakeFiles/gazebo_ros_imu_sensor.dir/src/gazebo_ros_imu_sensor.cpp.o[0m
[68.767s] [ 55%] [32m[1mLinking CXX shared library libgazebo_ros_video.so[0m
[69.720s] [ 55%] Built target gazebo_ros_video
[70.844s] [ 56%] [32m[1mLinking CXX shared library libgazebo_ros_ft_sensor.so[0m
[71.280s] [ 56%] Built target gazebo_ros_ft_sensor
[71.944s] [ 57%] [32m[1mLinking CXX shared library libgazebo_ros_tricycle_drive.so[0m
[72.617s] [ 57%] Built target gazebo_ros_tricycle_drive
[77.808s] [ 59%] [32m[1mLinking CXX shared library libgazebo_ros_imu_sensor.so[0m
[78.172s] [ 59%] Built target gazebo_ros_imu_sensor
[79.206s] [35m[1mScanning dependencies of target test_gazebo_ros_diff_drive[0m
[79.303s] [ 60%] [32mBuilding CXX object test/CMakeFiles/test_gazebo_ros_diff_drive.dir/test_gazebo_ros_diff_drive.cpp.o[0m
[81.305s] [35m[1mScanning dependencies of target test_gazebo_ros_elevator[0m
[81.403s] [ 61%] [32mBuilding CXX object test/CMakeFiles/test_gazebo_ros_elevator.dir/test_gazebo_ros_elevator.cpp.o[0m
[82.423s] [35m[1mScanning dependencies of target test_gazebo_ros_ft_sensor[0m
[82.561s] [ 62%] [32mBuilding CXX object test/CMakeFiles/test_gazebo_ros_ft_sensor.dir/test_gazebo_ros_ft_sensor.cpp.o[0m
[82.656s] [ 63%] [32m[1mLinking CXX shared library libgazebo_ros_multi_camera.so[0m
[83.671s] [ 63%] Built target gazebo_ros_multi_camera
[83.831s] [ 64%] [32m[1mLinking CXX executable test_gazebo_ros_vacuum_gripper[0m
[84.731s] [35m[1mScanning dependencies of target test_gazebo_ros_ackermann_drive[0m
[84.885s] [ 65%] [32mBuilding CXX object test/CMakeFiles/test_gazebo_ros_ackermann_drive.dir/test_gazebo_ros_ackermann_drive.cpp.o[0m
[86.003s] [ 65%] Built target test_gazebo_ros_vacuum_gripper
[87.049s] [35m[1mScanning dependencies of target test_gazebo_ros_hand_of_god[0m
[87.197s] [ 67%] [32mBuilding CXX object test/CMakeFiles/test_gazebo_ros_hand_of_god.dir/test_gazebo_ros_hand_of_god.cpp.o[0m
[99.406s] [ 68%] [32m[1mLinking CXX executable test_gazebo_ros_diff_drive[0m
[101.357s] [ 69%] [32m[1mLinking CXX executable test_gazebo_ros_elevator[0m
[101.867s] [ 69%] Built target test_gazebo_ros_diff_drive
[103.073s] [ 70%] [32m[1mLinking CXX executable test_gazebo_ros_ft_sensor[0m
[103.633s] [ 70%] Built target test_gazebo_ros_elevator
[104.663s] [35m[1mScanning dependencies of target test_gazebo_ros_harness[0m
[104.773s] [ 71%] [32mBuilding CXX object test/CMakeFiles/test_gazebo_ros_harness.dir/test_gazebo_ros_harness.cpp.o[0m
[105.064s] [ 71%] Built target test_gazebo_ros_ft_sensor
[105.101s] [35m[1mScanning dependencies of target test_gazebo_ros_joint_pose_trajectory[0m
[105.210s] [ 72%] [32mBuilding CXX object test/CMakeFiles/test_gazebo_ros_joint_pose_trajectory.dir/test_gazebo_ros_joint_pose_trajectory.cpp.o[0m
[105.984s] [ 73%] [32m[1mLinking CXX executable test_gazebo_ros_ackermann_drive[0m
[107.220s] [35m[1mScanning dependencies of target test_gazebo_ros_imu_sensor[0m
[107.355s] [ 75%] [32mBuilding CXX object test/CMakeFiles/test_gazebo_ros_imu_sensor.dir/test_gazebo_ros_imu_sensor.cpp.o[0m
[107.740s] [ 76%] [32m[1mLinking CXX executable test_gazebo_ros_hand_of_god[0m
[108.192s] [ 76%] Built target test_gazebo_ros_ackermann_drive
[109.232s] [35m[1mScanning dependencies of target test_gazebo_ros_gps_sensor[0m
[109.379s] [ 77%] [32mBuilding CXX object test/CMakeFiles/test_gazebo_ros_gps_sensor.dir/test_gazebo_ros_gps_sensor.cpp.o[0m
[109.798s] [ 77%] Built target test_gazebo_ros_hand_of_god
[110.837s] [35m[1mScanning dependencies of target test_gazebo_ros_planar_move[0m
[110.989s] [ 78%] [32mBuilding CXX object test/CMakeFiles/test_gazebo_ros_planar_move.dir/test_gazebo_ros_planar_move.cpp.o[0m
[113.006s] [35m[1mScanning dependencies of target test_gazebo_ros_force[0m
[113.178s] [ 79%] [32mBuilding CXX object test/CMakeFiles/test_gazebo_ros_force.dir/test_gazebo_ros_force.cpp.o[0m
[130.104s] [ 80%] [32m[1mLinking CXX executable test_gazebo_ros_joint_pose_trajectory[0m
[130.115s] [ 81%] [32m[1mLinking CXX executable test_gazebo_ros_harness[0m
[134.262s] [ 81%] Built target test_gazebo_ros_harness
[134.278s] [ 82%] [32m[1mLinking CXX executable test_gazebo_ros_imu_sensor[0m
[134.279s] [ 82%] Built target test_gazebo_ros_joint_pose_trajectory
[136.523s] [ 84%] [32m[1mLinking CXX executable test_gazebo_ros_gps_sensor[0m
[136.813s] [ 84%] Built target test_gazebo_ros_imu_sensor
[139.160s] [ 84%] Built target test_gazebo_ros_gps_sensor
[140.430s] [ 85%] [32m[1mLinking CXX executable test_gazebo_ros_planar_move[0m
[141.026s] [ 86%] [32m[1mLinking CXX executable test_gazebo_ros_force[0m
[143.354s] [ 86%] Built target test_gazebo_ros_planar_move
[143.550s] [ 86%] Built target test_gazebo_ros_force
[143.583s] [35m[1mScanning dependencies of target test_gazebo_ros_tricycle_drive[0m
[143.692s] [ 87%] [32mBuilding CXX object test/CMakeFiles/test_gazebo_ros_tricycle_drive.dir/test_gazebo_ros_tricycle_drive.cpp.o[0m
[162.152s] [ 88%] [32m[1mLinking CXX executable test_gazebo_ros_tricycle_drive[0m
[164.038s] [ 88%] Built target test_gazebo_ros_tricycle_drive
[164.074s] [35m[1mScanning dependencies of target test_gazebo_ros_joint_state_publisher[0m
[164.074s] [35m[1mScanning dependencies of target test_gazebo_ros_p3d[0m
[164.077s] [35m[1mScanning dependencies of target test_gazebo_ros_ray_sensor[0m
[164.078s] [35m[1mScanning dependencies of target gazebo_ros_camera[0m
[164.078s] [35m[1mScanning dependencies of target test_gazebo_ros_bumper[0m
[164.200s] [ 89%] [32mBuilding CXX object test/CMakeFiles/test_gazebo_ros_joint_state_publisher.dir/test_gazebo_ros_joint_state_publisher.cpp.o[0m
[164.200s] [ 90%] [32mBuilding CXX object CMakeFiles/gazebo_ros_camera.dir/src/gazebo_ros_camera.cpp.o[0m
[164.208s] [ 92%] [32mBuilding CXX object test/CMakeFiles/test_gazebo_ros_p3d.dir/test_gazebo_ros_p3d.cpp.o[0m
[164.219s] [ 93%] [32mBuilding CXX object test/CMakeFiles/test_gazebo_ros_ray_sensor.dir/test_gazebo_ros_ray_sensor.cpp.o[0m
[164.230s] [ 94%] [32mBuilding CXX object test/CMakeFiles/test_gazebo_ros_bumper.dir/test_gazebo_ros_bumper.cpp.o[0m
[187.185s] [ 95%] [32m[1mLinking CXX shared library libgazebo_ros_camera.so[0m
[187.770s] [ 96%] [32m[1mLinking CXX executable test_gazebo_ros_bumper[0m
[188.330s] [ 97%] [32m[1mLinking CXX executable test_gazebo_ros_p3d[0m
[188.399s] [ 97%] Built target gazebo_ros_camera
[188.433s] [ 98%] [32m[1mLinking CXX executable test_gazebo_ros_joint_state_publisher[0m
[190.491s] [ 98%] Built target test_gazebo_ros_bumper
[190.751s] [ 98%] Built target test_gazebo_ros_p3d
[190.787s] [ 98%] Built target test_gazebo_ros_joint_state_publisher
[191.223s] [100%] [32m[1mLinking CXX executable test_gazebo_ros_ray_sensor[0m
[192.885s] [100%] Built target test_gazebo_ros_ray_sensor
[192.904s] Invoked command in '/home/iju/S08P31C208/ROS/robot_ws/src/build/gazebo_plugins' returned '0': AMENT_PREFIX_PATH=/home/iju/S08P31C208/ROS/robot_ws/src/install/gazebo_ros:/home/iju/S08P31C208/ROS/robot_ws/src/install/gazebo_msgs:/home/iju/S08P31C208/ROS/robot_ws/src/install/gazebo_dev:${AMENT_PREFIX_PATH} CMAKE_PREFIX_PATH=/home/iju/S08P31C208/ROS/robot_ws/src/install/gazebo_ros:/home/iju/S08P31C208/ROS/robot_ws/src/install/gazebo_msgs:/home/iju/S08P31C208/ROS/robot_ws/src/install/gazebo_dev:/home/iju/S08P31C208/ROS/robot_ws/install/vision_opencv:/home/iju/S08P31C208/ROS/robot_ws/install/turtlebot3_simulations:/home/iju/S08P31C208/ROS/robot_ws/install/turtlebot3_gazebo:/home/iju/S08P31C208/ROS/robot_ws/install/turtlebot3:/home/iju/S08P31C208/ROS/robot_ws/install/turtlebot3_bringup:/home/iju/S08P31C208/ROS/robot_ws/install/turtlebot3_node:/home/iju/S08P31C208/ROS/robot_ws/install/turtlebot3_navigation2:/home/iju/S08P31C208/ROS/robot_ws/install/turtlebot3_fake_node:/home/iju/S08P31C208/ROS/robot_ws/install/turtlebot3_msgs:/home/iju/S08P31C208/ROS/robot_ws/install/turtlebot3_description:/home/iju/S08P31C208/ROS/robot_ws/install/turtlebot3_cartographer:/home/iju/S08P31C208/ROS/robot_ws/install/image_geometry:/home/iju/S08P31C208/ROS/robot_ws/install/gazebo_ros_pkgs:/home/iju/S08P31C208/ROS/robot_ws/install/turtlebot3_teleop:/home/iju/S08P31C208/ROS/robot_ws/install/turtlebot3_example:/home/iju/S08P31C208/ROS/robot_ws/install/opencv_tests:/opt/ros/dashing:/home/iju/S08P31C208/ROS/robot_ws/install/aws_robomaker_hospital_world:/home/iju/S08P31C208/ROS/robot_ws/install/gazebo_plugins:/home/iju/S08P31C208/ROS/robot_ws/install/gazebo_ros:/home/iju/S08P31C208/ROS/robot_ws/install/gazebo_msgs:/home/iju/S08P31C208/ROS/robot_ws/install/gazebo_dev:/home/iju/S08P31C208/ROS/robot_ws/install/dynamixel_sdk_examples:/home/iju/S08P31C208/ROS/robot_ws/install/dynamixel_sdk_custom_interfaces:/home/iju/S08P31C208/ROS/robot_ws/install/dynamixel_sdk:/home/iju/S08P31C208/ROS/robot_ws/install/cv_bridge LD_LIBRARY_PATH=/home/iju/S08P31C208/ROS/robot_ws/src/install/gazebo_ros/lib:/home/iju/S08P31C208/ROS/robot_ws/src/install/gazebo_msgs/lib:${LD_LIBRARY_PATH} PS1=\u@\h \[\033[32m\]\w\[\033[33m\]$(parse_git_branch)\[\033[00m\] $ PYTHONPATH=/home/iju/S08P31C208/ROS/robot_ws/src/install/gazebo_ros/lib/python3.6/site-packages:/home/iju/S08P31C208/ROS/robot_ws/src/install/gazebo_msgs/lib/python3.6/site-packages:${PYTHONPATH} /usr/bin/cmake --build /home/iju/S08P31C208/ROS/robot_ws/src/build/gazebo_plugins -- -j6 -l6
[193.044s] Invoking command in '/home/iju/S08P31C208/ROS/robot_ws/src/build/gazebo_plugins': AMENT_PREFIX_PATH=/home/iju/S08P31C208/ROS/robot_ws/src/install/gazebo_ros:/home/iju/S08P31C208/ROS/robot_ws/src/install/gazebo_msgs:/home/iju/S08P31C208/ROS/robot_ws/src/install/gazebo_dev:${AMENT_PREFIX_PATH} CMAKE_PREFIX_PATH=/home/iju/S08P31C208/ROS/robot_ws/src/install/gazebo_ros:/home/iju/S08P31C208/ROS/robot_ws/src/install/gazebo_msgs:/home/iju/S08P31C208/ROS/robot_ws/src/install/gazebo_dev:/home/iju/S08P31C208/ROS/robot_ws/install/vision_opencv:/home/iju/S08P31C208/ROS/robot_ws/install/turtlebot3_simulations:/home/iju/S08P31C208/ROS/robot_ws/install/turtlebot3_gazebo:/home/iju/S08P31C208/ROS/robot_ws/install/turtlebot3:/home/iju/S08P31C208/ROS/robot_ws/install/turtlebot3_bringup:/home/iju/S08P31C208/ROS/robot_ws/install/turtlebot3_node:/home/iju/S08P31C208/ROS/robot_ws/install/turtlebot3_navigation2:/home/iju/S08P31C208/ROS/robot_ws/install/turtlebot3_fake_node:/home/iju/S08P31C208/ROS/robot_ws/install/turtlebot3_msgs:/home/iju/S08P31C208/ROS/robot_ws/install/turtlebot3_description:/home/iju/S08P31C208/ROS/robot_ws/install/turtlebot3_cartographer:/home/iju/S08P31C208/ROS/robot_ws/install/image_geometry:/home/iju/S08P31C208/ROS/robot_ws/install/gazebo_ros_pkgs:/home/iju/S08P31C208/ROS/robot_ws/install/turtlebot3_teleop:/home/iju/S08P31C208/ROS/robot_ws/install/turtlebot3_example:/home/iju/S08P31C208/ROS/robot_ws/install/opencv_tests:/opt/ros/dashing:/home/iju/S08P31C208/ROS/robot_ws/install/aws_robomaker_hospital_world:/home/iju/S08P31C208/ROS/robot_ws/install/gazebo_plugins:/home/iju/S08P31C208/ROS/robot_ws/install/gazebo_ros:/home/iju/S08P31C208/ROS/robot_ws/install/gazebo_msgs:/home/iju/S08P31C208/ROS/robot_ws/install/gazebo_dev:/home/iju/S08P31C208/ROS/robot_ws/install/dynamixel_sdk_examples:/home/iju/S08P31C208/ROS/robot_ws/install/dynamixel_sdk_custom_interfaces:/home/iju/S08P31C208/ROS/robot_ws/install/dynamixel_sdk:/home/iju/S08P31C208/ROS/robot_ws/install/cv_bridge LD_LIBRARY_PATH=/home/iju/S08P31C208/ROS/robot_ws/src/install/gazebo_ros/lib:/home/iju/S08P31C208/ROS/robot_ws/src/install/gazebo_msgs/lib:${LD_LIBRARY_PATH} PS1=\u@\h \[\033[32m\]\w\[\033[33m\]$(parse_git_branch)\[\033[00m\] $ PYTHONPATH=/home/iju/S08P31C208/ROS/robot_ws/src/install/gazebo_ros/lib/python3.6/site-packages:/home/iju/S08P31C208/ROS/robot_ws/src/install/gazebo_msgs/lib/python3.6/site-packages:${PYTHONPATH} /usr/bin/cmake --build /home/iju/S08P31C208/ROS/robot_ws/src/build/gazebo_plugins --target install -- -j6 -l6
[193.216s] [  3%] Built target gazebo_ros_joint_pose_trajectory
[193.217s] [  4%] Built target gazebo_ros_projector
[193.217s] [  6%] Built target gazebo_ros_ackermann_drive
[193.227s] [  9%] Built target gazebo_ros_planar_move
[193.270s] [ 11%] Built target gazebo_ros_hand_of_god
[193.272s] [ 13%] Built target gazebo_ros_force
[193.273s] [ 15%] Built target gazebo_ros_vacuum_gripper
[193.283s] [ 18%] Built target gazebo_ros_diff_drive
[193.325s] [ 20%] Built target gazebo_ros_joint_state_publisher
[193.327s] [ 22%] Built target gazebo_ros_logical_camera
[193.336s] [ 25%] Built target multi_camera_plugin
[193.338s] [ 27%] Built target gazebo_ros_template
[193.382s] [ 29%] Built target gazebo_ros_depth_camera
[193.384s] [ 31%] Built target gazebo_ros_ray_sensor
[193.393s] [ 34%] Built target gazebo_ros_elevator
[193.395s] [ 36%] Built target gazebo_ros_imu_sensor
[193.441s] [ 38%] Built target gazebo_ros_bumper
[193.454s] [ 40%] Built target gazebo_ros_video
[193.462s] [ 43%] Built target gazebo_ros_multi_camera
[193.480s] [ 45%] Built target gazebo_ros_harness
[193.490s] [ 47%] Built target gazebo_ros_p3d
[193.492s] [ 50%] Built target gazebo_ros_gps_sensor
[193.501s] [ 52%] Built target gazebo_ros_ft_sensor
[193.510s] [ 54%] Built target gtest
[193.521s] [ 56%] Built target gazebo_ros_tricycle_drive
[193.524s] [ 59%] Built target gtest_main
[193.547s] [ 61%] Built target gazebo_ros_camera
[193.584s] [ 63%] Built target test_gazebo_ros_force
[193.591s] [ 65%] Built target test_gazebo_ros_vacuum_gripper
[193.616s] [ 68%] Built target test_gazebo_ros_diff_drive
[193.649s] [ 72%] Built target test_gazebo_ros_ackermann_drive
[193.650s] [ 72%] Built target test_gazebo_ros_hand_of_god
[193.680s] [ 75%] Built target test_gazebo_ros_joint_pose_trajectory
[193.702s] [ 77%] Built target test_gazebo_ros_elevator
[193.703s] [ 79%] Built target test_gazebo_ros_harness
[193.741s] [ 81%] Built target test_gazebo_ros_gps_sensor
[193.760s] [ 86%] Built target test_gazebo_ros_planar_move
[193.760s] [ 86%] Built target test_gazebo_ros_joint_state_publisher
[193.796s] [ 88%] Built target test_gazebo_ros_p3d
[193.818s] [ 90%] Built target test_gazebo_ros_bumper
[193.822s] [ 93%] Built target test_gazebo_ros_imu_sensor
[193.862s] [ 95%] Built target test_gazebo_ros_tricycle_drive
[193.874s] [ 97%] Built target test_gazebo_ros_ft_sensor
[193.881s] [100%] Built target test_gazebo_ros_ray_sensor
[193.906s] [36mInstall the project...[0m
[193.916s] -- Install configuration: ""
[193.917s] -- Execute custom install script
[193.919s] -- Up-to-date symlink: /home/iju/S08P31C208/ROS/robot_ws/src/install/gazebo_plugins/share/gazebo_plugins/environment/library_path.sh
[193.919s] -- Up-to-date symlink: /home/iju/S08P31C208/ROS/robot_ws/src/install/gazebo_plugins/share/gazebo_plugins/environment/gazebo_plugins.sh
[193.921s] -- Up-to-date symlink: /home/iju/S08P31C208/ROS/robot_ws/src/install/gazebo_plugins/share/ament_index/resource_index/package_run_dependencies/gazebo_plugins
[193.923s] -- Up-to-date symlink: /home/iju/S08P31C208/ROS/robot_ws/src/install/gazebo_plugins/share/ament_index/resource_index/parent_prefix_path/gazebo_plugins
[193.923s] -- Up-to-date symlink: /home/iju/S08P31C208/ROS/robot_ws/src/install/gazebo_plugins/share/gazebo_plugins/environment/ament_prefix_path.sh
[193.925s] -- Up-to-date symlink: /home/iju/S08P31C208/ROS/robot_ws/src/install/gazebo_plugins/share/gazebo_plugins/environment/path.sh
[193.925s] -- Up-to-date symlink: /home/iju/S08P31C208/ROS/robot_ws/src/install/gazebo_plugins/share/gazebo_plugins/local_setup.bash
[193.926s] -- Up-to-date symlink: /home/iju/S08P31C208/ROS/robot_ws/src/install/gazebo_plugins/share/gazebo_plugins/local_setup.sh
[193.926s] -- Up-to-date symlink: /home/iju/S08P31C208/ROS/robot_ws/src/install/gazebo_plugins/share/gazebo_plugins/local_setup.zsh
[193.928s] -- Up-to-date symlink: /home/iju/S08P31C208/ROS/robot_ws/src/install/gazebo_plugins/share/ament_index/resource_index/packages/gazebo_plugins
[193.929s] -- Up-to-date symlink: /home/iju/S08P31C208/ROS/robot_ws/src/install/gazebo_plugins/share/gazebo_plugins/cmake/ament_cmake_export_libraries-extras.cmake
[193.929s] -- Up-to-date symlink: /home/iju/S08P31C208/ROS/robot_ws/src/install/gazebo_plugins/share/gazebo_plugins/cmake/ament_cmake_export_include_directories-extras.cmake
[193.930s] -- Up-to-date symlink: /home/iju/S08P31C208/ROS/robot_ws/src/install/gazebo_plugins/share/gazebo_plugins/cmake/ament_cmake_export_dependencies-extras.cmake
[193.930s] -- Up-to-date symlink: /home/iju/S08P31C208/ROS/robot_ws/src/install/gazebo_plugins/share/gazebo_plugins/cmake/gazebo_pluginsConfig.cmake
[193.931s] -- Up-to-date symlink: /home/iju/S08P31C208/ROS/robot_ws/src/install/gazebo_plugins/share/gazebo_plugins/cmake/gazebo_pluginsConfig-version.cmake
[193.932s] -- Up-to-date symlink: /home/iju/S08P31C208/ROS/robot_ws/src/install/gazebo_plugins/share/gazebo_plugins/package.xml
[193.933s] -- Up-to-date symlink: /home/iju/S08P31C208/ROS/robot_ws/src/install/gazebo_plugins/include/gazebo_plugins/gazebo_ros_ackermann_drive.hpp
[193.934s] -- Up-to-date symlink: /home/iju/S08P31C208/ROS/robot_ws/src/install/gazebo_plugins/include/gazebo_plugins/gazebo_ros_bumper.hpp
[193.935s] -- Up-to-date symlink: /home/iju/S08P31C208/ROS/robot_ws/src/install/gazebo_plugins/include/gazebo_plugins/gazebo_ros_camera.hpp
[193.935s] -- Up-to-date symlink: /home/iju/S08P31C208/ROS/robot_ws/src/install/gazebo_plugins/include/gazebo_plugins/gazebo_ros_diff_drive.hpp
[193.936s] -- Up-to-date symlink: /home/iju/S08P31C208/ROS/robot_ws/src/install/gazebo_plugins/include/gazebo_plugins/gazebo_ros_elevator.hpp
[193.936s] -- Up-to-date symlink: /home/iju/S08P31C208/ROS/robot_ws/src/install/gazebo_plugins/include/gazebo_plugins/gazebo_ros_force.hpp
[193.937s] -- Up-to-date symlink: /home/iju/S08P31C208/ROS/robot_ws/src/install/gazebo_plugins/include/gazebo_plugins/gazebo_ros_ft_sensor.hpp
[193.937s] -- Up-to-date symlink: /home/iju/S08P31C208/ROS/robot_ws/src/install/gazebo_plugins/include/gazebo_plugins/gazebo_ros_gps_sensor.hpp
[193.938s] -- Up-to-date symlink: /home/iju/S08P31C208/ROS/robot_ws/src/install/gazebo_plugins/include/gazebo_plugins/gazebo_ros_hand_of_god.hpp
[193.938s] -- Up-to-date symlink: /home/iju/S08P31C208/ROS/robot_ws/src/install/gazebo_plugins/include/gazebo_plugins/gazebo_ros_harness.hpp
[193.939s] -- Up-to-date symlink: /home/iju/S08P31C208/ROS/robot_ws/src/install/gazebo_plugins/include/gazebo_plugins/gazebo_ros_imu_sensor.hpp
[193.939s] -- Up-to-date symlink: /home/iju/S08P31C208/ROS/robot_ws/src/install/gazebo_plugins/include/gazebo_plugins/gazebo_ros_joint_pose_trajectory.hpp
[193.940s] -- Up-to-date symlink: /home/iju/S08P31C208/ROS/robot_ws/src/install/gazebo_plugins/include/gazebo_plugins/gazebo_ros_joint_state_publisher.hpp
[193.940s] -- Up-to-date symlink: /home/iju/S08P31C208/ROS/robot_ws/src/install/gazebo_plugins/include/gazebo_plugins/gazebo_ros_logical_camera.hpp
[193.941s] -- Up-to-date symlink: /home/iju/S08P31C208/ROS/robot_ws/src/install/gazebo_plugins/include/gazebo_plugins/gazebo_ros_p3d.hpp
[193.941s] -- Up-to-date symlink: /home/iju/S08P31C208/ROS/robot_ws/src/install/gazebo_plugins/include/gazebo_plugins/gazebo_ros_planar_move.hpp
[193.942s] -- Up-to-date symlink: /home/iju/S08P31C208/ROS/robot_ws/src/install/gazebo_plugins/include/gazebo_plugins/gazebo_ros_projector.hpp
[193.942s] -- Up-to-date symlink: /home/iju/S08P31C208/ROS/robot_ws/src/install/gazebo_plugins/include/gazebo_plugins/gazebo_ros_ray_sensor.hpp
[193.943s] -- Up-to-date symlink: /home/iju/S08P31C208/ROS/robot_ws/src/install/gazebo_plugins/include/gazebo_plugins/gazebo_ros_template.hpp
[193.943s] -- Up-to-date symlink: /home/iju/S08P31C208/ROS/robot_ws/src/install/gazebo_plugins/include/gazebo_plugins/gazebo_ros_tricycle_drive.hpp
[193.943s] -- Up-to-date symlink: /home/iju/S08P31C208/ROS/robot_ws/src/install/gazebo_plugins/include/gazebo_plugins/gazebo_ros_vacuum_gripper.hpp
[193.944s] -- Up-to-date symlink: /home/iju/S08P31C208/ROS/robot_ws/src/install/gazebo_plugins/include/gazebo_plugins/gazebo_ros_video.hpp
[193.944s] -- Up-to-date symlink: /home/iju/S08P31C208/ROS/robot_ws/src/install/gazebo_plugins/include/gazebo_plugins/multi_camera_plugin.hpp
[193.946s] -- Up-to-date symlink: /home/iju/S08P31C208/ROS/robot_ws/src/install/gazebo_plugins/lib/libgazebo_ros_ackermann_drive.so
[193.946s] -- Up-to-date symlink: /home/iju/S08P31C208/ROS/robot_ws/src/install/gazebo_plugins/lib/libgazebo_ros_bumper.so
[193.947s] -- Up-to-date symlink: /home/iju/S08P31C208/ROS/robot_ws/src/install/gazebo_plugins/lib/libgazebo_ros_camera.so
[193.947s] -- Up-to-date symlink: /home/iju/S08P31C208/ROS/robot_ws/src/install/gazebo_plugins/lib/libgazebo_ros_depth_camera.so
[193.948s] -- Up-to-date symlink: /home/iju/S08P31C208/ROS/robot_ws/src/install/gazebo_plugins/lib/libgazebo_ros_diff_drive.so
[193.948s] -- Up-to-date symlink: /home/iju/S08P31C208/ROS/robot_ws/src/install/gazebo_plugins/lib/libgazebo_ros_elevator.so
[193.949s] -- Up-to-date symlink: /home/iju/S08P31C208/ROS/robot_ws/src/install/gazebo_plugins/lib/libgazebo_ros_force.so
[193.949s] -- Up-to-date symlink: /home/iju/S08P31C208/ROS/robot_ws/src/install/gazebo_plugins/lib/libgazebo_ros_ft_sensor.so
[193.950s] -- Up-to-date symlink: /home/iju/S08P31C208/ROS/robot_ws/src/install/gazebo_plugins/lib/libgazebo_ros_hand_of_god.so
[193.950s] -- Up-to-date symlink: /home/iju/S08P31C208/ROS/robot_ws/src/install/gazebo_plugins/lib/libgazebo_ros_harness.so
[193.951s] -- Up-to-date symlink: /home/iju/S08P31C208/ROS/robot_ws/src/install/gazebo_plugins/lib/libgazebo_ros_imu_sensor.so
[193.952s] -- Up-to-date symlink: /home/iju/S08P31C208/ROS/robot_ws/src/install/gazebo_plugins/lib/libgazebo_ros_gps_sensor.so
[193.952s] -- Up-to-date symlink: /home/iju/S08P31C208/ROS/robot_ws/src/install/gazebo_plugins/lib/libgazebo_ros_joint_pose_trajectory.so
[193.953s] -- Up-to-date symlink: /home/iju/S08P31C208/ROS/robot_ws/src/install/gazebo_plugins/lib/libgazebo_ros_joint_state_publisher.so
[193.953s] -- Up-to-date symlink: /home/iju/S08P31C208/ROS/robot_ws/src/install/gazebo_plugins/lib/libgazebo_ros_logical_camera.so
[193.954s] -- Up-to-date symlink: /home/iju/S08P31C208/ROS/robot_ws/src/install/gazebo_plugins/lib/libgazebo_ros_multi_camera.so
[193.955s] -- Up-to-date symlink: /home/iju/S08P31C208/ROS/robot_ws/src/install/gazebo_plugins/lib/libgazebo_ros_planar_move.so
[193.955s] -- Up-to-date symlink: /home/iju/S08P31C208/ROS/robot_ws/src/install/gazebo_plugins/lib/libgazebo_ros_projector.so
[193.956s] -- Up-to-date symlink: /home/iju/S08P31C208/ROS/robot_ws/src/install/gazebo_plugins/lib/libgazebo_ros_ray_sensor.so
[193.956s] -- Up-to-date symlink: /home/iju/S08P31C208/ROS/robot_ws/src/install/gazebo_plugins/lib/libgazebo_ros_p3d.so
[193.957s] -- Up-to-date symlink: /home/iju/S08P31C208/ROS/robot_ws/src/install/gazebo_plugins/lib/libgazebo_ros_template.so
[193.957s] -- Up-to-date symlink: /home/iju/S08P31C208/ROS/robot_ws/src/install/gazebo_plugins/lib/libgazebo_ros_tricycle_drive.so
[193.958s] -- Up-to-date symlink: /home/iju/S08P31C208/ROS/robot_ws/src/install/gazebo_plugins/lib/libgazebo_ros_vacuum_gripper.so
[193.958s] -- Up-to-date symlink: /home/iju/S08P31C208/ROS/robot_ws/src/install/gazebo_plugins/lib/libgazebo_ros_video.so
[193.959s] -- Up-to-date symlink: /home/iju/S08P31C208/ROS/robot_ws/src/install/gazebo_plugins/lib/libmulti_camera_plugin.so
[193.960s] -- Up-to-date symlink: /home/iju/S08P31C208/ROS/robot_ws/src/install/gazebo_plugins/share/gazebo_plugins//worlds/gazebo_ros_ackermann_drive_demo.world
[193.961s] -- Up-to-date symlink: /home/iju/S08P31C208/ROS/robot_ws/src/install/gazebo_plugins/share/gazebo_plugins//worlds/gazebo_ros_bumper_demo.world
[193.961s] -- Up-to-date symlink: /home/iju/S08P31C208/ROS/robot_ws/src/install/gazebo_plugins/share/gazebo_plugins//worlds/gazebo_ros_camera_demo.world
[193.961s] -- Up-to-date symlink: /home/iju/S08P31C208/ROS/robot_ws/src/install/gazebo_plugins/share/gazebo_plugins//worlds/gazebo_ros_camera_distortion_barrel_demo.world
[193.962s] -- Up-to-date symlink: /home/iju/S08P31C208/ROS/robot_ws/src/install/gazebo_plugins/share/gazebo_plugins//worlds/gazebo_ros_camera_distortion_pincushion_demo.world
[193.962s] -- Up-to-date symlink: /home/iju/S08P31C208/ROS/robot_ws/src/install/gazebo_plugins/share/gazebo_plugins//worlds/gazebo_ros_camera_triggered_demo.world
[193.963s] -- Up-to-date symlink: /home/iju/S08P31C208/ROS/robot_ws/src/install/gazebo_plugins/share/gazebo_plugins//worlds/gazebo_ros_depth_camera_demo.world
[193.963s] -- Up-to-date symlink: /home/iju/S08P31C208/ROS/robot_ws/src/install/gazebo_plugins/share/gazebo_plugins//worlds/gazebo_ros_diff_drive_demo.world
[193.964s] -- Up-to-date symlink: /home/iju/S08P31C208/ROS/robot_ws/src/install/gazebo_plugins/share/gazebo_plugins//worlds/gazebo_ros_elevator_demo.world
[193.964s] -- Up-to-date symlink: /home/iju/S08P31C208/ROS/robot_ws/src/install/gazebo_plugins/share/gazebo_plugins//worlds/gazebo_ros_force_demo.world
[193.965s] -- Up-to-date symlink: /home/iju/S08P31C208/ROS/robot_ws/src/install/gazebo_plugins/share/gazebo_plugins//worlds/gazebo_ros_ft_sensor_demo.world
[193.965s] -- Up-to-date symlink: /home/iju/S08P31C208/ROS/robot_ws/src/install/gazebo_plugins/share/gazebo_plugins//worlds/gazebo_ros_gps_sensor_demo.world
[193.966s] -- Up-to-date symlink: /home/iju/S08P31C208/ROS/robot_ws/src/install/gazebo_plugins/share/gazebo_plugins//worlds/gazebo_ros_hand_of_god_demo.world
[193.966s] -- Up-to-date symlink: /home/iju/S08P31C208/ROS/robot_ws/src/install/gazebo_plugins/share/gazebo_plugins//worlds/gazebo_ros_harness_demo.world
[193.966s] -- Up-to-date symlink: /home/iju/S08P31C208/ROS/robot_ws/src/install/gazebo_plugins/share/gazebo_plugins//worlds/gazebo_ros_joint_pose_trajectory_demo.world
[193.967s] -- Up-to-date symlink: /home/iju/S08P31C208/ROS/robot_ws/src/install/gazebo_plugins/share/gazebo_plugins//worlds/gazebo_ros_joint_state_publisher_demo.world
[193.967s] -- Up-to-date symlink: /home/iju/S08P31C208/ROS/robot_ws/src/install/gazebo_plugins/share/gazebo_plugins//worlds/gazebo_ros_logical_camera_demo.world
[193.969s] -- Up-to-date symlink: /home/iju/S08P31C208/ROS/robot_ws/src/install/gazebo_plugins/share/gazebo_plugins//worlds/gazebo_ros_multi_camera_demo.world
[193.971s] -- Up-to-date symlink: /home/iju/S08P31C208/ROS/robot_ws/src/install/gazebo_plugins/share/gazebo_plugins//worlds/gazebo_ros_p3d_demo.world
[193.971s] -- Up-to-date symlink: /home/iju/S08P31C208/ROS/robot_ws/src/install/gazebo_plugins/share/gazebo_plugins//worlds/gazebo_ros_planar_move_demo.world
[193.971s] -- Up-to-date symlink: /home/iju/S08P31C208/ROS/robot_ws/src/install/gazebo_plugins/share/gazebo_plugins//worlds/gazebo_ros_projector_demo.world
[193.972s] -- Up-to-date symlink: /home/iju/S08P31C208/ROS/robot_ws/src/install/gazebo_plugins/share/gazebo_plugins//worlds/gazebo_ros_ray_sensor_demo.world
[193.972s] -- Up-to-date symlink: /home/iju/S08P31C208/ROS/robot_ws/src/install/gazebo_plugins/share/gazebo_plugins//worlds/gazebo_ros_skid_steer_drive_demo.world
[193.973s] -- Up-to-date symlink: /home/iju/S08P31C208/ROS/robot_ws/src/install/gazebo_plugins/share/gazebo_plugins//worlds/gazebo_ros_template_demo.world
[193.973s] -- Up-to-date symlink: /home/iju/S08P31C208/ROS/robot_ws/src/install/gazebo_plugins/share/gazebo_plugins//worlds/gazebo_ros_tricycle_drive_demo.world
[193.974s] -- Up-to-date symlink: /home/iju/S08P31C208/ROS/robot_ws/src/install/gazebo_plugins/share/gazebo_plugins//worlds/gazebo_ros_vacuum_gripper_demo.world
[193.974s] -- Up-to-date symlink: /home/iju/S08P31C208/ROS/robot_ws/src/install/gazebo_plugins/share/gazebo_plugins//worlds/gazebo_ros_video_demo.world
[193.997s] Invoked command in '/home/iju/S08P31C208/ROS/robot_ws/src/build/gazebo_plugins' returned '0': AMENT_PREFIX_PATH=/home/iju/S08P31C208/ROS/robot_ws/src/install/gazebo_ros:/home/iju/S08P31C208/ROS/robot_ws/src/install/gazebo_msgs:/home/iju/S08P31C208/ROS/robot_ws/src/install/gazebo_dev:${AMENT_PREFIX_PATH} CMAKE_PREFIX_PATH=/home/iju/S08P31C208/ROS/robot_ws/src/install/gazebo_ros:/home/iju/S08P31C208/ROS/robot_ws/src/install/gazebo_msgs:/home/iju/S08P31C208/ROS/robot_ws/src/install/gazebo_dev:/home/iju/S08P31C208/ROS/robot_ws/install/vision_opencv:/home/iju/S08P31C208/ROS/robot_ws/install/turtlebot3_simulations:/home/iju/S08P31C208/ROS/robot_ws/install/turtlebot3_gazebo:/home/iju/S08P31C208/ROS/robot_ws/install/turtlebot3:/home/iju/S08P31C208/ROS/robot_ws/install/turtlebot3_bringup:/home/iju/S08P31C208/ROS/robot_ws/install/turtlebot3_node:/home/iju/S08P31C208/ROS/robot_ws/install/turtlebot3_navigation2:/home/iju/S08P31C208/ROS/robot_ws/install/turtlebot3_fake_node:/home/iju/S08P31C208/ROS/robot_ws/install/turtlebot3_msgs:/home/iju/S08P31C208/ROS/robot_ws/install/turtlebot3_description:/home/iju/S08P31C208/ROS/robot_ws/install/turtlebot3_cartographer:/home/iju/S08P31C208/ROS/robot_ws/install/image_geometry:/home/iju/S08P31C208/ROS/robot_ws/install/gazebo_ros_pkgs:/home/iju/S08P31C208/ROS/robot_ws/install/turtlebot3_teleop:/home/iju/S08P31C208/ROS/robot_ws/install/turtlebot3_example:/home/iju/S08P31C208/ROS/robot_ws/install/opencv_tests:/opt/ros/dashing:/home/iju/S08P31C208/ROS/robot_ws/install/aws_robomaker_hospital_world:/home/iju/S08P31C208/ROS/robot_ws/install/gazebo_plugins:/home/iju/S08P31C208/ROS/robot_ws/install/gazebo_ros:/home/iju/S08P31C208/ROS/robot_ws/install/gazebo_msgs:/home/iju/S08P31C208/ROS/robot_ws/install/gazebo_dev:/home/iju/S08P31C208/ROS/robot_ws/install/dynamixel_sdk_examples:/home/iju/S08P31C208/ROS/robot_ws/install/dynamixel_sdk_custom_interfaces:/home/iju/S08P31C208/ROS/robot_ws/install/dynamixel_sdk:/home/iju/S08P31C208/ROS/robot_ws/install/cv_bridge LD_LIBRARY_PATH=/home/iju/S08P31C208/ROS/robot_ws/src/install/gazebo_ros/lib:/home/iju/S08P31C208/ROS/robot_ws/src/install/gazebo_msgs/lib:${LD_LIBRARY_PATH} PS1=\u@\h \[\033[32m\]\w\[\033[33m\]$(parse_git_branch)\[\033[00m\] $ PYTHONPATH=/home/iju/S08P31C208/ROS/robot_ws/src/install/gazebo_ros/lib/python3.6/site-packages:/home/iju/S08P31C208/ROS/robot_ws/src/install/gazebo_msgs/lib/python3.6/site-packages:${PYTHONPATH} /usr/bin/cmake --build /home/iju/S08P31C208/ROS/robot_ws/src/build/gazebo_plugins --target install -- -j6 -l6
