[0.142s] Invoking command in '/home/moon/S08P31C208/ROS/buruemi_ws/build/turtlebot3_navigation2': CMAKE_PREFIX_PATH=${CMAKE_PREFIX_PATH}:/home/moon/S08P31C208/ROS/buruemi_ws/install/turtlebot3_teleop:/home/moon/S08P31C208/ROS/buruemi_ws/install/turtlebot3_example:/opt/ros/dashing /usr/bin/cmake /home/moon/S08P31C208/ROS/buruemi_ws/src/turtlebot3/turtlebot3_navigation2 -DAMENT_CMAKE_SYMLINK_INSTALL=1 -DCMAKE_INSTALL_PREFIX=/home/moon/S08P31C208/ROS/buruemi_ws/install/turtlebot3_navigation2
[0.638s] -- The C compiler identification is GNU 7.5.0
[0.970s] -- The CXX compiler identification is GNU 7.5.0
[1.002s] -- Check for working C compiler: /usr/bin/cc
[1.533s] -- Check for working C compiler: /usr/bin/cc -- works
[1.537s] -- Detecting C compiler ABI info
[2.120s] -- Detecting C compiler ABI info - done
[2.166s] -- Detecting C compile features
[4.190s] -- Detecting C compile features - done
[4.205s] -- Check for working CXX compiler: /usr/bin/c++
[9.843s] -- Check for working CXX compiler: /usr/bin/c++ -- works
[9.845s] -- Detecting CXX compiler ABI info
[12.041s] -- Detecting CXX compiler ABI info - done
[12.085s] -- Detecting CXX compile features
[16.318s] -- Detecting CXX compile features - done
[16.365s] -- Found ament_cmake: 0.7.6 (/opt/ros/dashing/share/ament_cmake/cmake)
[16.771s] -- Found PythonInterp: /usr/bin/python3 (found suitable version "3.6.9", minimum required is "3") 
[16.772s] -- Using PYTHON_EXECUTABLE: /usr/bin/python3
[20.199s] -- Override CMake install command with custom implementation using symlinks instead of copying resources
[21.691s] -- Configuring done
[21.725s] -- Generating done
[21.730s] -- Build files have been written to: /home/moon/S08P31C208/ROS/buruemi_ws/build/turtlebot3_navigation2
[21.764s] Invoked command in '/home/moon/S08P31C208/ROS/buruemi_ws/build/turtlebot3_navigation2' returned '0': CMAKE_PREFIX_PATH=${CMAKE_PREFIX_PATH}:/home/moon/S08P31C208/ROS/buruemi_ws/install/turtlebot3_teleop:/home/moon/S08P31C208/ROS/buruemi_ws/install/turtlebot3_example:/opt/ros/dashing /usr/bin/cmake /home/moon/S08P31C208/ROS/buruemi_ws/src/turtlebot3/turtlebot3_navigation2 -DAMENT_CMAKE_SYMLINK_INSTALL=1 -DCMAKE_INSTALL_PREFIX=/home/moon/S08P31C208/ROS/buruemi_ws/install/turtlebot3_navigation2
[21.769s] Invoking command in '/home/moon/S08P31C208/ROS/buruemi_ws/build/turtlebot3_navigation2': CMAKE_PREFIX_PATH=${CMAKE_PREFIX_PATH}:/home/moon/S08P31C208/ROS/buruemi_ws/install/turtlebot3_teleop:/home/moon/S08P31C208/ROS/buruemi_ws/install/turtlebot3_example:/opt/ros/dashing /usr/bin/cmake --build /home/moon/S08P31C208/ROS/buruemi_ws/build/turtlebot3_navigation2 -- -j4 -l4
[22.277s] Invoked command in '/home/moon/S08P31C208/ROS/buruemi_ws/build/turtlebot3_navigation2' returned '0': CMAKE_PREFIX_PATH=${CMAKE_PREFIX_PATH}:/home/moon/S08P31C208/ROS/buruemi_ws/install/turtlebot3_teleop:/home/moon/S08P31C208/ROS/buruemi_ws/install/turtlebot3_example:/opt/ros/dashing /usr/bin/cmake --build /home/moon/S08P31C208/ROS/buruemi_ws/build/turtlebot3_navigation2 -- -j4 -l4
[22.603s] Invoking command in '/home/moon/S08P31C208/ROS/buruemi_ws/build/turtlebot3_navigation2': CMAKE_PREFIX_PATH=${CMAKE_PREFIX_PATH}:/home/moon/S08P31C208/ROS/buruemi_ws/install/turtlebot3_teleop:/home/moon/S08P31C208/ROS/buruemi_ws/install/turtlebot3_example:/opt/ros/dashing /usr/bin/cmake --build /home/moon/S08P31C208/ROS/buruemi_ws/build/turtlebot3_navigation2 --target install -- -j4 -l4
[23.137s] [36mInstall the project...[0m
[23.213s] -- Install configuration: ""
[23.215s] -- Execute custom install script
[23.220s] -- Symlinking: /home/moon/S08P31C208/ROS/buruemi_ws/install/turtlebot3_navigation2/share/turtlebot3_navigation2/launch/navigation2.launch.py
[23.282s] -- Symlinking: /home/moon/S08P31C208/ROS/buruemi_ws/install/turtlebot3_navigation2/share/turtlebot3_navigation2/map/map.pgm
[23.354s] -- Symlinking: /home/moon/S08P31C208/ROS/buruemi_ws/install/turtlebot3_navigation2/share/turtlebot3_navigation2/map/map.yaml
[23.394s] -- Symlinking: /home/moon/S08P31C208/ROS/buruemi_ws/install/turtlebot3_navigation2/share/turtlebot3_navigation2/param/burger.yaml
[23.485s] -- Symlinking: /home/moon/S08P31C208/ROS/buruemi_ws/install/turtlebot3_navigation2/share/turtlebot3_navigation2/param/waffle.yaml
[23.592s] -- Symlinking: /home/moon/S08P31C208/ROS/buruemi_ws/install/turtlebot3_navigation2/share/turtlebot3_navigation2/param/waffle_pi.yaml
[23.694s] -- Symlinking: /home/moon/S08P31C208/ROS/buruemi_ws/install/turtlebot3_navigation2/share/turtlebot3_navigation2/rviz/tb3_navigation2.rviz
[23.796s] -- Symlinking: /home/moon/S08P31C208/ROS/buruemi_ws/install/turtlebot3_navigation2/share/ament_index/resource_index/package_run_dependencies/turtlebot3_navigation2
[23.897s] -- Symlinking: /home/moon/S08P31C208/ROS/buruemi_ws/install/turtlebot3_navigation2/share/ament_index/resource_index/parent_prefix_path/turtlebot3_navigation2
[23.959s] -- Symlinking: /home/moon/S08P31C208/ROS/buruemi_ws/install/turtlebot3_navigation2/share/turtlebot3_navigation2/environment/ament_prefix_path.sh
[24.023s] -- Symlinking: /home/moon/S08P31C208/ROS/buruemi_ws/install/turtlebot3_navigation2/share/turtlebot3_navigation2/environment/path.sh
[24.071s] -- Symlinking: /home/moon/S08P31C208/ROS/buruemi_ws/install/turtlebot3_navigation2/share/turtlebot3_navigation2/local_setup.bash
[24.167s] -- Symlinking: /home/moon/S08P31C208/ROS/buruemi_ws/install/turtlebot3_navigation2/share/turtlebot3_navigation2/local_setup.sh
[24.277s] -- Symlinking: /home/moon/S08P31C208/ROS/buruemi_ws/install/turtlebot3_navigation2/share/turtlebot3_navigation2/local_setup.zsh
[24.366s] -- Symlinking: /home/moon/S08P31C208/ROS/buruemi_ws/install/turtlebot3_navigation2/share/ament_index/resource_index/packages/turtlebot3_navigation2
[24.433s] -- Symlinking: /home/moon/S08P31C208/ROS/buruemi_ws/install/turtlebot3_navigation2/share/turtlebot3_navigation2/cmake/turtlebot3_navigation2Config.cmake
[24.504s] -- Symlinking: /home/moon/S08P31C208/ROS/buruemi_ws/install/turtlebot3_navigation2/share/turtlebot3_navigation2/cmake/turtlebot3_navigation2Config-version.cmake
[24.568s] -- Symlinking: /home/moon/S08P31C208/ROS/buruemi_ws/install/turtlebot3_navigation2/share/turtlebot3_navigation2/package.xml
[24.673s] Invoked command in '/home/moon/S08P31C208/ROS/buruemi_ws/build/turtlebot3_navigation2' returned '0': CMAKE_PREFIX_PATH=${CMAKE_PREFIX_PATH}:/home/moon/S08P31C208/ROS/buruemi_ws/install/turtlebot3_teleop:/home/moon/S08P31C208/ROS/buruemi_ws/install/turtlebot3_example:/opt/ros/dashing /usr/bin/cmake --build /home/moon/S08P31C208/ROS/buruemi_ws/build/turtlebot3_navigation2 --target install -- -j4 -l4
